1: startcast epic
1: 0.0 dps, 4000 hp, 4000 mana
2: 0.0 dps, 4000 hp, 4000 mana
3: 0.0 dps, 4000 hp, 4000 mana
4: 0.0 dps, 4000 hp, 4000 mana
5: 0.0 dps, 4000 hp, 4000 mana
6: 0.0 dps, 4000 hp, 4000 mana
7: 0.0 dps, 4000 hp, 4000 mana
8: 0.0 dps, 4000 hp, 4000 mana
9: 0.0 dps, 4000 hp, 4000 mana
10: finished casting epic
10: 0.0 dps, 4000 hp, 4000 mana
11: startcast ancientnife
11: 0.0 dps, 4000 hp, 4000 mana
12: epic tick
12: 7.5 dps, 4000 hp, 4000 mana
13: 7.0 dps, 4000 hp, 4000 mana
14: 6.5 dps, 4000 hp, 4000 mana
15: 6.0 dps, 4000 hp, 4000 mana
16: finished casting ancientnife
16: 5.7 dps, 4000 hp, 3638.75 mana
17: 5.3 dps, 4000 hp, 3638.75 mana
18: ancientnife tick
18: epic tick
18: 25.3 dps, 4000 hp, 3647.75 mana
19: startcast BloodOfSaryrn
19: 23.9 dps, 4000 hp, 3647.75 mana
20: 22.7 dps, 4000 hp, 3647.75 mana
21: 21.7 dps, 4000 hp, 3647.75 mana
22: 20.7 dps, 4000 hp, 3647.75 mana
23: 19.8 dps, 4000 hp, 3647.75 mana
24: ancientnife tick
24: epic tick
24: finished casting BloodOfSaryrn
24: 34.1 dps, 4000 hp, 3202 mana
25: 32.8 dps, 4000 hp, 3202 mana
26: 31.5 dps, 4000 hp, 3202 mana
27: startcast nife
27: 30.3 dps, 4000 hp, 3202 mana
28: 29.3 dps, 4000 hp, 3202 mana
29: 28.2 dps, 4000 hp, 3202 mana
30: BloodOfSaryrn tick
30: ancientnife tick
30: epic tick
30: 50.3 dps, 4000 hp, 3211 mana
31: 48.7 dps, 4000 hp, 3211 mana
32: finished casting nife
32: 47.1 dps, 4000 hp, 2849.75 mana
33: 45.7 dps, 4000 hp, 2849.75 mana
34: 44.4 dps, 4000 hp, 2849.75 mana
35: startcast BreathOfUltor
35: 43.1 dps, 4000 hp, 2849.75 mana
36: BloodOfSaryrn tick
36: nife tick
36: ancientnife tick
36: epic tick
36: 67.4 dps, 4000 hp, 2858.75 mana
37: 65.6 dps, 4000 hp, 2858.75 mana
38: 63.9 dps, 4000 hp, 2858.75 mana
39: 62.3 dps, 4000 hp, 2858.75 mana
40: 60.7 dps, 4000 hp, 2858.75 mana
41: finished casting BreathOfUltor
41: 59.2 dps, 4000 hp, 2391.25 mana
42: BloodOfSaryrn tick
42: nife tick
42: BreathOfUltor tick
42: ancientnife tick
42: epic tick
42: 82.8 dps, 4000 hp, 2400.25 mana
43: 80.9 dps, 4000 hp, 2400.25 mana
44: cann5 tick
44: finished casting cann5
44: startcast cann5
44: 79.1 dps, 2076 hp, 3466.25 mana
45: startcast cann4
45: 77.3 dps, 2076 hp, 3466.25 mana
46: 75.6 dps, 2076 hp, 3466.25 mana
47: 74.0 dps, 2076 hp, 3466.25 mana
48: BloodOfSaryrn tick
48: nife tick
48: BreathOfUltor tick
48: ancientnife tick
48: epic tick
48: cann4 tick
48: finished casting cann4
48: 94.4 dps, 1947 hp, 3557.25 mana
49: 92.4 dps, 1947 hp, 3557.25 mana
50: startcast torpor
50: 90.6 dps, 1947 hp, 3557.25 mana
51: 88.8 dps, 1947 hp, 3557.25 mana
52: 87.1 dps, 1947 hp, 3557.25 mana
53: 85.5 dps, 1947 hp, 3557.25 mana
54: BloodOfSaryrn tick
54: nife tick
54: BreathOfUltor tick
54: ancientnife tick
54: epic tick
54: finished casting torpor
54: 103.4 dps, 1966 hp, 3396.25 mana
55: 101.5 dps, 1966 hp, 3396.25 mana
56: 99.7 dps, 1966 hp, 3396.25 mana
57: startcast cann4
57: 97.9 dps, 1966 hp, 3396.25 mana
58: 96.2 dps, 1966 hp, 3396.25 mana
59: 94.6 dps, 1966 hp, 3396.25 mana
60: torpor tick
60: BloodOfSaryrn tick
60: nife tick
60: BreathOfUltor tick
60: ancientnife tick
60: epic tick
60: cann4 tick
60: finished casting cann4
60: 110.5 dps, 2137 hp, 3487.25 mana
61: 108.7 dps, 2137 hp, 3487.25 mana
62: startcast cann4
62: 107.0 dps, 2137 hp, 3487.25 mana
63: 105.3 dps, 2137 hp, 3487.25 mana
64: 103.6 dps, 2137 hp, 3487.25 mana
65: cann4 tick
65: finished casting cann4
65: 102.0 dps, 1989 hp, 3569.25 mana
66: torpor tick
66: BloodOfSaryrn tick
66: nife tick
66: BreathOfUltor tick
66: ancientnife tick
66: epic tick
66: 116.4 dps, 2308 hp, 3578.25 mana
67: startcast ancientnife
67: 114.7 dps, 2308 hp, 3578.25 mana
68: 113.0 dps, 2308 hp, 3578.25 mana
69: 111.3 dps, 2308 hp, 3578.25 mana
70: 109.8 dps, 2308 hp, 3578.25 mana
71: 108.2 dps, 2308 hp, 3578.25 mana
72: torpor tick
72: BloodOfSaryrn tick
72: nife tick
72: BreathOfUltor tick
72: epic tick
72: finished casting ancientnife
72: 117.5 dps, 2627 hp, 3226 mana
73: 115.9 dps, 2627 hp, 3226 mana
74: 114.3 dps, 2627 hp, 3226 mana
75: startcast cann4
75: 112.8 dps, 2627 hp, 3226 mana
76: 111.3 dps, 2627 hp, 3226 mana
77: 109.9 dps, 2627 hp, 3226 mana
78: torpor tick
78: BloodOfSaryrn tick
78: nife tick
78: BreathOfUltor tick
78: ancientnife tick
78: epic tick
78: cann4 tick
78: finished casting cann4
78: 121.9 dps, 2798 hp, 3317 mana
79: 120.4 dps, 2798 hp, 3317 mana
80: startcast BloodOfSaryrn
80: 118.9 dps, 2798 hp, 3317 mana
81: 117.4 dps, 2798 hp, 3317 mana
82: 116.0 dps, 2798 hp, 3317 mana
83: 114.6 dps, 2798 hp, 3317 mana
84: torpor tick
84: nife tick
84: BreathOfUltor tick
84: ancientnife tick
84: epic tick
84: 121.9 dps, 3117 hp, 3326 mana
85: finished casting BloodOfSaryrn
85: 120.4 dps, 3117 hp, 2871.25 mana
86: 119.0 dps, 3117 hp, 2871.25 mana
87: 117.7 dps, 3117 hp, 2871.25 mana
88: startcast nife
88: 116.3 dps, 3117 hp, 2871.25 mana
89: 115.0 dps, 3117 hp, 2871.25 mana
90: torpor tick
90: BloodOfSaryrn tick
90: BreathOfUltor tick
90: ancientnife tick
90: epic tick
90: 122.9 dps, 3436 hp, 2880.25 mana
91: 121.5 dps, 3436 hp, 2880.25 mana
92: 120.2 dps, 3436 hp, 2880.25 mana
93: finished casting nife
93: 118.9 dps, 3436 hp, 2519 mana
94: 117.6 dps, 3436 hp, 2519 mana
95: 116.4 dps, 3436 hp, 2519 mana
96: BloodOfSaryrn tick
96: nife tick
96: BreathOfUltor tick
96: ancientnife tick
96: startcast epic
96: 125.2 dps, 3455 hp, 2528 mana
97: 123.9 dps, 3455 hp, 2528 mana
98: 122.6 dps, 3455 hp, 2528 mana
99: 121.4 dps, 3455 hp, 2528 mana
100: 120.2 dps, 3455 hp, 2528 mana
101: 119.0 dps, 3455 hp, 2528 mana
102: BloodOfSaryrn tick
102: nife tick
102: BreathOfUltor tick
102: ancientnife tick
102: 127.2 dps, 3474 hp, 2537 mana
103: 126.0 dps, 3474 hp, 2537 mana
104: 124.8 dps, 3474 hp, 2537 mana
105: finished casting epic
105: 123.6 dps, 3474 hp, 2537 mana
106: startcast cann4
106: 122.4 dps, 3474 hp, 2537 mana
107: 121.3 dps, 3474 hp, 2537 mana
108: BloodOfSaryrn tick
108: nife tick
108: BreathOfUltor tick
108: ancientnife tick
108: epic tick
108: 129.9 dps, 3493 hp, 2546 mana
109: cann4 tick
109: finished casting cann4
109: 128.7 dps, 3345 hp, 2628 mana
110: 127.5 dps, 3345 hp, 2628 mana
111: startcast cann4
111: 126.4 dps, 3345 hp, 2628 mana
112: 125.3 dps, 3345 hp, 2628 mana
113: 124.1 dps, 3345 hp, 2628 mana
114: BloodOfSaryrn tick
114: nife tick
114: BreathOfUltor tick
114: ancientnife tick
114: epic tick
114: cann4 tick
114: finished casting cann4
114: 132.3 dps, 3216 hp, 2719 mana
115: 131.1 dps, 3216 hp, 2719 mana
116: startcast cann4
116: 130.0 dps, 3216 hp, 2719 mana
117: 128.9 dps, 3216 hp, 2719 mana
118: 127.8 dps, 3216 hp, 2719 mana
119: cann4 tick
119: finished casting cann4
119: 126.7 dps, 3068 hp, 2801 mana
120: BloodOfSaryrn tick
120: nife tick
120: BreathOfUltor tick
120: ancientnife tick
120: epic tick
120: 134.4 dps, 3087 hp, 2810 mana
121: startcast cann4
121: 133.3 dps, 3087 hp, 2810 mana
122: 132.2 dps, 3087 hp, 2810 mana
123: 131.1 dps, 3087 hp, 2810 mana
124: cann4 tick
124: finished casting cann4
124: 130.1 dps, 2939 hp, 2892 mana
125: 129.0 dps, 2939 hp, 2892 mana
126: BloodOfSaryrn tick
126: nife tick
126: BreathOfUltor tick
126: ancientnife tick
126: epic tick
126: startcast ancientnife
126: 136.4 dps, 2958 hp, 2901 mana
127: 135.3 dps, 2958 hp, 2901 mana
128: 134.2 dps, 2958 hp, 2901 mana
129: 133.2 dps, 2958 hp, 2901 mana
130: 132.2 dps, 2958 hp, 2901 mana
131: finished casting ancientnife
131: 131.2 dps, 2958 hp, 2539.75 mana
132: BloodOfSaryrn tick
132: nife tick
132: BreathOfUltor tick
132: ancientnife tick
132: epic tick
132: 138.1 dps, 2977 hp, 2548.75 mana
133: 137.1 dps, 2977 hp, 2548.75 mana
134: startcast cann4
134: 136.1 dps, 2977 hp, 2548.75 mana
135: 135.1 dps, 2977 hp, 2548.75 mana
136: 134.1 dps, 2977 hp, 2548.75 mana
137: cann4 tick
137: finished casting cann4
137: 133.1 dps, 2829 hp, 2630.75 mana
138: BloodOfSaryrn tick
138: nife tick
138: BreathOfUltor tick
138: ancientnife tick
138: epic tick
138: 139.7 dps, 2848 hp, 2639.75 mana
139: startcast BloodOfSaryrn
139: 138.7 dps, 2848 hp, 2639.75 mana
140: 137.7 dps, 2848 hp, 2639.75 mana
141: 136.8 dps, 2848 hp, 2639.75 mana
142: 135.8 dps, 2848 hp, 2639.75 mana
143: 134.8 dps, 2848 hp, 2639.75 mana
144: nife tick
144: BreathOfUltor tick
144: ancientnife tick
144: epic tick
144: finished casting BloodOfSaryrn
144: 139.0 dps, 2867 hp, 2194 mana
145: 138.0 dps, 2867 hp, 2194 mana
146: 137.0 dps, 2867 hp, 2194 mana
147: startcast nife
147: 136.1 dps, 2867 hp, 2194 mana
148: 135.2 dps, 2867 hp, 2194 mana
149: 134.3 dps, 2867 hp, 2194 mana
150: BloodOfSaryrn tick
150: BreathOfUltor tick
150: ancientnife tick
150: epic tick
150: 138.9 dps, 2886 hp, 2203 mana
151: 137.9 dps, 2886 hp, 2203 mana
152: finished casting nife
152: 137.0 dps, 2886 hp, 1841.75 mana
153: 136.1 dps, 2886 hp, 1841.75 mana
154: 135.3 dps, 2886 hp, 1841.75 mana
155: startcast cann4
155: 134.4 dps, 2886 hp, 1841.75 mana
156: BloodOfSaryrn tick
156: nife tick
156: BreathOfUltor tick
156: ancientnife tick
156: epic tick
156: 140.3 dps, 2905 hp, 1850.75 mana
157: 139.4 dps, 2905 hp, 1850.75 mana
158: cann4 tick
158: finished casting cann4
158: 138.5 dps, 2757 hp, 1932.75 mana
159: 137.6 dps, 2757 hp, 1932.75 mana
160: startcast cann4
160: 136.8 dps, 2757 hp, 1932.75 mana
161: 135.9 dps, 2757 hp, 1932.75 mana
162: BloodOfSaryrn tick
162: nife tick
162: BreathOfUltor tick
162: ancientnife tick
162: epic tick
162: 141.5 dps, 2776 hp, 1941.75 mana
163: cann4 tick
163: finished casting cann4
163: 140.7 dps, 2628 hp, 2023.75 mana
164: 139.8 dps, 2628 hp, 2023.75 mana
165: startcast cann4
165: 139.0 dps, 2628 hp, 2023.75 mana
166: 138.1 dps, 2628 hp, 2023.75 mana
167: 137.3 dps, 2628 hp, 2023.75 mana
168: BloodOfSaryrn tick
168: nife tick
168: BreathOfUltor tick
168: ancientnife tick
168: epic tick
168: cann4 tick
168: finished casting cann4
168: 142.7 dps, 2499 hp, 2114.75 mana
169: 141.9 dps, 2499 hp, 2114.75 mana
170: startcast cann4
170: 141.1 dps, 2499 hp, 2114.75 mana
171: 140.2 dps, 2499 hp, 2114.75 mana
172: 139.4 dps, 2499 hp, 2114.75 mana
173: cann4 tick
173: finished casting cann4
173: 138.6 dps, 2351 hp, 2196.75 mana
174: BloodOfSaryrn tick
174: nife tick
174: BreathOfUltor tick
174: ancientnife tick
174: epic tick
174: 143.9 dps, 2370 hp, 2205.75 mana
175: startcast cann4
175: 143.0 dps, 2370 hp, 2205.75 mana
176: 142.2 dps, 2370 hp, 2205.75 mana
177: 141.4 dps, 2370 hp, 2205.75 mana
178: cann4 tick
178: finished casting cann4
178: 140.6 dps, 2222 hp, 2287.75 mana
179: 139.8 dps, 2222 hp, 2287.75 mana
180: BloodOfSaryrn tick
180: nife tick
180: BreathOfUltor tick
180: ancientnife tick
180: epic tick
180: startcast ancientnife
180: 144.9 dps, 2241 hp, 2296.75 mana
181: 144.1 dps, 2241 hp, 2296.75 mana
182: 143.3 dps, 2241 hp, 2296.75 mana
183: 142.5 dps, 2241 hp, 2296.75 mana
184: 141.8 dps, 2241 hp, 2296.75 mana
185: finished casting ancientnife
185: 141.0 dps, 2241 hp, 1935.5 mana
186: BloodOfSaryrn tick
186: nife tick
186: BreathOfUltor tick
186: ancientnife tick
186: epic tick
186: 145.9 dps, 2260 hp, 1944.5 mana
187: 145.1 dps, 2260 hp, 1944.5 mana
188: startcast epic
188: 144.3 dps, 2260 hp, 1944.5 mana
189: 143.6 dps, 2260 hp, 1944.5 mana
190: 142.8 dps, 2260 hp, 1944.5 mana
191: 142.1 dps, 2260 hp, 1944.5 mana
192: BloodOfSaryrn tick
192: nife tick
192: BreathOfUltor tick
192: ancientnife tick
192: 146.3 dps, 2279 hp, 1953.5 mana
193: 145.6 dps, 2279 hp, 1953.5 mana
194: 144.8 dps, 2279 hp, 1953.5 mana
195: 144.1 dps, 2279 hp, 1953.5 mana
196: 143.3 dps, 2279 hp, 1953.5 mana
197: finished casting epic
197: 142.6 dps, 2279 hp, 1953.5 mana
198: BloodOfSaryrn tick
198: nife tick
198: BreathOfUltor tick
198: ancientnife tick
198: epic tick
198: startcast BloodOfSaryrn
198: 147.2 dps, 2298 hp, 1962.5 mana
199: 146.5 dps, 2298 hp, 1962.5 mana
200: 145.7 dps, 2298 hp, 1962.5 mana
201: 145.0 dps, 2298 hp, 1962.5 mana
202: 144.3 dps, 2298 hp, 1962.5 mana
203: finished casting BloodOfSaryrn
203: 143.6 dps, 2298 hp, 1507.75 mana
204: BloodOfSaryrn tick
204: nife tick
204: BreathOfUltor tick
204: ancientnife tick
204: epic tick
204: 148.0 dps, 2317 hp, 1516.75 mana
205: 147.3 dps, 2317 hp, 1516.75 mana
206: startcast nife
206: 146.6 dps, 2317 hp, 1516.75 mana
207: 145.9 dps, 2317 hp, 1516.75 mana
208: 145.2 dps, 2317 hp, 1516.75 mana
209: 144.5 dps, 2317 hp, 1516.75 mana
210: BloodOfSaryrn tick
210: BreathOfUltor tick
210: ancientnife tick
210: epic tick
210: 147.7 dps, 2336 hp, 1525.75 mana
211: finished casting nife
211: 147.0 dps, 2336 hp, 1164.5 mana
212: 146.3 dps, 2336 hp, 1164.5 mana
213: 145.6 dps, 2336 hp, 1164.5 mana
214: startcast BreathOfUltor
214: 144.9 dps, 2336 hp, 1164.5 mana
215: 144.3 dps, 2336 hp, 1164.5 mana
216: BloodOfSaryrn tick
216: nife tick
216: ancientnife tick
216: epic tick
216: 147.9 dps, 2355 hp, 1173.5 mana
217: 147.2 dps, 2355 hp, 1173.5 mana
218: 146.5 dps, 2355 hp, 1173.5 mana
219: 145.8 dps, 2355 hp, 1173.5 mana
220: finished casting BreathOfUltor
220: 145.2 dps, 2355 hp, 706 mana
221: 144.5 dps, 2355 hp, 706 mana
222: BloodOfSaryrn tick
222: nife tick
222: BreathOfUltor tick
222: ancientnife tick
222: epic tick
222: 148.6 dps, 2374 hp, 715 mana
223: startcast cann4
223: 147.9 dps, 2374 hp, 715 mana
224: 147.3 dps, 2374 hp, 715 mana
225: 146.6 dps, 2374 hp, 715 mana
226: cann4 tick
226: finished casting cann4
226: 146.0 dps, 2226 hp, 797 mana
227: 145.3 dps, 2226 hp, 797 mana
228: BloodOfSaryrn tick
228: nife tick
228: BreathOfUltor tick
228: ancientnife tick
228: epic tick
228: cann5 tick
228: finished casting cann5
228: startcast cann5
228: 149.3 dps, 321 hp, 1872 mana
229: startcast torpor
229: 148.6 dps, 321 hp, 1872 mana
230: 148.0 dps, 321 hp, 1872 mana
231: 147.4 dps, 321 hp, 1872 mana
232: 146.7 dps, 321 hp, 1872 mana
233: finished casting torpor
233: 146.1 dps, 321 hp, 1702 mana
234: torpor tick
234: BloodOfSaryrn tick
234: nife tick
234: BreathOfUltor tick
234: ancientnife tick
234: epic tick
234: 150.0 dps, 640 hp, 1711 mana
235: 149.3 dps, 640 hp, 1711 mana
236: startcast ancientnife
236: 148.7 dps, 640 hp, 1711 mana
237: 148.1 dps, 640 hp, 1711 mana
238: 147.4 dps, 640 hp, 1711 mana
239: 146.8 dps, 640 hp, 1711 mana
240: torpor tick
240: BloodOfSaryrn tick
240: nife tick
240: BreathOfUltor tick
240: epic tick
240: 149.4 dps, 959 hp, 1720 mana
241: finished casting ancientnife
241: 148.8 dps, 959 hp, 1358.75 mana
242: 148.2 dps, 959 hp, 1358.75 mana
243: 147.6 dps, 959 hp, 1358.75 mana
244: startcast cann4
244: 147.0 dps, 959 hp, 1358.75 mana
245: 146.4 dps, 959 hp, 1358.75 mana
246: torpor tick
246: BloodOfSaryrn tick
246: nife tick
246: BreathOfUltor tick
246: ancientnife tick
246: epic tick
246: 150.1 dps, 1278 hp, 1367.75 mana
247: cann4 tick
247: finished casting cann4
247: 149.5 dps, 1130 hp, 1449.75 mana
248: 148.9 dps, 1130 hp, 1449.75 mana
249: startcast cann4
249: 148.3 dps, 1130 hp, 1449.75 mana
250: 147.7 dps, 1130 hp, 1449.75 mana
251: 147.1 dps, 1130 hp, 1449.75 mana
252: torpor tick
252: BloodOfSaryrn tick
252: nife tick
252: BreathOfUltor tick
252: ancientnife tick
252: epic tick
252: cann4 tick
252: finished casting cann4
252: 150.7 dps, 1301 hp, 1540.75 mana
253: 150.1 dps, 1301 hp, 1540.75 mana
254: startcast BloodOfSaryrn
254: 149.5 dps, 1301 hp, 1540.75 mana
255: 148.9 dps, 1301 hp, 1540.75 mana
256: 148.3 dps, 1301 hp, 1540.75 mana
257: 147.7 dps, 1301 hp, 1540.75 mana
258: torpor tick
258: nife tick
258: BreathOfUltor tick
258: ancientnife tick
258: epic tick
258: 150.0 dps, 1620 hp, 1549.75 mana
259: finished casting BloodOfSaryrn
259: 149.4 dps, 1620 hp, 1095 mana
260: 148.8 dps, 1620 hp, 1095 mana
261: 148.3 dps, 1620 hp, 1095 mana
262: startcast cann4
262: 147.7 dps, 1620 hp, 1095 mana
263: 147.1 dps, 1620 hp, 1095 mana
264: torpor tick
264: BloodOfSaryrn tick
264: nife tick
264: BreathOfUltor tick
264: ancientnife tick
264: epic tick
264: 150.6 dps, 1939 hp, 1104 mana
265: cann4 tick
265: finished casting cann4
265: 150.0 dps, 1791 hp, 1186 mana
266: 149.4 dps, 1791 hp, 1186 mana
267: startcast torpor
267: 148.9 dps, 1791 hp, 1186 mana
268: 148.3 dps, 1791 hp, 1186 mana
269: 147.8 dps, 1791 hp, 1186 mana
270: BloodOfSaryrn tick
270: BreathOfUltor tick
270: ancientnife tick
270: epic tick
270: 150.2 dps, 1810 hp, 1195 mana
271: finished casting torpor
271: 149.7 dps, 1810 hp, 1025 mana
272: 149.1 dps, 1810 hp, 1025 mana
273: 148.6 dps, 1810 hp, 1025 mana
274: startcast nife
274: 148.1 dps, 1810 hp, 1025 mana
275: 147.5 dps, 1810 hp, 1025 mana
276: torpor tick
276: BloodOfSaryrn tick
276: BreathOfUltor tick
276: ancientnife tick
276: epic tick
276: 149.9 dps, 2129 hp, 1034 mana
277: 149.4 dps, 2129 hp, 1034 mana
278: 148.9 dps, 2129 hp, 1034 mana
279: finished casting nife
279: 148.3 dps, 2129 hp, 672.75 mana
280: 147.8 dps, 2129 hp, 672.75 mana
281: 147.3 dps, 2129 hp, 672.75 mana
282: torpor tick
282: BloodOfSaryrn tick
282: nife tick
282: BreathOfUltor tick
282: ancientnife tick
282: startcast epic
282: 150.2 dps, 2448 hp, 681.75 mana
283: 149.6 dps, 2448 hp, 681.75 mana
284: 149.1 dps, 2448 hp, 681.75 mana
285: 148.6 dps, 2448 hp, 681.75 mana
286: 148.1 dps, 2448 hp, 681.75 mana
287: 147.5 dps, 2448 hp, 681.75 mana
288: torpor tick
288: BloodOfSaryrn tick
288: nife tick
288: BreathOfUltor tick
288: ancientnife tick
288: 150.4 dps, 2767 hp, 690.75 mana
289: 149.9 dps, 2767 hp, 690.75 mana
290: 149.3 dps, 2767 hp, 690.75 mana
291: finished casting epic
291: 148.8 dps, 2767 hp, 690.75 mana
292: startcast cann4
292: 148.3 dps, 2767 hp, 690.75 mana
293: 147.8 dps, 2767 hp, 690.75 mana
294: torpor tick
294: BloodOfSaryrn tick
294: nife tick
294: BreathOfUltor tick
294: ancientnife tick
294: epic tick
294: 150.9 dps, 3086 hp, 699.75 mana
295: cann4 tick
295: finished casting cann4
295: 150.4 dps, 2938 hp, 781.75 mana
296: 149.9 dps, 2938 hp, 781.75 mana
297: startcast ancientnife
297: 149.4 dps, 2938 hp, 781.75 mana
298: 148.9 dps, 2938 hp, 781.75 mana
299: 148.4 dps, 2938 hp, 781.75 mana
300: torpor tick
300: BloodOfSaryrn tick
300: nife tick
300: BreathOfUltor tick
300: epic tick
300: 150.4 dps, 3257 hp, 790.75 mana
301: 149.9 dps, 3257 hp, 790.75 mana
302: finished casting ancientnife
302: 149.5 dps, 3257 hp, 429.5 mana
303: 149.0 dps, 3257 hp, 429.5 mana
304: 148.5 dps, 3257 hp, 429.5 mana
305: startcast cann4
305: 148.0 dps, 3257 hp, 429.5 mana
306: torpor tick
306: BloodOfSaryrn tick
306: nife tick
306: BreathOfUltor tick
306: ancientnife tick
306: epic tick
306: 150.9 dps, 3576 hp, 438.5 mana
307: 150.4 dps, 3576 hp, 438.5 mana
308: cann4 tick
308: finished casting cann4
308: 150.0 dps, 3428 hp, 520.5 mana
309: 149.5 dps, 3428 hp, 520.5 mana
310: startcast cann4
310: 149.0 dps, 3428 hp, 520.5 mana
311: 148.5 dps, 3428 hp, 520.5 mana
312: BloodOfSaryrn tick
312: nife tick
312: BreathOfUltor tick
312: ancientnife tick
312: epic tick
312: 151.4 dps, 3447 hp, 529.5 mana
313: cann4 tick
313: finished casting cann4
313: 150.9 dps, 3299 hp, 611.5 mana
314: 150.4 dps, 3299 hp, 611.5 mana
315: startcast BloodOfSaryrn
315: 150.0 dps, 3299 hp, 611.5 mana
316: 149.5 dps, 3299 hp, 611.5 mana
317: 149.0 dps, 3299 hp, 611.5 mana
318: nife tick
318: BreathOfUltor tick
318: ancientnife tick
318: epic tick
318: 150.8 dps, 3318 hp, 620.5 mana
319: 150.4 dps, 3318 hp, 620.5 mana
320: finished casting BloodOfSaryrn
320: 149.9 dps, 3318 hp, 165.75 mana
321: 149.4 dps, 3318 hp, 165.75 mana
322: 149.0 dps, 3318 hp, 165.75 mana
323: startcast cann4
323: 148.5 dps, 3318 hp, 165.75 mana
324: BloodOfSaryrn tick
324: nife tick
324: BreathOfUltor tick
324: ancientnife tick
324: epic tick
324: 151.3 dps, 3337 hp, 174.75 mana
325: 150.8 dps, 3337 hp, 174.75 mana
326: cann4 tick
326: finished casting cann4
326: 150.3 dps, 3189 hp, 256.75 mana
327: 149.9 dps, 3189 hp, 256.75 mana
328: startcast cann4
328: 149.4 dps, 3189 hp, 256.75 mana
329: 149.0 dps, 3189 hp, 256.75 mana
330: BloodOfSaryrn tick
330: nife tick
330: BreathOfUltor tick
330: ancientnife tick
330: epic tick
330: 151.7 dps, 3208 hp, 265.75 mana
331: cann4 tick
331: finished casting cann4
331: 151.3 dps, 3060 hp, 347.75 mana
332: 150.8 dps, 3060 hp, 347.75 mana
333: startcast cann4
333: 150.3 dps, 3060 hp, 347.75 mana
334: 149.9 dps, 3060 hp, 347.75 mana
335: 149.4 dps, 3060 hp, 347.75 mana
336: BloodOfSaryrn tick
336: BreathOfUltor tick
336: ancientnife tick
336: epic tick
336: cann4 tick
336: finished casting cann4
336: 151.4 dps, 2931 hp, 438.75 mana
337: 151.0 dps, 2931 hp, 438.75 mana
338: startcast nife
338: 150.5 dps, 2931 hp, 438.75 mana
339: 150.1 dps, 2931 hp, 438.75 mana
340: 149.7 dps, 2931 hp, 438.75 mana
341: 149.2 dps, 2931 hp, 438.75 mana
342: BloodOfSaryrn tick
342: BreathOfUltor tick
342: ancientnife tick
342: epic tick
342: 151.2 dps, 2950 hp, 447.75 mana
343: finished casting nife
343: 150.7 dps, 2950 hp, 86.5 mana
344: 150.3 dps, 2950 hp, 86.5 mana
345: 149.9 dps, 2950 hp, 86.5 mana
346: startcast cann4
346: 149.4 dps, 2950 hp, 86.5 mana
347: 149.0 dps, 2950 hp, 86.5 mana
348: BloodOfSaryrn tick
348: nife tick
348: BreathOfUltor tick
348: ancientnife tick
348: epic tick
348: 151.6 dps, 2969 hp, 95.5 mana
349: cann4 tick
349: finished casting cann4
349: 151.2 dps, 2821 hp, 177.5 mana
350: 150.7 dps, 2821 hp, 177.5 mana
351: startcast cann4
351: 150.3 dps, 2821 hp, 177.5 mana
352: 149.9 dps, 2821 hp, 177.5 mana
353: 149.4 dps, 2821 hp, 177.5 mana
354: BloodOfSaryrn tick
354: nife tick
354: BreathOfUltor tick
354: ancientnife tick
354: epic tick
354: cann4 tick
354: finished casting cann4
354: 152.0 dps, 2692 hp, 268.5 mana
355: 151.6 dps, 2692 hp, 268.5 mana
356: startcast cann4
356: 151.1 dps, 2692 hp, 268.5 mana
357: 150.7 dps, 2692 hp, 268.5 mana
358: 150.3 dps, 2692 hp, 268.5 mana
359: cann4 tick
359: finished casting cann4
359: 149.9 dps, 2544 hp, 350.5 mana
360: BloodOfSaryrn tick
360: nife tick
360: BreathOfUltor tick
360: epic tick
360: 151.6 dps, 2563 hp, 359.5 mana
361: startcast cann4
361: 151.2 dps, 2563 hp, 359.5 mana
362: 150.8 dps, 2563 hp, 359.5 mana
363: 150.4 dps, 2563 hp, 359.5 mana
364: cann4 tick
364: finished casting cann4
364: 150.0 dps, 2415 hp, 441.5 mana
365: 149.5 dps, 2415 hp, 441.5 mana
366: BloodOfSaryrn tick
366: nife tick
366: BreathOfUltor tick
366: epic tick
366: startcast ancientnife
366: 151.3 dps, 2434 hp, 450.5 mana
367: 150.8 dps, 2434 hp, 450.5 mana
368: 150.4 dps, 2434 hp, 450.5 mana
369: 150.0 dps, 2434 hp, 450.5 mana
370: 149.6 dps, 2434 hp, 450.5 mana
371: finished casting ancientnife
371: 149.2 dps, 2434 hp, 89.25 mana
372: BloodOfSaryrn tick
372: nife tick
372: BreathOfUltor tick
372: ancientnife tick
372: epic tick
372: 151.6 dps, 2453 hp, 98.25 mana
373: 151.2 dps, 2453 hp, 98.25 mana
374: startcast epic
374: 150.8 dps, 2453 hp, 98.25 mana
375: 150.4 dps, 2453 hp, 98.25 mana
376: 150.0 dps, 2453 hp, 98.25 mana
377: 149.6 dps, 2453 hp, 98.25 mana
378: nife tick
378: BreathOfUltor tick
378: ancientnife tick
378: 150.9 dps, 2472 hp, 107.25 mana
379: 150.5 dps, 2472 hp, 107.25 mana
380: 150.1 dps, 2472 hp, 107.25 mana
381: 149.7 dps, 2472 hp, 107.25 mana
382: 149.3 dps, 2472 hp, 107.25 mana
383: finished casting epic
383: 148.9 dps, 2472 hp, 107.25 mana
384: nife tick
384: BreathOfUltor tick
384: ancientnife tick
384: epic tick
384: startcast cann4
384: 150.5 dps, 2491 hp, 116.25 mana
385: 150.1 dps, 2491 hp, 116.25 mana
386: 149.7 dps, 2491 hp, 116.25 mana
387: cann4 tick
387: finished casting cann4
387: 149.3 dps, 2343 hp, 198.25 mana
388: 148.9 dps, 2343 hp, 198.25 mana
389: startcast cann4
389: 148.5 dps, 2343 hp, 198.25 mana
390: nife tick
390: BreathOfUltor tick
390: ancientnife tick
390: epic tick
390: 150.0 dps, 2362 hp, 207.25 mana
391: 149.6 dps, 2362 hp, 207.25 mana
392: cann4 tick
392: finished casting cann4
392: 149.2 dps, 2214 hp, 289.25 mana
393: 148.9 dps, 2214 hp, 289.25 mana
394: startcast cann4
394: 148.5 dps, 2214 hp, 289.25 mana
395: 148.1 dps, 2214 hp, 289.25 mana
396: nife tick
396: ancientnife tick
396: epic tick
396: 149.2 dps, 2233 hp, 298.25 mana
397: cann4 tick
397: finished casting cann4
397: 148.9 dps, 2085 hp, 380.25 mana
398: 148.5 dps, 2085 hp, 380.25 mana
399: startcast cann4
399: 148.1 dps, 2085 hp, 380.25 mana
400: 147.7 dps, 2085 hp, 380.25 mana
401: 147.4 dps, 2085 hp, 380.25 mana
402: ancientnife tick
402: epic tick
402: cann4 tick
402: finished casting cann4
402: 147.9 dps, 1956 hp, 471.25 mana
403: 147.5 dps, 1956 hp, 471.25 mana
404: startcast torpor
404: 147.2 dps, 1956 hp, 471.25 mana
405: 146.8 dps, 1956 hp, 471.25 mana
406: 146.4 dps, 1956 hp, 471.25 mana
407: 146.1 dps, 1956 hp, 471.25 mana
408: ancientnife tick
408: epic tick
408: finished casting torpor
408: 146.6 dps, 1975 hp, 310.25 mana
409: 146.3 dps, 1975 hp, 310.25 mana
410: 145.9 dps, 1975 hp, 310.25 mana
411: cann5 tick
411: finished casting cann5
411: startcast cann5
411: 145.6 dps, 51 hp, 1376.25 mana
412: startcast BloodOfSaryrn
412: 145.2 dps, 51 hp, 1376.25 mana
413: 144.8 dps, 51 hp, 1376.25 mana
414: torpor tick
414: ancientnife tick
414: epic tick
414: 145.4 dps, 370 hp, 1385.25 mana
415: 145.0 dps, 370 hp, 1385.25 mana
416: 144.7 dps, 370 hp, 1385.25 mana
417: finished casting BloodOfSaryrn
417: 144.3 dps, 370 hp, 930.5 mana
418: 144.0 dps, 370 hp, 930.5 mana
419: 143.6 dps, 370 hp, 930.5 mana
420: torpor tick
420: BloodOfSaryrn tick
420: ancientnife tick
420: epic tick
420: startcast ancientnife
420: 144.9 dps, 689 hp, 939.5 mana
421: 144.6 dps, 689 hp, 939.5 mana
422: 144.3 dps, 689 hp, 939.5 mana
423: 143.9 dps, 689 hp, 939.5 mana
424: 143.6 dps, 689 hp, 939.5 mana
425: finished casting ancientnife
425: 143.2 dps, 689 hp, 578.25 mana
426: torpor tick
426: BloodOfSaryrn tick
426: ancientnife tick
426: epic tick
426: 144.5 dps, 1008 hp, 587.25 mana
427: 144.2 dps, 1008 hp, 587.25 mana
428: startcast nife
428: 143.8 dps, 1008 hp, 587.25 mana
429: 143.5 dps, 1008 hp, 587.25 mana
430: 143.2 dps, 1008 hp, 587.25 mana
431: 142.8 dps, 1008 hp, 587.25 mana
432: torpor tick
432: BloodOfSaryrn tick
432: ancientnife tick
432: epic tick
432: 144.1 dps, 1327 hp, 596.25 mana
433: finished casting nife
433: 143.8 dps, 1327 hp, 235 mana
434: 143.4 dps, 1327 hp, 235 mana
435: 143.1 dps, 1327 hp, 235 mana
436: startcast cann4
436: 142.8 dps, 1327 hp, 235 mana
437: 142.5 dps, 1327 hp, 235 mana
438: torpor tick
438: BloodOfSaryrn tick
438: nife tick
438: ancientnife tick
438: epic tick
438: 144.2 dps, 1646 hp, 244 mana
439: cann4 tick
439: finished casting cann4
439: 143.9 dps, 1498 hp, 326 mana
440: 143.6 dps, 1498 hp, 326 mana
441: startcast cann4
441: 143.3 dps, 1498 hp, 326 mana
442: 142.9 dps, 1498 hp, 326 mana
443: 142.6 dps, 1498 hp, 326 mana
444: torpor tick
444: BloodOfSaryrn tick
444: nife tick
444: ancientnife tick
444: epic tick
444: cann4 tick
444: finished casting cann4
444: 144.4 dps, 1669 hp, 417 mana
445: 144.0 dps, 1669 hp, 417 mana
446: startcast torpor
446: 143.7 dps, 1669 hp, 417 mana
447: 143.4 dps, 1669 hp, 417 mana
448: 143.1 dps, 1669 hp, 417 mana
449: 142.7 dps, 1669 hp, 417 mana
450: BloodOfSaryrn tick
450: nife tick
450: ancientnife tick
450: epic tick
450: finished casting torpor
450: 144.5 dps, 1688 hp, 256 mana
451: 144.2 dps, 1688 hp, 256 mana
452: 143.8 dps, 1688 hp, 256 mana
453: startcast cann4
453: 143.5 dps, 1688 hp, 256 mana
454: 143.2 dps, 1688 hp, 256 mana
455: 142.9 dps, 1688 hp, 256 mana
456: torpor tick
456: BloodOfSaryrn tick
456: nife tick
456: ancientnife tick
456: epic tick
456: cann4 tick
456: finished casting cann4
456: 144.6 dps, 1859 hp, 347 mana
457: 144.3 dps, 1859 hp, 347 mana
458: startcast cann4
458: 144.0 dps, 1859 hp, 347 mana
459: 143.6 dps, 1859 hp, 347 mana
460: 143.3 dps, 1859 hp, 347 mana
461: cann4 tick
461: finished casting cann4
461: 143.0 dps, 1711 hp, 429 mana
462: torpor tick
462: BloodOfSaryrn tick
462: nife tick
462: ancientnife tick
462: epic tick
462: 144.7 dps, 2030 hp, 438 mana
463: startcast epic
463: 144.4 dps, 2030 hp, 438 mana
464: 144.1 dps, 2030 hp, 438 mana
465: 143.8 dps, 2030 hp, 438 mana
466: 143.5 dps, 2030 hp, 438 mana
467: 143.2 dps, 2030 hp, 438 mana
468: torpor tick
468: BloodOfSaryrn tick
468: nife tick
468: ancientnife tick
468: 144.6 dps, 2349 hp, 447 mana
469: 144.3 dps, 2349 hp, 447 mana
470: 144.0 dps, 2349 hp, 447 mana
471: 143.7 dps, 2349 hp, 447 mana
472: finished casting epic
472: 143.4 dps, 2349 hp, 447 mana
473: startcast cann4
473: 143.1 dps, 2349 hp, 447 mana
474: torpor tick
474: nife tick
474: ancientnife tick
474: epic tick
474: 144.0 dps, 2668 hp, 456 mana
475: 143.7 dps, 2668 hp, 456 mana
476: cann4 tick
476: finished casting cann4
476: 143.4 dps, 2520 hp, 538 mana
477: 143.1 dps, 2520 hp, 538 mana
478: startcast ancientnife
478: 142.8 dps, 2520 hp, 538 mana
479: 142.5 dps, 2520 hp, 538 mana
480: torpor tick
480: nife tick
480: epic tick
480: 142.9 dps, 2839 hp, 547 mana
481: 142.6 dps, 2839 hp, 547 mana
482: 142.3 dps, 2839 hp, 547 mana
483: finished casting ancientnife
483: 142.0 dps, 2839 hp, 185.75 mana
484: 141.7 dps, 2839 hp, 185.75 mana
485: 141.4 dps, 2839 hp, 185.75 mana
486: torpor tick
486: nife tick
486: ancientnife tick
486: epic tick
486: startcast cann4
486: 142.4 dps, 3158 hp, 194.75 mana
487: 142.1 dps, 3158 hp, 194.75 mana
488: 141.8 dps, 3158 hp, 194.75 mana
489: cann4 tick
489: finished casting cann4
489: 141.5 dps, 3010 hp, 276.75 mana
490: 141.2 dps, 3010 hp, 276.75 mana
491: startcast cann4
491: 140.9 dps, 3010 hp, 276.75 mana
492: ancientnife tick
492: epic tick
492: 141.4 dps, 3029 hp, 285.75 mana
493: 141.1 dps, 3029 hp, 285.75 mana
494: cann4 tick
494: finished casting cann4
494: 140.8 dps, 2881 hp, 367.75 mana
495: 140.5 dps, 2881 hp, 367.75 mana
496: startcast cann4
496: 140.2 dps, 2881 hp, 367.75 mana
497: 140.0 dps, 2881 hp, 367.75 mana
498: ancientnife tick
498: epic tick
498: 140.4 dps, 2900 hp, 376.75 mana
499: cann4 tick
499: finished casting cann4
499: 140.1 dps, 2752 hp, 458.75 mana
500: 139.8 dps, 2752 hp, 458.75 mana
501: startcast nife
501: 139.6 dps, 2752 hp, 458.75 mana
502: 139.3 dps, 2752 hp, 458.75 mana
503: 139.0 dps, 2752 hp, 458.75 mana
504: ancientnife tick
504: epic tick
504: 139.5 dps, 2771 hp, 467.75 mana
505: 139.2 dps, 2771 hp, 467.75 mana
506: finished casting nife
506: 138.9 dps, 2771 hp, 106.5 mana
507: 138.6 dps, 2771 hp, 106.5 mana
508: 138.4 dps, 2771 hp, 106.5 mana
509: startcast cann4
509: 138.1 dps, 2771 hp, 106.5 mana
510: nife tick
510: ancientnife tick
510: epic tick
510: 139.0 dps, 2790 hp, 115.5 mana
511: 138.7 dps, 2790 hp, 115.5 mana
512: cann4 tick
512: finished casting cann4
512: 138.4 dps, 2642 hp, 197.5 mana
513: 138.2 dps, 2642 hp, 197.5 mana
514: startcast cann4
514: 137.9 dps, 2642 hp, 197.5 mana
515: 137.6 dps, 2642 hp, 197.5 mana
516: nife tick
516: ancientnife tick
516: epic tick
516: 138.5 dps, 2661 hp, 206.5 mana
517: cann4 tick
517: finished casting cann4
517: 138.3 dps, 2513 hp, 288.5 mana
518: 138.0 dps, 2513 hp, 288.5 mana
519: startcast cann4
519: 137.7 dps, 2513 hp, 288.5 mana
520: 137.5 dps, 2513 hp, 288.5 mana
521: 137.2 dps, 2513 hp, 288.5 mana
522: nife tick
522: ancientnife tick
522: epic tick
522: cann4 tick
522: finished casting cann4
522: 138.1 dps, 2384 hp, 379.5 mana
523: 137.8 dps, 2384 hp, 379.5 mana
524: startcast cann4
524: 137.5 dps, 2384 hp, 379.5 mana
525: 137.3 dps, 2384 hp, 379.5 mana
526: 137.0 dps, 2384 hp, 379.5 mana
527: cann4 tick
527: finished casting cann4
527: 136.8 dps, 2236 hp, 461.5 mana
528: nife tick
528: ancientnife tick
528: epic tick
528: 137.6 dps, 2255 hp, 470.5 mana
529: startcast cann4
529: 137.4 dps, 2255 hp, 470.5 mana
530: 137.1 dps, 2255 hp, 470.5 mana
531: 136.8 dps, 2255 hp, 470.5 mana
532: cann4 tick
532: finished casting cann4
532: 136.6 dps, 2107 hp, 552.5 mana
533: 136.3 dps, 2107 hp, 552.5 mana
534: nife tick
534: ancientnife tick
534: epic tick
534: startcast ancientnife
534: 137.2 dps, 2126 hp, 561.5 mana
535: 136.9 dps, 2126 hp, 561.5 mana
536: 136.7 dps, 2126 hp, 561.5 mana
537: 136.4 dps, 2126 hp, 561.5 mana
538: 136.2 dps, 2126 hp, 561.5 mana
539: finished casting ancientnife
539: 135.9 dps, 2126 hp, 200.25 mana
540: nife tick
540: ancientnife tick
540: epic tick
540: 136.8 dps, 2145 hp, 209.25 mana
541: 136.5 dps, 2145 hp, 209.25 mana
542: startcast cann4
542: 136.3 dps, 2145 hp, 209.25 mana
543: 136.0 dps, 2145 hp, 209.25 mana
544: 135.8 dps, 2145 hp, 209.25 mana
545: cann4 tick
545: finished casting cann4
545: 135.5 dps, 1997 hp, 291.25 mana
546: nife tick
546: ancientnife tick
546: epic tick
546: 136.4 dps, 2016 hp, 300.25 mana
547: startcast cann4
547: 136.1 dps, 2016 hp, 300.25 mana
548: 135.9 dps, 2016 hp, 300.25 mana
549: 135.6 dps, 2016 hp, 300.25 mana
550: cann4 tick
550: finished casting cann4
550: 135.4 dps, 1868 hp, 382.25 mana
551: 135.1 dps, 1868 hp, 382.25 mana
552: nife tick
552: ancientnife tick
552: epic tick
552: startcast torpor
552: 136.0 dps, 1887 hp, 391.25 mana
553: 135.7 dps, 1887 hp, 391.25 mana
554: 135.5 dps, 1887 hp, 391.25 mana
555: 135.2 dps, 1887 hp, 391.25 mana
556: finished casting torpor
556: 135.0 dps, 1887 hp, 221.25 mana
557: 134.7 dps, 1887 hp, 221.25 mana
558: torpor tick
558: nife tick
558: ancientnife tick
558: 135.4 dps, 2206 hp, 230.25 mana
559: startcast epic
559: 135.2 dps, 2206 hp, 230.25 mana
560: 134.9 dps, 2206 hp, 230.25 mana
561: 134.7 dps, 2206 hp, 230.25 mana
562: 134.4 dps, 2206 hp, 230.25 mana
563: 134.2 dps, 2206 hp, 230.25 mana
564: torpor tick
564: ancientnife tick
564: 134.4 dps, 2525 hp, 239.25 mana
565: 134.2 dps, 2525 hp, 239.25 mana
566: 134.0 dps, 2525 hp, 239.25 mana
567: 133.7 dps, 2525 hp, 239.25 mana
568: finished casting epic
568: 133.5 dps, 2525 hp, 239.25 mana
569: startcast cann4
569: 133.3 dps, 2525 hp, 239.25 mana
570: torpor tick
570: ancientnife tick
570: epic tick
570: 133.7 dps, 2844 hp, 248.25 mana
571: 133.4 dps, 2844 hp, 248.25 mana
572: cann4 tick
572: finished casting cann4
572: 133.2 dps, 2696 hp, 330.25 mana
573: 133.0 dps, 2696 hp, 330.25 mana
574: startcast cann4
574: 132.7 dps, 2696 hp, 330.25 mana
575: 132.5 dps, 2696 hp, 330.25 mana
576: torpor tick
576: ancientnife tick
576: epic tick
576: 132.9 dps, 3015 hp, 339.25 mana
577: cann4 tick
577: finished casting cann4
577: 132.7 dps, 2867 hp, 421.25 mana
578: 132.4 dps, 2867 hp, 421.25 mana
579: startcast cann4
579: 132.2 dps, 2867 hp, 421.25 mana
580: 132.0 dps, 2867 hp, 421.25 mana
581: 131.8 dps, 2867 hp, 421.25 mana
582: torpor tick
582: ancientnife tick
582: epic tick
582: cann4 tick
582: finished casting cann4
582: 132.2 dps, 3038 hp, 512.25 mana
583: 131.9 dps, 3038 hp, 512.25 mana
584: startcast nife
584: 131.7 dps, 3038 hp, 512.25 mana
585: 131.5 dps, 3038 hp, 512.25 mana
586: 131.3 dps, 3038 hp, 512.25 mana
587: 131.0 dps, 3038 hp, 512.25 mana
588: torpor tick
588: ancientnife tick
588: epic tick
588: 131.4 dps, 3357 hp, 521.25 mana
589: finished casting nife
589: 131.2 dps, 3357 hp, 160 mana
590: 131.0 dps, 3357 hp, 160 mana
591: 130.8 dps, 3357 hp, 160 mana
592: cann5 tick
592: finished casting cann5
592: startcast cann5
592: 130.5 dps, 1433 hp, 1226 mana
593: startcast torpor
593: 130.3 dps, 1433 hp, 1226 mana
594: nife tick
594: epic tick
594: 130.6 dps, 1452 hp, 1235 mana
595: 130.4 dps, 1452 hp, 1235 mana
596: 130.2 dps, 1452 hp, 1235 mana
597: finished casting torpor
597: 130.0 dps, 1452 hp, 1065 mana
598: 129.8 dps, 1452 hp, 1065 mana
599: 129.6 dps, 1452 hp, 1065 mana
600: torpor tick
600: nife tick
600: epic tick
600: startcast ancientnife
600: 129.9 dps, 1771 hp, 1074 mana
601: 129.7 dps, 1771 hp, 1074 mana
602: 129.4 dps, 1771 hp, 1074 mana
603: 129.2 dps, 1771 hp, 1074 mana
604: 129.0 dps, 1771 hp, 1074 mana
605: finished casting ancientnife
605: 128.8 dps, 1771 hp, 712.75 mana
606: torpor tick
606: nife tick
606: ancientnife tick
606: epic tick
606: 129.6 dps, 2090 hp, 721.75 mana
607: 129.4 dps, 2090 hp, 721.75 mana
608: startcast BloodOfSaryrn
608: 129.1 dps, 2090 hp, 721.75 mana
609: 128.9 dps, 2090 hp, 721.75 mana
610: 128.7 dps, 2090 hp, 721.75 mana
611: 128.5 dps, 2090 hp, 721.75 mana
612: torpor tick
612: nife tick
612: ancientnife tick
612: epic tick
612: 129.3 dps, 2409 hp, 730.75 mana
613: finished casting BloodOfSaryrn
613: 129.1 dps, 2409 hp, 276 mana
614: 128.8 dps, 2409 hp, 276 mana
615: 128.6 dps, 2409 hp, 276 mana
616: startcast cann4
616: 128.4 dps, 2409 hp, 276 mana
617: 128.2 dps, 2409 hp, 276 mana
618: torpor tick
618: BloodOfSaryrn tick
618: nife tick
618: ancientnife tick
618: epic tick
618: 129.5 dps, 2728 hp, 285 mana
619: cann4 tick
619: finished casting cann4
619: 129.3 dps, 2580 hp, 367 mana
620: 129.1 dps, 2580 hp, 367 mana
621: startcast cann4
621: 128.9 dps, 2580 hp, 367 mana
622: 128.7 dps, 2580 hp, 367 mana
623: 128.5 dps, 2580 hp, 367 mana
624: torpor tick
624: BloodOfSaryrn tick
624: nife tick
624: ancientnife tick
624: epic tick
624: cann4 tick
624: finished casting cann4
624: 129.7 dps, 2751 hp, 458 mana
625: 129.5 dps, 2751 hp, 458 mana
626: startcast cann4
626: 129.3 dps, 2751 hp, 458 mana
627: 129.1 dps, 2751 hp, 458 mana
628: 128.9 dps, 2751 hp, 458 mana
629: cann4 tick
629: finished casting cann4
629: 128.7 dps, 2603 hp, 540 mana
630: torpor tick
630: BloodOfSaryrn tick
630: nife tick
630: ancientnife tick
630: epic tick
630: 130.0 dps, 2922 hp, 549 mana
631: startcast cann4
631: 129.8 dps, 2922 hp, 549 mana
632: 129.5 dps, 2922 hp, 549 mana
633: 129.3 dps, 2922 hp, 549 mana
634: cann4 tick
634: finished casting cann4
634: 129.1 dps, 2774 hp, 631 mana
635: 128.9 dps, 2774 hp, 631 mana
636: BloodOfSaryrn tick
636: nife tick
636: ancientnife tick
636: epic tick
636: startcast BreathOfUltor
636: 130.2 dps, 2793 hp, 640 mana
637: 130.0 dps, 2793 hp, 640 mana
638: 129.8 dps, 2793 hp, 640 mana
639: 129.6 dps, 2793 hp, 640 mana
640: 129.4 dps, 2793 hp, 640 mana
641: 129.2 dps, 2793 hp, 640 mana
642: BloodOfSaryrn tick
642: nife tick
642: ancientnife tick
642: epic tick
642: finished casting BreathOfUltor
642: 130.4 dps, 2812 hp, 181.5 mana
643: 130.2 dps, 2812 hp, 181.5 mana
644: 130.0 dps, 2812 hp, 181.5 mana
645: startcast cann4
645: 129.8 dps, 2812 hp, 181.5 mana
646: 129.6 dps, 2812 hp, 181.5 mana
647: 129.4 dps, 2812 hp, 181.5 mana
648: BloodOfSaryrn tick
648: BreathOfUltor tick
648: ancientnife tick
648: epic tick
648: cann4 tick
648: finished casting cann4
648: 130.5 dps, 2683 hp, 272.5 mana
649: 130.3 dps, 2683 hp, 272.5 mana
650: startcast epic
650: 130.1 dps, 2683 hp, 272.5 mana
651: 129.9 dps, 2683 hp, 272.5 mana
652: 129.7 dps, 2683 hp, 272.5 mana
653: 129.5 dps, 2683 hp, 272.5 mana
654: BloodOfSaryrn tick
654: BreathOfUltor tick
654: ancientnife tick
654: 130.4 dps, 2702 hp, 281.5 mana
655: 130.2 dps, 2702 hp, 281.5 mana
656: 130.0 dps, 2702 hp, 281.5 mana
657: 129.8 dps, 2702 hp, 281.5 mana
658: 129.6 dps, 2702 hp, 281.5 mana
659: finished casting epic
659: 129.4 dps, 2702 hp, 281.5 mana
660: BloodOfSaryrn tick
660: BreathOfUltor tick
660: epic tick
660: startcast cann4
660: 130.0 dps, 2721 hp, 290.5 mana
661: 129.8 dps, 2721 hp, 290.5 mana
662: 129.6 dps, 2721 hp, 290.5 mana
663: cann4 tick
663: finished casting cann4
663: 129.4 dps, 2573 hp, 372.5 mana
664: 129.2 dps, 2573 hp, 372.5 mana
665: startcast cann4
665: 129.0 dps, 2573 hp, 372.5 mana
666: BloodOfSaryrn tick
666: BreathOfUltor tick
666: epic tick
666: 129.7 dps, 2592 hp, 381.5 mana
667: 129.5 dps, 2592 hp, 381.5 mana
668: cann4 tick
668: finished casting cann4
668: 129.3 dps, 2444 hp, 463.5 mana
669: 129.1 dps, 2444 hp, 463.5 mana
670: startcast ancientnife
670: 128.9 dps, 2444 hp, 463.5 mana
671: 128.7 dps, 2444 hp, 463.5 mana
672: BreathOfUltor tick
672: epic tick
672: 128.8 dps, 2463 hp, 472.5 mana
673: 128.6 dps, 2463 hp, 472.5 mana
674: 128.5 dps, 2463 hp, 472.5 mana
675: finished casting ancientnife
675: 128.3 dps, 2463 hp, 111.25 mana
676: 128.1 dps, 2463 hp, 111.25 mana
677: 127.9 dps, 2463 hp, 111.25 mana
678: BreathOfUltor tick
678: ancientnife tick
678: epic tick
678: startcast cann4
678: 128.4 dps, 2482 hp, 120.25 mana
679: 128.2 dps, 2482 hp, 120.25 mana
680: 128.0 dps, 2482 hp, 120.25 mana
681: cann4 tick
681: finished casting cann4
681: 127.9 dps, 2334 hp, 202.25 mana
682: 127.7 dps, 2334 hp, 202.25 mana
683: startcast cann4
683: 127.5 dps, 2334 hp, 202.25 mana
684: BreathOfUltor tick
684: ancientnife tick
684: epic tick
684: 128.0 dps, 2353 hp, 211.25 mana
685: 127.8 dps, 2353 hp, 211.25 mana
686: cann4 tick
686: finished casting cann4
686: 127.7 dps, 2205 hp, 293.25 mana
687: 127.5 dps, 2205 hp, 293.25 mana
688: startcast cann4
688: 127.3 dps, 2205 hp, 293.25 mana
689: 127.1 dps, 2205 hp, 293.25 mana
690: BreathOfUltor tick
690: ancientnife tick
690: epic tick
690: 127.6 dps, 2224 hp, 302.25 mana
691: cann4 tick
691: finished casting cann4
691: 127.4 dps, 2076 hp, 384.25 mana
692: 127.3 dps, 2076 hp, 384.25 mana
693: startcast cann4
693: 127.1 dps, 2076 hp, 384.25 mana
694: 126.9 dps, 2076 hp, 384.25 mana
695: 126.7 dps, 2076 hp, 384.25 mana
696: BreathOfUltor tick
696: ancientnife tick
696: epic tick
696: cann4 tick
696: finished casting cann4
696: 127.2 dps, 1947 hp, 475.25 mana
697: 127.1 dps, 1947 hp, 475.25 mana
698: startcast torpor
698: 126.9 dps, 1947 hp, 475.25 mana
699: 126.7 dps, 1947 hp, 475.25 mana
700: 126.5 dps, 1947 hp, 475.25 mana
701: 126.3 dps, 1947 hp, 475.25 mana
702: BreathOfUltor tick
702: ancientnife tick
702: epic tick
702: finished casting torpor
702: 126.9 dps, 1966 hp, 314.25 mana
703: 126.7 dps, 1966 hp, 314.25 mana
704: 126.5 dps, 1966 hp, 314.25 mana
705: startcast cann4
705: 126.3 dps, 1966 hp, 314.25 mana
706: 126.1 dps, 1966 hp, 314.25 mana
707: 126.0 dps, 1966 hp, 314.25 mana
708: torpor tick
708: BreathOfUltor tick
708: ancientnife tick
708: epic tick
708: cann4 tick
708: finished casting cann4
708: 126.5 dps, 2137 hp, 405.25 mana
709: 126.3 dps, 2137 hp, 405.25 mana
710: startcast cann4
710: 126.1 dps, 2137 hp, 405.25 mana
711: 125.9 dps, 2137 hp, 405.25 mana
712: 125.8 dps, 2137 hp, 405.25 mana
713: cann4 tick
713: finished casting cann4
713: 125.6 dps, 1989 hp, 487.25 mana
714: torpor tick
714: BreathOfUltor tick
714: ancientnife tick
714: epic tick
714: 126.1 dps, 2308 hp, 496.25 mana
715: startcast nife
715: 125.9 dps, 2308 hp, 496.25 mana
716: 125.8 dps, 2308 hp, 496.25 mana
717: 125.6 dps, 2308 hp, 496.25 mana
718: 125.4 dps, 2308 hp, 496.25 mana
719: 125.2 dps, 2308 hp, 496.25 mana
720: torpor tick
720: BreathOfUltor tick
720: ancientnife tick
720: epic tick
720: finished casting nife
720: 125.7 dps, 2627 hp, 144 mana
721: 125.6 dps, 2627 hp, 144 mana
722: 125.4 dps, 2627 hp, 144 mana
723: startcast cann4
723: 125.2 dps, 2627 hp, 144 mana
724: 125.1 dps, 2627 hp, 144 mana
725: 124.9 dps, 2627 hp, 144 mana
726: torpor tick
726: nife tick
726: BreathOfUltor tick
726: ancientnife tick
726: epic tick
726: cann4 tick
726: finished casting cann4
726: 125.7 dps, 2798 hp, 235 mana
727: 125.5 dps, 2798 hp, 235 mana
728: startcast cann4
728: 125.4 dps, 2798 hp, 235 mana
729: 125.2 dps, 2798 hp, 235 mana
730: 125.0 dps, 2798 hp, 235 mana
731: cann4 tick
731: finished casting cann4
731: 124.9 dps, 2650 hp, 317 mana
732: torpor tick
732: nife tick
732: BreathOfUltor tick
732: epic tick
732: 125.3 dps, 2969 hp, 326 mana
733: startcast cann4
733: 125.1 dps, 2969 hp, 326 mana
734: 125.0 dps, 2969 hp, 326 mana
735: 124.8 dps, 2969 hp, 326 mana
736: cann4 tick
736: finished casting cann4
736: 124.6 dps, 2821 hp, 408 mana
737: 124.4 dps, 2821 hp, 408 mana
738: torpor tick
738: nife tick
738: BreathOfUltor tick
738: epic tick
738: startcast epic
738: 124.9 dps, 3140 hp, 417 mana
739: 124.7 dps, 3140 hp, 417 mana
740: 124.6 dps, 3140 hp, 417 mana
741: 124.4 dps, 3140 hp, 417 mana
742: 124.2 dps, 3140 hp, 417 mana
743: 124.1 dps, 3140 hp, 417 mana
744: nife tick
744: BreathOfUltor tick
744: 124.4 dps, 3159 hp, 426 mana
745: 124.2 dps, 3159 hp, 426 mana
746: 124.0 dps, 3159 hp, 426 mana
747: finished casting epic
747: 123.9 dps, 3159 hp, 426 mana
748: startcast ancientnife
748: 123.7 dps, 3159 hp, 426 mana
749: 123.5 dps, 3159 hp, 426 mana
750: nife tick
750: BreathOfUltor tick
750: epic tick
750: 124.0 dps, 3178 hp, 435 mana
751: 123.8 dps, 3178 hp, 435 mana
752: 123.6 dps, 3178 hp, 435 mana
753: finished casting ancientnife
753: 123.5 dps, 3178 hp, 73.75 mana
754: 123.3 dps, 3178 hp, 73.75 mana
755: 123.2 dps, 3178 hp, 73.75 mana
756: nife tick
756: BreathOfUltor tick
756: ancientnife tick
756: epic tick
756: startcast cann4
756: 124.0 dps, 3197 hp, 82.75 mana
757: 123.8 dps, 3197 hp, 82.75 mana
758: 123.6 dps, 3197 hp, 82.75 mana
759: cann4 tick
759: finished casting cann4
759: 123.5 dps, 3049 hp, 164.75 mana
760: 123.3 dps, 3049 hp, 164.75 mana
761: startcast cann4
761: 123.1 dps, 3049 hp, 164.75 mana
762: nife tick
762: BreathOfUltor tick
762: ancientnife tick
762: epic tick
762: 123.9 dps, 3068 hp, 173.75 mana
763: 123.8 dps, 3068 hp, 173.75 mana
764: cann4 tick
764: finished casting cann4
764: 123.6 dps, 2920 hp, 255.75 mana
765: 123.4 dps, 2920 hp, 255.75 mana
766: startcast cann4
766: 123.3 dps, 2920 hp, 255.75 mana
767: 123.1 dps, 2920 hp, 255.75 mana
768: nife tick
768: BreathOfUltor tick
768: ancientnife tick
768: epic tick
768: 123.9 dps, 2939 hp, 264.75 mana
769: cann4 tick
769: finished casting cann4
769: 123.7 dps, 2791 hp, 346.75 mana
770: 123.6 dps, 2791 hp, 346.75 mana
771: startcast cann4
771: 123.4 dps, 2791 hp, 346.75 mana
772: 123.3 dps, 2791 hp, 346.75 mana
773: 123.1 dps, 2791 hp, 346.75 mana
774: nife tick
774: BreathOfUltor tick
774: ancientnife tick
774: epic tick
774: cann4 tick
774: finished casting cann4
774: 123.9 dps, 2662 hp, 437.75 mana
775: 123.7 dps, 2662 hp, 437.75 mana
776: cann5 tick
776: finished casting cann5
776: startcast cann5
776: 123.6 dps, 738 hp, 1503.75 mana
777: startcast torpor
777: 123.4 dps, 738 hp, 1503.75 mana
778: 123.2 dps, 738 hp, 1503.75 mana
779: 123.1 dps, 738 hp, 1503.75 mana
780: BreathOfUltor tick
780: ancientnife tick
780: epic tick
780: 123.6 dps, 757 hp, 1512.75 mana
781: finished casting torpor
781: 123.4 dps, 757 hp, 1342.75 mana
782: 123.3 dps, 757 hp, 1342.75 mana
783: 123.1 dps, 757 hp, 1342.75 mana
784: startcast BloodOfSaryrn
784: 122.9 dps, 757 hp, 1342.75 mana
785: 122.8 dps, 757 hp, 1342.75 mana
786: torpor tick
786: BreathOfUltor tick
786: ancientnife tick
786: epic tick
786: 123.3 dps, 1076 hp, 1351.75 mana
787: 123.1 dps, 1076 hp, 1351.75 mana
788: 122.9 dps, 1076 hp, 1351.75 mana
789: finished casting BloodOfSaryrn
789: 122.8 dps, 1076 hp, 897 mana
790: 122.6 dps, 1076 hp, 897 mana
791: 122.5 dps, 1076 hp, 897 mana
792: torpor tick
792: BloodOfSaryrn tick
792: BreathOfUltor tick
792: ancientnife tick
792: epic tick
792: startcast nife
792: 123.4 dps, 1395 hp, 906 mana
793: 123.2 dps, 1395 hp, 906 mana
794: 123.0 dps, 1395 hp, 906 mana
795: 122.9 dps, 1395 hp, 906 mana
796: 122.7 dps, 1395 hp, 906 mana
797: finished casting nife
797: 122.6 dps, 1395 hp, 544.75 mana
798: torpor tick
798: BloodOfSaryrn tick
798: nife tick
798: BreathOfUltor tick
798: ancientnife tick
798: epic tick
798: 123.7 dps, 1714 hp, 553.75 mana
799: 123.6 dps, 1714 hp, 553.75 mana
800: startcast cann4
800: 123.4 dps, 1714 hp, 553.75 mana
801: 123.3 dps, 1714 hp, 553.75 mana
802: 123.1 dps, 1714 hp, 553.75 mana
803: cann4 tick
803: finished casting cann4
803: 123.0 dps, 1566 hp, 635.75 mana
804: torpor tick
804: BloodOfSaryrn tick
804: nife tick
804: BreathOfUltor tick
804: ancientnife tick
804: epic tick
804: 124.1 dps, 1885 hp, 644.75 mana
805: startcast ancientnife
805: 124.0 dps, 1885 hp, 644.75 mana
806: 123.8 dps, 1885 hp, 644.75 mana
807: 123.7 dps, 1885 hp, 644.75 mana
808: 123.5 dps, 1885 hp, 644.75 mana
809: 123.4 dps, 1885 hp, 644.75 mana
810: torpor tick
810: BloodOfSaryrn tick
810: nife tick
810: BreathOfUltor tick
810: epic tick
810: finished casting ancientnife
810: 124.2 dps, 2204 hp, 292.5 mana
811: 124.0 dps, 2204 hp, 292.5 mana
812: 123.9 dps, 2204 hp, 292.5 mana
813: startcast cann4
813: 123.7 dps, 2204 hp, 292.5 mana
814: 123.6 dps, 2204 hp, 292.5 mana
815: 123.4 dps, 2204 hp, 292.5 mana
816: torpor tick
816: BloodOfSaryrn tick
816: nife tick
816: BreathOfUltor tick
816: ancientnife tick
816: epic tick
816: cann4 tick
816: finished casting cann4
816: 124.5 dps, 2375 hp, 383.5 mana
817: 124.4 dps, 2375 hp, 383.5 mana
818: startcast cann4
818: 124.2 dps, 2375 hp, 383.5 mana
819: 124.1 dps, 2375 hp, 383.5 mana
820: 123.9 dps, 2375 hp, 383.5 mana
821: cann4 tick
821: finished casting cann4
821: 123.8 dps, 2227 hp, 465.5 mana
822: BloodOfSaryrn tick
822: nife tick
822: ancientnife tick
822: epic tick
822: 124.8 dps, 2246 hp, 474.5 mana
823: startcast cann4
823: 124.6 dps, 2246 hp, 474.5 mana
824: 124.5 dps, 2246 hp, 474.5 mana
825: 124.3 dps, 2246 hp, 474.5 mana
826: cann4 tick
826: finished casting cann4
826: 124.2 dps, 2098 hp, 556.5 mana
827: 124.0 dps, 2098 hp, 556.5 mana
828: BloodOfSaryrn tick
828: nife tick
828: ancientnife tick
828: epic tick
828: startcast epic
828: 125.0 dps, 2117 hp, 565.5 mana
829: 124.8 dps, 2117 hp, 565.5 mana
830: 124.7 dps, 2117 hp, 565.5 mana
831: 124.5 dps, 2117 hp, 565.5 mana
832: 124.4 dps, 2117 hp, 565.5 mana
833: 124.2 dps, 2117 hp, 565.5 mana
834: BloodOfSaryrn tick
834: nife tick
834: ancientnife tick
834: 125.1 dps, 2136 hp, 574.5 mana
835: 124.9 dps, 2136 hp, 574.5 mana
836: 124.8 dps, 2136 hp, 574.5 mana
837: finished casting epic
837: 124.6 dps, 2136 hp, 574.5 mana
838: startcast BreathOfUltor
838: 124.5 dps, 2136 hp, 574.5 mana
839: 124.3 dps, 2136 hp, 574.5 mana
840: BloodOfSaryrn tick
840: nife tick
840: ancientnife tick
840: epic tick
840: 125.3 dps, 2155 hp, 583.5 mana
841: 125.1 dps, 2155 hp, 583.5 mana
842: 125.0 dps, 2155 hp, 583.5 mana
843: 124.8 dps, 2155 hp, 583.5 mana
844: finished casting BreathOfUltor
844: 124.7 dps, 2155 hp, 116 mana
845: 124.5 dps, 2155 hp, 116 mana
846: nife tick
846: BreathOfUltor tick
846: ancientnife tick
846: epic tick
846: 125.2 dps, 2174 hp, 125 mana
847: startcast cann4
847: 125.1 dps, 2174 hp, 125 mana
848: 124.9 dps, 2174 hp, 125 mana
849: 124.8 dps, 2174 hp, 125 mana
850: cann4 tick
850: finished casting cann4
850: 124.6 dps, 2026 hp, 207 mana
851: 124.5 dps, 2026 hp, 207 mana
852: BreathOfUltor tick
852: ancientnife tick
852: epic tick
852: startcast cann4
852: 124.9 dps, 2045 hp, 216 mana
853: 124.8 dps, 2045 hp, 216 mana
854: 124.6 dps, 2045 hp, 216 mana
855: cann4 tick
855: finished casting cann4
855: 124.5 dps, 1897 hp, 298 mana
856: 124.3 dps, 1897 hp, 298 mana
857: startcast torpor
857: 124.2 dps, 1897 hp, 298 mana
858: BreathOfUltor tick
858: ancientnife tick
858: epic tick
858: 124.6 dps, 1916 hp, 307 mana
859: 124.5 dps, 1916 hp, 307 mana
860: 124.3 dps, 1916 hp, 307 mana
861: finished casting torpor
861: 124.2 dps, 1916 hp, 137 mana
862: 124.1 dps, 1916 hp, 137 mana
863: 123.9 dps, 1916 hp, 137 mana
864: torpor tick
864: BreathOfUltor tick
864: ancientnife tick
864: epic tick
864: startcast cann4
864: 124.3 dps, 2235 hp, 146 mana
865: 124.2 dps, 2235 hp, 146 mana
866: 124.1 dps, 2235 hp, 146 mana
867: cann4 tick
867: finished casting cann4
867: 123.9 dps, 2087 hp, 228 mana
868: 123.8 dps, 2087 hp, 228 mana
869: startcast cann4
869: 123.6 dps, 2087 hp, 228 mana
870: torpor tick
870: BreathOfUltor tick
870: epic tick
870: 123.7 dps, 2406 hp, 237 mana
871: 123.6 dps, 2406 hp, 237 mana
872: cann4 tick
872: finished casting cann4
872: 123.5 dps, 2258 hp, 319 mana
873: 123.3 dps, 2258 hp, 319 mana
874: startcast cann4
874: 123.2 dps, 2258 hp, 319 mana
875: 123.0 dps, 2258 hp, 319 mana
876: torpor tick
876: BreathOfUltor tick
876: epic tick
876: 123.1 dps, 2577 hp, 328 mana
877: cann4 tick
877: finished casting cann4
877: 123.0 dps, 2429 hp, 410 mana
878: 122.9 dps, 2429 hp, 410 mana
879: startcast cann4
879: 122.7 dps, 2429 hp, 410 mana
880: 122.6 dps, 2429 hp, 410 mana
881: 122.4 dps, 2429 hp, 410 mana
882: torpor tick
882: BreathOfUltor tick
882: epic tick
882: cann4 tick
882: finished casting cann4
882: 122.6 dps, 2600 hp, 501 mana
883: 122.4 dps, 2600 hp, 501 mana
884: startcast ancientnife
884: 122.3 dps, 2600 hp, 501 mana
885: 122.1 dps, 2600 hp, 501 mana
886: 122.0 dps, 2600 hp, 501 mana
887: 121.9 dps, 2600 hp, 501 mana
888: torpor tick
888: BreathOfUltor tick
888: epic tick
888: 122.0 dps, 2919 hp, 510 mana
889: finished casting ancientnife
889: 121.8 dps, 2919 hp, 148.75 mana
890: 121.7 dps, 2919 hp, 148.75 mana
891: 121.6 dps, 2919 hp, 148.75 mana
892: startcast cann4
892: 121.4 dps, 2919 hp, 148.75 mana
893: 121.3 dps, 2919 hp, 148.75 mana
894: torpor tick
894: BreathOfUltor tick
894: ancientnife tick
894: epic tick
894: 121.7 dps, 3238 hp, 157.75 mana
895: cann4 tick
895: finished casting cann4
895: 121.6 dps, 3090 hp, 239.75 mana
896: 121.4 dps, 3090 hp, 239.75 mana
897: startcast cann4
897: 121.3 dps, 3090 hp, 239.75 mana
898: 121.2 dps, 3090 hp, 239.75 mana
899: 121.0 dps, 3090 hp, 239.75 mana
900: BreathOfUltor tick
900: ancientnife tick
900: epic tick
900: cann4 tick
900: finished casting cann4
900: 121.5 dps, 2961 hp, 330.75 mana
901: 121.3 dps, 2961 hp, 330.75 mana
902: startcast cann4
902: 121.2 dps, 2961 hp, 330.75 mana
903: 121.0 dps, 2961 hp, 330.75 mana
904: 120.9 dps, 2961 hp, 330.75 mana
905: cann4 tick
905: finished casting cann4
905: 120.8 dps, 2813 hp, 412.75 mana
906: BreathOfUltor tick
906: ancientnife tick
906: epic tick
906: 121.2 dps, 2832 hp, 421.75 mana
907: startcast cann4
907: 121.1 dps, 2832 hp, 421.75 mana
908: 120.9 dps, 2832 hp, 421.75 mana
909: 120.8 dps, 2832 hp, 421.75 mana
910: cann4 tick
910: finished casting cann4
910: 120.7 dps, 2684 hp, 503.75 mana
911: 120.5 dps, 2684 hp, 503.75 mana
912: BreathOfUltor tick
912: ancientnife tick
912: epic tick
912: startcast nife
912: 120.9 dps, 2703 hp, 512.75 mana
913: 120.8 dps, 2703 hp, 512.75 mana
914: 120.7 dps, 2703 hp, 512.75 mana
915: 120.5 dps, 2703 hp, 512.75 mana
916: 120.4 dps, 2703 hp, 512.75 mana
917: finished casting nife
917: 120.3 dps, 2703 hp, 151.5 mana
918: nife tick
918: BreathOfUltor tick
918: ancientnife tick
918: epic tick
918: 120.9 dps, 2722 hp, 160.5 mana
919: 120.8 dps, 2722 hp, 160.5 mana
920: startcast epic
920: 120.7 dps, 2722 hp, 160.5 mana
921: 120.5 dps, 2722 hp, 160.5 mana
922: 120.4 dps, 2722 hp, 160.5 mana
923: 120.3 dps, 2722 hp, 160.5 mana
924: nife tick
924: BreathOfUltor tick
924: ancientnife tick
924: 120.8 dps, 2741 hp, 169.5 mana
925: 120.7 dps, 2741 hp, 169.5 mana
926: 120.6 dps, 2741 hp, 169.5 mana
927: 120.5 dps, 2741 hp, 169.5 mana
928: 120.3 dps, 2741 hp, 169.5 mana
929: finished casting epic
929: 120.2 dps, 2741 hp, 169.5 mana
930: nife tick
930: BreathOfUltor tick
930: ancientnife tick
930: epic tick
930: startcast cann4
930: 120.8 dps, 2760 hp, 178.5 mana
931: 120.7 dps, 2760 hp, 178.5 mana
932: 120.6 dps, 2760 hp, 178.5 mana
933: cann4 tick
933: finished casting cann4
933: 120.5 dps, 2612 hp, 260.5 mana
934: 120.3 dps, 2612 hp, 260.5 mana
935: startcast cann4
935: 120.2 dps, 2612 hp, 260.5 mana
936: nife tick
936: BreathOfUltor tick
936: ancientnife tick
936: epic tick
936: 120.8 dps, 2631 hp, 269.5 mana
937: 120.7 dps, 2631 hp, 269.5 mana
938: cann4 tick
938: finished casting cann4
938: 120.6 dps, 2483 hp, 351.5 mana
939: 120.5 dps, 2483 hp, 351.5 mana
940: startcast cann4
940: 120.3 dps, 2483 hp, 351.5 mana
941: 120.2 dps, 2483 hp, 351.5 mana
942: nife tick
942: BreathOfUltor tick
942: ancientnife tick
942: epic tick
942: 120.8 dps, 2502 hp, 360.5 mana
943: cann4 tick
943: finished casting cann4
943: 120.7 dps, 2354 hp, 442.5 mana
944: 120.6 dps, 2354 hp, 442.5 mana
945: startcast ancientnife
945: 120.5 dps, 2354 hp, 442.5 mana
946: 120.3 dps, 2354 hp, 442.5 mana
947: 120.2 dps, 2354 hp, 442.5 mana
948: nife tick
948: BreathOfUltor tick
948: epic tick
948: 120.6 dps, 2373 hp, 451.5 mana
949: 120.4 dps, 2373 hp, 451.5 mana
950: finished casting ancientnife
950: 120.3 dps, 2373 hp, 90.25 mana
951: 120.2 dps, 2373 hp, 90.25 mana
952: 120.0 dps, 2373 hp, 90.25 mana
953: startcast cann4
953: 119.9 dps, 2373 hp, 90.25 mana
954: nife tick
954: BreathOfUltor tick
954: ancientnife tick
954: epic tick
954: 120.6 dps, 2392 hp, 99.25 mana
955: 120.4 dps, 2392 hp, 99.25 mana
956: cann4 tick
956: finished casting cann4
956: 120.3 dps, 2244 hp, 181.25 mana
957: 120.2 dps, 2244 hp, 181.25 mana
958: cann5 tick
958: finished casting cann5
958: startcast cann5
958: 120.1 dps, 320 hp, 1247.25 mana
959: startcast torpor
959: 119.9 dps, 320 hp, 1247.25 mana
960: nife tick
960: BreathOfUltor tick
960: ancientnife tick
960: epic tick
960: 120.6 dps, 339 hp, 1256.25 mana
961: 120.4 dps, 339 hp, 1256.25 mana
962: 120.3 dps, 339 hp, 1256.25 mana
963: finished casting torpor
963: 120.2 dps, 339 hp, 1086.25 mana
964: 120.1 dps, 339 hp, 1086.25 mana
965: 119.9 dps, 339 hp, 1086.25 mana
966: torpor tick
966: nife tick
966: BreathOfUltor tick
966: ancientnife tick
966: epic tick
966: startcast BloodOfSaryrn
966: 120.6 dps, 658 hp, 1095.25 mana
967: 120.4 dps, 658 hp, 1095.25 mana
968: 120.3 dps, 658 hp, 1095.25 mana
969: 120.2 dps, 658 hp, 1095.25 mana
970: 120.1 dps, 658 hp, 1095.25 mana
971: finished casting BloodOfSaryrn
971: 119.9 dps, 658 hp, 640.5 mana
972: torpor tick
972: BloodOfSaryrn tick
972: BreathOfUltor tick
972: ancientnife tick
972: epic tick
972: 120.7 dps, 977 hp, 649.5 mana
973: 120.5 dps, 977 hp, 649.5 mana
974: startcast nife
974: 120.4 dps, 977 hp, 649.5 mana
975: 120.3 dps, 977 hp, 649.5 mana
976: 120.2 dps, 977 hp, 649.5 mana
977: 120.0 dps, 977 hp, 649.5 mana
978: torpor tick
978: BloodOfSaryrn tick
978: BreathOfUltor tick
978: ancientnife tick
978: epic tick
978: 120.8 dps, 1296 hp, 658.5 mana
979: finished casting nife
979: 120.6 dps, 1296 hp, 297.25 mana
980: 120.5 dps, 1296 hp, 297.25 mana
981: 120.4 dps, 1296 hp, 297.25 mana
982: startcast cann4
982: 120.3 dps, 1296 hp, 297.25 mana
983: 120.1 dps, 1296 hp, 297.25 mana
984: torpor tick
984: BloodOfSaryrn tick
984: nife tick
984: BreathOfUltor tick
984: ancientnife tick
984: epic tick
984: 121.1 dps, 1615 hp, 306.25 mana
985: cann4 tick
985: finished casting cann4
985: 121.0 dps, 1467 hp, 388.25 mana
986: 120.8 dps, 1467 hp, 388.25 mana
987: startcast cann4
987: 120.7 dps, 1467 hp, 388.25 mana
988: 120.6 dps, 1467 hp, 388.25 mana
989: 120.5 dps, 1467 hp, 388.25 mana
990: torpor tick
990: BloodOfSaryrn tick
990: nife tick
990: BreathOfUltor tick
990: ancientnife tick
990: epic tick
990: cann4 tick
990: finished casting cann4
990: 121.4 dps, 1638 hp, 479.25 mana
991: 121.3 dps, 1638 hp, 479.25 mana
992: startcast cann4
992: 121.2 dps, 1638 hp, 479.25 mana
993: 121.1 dps, 1638 hp, 479.25 mana
994: 120.9 dps, 1638 hp, 479.25 mana
995: cann4 tick
995: finished casting cann4
995: 120.8 dps, 1490 hp, 561.25 mana
996: torpor tick
996: BloodOfSaryrn tick
996: nife tick
996: BreathOfUltor tick
996: ancientnife tick
996: epic tick
996: 121.7 dps, 1809 hp, 570.25 mana
997: startcast torpor
997: 121.6 dps, 1809 hp, 570.25 mana
998: 121.5 dps, 1809 hp, 570.25 mana
999: 121.4 dps, 1809 hp, 570.25 mana
1000: 121.3 dps, 1809 hp, 570.25 mana
1001: finished casting torpor
1001: 121.1 dps, 1809 hp, 400.25 mana
1002: torpor tick
1002: BloodOfSaryrn tick
1002: nife tick
1002: BreathOfUltor tick
1002: ancientnife tick
1002: epic tick
1002: 122.1 dps, 2128 hp, 409.25 mana
1003: 121.9 dps, 2128 hp, 409.25 mana
1004: startcast cann4
1004: 121.8 dps, 2128 hp, 409.25 mana
1005: 121.7 dps, 2128 hp, 409.25 mana
1006: 121.6 dps, 2128 hp, 409.25 mana
1007: cann4 tick
1007: finished casting cann4
1007: 121.5 dps, 1980 hp, 491.25 mana
1008: torpor tick
1008: BloodOfSaryrn tick
1008: nife tick
1008: BreathOfUltor tick
1008: epic tick
1008: 122.1 dps, 2299 hp, 500.25 mana
1009: startcast epic
1009: 122.0 dps, 2299 hp, 500.25 mana
1010: 121.9 dps, 2299 hp, 500.25 mana
1011: 121.7 dps, 2299 hp, 500.25 mana
1012: 121.6 dps, 2299 hp, 500.25 mana
1013: 121.5 dps, 2299 hp, 500.25 mana
1014: torpor tick
1014: BloodOfSaryrn tick
1014: nife tick
1014: BreathOfUltor tick
1014: 122.1 dps, 2618 hp, 509.25 mana
1015: 121.9 dps, 2618 hp, 509.25 mana
1016: 121.8 dps, 2618 hp, 509.25 mana
1017: 121.7 dps, 2618 hp, 509.25 mana
1018: finished casting epic
1018: 121.6 dps, 2618 hp, 509.25 mana
1019: startcast ancientnife
1019: 121.5 dps, 2618 hp, 509.25 mana
1020: torpor tick
1020: BloodOfSaryrn tick
1020: nife tick
1020: epic tick
1020: 122.0 dps, 2937 hp, 518.25 mana
1021: 121.9 dps, 2937 hp, 518.25 mana
1022: 121.7 dps, 2937 hp, 518.25 mana
1023: 121.6 dps, 2937 hp, 518.25 mana
1024: finished casting ancientnife
1024: 121.5 dps, 2937 hp, 157 mana
1025: 121.4 dps, 2937 hp, 157 mana
1026: torpor tick
1026: nife tick
1026: ancientnife tick
1026: epic tick
1026: 121.8 dps, 3256 hp, 166 mana
1027: startcast cann4
1027: 121.7 dps, 3256 hp, 166 mana
1028: 121.6 dps, 3256 hp, 166 mana
1029: 121.5 dps, 3256 hp, 166 mana
1030: cann4 tick
1030: finished casting cann4
1030: 121.4 dps, 3108 hp, 248 mana
1031: 121.3 dps, 3108 hp, 248 mana
1032: torpor tick
1032: nife tick
1032: ancientnife tick
1032: epic tick
1032: startcast cann4
1032: 121.7 dps, 3427 hp, 257 mana
1033: 121.6 dps, 3427 hp, 257 mana
1034: 121.5 dps, 3427 hp, 257 mana
1035: cann4 tick
1035: finished casting cann4
1035: 121.4 dps, 3279 hp, 339 mana
1036: 121.2 dps, 3279 hp, 339 mana
1037: startcast cann4
1037: 121.1 dps, 3279 hp, 339 mana
1038: ancientnife tick
1038: epic tick
1038: 121.4 dps, 3298 hp, 348 mana
1039: 121.2 dps, 3298 hp, 348 mana
1040: cann4 tick
1040: finished casting cann4
1040: 121.1 dps, 3150 hp, 430 mana
1041: 121.0 dps, 3150 hp, 430 mana
1042: startcast nife
1042: 120.9 dps, 3150 hp, 430 mana
1043: 120.8 dps, 3150 hp, 430 mana
1044: ancientnife tick
1044: epic tick
1044: 121.0 dps, 3169 hp, 439 mana
1045: 120.9 dps, 3169 hp, 439 mana
1046: 120.8 dps, 3169 hp, 439 mana
1047: finished casting nife
1047: 120.7 dps, 3169 hp, 77.75 mana
1048: 120.6 dps, 3169 hp, 77.75 mana
1049: 120.4 dps, 3169 hp, 77.75 mana
1050: nife tick
1050: ancientnife tick
1050: epic tick
1050: startcast cann4
1050: 120.9 dps, 3188 hp, 86.75 mana
1051: 120.8 dps, 3188 hp, 86.75 mana
1052: 120.7 dps, 3188 hp, 86.75 mana
1053: cann4 tick
1053: finished casting cann4
1053: 120.5 dps, 3040 hp, 168.75 mana
1054: 120.4 dps, 3040 hp, 168.75 mana
1055: startcast cann4
1055: 120.3 dps, 3040 hp, 168.75 mana
1056: nife tick
1056: ancientnife tick
1056: epic tick
1056: 120.8 dps, 3059 hp, 177.75 mana
1057: 120.7 dps, 3059 hp, 177.75 mana
1058: cann4 tick
1058: finished casting cann4
1058: 120.5 dps, 2911 hp, 259.75 mana
1059: 120.4 dps, 2911 hp, 259.75 mana
1060: startcast cann4
1060: 120.3 dps, 2911 hp, 259.75 mana
1061: 120.2 dps, 2911 hp, 259.75 mana
1062: nife tick
1062: ancientnife tick
1062: epic tick
1062: 120.6 dps, 2930 hp, 268.75 mana
1063: cann4 tick
1063: finished casting cann4
1063: 120.5 dps, 2782 hp, 350.75 mana
1064: 120.4 dps, 2782 hp, 350.75 mana
1065: startcast cann4
1065: 120.3 dps, 2782 hp, 350.75 mana
1066: 120.2 dps, 2782 hp, 350.75 mana
1067: 120.1 dps, 2782 hp, 350.75 mana
1068: nife tick
1068: ancientnife tick
1068: epic tick
1068: cann4 tick
1068: finished casting cann4
1068: 120.5 dps, 2653 hp, 441.75 mana
1069: 120.4 dps, 2653 hp, 441.75 mana
1070: startcast cann4
1070: 120.3 dps, 2653 hp, 441.75 mana
1071: 120.2 dps, 2653 hp, 441.75 mana
1072: 120.1 dps, 2653 hp, 441.75 mana
1073: cann4 tick
1073: finished casting cann4
1073: 120.0 dps, 2505 hp, 523.75 mana
1074: nife tick
1074: ancientnife tick
1074: epic tick
1074: 120.4 dps, 2524 hp, 532.75 mana
1075: startcast ancientnife
1075: 120.3 dps, 2524 hp, 532.75 mana
1076: 120.2 dps, 2524 hp, 532.75 mana
1077: 120.1 dps, 2524 hp, 532.75 mana
1078: 120.0 dps, 2524 hp, 532.75 mana
1079: 119.8 dps, 2524 hp, 532.75 mana
1080: nife tick
1080: epic tick
1080: finished casting ancientnife
1080: 120.0 dps, 2543 hp, 180.5 mana
1081: 119.9 dps, 2543 hp, 180.5 mana
1082: 119.8 dps, 2543 hp, 180.5 mana
1083: startcast cann4
1083: 119.7 dps, 2543 hp, 180.5 mana
1084: 119.6 dps, 2543 hp, 180.5 mana
1085: 119.5 dps, 2543 hp, 180.5 mana
1086: nife tick
1086: ancientnife tick
1086: epic tick
1086: cann4 tick
1086: finished casting cann4
1086: 119.9 dps, 2414 hp, 271.5 mana
1087: 119.8 dps, 2414 hp, 271.5 mana
1088: startcast cann4
1088: 119.7 dps, 2414 hp, 271.5 mana
1089: 119.6 dps, 2414 hp, 271.5 mana
1090: 119.5 dps, 2414 hp, 271.5 mana
1091: cann4 tick
1091: finished casting cann4
1091: 119.4 dps, 2266 hp, 353.5 mana
1092: nife tick
1092: ancientnife tick
1092: epic tick
1092: 119.8 dps, 2285 hp, 362.5 mana
1093: startcast cann4
1093: 119.7 dps, 2285 hp, 362.5 mana
1094: 119.6 dps, 2285 hp, 362.5 mana
1095: 119.5 dps, 2285 hp, 362.5 mana
1096: cann4 tick
1096: finished casting cann4
1096: 119.4 dps, 2137 hp, 444.5 mana
1097: 119.3 dps, 2137 hp, 444.5 mana
1098: nife tick
1098: ancientnife tick
1098: epic tick
1098: startcast epic
1098: 119.7 dps, 2156 hp, 453.5 mana
1099: 119.6 dps, 2156 hp, 453.5 mana
1100: 119.5 dps, 2156 hp, 453.5 mana
1101: 119.4 dps, 2156 hp, 453.5 mana
1102: 119.3 dps, 2156 hp, 453.5 mana
1103: 119.1 dps, 2156 hp, 453.5 mana
1104: ancientnife tick
1104: 119.3 dps, 2175 hp, 462.5 mana
1105: 119.2 dps, 2175 hp, 462.5 mana
1106: 119.1 dps, 2175 hp, 462.5 mana
1107: finished casting epic
1107: 119.0 dps, 2175 hp, 462.5 mana
1108: startcast nife
1108: 118.9 dps, 2175 hp, 462.5 mana
1109: 118.7 dps, 2175 hp, 462.5 mana
1110: ancientnife tick
1110: epic tick
1110: 119.0 dps, 2194 hp, 471.5 mana
1111: 118.9 dps, 2194 hp, 471.5 mana
1112: 118.8 dps, 2194 hp, 471.5 mana
1113: finished casting nife
1113: 118.6 dps, 2194 hp, 110.25 mana
1114: 118.5 dps, 2194 hp, 110.25 mana
1115: 118.4 dps, 2194 hp, 110.25 mana
1116: nife tick
1116: ancientnife tick
1116: epic tick
1116: startcast cann4
1116: 118.9 dps, 2213 hp, 119.25 mana
1117: 118.8 dps, 2213 hp, 119.25 mana
1118: 118.7 dps, 2213 hp, 119.25 mana
1119: cann4 tick
1119: finished casting cann4
1119: 118.5 dps, 2065 hp, 201.25 mana
1120: 118.4 dps, 2065 hp, 201.25 mana
1121: startcast cann4
1121: 118.3 dps, 2065 hp, 201.25 mana
1122: nife tick
1122: ancientnife tick
1122: epic tick
1122: 118.8 dps, 2084 hp, 210.25 mana
1123: 118.7 dps, 2084 hp, 210.25 mana
1124: cann4 tick
1124: finished casting cann4
1124: 118.5 dps, 1936 hp, 292.25 mana
1125: 118.4 dps, 1936 hp, 292.25 mana
1126: startcast torpor
1126: 118.3 dps, 1936 hp, 292.25 mana
1127: 118.2 dps, 1936 hp, 292.25 mana
1128: nife tick
1128: ancientnife tick
1128: epic tick
1128: 118.7 dps, 1955 hp, 301.25 mana
1129: 118.5 dps, 1955 hp, 301.25 mana
1130: finished casting torpor
1130: 118.4 dps, 1955 hp, 131.25 mana
1131: 118.3 dps, 1955 hp, 131.25 mana
1132: 118.2 dps, 1955 hp, 131.25 mana
1133: startcast cann4
1133: 118.1 dps, 1955 hp, 131.25 mana
1134: torpor tick
1134: nife tick
1134: ancientnife tick
1134: epic tick
1134: 118.5 dps, 2274 hp, 140.25 mana
1135: 118.4 dps, 2274 hp, 140.25 mana
1136: cann4 tick
1136: finished casting cann4
1136: 118.3 dps, 2126 hp, 222.25 mana
1137: 118.2 dps, 2126 hp, 222.25 mana
1138: cann5 tick
1138: finished casting cann5
1138: startcast cann5
1138: 118.1 dps, 202 hp, 1288.25 mana
1139: startcast ancientnife
1139: 118.0 dps, 202 hp, 1288.25 mana
1140: torpor tick
1140: nife tick
1140: epic tick
1140: 118.2 dps, 521 hp, 1297.25 mana
1141: 118.1 dps, 521 hp, 1297.25 mana
1142: 118.0 dps, 521 hp, 1297.25 mana
1143: 117.9 dps, 521 hp, 1297.25 mana
1144: finished casting ancientnife
1144: 117.8 dps, 521 hp, 936 mana
1145: 117.7 dps, 521 hp, 936 mana
1146: torpor tick
1146: nife tick
1146: ancientnife tick
1146: epic tick
1146: 118.1 dps, 840 hp, 945 mana
1147: startcast BloodOfSaryrn
1147: 118.0 dps, 840 hp, 945 mana
1148: 117.9 dps, 840 hp, 945 mana
1149: 117.8 dps, 840 hp, 945 mana
1150: 117.7 dps, 840 hp, 945 mana
1151: 117.6 dps, 840 hp, 945 mana
1152: torpor tick
1152: nife tick
1152: ancientnife tick
1152: epic tick
1152: finished casting BloodOfSaryrn
1152: 118.0 dps, 1159 hp, 499.25 mana
1153: 117.9 dps, 1159 hp, 499.25 mana
1154: 117.8 dps, 1159 hp, 499.25 mana
1155: startcast cann4
1155: 117.7 dps, 1159 hp, 499.25 mana
1156: 117.6 dps, 1159 hp, 499.25 mana
1157: 117.5 dps, 1159 hp, 499.25 mana
1158: torpor tick
1158: BloodOfSaryrn tick
1158: nife tick
1158: ancientnife tick
1158: epic tick
1158: cann4 tick
1158: finished casting cann4
1158: 118.2 dps, 1330 hp, 590.25 mana
1159: 118.1 dps, 1330 hp, 590.25 mana
1160: startcast BreathOfUltor
1160: 118.0 dps, 1330 hp, 590.25 mana
1161: 117.9 dps, 1330 hp, 590.25 mana
1162: 117.8 dps, 1330 hp, 590.25 mana
1163: 117.7 dps, 1330 hp, 590.25 mana
1164: torpor tick
1164: BloodOfSaryrn tick
1164: nife tick
1164: ancientnife tick
1164: epic tick
1164: 118.4 dps, 1649 hp, 599.25 mana
1165: 118.3 dps, 1649 hp, 599.25 mana
1166: finished casting BreathOfUltor
1166: 118.2 dps, 1649 hp, 131.75 mana
1167: 118.1 dps, 1649 hp, 131.75 mana
1168: 118.0 dps, 1649 hp, 131.75 mana
1169: startcast cann4
1169: 117.9 dps, 1649 hp, 131.75 mana
1170: BloodOfSaryrn tick
1170: BreathOfUltor tick
1170: ancientnife tick
1170: epic tick
1170: 118.5 dps, 1668 hp, 140.75 mana
1171: 118.4 dps, 1668 hp, 140.75 mana
1172: cann4 tick
1172: finished casting cann4
1172: 118.3 dps, 1520 hp, 222.75 mana
1173: 118.2 dps, 1520 hp, 222.75 mana
1174: startcast torpor
1174: 118.1 dps, 1520 hp, 222.75 mana
1175: 118.0 dps, 1520 hp, 222.75 mana
1176: BloodOfSaryrn tick
1176: BreathOfUltor tick
1176: ancientnife tick
1176: epic tick
1176: 118.6 dps, 1539 hp, 231.75 mana
1177: 118.5 dps, 1539 hp, 231.75 mana
1178: finished casting torpor
1178: 118.4 dps, 1539 hp, 61.75 mana
1179: 118.3 dps, 1539 hp, 61.75 mana
1180: 118.2 dps, 1539 hp, 61.75 mana
1181: startcast cann4
1181: 118.1 dps, 1539 hp, 61.75 mana
1182: torpor tick
1182: BloodOfSaryrn tick
1182: BreathOfUltor tick
1182: ancientnife tick
1182: epic tick
1182: 118.7 dps, 1858 hp, 70.75 mana
1183: 118.6 dps, 1858 hp, 70.75 mana
1184: cann4 tick
1184: finished casting cann4
1184: 118.5 dps, 1710 hp, 152.75 mana
1185: 118.4 dps, 1710 hp, 152.75 mana
1186: startcast cann4
1186: 118.3 dps, 1710 hp, 152.75 mana
1187: 118.2 dps, 1710 hp, 152.75 mana
1188: torpor tick
1188: BloodOfSaryrn tick
1188: BreathOfUltor tick
1188: ancientnife tick
1188: epic tick
1188: 118.7 dps, 2029 hp, 161.75 mana
1189: cann4 tick
1189: finished casting cann4
1189: 118.6 dps, 1881 hp, 243.75 mana
1190: 118.5 dps, 1881 hp, 243.75 mana
1191: startcast epic
1191: 118.4 dps, 1881 hp, 243.75 mana
1192: 118.3 dps, 1881 hp, 243.75 mana
1193: 118.2 dps, 1881 hp, 243.75 mana
1194: torpor tick
1194: BloodOfSaryrn tick
1194: BreathOfUltor tick
1194: ancientnife tick
1194: 118.8 dps, 2200 hp, 252.75 mana
1195: 118.7 dps, 2200 hp, 252.75 mana
1196: 118.6 dps, 2200 hp, 252.75 mana
1197: 118.5 dps, 2200 hp, 252.75 mana
1198: 118.4 dps, 2200 hp, 252.75 mana
1199: 118.3 dps, 2200 hp, 252.75 mana
1200: torpor tick
1200: BloodOfSaryrn tick
1200: BreathOfUltor tick
1200: finished casting epic
1200: 118.5 dps, 2519 hp, 261.75 mana
