952733620::Sword of Lost Light <a href="http://gameznet.com/ac/equipment/soll.html">[More]</a>::Sword::5-13::30::Slashing/Piercing::::2500::450::::Blood Drinker V, Swift Killer IV, Quickness Other IV::588::10::280 Sword, 158 Arcane Lore::Obtained via Quest::admin
952733683::Brogard's Axe <a href="http://gameznet.com/ac/equipment/brogordsaxe.html">[More]</a>::Axe::7-13::60::Slashing/Piercing::::280::940::::None::::::::Quest Item::admin
952733746::Lugian Axe <a href="http://gameznet.com/ac/equipment/lugianaxe.htm">[More]</a>::Axe::10-20::120::Slashing/Piercing::::1680::6400::::-19% Melee Defense::::::::Carried by Lugians::admin
952734009::Branith's Staff <a href="http://gameznet.com/ac/equipment/branithsstaff.htm">[More]</a>::Wand::::::Wand::::1500::50::70::Flame Bolt II::300::N/A::War Magic 100, Arcane Lore 30::Dungeon Drop(Mite Maze)::admin
952734115::Orb of Black Fire <a href="http://gameznet.com/ac/equipment/orbblackfire.html">[More]</a>::Wand::::::Wand::::5700::50::60::Regeneration Other VI, ::2000::N/A::Life Magic 270, Arcane Lore 115::Given by Samsur Obsidian Enchantress for an Obsidian Sphere::admin
952734228::Wand of Black Fire <a href="http://gameznet.com/ac/equipment/wandblackfire.html">[More]</a>::Wand::::::Wand::::5700::125::80::Flame Bolt VI::2000::N/A::War Magic 270, Arcane Lore 115::Given by Hebian To Obsidian Enchantress for an Obsidian Sphere::admin
952734341::Lilitha's Bow <a href="http://gameznet.com/ac/equipment/lilithasbow.html">[More]</a>::Bow::::50::Bow::::875::450::80::None::::::::Dungeon Drop(Hunters Leap)::admin
952734455::Ash Tooth Dagger <a href="http://gameznet.com/ac/equipment/ashtoothdagger.html">[More]</a>::Dagger::4-7::10::Slashing/Piercing::::400::105::::None::::::::Acquired by giving an Ash Gromnie Tooth to Ivory Collector::admin
952734488::Gertah's Dagger <a href="http://gameznet.com/ac/equipment/gertarhsdagger.html">[More]</a>::Dagger::8-9::20::Slashing/Piercing::::300::135::::None::::::::Dungeon Drop::admin
952734558::Hammer of Frore <a href="http://gameznet.com/ac/equipment/hammeroffrore.htm">[More]</a>::Axe::8-16::65::Blugeoning::Frost::1500::800::::None::::::::Dungeon Drop::admin
952734611::Lugian Mace <a href="http://gameznet.com/ac/equipment/lugian_mace.htm">[More]</a>::Mace::8-18::80::Blugeoning::::500::5200::::-19% Melee Defense::::::::Dropped by Lugians::admin
952734709::Tibri's Fire Spear <a href="http://gameznet.com/ac/equipment/tibrisfirespear.htm">[More]</a>::Spear::2-8::30::Piercing::Fire::2500::700::::Blood Drinker II, Heart Seeker II::144::30::75 Spear, Arcane Lore 18::Dungeon Drop::admin
952734768::Golem Jo <a href="http://gameznet.com/ac/equipment/golemjo.html">[More]</a>::Staff::4-8::25::Bludgeoning::::750::400::::+4% Melee Defense::::::::Given by Trophy Smith for Wood Golem heart::admin
952734928::Tremblant's Ivory Staff <a href="http://gameznet.com/ac/equipment/tremblantsivorystaff.htm">[More]</a>::Staff::5-10::30::Bludgeoning::Electrical::1800::675::::Defender IV, Staff Mastery Other IV, Blood Drinker III::425::10::Staff 400, Allegiance Rank 4, 140 Arcane Lore::Dungeon Drop::admin
952735274::Olthoi Sword <a href="http://gameznet.com/ac/equipment/olthoisword.htm">[More]</a>::Sword::4-14::40::Slashing/Piercing::::1500::350::::None::::::::Given for  Olthoi Claw from Olthoi Hunter::admin
952735401::Overlord's Sword <a href="http://gameznet.com/ac/equipment/overlordsword.htm">[More]</a>::Sword::6-23::100::Slashing/Piercing::::1550::650::::None::::::::Dungeon Drop::admin
952736662::Ivory Tooth Dart::Throwing::6-18::10::Piercing::::30::15::60::None::::::::Reward for turning in Ivory Gromnie Tooth to Ivory Crafter::admin
952736794::Jade Tooth Quarrel::Quarrel::9-12::::Piercing::::3::9::::None::::::::Reward for turning in Jade Gromnie Tooth to Ivory Crafter::admin
952736849::Swamp Tooth Arrows::Arrow::9-11::::Piercing::::12::25::::None::::::::Reward for turning in Swamp Gromnie Tooth to Ivory Crafter::admin
952736909::Auroch Horn Spear::Spear::3-10::20::Piercing::::900::550::::None::::::::Reward for turning in Auroch Horn to Ivory Crafter::admin
952736983::Spine Axe::Axe::6-12::60::Slashing::::1800::675::::None::::::::Made by Trophy Smith from Amoredillo Spine::admin
952737057::Golem Mace::Mace::6-11::30::Bludgeoning::::1500::750::::+4% Melee Defense::::::::Made by Trophy Smith from Iron Golem Heart::admin
952737245::White Virindi Wand::Wand::::::Wand::::5700::50::80::Lightning Bolt VI::2000::::270 War Magic, 115 Arcane Lore::Made by Jewel Collector for White Virindi Gem::admin
952737456::Dagger of Tikola::Dagger::3-10::20::Slashing/Piercing::::2500::120::::Blood Drinker III, Heart Seeker III::435::10::Dagger 125, Arcane Lore 43::Dungeon Drop::admin
952737544::Gertah's Throwing Dagger::Throwing::11-14::10::Piercing::::30::12::::None::::::::Dungeon Drop::admin
952737620::Green Mire Yari::Spear::6-11::25::Slashing/Piercing::::1200::710::::Heart Seeker II::288::100::Spear 75, Arcane Lore 18::Dungeon Drop(Green Mire Grave)::admin
952737887::Trothyr's War Hammer::Mace::6-11::40::Bludgeoning::::1000::500::::None::::::::Dungeon Drop(Trothyr's Rest)::admin
953461928::Abmim's Jambiya::Dagger::1-3::15::Slashing/Piercing::::30::30::::None::::::::::admin
953462407::Dull Dagger::Dagger::1-4::20::Slashing/Piercing::::40::405::::None::::::::Dungeon Drop::admin
953462849::Hamud's Pyreal Katar::Unarmed::3-7::15::Slashing/Piercing::::2500::120::::Blood Drinker III, Swift Killer II, Heart Seeker II, Quickness Other III::300::::175 Unarmed Combat, 135 Arcane Lore::Quest Item::admin
953462983::Impious Staff::Wand::::::Wand::::12000::50::80::Force Bolt VI::3600::::270 War Magic, 50 Arcane Law::::admin
953463385::Lou Ka's Yaoji::Sword::2-5::30::Slashing/Piercing::::45::350::::None::::::::Dungeon Drop::admin
953680114::Peerless Atlan Claw::Unarmed::2-8::15::Slashing/Piercing::::::::::::::::::Quest Reward::admin
953680222::Peerless Sparkling Atlan Claw::Unarmed::2-8::15::Slashing/Piercing::Electrical::::::::Acid Vulnerability Other IV, Blood Drinker IV, Heart Seeker IV, Lightning Protection Other IV::::::250 Unarmed, 180 Arcane Lore::Quest Reward::admin
953758933::Peerless Atlan Axe <a href="http://www.gameznet.com/ac/equipment/peerlessatlanaxe.html">[More]</a>::Axe::10-20::55::Slashing::::5000::800::::None::N/A::N/A::::Quest Reward::admin
954189533::Peerless Atlan Staff <a href="http://gameznet.com/ac/equipment/peerlessatlanstaff.html">[More]</a>::Staff::9-12::20::Bludgeoning::None::3000::450::N/A::None::N/A::N/A::None::Quest Reward::admin
957752501::Oak Staff::Staff::6-8::35::Bludgeoning::::250::500::::::::::::An item from the now deceased Banderling GertarhBanderling GertarhBanderling Gertarh::admin
957753115::Oswald's Dagger::Dagger::4-8::10::Piercing::Electrical::300::135::::Deception Master Self V, Gertarh's Curse::500::1 point per 40 seconds::::::admin
