1: startcast Condemnation
1: 0.0 dps, 4000 hp, 4000 mana
2: 0.0 dps, 4000 hp, 4000 mana
3: 0.0 dps, 4000 hp, 4000 mana
4: 0.0 dps, 4000 hp, 4000 mana
5: 0.0 dps, 4000 hp, 4000 mana
6: 0.0 dps, 4000 hp, 4000 mana
7: Condemnation tick
7: finished casting Condemnation
7: 185.0 dps, 4000 hp, 3689.75 mana
8: 161.8 dps, 4000 hp, 3689.75 mana
9: 143.9 dps, 4000 hp, 3689.75 mana
10: 129.5 dps, 4000 hp, 3689.75 mana
11: 117.7 dps, 4000 hp, 3689.75 mana
12: 107.9 dps, 4000 hp, 3726.75 mana
13: 99.6 dps, 4000 hp, 3726.75 mana
14: startcast Condemnation
14: 92.5 dps, 4000 hp, 3726.75 mana
15: 86.3 dps, 4000 hp, 3726.75 mana
16: 80.9 dps, 4000 hp, 3726.75 mana
17: 76.2 dps, 4000 hp, 3726.75 mana
18: 71.9 dps, 4000 hp, 3743.75 mana
19: 68.1 dps, 4000 hp, 3743.75 mana
20: Condemnation tick
20: finished casting Condemnation
20: 129.5 dps, 4000 hp, 3433.5 mana
21: 123.3 dps, 4000 hp, 3433.5 mana
22: 117.7 dps, 4000 hp, 3433.5 mana
23: 112.6 dps, 4000 hp, 3433.5 mana
24: 107.9 dps, 4000 hp, 3470.5 mana
25: 103.6 dps, 4000 hp, 3470.5 mana
26: 99.6 dps, 4000 hp, 3470.5 mana
27: startcast Condemnation
27: 95.9 dps, 4000 hp, 3470.5 mana
28: 92.5 dps, 4000 hp, 3470.5 mana
29: 89.3 dps, 4000 hp, 3470.5 mana
30: 86.3 dps, 4000 hp, 3487.5 mana
31: 83.5 dps, 4000 hp, 3487.5 mana
32: 80.9 dps, 4000 hp, 3487.5 mana
33: Condemnation tick
33: finished casting Condemnation
33: 117.7 dps, 4000 hp, 3177.25 mana
34: 114.2 dps, 4000 hp, 3177.25 mana
35: 111.0 dps, 4000 hp, 3177.25 mana
36: 107.9 dps, 4000 hp, 3194.25 mana
37: 105.0 dps, 4000 hp, 3194.25 mana
38: 102.2 dps, 4000 hp, 3194.25 mana
39: 99.6 dps, 4000 hp, 3194.25 mana
40: startcast Condemnation
40: 97.1 dps, 4000 hp, 3194.25 mana
41: 94.7 dps, 4000 hp, 3194.25 mana
42: 92.5 dps, 4000 hp, 3211.25 mana
43: 90.3 dps, 4000 hp, 3211.25 mana
44: 88.3 dps, 4000 hp, 3211.25 mana
45: 86.3 dps, 4000 hp, 3211.25 mana
46: Condemnation tick
46: finished casting Condemnation
46: 112.6 dps, 4000 hp, 2901 mana
47: 110.2 dps, 4000 hp, 2901 mana
48: 107.9 dps, 4000 hp, 2918 mana
49: 105.7 dps, 4000 hp, 2918 mana
50: 103.6 dps, 4000 hp, 2918 mana
51: 101.5 dps, 4000 hp, 2918 mana
52: 99.6 dps, 4000 hp, 2918 mana
53: startcast Condemnation
53: 97.7 dps, 4000 hp, 2918 mana
54: 95.9 dps, 4000 hp, 2935 mana
55: 94.2 dps, 4000 hp, 2935 mana
56: 92.5 dps, 4000 hp, 2935 mana
57: 90.9 dps, 4000 hp, 2935 mana
58: 89.3 dps, 4000 hp, 2935 mana
59: Condemnation tick
59: finished casting Condemnation
59: 109.7 dps, 4000 hp, 2624.75 mana
60: 107.9 dps, 4000 hp, 2641.75 mana
61: 106.1 dps, 4000 hp, 2641.75 mana
62: 104.4 dps, 4000 hp, 2641.75 mana
63: 102.8 dps, 4000 hp, 2641.75 mana
64: 101.1 dps, 4000 hp, 2641.75 mana
65: 99.6 dps, 4000 hp, 2641.75 mana
66: startcast Condemnation
66: 98.1 dps, 4000 hp, 2678.75 mana
67: 96.6 dps, 4000 hp, 2678.75 mana
68: 95.2 dps, 4000 hp, 2678.75 mana
69: 93.8 dps, 4000 hp, 2678.75 mana
70: 92.5 dps, 4000 hp, 2678.75 mana
71: 91.2 dps, 4000 hp, 2678.75 mana
72: Condemnation tick
72: finished casting Condemnation
72: 107.9 dps, 4000 hp, 2385.5 mana
73: 106.4 dps, 4000 hp, 2385.5 mana
74: 105.0 dps, 4000 hp, 2385.5 mana
75: 103.6 dps, 4000 hp, 2385.5 mana
76: 102.2 dps, 4000 hp, 2385.5 mana
77: 100.9 dps, 4000 hp, 2385.5 mana
78: 99.6 dps, 4000 hp, 2422.5 mana
79: startcast Condemnation
79: 98.3 dps, 4000 hp, 2422.5 mana
80: 97.1 dps, 4000 hp, 2422.5 mana
81: 95.9 dps, 4000 hp, 2422.5 mana
82: 94.7 dps, 4000 hp, 2422.5 mana
83: 93.6 dps, 4000 hp, 2422.5 mana
84: 92.5 dps, 4000 hp, 2439.5 mana
85: Condemnation tick
85: finished casting Condemnation
85: 106.6 dps, 4000 hp, 2129.25 mana
86: 105.4 dps, 4000 hp, 2129.25 mana
87: 104.2 dps, 4000 hp, 2129.25 mana
88: 103.0 dps, 4000 hp, 2129.25 mana
89: 101.8 dps, 4000 hp, 2129.25 mana
90: 100.7 dps, 4000 hp, 2166.25 mana
91: 99.6 dps, 4000 hp, 2166.25 mana
92: startcast Condemnation
92: 98.5 dps, 4000 hp, 2166.25 mana
93: 97.5 dps, 4000 hp, 2166.25 mana
94: 96.4 dps, 4000 hp, 2166.25 mana
95: 95.4 dps, 4000 hp, 2166.25 mana
96: 94.4 dps, 4000 hp, 2183.25 mana
97: 93.4 dps, 4000 hp, 2183.25 mana
98: Condemnation tick
98: finished casting Condemnation
98: 105.7 dps, 4000 hp, 1873 mana
99: 104.6 dps, 4000 hp, 1873 mana
100: 103.6 dps, 4000 hp, 1873 mana
101: 102.6 dps, 4000 hp, 1873 mana
102: 101.5 dps, 4000 hp, 1910 mana
103: 100.6 dps, 4000 hp, 1910 mana
104: 99.6 dps, 4000 hp, 1910 mana
105: startcast Condemnation
105: 98.6 dps, 4000 hp, 1910 mana
106: 97.7 dps, 4000 hp, 1910 mana
107: 96.8 dps, 4000 hp, 1910 mana
108: 95.9 dps, 4000 hp, 1927 mana
109: 95.0 dps, 4000 hp, 1927 mana
110: 94.2 dps, 4000 hp, 1927 mana
111: Condemnation tick
111: finished casting Condemnation
111: 105.0 dps, 4000 hp, 1616.75 mana
112: 104.0 dps, 4000 hp, 1616.75 mana
113: 103.1 dps, 4000 hp, 1616.75 mana
114: 102.2 dps, 4000 hp, 1633.75 mana
115: 101.3 dps, 4000 hp, 1633.75 mana
116: 100.5 dps, 4000 hp, 1633.75 mana
117: 99.6 dps, 4000 hp, 1633.75 mana
118: startcast Condemnation
118: 98.7 dps, 4000 hp, 1633.75 mana
119: 97.9 dps, 4000 hp, 1633.75 mana
120: 97.1 dps, 4000 hp, 1650.75 mana
121: 96.3 dps, 4000 hp, 1650.75 mana
122: 95.5 dps, 4000 hp, 1650.75 mana
123: 94.7 dps, 4000 hp, 1650.75 mana
124: Condemnation tick
124: finished casting Condemnation
124: 104.4 dps, 4000 hp, 1340.5 mana
125: 103.6 dps, 4000 hp, 1340.5 mana
126: 102.8 dps, 4000 hp, 1357.5 mana
127: 101.9 dps, 4000 hp, 1357.5 mana
128: 101.1 dps, 4000 hp, 1357.5 mana
129: 100.4 dps, 4000 hp, 1357.5 mana
130: 99.6 dps, 4000 hp, 1357.5 mana
131: startcast Condemnation
131: 98.8 dps, 4000 hp, 1357.5 mana
132: 98.1 dps, 4000 hp, 1374.5 mana
133: 97.3 dps, 4000 hp, 1374.5 mana
134: 96.6 dps, 4000 hp, 1374.5 mana
135: 95.9 dps, 4000 hp, 1374.5 mana
136: 95.2 dps, 4000 hp, 1374.5 mana
137: Condemnation tick
137: finished casting Condemnation
137: 104.0 dps, 4000 hp, 1064.25 mana
138: 103.2 dps, 4000 hp, 1081.25 mana
139: 102.5 dps, 4000 hp, 1081.25 mana
140: 101.7 dps, 4000 hp, 1081.25 mana
141: 101.0 dps, 4000 hp, 1081.25 mana
142: 100.3 dps, 4000 hp, 1081.25 mana
143: 99.6 dps, 4000 hp, 1081.25 mana
144: startcast Condemnation
144: 98.9 dps, 4000 hp, 1118.25 mana
145: 98.2 dps, 4000 hp, 1118.25 mana
146: 97.5 dps, 4000 hp, 1118.25 mana
147: 96.9 dps, 4000 hp, 1118.25 mana
148: 96.2 dps, 4000 hp, 1118.25 mana
149: 95.6 dps, 4000 hp, 1118.25 mana
150: Condemnation tick
150: finished casting Condemnation
150: 103.6 dps, 4000 hp, 825 mana
151: 102.9 dps, 4000 hp, 825 mana
152: 102.2 dps, 4000 hp, 825 mana
153: 101.5 dps, 4000 hp, 825 mana
154: 100.9 dps, 4000 hp, 825 mana
155: 100.2 dps, 4000 hp, 825 mana
156: 99.6 dps, 4000 hp, 862 mana
157: startcast Condemnation
157: 99.0 dps, 4000 hp, 862 mana
158: 98.3 dps, 4000 hp, 862 mana
159: 97.7 dps, 4000 hp, 862 mana
160: 97.1 dps, 4000 hp, 862 mana
161: 96.5 dps, 4000 hp, 862 mana
162: 95.9 dps, 4000 hp, 879 mana
163: Condemnation tick
163: finished casting Condemnation
163: 103.3 dps, 4000 hp, 568.75 mana
164: 102.6 dps, 4000 hp, 568.75 mana
165: 102.0 dps, 4000 hp, 568.75 mana
166: 101.4 dps, 4000 hp, 568.75 mana
167: 100.8 dps, 4000 hp, 568.75 mana
168: 100.2 dps, 4000 hp, 605.75 mana
169: 99.6 dps, 4000 hp, 605.75 mana
170: startcast Condemnation
170: 99.0 dps, 4000 hp, 605.75 mana
171: 98.4 dps, 4000 hp, 605.75 mana
172: 97.9 dps, 4000 hp, 605.75 mana
173: 97.3 dps, 4000 hp, 605.75 mana
174: 96.7 dps, 4000 hp, 622.75 mana
175: 96.2 dps, 4000 hp, 622.75 mana
176: Condemnation tick
176: finished casting Condemnation
176: 103.0 dps, 4000 hp, 312.5 mana
177: 102.4 dps, 4000 hp, 312.5 mana
178: 101.8 dps, 4000 hp, 312.5 mana
179: 101.3 dps, 4000 hp, 312.5 mana
180: 100.7 dps, 4000 hp, 349.5 mana
181: 100.1 dps, 4000 hp, 349.5 mana
182: 99.6 dps, 4000 hp, 349.5 mana
183: 99.0 dps, 4000 hp, 349.5 mana
184: 98.5 dps, 4000 hp, 349.5 mana
185: 98.0 dps, 4000 hp, 349.5 mana
186: startcast Condemnation
186: 97.5 dps, 4000 hp, 386.5 mana
187: 96.9 dps, 4000 hp, 386.5 mana
188: 96.4 dps, 4000 hp, 386.5 mana
189: 95.9 dps, 4000 hp, 386.5 mana
190: 95.4 dps, 4000 hp, 386.5 mana
191: 94.9 dps, 4000 hp, 386.5 mana
192: Condemnation tick
192: finished casting Condemnation
192: 101.1 dps, 4000 hp, 93.25 mana
193: 100.6 dps, 4000 hp, 93.25 mana
194: 100.1 dps, 4000 hp, 93.25 mana
195: 99.6 dps, 4000 hp, 93.25 mana
196: 99.1 dps, 4000 hp, 93.25 mana
197: 98.6 dps, 4000 hp, 93.25 mana
198: 98.1 dps, 4000 hp, 130.25 mana
199: 97.6 dps, 4000 hp, 130.25 mana
200: 97.1 dps, 4000 hp, 130.25 mana
201: 96.6 dps, 4000 hp, 130.25 mana
202: 96.1 dps, 4000 hp, 130.25 mana
203: 95.7 dps, 4000 hp, 130.25 mana
204: 95.2 dps, 4000 hp, 167.25 mana
205: 94.7 dps, 4000 hp, 167.25 mana
206: 94.3 dps, 4000 hp, 167.25 mana
207: 93.8 dps, 4000 hp, 167.25 mana
208: 93.4 dps, 4000 hp, 167.25 mana
209: 92.9 dps, 4000 hp, 167.25 mana
210: 92.5 dps, 4000 hp, 204.25 mana
211: 92.0 dps, 4000 hp, 204.25 mana
212: 91.6 dps, 4000 hp, 204.25 mana
213: 91.2 dps, 4000 hp, 204.25 mana
214: 90.8 dps, 4000 hp, 204.25 mana
215: 90.3 dps, 4000 hp, 204.25 mana
216: 89.9 dps, 4000 hp, 241.25 mana
217: 89.5 dps, 4000 hp, 241.25 mana
218: 89.1 dps, 4000 hp, 241.25 mana
219: 88.7 dps, 4000 hp, 241.25 mana
220: 88.3 dps, 4000 hp, 241.25 mana
221: 87.9 dps, 4000 hp, 241.25 mana
222: 87.5 dps, 4000 hp, 278.25 mana
223: 87.1 dps, 4000 hp, 278.25 mana
224: 86.7 dps, 4000 hp, 278.25 mana
225: 86.3 dps, 4000 hp, 278.25 mana
226: 85.9 dps, 4000 hp, 278.25 mana
227: 85.6 dps, 4000 hp, 278.25 mana
228: 85.2 dps, 4000 hp, 315.25 mana
229: 84.8 dps, 4000 hp, 315.25 mana
230: 84.4 dps, 4000 hp, 315.25 mana
231: 84.1 dps, 4000 hp, 315.25 mana
232: 83.7 dps, 4000 hp, 315.25 mana
233: 83.3 dps, 4000 hp, 315.25 mana
234: 83.0 dps, 4000 hp, 352.25 mana
235: 82.6 dps, 4000 hp, 352.25 mana
236: 82.3 dps, 4000 hp, 352.25 mana
237: 81.9 dps, 4000 hp, 352.25 mana
238: 81.6 dps, 4000 hp, 352.25 mana
239: 81.3 dps, 4000 hp, 352.25 mana
240: startcast Condemnation
240: 80.9 dps, 4000 hp, 389.25 mana
241: 80.6 dps, 4000 hp, 389.25 mana
242: 80.3 dps, 4000 hp, 389.25 mana
243: 79.9 dps, 4000 hp, 389.25 mana
244: 79.6 dps, 4000 hp, 389.25 mana
245: 79.3 dps, 4000 hp, 389.25 mana
246: Condemnation tick
246: finished casting Condemnation
246: 84.2 dps, 4000 hp, 96 mana
247: 83.9 dps, 4000 hp, 96 mana
248: 83.5 dps, 4000 hp, 96 mana
249: 83.2 dps, 4000 hp, 96 mana
250: 82.9 dps, 4000 hp, 96 mana
251: 82.5 dps, 4000 hp, 96 mana
252: 82.2 dps, 4000 hp, 133 mana
253: 81.9 dps, 4000 hp, 133 mana
254: 81.6 dps, 4000 hp, 133 mana
255: 81.2 dps, 4000 hp, 133 mana
256: 80.9 dps, 4000 hp, 133 mana
257: 80.6 dps, 4000 hp, 133 mana
258: 80.3 dps, 4000 hp, 170 mana
259: 80.0 dps, 4000 hp, 170 mana
260: 79.7 dps, 4000 hp, 170 mana
261: 79.4 dps, 4000 hp, 170 mana
262: 79.1 dps, 4000 hp, 170 mana
263: 78.8 dps, 4000 hp, 170 mana
264: 78.5 dps, 4000 hp, 207 mana
265: 78.2 dps, 4000 hp, 207 mana
266: 77.9 dps, 4000 hp, 207 mana
267: 77.6 dps, 4000 hp, 207 mana
268: 77.3 dps, 4000 hp, 207 mana
269: 77.0 dps, 4000 hp, 207 mana
270: 76.7 dps, 4000 hp, 244 mana
271: 76.4 dps, 4000 hp, 244 mana
272: 76.2 dps, 4000 hp, 244 mana
273: 75.9 dps, 4000 hp, 244 mana
274: 75.6 dps, 4000 hp, 244 mana
275: 75.3 dps, 4000 hp, 244 mana
276: 75.1 dps, 4000 hp, 281 mana
277: 74.8 dps, 4000 hp, 281 mana
278: 74.5 dps, 4000 hp, 281 mana
279: 74.2 dps, 4000 hp, 281 mana
280: 74.0 dps, 4000 hp, 281 mana
281: 73.7 dps, 4000 hp, 281 mana
282: 73.5 dps, 4000 hp, 318 mana
283: 73.2 dps, 4000 hp, 318 mana
284: 72.9 dps, 4000 hp, 318 mana
285: 72.7 dps, 4000 hp, 318 mana
286: 72.4 dps, 4000 hp, 318 mana
287: 72.2 dps, 4000 hp, 318 mana
288: 71.9 dps, 4000 hp, 355 mana
289: 71.7 dps, 4000 hp, 355 mana
290: 71.4 dps, 4000 hp, 355 mana
291: 71.2 dps, 4000 hp, 355 mana
292: 70.9 dps, 4000 hp, 355 mana
293: 70.7 dps, 4000 hp, 355 mana
294: startcast Condemnation
294: 70.5 dps, 4000 hp, 392 mana
295: 70.2 dps, 4000 hp, 392 mana
296: 70.0 dps, 4000 hp, 392 mana
297: 69.7 dps, 4000 hp, 392 mana
298: 69.5 dps, 4000 hp, 392 mana
299: 69.3 dps, 4000 hp, 392 mana
300: Condemnation tick
300: finished casting Condemnation
300: 73.4 dps, 4000 hp, 98.75 mana
301: 73.1 dps, 4000 hp, 98.75 mana
302: 72.9 dps, 4000 hp, 98.75 mana
303: 72.6 dps, 4000 hp, 98.75 mana
304: 72.4 dps, 4000 hp, 98.75 mana
305: 72.2 dps, 4000 hp, 98.75 mana
306: 71.9 dps, 4000 hp, 135.75 mana
307: 71.7 dps, 4000 hp, 135.75 mana
308: 71.5 dps, 4000 hp, 135.75 mana
309: 71.2 dps, 4000 hp, 135.75 mana
310: 71.0 dps, 4000 hp, 135.75 mana
311: 70.8 dps, 4000 hp, 135.75 mana
312: 70.5 dps, 4000 hp, 172.75 mana
313: 70.3 dps, 4000 hp, 172.75 mana
314: 70.1 dps, 4000 hp, 172.75 mana
315: 69.9 dps, 4000 hp, 172.75 mana
316: 69.7 dps, 4000 hp, 172.75 mana
317: 69.4 dps, 4000 hp, 172.75 mana
318: 69.2 dps, 4000 hp, 209.75 mana
319: 69.0 dps, 4000 hp, 209.75 mana
320: 68.8 dps, 4000 hp, 209.75 mana
321: 68.6 dps, 4000 hp, 209.75 mana
322: 68.4 dps, 4000 hp, 209.75 mana
323: 68.1 dps, 4000 hp, 209.75 mana
324: 67.9 dps, 4000 hp, 246.75 mana
325: 67.7 dps, 4000 hp, 246.75 mana
326: 67.5 dps, 4000 hp, 246.75 mana
327: 67.3 dps, 4000 hp, 246.75 mana
328: 67.1 dps, 4000 hp, 246.75 mana
329: 66.9 dps, 4000 hp, 246.75 mana
330: 66.7 dps, 4000 hp, 283.75 mana
331: 66.5 dps, 4000 hp, 283.75 mana
332: 66.3 dps, 4000 hp, 283.75 mana
333: 66.1 dps, 4000 hp, 283.75 mana
334: 65.9 dps, 4000 hp, 283.75 mana
335: 65.7 dps, 4000 hp, 283.75 mana
336: 65.5 dps, 4000 hp, 320.75 mana
337: 65.3 dps, 4000 hp, 320.75 mana
338: 65.1 dps, 4000 hp, 320.75 mana
339: 64.9 dps, 4000 hp, 320.75 mana
340: 64.7 dps, 4000 hp, 320.75 mana
341: 64.5 dps, 4000 hp, 320.75 mana
342: 64.4 dps, 4000 hp, 357.75 mana
343: 64.2 dps, 4000 hp, 357.75 mana
344: 64.0 dps, 4000 hp, 357.75 mana
345: 63.8 dps, 4000 hp, 357.75 mana
346: 63.6 dps, 4000 hp, 357.75 mana
347: 63.4 dps, 4000 hp, 357.75 mana
348: startcast Condemnation
348: 63.2 dps, 4000 hp, 394.75 mana
349: 63.1 dps, 4000 hp, 394.75 mana
350: 62.9 dps, 4000 hp, 394.75 mana
351: 62.7 dps, 4000 hp, 394.75 mana
352: 62.5 dps, 4000 hp, 394.75 mana
353: 62.4 dps, 4000 hp, 394.75 mana
354: Condemnation tick
354: finished casting Condemnation
354: 65.8 dps, 4000 hp, 101.5 mana
355: 65.6 dps, 4000 hp, 101.5 mana
356: 65.5 dps, 4000 hp, 101.5 mana
357: 65.3 dps, 4000 hp, 101.5 mana
358: 65.1 dps, 4000 hp, 101.5 mana
359: 64.9 dps, 4000 hp, 101.5 mana
360: 64.7 dps, 4000 hp, 138.5 mana
361: 64.6 dps, 4000 hp, 138.5 mana
362: 64.4 dps, 4000 hp, 138.5 mana
363: 64.2 dps, 4000 hp, 138.5 mana
364: 64.0 dps, 4000 hp, 138.5 mana
365: 63.8 dps, 4000 hp, 138.5 mana
366: 63.7 dps, 4000 hp, 175.5 mana
367: 63.5 dps, 4000 hp, 175.5 mana
368: 63.3 dps, 4000 hp, 175.5 mana
369: 63.2 dps, 4000 hp, 175.5 mana
370: 63.0 dps, 4000 hp, 175.5 mana
371: 62.8 dps, 4000 hp, 175.5 mana
372: 62.6 dps, 4000 hp, 212.5 mana
373: 62.5 dps, 4000 hp, 212.5 mana
374: 62.3 dps, 4000 hp, 212.5 mana
375: 62.1 dps, 4000 hp, 212.5 mana
376: 62.0 dps, 4000 hp, 212.5 mana
377: 61.8 dps, 4000 hp, 212.5 mana
378: 61.7 dps, 4000 hp, 249.5 mana
379: 61.5 dps, 4000 hp, 249.5 mana
380: 61.3 dps, 4000 hp, 249.5 mana
381: 61.2 dps, 4000 hp, 249.5 mana
382: 61.0 dps, 4000 hp, 249.5 mana
383: 60.8 dps, 4000 hp, 249.5 mana
384: 60.7 dps, 4000 hp, 286.5 mana
385: 60.5 dps, 4000 hp, 286.5 mana
386: 60.4 dps, 4000 hp, 286.5 mana
387: 60.2 dps, 4000 hp, 286.5 mana
388: 60.1 dps, 4000 hp, 286.5 mana
389: 59.9 dps, 4000 hp, 286.5 mana
390: 59.8 dps, 4000 hp, 323.5 mana
391: 59.6 dps, 4000 hp, 323.5 mana
392: 59.5 dps, 4000 hp, 323.5 mana
393: 59.3 dps, 4000 hp, 323.5 mana
394: 59.1 dps, 4000 hp, 323.5 mana
395: 59.0 dps, 4000 hp, 323.5 mana
396: 58.9 dps, 4000 hp, 360.5 mana
397: 58.7 dps, 4000 hp, 360.5 mana
398: 58.6 dps, 4000 hp, 360.5 mana
399: 58.4 dps, 4000 hp, 360.5 mana
400: 58.3 dps, 4000 hp, 360.5 mana
401: 58.1 dps, 4000 hp, 360.5 mana
402: startcast Condemnation
402: 58.0 dps, 4000 hp, 397.5 mana
403: 57.8 dps, 4000 hp, 397.5 mana
404: 57.7 dps, 4000 hp, 397.5 mana
405: 57.5 dps, 4000 hp, 397.5 mana
406: 57.4 dps, 4000 hp, 397.5 mana
407: 57.3 dps, 4000 hp, 397.5 mana
408: Condemnation tick
408: finished casting Condemnation
408: 60.3 dps, 4000 hp, 104.25 mana
409: 60.1 dps, 4000 hp, 104.25 mana
410: 60.0 dps, 4000 hp, 104.25 mana
411: 59.9 dps, 4000 hp, 104.25 mana
412: 59.7 dps, 4000 hp, 104.25 mana
413: 59.6 dps, 4000 hp, 104.25 mana
414: 59.4 dps, 4000 hp, 141.25 mana
415: 59.3 dps, 4000 hp, 141.25 mana
416: 59.1 dps, 4000 hp, 141.25 mana
417: 59.0 dps, 4000 hp, 141.25 mana
418: 58.9 dps, 4000 hp, 141.25 mana
419: 58.7 dps, 4000 hp, 141.25 mana
420: 58.6 dps, 4000 hp, 178.25 mana
421: 58.4 dps, 4000 hp, 178.25 mana
422: 58.3 dps, 4000 hp, 178.25 mana
423: 58.2 dps, 4000 hp, 178.25 mana
424: 58.0 dps, 4000 hp, 178.25 mana
425: 57.9 dps, 4000 hp, 178.25 mana
426: 57.7 dps, 4000 hp, 215.25 mana
427: 57.6 dps, 4000 hp, 215.25 mana
428: 57.5 dps, 4000 hp, 215.25 mana
429: 57.3 dps, 4000 hp, 215.25 mana
430: 57.2 dps, 4000 hp, 215.25 mana
431: 57.1 dps, 4000 hp, 215.25 mana
432: 56.9 dps, 4000 hp, 252.25 mana
433: 56.8 dps, 4000 hp, 252.25 mana
434: 56.7 dps, 4000 hp, 252.25 mana
435: 56.6 dps, 4000 hp, 252.25 mana
436: 56.4 dps, 4000 hp, 252.25 mana
437: 56.3 dps, 4000 hp, 252.25 mana
438: 56.2 dps, 4000 hp, 289.25 mana
439: 56.0 dps, 4000 hp, 289.25 mana
440: 55.9 dps, 4000 hp, 289.25 mana
441: 55.8 dps, 4000 hp, 289.25 mana
442: 55.7 dps, 4000 hp, 289.25 mana
443: 55.5 dps, 4000 hp, 289.25 mana
444: 55.4 dps, 4000 hp, 326.25 mana
445: 55.3 dps, 4000 hp, 326.25 mana
446: 55.2 dps, 4000 hp, 326.25 mana
447: 55.0 dps, 4000 hp, 326.25 mana
448: 54.9 dps, 4000 hp, 326.25 mana
449: 54.8 dps, 4000 hp, 326.25 mana
450: 54.7 dps, 4000 hp, 363.25 mana
451: 54.5 dps, 4000 hp, 363.25 mana
452: 54.4 dps, 4000 hp, 363.25 mana
453: 54.3 dps, 4000 hp, 363.25 mana
454: 54.2 dps, 4000 hp, 363.25 mana
455: 54.1 dps, 4000 hp, 363.25 mana
456: startcast Condemnation
456: 53.9 dps, 4000 hp, 400.25 mana
457: 53.8 dps, 4000 hp, 400.25 mana
458: 53.7 dps, 4000 hp, 400.25 mana
459: 53.6 dps, 4000 hp, 400.25 mana
460: 53.5 dps, 4000 hp, 400.25 mana
461: 53.4 dps, 4000 hp, 400.25 mana
462: Condemnation tick
462: finished casting Condemnation
462: 56.0 dps, 4000 hp, 107 mana
463: 55.9 dps, 4000 hp, 107 mana
464: 55.8 dps, 4000 hp, 107 mana
465: 55.7 dps, 4000 hp, 107 mana
466: 55.6 dps, 4000 hp, 107 mana
467: 55.4 dps, 4000 hp, 107 mana
468: 55.3 dps, 4000 hp, 144 mana
469: 55.2 dps, 4000 hp, 144 mana
470: 55.1 dps, 4000 hp, 144 mana
471: 55.0 dps, 4000 hp, 144 mana
472: 54.9 dps, 4000 hp, 144 mana
473: 54.7 dps, 4000 hp, 144 mana
474: 54.6 dps, 4000 hp, 181 mana
475: 54.5 dps, 4000 hp, 181 mana
476: 54.4 dps, 4000 hp, 181 mana
477: 54.3 dps, 4000 hp, 181 mana
478: 54.2 dps, 4000 hp, 181 mana
479: 54.1 dps, 4000 hp, 181 mana
480: 53.9 dps, 4000 hp, 218 mana
481: 53.8 dps, 4000 hp, 218 mana
482: 53.7 dps, 4000 hp, 218 mana
483: 53.6 dps, 4000 hp, 218 mana
484: 53.5 dps, 4000 hp, 218 mana
485: 53.4 dps, 4000 hp, 218 mana
486: 53.3 dps, 4000 hp, 255 mana
487: 53.2 dps, 4000 hp, 255 mana
488: 53.1 dps, 4000 hp, 255 mana
489: 53.0 dps, 4000 hp, 255 mana
490: 52.8 dps, 4000 hp, 255 mana
491: 52.7 dps, 4000 hp, 255 mana
492: 52.6 dps, 4000 hp, 292 mana
493: 52.5 dps, 4000 hp, 292 mana
494: 52.4 dps, 4000 hp, 292 mana
495: 52.3 dps, 4000 hp, 292 mana
496: 52.2 dps, 4000 hp, 292 mana
497: 52.1 dps, 4000 hp, 292 mana
498: 52.0 dps, 4000 hp, 329 mana
499: 51.9 dps, 4000 hp, 329 mana
500: 51.8 dps, 4000 hp, 329 mana
501: 51.7 dps, 4000 hp, 329 mana
502: 51.6 dps, 4000 hp, 329 mana
503: 51.5 dps, 4000 hp, 329 mana
504: startcast Condemnation
504: 51.4 dps, 4000 hp, 366 mana
505: 51.3 dps, 4000 hp, 366 mana
506: 51.2 dps, 4000 hp, 366 mana
507: 51.1 dps, 4000 hp, 366 mana
508: 51.0 dps, 4000 hp, 366 mana
509: 50.9 dps, 4000 hp, 366 mana
510: Condemnation tick
510: finished casting Condemnation
510: 53.3 dps, 4000 hp, 72.75 mana
511: 53.2 dps, 4000 hp, 72.75 mana
512: 53.1 dps, 4000 hp, 72.75 mana
513: 53.0 dps, 4000 hp, 72.75 mana
514: 52.9 dps, 4000 hp, 72.75 mana
515: 52.8 dps, 4000 hp, 72.75 mana
516: 52.7 dps, 4000 hp, 109.75 mana
517: 52.6 dps, 4000 hp, 109.75 mana
518: 52.5 dps, 4000 hp, 109.75 mana
519: 52.4 dps, 4000 hp, 109.75 mana
520: 52.3 dps, 4000 hp, 109.75 mana
521: 52.2 dps, 4000 hp, 109.75 mana
522: 52.1 dps, 4000 hp, 146.75 mana
523: 52.0 dps, 4000 hp, 146.75 mana
524: 51.9 dps, 4000 hp, 146.75 mana
525: 51.8 dps, 4000 hp, 146.75 mana
526: 51.7 dps, 4000 hp, 146.75 mana
527: 51.6 dps, 4000 hp, 146.75 mana
528: 51.5 dps, 4000 hp, 183.75 mana
529: 51.4 dps, 4000 hp, 183.75 mana
530: 51.3 dps, 4000 hp, 183.75 mana
531: 51.2 dps, 4000 hp, 183.75 mana
532: 51.1 dps, 4000 hp, 183.75 mana
533: 51.0 dps, 4000 hp, 183.75 mana
534: 50.9 dps, 4000 hp, 220.75 mana
535: 50.8 dps, 4000 hp, 220.75 mana
536: 50.7 dps, 4000 hp, 220.75 mana
537: 50.6 dps, 4000 hp, 220.75 mana
538: 50.5 dps, 4000 hp, 220.75 mana
539: 50.4 dps, 4000 hp, 220.75 mana
540: 50.3 dps, 4000 hp, 257.75 mana
541: 50.3 dps, 4000 hp, 257.75 mana
542: 50.2 dps, 4000 hp, 257.75 mana
543: 50.1 dps, 4000 hp, 257.75 mana
544: 50.0 dps, 4000 hp, 257.75 mana
545: 49.9 dps, 4000 hp, 257.75 mana
546: 49.8 dps, 4000 hp, 294.75 mana
547: 49.7 dps, 4000 hp, 294.75 mana
548: 49.6 dps, 4000 hp, 294.75 mana
549: 49.5 dps, 4000 hp, 294.75 mana
550: 49.4 dps, 4000 hp, 294.75 mana
551: 49.3 dps, 4000 hp, 294.75 mana
552: 49.3 dps, 4000 hp, 331.75 mana
553: 49.2 dps, 4000 hp, 331.75 mana
554: 49.1 dps, 4000 hp, 331.75 mana
555: 49.0 dps, 4000 hp, 331.75 mana
556: 48.9 dps, 4000 hp, 331.75 mana
557: 48.8 dps, 4000 hp, 331.75 mana
558: startcast Condemnation
558: 48.7 dps, 4000 hp, 368.75 mana
559: 48.6 dps, 4000 hp, 368.75 mana
560: 48.6 dps, 4000 hp, 368.75 mana
561: 48.5 dps, 4000 hp, 368.75 mana
562: 48.4 dps, 4000 hp, 368.75 mana
563: 48.3 dps, 4000 hp, 368.75 mana
564: Condemnation tick
564: finished casting Condemnation
564: 50.5 dps, 4000 hp, 75.5 mana
565: 50.4 dps, 4000 hp, 75.5 mana
566: 50.3 dps, 4000 hp, 75.5 mana
567: 50.2 dps, 4000 hp, 75.5 mana
568: 50.1 dps, 4000 hp, 75.5 mana
569: 50.1 dps, 4000 hp, 75.5 mana
570: 50.0 dps, 4000 hp, 112.5 mana
571: 49.9 dps, 4000 hp, 112.5 mana
572: 49.8 dps, 4000 hp, 112.5 mana
573: 49.7 dps, 4000 hp, 112.5 mana
574: 49.6 dps, 4000 hp, 112.5 mana
575: 49.5 dps, 4000 hp, 112.5 mana
576: 49.5 dps, 4000 hp, 149.5 mana
577: 49.4 dps, 4000 hp, 149.5 mana
578: 49.3 dps, 4000 hp, 149.5 mana
579: 49.2 dps, 4000 hp, 149.5 mana
580: 49.1 dps, 4000 hp, 149.5 mana
581: 49.0 dps, 4000 hp, 149.5 mana
582: 48.9 dps, 4000 hp, 186.5 mana
583: 48.9 dps, 4000 hp, 186.5 mana
584: 48.8 dps, 4000 hp, 186.5 mana
585: 48.7 dps, 4000 hp, 186.5 mana
586: 48.6 dps, 4000 hp, 186.5 mana
587: 48.5 dps, 4000 hp, 186.5 mana
588: 48.4 dps, 4000 hp, 223.5 mana
589: 48.4 dps, 4000 hp, 223.5 mana
590: 48.3 dps, 4000 hp, 223.5 mana
591: 48.2 dps, 4000 hp, 223.5 mana
592: 48.1 dps, 4000 hp, 223.5 mana
593: 48.0 dps, 4000 hp, 223.5 mana
594: 48.0 dps, 4000 hp, 260.5 mana
595: 47.9 dps, 4000 hp, 260.5 mana
596: 47.8 dps, 4000 hp, 260.5 mana
597: 47.7 dps, 4000 hp, 260.5 mana
598: 47.6 dps, 4000 hp, 260.5 mana
599: 47.6 dps, 4000 hp, 260.5 mana
600: 47.5 dps, 4000 hp, 297.5 mana
601: 47.4 dps, 4000 hp, 297.5 mana
602: 47.3 dps, 4000 hp, 297.5 mana
603: 47.2 dps, 4000 hp, 297.5 mana
604: 47.2 dps, 4000 hp, 297.5 mana
605: 47.1 dps, 4000 hp, 297.5 mana
606: 47.0 dps, 4000 hp, 334.5 mana
607: 46.9 dps, 4000 hp, 334.5 mana
608: 46.8 dps, 4000 hp, 334.5 mana
609: 46.8 dps, 4000 hp, 334.5 mana
610: 46.7 dps, 4000 hp, 334.5 mana
611: 46.6 dps, 4000 hp, 334.5 mana
612: startcast Condemnation
612: 46.5 dps, 4000 hp, 371.5 mana
613: 46.5 dps, 4000 hp, 371.5 mana
614: 46.4 dps, 4000 hp, 371.5 mana
615: 46.3 dps, 4000 hp, 371.5 mana
616: 46.2 dps, 4000 hp, 371.5 mana
617: 46.2 dps, 4000 hp, 371.5 mana
618: Condemnation tick
618: finished casting Condemnation
618: 48.2 dps, 4000 hp, 78.25 mana
619: 48.1 dps, 4000 hp, 78.25 mana
620: 48.0 dps, 4000 hp, 78.25 mana
621: 48.0 dps, 4000 hp, 78.25 mana
622: 47.9 dps, 4000 hp, 78.25 mana
623: 47.8 dps, 4000 hp, 78.25 mana
624: 47.7 dps, 4000 hp, 115.25 mana
625: 47.6 dps, 4000 hp, 115.25 mana
626: 47.6 dps, 4000 hp, 115.25 mana
627: 47.5 dps, 4000 hp, 115.25 mana
628: 47.4 dps, 4000 hp, 115.25 mana
629: 47.3 dps, 4000 hp, 115.25 mana
630: 47.3 dps, 4000 hp, 152.25 mana
631: 47.2 dps, 4000 hp, 152.25 mana
632: 47.1 dps, 4000 hp, 152.25 mana
633: 47.0 dps, 4000 hp, 152.25 mana
634: 47.0 dps, 4000 hp, 152.25 mana
635: 46.9 dps, 4000 hp, 152.25 mana
636: 46.8 dps, 4000 hp, 189.25 mana
637: 46.7 dps, 4000 hp, 189.25 mana
638: 46.7 dps, 4000 hp, 189.25 mana
639: 46.6 dps, 4000 hp, 189.25 mana
640: 46.5 dps, 4000 hp, 189.25 mana
641: 46.5 dps, 4000 hp, 189.25 mana
642: 46.4 dps, 4000 hp, 226.25 mana
643: 46.3 dps, 4000 hp, 226.25 mana
644: 46.2 dps, 4000 hp, 226.25 mana
645: 46.2 dps, 4000 hp, 226.25 mana
646: 46.1 dps, 4000 hp, 226.25 mana
647: 46.0 dps, 4000 hp, 226.25 mana
648: 46.0 dps, 4000 hp, 263.25 mana
649: 45.9 dps, 4000 hp, 263.25 mana
650: 45.8 dps, 4000 hp, 263.25 mana
651: 45.7 dps, 4000 hp, 263.25 mana
652: 45.7 dps, 4000 hp, 263.25 mana
653: 45.6 dps, 4000 hp, 263.25 mana
654: 45.5 dps, 4000 hp, 300.25 mana
655: 45.5 dps, 4000 hp, 300.25 mana
656: 45.4 dps, 4000 hp, 300.25 mana
657: 45.3 dps, 4000 hp, 300.25 mana
658: 45.3 dps, 4000 hp, 300.25 mana
659: 45.2 dps, 4000 hp, 300.25 mana
660: 45.1 dps, 4000 hp, 337.25 mana
661: 45.1 dps, 4000 hp, 337.25 mana
662: 45.0 dps, 4000 hp, 337.25 mana
663: 44.9 dps, 4000 hp, 337.25 mana
664: 44.8 dps, 4000 hp, 337.25 mana
665: 44.8 dps, 4000 hp, 337.25 mana
666: startcast Condemnation
666: 44.7 dps, 4000 hp, 374.25 mana
667: 44.6 dps, 4000 hp, 374.25 mana
668: 44.6 dps, 4000 hp, 374.25 mana
669: 44.5 dps, 4000 hp, 374.25 mana
670: 44.4 dps, 4000 hp, 374.25 mana
671: 44.4 dps, 4000 hp, 374.25 mana
672: Condemnation tick
672: finished casting Condemnation
672: 46.2 dps, 4000 hp, 81 mana
673: 46.2 dps, 4000 hp, 81 mana
674: 46.1 dps, 4000 hp, 81 mana
675: 46.0 dps, 4000 hp, 81 mana
676: 46.0 dps, 4000 hp, 81 mana
677: 45.9 dps, 4000 hp, 81 mana
678: 45.8 dps, 4000 hp, 118 mana
679: 45.8 dps, 4000 hp, 118 mana
680: 45.7 dps, 4000 hp, 118 mana
681: 45.6 dps, 4000 hp, 118 mana
682: 45.6 dps, 4000 hp, 118 mana
683: 45.5 dps, 4000 hp, 118 mana
684: 45.4 dps, 4000 hp, 155 mana
685: 45.4 dps, 4000 hp, 155 mana
686: 45.3 dps, 4000 hp, 155 mana
687: 45.2 dps, 4000 hp, 155 mana
688: 45.2 dps, 4000 hp, 155 mana
689: 45.1 dps, 4000 hp, 155 mana
690: 45.0 dps, 4000 hp, 192 mana
691: 45.0 dps, 4000 hp, 192 mana
692: 44.9 dps, 4000 hp, 192 mana
693: 44.8 dps, 4000 hp, 192 mana
694: 44.8 dps, 4000 hp, 192 mana
695: 44.7 dps, 4000 hp, 192 mana
696: 44.6 dps, 4000 hp, 229 mana
697: 44.6 dps, 4000 hp, 229 mana
698: 44.5 dps, 4000 hp, 229 mana
699: 44.5 dps, 4000 hp, 229 mana
700: 44.4 dps, 4000 hp, 229 mana
701: 44.3 dps, 4000 hp, 229 mana
702: 44.3 dps, 4000 hp, 266 mana
703: 44.2 dps, 4000 hp, 266 mana
704: 44.1 dps, 4000 hp, 266 mana
705: 44.1 dps, 4000 hp, 266 mana
706: 44.0 dps, 4000 hp, 266 mana
707: 44.0 dps, 4000 hp, 266 mana
708: 43.9 dps, 4000 hp, 303 mana
709: 43.8 dps, 4000 hp, 303 mana
710: 43.8 dps, 4000 hp, 303 mana
711: 43.7 dps, 4000 hp, 303 mana
712: 43.6 dps, 4000 hp, 303 mana
713: 43.6 dps, 4000 hp, 303 mana
714: 43.5 dps, 4000 hp, 340 mana
715: 43.5 dps, 4000 hp, 340 mana
716: 43.4 dps, 4000 hp, 340 mana
717: 43.3 dps, 4000 hp, 340 mana
718: 43.3 dps, 4000 hp, 340 mana
719: 43.2 dps, 4000 hp, 340 mana
720: startcast Condemnation
720: 43.2 dps, 4000 hp, 377 mana
721: 43.1 dps, 4000 hp, 377 mana
722: 43.0 dps, 4000 hp, 377 mana
723: 43.0 dps, 4000 hp, 377 mana
724: 42.9 dps, 4000 hp, 377 mana
725: 42.9 dps, 4000 hp, 377 mana
726: Condemnation tick
726: finished casting Condemnation
726: 44.6 dps, 4000 hp, 83.75 mana
727: 44.5 dps, 4000 hp, 83.75 mana
728: 44.5 dps, 4000 hp, 83.75 mana
729: 44.4 dps, 4000 hp, 83.75 mana
730: 44.3 dps, 4000 hp, 83.75 mana
731: 44.3 dps, 4000 hp, 83.75 mana
732: 44.2 dps, 4000 hp, 120.75 mana
733: 44.2 dps, 4000 hp, 120.75 mana
734: 44.1 dps, 4000 hp, 120.75 mana
735: 44.0 dps, 4000 hp, 120.75 mana
736: 44.0 dps, 4000 hp, 120.75 mana
737: 43.9 dps, 4000 hp, 120.75 mana
738: 43.9 dps, 4000 hp, 157.75 mana
739: 43.8 dps, 4000 hp, 157.75 mana
740: 43.7 dps, 4000 hp, 157.75 mana
741: 43.7 dps, 4000 hp, 157.75 mana
742: 43.6 dps, 4000 hp, 157.75 mana
743: 43.6 dps, 4000 hp, 157.75 mana
744: 43.5 dps, 4000 hp, 194.75 mana
745: 43.4 dps, 4000 hp, 194.75 mana
746: 43.4 dps, 4000 hp, 194.75 mana
747: 43.3 dps, 4000 hp, 194.75 mana
748: 43.3 dps, 4000 hp, 194.75 mana
749: 43.2 dps, 4000 hp, 194.75 mana
750: 43.2 dps, 4000 hp, 231.75 mana
751: 43.1 dps, 4000 hp, 231.75 mana
752: 43.0 dps, 4000 hp, 231.75 mana
753: 43.0 dps, 4000 hp, 231.75 mana
754: 42.9 dps, 4000 hp, 231.75 mana
755: 42.9 dps, 4000 hp, 231.75 mana
756: 42.8 dps, 4000 hp, 268.75 mana
757: 42.8 dps, 4000 hp, 268.75 mana
758: 42.7 dps, 4000 hp, 268.75 mana
759: 42.6 dps, 4000 hp, 268.75 mana
760: 42.6 dps, 4000 hp, 268.75 mana
761: 42.5 dps, 4000 hp, 268.75 mana
762: 42.5 dps, 4000 hp, 305.75 mana
763: 42.4 dps, 4000 hp, 305.75 mana
764: 42.4 dps, 4000 hp, 305.75 mana
765: 42.3 dps, 4000 hp, 305.75 mana
766: 42.3 dps, 4000 hp, 305.75 mana
767: 42.2 dps, 4000 hp, 305.75 mana
768: 42.1 dps, 4000 hp, 342.75 mana
769: 42.1 dps, 4000 hp, 342.75 mana
770: 42.0 dps, 4000 hp, 342.75 mana
771: 42.0 dps, 4000 hp, 342.75 mana
772: 41.9 dps, 4000 hp, 342.75 mana
773: 41.9 dps, 4000 hp, 342.75 mana
774: startcast Condemnation
774: 41.8 dps, 4000 hp, 379.75 mana
775: 41.8 dps, 4000 hp, 379.75 mana
776: 41.7 dps, 4000 hp, 379.75 mana
777: 41.7 dps, 4000 hp, 379.75 mana
778: 41.6 dps, 4000 hp, 379.75 mana
779: 41.6 dps, 4000 hp, 379.75 mana
780: Condemnation tick
780: finished casting Condemnation
780: 43.2 dps, 4000 hp, 86.5 mana
781: 43.1 dps, 4000 hp, 86.5 mana
782: 43.0 dps, 4000 hp, 86.5 mana
783: 43.0 dps, 4000 hp, 86.5 mana
784: 42.9 dps, 4000 hp, 86.5 mana
785: 42.9 dps, 4000 hp, 86.5 mana
786: 42.8 dps, 4000 hp, 123.5 mana
787: 42.8 dps, 4000 hp, 123.5 mana
788: 42.7 dps, 4000 hp, 123.5 mana
789: 42.7 dps, 4000 hp, 123.5 mana
790: 42.6 dps, 4000 hp, 123.5 mana
791: 42.6 dps, 4000 hp, 123.5 mana
792: 42.5 dps, 4000 hp, 160.5 mana
793: 42.4 dps, 4000 hp, 160.5 mana
794: 42.4 dps, 4000 hp, 160.5 mana
795: 42.3 dps, 4000 hp, 160.5 mana
796: 42.3 dps, 4000 hp, 160.5 mana
797: 42.2 dps, 4000 hp, 160.5 mana
798: 42.2 dps, 4000 hp, 197.5 mana
799: 42.1 dps, 4000 hp, 197.5 mana
800: 42.1 dps, 4000 hp, 197.5 mana
801: 42.0 dps, 4000 hp, 197.5 mana
802: 42.0 dps, 4000 hp, 197.5 mana
803: 41.9 dps, 4000 hp, 197.5 mana
804: 41.9 dps, 4000 hp, 234.5 mana
805: 41.8 dps, 4000 hp, 234.5 mana
806: 41.8 dps, 4000 hp, 234.5 mana
807: 41.7 dps, 4000 hp, 234.5 mana
808: 41.7 dps, 4000 hp, 234.5 mana
809: 41.6 dps, 4000 hp, 234.5 mana
810: 41.6 dps, 4000 hp, 271.5 mana
811: 41.5 dps, 4000 hp, 271.5 mana
812: 41.5 dps, 4000 hp, 271.5 mana
813: 41.4 dps, 4000 hp, 271.5 mana
814: 41.4 dps, 4000 hp, 271.5 mana
815: 41.3 dps, 4000 hp, 271.5 mana
816: 41.3 dps, 4000 hp, 308.5 mana
817: 41.2 dps, 4000 hp, 308.5 mana
818: 41.2 dps, 4000 hp, 308.5 mana
819: 41.1 dps, 4000 hp, 308.5 mana
820: 41.1 dps, 4000 hp, 308.5 mana
821: 41.0 dps, 4000 hp, 308.5 mana
822: 41.0 dps, 4000 hp, 345.5 mana
823: 40.9 dps, 4000 hp, 345.5 mana
824: 40.9 dps, 4000 hp, 345.5 mana
825: 40.8 dps, 4000 hp, 345.5 mana
826: 40.8 dps, 4000 hp, 345.5 mana
827: 40.7 dps, 4000 hp, 345.5 mana
828: startcast Condemnation
828: 40.7 dps, 4000 hp, 382.5 mana
829: 40.6 dps, 4000 hp, 382.5 mana
830: 40.6 dps, 4000 hp, 382.5 mana
831: 40.5 dps, 4000 hp, 382.5 mana
832: 40.5 dps, 4000 hp, 382.5 mana
833: 40.4 dps, 4000 hp, 382.5 mana
834: Condemnation tick
834: finished casting Condemnation
834: 41.9 dps, 4000 hp, 89.25 mana
835: 41.9 dps, 4000 hp, 89.25 mana
836: 41.8 dps, 4000 hp, 89.25 mana
837: 41.8 dps, 4000 hp, 89.25 mana
838: 41.7 dps, 4000 hp, 89.25 mana
839: 41.7 dps, 4000 hp, 89.25 mana
840: 41.6 dps, 4000 hp, 126.25 mana
841: 41.6 dps, 4000 hp, 126.25 mana
842: 41.5 dps, 4000 hp, 126.25 mana
843: 41.5 dps, 4000 hp, 126.25 mana
844: 41.4 dps, 4000 hp, 126.25 mana
845: 41.4 dps, 4000 hp, 126.25 mana
846: 41.3 dps, 4000 hp, 163.25 mana
847: 41.3 dps, 4000 hp, 163.25 mana
848: 41.2 dps, 4000 hp, 163.25 mana
849: 41.2 dps, 4000 hp, 163.25 mana
850: 41.1 dps, 4000 hp, 163.25 mana
851: 41.1 dps, 4000 hp, 163.25 mana
852: 41.0 dps, 4000 hp, 200.25 mana
853: 41.0 dps, 4000 hp, 200.25 mana
854: 40.9 dps, 4000 hp, 200.25 mana
855: 40.9 dps, 4000 hp, 200.25 mana
856: 40.8 dps, 4000 hp, 200.25 mana
857: 40.8 dps, 4000 hp, 200.25 mana
858: 40.7 dps, 4000 hp, 237.25 mana
859: 40.7 dps, 4000 hp, 237.25 mana
860: 40.6 dps, 4000 hp, 237.25 mana
861: 40.6 dps, 4000 hp, 237.25 mana
862: 40.6 dps, 4000 hp, 237.25 mana
863: 40.5 dps, 4000 hp, 237.25 mana
864: 40.5 dps, 4000 hp, 274.25 mana
865: 40.4 dps, 4000 hp, 274.25 mana
866: 40.4 dps, 4000 hp, 274.25 mana
867: 40.3 dps, 4000 hp, 274.25 mana
868: 40.3 dps, 4000 hp, 274.25 mana
869: 40.2 dps, 4000 hp, 274.25 mana
870: 40.2 dps, 4000 hp, 311.25 mana
871: 40.1 dps, 4000 hp, 311.25 mana
872: 40.1 dps, 4000 hp, 311.25 mana
873: 40.0 dps, 4000 hp, 311.25 mana
874: 40.0 dps, 4000 hp, 311.25 mana
875: 40.0 dps, 4000 hp, 311.25 mana
876: 39.9 dps, 4000 hp, 348.25 mana
877: 39.9 dps, 4000 hp, 348.25 mana
878: 39.8 dps, 4000 hp, 348.25 mana
879: 39.8 dps, 4000 hp, 348.25 mana
880: 39.7 dps, 4000 hp, 348.25 mana
881: 39.7 dps, 4000 hp, 348.25 mana
882: startcast Condemnation
882: 39.6 dps, 4000 hp, 385.25 mana
883: 39.6 dps, 4000 hp, 385.25 mana
884: 39.5 dps, 4000 hp, 385.25 mana
885: 39.5 dps, 4000 hp, 385.25 mana
886: 39.5 dps, 4000 hp, 385.25 mana
887: 39.4 dps, 4000 hp, 385.25 mana
888: Condemnation tick
888: finished casting Condemnation
888: 40.8 dps, 4000 hp, 92 mana
889: 40.8 dps, 4000 hp, 92 mana
890: 40.7 dps, 4000 hp, 92 mana
891: 40.7 dps, 4000 hp, 92 mana
892: 40.6 dps, 4000 hp, 92 mana
893: 40.6 dps, 4000 hp, 92 mana
894: 40.5 dps, 4000 hp, 129 mana
895: 40.5 dps, 4000 hp, 129 mana
896: 40.5 dps, 4000 hp, 129 mana
897: 40.4 dps, 4000 hp, 129 mana
898: 40.4 dps, 4000 hp, 129 mana
899: 40.3 dps, 4000 hp, 129 mana
900: 40.3 dps, 4000 hp, 166 mana
901: 40.2 dps, 4000 hp, 166 mana
902: 40.2 dps, 4000 hp, 166 mana
903: 40.1 dps, 4000 hp, 166 mana
904: 40.1 dps, 4000 hp, 166 mana
905: 40.1 dps, 4000 hp, 166 mana
906: 40.0 dps, 4000 hp, 203 mana
907: 40.0 dps, 4000 hp, 203 mana
908: 39.9 dps, 4000 hp, 203 mana
909: 39.9 dps, 4000 hp, 203 mana
910: 39.8 dps, 4000 hp, 203 mana
911: 39.8 dps, 4000 hp, 203 mana
912: 39.7 dps, 4000 hp, 240 mana
913: 39.7 dps, 4000 hp, 240 mana
914: 39.7 dps, 4000 hp, 240 mana
915: 39.6 dps, 4000 hp, 240 mana
916: 39.6 dps, 4000 hp, 240 mana
917: 39.5 dps, 4000 hp, 240 mana
918: 39.5 dps, 4000 hp, 277 mana
919: 39.4 dps, 4000 hp, 277 mana
920: 39.4 dps, 4000 hp, 277 mana
921: 39.4 dps, 4000 hp, 277 mana
922: 39.3 dps, 4000 hp, 277 mana
923: 39.3 dps, 4000 hp, 277 mana
924: 39.2 dps, 4000 hp, 314 mana
925: 39.2 dps, 4000 hp, 314 mana
926: 39.1 dps, 4000 hp, 314 mana
927: 39.1 dps, 4000 hp, 314 mana
928: 39.1 dps, 4000 hp, 314 mana
929: 39.0 dps, 4000 hp, 314 mana
930: 39.0 dps, 4000 hp, 351 mana
931: 38.9 dps, 4000 hp, 351 mana
932: 38.9 dps, 4000 hp, 351 mana
933: 38.9 dps, 4000 hp, 351 mana
934: 38.8 dps, 4000 hp, 351 mana
935: 38.8 dps, 4000 hp, 351 mana
936: startcast Condemnation
936: 38.7 dps, 4000 hp, 388 mana
937: 38.7 dps, 4000 hp, 388 mana
938: 38.6 dps, 4000 hp, 388 mana
939: 38.6 dps, 4000 hp, 388 mana
940: 38.6 dps, 4000 hp, 388 mana
941: 38.5 dps, 4000 hp, 388 mana
942: Condemnation tick
942: finished casting Condemnation
942: 39.9 dps, 4000 hp, 94.75 mana
943: 39.8 dps, 4000 hp, 94.75 mana
944: 39.8 dps, 4000 hp, 94.75 mana
945: 39.7 dps, 4000 hp, 94.75 mana
946: 39.7 dps, 4000 hp, 94.75 mana
947: 39.6 dps, 4000 hp, 94.75 mana
948: 39.6 dps, 4000 hp, 131.75 mana
949: 39.6 dps, 4000 hp, 131.75 mana
950: 39.5 dps, 4000 hp, 131.75 mana
951: 39.5 dps, 4000 hp, 131.75 mana
952: 39.4 dps, 4000 hp, 131.75 mana
953: 39.4 dps, 4000 hp, 131.75 mana
954: 39.4 dps, 4000 hp, 168.75 mana
955: 39.3 dps, 4000 hp, 168.75 mana
956: 39.3 dps, 4000 hp, 168.75 mana
957: 39.2 dps, 4000 hp, 168.75 mana
958: 39.2 dps, 4000 hp, 168.75 mana
959: 39.2 dps, 4000 hp, 168.75 mana
960: 39.1 dps, 4000 hp, 205.75 mana
961: 39.1 dps, 4000 hp, 205.75 mana
962: 39.0 dps, 4000 hp, 205.75 mana
963: 39.0 dps, 4000 hp, 205.75 mana
964: 38.9 dps, 4000 hp, 205.75 mana
965: 38.9 dps, 4000 hp, 205.75 mana
966: 38.9 dps, 4000 hp, 242.75 mana
967: 38.8 dps, 4000 hp, 242.75 mana
968: 38.8 dps, 4000 hp, 242.75 mana
969: 38.7 dps, 4000 hp, 242.75 mana
970: 38.7 dps, 4000 hp, 242.75 mana
971: 38.7 dps, 4000 hp, 242.75 mana
972: 38.6 dps, 4000 hp, 279.75 mana
973: 38.6 dps, 4000 hp, 279.75 mana
974: 38.5 dps, 4000 hp, 279.75 mana
975: 38.5 dps, 4000 hp, 279.75 mana
976: 38.5 dps, 4000 hp, 279.75 mana
977: 38.4 dps, 4000 hp, 279.75 mana
978: 38.4 dps, 4000 hp, 316.75 mana
979: 38.4 dps, 4000 hp, 316.75 mana
980: 38.3 dps, 4000 hp, 316.75 mana
981: 38.3 dps, 4000 hp, 316.75 mana
982: 38.2 dps, 4000 hp, 316.75 mana
983: 38.2 dps, 4000 hp, 316.75 mana
984: 38.2 dps, 4000 hp, 353.75 mana
985: 38.1 dps, 4000 hp, 353.75 mana
986: 38.1 dps, 4000 hp, 353.75 mana
987: 38.0 dps, 4000 hp, 353.75 mana
988: 38.0 dps, 4000 hp, 353.75 mana
989: 38.0 dps, 4000 hp, 353.75 mana
990: startcast Condemnation
990: 37.9 dps, 4000 hp, 390.75 mana
991: 37.9 dps, 4000 hp, 390.75 mana
992: 37.8 dps, 4000 hp, 390.75 mana
993: 37.8 dps, 4000 hp, 390.75 mana
994: 37.8 dps, 4000 hp, 390.75 mana
995: 37.7 dps, 4000 hp, 390.75 mana
996: Condemnation tick
996: finished casting Condemnation
996: 39.0 dps, 4000 hp, 97.5 mana
997: 39.0 dps, 4000 hp, 97.5 mana
998: 38.9 dps, 4000 hp, 97.5 mana
999: 38.9 dps, 4000 hp, 97.5 mana
1000: 38.8 dps, 4000 hp, 97.5 mana
1001: 38.8 dps, 4000 hp, 97.5 mana
1002: 38.8 dps, 4000 hp, 134.5 mana
1003: 38.7 dps, 4000 hp, 134.5 mana
1004: 38.7 dps, 4000 hp, 134.5 mana
1005: 38.6 dps, 4000 hp, 134.5 mana
1006: 38.6 dps, 4000 hp, 134.5 mana
1007: 38.6 dps, 4000 hp, 134.5 mana
1008: 38.5 dps, 4000 hp, 171.5 mana
1009: 38.5 dps, 4000 hp, 171.5 mana
1010: 38.5 dps, 4000 hp, 171.5 mana
1011: 38.4 dps, 4000 hp, 171.5 mana
1012: 38.4 dps, 4000 hp, 171.5 mana
1013: 38.3 dps, 4000 hp, 171.5 mana
1014: 38.3 dps, 4000 hp, 208.5 mana
1015: 38.3 dps, 4000 hp, 208.5 mana
1016: 38.2 dps, 4000 hp, 208.5 mana
1017: 38.2 dps, 4000 hp, 208.5 mana
1018: 38.2 dps, 4000 hp, 208.5 mana
1019: 38.1 dps, 4000 hp, 208.5 mana
1020: 38.1 dps, 4000 hp, 245.5 mana
1021: 38.0 dps, 4000 hp, 245.5 mana
1022: 38.0 dps, 4000 hp, 245.5 mana
1023: 38.0 dps, 4000 hp, 245.5 mana
1024: 37.9 dps, 4000 hp, 245.5 mana
1025: 37.9 dps, 4000 hp, 245.5 mana
1026: 37.9 dps, 4000 hp, 282.5 mana
1027: 37.8 dps, 4000 hp, 282.5 mana
1028: 37.8 dps, 4000 hp, 282.5 mana
1029: 37.7 dps, 4000 hp, 282.5 mana
1030: 37.7 dps, 4000 hp, 282.5 mana
1031: 37.7 dps, 4000 hp, 282.5 mana
1032: 37.6 dps, 4000 hp, 319.5 mana
1033: 37.6 dps, 4000 hp, 319.5 mana
1034: 37.6 dps, 4000 hp, 319.5 mana
1035: 37.5 dps, 4000 hp, 319.5 mana
1036: 37.5 dps, 4000 hp, 319.5 mana
1037: 37.5 dps, 4000 hp, 319.5 mana
1038: 37.4 dps, 4000 hp, 356.5 mana
1039: 37.4 dps, 4000 hp, 356.5 mana
1040: 37.3 dps, 4000 hp, 356.5 mana
1041: 37.3 dps, 4000 hp, 356.5 mana
1042: 37.3 dps, 4000 hp, 356.5 mana
1043: 37.2 dps, 4000 hp, 356.5 mana
1044: startcast Condemnation
1044: 37.2 dps, 4000 hp, 393.5 mana
1045: 37.2 dps, 4000 hp, 393.5 mana
1046: 37.1 dps, 4000 hp, 393.5 mana
1047: 37.1 dps, 4000 hp, 393.5 mana
1048: 37.1 dps, 4000 hp, 393.5 mana
1049: 37.0 dps, 4000 hp, 393.5 mana
1050: Condemnation tick
1050: finished casting Condemnation
1050: 38.2 dps, 4000 hp, 100.25 mana
1051: 38.2 dps, 4000 hp, 100.25 mana
1052: 38.2 dps, 4000 hp, 100.25 mana
1053: 38.1 dps, 4000 hp, 100.25 mana
1054: 38.1 dps, 4000 hp, 100.25 mana
1055: 38.0 dps, 4000 hp, 100.25 mana
1056: 38.0 dps, 4000 hp, 137.25 mana
1057: 38.0 dps, 4000 hp, 137.25 mana
1058: 37.9 dps, 4000 hp, 137.25 mana
1059: 37.9 dps, 4000 hp, 137.25 mana
1060: 37.9 dps, 4000 hp, 137.25 mana
1061: 37.8 dps, 4000 hp, 137.25 mana
1062: 37.8 dps, 4000 hp, 174.25 mana
1063: 37.8 dps, 4000 hp, 174.25 mana
1064: 37.7 dps, 4000 hp, 174.25 mana
1065: 37.7 dps, 4000 hp, 174.25 mana
1066: 37.7 dps, 4000 hp, 174.25 mana
1067: 37.6 dps, 4000 hp, 174.25 mana
1068: 37.6 dps, 4000 hp, 211.25 mana
1069: 37.5 dps, 4000 hp, 211.25 mana
1070: 37.5 dps, 4000 hp, 211.25 mana
1071: 37.5 dps, 4000 hp, 211.25 mana
1072: 37.4 dps, 4000 hp, 211.25 mana
1073: 37.4 dps, 4000 hp, 211.25 mana
1074: 37.4 dps, 4000 hp, 248.25 mana
1075: 37.3 dps, 4000 hp, 248.25 mana
1076: 37.3 dps, 4000 hp, 248.25 mana
1077: 37.3 dps, 4000 hp, 248.25 mana
1078: 37.2 dps, 4000 hp, 248.25 mana
1079: 37.2 dps, 4000 hp, 248.25 mana
1080: 37.2 dps, 4000 hp, 285.25 mana
1081: 37.1 dps, 4000 hp, 285.25 mana
1082: 37.1 dps, 4000 hp, 285.25 mana
1083: 37.1 dps, 4000 hp, 285.25 mana
1084: 37.0 dps, 4000 hp, 285.25 mana
1085: 37.0 dps, 4000 hp, 285.25 mana
1086: 37.0 dps, 4000 hp, 322.25 mana
1087: 36.9 dps, 4000 hp, 322.25 mana
1088: 36.9 dps, 4000 hp, 322.25 mana
1089: 36.9 dps, 4000 hp, 322.25 mana
1090: 36.8 dps, 4000 hp, 322.25 mana
1091: 36.8 dps, 4000 hp, 322.25 mana
1092: 36.8 dps, 4000 hp, 359.25 mana
1093: 36.7 dps, 4000 hp, 359.25 mana
1094: 36.7 dps, 4000 hp, 359.25 mana
1095: 36.7 dps, 4000 hp, 359.25 mana
1096: 36.6 dps, 4000 hp, 359.25 mana
1097: 36.6 dps, 4000 hp, 359.25 mana
1098: startcast Condemnation
1098: 36.6 dps, 4000 hp, 396.25 mana
1099: 36.5 dps, 4000 hp, 396.25 mana
1100: 36.5 dps, 4000 hp, 396.25 mana
1101: 36.5 dps, 4000 hp, 396.25 mana
1102: 36.4 dps, 4000 hp, 396.25 mana
1103: 36.4 dps, 4000 hp, 396.25 mana
1104: Condemnation tick
1104: finished casting Condemnation
1104: 37.5 dps, 4000 hp, 103 mana
1105: 37.5 dps, 4000 hp, 103 mana
1106: 37.5 dps, 4000 hp, 103 mana
1107: 37.4 dps, 4000 hp, 103 mana
1108: 37.4 dps, 4000 hp, 103 mana
1109: 37.4 dps, 4000 hp, 103 mana
1110: 37.3 dps, 4000 hp, 140 mana
1111: 37.3 dps, 4000 hp, 140 mana
1112: 37.3 dps, 4000 hp, 140 mana
1113: 37.2 dps, 4000 hp, 140 mana
1114: 37.2 dps, 4000 hp, 140 mana
1115: 37.2 dps, 4000 hp, 140 mana
1116: 37.1 dps, 4000 hp, 177 mana
1117: 37.1 dps, 4000 hp, 177 mana
1118: 37.1 dps, 4000 hp, 177 mana
1119: 37.0 dps, 4000 hp, 177 mana
1120: 37.0 dps, 4000 hp, 177 mana
1121: 37.0 dps, 4000 hp, 177 mana
1122: 36.9 dps, 4000 hp, 214 mana
1123: 36.9 dps, 4000 hp, 214 mana
1124: 36.9 dps, 4000 hp, 214 mana
1125: 36.8 dps, 4000 hp, 214 mana
1126: 36.8 dps, 4000 hp, 214 mana
1127: 36.8 dps, 4000 hp, 214 mana
1128: 36.7 dps, 4000 hp, 251 mana
1129: 36.7 dps, 4000 hp, 251 mana
1130: 36.7 dps, 4000 hp, 251 mana
1131: 36.6 dps, 4000 hp, 251 mana
1132: 36.6 dps, 4000 hp, 251 mana
1133: 36.6 dps, 4000 hp, 251 mana
1134: 36.5 dps, 4000 hp, 288 mana
1135: 36.5 dps, 4000 hp, 288 mana
1136: 36.5 dps, 4000 hp, 288 mana
1137: 36.4 dps, 4000 hp, 288 mana
1138: 36.4 dps, 4000 hp, 288 mana
1139: 36.4 dps, 4000 hp, 288 mana
1140: 36.3 dps, 4000 hp, 325 mana
1141: 36.3 dps, 4000 hp, 325 mana
1142: 36.3 dps, 4000 hp, 325 mana
1143: 36.2 dps, 4000 hp, 325 mana
1144: 36.2 dps, 4000 hp, 325 mana
1145: 36.2 dps, 4000 hp, 325 mana
1146: 36.2 dps, 4000 hp, 362 mana
1147: 36.1 dps, 4000 hp, 362 mana
1148: 36.1 dps, 4000 hp, 362 mana
1149: 36.1 dps, 4000 hp, 362 mana
1150: 36.0 dps, 4000 hp, 362 mana
1151: 36.0 dps, 4000 hp, 362 mana
1152: startcast Condemnation
1152: 36.0 dps, 4000 hp, 399 mana
1153: 35.9 dps, 4000 hp, 399 mana
1154: 35.9 dps, 4000 hp, 399 mana
1155: 35.9 dps, 4000 hp, 399 mana
1156: 35.8 dps, 4000 hp, 399 mana
1157: 35.8 dps, 4000 hp, 399 mana
1158: Condemnation tick
1158: finished casting Condemnation
1158: 36.9 dps, 4000 hp, 105.75 mana
1159: 36.9 dps, 4000 hp, 105.75 mana
1160: 36.8 dps, 4000 hp, 105.75 mana
1161: 36.8 dps, 4000 hp, 105.75 mana
1162: 36.8 dps, 4000 hp, 105.75 mana
1163: 36.7 dps, 4000 hp, 105.75 mana
1164: 36.7 dps, 4000 hp, 142.75 mana
1165: 36.7 dps, 4000 hp, 142.75 mana
1166: 36.6 dps, 4000 hp, 142.75 mana
1167: 36.6 dps, 4000 hp, 142.75 mana
1168: 36.6 dps, 4000 hp, 142.75 mana
1169: 36.5 dps, 4000 hp, 142.75 mana
1170: 36.5 dps, 4000 hp, 179.75 mana
1171: 36.5 dps, 4000 hp, 179.75 mana
1172: 36.5 dps, 4000 hp, 179.75 mana
1173: 36.4 dps, 4000 hp, 179.75 mana
1174: 36.4 dps, 4000 hp, 179.75 mana
1175: 36.4 dps, 4000 hp, 179.75 mana
1176: 36.3 dps, 4000 hp, 216.75 mana
1177: 36.3 dps, 4000 hp, 216.75 mana
1178: 36.3 dps, 4000 hp, 216.75 mana
1179: 36.2 dps, 4000 hp, 216.75 mana
1180: 36.2 dps, 4000 hp, 216.75 mana
1181: 36.2 dps, 4000 hp, 216.75 mana
1182: 36.1 dps, 4000 hp, 253.75 mana
1183: 36.1 dps, 4000 hp, 253.75 mana
1184: 36.1 dps, 4000 hp, 253.75 mana
1185: 36.1 dps, 4000 hp, 253.75 mana
1186: 36.0 dps, 4000 hp, 253.75 mana
1187: 36.0 dps, 4000 hp, 253.75 mana
1188: 36.0 dps, 4000 hp, 290.75 mana
1189: 35.9 dps, 4000 hp, 290.75 mana
1190: 35.9 dps, 4000 hp, 290.75 mana
1191: 35.9 dps, 4000 hp, 290.75 mana
1192: 35.8 dps, 4000 hp, 290.75 mana
1193: 35.8 dps, 4000 hp, 290.75 mana
1194: 35.8 dps, 4000 hp, 327.75 mana
1195: 35.8 dps, 4000 hp, 327.75 mana
1196: 35.7 dps, 4000 hp, 327.75 mana
1197: 35.7 dps, 4000 hp, 327.75 mana
1198: 35.7 dps, 4000 hp, 327.75 mana
1199: 35.6 dps, 4000 hp, 327.75 mana
1200: 35.6 dps, 4000 hp, 364.75 mana
