949552788::Alligator Tooth Earring::<a href="http://gameznet.com/eq/equipment/EQ-Alligator.Tooth.Earring.html">More</a>::0::::::::::::::::5::::::::::::::0.1::::yes::yes::yes::yes::yes::yes::yes::yes::yes::yes::yes::yes::yes::yes::yes::yes::yes::yes::yes::yes::yes::yes::yes::yes::yes::yes::::admin
949552826::Batskull Earring::<a href="http://gameznet.com/eq/equipment/EQ-Batskull.Earring.html">More</a>::0::::::::::5::::::::::::::::::::0.2::::yes::yes::yes::yes::yes::yes::yes::yes::yes::yes::yes::yes::yes::yes::yes::yes::yes::yes::yes::yes::yes::yes::yes::yes::yes::yes::::admin
949552866::Diamondine Earring::<a href="http://www.gameznet.com/eq/equipment/diamondineear.html">More</a>::2::3::::::::::::::12::::::::::::::0.1::::yes::yes::yes::yes::yes::yes::yes::yes::yes::yes::yes::yes::yes::yes::yes::yes::yes::yes::yes::yes::yes::yes::yes::yes::yes::yes::::admin
949552911::Earring of Disease Reflection::<a href="http://gameznet.com/eq/equipment/EQ-Earring.of.Disease.Reflection.html">More</a>::1::::::::::::::::::::::::5::::::0.0::::yes::yes::yes::yes::yes::yes::yes::yes::yes::yes::yes::yes::yes::yes::yes::yes::yes::yes::yes::yes::yes::yes::yes::yes::yes::yes::::admin
949552935::Earring of Fire Reflection::<a href="http://gameznet.com/eq/equipment/EQ-Earring.of.Fire.Reflection.html">More</a>::1::::::::::::::::::::5::::::::::0.0::::yes::yes::yes::yes::yes::yes::yes::yes::yes::yes::yes::yes::yes::yes::yes::yes::yes::yes::yes::yes::yes::yes::yes::yes::yes::yes::::admin
949552983::Earring of Magic Reflection::<a href="http://gameznet.com/eq/equipment/EQ-Earring.of.Magic.Reflection.html">More</a>::1::::::::::::::::::::::::::::5::0.0::::yes::yes::yes::yes::yes::yes::yes::yes::yes::yes::yes::yes::yes::yes::yes::yes::yes::yes::yes::yes::yes::yes::yes::yes::yes::yes::::admin
949553018::Electrum Lapis Lazuli Earring::<a href="http://gameznet.com/eq/equipment/EQ-Electrum.Lapis.Lazuli.Earring.html">More</a>::0::::::::::::::::::::::::2::::::0.1::::yes::yes::yes::yes::yes::yes::yes::yes::yes::yes::yes::yes::yes::yes::yes::yes::yes::yes::yes::yes::yes::yes::yes::yes::yes::yes::::admin
949553085::Fishbone Earring::<a href="http://gameznet.com/eq/equipment/fishboneearrings.html">More</a>::0::::::3::::::::::::::::::::::::0.1::Enduring Breath::yes::yes::yes::yes::yes::yes::yes::yes::yes::yes::yes::yes::yes::yes::yes::yes::yes::yes::yes::yes::yes::yes::yes::yes::yes::yes::::admin
949553115::Golden Amber Earring::<a href="http://www.gameznet.com/eq/equipment/goldamberearring.html">More</a>::0::3::::::::::::::::::::::::::::0.1::::yes::yes::yes::yes::yes::yes::yes::yes::yes::yes::yes::yes::yes::yes::yes::yes::yes::yes::yes::yes::yes::yes::yes::yes::yes::yes::::admin
949553161::Gold Stud Earring::<a href="http://gameznet.com/eq/equipment/goldstud.html">More</a>::0::::::::::3::::::::::::::::::::0.1::::yes::yes::yes::yes::yes::yes::yes::yes::yes::yes::yes::yes::yes::yes::yes::yes::yes::yes::yes::yes::yes::yes::yes::yes::yes::yes::::admin
949553284::Ivandyr's Hoop::<a href="http://gameznet.com/eq/equipment/ivandyrshoop.html">More</a>::6::::::::::6::6::::6::::::::::::::0.1::Spirit Tap::yes::yes::::::yes::::yes::yes::::yes::yes::yes::yes::yes::::yes::::yes::yes::yes::::::yes::yes::yes::yes::::admin
949553390::Obsidian Bead Hoop::<a href="http://gameznet.com/eq/equipment/obsbeadhoop.html">More</a>::2::::::::3::3::::::::::::::::::::0.1::::yes::yes::yes::yes::yes::yes::yes::yes::yes::yes::yes::yes::yes::yes::yes::yes::yes::yes::yes::yes::yes::yes::yes::yes::yes::yes::::admin
949553425::Onyx Earring::<a href="http://gameznet.com/eq/equipment/EQ-Onyx.Earring.html">More</a>::::::::::2::::::::::::::::::::::0.1::::yes::yes::yes::yes::yes::yes::yes::yes::yes::yes::yes::yes::yes::yes::yes::yes::yes::yes::yes::yes::yes::yes::yes::yes::yes::yes::::admin
949553462::Opalline Earring::<a href="http://gameznet.com/eq/equipment/EQ-Opalline.Earring.html">More</a>::2::::::::::::::5::::::::::::::::0.1::::yes::yes::yes::yes::yes::yes::yes::yes::yes::yes::yes::yes::yes::yes::yes::yes::yes::yes::yes::yes::yes::yes::yes::yes::yes::yes::::admin
949553490::Polished Bone Hoop::<a href="http://gameznet.com/eq/equipment/EQ-Polished.Bone.Hoop.html">More</a>::0::::::::::::::::::10::::::::::::0.1::::yes::yes::yes::yes::yes::yes::yes::yes::yes::yes::yes::yes::yes::yes::yes::yes::yes::yes::yes::yes::yes::yes::yes::yes::yes::yes::::admin
949553531::Silver Bloodstone Earring::<a href="http://gameznet.com/eq/equipment/silvbstoneearring.html">More</a>::0::::2::::::::::::::::::::::::::0.1::::yes::yes::yes::yes::yes::yes::yes::yes::yes::yes::yes::yes::yes::yes::yes::yes::yes::yes::yes::yes::yes::yes::yes::yes::yes::yes::::admin
952547586::Treant Tear::<a href="http://www.gameznet.com/eq/equipment/treanttear.html">More</a>::2::::::::::::::::::40::5::5::5::5::5::0.1::::::::::::::::::::yes::::::::::::yes::yes::yes::yes::yes::yes::yes::yes::yes::yes::yes::yes::::admin
956604894::Sarnak Earring of Station::<a href="http://www.gameznet.com/eq/equipment/sarnakearringstation.html">More</a>::5::5::::::::::::::::::::::::::::0.0::::yes::yes::yes::yes::yes::yes::yes::yes::yes::yes::yes::yes::yes::yes::yes::yes::yes::yes::yes::yes::yes::yes::yes::yes::yes::yes::yes::admin
956862416::Shrunken Goblin Skull Earrings::<a href="http://www.gameznet.com/eq/equipment/shrunkengoblinskullearring.html">More</a>::3::::::::::::::::::::::::::::::0.1::Grim Aura::yes::yes::yes::yes::yes::yes::yes::yes::yes::yes::yes::yes::yes::yes::yes::yes::yes::yes::yes::yes::yes::yes::yes::yes::yes::yes::yes::admin
956871307::Forest Loop::<a href="http://www.gameznet.com/eq/equipment/forestloop.html">More</a>::2::::::3::3::::3::::::::::::::::::0.1::::yes::yes::yes::yes::yes::yes::yes::yes::yes::yes::yes::yes::yes::yes::yes::yes::yes::yes::yes::yes::yes::yes::yes::yes::yes::yes::yes::admin
957044344::Golem Tear Earring::<a href="http://www.gameznet.com/eq/equipment/golemtearearring.html">More</a>::2::2::::::::::6::::::10::::::::::::0.1::::yes::yes::yes::yes::yes::yes::yes::yes::yes::yes::yes::yes::yes::yes::yes::yes::yes::yes::yes::yes::yes::yes::yes::yes::yes::yes::yes::admin
957902817::Finger Bone Hoop::<a href="http://www.gameznet.com/eq/equipment/fingerbonehoop.html">More</a>::2::5::5::::::5::::-10::::::5::5::-8::-8::5::0.1::See Invisible::yes::yes::yes::yes::yes::yes::yes::yes::yes::yes::yes::yes::yes::yes::yes::yes::yes::yes::yes::yes::yes::yes::yes::yes::yes::yes::yes::admin
960749708::Earring of Grachnist::<a href="http://gameznet.com/eq/equipment/earringofgrachnist.html">More</a>::5::2::::::::::::::10::::::::::::::0.1::::yes::yes::yes::yes::yes::yes::yes::yes::yes::yes::yes::yes::yes::yes::yes::yes::yes::yes::yes::yes::yes::yes::yes::yes::yes::yes::yes::admin
961620169::Thunderforged Earring::<a href="http://gameznet.com/eq/equipment/thunderforgedearring.html">More</a>::8::8::::8::8::::8::::::::::::::::::0.1::Careless Lightning::::::::::::::yes::::::::::::::::yes::yes::yes::yes::yes::yes::yes::yes::yes::yes::yes::yes::yes::admin
962058027::Truewind Earring::<a href="http://www.gameznet.com/eq/equipment/truewindearring.html">More</a>::0::::::5::::::9::::::::::10::::::::0.1::::::::::::::::::yes::::::::::::::yes::yes::yes::yes::yes::yes::yes::yes::yes::yes::yes::yes::yes::admin
