1: startcast miniCH
1: 0.0 dps, 4000 hp, 4000 mana
2: 0.0 dps, 4000 hp, 4000 mana
3: 0.0 dps, 4000 hp, 4000 mana
4: 0.0 dps, 4000 hp, 4000 mana
5: 0.0 dps, 4000 hp, 4000 mana
6: 0.0 dps, 4000 hp, 4000 mana
7: 0.0 dps, 4000 hp, 4000 mana
8: 0.0 dps, 4000 hp, 4000 mana
9: 0.0 dps, 4000 hp, 4000 mana
10: 0.0 dps, 4000 hp, 4000 mana
11: miniCH tick
11: finished casting miniCH
11: 265.9 dps, 4000 hp, 3760 mana
12: 243.8 dps, 4000 hp, 3781 mana
13: 225.0 dps, 4000 hp, 3781 mana
14: startcast miniCH
14: 208.9 dps, 4000 hp, 3781 mana
15: 195.0 dps, 4000 hp, 3781 mana
16: 182.8 dps, 4000 hp, 3781 mana
17: 172.1 dps, 4000 hp, 3781 mana
18: 162.5 dps, 4000 hp, 3802 mana
19: 153.9 dps, 4000 hp, 3802 mana
20: 146.2 dps, 4000 hp, 3802 mana
21: 139.3 dps, 4000 hp, 3802 mana
22: 133.0 dps, 4000 hp, 3802 mana
23: 127.2 dps, 4000 hp, 3802 mana
24: miniCH tick
24: finished casting miniCH
24: 243.8 dps, 4000 hp, 3583 mana
25: 234.0 dps, 4000 hp, 3583 mana
26: 225.0 dps, 4000 hp, 3583 mana
27: startcast miniCH
27: 216.7 dps, 4000 hp, 3583 mana
28: 208.9 dps, 4000 hp, 3583 mana
29: 201.7 dps, 4000 hp, 3583 mana
30: 195.0 dps, 4000 hp, 3604 mana
31: 188.7 dps, 4000 hp, 3604 mana
32: 182.8 dps, 4000 hp, 3604 mana
33: 177.3 dps, 4000 hp, 3604 mana
34: 172.1 dps, 4000 hp, 3604 mana
35: 167.1 dps, 4000 hp, 3604 mana
36: 162.5 dps, 4000 hp, 3625 mana
37: miniCH tick
37: finished casting miniCH
37: 237.2 dps, 4000 hp, 3385 mana
38: 230.9 dps, 4000 hp, 3385 mana
39: 225.0 dps, 4000 hp, 3385 mana
40: startcast miniCH
40: 219.4 dps, 4000 hp, 3385 mana
41: 214.0 dps, 4000 hp, 3385 mana
42: 208.9 dps, 4000 hp, 3406 mana
43: 204.1 dps, 4000 hp, 3406 mana
44: 199.4 dps, 4000 hp, 3406 mana
45: 195.0 dps, 4000 hp, 3406 mana
46: 190.8 dps, 4000 hp, 3406 mana
47: 186.7 dps, 4000 hp, 3406 mana
48: 182.8 dps, 4000 hp, 3427 mana
49: 179.1 dps, 4000 hp, 3427 mana
50: miniCH tick
50: finished casting miniCH
50: 234.0 dps, 4000 hp, 3187 mana
51: 229.4 dps, 4000 hp, 3187 mana
52: 225.0 dps, 4000 hp, 3187 mana
53: startcast miniCH
53: 220.8 dps, 4000 hp, 3187 mana
54: 216.7 dps, 4000 hp, 3208 mana
55: 212.7 dps, 4000 hp, 3208 mana
56: 208.9 dps, 4000 hp, 3208 mana
57: 205.3 dps, 4000 hp, 3208 mana
58: 201.7 dps, 4000 hp, 3208 mana
59: 198.3 dps, 4000 hp, 3208 mana
60: 195.0 dps, 4000 hp, 3229 mana
61: 191.8 dps, 4000 hp, 3229 mana
62: 188.7 dps, 4000 hp, 3229 mana
63: miniCH tick
63: finished casting miniCH
63: 232.1 dps, 4000 hp, 2989 mana
64: 228.5 dps, 4000 hp, 2989 mana
65: 225.0 dps, 4000 hp, 2989 mana
66: startcast miniCH
66: 221.6 dps, 4000 hp, 3010 mana
67: 218.3 dps, 4000 hp, 3010 mana
68: 215.1 dps, 4000 hp, 3010 mana
69: 212.0 dps, 4000 hp, 3010 mana
70: 208.9 dps, 4000 hp, 3010 mana
71: 206.0 dps, 4000 hp, 3010 mana
72: 203.1 dps, 4000 hp, 3031 mana
73: 200.3 dps, 4000 hp, 3031 mana
74: 197.6 dps, 4000 hp, 3031 mana
75: 195.0 dps, 4000 hp, 3031 mana
76: miniCH tick
76: finished casting miniCH
76: 230.9 dps, 4000 hp, 2791 mana
77: 227.9 dps, 4000 hp, 2791 mana
78: 225.0 dps, 4000 hp, 2812 mana
79: startcast miniCH
79: 222.2 dps, 4000 hp, 2812 mana
80: 219.4 dps, 4000 hp, 2812 mana
81: 216.7 dps, 4000 hp, 2812 mana
82: 214.0 dps, 4000 hp, 2812 mana
83: 211.4 dps, 4000 hp, 2812 mana
84: 208.9 dps, 4000 hp, 2833 mana
85: 206.5 dps, 4000 hp, 2833 mana
86: 204.1 dps, 4000 hp, 2833 mana
87: 201.7 dps, 4000 hp, 2833 mana
88: 199.4 dps, 4000 hp, 2833 mana
89: miniCH tick
89: finished casting miniCH
89: 230.1 dps, 4000 hp, 2593 mana
90: 227.5 dps, 4000 hp, 2614 mana
91: 225.0 dps, 4000 hp, 2614 mana
92: startcast miniCH
92: 222.6 dps, 4000 hp, 2614 mana
93: 220.2 dps, 4000 hp, 2614 mana
94: 217.8 dps, 4000 hp, 2614 mana
95: 215.5 dps, 4000 hp, 2614 mana
96: 213.3 dps, 4000 hp, 2635 mana
97: 211.1 dps, 4000 hp, 2635 mana
98: 208.9 dps, 4000 hp, 2635 mana
99: 206.8 dps, 4000 hp, 2635 mana
100: 204.8 dps, 4000 hp, 2635 mana
101: 202.7 dps, 4000 hp, 2635 mana
102: miniCH tick
102: finished casting miniCH
102: 229.4 dps, 4000 hp, 2416 mana
103: 227.2 dps, 4000 hp, 2416 mana
104: 225.0 dps, 4000 hp, 2416 mana
105: startcast miniCH
105: 222.9 dps, 4000 hp, 2416 mana
106: 220.8 dps, 4000 hp, 2416 mana
107: 218.7 dps, 4000 hp, 2416 mana
108: 216.7 dps, 4000 hp, 2437 mana
109: 214.7 dps, 4000 hp, 2437 mana
110: 212.7 dps, 4000 hp, 2437 mana
111: 210.8 dps, 4000 hp, 2437 mana
112: 208.9 dps, 4000 hp, 2437 mana
113: 207.1 dps, 4000 hp, 2437 mana
114: 205.3 dps, 4000 hp, 2458 mana
115: miniCH tick
115: finished casting miniCH
115: 228.9 dps, 4000 hp, 2218 mana
116: 226.9 dps, 4000 hp, 2218 mana
117: 225.0 dps, 4000 hp, 2218 mana
118: startcast miniCH
118: 223.1 dps, 4000 hp, 2218 mana
119: 221.2 dps, 4000 hp, 2218 mana
120: 219.4 dps, 4000 hp, 2239 mana
121: 217.6 dps, 4000 hp, 2239 mana
122: 215.8 dps, 4000 hp, 2239 mana
123: 214.0 dps, 4000 hp, 2239 mana
124: 212.3 dps, 4000 hp, 2239 mana
125: 210.6 dps, 4000 hp, 2239 mana
126: 208.9 dps, 4000 hp, 2260 mana
127: 207.3 dps, 4000 hp, 2260 mana
128: miniCH tick
128: finished casting miniCH
128: 228.5 dps, 4000 hp, 2020 mana
129: 226.7 dps, 4000 hp, 2020 mana
130: 225.0 dps, 4000 hp, 2020 mana
131: startcast miniCH
131: 223.3 dps, 4000 hp, 2020 mana
132: 221.6 dps, 4000 hp, 2041 mana
133: 219.9 dps, 4000 hp, 2041 mana
134: 218.3 dps, 4000 hp, 2041 mana
135: 216.7 dps, 4000 hp, 2041 mana
136: 215.1 dps, 4000 hp, 2041 mana
137: 213.5 dps, 4000 hp, 2041 mana
138: 212.0 dps, 4000 hp, 2062 mana
139: 210.4 dps, 4000 hp, 2062 mana
140: 208.9 dps, 4000 hp, 2062 mana
141: miniCH tick
141: finished casting miniCH
141: 228.2 dps, 4000 hp, 1822 mana
142: 226.6 dps, 4000 hp, 1822 mana
143: 225.0 dps, 4000 hp, 1822 mana
144: startcast miniCH
144: 223.4 dps, 4000 hp, 1843 mana
145: 221.9 dps, 4000 hp, 1843 mana
146: 220.4 dps, 4000 hp, 1843 mana
147: 218.9 dps, 4000 hp, 1843 mana
148: 217.4 dps, 4000 hp, 1843 mana
149: 215.9 dps, 4000 hp, 1843 mana
150: 214.5 dps, 4000 hp, 1864 mana
151: 213.1 dps, 4000 hp, 1864 mana
152: 211.7 dps, 4000 hp, 1864 mana
153: 210.3 dps, 4000 hp, 1864 mana
154: miniCH tick
154: finished casting miniCH
154: 227.9 dps, 4000 hp, 1624 mana
155: 226.5 dps, 4000 hp, 1624 mana
156: 225.0 dps, 4000 hp, 1645 mana
157: startcast miniCH
157: 223.6 dps, 4000 hp, 1645 mana
158: 222.2 dps, 4000 hp, 1645 mana
159: 220.8 dps, 4000 hp, 1645 mana
160: 219.4 dps, 4000 hp, 1645 mana
161: 218.0 dps, 4000 hp, 1645 mana
162: 216.7 dps, 4000 hp, 1666 mana
163: 215.3 dps, 4000 hp, 1666 mana
164: 214.0 dps, 4000 hp, 1666 mana
165: 212.7 dps, 4000 hp, 1666 mana
166: 211.4 dps, 4000 hp, 1666 mana
167: miniCH tick
167: finished casting miniCH
167: 227.7 dps, 4000 hp, 1426 mana
168: 226.3 dps, 4000 hp, 1447 mana
169: 225.0 dps, 4000 hp, 1447 mana
170: startcast miniCH
170: 223.7 dps, 4000 hp, 1447 mana
171: 222.4 dps, 4000 hp, 1447 mana
172: 221.1 dps, 4000 hp, 1447 mana
173: 219.8 dps, 4000 hp, 1447 mana
174: 218.5 dps, 4000 hp, 1468 mana
175: 217.3 dps, 4000 hp, 1468 mana
176: 216.1 dps, 4000 hp, 1468 mana
177: 214.8 dps, 4000 hp, 1468 mana
178: 213.6 dps, 4000 hp, 1468 mana
179: 212.4 dps, 4000 hp, 1468 mana
180: miniCH tick
180: finished casting miniCH
180: 227.5 dps, 4000 hp, 1249 mana
181: 226.2 dps, 4000 hp, 1249 mana
182: 225.0 dps, 4000 hp, 1249 mana
183: startcast miniCH
183: 223.8 dps, 4000 hp, 1249 mana
184: 222.6 dps, 4000 hp, 1249 mana
185: 221.4 dps, 4000 hp, 1249 mana
186: 220.2 dps, 4000 hp, 1270 mana
187: 219.0 dps, 4000 hp, 1270 mana
188: 217.8 dps, 4000 hp, 1270 mana
189: 216.7 dps, 4000 hp, 1270 mana
190: 215.5 dps, 4000 hp, 1270 mana
191: 214.4 dps, 4000 hp, 1270 mana
192: 213.3 dps, 4000 hp, 1291 mana
193: miniCH tick
193: finished casting miniCH
193: 227.3 dps, 4000 hp, 1051 mana
194: 226.2 dps, 4000 hp, 1051 mana
195: 225.0 dps, 4000 hp, 1051 mana
196: startcast miniCH
196: 223.9 dps, 4000 hp, 1051 mana
197: 222.7 dps, 4000 hp, 1051 mana
198: 221.6 dps, 4000 hp, 1072 mana
199: 220.5 dps, 4000 hp, 1072 mana
200: 219.4 dps, 4000 hp, 1072 mana
201: 218.3 dps, 4000 hp, 1072 mana
202: 217.2 dps, 4000 hp, 1072 mana
203: 216.1 dps, 4000 hp, 1072 mana
204: 215.1 dps, 4000 hp, 1093 mana
205: 214.0 dps, 4000 hp, 1093 mana
206: miniCH tick
206: finished casting miniCH
206: 227.2 dps, 4000 hp, 853 mana
207: 226.1 dps, 4000 hp, 853 mana
208: 225.0 dps, 4000 hp, 853 mana
209: startcast miniCH
209: 223.9 dps, 4000 hp, 853 mana
210: 222.9 dps, 4000 hp, 874 mana
211: 221.8 dps, 4000 hp, 874 mana
212: 220.8 dps, 4000 hp, 874 mana
213: 219.7 dps, 4000 hp, 874 mana
214: 218.7 dps, 4000 hp, 874 mana
215: 217.7 dps, 4000 hp, 874 mana
216: 216.7 dps, 4000 hp, 895 mana
217: 215.7 dps, 4000 hp, 895 mana
218: 214.7 dps, 4000 hp, 895 mana
219: miniCH tick
219: finished casting miniCH
219: 227.1 dps, 4000 hp, 655 mana
220: 226.0 dps, 4000 hp, 655 mana
221: 225.0 dps, 4000 hp, 655 mana
222: startcast miniCH
222: 224.0 dps, 4000 hp, 676 mana
223: 223.0 dps, 4000 hp, 676 mana
224: 222.0 dps, 4000 hp, 676 mana
225: 221.0 dps, 4000 hp, 676 mana
226: 220.0 dps, 4000 hp, 676 mana
227: 219.1 dps, 4000 hp, 676 mana
228: 218.1 dps, 4000 hp, 697 mana
229: 217.1 dps, 4000 hp, 697 mana
230: 216.2 dps, 4000 hp, 697 mana
231: 215.3 dps, 4000 hp, 697 mana
232: miniCH tick
232: finished casting miniCH
232: 226.9 dps, 4000 hp, 457 mana
233: 226.0 dps, 4000 hp, 457 mana
234: 225.0 dps, 4000 hp, 478 mana
235: startcast miniCH
235: 224.0 dps, 4000 hp, 478 mana
236: 223.1 dps, 4000 hp, 478 mana
237: 222.2 dps, 4000 hp, 478 mana
238: 221.2 dps, 4000 hp, 478 mana
239: 220.3 dps, 4000 hp, 478 mana
240: 219.4 dps, 4000 hp, 499 mana
241: 218.5 dps, 4000 hp, 499 mana
242: 217.6 dps, 4000 hp, 499 mana
243: 216.7 dps, 4000 hp, 499 mana
244: 215.8 dps, 4000 hp, 499 mana
245: miniCH tick
245: finished casting miniCH
245: 226.8 dps, 4000 hp, 259 mana
246: 225.9 dps, 4000 hp, 280 mana
247: 225.0 dps, 4000 hp, 280 mana
248: 224.1 dps, 4000 hp, 280 mana
249: 223.2 dps, 4000 hp, 280 mana
250: 222.3 dps, 4000 hp, 280 mana
251: 221.4 dps, 4000 hp, 280 mana
252: 220.5 dps, 4000 hp, 321 mana
253: 219.7 dps, 4000 hp, 321 mana
254: 218.8 dps, 4000 hp, 321 mana
255: 217.9 dps, 4000 hp, 321 mana
256: 217.1 dps, 4000 hp, 321 mana
257: 216.2 dps, 4000 hp, 321 mana
258: 215.4 dps, 4000 hp, 362 mana
259: 214.6 dps, 4000 hp, 362 mana
260: 213.8 dps, 4000 hp, 362 mana
261: 212.9 dps, 4000 hp, 362 mana
262: 212.1 dps, 4000 hp, 362 mana
263: 211.3 dps, 4000 hp, 362 mana
264: startcast miniCH
264: 210.5 dps, 4000 hp, 403 mana
265: 209.7 dps, 4000 hp, 403 mana
266: 208.9 dps, 4000 hp, 403 mana
267: 208.1 dps, 4000 hp, 403 mana
268: 207.4 dps, 4000 hp, 403 mana
269: 206.6 dps, 4000 hp, 403 mana
270: 205.8 dps, 4000 hp, 424 mana
271: 205.1 dps, 4000 hp, 424 mana
272: 204.3 dps, 4000 hp, 424 mana
273: 203.6 dps, 4000 hp, 424 mana
274: miniCH tick
274: finished casting miniCH
274: 213.5 dps, 4000 hp, 184 mana
275: 212.7 dps, 4000 hp, 184 mana
276: 212.0 dps, 4000 hp, 205 mana
277: 211.2 dps, 4000 hp, 205 mana
278: 210.4 dps, 4000 hp, 205 mana
279: 209.7 dps, 4000 hp, 205 mana
280: 208.9 dps, 4000 hp, 205 mana
281: 208.2 dps, 4000 hp, 205 mana
282: 207.4 dps, 4000 hp, 246 mana
283: 206.7 dps, 4000 hp, 246 mana
284: 206.0 dps, 4000 hp, 246 mana
285: 205.3 dps, 4000 hp, 246 mana
286: 204.5 dps, 4000 hp, 246 mana
287: 203.8 dps, 4000 hp, 246 mana
288: 203.1 dps, 4000 hp, 287 mana
289: 202.4 dps, 4000 hp, 287 mana
290: 201.7 dps, 4000 hp, 287 mana
291: 201.0 dps, 4000 hp, 287 mana
292: 200.3 dps, 4000 hp, 287 mana
293: 199.7 dps, 4000 hp, 287 mana
294: 199.0 dps, 4000 hp, 328 mana
295: 198.3 dps, 4000 hp, 328 mana
296: 197.6 dps, 4000 hp, 328 mana
297: 197.0 dps, 4000 hp, 328 mana
298: 196.3 dps, 4000 hp, 328 mana
299: 195.7 dps, 4000 hp, 328 mana
300: 195.0 dps, 4000 hp, 369 mana
301: 194.4 dps, 4000 hp, 369 mana
302: 193.7 dps, 4000 hp, 369 mana
303: 193.1 dps, 4000 hp, 369 mana
304: 192.4 dps, 4000 hp, 369 mana
305: 191.8 dps, 4000 hp, 369 mana
306: startcast miniCH
306: 191.2 dps, 4000 hp, 410 mana
307: 190.6 dps, 4000 hp, 410 mana
308: 189.9 dps, 4000 hp, 410 mana
309: 189.3 dps, 4000 hp, 410 mana
310: 188.7 dps, 4000 hp, 410 mana
311: 188.1 dps, 4000 hp, 410 mana
312: 187.5 dps, 4000 hp, 431 mana
313: 186.9 dps, 4000 hp, 431 mana
314: 186.3 dps, 4000 hp, 431 mana
315: 185.7 dps, 4000 hp, 431 mana
316: miniCH tick
316: finished casting miniCH
316: 194.4 dps, 4000 hp, 191 mana
317: 193.8 dps, 4000 hp, 191 mana
318: 193.2 dps, 4000 hp, 212 mana
319: 192.6 dps, 4000 hp, 212 mana
320: 192.0 dps, 4000 hp, 212 mana
321: 191.4 dps, 4000 hp, 212 mana
322: 190.8 dps, 4000 hp, 212 mana
323: 190.2 dps, 4000 hp, 212 mana
324: 189.6 dps, 4000 hp, 253 mana
325: 189.0 dps, 4000 hp, 253 mana
326: 188.4 dps, 4000 hp, 253 mana
327: 187.8 dps, 4000 hp, 253 mana
328: 187.3 dps, 4000 hp, 253 mana
329: 186.7 dps, 4000 hp, 253 mana
330: 186.1 dps, 4000 hp, 294 mana
331: 185.6 dps, 4000 hp, 294 mana
332: 185.0 dps, 4000 hp, 294 mana
333: 184.5 dps, 4000 hp, 294 mana
334: 183.9 dps, 4000 hp, 294 mana
335: 183.4 dps, 4000 hp, 294 mana
336: 182.8 dps, 4000 hp, 335 mana
337: 182.3 dps, 4000 hp, 335 mana
338: 181.7 dps, 4000 hp, 335 mana
339: 181.2 dps, 4000 hp, 335 mana
340: 180.7 dps, 4000 hp, 335 mana
341: 180.1 dps, 4000 hp, 335 mana
342: 179.6 dps, 4000 hp, 376 mana
343: 179.1 dps, 4000 hp, 376 mana
344: 178.6 dps, 4000 hp, 376 mana
345: 178.0 dps, 4000 hp, 376 mana
346: 177.5 dps, 4000 hp, 376 mana
347: 177.0 dps, 4000 hp, 376 mana
348: startcast miniCH
348: 176.5 dps, 4000 hp, 417 mana
349: 176.0 dps, 4000 hp, 417 mana
350: 175.5 dps, 4000 hp, 417 mana
351: 175.0 dps, 4000 hp, 417 mana
352: 174.5 dps, 4000 hp, 417 mana
353: 174.0 dps, 4000 hp, 417 mana
354: 173.5 dps, 4000 hp, 438 mana
355: 173.0 dps, 4000 hp, 438 mana
356: 172.5 dps, 4000 hp, 438 mana
357: 172.1 dps, 4000 hp, 438 mana
358: miniCH tick
358: finished casting miniCH
358: 179.7 dps, 4000 hp, 198 mana
359: 179.2 dps, 4000 hp, 198 mana
360: 178.8 dps, 4000 hp, 219 mana
361: 178.3 dps, 4000 hp, 219 mana
362: 177.8 dps, 4000 hp, 219 mana
363: 177.3 dps, 4000 hp, 219 mana
364: 176.8 dps, 4000 hp, 219 mana
365: 176.3 dps, 4000 hp, 219 mana
366: 175.8 dps, 4000 hp, 260 mana
367: 175.3 dps, 4000 hp, 260 mana
368: 174.9 dps, 4000 hp, 260 mana
369: 174.4 dps, 4000 hp, 260 mana
370: 173.9 dps, 4000 hp, 260 mana
371: 173.5 dps, 4000 hp, 260 mana
372: 173.0 dps, 4000 hp, 301 mana
373: 172.5 dps, 4000 hp, 301 mana
374: 172.1 dps, 4000 hp, 301 mana
375: 171.6 dps, 4000 hp, 301 mana
376: 171.1 dps, 4000 hp, 301 mana
377: 170.7 dps, 4000 hp, 301 mana
378: 170.2 dps, 4000 hp, 342 mana
379: 169.8 dps, 4000 hp, 342 mana
380: 169.3 dps, 4000 hp, 342 mana
381: 168.9 dps, 4000 hp, 342 mana
382: 168.5 dps, 4000 hp, 342 mana
383: 168.0 dps, 4000 hp, 342 mana
384: 167.6 dps, 4000 hp, 383 mana
385: 167.1 dps, 4000 hp, 383 mana
386: 166.7 dps, 4000 hp, 383 mana
387: 166.3 dps, 4000 hp, 383 mana
388: 165.9 dps, 4000 hp, 383 mana
389: 165.4 dps, 4000 hp, 383 mana
390: startcast miniCH
390: 165.0 dps, 4000 hp, 424 mana
391: 164.6 dps, 4000 hp, 424 mana
392: 164.2 dps, 4000 hp, 424 mana
393: 163.7 dps, 4000 hp, 424 mana
394: 163.3 dps, 4000 hp, 424 mana
395: 162.9 dps, 4000 hp, 424 mana
396: 162.5 dps, 4000 hp, 445 mana
397: 162.1 dps, 4000 hp, 445 mana
398: 161.7 dps, 4000 hp, 445 mana
399: 161.3 dps, 4000 hp, 445 mana
400: miniCH tick
400: finished casting miniCH
400: 168.2 dps, 4000 hp, 205 mana
401: 167.8 dps, 4000 hp, 205 mana
402: 167.4 dps, 4000 hp, 226 mana
403: 166.9 dps, 4000 hp, 226 mana
404: 166.5 dps, 4000 hp, 226 mana
405: 166.1 dps, 4000 hp, 226 mana
406: 165.7 dps, 4000 hp, 226 mana
407: 165.3 dps, 4000 hp, 226 mana
408: 164.9 dps, 4000 hp, 267 mana
409: 164.5 dps, 4000 hp, 267 mana
410: 164.1 dps, 4000 hp, 267 mana
411: 163.7 dps, 4000 hp, 267 mana
412: 163.3 dps, 4000 hp, 267 mana
413: 162.9 dps, 4000 hp, 267 mana
414: 162.5 dps, 4000 hp, 308 mana
415: 162.1 dps, 4000 hp, 308 mana
416: 161.7 dps, 4000 hp, 308 mana
417: 161.3 dps, 4000 hp, 308 mana
418: 160.9 dps, 4000 hp, 308 mana
419: 160.6 dps, 4000 hp, 308 mana
420: 160.2 dps, 4000 hp, 349 mana
421: 159.8 dps, 4000 hp, 349 mana
422: 159.4 dps, 4000 hp, 349 mana
423: 159.0 dps, 4000 hp, 349 mana
424: 158.7 dps, 4000 hp, 349 mana
425: 158.3 dps, 4000 hp, 349 mana
426: 157.9 dps, 4000 hp, 390 mana
427: 157.6 dps, 4000 hp, 390 mana
428: 157.2 dps, 4000 hp, 390 mana
429: 156.8 dps, 4000 hp, 390 mana
430: 156.5 dps, 4000 hp, 390 mana
431: 156.1 dps, 4000 hp, 390 mana
432: startcast miniCH
432: 155.7 dps, 4000 hp, 431 mana
433: 155.4 dps, 4000 hp, 431 mana
434: 155.0 dps, 4000 hp, 431 mana
435: 154.7 dps, 4000 hp, 431 mana
436: 154.3 dps, 4000 hp, 431 mana
437: 153.9 dps, 4000 hp, 431 mana
438: 153.6 dps, 4000 hp, 452 mana
439: 153.2 dps, 4000 hp, 452 mana
440: 152.9 dps, 4000 hp, 452 mana
441: 152.6 dps, 4000 hp, 452 mana
442: miniCH tick
442: finished casting miniCH
442: 158.8 dps, 4000 hp, 212 mana
443: 158.5 dps, 4000 hp, 212 mana
444: 158.1 dps, 4000 hp, 233 mana
445: 157.8 dps, 4000 hp, 233 mana
446: 157.4 dps, 4000 hp, 233 mana
447: 157.0 dps, 4000 hp, 233 mana
448: 156.7 dps, 4000 hp, 233 mana
449: 156.3 dps, 4000 hp, 233 mana
450: 156.0 dps, 4000 hp, 274 mana
451: 155.7 dps, 4000 hp, 274 mana
452: 155.3 dps, 4000 hp, 274 mana
453: 155.0 dps, 4000 hp, 274 mana
454: 154.6 dps, 4000 hp, 274 mana
455: 154.3 dps, 4000 hp, 274 mana
456: 153.9 dps, 4000 hp, 315 mana
457: 153.6 dps, 4000 hp, 315 mana
458: 153.3 dps, 4000 hp, 315 mana
459: 152.9 dps, 4000 hp, 315 mana
460: 152.6 dps, 4000 hp, 315 mana
461: 152.3 dps, 4000 hp, 315 mana
462: 151.9 dps, 4000 hp, 356 mana
463: 151.6 dps, 4000 hp, 356 mana
464: 151.3 dps, 4000 hp, 356 mana
465: 151.0 dps, 4000 hp, 356 mana
466: 150.6 dps, 4000 hp, 356 mana
467: 150.3 dps, 4000 hp, 356 mana
468: 150.0 dps, 4000 hp, 397 mana
469: 149.7 dps, 4000 hp, 397 mana
470: 149.4 dps, 4000 hp, 397 mana
471: 149.0 dps, 4000 hp, 397 mana
472: 148.7 dps, 4000 hp, 397 mana
473: 148.4 dps, 4000 hp, 397 mana
474: startcast miniCH
474: 148.1 dps, 4000 hp, 438 mana
475: 147.8 dps, 4000 hp, 438 mana
476: 147.5 dps, 4000 hp, 438 mana
477: 147.2 dps, 4000 hp, 438 mana
478: 146.9 dps, 4000 hp, 438 mana
479: 146.6 dps, 4000 hp, 438 mana
480: 146.2 dps, 4000 hp, 459 mana
481: 145.9 dps, 4000 hp, 459 mana
482: 145.6 dps, 4000 hp, 459 mana
483: 145.3 dps, 4000 hp, 459 mana
484: miniCH tick
484: finished casting miniCH
484: 151.1 dps, 4000 hp, 219 mana
485: 150.8 dps, 4000 hp, 219 mana
486: 150.5 dps, 4000 hp, 240 mana
487: 150.2 dps, 4000 hp, 240 mana
488: 149.8 dps, 4000 hp, 240 mana
489: 149.5 dps, 4000 hp, 240 mana
490: 149.2 dps, 4000 hp, 240 mana
491: 148.9 dps, 4000 hp, 240 mana
492: 148.6 dps, 4000 hp, 281 mana
493: 148.3 dps, 4000 hp, 281 mana
494: 148.0 dps, 4000 hp, 281 mana
495: 147.7 dps, 4000 hp, 281 mana
496: 147.4 dps, 4000 hp, 281 mana
497: 147.1 dps, 4000 hp, 281 mana
498: 146.8 dps, 4000 hp, 322 mana
499: 146.5 dps, 4000 hp, 322 mana
500: 146.2 dps, 4000 hp, 322 mana
501: 146.0 dps, 4000 hp, 322 mana
502: 145.7 dps, 4000 hp, 322 mana
503: 145.4 dps, 4000 hp, 322 mana
504: 145.1 dps, 4000 hp, 363 mana
505: 144.8 dps, 4000 hp, 363 mana
506: 144.5 dps, 4000 hp, 363 mana
507: 144.2 dps, 4000 hp, 363 mana
508: 143.9 dps, 4000 hp, 363 mana
509: 143.7 dps, 4000 hp, 363 mana
510: startcast miniCH
510: 143.4 dps, 4000 hp, 404 mana
511: 143.1 dps, 4000 hp, 404 mana
512: 142.8 dps, 4000 hp, 404 mana
513: 142.5 dps, 4000 hp, 404 mana
514: 142.3 dps, 4000 hp, 404 mana
515: 142.0 dps, 4000 hp, 404 mana
516: 141.7 dps, 4000 hp, 425 mana
517: 141.4 dps, 4000 hp, 425 mana
518: 141.2 dps, 4000 hp, 425 mana
519: 140.9 dps, 4000 hp, 425 mana
520: miniCH tick
520: finished casting miniCH
520: 146.2 dps, 4000 hp, 185 mana
521: 146.0 dps, 4000 hp, 185 mana
522: 145.7 dps, 4000 hp, 206 mana
523: 145.4 dps, 4000 hp, 206 mana
524: 145.1 dps, 4000 hp, 206 mana
525: 144.9 dps, 4000 hp, 206 mana
526: 144.6 dps, 4000 hp, 206 mana
527: 144.3 dps, 4000 hp, 206 mana
528: 144.0 dps, 4000 hp, 247 mana
529: 143.8 dps, 4000 hp, 247 mana
530: 143.5 dps, 4000 hp, 247 mana
531: 143.2 dps, 4000 hp, 247 mana
532: 143.0 dps, 4000 hp, 247 mana
533: 142.7 dps, 4000 hp, 247 mana
534: 142.4 dps, 4000 hp, 288 mana
535: 142.1 dps, 4000 hp, 288 mana
536: 141.9 dps, 4000 hp, 288 mana
537: 141.6 dps, 4000 hp, 288 mana
538: 141.4 dps, 4000 hp, 288 mana
539: 141.1 dps, 4000 hp, 288 mana
540: 140.8 dps, 4000 hp, 329 mana
541: 140.6 dps, 4000 hp, 329 mana
542: 140.3 dps, 4000 hp, 329 mana
543: 140.1 dps, 4000 hp, 329 mana
544: 139.8 dps, 4000 hp, 329 mana
545: 139.5 dps, 4000 hp, 329 mana
546: 139.3 dps, 4000 hp, 370 mana
547: 139.0 dps, 4000 hp, 370 mana
548: 138.8 dps, 4000 hp, 370 mana
549: 138.5 dps, 4000 hp, 370 mana
550: 138.3 dps, 4000 hp, 370 mana
551: 138.0 dps, 4000 hp, 370 mana
552: startcast miniCH
552: 137.8 dps, 4000 hp, 411 mana
553: 137.5 dps, 4000 hp, 411 mana
554: 137.3 dps, 4000 hp, 411 mana
555: 137.0 dps, 4000 hp, 411 mana
556: 136.8 dps, 4000 hp, 411 mana
557: 136.5 dps, 4000 hp, 411 mana
558: 136.3 dps, 4000 hp, 432 mana
559: 136.0 dps, 4000 hp, 432 mana
560: 135.8 dps, 4000 hp, 432 mana
561: 135.6 dps, 4000 hp, 432 mana
562: miniCH tick
562: finished casting miniCH
562: 140.5 dps, 4000 hp, 192 mana
563: 140.3 dps, 4000 hp, 192 mana
564: 140.0 dps, 4000 hp, 213 mana
565: 139.8 dps, 4000 hp, 213 mana
566: 139.5 dps, 4000 hp, 213 mana
567: 139.3 dps, 4000 hp, 213 mana
568: 139.0 dps, 4000 hp, 213 mana
569: 138.8 dps, 4000 hp, 213 mana
570: 138.6 dps, 4000 hp, 254 mana
571: 138.3 dps, 4000 hp, 254 mana
572: 138.1 dps, 4000 hp, 254 mana
573: 137.8 dps, 4000 hp, 254 mana
574: 137.6 dps, 4000 hp, 254 mana
575: 137.3 dps, 4000 hp, 254 mana
576: 137.1 dps, 4000 hp, 295 mana
577: 136.9 dps, 4000 hp, 295 mana
578: 136.6 dps, 4000 hp, 295 mana
579: 136.4 dps, 4000 hp, 295 mana
580: 136.2 dps, 4000 hp, 295 mana
581: 135.9 dps, 4000 hp, 295 mana
582: 135.7 dps, 4000 hp, 336 mana
583: 135.5 dps, 4000 hp, 336 mana
584: 135.2 dps, 4000 hp, 336 mana
585: 135.0 dps, 4000 hp, 336 mana
586: 134.8 dps, 4000 hp, 336 mana
587: 134.5 dps, 4000 hp, 336 mana
588: 134.3 dps, 4000 hp, 377 mana
589: 134.1 dps, 4000 hp, 377 mana
590: 133.9 dps, 4000 hp, 377 mana
591: 133.6 dps, 4000 hp, 377 mana
592: 133.4 dps, 4000 hp, 377 mana
593: 133.2 dps, 4000 hp, 377 mana
594: startcast miniCH
594: 133.0 dps, 4000 hp, 418 mana
595: 132.7 dps, 4000 hp, 418 mana
596: 132.5 dps, 4000 hp, 418 mana
597: 132.3 dps, 4000 hp, 418 mana
598: 132.1 dps, 4000 hp, 418 mana
599: 131.8 dps, 4000 hp, 418 mana
600: 131.6 dps, 4000 hp, 439 mana
601: 131.4 dps, 4000 hp, 439 mana
602: 131.2 dps, 4000 hp, 439 mana
603: 131.0 dps, 4000 hp, 439 mana
604: miniCH tick
604: finished casting miniCH
604: 135.6 dps, 4000 hp, 199 mana
605: 135.4 dps, 4000 hp, 199 mana
606: 135.1 dps, 4000 hp, 220 mana
607: 134.9 dps, 4000 hp, 220 mana
608: 134.7 dps, 4000 hp, 220 mana
609: 134.5 dps, 4000 hp, 220 mana
610: 134.3 dps, 4000 hp, 220 mana
611: 134.0 dps, 4000 hp, 220 mana
612: 133.8 dps, 4000 hp, 261 mana
613: 133.6 dps, 4000 hp, 261 mana
614: 133.4 dps, 4000 hp, 261 mana
615: 133.2 dps, 4000 hp, 261 mana
616: 133.0 dps, 4000 hp, 261 mana
617: 132.7 dps, 4000 hp, 261 mana
618: 132.5 dps, 4000 hp, 302 mana
619: 132.3 dps, 4000 hp, 302 mana
620: 132.1 dps, 4000 hp, 302 mana
621: 131.9 dps, 4000 hp, 302 mana
622: 131.7 dps, 4000 hp, 302 mana
623: 131.5 dps, 4000 hp, 302 mana
624: 131.2 dps, 4000 hp, 343 mana
625: 131.0 dps, 4000 hp, 343 mana
626: 130.8 dps, 4000 hp, 343 mana
627: 130.6 dps, 4000 hp, 343 mana
628: 130.4 dps, 4000 hp, 343 mana
629: 130.2 dps, 4000 hp, 343 mana
630: 130.0 dps, 4000 hp, 384 mana
631: 129.8 dps, 4000 hp, 384 mana
632: 129.6 dps, 4000 hp, 384 mana
633: 129.4 dps, 4000 hp, 384 mana
634: 129.2 dps, 4000 hp, 384 mana
635: 129.0 dps, 4000 hp, 384 mana
636: startcast miniCH
636: 128.8 dps, 4000 hp, 425 mana
637: 128.6 dps, 4000 hp, 425 mana
638: 128.4 dps, 4000 hp, 425 mana
639: 128.2 dps, 4000 hp, 425 mana
640: 128.0 dps, 4000 hp, 425 mana
641: 127.8 dps, 4000 hp, 425 mana
642: 127.6 dps, 4000 hp, 446 mana
643: 127.4 dps, 4000 hp, 446 mana
644: 127.2 dps, 4000 hp, 446 mana
645: 127.0 dps, 4000 hp, 446 mana
646: miniCH tick
646: finished casting miniCH
646: 131.3 dps, 4000 hp, 206 mana
647: 131.1 dps, 4000 hp, 206 mana
648: 130.9 dps, 4000 hp, 227 mana
649: 130.7 dps, 4000 hp, 227 mana
650: 130.5 dps, 4000 hp, 227 mana
651: 130.3 dps, 4000 hp, 227 mana
652: 130.1 dps, 4000 hp, 227 mana
653: 129.9 dps, 4000 hp, 227 mana
654: 129.7 dps, 4000 hp, 268 mana
655: 129.5 dps, 4000 hp, 268 mana
656: 129.3 dps, 4000 hp, 268 mana
657: 129.1 dps, 4000 hp, 268 mana
658: 128.9 dps, 4000 hp, 268 mana
659: 128.7 dps, 4000 hp, 268 mana
660: 128.5 dps, 4000 hp, 309 mana
661: 128.3 dps, 4000 hp, 309 mana
662: 128.1 dps, 4000 hp, 309 mana
663: 127.9 dps, 4000 hp, 309 mana
664: 127.7 dps, 4000 hp, 309 mana
665: 127.6 dps, 4000 hp, 309 mana
666: 127.4 dps, 4000 hp, 350 mana
667: 127.2 dps, 4000 hp, 350 mana
668: 127.0 dps, 4000 hp, 350 mana
669: 126.8 dps, 4000 hp, 350 mana
670: 126.6 dps, 4000 hp, 350 mana
671: 126.4 dps, 4000 hp, 350 mana
672: 126.2 dps, 4000 hp, 391 mana
673: 126.0 dps, 4000 hp, 391 mana
674: 125.9 dps, 4000 hp, 391 mana
675: 125.7 dps, 4000 hp, 391 mana
676: 125.5 dps, 4000 hp, 391 mana
677: 125.3 dps, 4000 hp, 391 mana
678: startcast miniCH
678: 125.1 dps, 4000 hp, 432 mana
679: 124.9 dps, 4000 hp, 432 mana
680: 124.7 dps, 4000 hp, 432 mana
681: 124.6 dps, 4000 hp, 432 mana
682: 124.4 dps, 4000 hp, 432 mana
683: 124.2 dps, 4000 hp, 432 mana
684: 124.0 dps, 4000 hp, 453 mana
685: 123.8 dps, 4000 hp, 453 mana
686: 123.7 dps, 4000 hp, 453 mana
687: 123.5 dps, 4000 hp, 453 mana
688: miniCH tick
688: finished casting miniCH
688: 127.5 dps, 4000 hp, 213 mana
689: 127.4 dps, 4000 hp, 213 mana
690: 127.2 dps, 4000 hp, 234 mana
691: 127.0 dps, 4000 hp, 234 mana
692: 126.8 dps, 4000 hp, 234 mana
693: 126.6 dps, 4000 hp, 234 mana
694: 126.4 dps, 4000 hp, 234 mana
695: 126.3 dps, 4000 hp, 234 mana
696: 126.1 dps, 4000 hp, 275 mana
697: 125.9 dps, 4000 hp, 275 mana
698: 125.7 dps, 4000 hp, 275 mana
699: 125.5 dps, 4000 hp, 275 mana
700: 125.4 dps, 4000 hp, 275 mana
701: 125.2 dps, 4000 hp, 275 mana
702: 125.0 dps, 4000 hp, 316 mana
703: 124.8 dps, 4000 hp, 316 mana
704: 124.6 dps, 4000 hp, 316 mana
705: 124.5 dps, 4000 hp, 316 mana
706: 124.3 dps, 4000 hp, 316 mana
707: 124.1 dps, 4000 hp, 316 mana
708: 123.9 dps, 4000 hp, 357 mana
709: 123.8 dps, 4000 hp, 357 mana
710: 123.6 dps, 4000 hp, 357 mana
711: 123.4 dps, 4000 hp, 357 mana
712: 123.2 dps, 4000 hp, 357 mana
713: 123.1 dps, 4000 hp, 357 mana
714: 122.9 dps, 4000 hp, 398 mana
715: 122.7 dps, 4000 hp, 398 mana
716: 122.6 dps, 4000 hp, 398 mana
717: 122.4 dps, 4000 hp, 398 mana
718: 122.2 dps, 4000 hp, 398 mana
719: 122.0 dps, 4000 hp, 398 mana
720: startcast miniCH
720: 121.9 dps, 4000 hp, 439 mana
721: 121.7 dps, 4000 hp, 439 mana
722: 121.5 dps, 4000 hp, 439 mana
723: 121.4 dps, 4000 hp, 439 mana
724: 121.2 dps, 4000 hp, 439 mana
725: 121.0 dps, 4000 hp, 439 mana
726: 120.9 dps, 4000 hp, 460 mana
727: 120.7 dps, 4000 hp, 460 mana
728: 120.5 dps, 4000 hp, 460 mana
729: 120.4 dps, 4000 hp, 460 mana
730: miniCH tick
730: finished casting miniCH
730: 124.2 dps, 4000 hp, 220 mana
731: 124.0 dps, 4000 hp, 220 mana
732: 123.9 dps, 4000 hp, 241 mana
733: 123.7 dps, 4000 hp, 241 mana
734: 123.5 dps, 4000 hp, 241 mana
735: 123.4 dps, 4000 hp, 241 mana
736: 123.2 dps, 4000 hp, 241 mana
737: 123.0 dps, 4000 hp, 241 mana
738: 122.9 dps, 4000 hp, 282 mana
739: 122.7 dps, 4000 hp, 282 mana
740: 122.5 dps, 4000 hp, 282 mana
741: 122.4 dps, 4000 hp, 282 mana
742: 122.2 dps, 4000 hp, 282 mana
743: 122.0 dps, 4000 hp, 282 mana
744: 121.9 dps, 4000 hp, 323 mana
745: 121.7 dps, 4000 hp, 323 mana
746: 121.5 dps, 4000 hp, 323 mana
747: 121.4 dps, 4000 hp, 323 mana
748: 121.2 dps, 4000 hp, 323 mana
749: 121.1 dps, 4000 hp, 323 mana
750: 120.9 dps, 4000 hp, 364 mana
751: 120.7 dps, 4000 hp, 364 mana
752: 120.6 dps, 4000 hp, 364 mana
753: 120.4 dps, 4000 hp, 364 mana
754: 120.3 dps, 4000 hp, 364 mana
755: 120.1 dps, 4000 hp, 364 mana
756: startcast miniCH
756: 119.9 dps, 4000 hp, 405 mana
757: 119.8 dps, 4000 hp, 405 mana
758: 119.6 dps, 4000 hp, 405 mana
759: 119.5 dps, 4000 hp, 405 mana
760: 119.3 dps, 4000 hp, 405 mana
761: 119.2 dps, 4000 hp, 405 mana
762: 119.0 dps, 4000 hp, 426 mana
763: 118.8 dps, 4000 hp, 426 mana
764: 118.7 dps, 4000 hp, 426 mana
765: 118.5 dps, 4000 hp, 426 mana
766: miniCH tick
766: finished casting miniCH
766: 122.2 dps, 4000 hp, 186 mana
767: 122.0 dps, 4000 hp, 186 mana
768: 121.9 dps, 4000 hp, 207 mana
769: 121.7 dps, 4000 hp, 207 mana
770: 121.6 dps, 4000 hp, 207 mana
771: 121.4 dps, 4000 hp, 207 mana
772: 121.2 dps, 4000 hp, 207 mana
773: 121.1 dps, 4000 hp, 207 mana
774: 120.9 dps, 4000 hp, 248 mana
775: 120.8 dps, 4000 hp, 248 mana
776: 120.6 dps, 4000 hp, 248 mana
777: 120.5 dps, 4000 hp, 248 mana
778: 120.3 dps, 4000 hp, 248 mana
779: 120.2 dps, 4000 hp, 248 mana
780: 120.0 dps, 4000 hp, 289 mana
781: 119.8 dps, 4000 hp, 289 mana
782: 119.7 dps, 4000 hp, 289 mana
783: 119.5 dps, 4000 hp, 289 mana
784: 119.4 dps, 4000 hp, 289 mana
785: 119.2 dps, 4000 hp, 289 mana
786: 119.1 dps, 4000 hp, 330 mana
787: 118.9 dps, 4000 hp, 330 mana
788: 118.8 dps, 4000 hp, 330 mana
789: 118.6 dps, 4000 hp, 330 mana
790: 118.5 dps, 4000 hp, 330 mana
791: 118.3 dps, 4000 hp, 330 mana
792: 118.2 dps, 4000 hp, 371 mana
793: 118.0 dps, 4000 hp, 371 mana
794: 117.9 dps, 4000 hp, 371 mana
795: 117.7 dps, 4000 hp, 371 mana
796: 117.6 dps, 4000 hp, 371 mana
797: 117.4 dps, 4000 hp, 371 mana
798: startcast miniCH
798: 117.3 dps, 4000 hp, 412 mana
799: 117.1 dps, 4000 hp, 412 mana
800: 117.0 dps, 4000 hp, 412 mana
801: 116.9 dps, 4000 hp, 412 mana
802: 116.7 dps, 4000 hp, 412 mana
803: 116.6 dps, 4000 hp, 412 mana
804: 116.4 dps, 4000 hp, 433 mana
805: 116.3 dps, 4000 hp, 433 mana
806: 116.1 dps, 4000 hp, 433 mana
807: 116.0 dps, 4000 hp, 433 mana
808: miniCH tick
808: finished casting miniCH
808: 119.5 dps, 4000 hp, 193 mana
809: 119.3 dps, 4000 hp, 193 mana
810: 119.2 dps, 4000 hp, 214 mana
811: 119.0 dps, 4000 hp, 214 mana
812: 118.9 dps, 4000 hp, 214 mana
813: 118.7 dps, 4000 hp, 214 mana
814: 118.6 dps, 4000 hp, 214 mana
815: 118.4 dps, 4000 hp, 214 mana
816: 118.3 dps, 4000 hp, 255 mana
817: 118.1 dps, 4000 hp, 255 mana
818: 118.0 dps, 4000 hp, 255 mana
819: 117.9 dps, 4000 hp, 255 mana
820: 117.7 dps, 4000 hp, 255 mana
821: 117.6 dps, 4000 hp, 255 mana
822: 117.4 dps, 4000 hp, 296 mana
823: 117.3 dps, 4000 hp, 296 mana
824: 117.1 dps, 4000 hp, 296 mana
825: 117.0 dps, 4000 hp, 296 mana
826: 116.9 dps, 4000 hp, 296 mana
827: 116.7 dps, 4000 hp, 296 mana
828: 116.6 dps, 4000 hp, 337 mana
829: 116.4 dps, 4000 hp, 337 mana
830: 116.3 dps, 4000 hp, 337 mana
831: 116.2 dps, 4000 hp, 337 mana
832: 116.0 dps, 4000 hp, 337 mana
833: 115.9 dps, 4000 hp, 337 mana
834: 115.7 dps, 4000 hp, 378 mana
835: 115.6 dps, 4000 hp, 378 mana
836: 115.5 dps, 4000 hp, 378 mana
837: 115.3 dps, 4000 hp, 378 mana
838: 115.2 dps, 4000 hp, 378 mana
839: 115.0 dps, 4000 hp, 378 mana
840: startcast miniCH
840: 114.9 dps, 4000 hp, 419 mana
841: 114.8 dps, 4000 hp, 419 mana
842: 114.6 dps, 4000 hp, 419 mana
843: 114.5 dps, 4000 hp, 419 mana
844: 114.4 dps, 4000 hp, 419 mana
845: 114.2 dps, 4000 hp, 419 mana
846: 114.1 dps, 4000 hp, 440 mana
847: 114.0 dps, 4000 hp, 440 mana
848: 113.8 dps, 4000 hp, 440 mana
849: 113.7 dps, 4000 hp, 440 mana
850: miniCH tick
850: finished casting miniCH
850: 117.0 dps, 4000 hp, 200 mana
851: 116.9 dps, 4000 hp, 200 mana
852: 116.7 dps, 4000 hp, 221 mana
853: 116.6 dps, 4000 hp, 221 mana
854: 116.5 dps, 4000 hp, 221 mana
855: 116.3 dps, 4000 hp, 221 mana
856: 116.2 dps, 4000 hp, 221 mana
857: 116.0 dps, 4000 hp, 221 mana
858: 115.9 dps, 4000 hp, 262 mana
859: 115.8 dps, 4000 hp, 262 mana
860: 115.6 dps, 4000 hp, 262 mana
861: 115.5 dps, 4000 hp, 262 mana
862: 115.4 dps, 4000 hp, 262 mana
863: 115.2 dps, 4000 hp, 262 mana
864: 115.1 dps, 4000 hp, 303 mana
865: 115.0 dps, 4000 hp, 303 mana
866: 114.8 dps, 4000 hp, 303 mana
867: 114.7 dps, 4000 hp, 303 mana
868: 114.6 dps, 4000 hp, 303 mana
869: 114.4 dps, 4000 hp, 303 mana
870: 114.3 dps, 4000 hp, 344 mana
871: 114.2 dps, 4000 hp, 344 mana
872: 114.0 dps, 4000 hp, 344 mana
873: 113.9 dps, 4000 hp, 344 mana
874: 113.8 dps, 4000 hp, 344 mana
875: 113.7 dps, 4000 hp, 344 mana
876: 113.5 dps, 4000 hp, 385 mana
877: 113.4 dps, 4000 hp, 385 mana
878: 113.3 dps, 4000 hp, 385 mana
879: 113.1 dps, 4000 hp, 385 mana
880: 113.0 dps, 4000 hp, 385 mana
881: 112.9 dps, 4000 hp, 385 mana
882: startcast miniCH
882: 112.8 dps, 4000 hp, 426 mana
883: 112.6 dps, 4000 hp, 426 mana
884: 112.5 dps, 4000 hp, 426 mana
885: 112.4 dps, 4000 hp, 426 mana
886: 112.2 dps, 4000 hp, 426 mana
887: 112.1 dps, 4000 hp, 426 mana
888: 112.0 dps, 4000 hp, 447 mana
889: 111.9 dps, 4000 hp, 447 mana
890: 111.7 dps, 4000 hp, 447 mana
891: 111.6 dps, 4000 hp, 447 mana
892: miniCH tick
892: finished casting miniCH
892: 114.8 dps, 4000 hp, 207 mana
893: 114.6 dps, 4000 hp, 207 mana
894: 114.5 dps, 4000 hp, 228 mana
895: 114.4 dps, 4000 hp, 228 mana
896: 114.3 dps, 4000 hp, 228 mana
897: 114.1 dps, 4000 hp, 228 mana
898: 114.0 dps, 4000 hp, 228 mana
899: 113.9 dps, 4000 hp, 228 mana
900: 113.8 dps, 4000 hp, 269 mana
901: 113.6 dps, 4000 hp, 269 mana
902: 113.5 dps, 4000 hp, 269 mana
903: 113.4 dps, 4000 hp, 269 mana
904: 113.2 dps, 4000 hp, 269 mana
905: 113.1 dps, 4000 hp, 269 mana
906: 113.0 dps, 4000 hp, 310 mana
907: 112.9 dps, 4000 hp, 310 mana
908: 112.7 dps, 4000 hp, 310 mana
909: 112.6 dps, 4000 hp, 310 mana
910: 112.5 dps, 4000 hp, 310 mana
911: 112.4 dps, 4000 hp, 310 mana
912: 112.3 dps, 4000 hp, 351 mana
913: 112.1 dps, 4000 hp, 351 mana
914: 112.0 dps, 4000 hp, 351 mana
915: 111.9 dps, 4000 hp, 351 mana
916: 111.8 dps, 4000 hp, 351 mana
917: 111.6 dps, 4000 hp, 351 mana
918: 111.5 dps, 4000 hp, 392 mana
919: 111.4 dps, 4000 hp, 392 mana
920: 111.3 dps, 4000 hp, 392 mana
921: 111.2 dps, 4000 hp, 392 mana
922: 111.0 dps, 4000 hp, 392 mana
923: 110.9 dps, 4000 hp, 392 mana
924: startcast miniCH
924: 110.8 dps, 4000 hp, 433 mana
925: 110.7 dps, 4000 hp, 433 mana
926: 110.6 dps, 4000 hp, 433 mana
927: 110.4 dps, 4000 hp, 433 mana
928: 110.3 dps, 4000 hp, 433 mana
929: 110.2 dps, 4000 hp, 433 mana
930: 110.1 dps, 4000 hp, 454 mana
931: 110.0 dps, 4000 hp, 454 mana
932: 109.8 dps, 4000 hp, 454 mana
933: 109.7 dps, 4000 hp, 454 mana
934: miniCH tick
934: finished casting miniCH
934: 112.7 dps, 4000 hp, 214 mana
935: 112.6 dps, 4000 hp, 214 mana
936: 112.5 dps, 4000 hp, 235 mana
937: 112.4 dps, 4000 hp, 235 mana
938: 112.3 dps, 4000 hp, 235 mana
939: 112.1 dps, 4000 hp, 235 mana
940: 112.0 dps, 4000 hp, 235 mana
941: 111.9 dps, 4000 hp, 235 mana
942: 111.8 dps, 4000 hp, 276 mana
943: 111.7 dps, 4000 hp, 276 mana
944: 111.5 dps, 4000 hp, 276 mana
945: 111.4 dps, 4000 hp, 276 mana
946: 111.3 dps, 4000 hp, 276 mana
947: 111.2 dps, 4000 hp, 276 mana
948: 111.1 dps, 4000 hp, 317 mana
949: 111.0 dps, 4000 hp, 317 mana
950: 110.8 dps, 4000 hp, 317 mana
951: 110.7 dps, 4000 hp, 317 mana
952: 110.6 dps, 4000 hp, 317 mana
953: 110.5 dps, 4000 hp, 317 mana
954: 110.4 dps, 4000 hp, 358 mana
955: 110.3 dps, 4000 hp, 358 mana
956: 110.1 dps, 4000 hp, 358 mana
957: 110.0 dps, 4000 hp, 358 mana
958: 109.9 dps, 4000 hp, 358 mana
959: 109.8 dps, 4000 hp, 358 mana
960: 109.7 dps, 4000 hp, 399 mana
961: 109.6 dps, 4000 hp, 399 mana
962: 109.5 dps, 4000 hp, 399 mana
963: 109.3 dps, 4000 hp, 399 mana
964: 109.2 dps, 4000 hp, 399 mana
965: 109.1 dps, 4000 hp, 399 mana
966: startcast miniCH
966: 109.0 dps, 4000 hp, 440 mana
967: 108.9 dps, 4000 hp, 440 mana
968: 108.8 dps, 4000 hp, 440 mana
969: 108.7 dps, 4000 hp, 440 mana
970: 108.6 dps, 4000 hp, 440 mana
971: 108.4 dps, 4000 hp, 440 mana
972: 108.3 dps, 4000 hp, 461 mana
973: 108.2 dps, 4000 hp, 461 mana
974: 108.1 dps, 4000 hp, 461 mana
975: 108.0 dps, 4000 hp, 461 mana
976: miniCH tick
976: finished casting miniCH
976: 110.9 dps, 4000 hp, 221 mana
977: 110.8 dps, 4000 hp, 221 mana
978: 110.7 dps, 4000 hp, 242 mana
979: 110.5 dps, 4000 hp, 242 mana
980: 110.4 dps, 4000 hp, 242 mana
981: 110.3 dps, 4000 hp, 242 mana
982: 110.2 dps, 4000 hp, 242 mana
983: 110.1 dps, 4000 hp, 242 mana
984: 110.0 dps, 4000 hp, 283 mana
985: 109.9 dps, 4000 hp, 283 mana
986: 109.8 dps, 4000 hp, 283 mana
987: 109.7 dps, 4000 hp, 283 mana
988: 109.5 dps, 4000 hp, 283 mana
989: 109.4 dps, 4000 hp, 283 mana
990: 109.3 dps, 4000 hp, 324 mana
991: 109.2 dps, 4000 hp, 324 mana
992: 109.1 dps, 4000 hp, 324 mana
993: 109.0 dps, 4000 hp, 324 mana
994: 108.9 dps, 4000 hp, 324 mana
995: 108.8 dps, 4000 hp, 324 mana
996: 108.7 dps, 4000 hp, 365 mana
997: 108.6 dps, 4000 hp, 365 mana
998: 108.4 dps, 4000 hp, 365 mana
999: 108.3 dps, 4000 hp, 365 mana
1000: 108.2 dps, 4000 hp, 365 mana
1001: 108.1 dps, 4000 hp, 365 mana
1002: startcast miniCH
1002: 108.0 dps, 4000 hp, 406 mana
1003: 107.9 dps, 4000 hp, 406 mana
1004: 107.8 dps, 4000 hp, 406 mana
1005: 107.7 dps, 4000 hp, 406 mana
1006: 107.6 dps, 4000 hp, 406 mana
1007: 107.5 dps, 4000 hp, 406 mana
1008: 107.4 dps, 4000 hp, 427 mana
1009: 107.3 dps, 4000 hp, 427 mana
1010: 107.2 dps, 4000 hp, 427 mana
1011: 107.0 dps, 4000 hp, 427 mana
1012: miniCH tick
1012: finished casting miniCH
1012: 109.8 dps, 4000 hp, 187 mana
1013: 109.7 dps, 4000 hp, 187 mana
1014: 109.6 dps, 4000 hp, 208 mana
1015: 109.5 dps, 4000 hp, 208 mana
1016: 109.4 dps, 4000 hp, 208 mana
1017: 109.3 dps, 4000 hp, 208 mana
1018: 109.2 dps, 4000 hp, 208 mana
1019: 109.1 dps, 4000 hp, 208 mana
1020: 109.0 dps, 4000 hp, 249 mana
1021: 108.9 dps, 4000 hp, 249 mana
1022: 108.8 dps, 4000 hp, 249 mana
1023: 108.7 dps, 4000 hp, 249 mana
1024: 108.5 dps, 4000 hp, 249 mana
1025: 108.4 dps, 4000 hp, 249 mana
1026: 108.3 dps, 4000 hp, 290 mana
1027: 108.2 dps, 4000 hp, 290 mana
1028: 108.1 dps, 4000 hp, 290 mana
1029: 108.0 dps, 4000 hp, 290 mana
1030: 107.9 dps, 4000 hp, 290 mana
1031: 107.8 dps, 4000 hp, 290 mana
1032: 107.7 dps, 4000 hp, 331 mana
1033: 107.6 dps, 4000 hp, 331 mana
1034: 107.5 dps, 4000 hp, 331 mana
1035: 107.4 dps, 4000 hp, 331 mana
1036: 107.3 dps, 4000 hp, 331 mana
1037: 107.2 dps, 4000 hp, 331 mana
1038: 107.1 dps, 4000 hp, 372 mana
1039: 107.0 dps, 4000 hp, 372 mana
1040: 106.9 dps, 4000 hp, 372 mana
1041: 106.8 dps, 4000 hp, 372 mana
1042: 106.7 dps, 4000 hp, 372 mana
1043: 106.6 dps, 4000 hp, 372 mana
1044: startcast miniCH
1044: 106.5 dps, 4000 hp, 413 mana
1045: 106.4 dps, 4000 hp, 413 mana
1046: 106.3 dps, 4000 hp, 413 mana
1047: 106.2 dps, 4000 hp, 413 mana
1048: 106.1 dps, 4000 hp, 413 mana
1049: 106.0 dps, 4000 hp, 413 mana
1050: 105.9 dps, 4000 hp, 434 mana
1051: 105.8 dps, 4000 hp, 434 mana
1052: 105.7 dps, 4000 hp, 434 mana
1053: 105.6 dps, 4000 hp, 434 mana
1054: miniCH tick
1054: finished casting miniCH
1054: 108.2 dps, 4000 hp, 194 mana
1055: 108.1 dps, 4000 hp, 194 mana
1056: 108.0 dps, 4000 hp, 215 mana
1057: 107.9 dps, 4000 hp, 215 mana
1058: 107.8 dps, 4000 hp, 215 mana
1059: 107.7 dps, 4000 hp, 215 mana
1060: 107.6 dps, 4000 hp, 215 mana
1061: 107.5 dps, 4000 hp, 215 mana
1062: 107.4 dps, 4000 hp, 256 mana
1063: 107.3 dps, 4000 hp, 256 mana
1064: 107.2 dps, 4000 hp, 256 mana
1065: 107.1 dps, 4000 hp, 256 mana
1066: 107.0 dps, 4000 hp, 256 mana
1067: 106.9 dps, 4000 hp, 256 mana
1068: 106.8 dps, 4000 hp, 297 mana
1069: 106.7 dps, 4000 hp, 297 mana
1070: 106.6 dps, 4000 hp, 297 mana
1071: 106.5 dps, 4000 hp, 297 mana
1072: 106.4 dps, 4000 hp, 297 mana
1073: 106.3 dps, 4000 hp, 297 mana
1074: 106.2 dps, 4000 hp, 338 mana
1075: 106.1 dps, 4000 hp, 338 mana
1076: 106.0 dps, 4000 hp, 338 mana
1077: 105.9 dps, 4000 hp, 338 mana
1078: 105.8 dps, 4000 hp, 338 mana
1079: 105.7 dps, 4000 hp, 338 mana
1080: 105.6 dps, 4000 hp, 379 mana
1081: 105.5 dps, 4000 hp, 379 mana
1082: 105.4 dps, 4000 hp, 379 mana
1083: 105.3 dps, 4000 hp, 379 mana
1084: 105.2 dps, 4000 hp, 379 mana
1085: 105.1 dps, 4000 hp, 379 mana
1086: startcast miniCH
1086: 105.0 dps, 4000 hp, 420 mana
1087: 104.9 dps, 4000 hp, 420 mana
1088: 104.8 dps, 4000 hp, 420 mana
1089: 104.8 dps, 4000 hp, 420 mana
1090: 104.7 dps, 4000 hp, 420 mana
1091: 104.6 dps, 4000 hp, 420 mana
1092: 104.5 dps, 4000 hp, 441 mana
1093: 104.4 dps, 4000 hp, 441 mana
1094: 104.3 dps, 4000 hp, 441 mana
1095: 104.2 dps, 4000 hp, 441 mana
1096: miniCH tick
1096: finished casting miniCH
1096: 106.8 dps, 4000 hp, 201 mana
1097: 106.7 dps, 4000 hp, 201 mana
1098: 106.6 dps, 4000 hp, 222 mana
1099: 106.5 dps, 4000 hp, 222 mana
1100: 106.4 dps, 4000 hp, 222 mana
1101: 106.3 dps, 4000 hp, 222 mana
1102: 106.2 dps, 4000 hp, 222 mana
1103: 106.1 dps, 4000 hp, 222 mana
1104: 106.0 dps, 4000 hp, 263 mana
1105: 105.9 dps, 4000 hp, 263 mana
1106: 105.8 dps, 4000 hp, 263 mana
1107: 105.7 dps, 4000 hp, 263 mana
1108: 105.6 dps, 4000 hp, 263 mana
1109: 105.5 dps, 4000 hp, 263 mana
1110: 105.4 dps, 4000 hp, 304 mana
1111: 105.3 dps, 4000 hp, 304 mana
1112: 105.2 dps, 4000 hp, 304 mana
1113: 105.1 dps, 4000 hp, 304 mana
1114: 105.0 dps, 4000 hp, 304 mana
1115: 104.9 dps, 4000 hp, 304 mana
1116: 104.8 dps, 4000 hp, 345 mana
1117: 104.7 dps, 4000 hp, 345 mana
1118: 104.7 dps, 4000 hp, 345 mana
1119: 104.6 dps, 4000 hp, 345 mana
1120: 104.5 dps, 4000 hp, 345 mana
1121: 104.4 dps, 4000 hp, 345 mana
1122: 104.3 dps, 4000 hp, 386 mana
1123: 104.2 dps, 4000 hp, 386 mana
1124: 104.1 dps, 4000 hp, 386 mana
1125: 104.0 dps, 4000 hp, 386 mana
1126: 103.9 dps, 4000 hp, 386 mana
1127: 103.8 dps, 4000 hp, 386 mana
1128: startcast miniCH
1128: 103.7 dps, 4000 hp, 427 mana
1129: 103.6 dps, 4000 hp, 427 mana
1130: 103.5 dps, 4000 hp, 427 mana
1131: 103.4 dps, 4000 hp, 427 mana
1132: 103.4 dps, 4000 hp, 427 mana
1133: 103.3 dps, 4000 hp, 427 mana
1134: 103.2 dps, 4000 hp, 448 mana
1135: 103.1 dps, 4000 hp, 448 mana
1136: 103.0 dps, 4000 hp, 448 mana
1137: 102.9 dps, 4000 hp, 448 mana
1138: miniCH tick
1138: finished casting miniCH
1138: 105.4 dps, 4000 hp, 208 mana
1139: 105.3 dps, 4000 hp, 208 mana
1140: 105.2 dps, 4000 hp, 229 mana
1141: 105.1 dps, 4000 hp, 229 mana
1142: 105.0 dps, 4000 hp, 229 mana
1143: 104.9 dps, 4000 hp, 229 mana
1144: 104.8 dps, 4000 hp, 229 mana
1145: 104.7 dps, 4000 hp, 229 mana
1146: 104.6 dps, 4000 hp, 270 mana
1147: 104.6 dps, 4000 hp, 270 mana
1148: 104.5 dps, 4000 hp, 270 mana
1149: 104.4 dps, 4000 hp, 270 mana
1150: 104.3 dps, 4000 hp, 270 mana
1151: 104.2 dps, 4000 hp, 270 mana
1152: 104.1 dps, 4000 hp, 311 mana
1153: 104.0 dps, 4000 hp, 311 mana
1154: 103.9 dps, 4000 hp, 311 mana
1155: 103.8 dps, 4000 hp, 311 mana
1156: 103.7 dps, 4000 hp, 311 mana
1157: 103.7 dps, 4000 hp, 311 mana
1158: 103.6 dps, 4000 hp, 352 mana
1159: 103.5 dps, 4000 hp, 352 mana
1160: 103.4 dps, 4000 hp, 352 mana
1161: 103.3 dps, 4000 hp, 352 mana
1162: 103.2 dps, 4000 hp, 352 mana
1163: 103.1 dps, 4000 hp, 352 mana
1164: 103.0 dps, 4000 hp, 393 mana
1165: 102.9 dps, 4000 hp, 393 mana
1166: 102.9 dps, 4000 hp, 393 mana
1167: 102.8 dps, 4000 hp, 393 mana
1168: 102.7 dps, 4000 hp, 393 mana
1169: 102.6 dps, 4000 hp, 393 mana
1170: startcast miniCH
1170: 102.5 dps, 4000 hp, 434 mana
1171: 102.4 dps, 4000 hp, 434 mana
1172: 102.3 dps, 4000 hp, 434 mana
1173: 102.2 dps, 4000 hp, 434 mana
1174: 102.2 dps, 4000 hp, 434 mana
1175: 102.1 dps, 4000 hp, 434 mana
1176: 102.0 dps, 4000 hp, 455 mana
1177: 101.9 dps, 4000 hp, 455 mana
1178: 101.8 dps, 4000 hp, 455 mana
1179: 101.7 dps, 4000 hp, 455 mana
1180: miniCH tick
1180: finished casting miniCH
1180: 104.1 dps, 4000 hp, 215 mana
1181: 104.0 dps, 4000 hp, 215 mana
1182: 103.9 dps, 4000 hp, 236 mana
1183: 103.8 dps, 4000 hp, 236 mana
1184: 103.8 dps, 4000 hp, 236 mana
1185: 103.7 dps, 4000 hp, 236 mana
1186: 103.6 dps, 4000 hp, 236 mana
1187: 103.5 dps, 4000 hp, 236 mana
1188: 103.4 dps, 4000 hp, 277 mana
1189: 103.3 dps, 4000 hp, 277 mana
1190: 103.2 dps, 4000 hp, 277 mana
1191: 103.1 dps, 4000 hp, 277 mana
1192: 103.1 dps, 4000 hp, 277 mana
1193: 103.0 dps, 4000 hp, 277 mana
1194: 102.9 dps, 4000 hp, 318 mana
1195: 102.8 dps, 4000 hp, 318 mana
1196: 102.7 dps, 4000 hp, 318 mana
1197: 102.6 dps, 4000 hp, 318 mana
1198: 102.5 dps, 4000 hp, 318 mana
1199: 102.5 dps, 4000 hp, 318 mana
1200: 102.4 dps, 4000 hp, 359 mana
