1: startcast Nature's Wrath
1: 0.0 dps, 4000 hp, 4000 mana
2: 0.0 dps, 4000 hp, 4000 mana
3: 0.0 dps, 4000 hp, 4000 mana
4: 0.0 dps, 4000 hp, 4000 mana
5: 0.0 dps, 4000 hp, 4000 mana
6: 0.0 dps, 4000 hp, 4000 mana
7: 0.0 dps, 4000 hp, 4000 mana
8: 0.0 dps, 4000 hp, 4000 mana
9: 0.0 dps, 4000 hp, 4000 mana
10: finished casting Nature's Wrath
10: 0.0 dps, 4000 hp, 4000 mana
11: startcast wingeddeath
11: 0.0 dps, 4000 hp, 4000 mana
12: Nature's Wrath tick
12: 4.6 dps, 4000 hp, 4000 mana
13: 4.2 dps, 4000 hp, 4000 mana
14: 3.9 dps, 4000 hp, 4000 mana
15: 3.7 dps, 4000 hp, 4000 mana
16: finished casting wingeddeath
16: 3.4 dps, 4000 hp, 3702.5 mana
17: 3.2 dps, 4000 hp, 3702.5 mana
18: Nature's Wrath tick
18: wingeddeath tick
18: 14.1 dps, 4000 hp, 3720.5 mana
19: startcast moonfire
19: 13.3 dps, 4000 hp, 3720.5 mana
20: 12.7 dps, 4000 hp, 3720.5 mana
21: 12.0 dps, 4000 hp, 3720.5 mana
22: 11.5 dps, 4000 hp, 3720.5 mana
23: 11.0 dps, 4000 hp, 3720.5 mana
24: Nature's Wrath tick
24: wingeddeath tick
24: 18.8 dps, 4000 hp, 3738.5 mana
25: moonfire tick
25: finished casting moonfire
25: 72.2 dps, 4000 hp, 3466.5 mana
26: 69.4 dps, 4000 hp, 3466.5 mana
27: 66.8 dps, 4000 hp, 3466.5 mana
28: startcast moonfire
28: 64.4 dps, 4000 hp, 3466.5 mana
29: 62.2 dps, 4000 hp, 3466.5 mana
30: Nature's Wrath tick
30: wingeddeath tick
30: 66.8 dps, 4000 hp, 3484.5 mana
31: 64.6 dps, 4000 hp, 3484.5 mana
32: 62.6 dps, 4000 hp, 3484.5 mana
33: 60.7 dps, 4000 hp, 3484.5 mana
34: moonfire tick
34: finished casting moonfire
34: 98.7 dps, 4000 hp, 3212.5 mana
35: 95.9 dps, 4000 hp, 3212.5 mana
36: Nature's Wrath tick
36: wingeddeath tick
36: 98.7 dps, 4000 hp, 3230.5 mana
37: startcast moonfire
37: 96.1 dps, 4000 hp, 3230.5 mana
38: 93.5 dps, 4000 hp, 3230.5 mana
39: 91.1 dps, 4000 hp, 3230.5 mana
40: 88.9 dps, 4000 hp, 3230.5 mana
41: 86.7 dps, 4000 hp, 3230.5 mana
42: Nature's Wrath tick
42: wingeddeath tick
42: 89.3 dps, 4000 hp, 3248.5 mana
43: moonfire tick
43: finished casting moonfire
43: 118.7 dps, 4000 hp, 2976.5 mana
44: 116.0 dps, 4000 hp, 2976.5 mana
45: 113.5 dps, 4000 hp, 2976.5 mana
46: startcast moonfire
46: 111.0 dps, 4000 hp, 2976.5 mana
47: 108.6 dps, 4000 hp, 2976.5 mana
48: Nature's Wrath tick
48: wingeddeath tick
48: 110.5 dps, 4000 hp, 2994.5 mana
49: 108.2 dps, 4000 hp, 2994.5 mana
50: 106.1 dps, 4000 hp, 2994.5 mana
51: 104.0 dps, 4000 hp, 2994.5 mana
52: moonfire tick
52: finished casting moonfire
52: 128.0 dps, 4000 hp, 2722.5 mana
53: 125.6 dps, 4000 hp, 2722.5 mana
54: Nature's Wrath tick
54: wingeddeath tick
54: 126.9 dps, 4000 hp, 2740.5 mana
55: startcast moonfire
55: 124.6 dps, 4000 hp, 2740.5 mana
56: 122.4 dps, 4000 hp, 2740.5 mana
57: 120.3 dps, 4000 hp, 2740.5 mana
58: 118.2 dps, 4000 hp, 2740.5 mana
59: 116.2 dps, 4000 hp, 2740.5 mana
60: Nature's Wrath tick
60: wingeddeath tick
60: 117.6 dps, 4000 hp, 2758.5 mana
61: moonfire tick
61: finished casting moonfire
61: 137.8 dps, 4000 hp, 2486.5 mana
62: 135.6 dps, 4000 hp, 2486.5 mana
63: 133.4 dps, 4000 hp, 2486.5 mana
64: startcast moonfire
64: 131.4 dps, 4000 hp, 2486.5 mana
65: 129.3 dps, 4000 hp, 2486.5 mana
66: Nature's Wrath tick
66: wingeddeath tick
66: 130.4 dps, 4000 hp, 2504.5 mana
67: 128.4 dps, 4000 hp, 2504.5 mana
68: 126.5 dps, 4000 hp, 2504.5 mana
69: 124.7 dps, 4000 hp, 2504.5 mana
70: moonfire tick
70: finished casting moonfire
70: 142.3 dps, 4000 hp, 2232.5 mana
71: 140.3 dps, 4000 hp, 2232.5 mana
72: wingeddeath tick
72: 140.3 dps, 4000 hp, 2250.5 mana
73: startcast Nature's Wrath
73: 138.4 dps, 4000 hp, 2250.5 mana
74: 136.5 dps, 4000 hp, 2250.5 mana
75: 134.7 dps, 4000 hp, 2250.5 mana
76: 132.9 dps, 4000 hp, 2250.5 mana
77: 131.2 dps, 4000 hp, 2250.5 mana
78: 129.5 dps, 4000 hp, 2268.5 mana
79: 127.9 dps, 4000 hp, 2268.5 mana
80: 126.3 dps, 4000 hp, 2268.5 mana
81: 124.7 dps, 4000 hp, 2268.5 mana
82: finished casting Nature's Wrath
82: 123.2 dps, 4000 hp, 2268.5 mana
83: startcast wingeddeath
83: 121.7 dps, 4000 hp, 2268.5 mana
84: Nature's Wrath tick
84: 120.9 dps, 4000 hp, 2286.5 mana
85: 119.5 dps, 4000 hp, 2286.5 mana
86: 118.1 dps, 4000 hp, 2286.5 mana
87: 116.7 dps, 4000 hp, 2286.5 mana
88: finished casting wingeddeath
88: 115.4 dps, 4000 hp, 1989 mana
89: 114.1 dps, 4000 hp, 1989 mana
90: Nature's Wrath tick
90: wingeddeath tick
90: 115.0 dps, 4000 hp, 2007 mana
91: startcast moonfire
91: 113.8 dps, 4000 hp, 2007 mana
92: 112.5 dps, 4000 hp, 2007 mana
93: 111.3 dps, 4000 hp, 2007 mana
94: 110.2 dps, 4000 hp, 2007 mana
95: 109.0 dps, 4000 hp, 2007 mana
96: Nature's Wrath tick
96: wingeddeath tick
96: 109.9 dps, 4000 hp, 2025 mana
97: moonfire tick
97: finished casting moonfire
97: 122.7 dps, 4000 hp, 1753 mana
98: 121.5 dps, 4000 hp, 1753 mana
99: 120.3 dps, 4000 hp, 1753 mana
100: startcast moonfire
100: 119.1 dps, 4000 hp, 1753 mana
101: 117.9 dps, 4000 hp, 1753 mana
102: Nature's Wrath tick
102: wingeddeath tick
102: 118.7 dps, 4000 hp, 1771 mana
103: 117.5 dps, 4000 hp, 1771 mana
104: 116.4 dps, 4000 hp, 1771 mana
105: 115.3 dps, 4000 hp, 1771 mana
106: moonfire tick
106: finished casting moonfire
106: 127.0 dps, 4000 hp, 1499 mana
107: 125.8 dps, 4000 hp, 1499 mana
108: Nature's Wrath tick
108: wingeddeath tick
108: 126.4 dps, 4000 hp, 1517 mana
109: startcast moonfire
109: 125.3 dps, 4000 hp, 1517 mana
110: 124.1 dps, 4000 hp, 1517 mana
111: 123.0 dps, 4000 hp, 1517 mana
112: 121.9 dps, 4000 hp, 1517 mana
113: 120.8 dps, 4000 hp, 1517 mana
114: Nature's Wrath tick
114: wingeddeath tick
114: 121.5 dps, 4000 hp, 1535 mana
115: moonfire tick
115: finished casting moonfire
115: 132.2 dps, 4000 hp, 1263 mana
116: 131.1 dps, 4000 hp, 1263 mana
117: 130.0 dps, 4000 hp, 1263 mana
118: startcast moonfire
118: 128.9 dps, 4000 hp, 1263 mana
119: 127.8 dps, 4000 hp, 1263 mana
120: Nature's Wrath tick
120: wingeddeath tick
120: 128.4 dps, 4000 hp, 1281 mana
121: 127.3 dps, 4000 hp, 1281 mana
122: 126.3 dps, 4000 hp, 1281 mana
123: 125.2 dps, 4000 hp, 1281 mana
124: moonfire tick
124: finished casting moonfire
124: 135.1 dps, 4000 hp, 1009 mana
125: 134.1 dps, 4000 hp, 1009 mana
126: Nature's Wrath tick
126: wingeddeath tick
126: 134.6 dps, 4000 hp, 1027 mana
127: startcast moonfire
127: 133.5 dps, 4000 hp, 1027 mana
128: 132.5 dps, 4000 hp, 1027 mana
129: 131.4 dps, 4000 hp, 1027 mana
130: 130.4 dps, 4000 hp, 1027 mana
131: 129.4 dps, 4000 hp, 1027 mana
132: Nature's Wrath tick
132: wingeddeath tick
132: 130.0 dps, 4000 hp, 1045 mana
133: moonfire tick
133: finished casting moonfire
133: 139.2 dps, 4000 hp, 773 mana
134: 138.1 dps, 4000 hp, 773 mana
135: 137.1 dps, 4000 hp, 773 mana
136: startcast moonfire
136: 136.1 dps, 4000 hp, 773 mana
137: 135.1 dps, 4000 hp, 773 mana
138: Nature's Wrath tick
138: wingeddeath tick
138: 135.6 dps, 4000 hp, 791 mana
139: 134.6 dps, 4000 hp, 791 mana
140: 133.6 dps, 4000 hp, 791 mana
141: 132.7 dps, 4000 hp, 791 mana
142: moonfire tick
142: finished casting moonfire
142: 141.3 dps, 4000 hp, 519 mana
143: 140.3 dps, 4000 hp, 519 mana
144: wingeddeath tick
144: 140.3 dps, 4000 hp, 537 mana
145: startcast Nature's Wrath
145: 139.3 dps, 4000 hp, 537 mana
146: 138.4 dps, 4000 hp, 537 mana
147: 137.4 dps, 4000 hp, 537 mana
148: 136.5 dps, 4000 hp, 537 mana
149: 135.6 dps, 4000 hp, 537 mana
150: 134.7 dps, 4000 hp, 555 mana
151: 133.8 dps, 4000 hp, 555 mana
152: 132.9 dps, 4000 hp, 555 mana
153: 132.0 dps, 4000 hp, 555 mana
154: finished casting Nature's Wrath
154: 131.2 dps, 4000 hp, 555 mana
155: startcast wingeddeath
155: 130.3 dps, 4000 hp, 555 mana
156: Nature's Wrath tick
156: 129.9 dps, 4000 hp, 573 mana
157: 129.0 dps, 4000 hp, 573 mana
158: 128.2 dps, 4000 hp, 573 mana
159: 127.4 dps, 4000 hp, 573 mana
160: finished casting wingeddeath
160: 126.6 dps, 4000 hp, 275.5 mana
161: 125.8 dps, 4000 hp, 275.5 mana
162: Nature's Wrath tick
162: wingeddeath tick
162: 126.3 dps, 4000 hp, 293.5 mana
163: 125.5 dps, 4000 hp, 293.5 mana
164: 124.7 dps, 4000 hp, 293.5 mana
165: 124.0 dps, 4000 hp, 293.5 mana
166: 123.2 dps, 4000 hp, 293.5 mana
167: 122.5 dps, 4000 hp, 293.5 mana
168: Nature's Wrath tick
168: wingeddeath tick
168: startcast moonfire
168: 122.9 dps, 4000 hp, 331.5 mana
169: 122.2 dps, 4000 hp, 331.5 mana
170: 121.5 dps, 4000 hp, 331.5 mana
171: 120.8 dps, 4000 hp, 331.5 mana
172: 120.1 dps, 4000 hp, 331.5 mana
173: 119.4 dps, 4000 hp, 331.5 mana
174: Nature's Wrath tick
174: wingeddeath tick
174: moonfire tick
174: finished casting moonfire
174: 127.6 dps, 4000 hp, 77.5 mana
175: 126.9 dps, 4000 hp, 77.5 mana
176: 126.2 dps, 4000 hp, 77.5 mana
177: 125.5 dps, 4000 hp, 77.5 mana
178: 124.7 dps, 4000 hp, 77.5 mana
179: 124.1 dps, 4000 hp, 77.5 mana
180: Nature's Wrath tick
180: wingeddeath tick
180: 124.5 dps, 4000 hp, 115.5 mana
181: 123.8 dps, 4000 hp, 115.5 mana
182: 123.1 dps, 4000 hp, 115.5 mana
183: 122.4 dps, 4000 hp, 115.5 mana
184: 121.8 dps, 4000 hp, 115.5 mana
185: 121.1 dps, 4000 hp, 115.5 mana
186: Nature's Wrath tick
186: wingeddeath tick
186: 121.5 dps, 4000 hp, 153.5 mana
187: 120.9 dps, 4000 hp, 153.5 mana
188: 120.2 dps, 4000 hp, 153.5 mana
189: 119.6 dps, 4000 hp, 153.5 mana
190: 119.0 dps, 4000 hp, 153.5 mana
191: 118.3 dps, 4000 hp, 153.5 mana
192: Nature's Wrath tick
192: wingeddeath tick
192: 118.7 dps, 4000 hp, 191.5 mana
193: 118.1 dps, 4000 hp, 191.5 mana
194: 117.5 dps, 4000 hp, 191.5 mana
195: 116.9 dps, 4000 hp, 191.5 mana
196: 116.3 dps, 4000 hp, 191.5 mana
197: 115.7 dps, 4000 hp, 191.5 mana
198: Nature's Wrath tick
198: wingeddeath tick
198: 116.1 dps, 4000 hp, 229.5 mana
199: 115.6 dps, 4000 hp, 229.5 mana
200: 115.0 dps, 4000 hp, 229.5 mana
201: 114.4 dps, 4000 hp, 229.5 mana
202: 113.8 dps, 4000 hp, 229.5 mana
203: 113.3 dps, 4000 hp, 229.5 mana
204: Nature's Wrath tick
204: wingeddeath tick
204: 113.7 dps, 4000 hp, 267.5 mana
205: 113.1 dps, 4000 hp, 267.5 mana
206: 112.6 dps, 4000 hp, 267.5 mana
207: 112.1 dps, 4000 hp, 267.5 mana
208: 111.5 dps, 4000 hp, 267.5 mana
209: 111.0 dps, 4000 hp, 267.5 mana
210: Nature's Wrath tick
210: wingeddeath tick
210: startcast Nature's Wrath
210: 111.4 dps, 4000 hp, 305.5 mana
211: 110.9 dps, 4000 hp, 305.5 mana
212: 110.3 dps, 4000 hp, 305.5 mana
213: 109.8 dps, 4000 hp, 305.5 mana
214: 109.3 dps, 4000 hp, 305.5 mana
215: 108.8 dps, 4000 hp, 305.5 mana
216: wingeddeath tick
216: 109.0 dps, 4000 hp, 323.5 mana
217: 108.5 dps, 4000 hp, 323.5 mana
218: 108.0 dps, 4000 hp, 323.5 mana
219: finished casting Nature's Wrath
219: 107.5 dps, 4000 hp, 323.5 mana
220: startcast moonfire
220: 107.0 dps, 4000 hp, 323.5 mana
221: 106.5 dps, 4000 hp, 323.5 mana
222: Nature's Wrath tick
222: 106.3 dps, 4000 hp, 341.5 mana
223: 105.8 dps, 4000 hp, 341.5 mana
224: 105.3 dps, 4000 hp, 341.5 mana
225: 104.8 dps, 4000 hp, 341.5 mana
226: moonfire tick
226: finished casting moonfire
226: 110.4 dps, 4000 hp, 69.5 mana
227: 109.9 dps, 4000 hp, 69.5 mana
228: Nature's Wrath tick
228: 109.6 dps, 4000 hp, 87.5 mana
229: 109.2 dps, 4000 hp, 87.5 mana
230: 108.7 dps, 4000 hp, 87.5 mana
231: 108.2 dps, 4000 hp, 87.5 mana
232: 107.8 dps, 4000 hp, 87.5 mana
233: 107.3 dps, 4000 hp, 87.5 mana
234: Nature's Wrath tick
234: 107.1 dps, 4000 hp, 125.5 mana
235: 106.6 dps, 4000 hp, 125.5 mana
236: 106.2 dps, 4000 hp, 125.5 mana
237: 105.7 dps, 4000 hp, 125.5 mana
238: 105.3 dps, 4000 hp, 125.5 mana
239: 104.8 dps, 4000 hp, 125.5 mana
240: Nature's Wrath tick
240: 104.6 dps, 4000 hp, 163.5 mana
241: 104.2 dps, 4000 hp, 163.5 mana
242: 103.8 dps, 4000 hp, 163.5 mana
243: 103.3 dps, 4000 hp, 163.5 mana
244: 102.9 dps, 4000 hp, 163.5 mana
245: 102.5 dps, 4000 hp, 163.5 mana
246: Nature's Wrath tick
246: 102.3 dps, 4000 hp, 201.5 mana
247: 101.9 dps, 4000 hp, 201.5 mana
248: 101.5 dps, 4000 hp, 201.5 mana
249: 101.1 dps, 4000 hp, 201.5 mana
250: 100.7 dps, 4000 hp, 201.5 mana
251: 100.3 dps, 4000 hp, 201.5 mana
252: Nature's Wrath tick
252: 100.1 dps, 4000 hp, 239.5 mana
253: 99.7 dps, 4000 hp, 239.5 mana
254: 99.3 dps, 4000 hp, 239.5 mana
255: 98.9 dps, 4000 hp, 239.5 mana
256: 98.5 dps, 4000 hp, 239.5 mana
257: 98.1 dps, 4000 hp, 239.5 mana
258: Nature's Wrath tick
258: 98.0 dps, 4000 hp, 277.5 mana
259: 97.6 dps, 4000 hp, 277.5 mana
260: 97.2 dps, 4000 hp, 277.5 mana
261: 96.8 dps, 4000 hp, 277.5 mana
262: 96.5 dps, 4000 hp, 277.5 mana
263: 96.1 dps, 4000 hp, 277.5 mana
264: Nature's Wrath tick
264: 95.9 dps, 4000 hp, 315.5 mana
265: 95.6 dps, 4000 hp, 315.5 mana
266: 95.2 dps, 4000 hp, 315.5 mana
267: 94.9 dps, 4000 hp, 315.5 mana
268: 94.5 dps, 4000 hp, 315.5 mana
269: 94.2 dps, 4000 hp, 315.5 mana
270: Nature's Wrath tick
270: startcast wingeddeath
270: 94.0 dps, 4000 hp, 353.5 mana
271: 93.7 dps, 4000 hp, 353.5 mana
272: 93.3 dps, 4000 hp, 353.5 mana
273: 93.0 dps, 4000 hp, 353.5 mana
274: 92.6 dps, 4000 hp, 353.5 mana
275: finished casting wingeddeath
275: 92.3 dps, 4000 hp, 56 mana
276: Nature's Wrath tick
276: wingeddeath tick
276: 92.7 dps, 4000 hp, 74 mana
277: 92.4 dps, 4000 hp, 74 mana
278: startcast Nature's Wrath
278: 92.0 dps, 4000 hp, 74 mana
279: 91.7 dps, 4000 hp, 74 mana
280: 91.4 dps, 4000 hp, 74 mana
281: 91.0 dps, 4000 hp, 74 mana
282: wingeddeath tick
282: 91.2 dps, 4000 hp, 92 mana
283: 90.9 dps, 4000 hp, 92 mana
284: 90.6 dps, 4000 hp, 92 mana
285: 90.3 dps, 4000 hp, 92 mana
286: 89.9 dps, 4000 hp, 92 mana
287: finished casting Nature's Wrath
287: 89.6 dps, 4000 hp, 92 mana
288: Nature's Wrath tick
288: wingeddeath tick
288: 90.0 dps, 4000 hp, 110 mana
289: 89.7 dps, 4000 hp, 110 mana
290: 89.4 dps, 4000 hp, 110 mana
291: 89.1 dps, 4000 hp, 110 mana
292: 88.8 dps, 4000 hp, 110 mana
293: 88.5 dps, 4000 hp, 110 mana
294: Nature's Wrath tick
294: wingeddeath tick
294: 88.8 dps, 4000 hp, 148 mana
295: 88.5 dps, 4000 hp, 148 mana
296: 88.2 dps, 4000 hp, 148 mana
297: 88.0 dps, 4000 hp, 148 mana
298: 87.7 dps, 4000 hp, 148 mana
299: 87.4 dps, 4000 hp, 148 mana
300: Nature's Wrath tick
300: wingeddeath tick
300: 87.7 dps, 4000 hp, 186 mana
301: 87.4 dps, 4000 hp, 186 mana
302: 87.2 dps, 4000 hp, 186 mana
303: 86.9 dps, 4000 hp, 186 mana
304: 86.6 dps, 4000 hp, 186 mana
305: 86.3 dps, 4000 hp, 186 mana
306: Nature's Wrath tick
306: wingeddeath tick
306: 86.7 dps, 4000 hp, 224 mana
307: 86.4 dps, 4000 hp, 224 mana
308: 86.1 dps, 4000 hp, 224 mana
309: 85.8 dps, 4000 hp, 224 mana
310: 85.5 dps, 4000 hp, 224 mana
311: 85.3 dps, 4000 hp, 224 mana
312: Nature's Wrath tick
312: wingeddeath tick
312: 85.6 dps, 4000 hp, 262 mana
313: 85.4 dps, 4000 hp, 262 mana
314: 85.1 dps, 4000 hp, 262 mana
315: 84.8 dps, 4000 hp, 262 mana
316: 84.5 dps, 4000 hp, 262 mana
317: 84.3 dps, 4000 hp, 262 mana
318: Nature's Wrath tick
318: wingeddeath tick
318: 84.6 dps, 4000 hp, 300 mana
319: 84.4 dps, 4000 hp, 300 mana
320: 84.1 dps, 4000 hp, 300 mana
321: 83.8 dps, 4000 hp, 300 mana
322: 83.6 dps, 4000 hp, 300 mana
323: 83.3 dps, 4000 hp, 300 mana
324: Nature's Wrath tick
324: wingeddeath tick
324: startcast moonfire
324: 83.7 dps, 4000 hp, 338 mana
325: 83.4 dps, 4000 hp, 338 mana
326: 83.2 dps, 4000 hp, 338 mana
327: 82.9 dps, 4000 hp, 338 mana
328: 82.7 dps, 4000 hp, 338 mana
329: 82.4 dps, 4000 hp, 338 mana
330: Nature's Wrath tick
330: wingeddeath tick
330: moonfire tick
330: finished casting moonfire
330: 86.9 dps, 4000 hp, 84 mana
331: 86.6 dps, 4000 hp, 84 mana
332: 86.3 dps, 4000 hp, 84 mana
333: 86.1 dps, 4000 hp, 84 mana
334: 85.8 dps, 4000 hp, 84 mana
335: 85.6 dps, 4000 hp, 84 mana
336: Nature's Wrath tick
336: 85.5 dps, 4000 hp, 122 mana
337: 85.2 dps, 4000 hp, 122 mana
338: 85.0 dps, 4000 hp, 122 mana
339: 84.7 dps, 4000 hp, 122 mana
340: 84.5 dps, 4000 hp, 122 mana
341: 84.2 dps, 4000 hp, 122 mana
342: Nature's Wrath tick
342: startcast Nature's Wrath
342: 84.1 dps, 4000 hp, 160 mana
343: 83.9 dps, 4000 hp, 160 mana
344: 83.6 dps, 4000 hp, 160 mana
345: 83.4 dps, 4000 hp, 160 mana
346: 83.2 dps, 4000 hp, 160 mana
347: 82.9 dps, 4000 hp, 160 mana
348: 82.7 dps, 4000 hp, 178 mana
349: 82.4 dps, 4000 hp, 178 mana
350: 82.2 dps, 4000 hp, 178 mana
351: finished casting Nature's Wrath
351: 82.0 dps, 4000 hp, 178 mana
352: 81.7 dps, 4000 hp, 178 mana
353: 81.5 dps, 4000 hp, 178 mana
354: Nature's Wrath tick
354: 81.4 dps, 4000 hp, 216 mana
355: 81.2 dps, 4000 hp, 216 mana
356: 81.0 dps, 4000 hp, 216 mana
357: 80.8 dps, 4000 hp, 216 mana
358: 80.5 dps, 4000 hp, 216 mana
359: 80.3 dps, 4000 hp, 216 mana
360: Nature's Wrath tick
360: 80.2 dps, 4000 hp, 254 mana
361: 80.0 dps, 4000 hp, 254 mana
362: 79.8 dps, 4000 hp, 254 mana
363: 79.6 dps, 4000 hp, 254 mana
364: 79.3 dps, 4000 hp, 254 mana
365: 79.1 dps, 4000 hp, 254 mana
366: Nature's Wrath tick
366: 79.1 dps, 4000 hp, 292 mana
367: 78.9 dps, 4000 hp, 292 mana
368: 78.6 dps, 4000 hp, 292 mana
369: 78.4 dps, 4000 hp, 292 mana
370: 78.2 dps, 4000 hp, 292 mana
371: 78.0 dps, 4000 hp, 292 mana
372: Nature's Wrath tick
372: startcast moonfire
372: 77.9 dps, 4000 hp, 330 mana
373: 77.7 dps, 4000 hp, 330 mana
374: 77.5 dps, 4000 hp, 330 mana
375: 77.3 dps, 4000 hp, 330 mana
376: 77.1 dps, 4000 hp, 330 mana
377: 76.9 dps, 4000 hp, 330 mana
378: Nature's Wrath tick
378: moonfire tick
378: finished casting moonfire
378: 80.4 dps, 4000 hp, 76 mana
379: 80.2 dps, 4000 hp, 76 mana
380: 80.0 dps, 4000 hp, 76 mana
381: 79.8 dps, 4000 hp, 76 mana
382: 79.6 dps, 4000 hp, 76 mana
383: 79.4 dps, 4000 hp, 76 mana
384: Nature's Wrath tick
384: 79.3 dps, 4000 hp, 114 mana
385: 79.1 dps, 4000 hp, 114 mana
386: 78.9 dps, 4000 hp, 114 mana
387: 78.7 dps, 4000 hp, 114 mana
388: 78.5 dps, 4000 hp, 114 mana
389: 78.3 dps, 4000 hp, 114 mana
390: Nature's Wrath tick
390: 78.2 dps, 4000 hp, 152 mana
391: 78.0 dps, 4000 hp, 152 mana
392: 77.8 dps, 4000 hp, 152 mana
393: 77.6 dps, 4000 hp, 152 mana
394: 77.4 dps, 4000 hp, 152 mana
395: 77.2 dps, 4000 hp, 152 mana
396: Nature's Wrath tick
396: 77.2 dps, 4000 hp, 190 mana
397: 77.0 dps, 4000 hp, 190 mana
398: 76.8 dps, 4000 hp, 190 mana
399: 76.6 dps, 4000 hp, 190 mana
400: 76.4 dps, 4000 hp, 190 mana
401: 76.2 dps, 4000 hp, 190 mana
402: Nature's Wrath tick
402: 76.2 dps, 4000 hp, 228 mana
403: 76.0 dps, 4000 hp, 228 mana
404: 75.8 dps, 4000 hp, 228 mana
405: 75.6 dps, 4000 hp, 228 mana
406: 75.4 dps, 4000 hp, 228 mana
407: 75.2 dps, 4000 hp, 228 mana
408: Nature's Wrath tick
408: startcast Nature's Wrath
408: 75.2 dps, 4000 hp, 266 mana
409: 75.0 dps, 4000 hp, 266 mana
410: 74.8 dps, 4000 hp, 266 mana
411: 74.6 dps, 4000 hp, 266 mana
412: 74.5 dps, 4000 hp, 266 mana
413: 74.3 dps, 4000 hp, 266 mana
414: 74.1 dps, 4000 hp, 284 mana
415: 73.9 dps, 4000 hp, 284 mana
416: 73.7 dps, 4000 hp, 284 mana
417: finished casting Nature's Wrath
417: 73.6 dps, 4000 hp, 284 mana
418: 73.4 dps, 4000 hp, 284 mana
419: 73.2 dps, 4000 hp, 284 mana
420: Nature's Wrath tick
420: startcast moonfire
420: 73.2 dps, 4000 hp, 322 mana
421: 73.0 dps, 4000 hp, 322 mana
422: 72.8 dps, 4000 hp, 322 mana
423: 72.7 dps, 4000 hp, 322 mana
424: 72.5 dps, 4000 hp, 322 mana
425: 72.3 dps, 4000 hp, 322 mana
426: Nature's Wrath tick
426: moonfire tick
426: finished casting moonfire
426: 75.4 dps, 4000 hp, 68 mana
427: 75.3 dps, 4000 hp, 68 mana
428: 75.1 dps, 4000 hp, 68 mana
429: 74.9 dps, 4000 hp, 68 mana
430: 74.7 dps, 4000 hp, 68 mana
431: 74.6 dps, 4000 hp, 68 mana
432: Nature's Wrath tick
432: 74.5 dps, 4000 hp, 106 mana
433: 74.4 dps, 4000 hp, 106 mana
434: 74.2 dps, 4000 hp, 106 mana
435: 74.0 dps, 4000 hp, 106 mana
436: 73.8 dps, 4000 hp, 106 mana
437: 73.7 dps, 4000 hp, 106 mana
438: Nature's Wrath tick
438: 73.6 dps, 4000 hp, 144 mana
439: 73.5 dps, 4000 hp, 144 mana
440: 73.3 dps, 4000 hp, 144 mana
441: 73.1 dps, 4000 hp, 144 mana
442: 73.0 dps, 4000 hp, 144 mana
443: 72.8 dps, 4000 hp, 144 mana
444: Nature's Wrath tick
444: 72.8 dps, 4000 hp, 182 mana
445: 72.6 dps, 4000 hp, 182 mana
446: 72.4 dps, 4000 hp, 182 mana
447: 72.3 dps, 4000 hp, 182 mana
448: 72.1 dps, 4000 hp, 182 mana
449: 71.9 dps, 4000 hp, 182 mana
450: Nature's Wrath tick
450: 71.9 dps, 4000 hp, 220 mana
451: 71.8 dps, 4000 hp, 220 mana
452: 71.6 dps, 4000 hp, 220 mana
453: 71.4 dps, 4000 hp, 220 mana
454: 71.3 dps, 4000 hp, 220 mana
455: 71.1 dps, 4000 hp, 220 mana
456: Nature's Wrath tick
456: 71.1 dps, 4000 hp, 258 mana
457: 70.9 dps, 4000 hp, 258 mana
458: 70.8 dps, 4000 hp, 258 mana
459: 70.6 dps, 4000 hp, 258 mana
460: 70.5 dps, 4000 hp, 258 mana
461: 70.3 dps, 4000 hp, 258 mana
462: Nature's Wrath tick
462: 70.3 dps, 4000 hp, 296 mana
463: 70.1 dps, 4000 hp, 296 mana
464: 70.0 dps, 4000 hp, 296 mana
465: 69.8 dps, 4000 hp, 296 mana
466: 69.7 dps, 4000 hp, 296 mana
467: 69.5 dps, 4000 hp, 296 mana
468: Nature's Wrath tick
468: startcast moonfire
468: 69.5 dps, 4000 hp, 334 mana
469: 69.4 dps, 4000 hp, 334 mana
470: 69.2 dps, 4000 hp, 334 mana
471: 69.1 dps, 4000 hp, 334 mana
472: 68.9 dps, 4000 hp, 334 mana
473: 68.8 dps, 4000 hp, 334 mana
474: Nature's Wrath tick
474: moonfire tick
474: finished casting moonfire
474: 71.6 dps, 4000 hp, 80 mana
475: 71.4 dps, 4000 hp, 80 mana
476: 71.3 dps, 4000 hp, 80 mana
477: startcast Nature's Wrath
477: 71.1 dps, 4000 hp, 80 mana
478: 71.0 dps, 4000 hp, 80 mana
479: 70.8 dps, 4000 hp, 80 mana
480: 70.7 dps, 4000 hp, 98 mana
481: 70.5 dps, 4000 hp, 98 mana
482: 70.4 dps, 4000 hp, 98 mana
483: 70.3 dps, 4000 hp, 98 mana
484: 70.1 dps, 4000 hp, 98 mana
485: 70.0 dps, 4000 hp, 98 mana
486: finished casting Nature's Wrath
486: 69.8 dps, 4000 hp, 116 mana
487: 69.7 dps, 4000 hp, 116 mana
488: 69.5 dps, 4000 hp, 116 mana
489: 69.4 dps, 4000 hp, 116 mana
490: 69.3 dps, 4000 hp, 116 mana
491: 69.1 dps, 4000 hp, 116 mana
492: Nature's Wrath tick
492: 69.1 dps, 4000 hp, 154 mana
493: 68.9 dps, 4000 hp, 154 mana
494: 68.8 dps, 4000 hp, 154 mana
495: 68.7 dps, 4000 hp, 154 mana
496: 68.5 dps, 4000 hp, 154 mana
497: 68.4 dps, 4000 hp, 154 mana
498: Nature's Wrath tick
498: 68.4 dps, 4000 hp, 192 mana
499: 68.2 dps, 4000 hp, 192 mana
500: 68.1 dps, 4000 hp, 192 mana
501: 68.0 dps, 4000 hp, 192 mana
502: 67.8 dps, 4000 hp, 192 mana
503: 67.7 dps, 4000 hp, 192 mana
504: Nature's Wrath tick
504: 67.7 dps, 4000 hp, 230 mana
505: 67.5 dps, 4000 hp, 230 mana
506: 67.4 dps, 4000 hp, 230 mana
507: 67.3 dps, 4000 hp, 230 mana
508: 67.1 dps, 4000 hp, 230 mana
509: 67.0 dps, 4000 hp, 230 mana
510: Nature's Wrath tick
510: 67.0 dps, 4000 hp, 268 mana
511: 66.8 dps, 4000 hp, 268 mana
512: 66.7 dps, 4000 hp, 268 mana
513: 66.6 dps, 4000 hp, 268 mana
514: 66.4 dps, 4000 hp, 268 mana
515: 66.3 dps, 4000 hp, 268 mana
516: Nature's Wrath tick
516: 66.3 dps, 4000 hp, 306 mana
517: 66.2 dps, 4000 hp, 306 mana
518: 66.0 dps, 4000 hp, 306 mana
519: 65.9 dps, 4000 hp, 306 mana
520: 65.8 dps, 4000 hp, 306 mana
521: 65.7 dps, 4000 hp, 306 mana
522: Nature's Wrath tick
522: startcast moonfire
522: 65.6 dps, 4000 hp, 344 mana
523: 65.5 dps, 4000 hp, 344 mana
524: 65.4 dps, 4000 hp, 344 mana
525: 65.3 dps, 4000 hp, 344 mana
526: 65.1 dps, 4000 hp, 344 mana
527: 65.0 dps, 4000 hp, 344 mana
528: Nature's Wrath tick
528: moonfire tick
528: finished casting moonfire
528: 67.6 dps, 4000 hp, 90 mana
529: 67.4 dps, 4000 hp, 90 mana
530: 67.3 dps, 4000 hp, 90 mana
531: 67.2 dps, 4000 hp, 90 mana
532: 67.1 dps, 4000 hp, 90 mana
533: 66.9 dps, 4000 hp, 90 mana
534: Nature's Wrath tick
534: 66.9 dps, 4000 hp, 128 mana
535: 66.8 dps, 4000 hp, 128 mana
536: 66.7 dps, 4000 hp, 128 mana
537: 66.5 dps, 4000 hp, 128 mana
538: 66.4 dps, 4000 hp, 128 mana
539: 66.3 dps, 4000 hp, 128 mana
540: Nature's Wrath tick
540: 66.3 dps, 4000 hp, 166 mana
541: 66.1 dps, 4000 hp, 166 mana
542: 66.0 dps, 4000 hp, 166 mana
543: 65.9 dps, 4000 hp, 166 mana
544: 65.8 dps, 4000 hp, 166 mana
545: 65.7 dps, 4000 hp, 166 mana
546: Nature's Wrath tick
546: startcast Nature's Wrath
546: 65.6 dps, 4000 hp, 204 mana
547: 65.5 dps, 4000 hp, 204 mana
548: 65.4 dps, 4000 hp, 204 mana
549: 65.3 dps, 4000 hp, 204 mana
550: 65.2 dps, 4000 hp, 204 mana
551: 65.0 dps, 4000 hp, 204 mana
552: 64.9 dps, 4000 hp, 222 mana
553: 64.8 dps, 4000 hp, 222 mana
554: 64.7 dps, 4000 hp, 222 mana
555: finished casting Nature's Wrath
555: 64.6 dps, 4000 hp, 222 mana
556: 64.5 dps, 4000 hp, 222 mana
557: 64.3 dps, 4000 hp, 222 mana
558: Nature's Wrath tick
558: 64.3 dps, 4000 hp, 260 mana
559: 64.2 dps, 4000 hp, 260 mana
560: 64.1 dps, 4000 hp, 260 mana
561: 64.0 dps, 4000 hp, 260 mana
562: 63.9 dps, 4000 hp, 260 mana
563: 63.8 dps, 4000 hp, 260 mana
564: Nature's Wrath tick
564: 63.7 dps, 4000 hp, 298 mana
565: 63.6 dps, 4000 hp, 298 mana
566: 63.5 dps, 4000 hp, 298 mana
567: 63.4 dps, 4000 hp, 298 mana
568: 63.3 dps, 4000 hp, 298 mana
569: 63.2 dps, 4000 hp, 298 mana
570: Nature's Wrath tick
570: startcast moonfire
570: 63.2 dps, 4000 hp, 336 mana
571: 63.1 dps, 4000 hp, 336 mana
572: 62.9 dps, 4000 hp, 336 mana
573: 62.8 dps, 4000 hp, 336 mana
574: 62.7 dps, 4000 hp, 336 mana
575: 62.6 dps, 4000 hp, 336 mana
576: Nature's Wrath tick
576: moonfire tick
576: finished casting moonfire
576: 64.9 dps, 4000 hp, 82 mana
577: 64.8 dps, 4000 hp, 82 mana
578: 64.7 dps, 4000 hp, 82 mana
579: 64.6 dps, 4000 hp, 82 mana
580: 64.5 dps, 4000 hp, 82 mana
581: 64.4 dps, 4000 hp, 82 mana
582: Nature's Wrath tick
582: 64.4 dps, 4000 hp, 120 mana
583: 64.3 dps, 4000 hp, 120 mana
584: 64.2 dps, 4000 hp, 120 mana
585: 64.0 dps, 4000 hp, 120 mana
586: 63.9 dps, 4000 hp, 120 mana
587: 63.8 dps, 4000 hp, 120 mana
588: Nature's Wrath tick
588: 63.8 dps, 4000 hp, 158 mana
589: 63.7 dps, 4000 hp, 158 mana
590: 63.6 dps, 4000 hp, 158 mana
591: 63.5 dps, 4000 hp, 158 mana
592: 63.4 dps, 4000 hp, 158 mana
593: 63.3 dps, 4000 hp, 158 mana
594: Nature's Wrath tick
594: 63.3 dps, 4000 hp, 196 mana
595: 63.2 dps, 4000 hp, 196 mana
596: 63.0 dps, 4000 hp, 196 mana
597: 62.9 dps, 4000 hp, 196 mana
598: 62.8 dps, 4000 hp, 196 mana
599: 62.7 dps, 4000 hp, 196 mana
600: Nature's Wrath tick
600: 62.7 dps, 4000 hp, 234 mana
601: 62.6 dps, 4000 hp, 234 mana
602: 62.5 dps, 4000 hp, 234 mana
603: 62.4 dps, 4000 hp, 234 mana
604: 62.3 dps, 4000 hp, 234 mana
605: 62.2 dps, 4000 hp, 234 mana
606: Nature's Wrath tick
606: 62.2 dps, 4000 hp, 272 mana
607: 62.1 dps, 4000 hp, 272 mana
608: 62.0 dps, 4000 hp, 272 mana
609: 61.9 dps, 4000 hp, 272 mana
610: 61.8 dps, 4000 hp, 272 mana
611: 61.7 dps, 4000 hp, 272 mana
612: Nature's Wrath tick
612: startcast Nature's Wrath
612: 61.7 dps, 4000 hp, 310 mana
613: 61.6 dps, 4000 hp, 310 mana
614: 61.5 dps, 4000 hp, 310 mana
615: 61.4 dps, 4000 hp, 310 mana
616: 61.3 dps, 4000 hp, 310 mana
617: 61.2 dps, 4000 hp, 310 mana
618: 61.1 dps, 4000 hp, 328 mana
619: 61.0 dps, 4000 hp, 328 mana
620: 60.9 dps, 4000 hp, 328 mana
621: finished casting Nature's Wrath
621: 60.8 dps, 4000 hp, 328 mana
622: startcast moonfire
622: 60.7 dps, 4000 hp, 328 mana
623: 60.6 dps, 4000 hp, 328 mana
624: Nature's Wrath tick
624: 60.6 dps, 4000 hp, 346 mana
625: 60.5 dps, 4000 hp, 346 mana
626: 60.4 dps, 4000 hp, 346 mana
627: 60.3 dps, 4000 hp, 346 mana
628: moonfire tick
628: finished casting moonfire
628: 62.3 dps, 4000 hp, 74 mana
629: 62.2 dps, 4000 hp, 74 mana
630: Nature's Wrath tick
630: 62.2 dps, 4000 hp, 92 mana
631: 62.1 dps, 4000 hp, 92 mana
632: 62.0 dps, 4000 hp, 92 mana
633: 61.9 dps, 4000 hp, 92 mana
634: 61.8 dps, 4000 hp, 92 mana
635: 61.7 dps, 4000 hp, 92 mana
636: Nature's Wrath tick
636: 61.7 dps, 4000 hp, 130 mana
637: 61.6 dps, 4000 hp, 130 mana
638: 61.5 dps, 4000 hp, 130 mana
639: 61.4 dps, 4000 hp, 130 mana
640: 61.3 dps, 4000 hp, 130 mana
641: 61.2 dps, 4000 hp, 130 mana
642: Nature's Wrath tick
642: 61.2 dps, 4000 hp, 168 mana
643: 61.1 dps, 4000 hp, 168 mana
644: 61.0 dps, 4000 hp, 168 mana
645: 61.0 dps, 4000 hp, 168 mana
646: 60.9 dps, 4000 hp, 168 mana
647: 60.8 dps, 4000 hp, 168 mana
648: Nature's Wrath tick
648: 60.8 dps, 4000 hp, 206 mana
649: 60.7 dps, 4000 hp, 206 mana
650: 60.6 dps, 4000 hp, 206 mana
651: 60.5 dps, 4000 hp, 206 mana
652: 60.4 dps, 4000 hp, 206 mana
653: 60.3 dps, 4000 hp, 206 mana
654: Nature's Wrath tick
654: 60.3 dps, 4000 hp, 244 mana
655: 60.2 dps, 4000 hp, 244 mana
656: 60.1 dps, 4000 hp, 244 mana
657: 60.0 dps, 4000 hp, 244 mana
658: 59.9 dps, 4000 hp, 244 mana
659: 59.8 dps, 4000 hp, 244 mana
660: Nature's Wrath tick
660: 59.8 dps, 4000 hp, 282 mana
661: 59.7 dps, 4000 hp, 282 mana
662: 59.6 dps, 4000 hp, 282 mana
663: 59.5 dps, 4000 hp, 282 mana
664: 59.5 dps, 4000 hp, 282 mana
665: 59.4 dps, 4000 hp, 282 mana
666: Nature's Wrath tick
666: startcast moonfire
666: 59.4 dps, 4000 hp, 320 mana
667: 59.3 dps, 4000 hp, 320 mana
668: 59.2 dps, 4000 hp, 320 mana
669: 59.1 dps, 4000 hp, 320 mana
670: 59.0 dps, 4000 hp, 320 mana
671: 58.9 dps, 4000 hp, 320 mana
672: Nature's Wrath tick
672: moonfire tick
672: finished casting moonfire
672: 60.9 dps, 4000 hp, 66 mana
673: 60.8 dps, 4000 hp, 66 mana
674: 60.7 dps, 4000 hp, 66 mana
675: 60.7 dps, 4000 hp, 66 mana
676: 60.6 dps, 4000 hp, 66 mana
677: 60.5 dps, 4000 hp, 66 mana
678: Nature's Wrath tick
678: startcast Nature's Wrath
678: 60.5 dps, 4000 hp, 104 mana
679: 60.4 dps, 4000 hp, 104 mana
680: 60.3 dps, 4000 hp, 104 mana
681: 60.2 dps, 4000 hp, 104 mana
682: 60.1 dps, 4000 hp, 104 mana
683: 60.0 dps, 4000 hp, 104 mana
684: 59.9 dps, 4000 hp, 122 mana
685: 59.9 dps, 4000 hp, 122 mana
686: 59.8 dps, 4000 hp, 122 mana
687: finished casting Nature's Wrath
687: 59.7 dps, 4000 hp, 122 mana
688: 59.6 dps, 4000 hp, 122 mana
689: 59.5 dps, 4000 hp, 122 mana
690: Nature's Wrath tick
690: 59.5 dps, 4000 hp, 160 mana
691: 59.4 dps, 4000 hp, 160 mana
692: 59.3 dps, 4000 hp, 160 mana
693: 59.2 dps, 4000 hp, 160 mana
694: 59.2 dps, 4000 hp, 160 mana
695: 59.1 dps, 4000 hp, 160 mana
696: Nature's Wrath tick
696: 59.1 dps, 4000 hp, 198 mana
697: 59.0 dps, 4000 hp, 198 mana
698: 58.9 dps, 4000 hp, 198 mana
699: 58.8 dps, 4000 hp, 198 mana
700: 58.7 dps, 4000 hp, 198 mana
701: 58.6 dps, 4000 hp, 198 mana
702: Nature's Wrath tick
702: 58.6 dps, 4000 hp, 236 mana
703: 58.6 dps, 4000 hp, 236 mana
704: 58.5 dps, 4000 hp, 236 mana
705: 58.4 dps, 4000 hp, 236 mana
706: 58.3 dps, 4000 hp, 236 mana
707: 58.2 dps, 4000 hp, 236 mana
708: Nature's Wrath tick
708: 58.2 dps, 4000 hp, 274 mana
709: 58.1 dps, 4000 hp, 274 mana
710: 58.1 dps, 4000 hp, 274 mana
711: 58.0 dps, 4000 hp, 274 mana
712: 57.9 dps, 4000 hp, 274 mana
713: 57.8 dps, 4000 hp, 274 mana
714: Nature's Wrath tick
714: 57.8 dps, 4000 hp, 312 mana
715: 57.7 dps, 4000 hp, 312 mana
716: 57.6 dps, 4000 hp, 312 mana
717: 57.6 dps, 4000 hp, 312 mana
718: 57.5 dps, 4000 hp, 312 mana
719: 57.4 dps, 4000 hp, 312 mana
720: Nature's Wrath tick
720: startcast wingeddeath
720: 57.4 dps, 4000 hp, 350 mana
721: 57.3 dps, 4000 hp, 350 mana
722: 57.2 dps, 4000 hp, 350 mana
723: 57.2 dps, 4000 hp, 350 mana
724: 57.1 dps, 4000 hp, 350 mana
725: finished casting wingeddeath
725: 57.0 dps, 4000 hp, 52.5 mana
726: Nature's Wrath tick
726: wingeddeath tick
726: 57.2 dps, 4000 hp, 70.5 mana
727: 57.1 dps, 4000 hp, 70.5 mana
728: 57.0 dps, 4000 hp, 70.5 mana
729: 57.0 dps, 4000 hp, 70.5 mana
730: 56.9 dps, 4000 hp, 70.5 mana
731: 56.8 dps, 4000 hp, 70.5 mana
732: Nature's Wrath tick
732: wingeddeath tick
732: 57.0 dps, 4000 hp, 108.5 mana
733: 56.9 dps, 4000 hp, 108.5 mana
734: 56.8 dps, 4000 hp, 108.5 mana
735: 56.8 dps, 4000 hp, 108.5 mana
736: 56.7 dps, 4000 hp, 108.5 mana
737: 56.6 dps, 4000 hp, 108.5 mana
738: Nature's Wrath tick
738: wingeddeath tick
738: 56.8 dps, 4000 hp, 146.5 mana
739: 56.7 dps, 4000 hp, 146.5 mana
740: 56.7 dps, 4000 hp, 146.5 mana
741: 56.6 dps, 4000 hp, 146.5 mana
742: 56.5 dps, 4000 hp, 146.5 mana
743: 56.4 dps, 4000 hp, 146.5 mana
744: Nature's Wrath tick
744: wingeddeath tick
744: startcast Nature's Wrath
744: 56.6 dps, 4000 hp, 184.5 mana
745: 56.5 dps, 4000 hp, 184.5 mana
746: 56.5 dps, 4000 hp, 184.5 mana
747: 56.4 dps, 4000 hp, 184.5 mana
748: 56.3 dps, 4000 hp, 184.5 mana
749: 56.2 dps, 4000 hp, 184.5 mana
750: wingeddeath tick
750: 56.4 dps, 4000 hp, 202.5 mana
751: 56.3 dps, 4000 hp, 202.5 mana
752: 56.2 dps, 4000 hp, 202.5 mana
753: finished casting Nature's Wrath
753: 56.1 dps, 4000 hp, 202.5 mana
754: 56.1 dps, 4000 hp, 202.5 mana
755: 56.0 dps, 4000 hp, 202.5 mana
756: Nature's Wrath tick
756: wingeddeath tick
756: 56.2 dps, 4000 hp, 240.5 mana
757: 56.1 dps, 4000 hp, 240.5 mana
758: 56.0 dps, 4000 hp, 240.5 mana
759: 55.9 dps, 4000 hp, 240.5 mana
760: 55.9 dps, 4000 hp, 240.5 mana
761: 55.8 dps, 4000 hp, 240.5 mana
762: Nature's Wrath tick
762: wingeddeath tick
762: 56.0 dps, 4000 hp, 278.5 mana
763: 55.9 dps, 4000 hp, 278.5 mana
764: 55.8 dps, 4000 hp, 278.5 mana
765: 55.8 dps, 4000 hp, 278.5 mana
766: 55.7 dps, 4000 hp, 278.5 mana
767: 55.6 dps, 4000 hp, 278.5 mana
768: Nature's Wrath tick
768: wingeddeath tick
768: 55.8 dps, 4000 hp, 316.5 mana
769: 55.7 dps, 4000 hp, 316.5 mana
770: 55.7 dps, 4000 hp, 316.5 mana
771: 55.6 dps, 4000 hp, 316.5 mana
772: 55.5 dps, 4000 hp, 316.5 mana
773: 55.4 dps, 4000 hp, 316.5 mana
774: Nature's Wrath tick
774: wingeddeath tick
774: startcast moonfire
774: 55.6 dps, 4000 hp, 354.5 mana
775: 55.6 dps, 4000 hp, 354.5 mana
776: 55.5 dps, 4000 hp, 354.5 mana
777: 55.4 dps, 4000 hp, 354.5 mana
778: 55.3 dps, 4000 hp, 354.5 mana
779: 55.3 dps, 4000 hp, 354.5 mana
780: Nature's Wrath tick
780: wingeddeath tick
780: moonfire tick
780: finished casting moonfire
780: 57.2 dps, 4000 hp, 100.5 mana
781: 57.1 dps, 4000 hp, 100.5 mana
782: 57.0 dps, 4000 hp, 100.5 mana
783: 57.0 dps, 4000 hp, 100.5 mana
784: 56.9 dps, 4000 hp, 100.5 mana
785: 56.8 dps, 4000 hp, 100.5 mana
786: Nature's Wrath tick
786: 56.8 dps, 4000 hp, 138.5 mana
787: 56.7 dps, 4000 hp, 138.5 mana
788: 56.7 dps, 4000 hp, 138.5 mana
789: 56.6 dps, 4000 hp, 138.5 mana
790: 56.5 dps, 4000 hp, 138.5 mana
791: 56.5 dps, 4000 hp, 138.5 mana
792: Nature's Wrath tick
792: 56.5 dps, 4000 hp, 176.5 mana
793: 56.4 dps, 4000 hp, 176.5 mana
794: 56.3 dps, 4000 hp, 176.5 mana
795: 56.2 dps, 4000 hp, 176.5 mana
796: 56.2 dps, 4000 hp, 176.5 mana
797: 56.1 dps, 4000 hp, 176.5 mana
798: Nature's Wrath tick
798: 56.1 dps, 4000 hp, 214.5 mana
799: 56.0 dps, 4000 hp, 214.5 mana
800: 56.0 dps, 4000 hp, 214.5 mana
801: 55.9 dps, 4000 hp, 214.5 mana
802: 55.8 dps, 4000 hp, 214.5 mana
803: 55.8 dps, 4000 hp, 214.5 mana
804: Nature's Wrath tick
804: 55.8 dps, 4000 hp, 252.5 mana
805: 55.7 dps, 4000 hp, 252.5 mana
806: 55.6 dps, 4000 hp, 252.5 mana
807: 55.5 dps, 4000 hp, 252.5 mana
808: 55.5 dps, 4000 hp, 252.5 mana
809: 55.4 dps, 4000 hp, 252.5 mana
810: Nature's Wrath tick
810: startcast Nature's Wrath
810: 55.4 dps, 4000 hp, 290.5 mana
811: 55.3 dps, 4000 hp, 290.5 mana
812: 55.3 dps, 4000 hp, 290.5 mana
813: 55.2 dps, 4000 hp, 290.5 mana
814: 55.1 dps, 4000 hp, 290.5 mana
815: 55.1 dps, 4000 hp, 290.5 mana
816: 55.0 dps, 4000 hp, 308.5 mana
817: 54.9 dps, 4000 hp, 308.5 mana
818: 54.9 dps, 4000 hp, 308.5 mana
819: finished casting Nature's Wrath
819: 54.8 dps, 4000 hp, 308.5 mana
820: 54.7 dps, 4000 hp, 308.5 mana
821: 54.7 dps, 4000 hp, 308.5 mana
822: Nature's Wrath tick
822: startcast moonfire
822: 54.7 dps, 4000 hp, 346.5 mana
823: 54.6 dps, 4000 hp, 346.5 mana
824: 54.5 dps, 4000 hp, 346.5 mana
825: 54.5 dps, 4000 hp, 346.5 mana
826: 54.4 dps, 4000 hp, 346.5 mana
827: 54.3 dps, 4000 hp, 346.5 mana
828: Nature's Wrath tick
828: moonfire tick
828: finished casting moonfire
828: 56.0 dps, 4000 hp, 92.5 mana
829: 55.9 dps, 4000 hp, 92.5 mana
830: 55.8 dps, 4000 hp, 92.5 mana
831: 55.8 dps, 4000 hp, 92.5 mana
832: 55.7 dps, 4000 hp, 92.5 mana
833: 55.6 dps, 4000 hp, 92.5 mana
834: Nature's Wrath tick
834: 55.6 dps, 4000 hp, 130.5 mana
835: 55.6 dps, 4000 hp, 130.5 mana
836: 55.5 dps, 4000 hp, 130.5 mana
837: 55.4 dps, 4000 hp, 130.5 mana
838: 55.4 dps, 4000 hp, 130.5 mana
839: 55.3 dps, 4000 hp, 130.5 mana
840: Nature's Wrath tick
840: 55.3 dps, 4000 hp, 168.5 mana
841: 55.2 dps, 4000 hp, 168.5 mana
842: 55.2 dps, 4000 hp, 168.5 mana
843: 55.1 dps, 4000 hp, 168.5 mana
844: 55.0 dps, 4000 hp, 168.5 mana
845: 55.0 dps, 4000 hp, 168.5 mana
846: Nature's Wrath tick
846: 55.0 dps, 4000 hp, 206.5 mana
847: 54.9 dps, 4000 hp, 206.5 mana
848: 54.8 dps, 4000 hp, 206.5 mana
849: 54.8 dps, 4000 hp, 206.5 mana
850: 54.7 dps, 4000 hp, 206.5 mana
851: 54.7 dps, 4000 hp, 206.5 mana
852: Nature's Wrath tick
852: 54.7 dps, 4000 hp, 244.5 mana
853: 54.6 dps, 4000 hp, 244.5 mana
854: 54.5 dps, 4000 hp, 244.5 mana
855: 54.5 dps, 4000 hp, 244.5 mana
856: 54.4 dps, 4000 hp, 244.5 mana
857: 54.3 dps, 4000 hp, 244.5 mana
858: Nature's Wrath tick
858: 54.3 dps, 4000 hp, 282.5 mana
859: 54.3 dps, 4000 hp, 282.5 mana
860: 54.2 dps, 4000 hp, 282.5 mana
861: 54.1 dps, 4000 hp, 282.5 mana
862: 54.1 dps, 4000 hp, 282.5 mana
863: 54.0 dps, 4000 hp, 282.5 mana
864: Nature's Wrath tick
864: startcast moonfire
864: 54.0 dps, 4000 hp, 320.5 mana
865: 54.0 dps, 4000 hp, 320.5 mana
866: 53.9 dps, 4000 hp, 320.5 mana
867: 53.8 dps, 4000 hp, 320.5 mana
868: 53.8 dps, 4000 hp, 320.5 mana
869: 53.7 dps, 4000 hp, 320.5 mana
870: Nature's Wrath tick
870: moonfire tick
870: finished casting moonfire
870: 55.3 dps, 4000 hp, 66.5 mana
871: 55.2 dps, 4000 hp, 66.5 mana
872: 55.1 dps, 4000 hp, 66.5 mana
873: 55.1 dps, 4000 hp, 66.5 mana
874: 55.0 dps, 4000 hp, 66.5 mana
875: 55.0 dps, 4000 hp, 66.5 mana
876: Nature's Wrath tick
876: startcast Nature's Wrath
876: 55.0 dps, 4000 hp, 104.5 mana
877: 54.9 dps, 4000 hp, 104.5 mana
878: 54.8 dps, 4000 hp, 104.5 mana
879: 54.8 dps, 4000 hp, 104.5 mana
880: 54.7 dps, 4000 hp, 104.5 mana
881: 54.6 dps, 4000 hp, 104.5 mana
882: 54.6 dps, 4000 hp, 122.5 mana
883: 54.5 dps, 4000 hp, 122.5 mana
884: 54.5 dps, 4000 hp, 122.5 mana
885: finished casting Nature's Wrath
885: 54.4 dps, 4000 hp, 122.5 mana
886: 54.3 dps, 4000 hp, 122.5 mana
887: 54.3 dps, 4000 hp, 122.5 mana
888: Nature's Wrath tick
888: 54.3 dps, 4000 hp, 160.5 mana
889: 54.2 dps, 4000 hp, 160.5 mana
890: 54.2 dps, 4000 hp, 160.5 mana
891: 54.1 dps, 4000 hp, 160.5 mana
892: 54.0 dps, 4000 hp, 160.5 mana
893: 54.0 dps, 4000 hp, 160.5 mana
894: Nature's Wrath tick
894: 54.0 dps, 4000 hp, 198.5 mana
895: 53.9 dps, 4000 hp, 198.5 mana
896: 53.8 dps, 4000 hp, 198.5 mana
897: 53.8 dps, 4000 hp, 198.5 mana
898: 53.7 dps, 4000 hp, 198.5 mana
899: 53.7 dps, 4000 hp, 198.5 mana
900: Nature's Wrath tick
900: 53.7 dps, 4000 hp, 236.5 mana
901: 53.6 dps, 4000 hp, 236.5 mana
902: 53.6 dps, 4000 hp, 236.5 mana
903: 53.5 dps, 4000 hp, 236.5 mana
904: 53.4 dps, 4000 hp, 236.5 mana
905: 53.4 dps, 4000 hp, 236.5 mana
906: Nature's Wrath tick
906: 53.4 dps, 4000 hp, 274.5 mana
907: 53.3 dps, 4000 hp, 274.5 mana
908: 53.3 dps, 4000 hp, 274.5 mana
909: 53.2 dps, 4000 hp, 274.5 mana
910: 53.1 dps, 4000 hp, 274.5 mana
911: 53.1 dps, 4000 hp, 274.5 mana
912: Nature's Wrath tick
912: 53.1 dps, 4000 hp, 312.5 mana
913: 53.0 dps, 4000 hp, 312.5 mana
914: 53.0 dps, 4000 hp, 312.5 mana
915: 52.9 dps, 4000 hp, 312.5 mana
916: 52.9 dps, 4000 hp, 312.5 mana
917: 52.8 dps, 4000 hp, 312.5 mana
918: Nature's Wrath tick
918: startcast wingeddeath
918: 52.8 dps, 4000 hp, 350.5 mana
919: 52.7 dps, 4000 hp, 350.5 mana
920: 52.7 dps, 4000 hp, 350.5 mana
921: 52.6 dps, 4000 hp, 350.5 mana
922: 52.6 dps, 4000 hp, 350.5 mana
923: finished casting wingeddeath
923: 52.5 dps, 4000 hp, 53 mana
924: Nature's Wrath tick
924: wingeddeath tick
924: 52.7 dps, 4000 hp, 71 mana
925: 52.6 dps, 4000 hp, 71 mana
926: 52.6 dps, 4000 hp, 71 mana
927: 52.5 dps, 4000 hp, 71 mana
928: 52.4 dps, 4000 hp, 71 mana
929: 52.4 dps, 4000 hp, 71 mana
930: Nature's Wrath tick
930: wingeddeath tick
930: 52.5 dps, 4000 hp, 109 mana
931: 52.5 dps, 4000 hp, 109 mana
932: 52.4 dps, 4000 hp, 109 mana
933: 52.4 dps, 4000 hp, 109 mana
934: 52.3 dps, 4000 hp, 109 mana
935: 52.3 dps, 4000 hp, 109 mana
936: Nature's Wrath tick
936: wingeddeath tick
936: 52.4 dps, 4000 hp, 147 mana
937: 52.4 dps, 4000 hp, 147 mana
938: 52.3 dps, 4000 hp, 147 mana
939: 52.3 dps, 4000 hp, 147 mana
940: 52.2 dps, 4000 hp, 147 mana
941: 52.1 dps, 4000 hp, 147 mana
942: Nature's Wrath tick
942: wingeddeath tick
942: startcast Nature's Wrath
942: 52.3 dps, 4000 hp, 185 mana
943: 52.2 dps, 4000 hp, 185 mana
944: 52.2 dps, 4000 hp, 185 mana
945: 52.1 dps, 4000 hp, 185 mana
946: 52.1 dps, 4000 hp, 185 mana
947: 52.0 dps, 4000 hp, 185 mana
948: wingeddeath tick
948: 52.1 dps, 4000 hp, 203 mana
949: 52.1 dps, 4000 hp, 203 mana
950: 52.0 dps, 4000 hp, 203 mana
951: finished casting Nature's Wrath
951: 51.9 dps, 4000 hp, 203 mana
952: 51.9 dps, 4000 hp, 203 mana
953: 51.8 dps, 4000 hp, 203 mana
954: Nature's Wrath tick
954: wingeddeath tick
954: 52.0 dps, 4000 hp, 241 mana
955: 51.9 dps, 4000 hp, 241 mana
956: 51.9 dps, 4000 hp, 241 mana
957: 51.8 dps, 4000 hp, 241 mana
958: 51.8 dps, 4000 hp, 241 mana
959: 51.7 dps, 4000 hp, 241 mana
960: Nature's Wrath tick
960: wingeddeath tick
960: 51.9 dps, 4000 hp, 279 mana
961: 51.8 dps, 4000 hp, 279 mana
962: 51.8 dps, 4000 hp, 279 mana
963: 51.7 dps, 4000 hp, 279 mana
964: 51.7 dps, 4000 hp, 279 mana
965: 51.6 dps, 4000 hp, 279 mana
966: Nature's Wrath tick
966: wingeddeath tick
966: 51.8 dps, 4000 hp, 317 mana
967: 51.7 dps, 4000 hp, 317 mana
968: 51.7 dps, 4000 hp, 317 mana
969: 51.6 dps, 4000 hp, 317 mana
970: 51.5 dps, 4000 hp, 317 mana
971: 51.5 dps, 4000 hp, 317 mana
972: Nature's Wrath tick
972: wingeddeath tick
972: startcast moonfire
972: 51.6 dps, 4000 hp, 355 mana
973: 51.6 dps, 4000 hp, 355 mana
974: 51.5 dps, 4000 hp, 355 mana
975: 51.5 dps, 4000 hp, 355 mana
976: 51.4 dps, 4000 hp, 355 mana
977: 51.4 dps, 4000 hp, 355 mana
978: Nature's Wrath tick
978: wingeddeath tick
978: moonfire tick
978: finished casting moonfire
978: 52.9 dps, 4000 hp, 101 mana
979: 52.9 dps, 4000 hp, 101 mana
980: 52.8 dps, 4000 hp, 101 mana
981: 52.7 dps, 4000 hp, 101 mana
982: 52.7 dps, 4000 hp, 101 mana
983: 52.6 dps, 4000 hp, 101 mana
984: Nature's Wrath tick
984: 52.6 dps, 4000 hp, 139 mana
985: 52.6 dps, 4000 hp, 139 mana
986: 52.5 dps, 4000 hp, 139 mana
987: 52.5 dps, 4000 hp, 139 mana
988: 52.4 dps, 4000 hp, 139 mana
989: 52.4 dps, 4000 hp, 139 mana
990: Nature's Wrath tick
990: 52.4 dps, 4000 hp, 177 mana
991: 52.3 dps, 4000 hp, 177 mana
992: 52.3 dps, 4000 hp, 177 mana
993: 52.2 dps, 4000 hp, 177 mana
994: 52.2 dps, 4000 hp, 177 mana
995: 52.1 dps, 4000 hp, 177 mana
996: Nature's Wrath tick
996: 52.1 dps, 4000 hp, 215 mana
997: 52.1 dps, 4000 hp, 215 mana
998: 52.0 dps, 4000 hp, 215 mana
999: 52.0 dps, 4000 hp, 215 mana
1000: 51.9 dps, 4000 hp, 215 mana
1001: 51.9 dps, 4000 hp, 215 mana
1002: Nature's Wrath tick
1002: 51.9 dps, 4000 hp, 253 mana
1003: 51.8 dps, 4000 hp, 253 mana
1004: 51.8 dps, 4000 hp, 253 mana
1005: 51.7 dps, 4000 hp, 253 mana
1006: 51.7 dps, 4000 hp, 253 mana
1007: 51.6 dps, 4000 hp, 253 mana
1008: Nature's Wrath tick
1008: startcast Nature's Wrath
1008: 51.6 dps, 4000 hp, 291 mana
1009: 51.6 dps, 4000 hp, 291 mana
1010: 51.5 dps, 4000 hp, 291 mana
1011: 51.5 dps, 4000 hp, 291 mana
1012: 51.4 dps, 4000 hp, 291 mana
1013: 51.4 dps, 4000 hp, 291 mana
1014: 51.3 dps, 4000 hp, 309 mana
1015: 51.3 dps, 4000 hp, 309 mana
1016: 51.2 dps, 4000 hp, 309 mana
1017: finished casting Nature's Wrath
1017: 51.2 dps, 4000 hp, 309 mana
1018: 51.1 dps, 4000 hp, 309 mana
1019: 51.1 dps, 4000 hp, 309 mana
1020: Nature's Wrath tick
1020: startcast moonfire
1020: 51.1 dps, 4000 hp, 347 mana
1021: 51.0 dps, 4000 hp, 347 mana
1022: 51.0 dps, 4000 hp, 347 mana
1023: 50.9 dps, 4000 hp, 347 mana
1024: 50.9 dps, 4000 hp, 347 mana
1025: 50.8 dps, 4000 hp, 347 mana
1026: Nature's Wrath tick
1026: moonfire tick
1026: finished casting moonfire
1026: 52.1 dps, 4000 hp, 93 mana
1027: 52.1 dps, 4000 hp, 93 mana
1028: 52.0 dps, 4000 hp, 93 mana
1029: 52.0 dps, 4000 hp, 93 mana
1030: 51.9 dps, 4000 hp, 93 mana
1031: 51.9 dps, 4000 hp, 93 mana
1032: Nature's Wrath tick
1032: 51.9 dps, 4000 hp, 131 mana
1033: 51.8 dps, 4000 hp, 131 mana
1034: 51.8 dps, 4000 hp, 131 mana
1035: 51.7 dps, 4000 hp, 131 mana
1036: 51.7 dps, 4000 hp, 131 mana
1037: 51.6 dps, 4000 hp, 131 mana
1038: Nature's Wrath tick
1038: 51.6 dps, 4000 hp, 169 mana
1039: 51.6 dps, 4000 hp, 169 mana
1040: 51.5 dps, 4000 hp, 169 mana
1041: 51.5 dps, 4000 hp, 169 mana
1042: 51.4 dps, 4000 hp, 169 mana
1043: 51.4 dps, 4000 hp, 169 mana
1044: Nature's Wrath tick
1044: 51.4 dps, 4000 hp, 207 mana
1045: 51.3 dps, 4000 hp, 207 mana
1046: 51.3 dps, 4000 hp, 207 mana
1047: 51.2 dps, 4000 hp, 207 mana
1048: 51.2 dps, 4000 hp, 207 mana
1049: 51.1 dps, 4000 hp, 207 mana
1050: Nature's Wrath tick
1050: 51.1 dps, 4000 hp, 245 mana
1051: 51.1 dps, 4000 hp, 245 mana
1052: 51.1 dps, 4000 hp, 245 mana
1053: 51.0 dps, 4000 hp, 245 mana
1054: 51.0 dps, 4000 hp, 245 mana
1055: 50.9 dps, 4000 hp, 245 mana
1056: Nature's Wrath tick
1056: 50.9 dps, 4000 hp, 283 mana
1057: 50.9 dps, 4000 hp, 283 mana
1058: 50.8 dps, 4000 hp, 283 mana
1059: 50.8 dps, 4000 hp, 283 mana
1060: 50.7 dps, 4000 hp, 283 mana
1061: 50.7 dps, 4000 hp, 283 mana
1062: Nature's Wrath tick
1062: startcast moonfire
1062: 50.7 dps, 4000 hp, 321 mana
1063: 50.6 dps, 4000 hp, 321 mana
1064: 50.6 dps, 4000 hp, 321 mana
1065: 50.5 dps, 4000 hp, 321 mana
1066: 50.5 dps, 4000 hp, 321 mana
1067: 50.4 dps, 4000 hp, 321 mana
1068: Nature's Wrath tick
1068: moonfire tick
1068: finished casting moonfire
1068: 51.7 dps, 4000 hp, 67 mana
1069: 51.7 dps, 4000 hp, 67 mana
1070: 51.6 dps, 4000 hp, 67 mana
1071: 51.6 dps, 4000 hp, 67 mana
1072: 51.5 dps, 4000 hp, 67 mana
1073: 51.5 dps, 4000 hp, 67 mana
1074: Nature's Wrath tick
1074: startcast Nature's Wrath
1074: 51.5 dps, 4000 hp, 105 mana
1075: 51.4 dps, 4000 hp, 105 mana
1076: 51.4 dps, 4000 hp, 105 mana
1077: 51.3 dps, 4000 hp, 105 mana
1078: 51.3 dps, 4000 hp, 105 mana
1079: 51.2 dps, 4000 hp, 105 mana
1080: 51.2 dps, 4000 hp, 123 mana
1081: 51.1 dps, 4000 hp, 123 mana
1082: 51.1 dps, 4000 hp, 123 mana
1083: finished casting Nature's Wrath
1083: 51.0 dps, 4000 hp, 123 mana
1084: 51.0 dps, 4000 hp, 123 mana
1085: 50.9 dps, 4000 hp, 123 mana
1086: Nature's Wrath tick
1086: 51.0 dps, 4000 hp, 161 mana
1087: 50.9 dps, 4000 hp, 161 mana
1088: 50.9 dps, 4000 hp, 161 mana
1089: 50.8 dps, 4000 hp, 161 mana
1090: 50.8 dps, 4000 hp, 161 mana
1091: 50.7 dps, 4000 hp, 161 mana
1092: Nature's Wrath tick
1092: 50.7 dps, 4000 hp, 199 mana
1093: 50.7 dps, 4000 hp, 199 mana
1094: 50.6 dps, 4000 hp, 199 mana
1095: 50.6 dps, 4000 hp, 199 mana
1096: 50.5 dps, 4000 hp, 199 mana
1097: 50.5 dps, 4000 hp, 199 mana
1098: Nature's Wrath tick
1098: 50.5 dps, 4000 hp, 237 mana
1099: 50.4 dps, 4000 hp, 237 mana
1100: 50.4 dps, 4000 hp, 237 mana
1101: 50.4 dps, 4000 hp, 237 mana
1102: 50.3 dps, 4000 hp, 237 mana
1103: 50.3 dps, 4000 hp, 237 mana
1104: Nature's Wrath tick
1104: 50.3 dps, 4000 hp, 275 mana
1105: 50.2 dps, 4000 hp, 275 mana
1106: 50.2 dps, 4000 hp, 275 mana
1107: 50.1 dps, 4000 hp, 275 mana
1108: 50.1 dps, 4000 hp, 275 mana
1109: 50.0 dps, 4000 hp, 275 mana
1110: Nature's Wrath tick
1110: 50.0 dps, 4000 hp, 313 mana
1111: 50.0 dps, 4000 hp, 313 mana
1112: 50.0 dps, 4000 hp, 313 mana
1113: 49.9 dps, 4000 hp, 313 mana
1114: 49.9 dps, 4000 hp, 313 mana
1115: 49.8 dps, 4000 hp, 313 mana
1116: Nature's Wrath tick
1116: startcast wingeddeath
1116: 49.8 dps, 4000 hp, 351 mana
1117: 49.8 dps, 4000 hp, 351 mana
1118: 49.7 dps, 4000 hp, 351 mana
1119: 49.7 dps, 4000 hp, 351 mana
1120: 49.7 dps, 4000 hp, 351 mana
1121: finished casting wingeddeath
1121: 49.6 dps, 4000 hp, 53.5 mana
1122: Nature's Wrath tick
1122: wingeddeath tick
1122: 49.7 dps, 4000 hp, 71.5 mana
1123: 49.7 dps, 4000 hp, 71.5 mana
1124: 49.7 dps, 4000 hp, 71.5 mana
1125: 49.6 dps, 4000 hp, 71.5 mana
1126: 49.6 dps, 4000 hp, 71.5 mana
1127: 49.5 dps, 4000 hp, 71.5 mana
1128: Nature's Wrath tick
1128: wingeddeath tick
1128: 49.7 dps, 4000 hp, 109.5 mana
1129: 49.6 dps, 4000 hp, 109.5 mana
1130: 49.6 dps, 4000 hp, 109.5 mana
1131: 49.5 dps, 4000 hp, 109.5 mana
1132: 49.5 dps, 4000 hp, 109.5 mana
1133: 49.4 dps, 4000 hp, 109.5 mana
1134: Nature's Wrath tick
1134: wingeddeath tick
1134: 49.6 dps, 4000 hp, 147.5 mana
1135: 49.5 dps, 4000 hp, 147.5 mana
1136: 49.5 dps, 4000 hp, 147.5 mana
1137: 49.4 dps, 4000 hp, 147.5 mana
1138: 49.4 dps, 4000 hp, 147.5 mana
1139: 49.3 dps, 4000 hp, 147.5 mana
1140: Nature's Wrath tick
1140: wingeddeath tick
1140: startcast Nature's Wrath
1140: 49.5 dps, 4000 hp, 185.5 mana
1141: 49.4 dps, 4000 hp, 185.5 mana
1142: 49.4 dps, 4000 hp, 185.5 mana
1143: 49.3 dps, 4000 hp, 185.5 mana
1144: 49.3 dps, 4000 hp, 185.5 mana
1145: 49.3 dps, 4000 hp, 185.5 mana
1146: wingeddeath tick
1146: 49.3 dps, 4000 hp, 203.5 mana
1147: 49.3 dps, 4000 hp, 203.5 mana
1148: 49.3 dps, 4000 hp, 203.5 mana
1149: finished casting Nature's Wrath
1149: 49.2 dps, 4000 hp, 203.5 mana
1150: 49.2 dps, 4000 hp, 203.5 mana
1151: 49.1 dps, 4000 hp, 203.5 mana
1152: Nature's Wrath tick
1152: wingeddeath tick
1152: 49.3 dps, 4000 hp, 241.5 mana
1153: 49.2 dps, 4000 hp, 241.5 mana
1154: 49.2 dps, 4000 hp, 241.5 mana
1155: 49.1 dps, 4000 hp, 241.5 mana
1156: 49.1 dps, 4000 hp, 241.5 mana
1157: 49.0 dps, 4000 hp, 241.5 mana
1158: Nature's Wrath tick
1158: wingeddeath tick
1158: 49.2 dps, 4000 hp, 279.5 mana
1159: 49.1 dps, 4000 hp, 279.5 mana
1160: 49.1 dps, 4000 hp, 279.5 mana
1161: 49.0 dps, 4000 hp, 279.5 mana
1162: 49.0 dps, 4000 hp, 279.5 mana
1163: 49.0 dps, 4000 hp, 279.5 mana
1164: Nature's Wrath tick
1164: wingeddeath tick
1164: 49.1 dps, 4000 hp, 317.5 mana
1165: 49.0 dps, 4000 hp, 317.5 mana
1166: 49.0 dps, 4000 hp, 317.5 mana
1167: 49.0 dps, 4000 hp, 317.5 mana
1168: 48.9 dps, 4000 hp, 317.5 mana
1169: 48.9 dps, 4000 hp, 317.5 mana
1170: Nature's Wrath tick
1170: wingeddeath tick
1170: startcast moonfire
1170: 49.0 dps, 4000 hp, 355.5 mana
1171: 49.0 dps, 4000 hp, 355.5 mana
1172: 48.9 dps, 4000 hp, 355.5 mana
1173: 48.9 dps, 4000 hp, 355.5 mana
1174: 48.8 dps, 4000 hp, 355.5 mana
1175: 48.8 dps, 4000 hp, 355.5 mana
1176: Nature's Wrath tick
1176: wingeddeath tick
1176: moonfire tick
1176: finished casting moonfire
1176: 50.1 dps, 4000 hp, 101.5 mana
1177: 50.0 dps, 4000 hp, 101.5 mana
1178: 50.0 dps, 4000 hp, 101.5 mana
1179: 49.9 dps, 4000 hp, 101.5 mana
1180: 49.9 dps, 4000 hp, 101.5 mana
1181: 49.9 dps, 4000 hp, 101.5 mana
1182: Nature's Wrath tick
1182: 49.9 dps, 4000 hp, 139.5 mana
1183: 49.8 dps, 4000 hp, 139.5 mana
1184: 49.8 dps, 4000 hp, 139.5 mana
1185: 49.7 dps, 4000 hp, 139.5 mana
1186: 49.7 dps, 4000 hp, 139.5 mana
1187: 49.7 dps, 4000 hp, 139.5 mana
1188: Nature's Wrath tick
1188: 49.7 dps, 4000 hp, 177.5 mana
1189: 49.6 dps, 4000 hp, 177.5 mana
1190: 49.6 dps, 4000 hp, 177.5 mana
1191: 49.5 dps, 4000 hp, 177.5 mana
1192: 49.5 dps, 4000 hp, 177.5 mana
1193: 49.5 dps, 4000 hp, 177.5 mana
1194: Nature's Wrath tick
1194: 49.5 dps, 4000 hp, 215.5 mana
1195: 49.4 dps, 4000 hp, 215.5 mana
1196: 49.4 dps, 4000 hp, 215.5 mana
1197: 49.3 dps, 4000 hp, 215.5 mana
1198: 49.3 dps, 4000 hp, 215.5 mana
1199: 49.3 dps, 4000 hp, 215.5 mana
1200: Nature's Wrath tick
1200: 49.3 dps, 4000 hp, 253.5 mana
