1: startcast Nature's Wrath
1: 0.0 dps, 4000 hp, 4000 mana
2: 0.0 dps, 4000 hp, 4000 mana
3: 0.0 dps, 4000 hp, 4000 mana
4: 0.0 dps, 4000 hp, 4000 mana
5: 0.0 dps, 4000 hp, 4000 mana
6: 0.0 dps, 4000 hp, 4000 mana
7: 0.0 dps, 4000 hp, 4000 mana
8: 0.0 dps, 4000 hp, 4000 mana
9: 0.0 dps, 4000 hp, 4000 mana
10: finished casting Nature's Wrath
10: 0.0 dps, 4000 hp, 4000 mana
11: startcast wingeddeath
11: 0.0 dps, 4000 hp, 4000 mana
12: Nature's Wrath tick
12: 4.6 dps, 4000 hp, 4000 mana
13: 4.2 dps, 4000 hp, 4000 mana
14: 3.9 dps, 4000 hp, 4000 mana
15: 3.7 dps, 4000 hp, 4000 mana
16: finished casting wingeddeath
16: 3.4 dps, 4000 hp, 3702.5 mana
17: 3.2 dps, 4000 hp, 3702.5 mana
18: Nature's Wrath tick
18: wingeddeath tick
18: 14.1 dps, 4000 hp, 3720.5 mana
19: startcast ancientstarfire
19: 13.3 dps, 4000 hp, 3720.5 mana
20: 12.7 dps, 4000 hp, 3720.5 mana
21: 12.0 dps, 4000 hp, 3720.5 mana
22: 11.5 dps, 4000 hp, 3720.5 mana
23: 11.0 dps, 4000 hp, 3720.5 mana
24: Nature's Wrath tick
24: wingeddeath tick
24: ancientstarfire tick
24: finished casting ancientstarfire
24: 76.4 dps, 4000 hp, 3496.25 mana
25: 73.4 dps, 4000 hp, 3496.25 mana
26: 70.5 dps, 4000 hp, 3496.25 mana
27: startcast ancientstarfire
27: 67.9 dps, 4000 hp, 3496.25 mana
28: 65.5 dps, 4000 hp, 3496.25 mana
29: 63.2 dps, 4000 hp, 3496.25 mana
30: Nature's Wrath tick
30: wingeddeath tick
30: 67.7 dps, 4000 hp, 3514.25 mana
31: 65.5 dps, 4000 hp, 3514.25 mana
32: ancientstarfire tick
32: finished casting ancientstarfire
32: 106.7 dps, 4000 hp, 3272 mana
33: 103.5 dps, 4000 hp, 3272 mana
34: 100.4 dps, 4000 hp, 3272 mana
35: startcast ancientstarfire
35: 97.6 dps, 4000 hp, 3272 mana
36: Nature's Wrath tick
36: wingeddeath tick
36: 100.4 dps, 4000 hp, 3290 mana
37: 97.6 dps, 4000 hp, 3290 mana
38: 95.1 dps, 4000 hp, 3290 mana
39: 92.6 dps, 4000 hp, 3290 mana
40: ancientstarfire tick
40: finished casting ancientstarfire
40: 124.9 dps, 4000 hp, 3047.75 mana
41: 121.9 dps, 4000 hp, 3047.75 mana
42: Nature's Wrath tick
42: wingeddeath tick
42: 123.7 dps, 4000 hp, 3065.75 mana
43: startcast ancientstarfire
43: 120.8 dps, 4000 hp, 3065.75 mana
44: 118.0 dps, 4000 hp, 3065.75 mana
45: 115.4 dps, 4000 hp, 3065.75 mana
46: 112.9 dps, 4000 hp, 3065.75 mana
47: 110.5 dps, 4000 hp, 3065.75 mana
48: Nature's Wrath tick
48: wingeddeath tick
48: ancientstarfire tick
48: finished casting ancientstarfire
48: 141.1 dps, 4000 hp, 2841.5 mana
49: 138.3 dps, 4000 hp, 2841.5 mana
50: 135.5 dps, 4000 hp, 2841.5 mana
51: startcast ancientstarfire
51: 132.8 dps, 4000 hp, 2841.5 mana
52: 130.3 dps, 4000 hp, 2841.5 mana
53: 127.8 dps, 4000 hp, 2841.5 mana
54: Nature's Wrath tick
54: wingeddeath tick
54: 129.1 dps, 4000 hp, 2859.5 mana
55: 126.8 dps, 4000 hp, 2859.5 mana
56: ancientstarfire tick
56: finished casting ancientstarfire
56: 149.2 dps, 4000 hp, 2617.25 mana
57: 146.6 dps, 4000 hp, 2617.25 mana
58: 144.1 dps, 4000 hp, 2617.25 mana
59: startcast ancientstarfire
59: 141.6 dps, 4000 hp, 2617.25 mana
60: Nature's Wrath tick
60: wingeddeath tick
60: 142.6 dps, 4000 hp, 2635.25 mana
61: 140.2 dps, 4000 hp, 2635.25 mana
62: 138.0 dps, 4000 hp, 2635.25 mana
63: 135.8 dps, 4000 hp, 2635.25 mana
64: ancientstarfire tick
64: finished casting ancientstarfire
64: 155.3 dps, 4000 hp, 2393 mana
65: 152.9 dps, 4000 hp, 2393 mana
66: Nature's Wrath tick
66: wingeddeath tick
66: 153.6 dps, 4000 hp, 2411 mana
67: startcast ancientstarfire
67: 151.3 dps, 4000 hp, 2411 mana
68: 149.0 dps, 4000 hp, 2411 mana
69: 146.9 dps, 4000 hp, 2411 mana
70: 144.8 dps, 4000 hp, 2411 mana
71: 142.7 dps, 4000 hp, 2411 mana
72: Nature's Wrath tick
72: wingeddeath tick
72: ancientstarfire tick
72: finished casting ancientstarfire
72: 162.7 dps, 4000 hp, 2186.75 mana
73: 160.5 dps, 4000 hp, 2186.75 mana
74: 158.3 dps, 4000 hp, 2186.75 mana
75: startcast ancientstarfire
75: 156.2 dps, 4000 hp, 2186.75 mana
76: 154.2 dps, 4000 hp, 2186.75 mana
77: 152.2 dps, 4000 hp, 2186.75 mana
78: Nature's Wrath tick
78: wingeddeath tick
78: 152.7 dps, 4000 hp, 2204.75 mana
79: 150.8 dps, 4000 hp, 2204.75 mana
80: ancientstarfire tick
80: finished casting ancientstarfire
80: 166.2 dps, 4000 hp, 1962.5 mana
81: 164.2 dps, 4000 hp, 1962.5 mana
82: 162.2 dps, 4000 hp, 1962.5 mana
83: startcast wingeddeath
83: 160.2 dps, 4000 hp, 1962.5 mana
84: Nature's Wrath tick
84: 159.0 dps, 4000 hp, 1980.5 mana
85: 157.1 dps, 4000 hp, 1980.5 mana
86: 155.3 dps, 4000 hp, 1980.5 mana
87: 153.5 dps, 4000 hp, 1980.5 mana
88: finished casting wingeddeath
88: 151.7 dps, 4000 hp, 1683 mana
89: 150.0 dps, 4000 hp, 1683 mana
90: Nature's Wrath tick
90: wingeddeath tick
90: 150.6 dps, 4000 hp, 1701 mana
91: startcast ancientstarfire
91: 148.9 dps, 4000 hp, 1701 mana
92: 147.3 dps, 4000 hp, 1701 mana
93: 145.7 dps, 4000 hp, 1701 mana
94: 144.1 dps, 4000 hp, 1701 mana
95: 142.6 dps, 4000 hp, 1701 mana
96: Nature's Wrath tick
96: wingeddeath tick
96: ancientstarfire tick
96: finished casting ancientstarfire
96: 157.6 dps, 4000 hp, 1476.75 mana
97: 156.0 dps, 4000 hp, 1476.75 mana
98: 154.4 dps, 4000 hp, 1476.75 mana
99: startcast ancientstarfire
99: 152.8 dps, 4000 hp, 1476.75 mana
100: 151.3 dps, 4000 hp, 1476.75 mana
101: 149.8 dps, 4000 hp, 1476.75 mana
102: Nature's Wrath tick
102: wingeddeath tick
102: 150.3 dps, 4000 hp, 1494.75 mana
103: 148.8 dps, 4000 hp, 1494.75 mana
104: ancientstarfire tick
104: finished casting ancientstarfire
104: 160.7 dps, 4000 hp, 1252.5 mana
105: 159.2 dps, 4000 hp, 1252.5 mana
106: 157.7 dps, 4000 hp, 1252.5 mana
107: startcast ancientstarfire
107: 156.2 dps, 4000 hp, 1252.5 mana
108: Nature's Wrath tick
108: wingeddeath tick
108: 156.6 dps, 4000 hp, 1270.5 mana
109: 155.1 dps, 4000 hp, 1270.5 mana
110: 153.7 dps, 4000 hp, 1270.5 mana
111: 152.3 dps, 4000 hp, 1270.5 mana
112: ancientstarfire tick
112: finished casting ancientstarfire
112: 163.3 dps, 4000 hp, 1028.25 mana
113: 161.9 dps, 4000 hp, 1028.25 mana
114: Nature's Wrath tick
114: wingeddeath tick
114: 162.2 dps, 4000 hp, 1046.25 mana
115: startcast ancientstarfire
115: 160.8 dps, 4000 hp, 1046.25 mana
116: 159.4 dps, 4000 hp, 1046.25 mana
117: 158.0 dps, 4000 hp, 1046.25 mana
118: 156.7 dps, 4000 hp, 1046.25 mana
119: 155.4 dps, 4000 hp, 1046.25 mana
120: Nature's Wrath tick
120: wingeddeath tick
120: ancientstarfire tick
120: finished casting ancientstarfire
120: 167.3 dps, 4000 hp, 822 mana
121: 165.9 dps, 4000 hp, 822 mana
122: 164.5 dps, 4000 hp, 822 mana
123: startcast ancientstarfire
123: 163.2 dps, 4000 hp, 822 mana
124: 161.9 dps, 4000 hp, 822 mana
125: 160.6 dps, 4000 hp, 822 mana
126: Nature's Wrath tick
126: wingeddeath tick
126: 160.9 dps, 4000 hp, 840 mana
127: 159.6 dps, 4000 hp, 840 mana
128: ancientstarfire tick
128: finished casting ancientstarfire
128: 169.2 dps, 4000 hp, 597.75 mana
129: 167.9 dps, 4000 hp, 597.75 mana
130: 166.6 dps, 4000 hp, 597.75 mana
131: startcast ancientstarfire
131: 165.3 dps, 4000 hp, 597.75 mana
132: Nature's Wrath tick
132: wingeddeath tick
132: 165.5 dps, 4000 hp, 615.75 mana
133: 164.3 dps, 4000 hp, 615.75 mana
134: 163.1 dps, 4000 hp, 615.75 mana
135: 161.9 dps, 4000 hp, 615.75 mana
136: ancientstarfire tick
136: finished casting ancientstarfire
136: 170.8 dps, 4000 hp, 373.5 mana
137: 169.6 dps, 4000 hp, 373.5 mana
138: Nature's Wrath tick
138: wingeddeath tick
138: 169.8 dps, 4000 hp, 391.5 mana
139: startcast ancientstarfire
139: 168.6 dps, 4000 hp, 391.5 mana
140: 167.4 dps, 4000 hp, 391.5 mana
141: 166.2 dps, 4000 hp, 391.5 mana
142: 165.0 dps, 4000 hp, 391.5 mana
143: 163.9 dps, 4000 hp, 391.5 mana
144: Nature's Wrath tick
144: wingeddeath tick
144: ancientstarfire tick
144: finished casting ancientstarfire
144: 173.7 dps, 4000 hp, 167.25 mana
145: 172.5 dps, 4000 hp, 167.25 mana
146: 171.3 dps, 4000 hp, 167.25 mana
147: 170.2 dps, 4000 hp, 167.25 mana
148: 169.0 dps, 4000 hp, 167.25 mana
149: 167.9 dps, 4000 hp, 167.25 mana
150: Nature's Wrath tick
150: wingeddeath tick
150: 168.1 dps, 4000 hp, 205.25 mana
151: 167.0 dps, 4000 hp, 205.25 mana
152: 165.9 dps, 4000 hp, 205.25 mana
153: 164.8 dps, 4000 hp, 205.25 mana
154: 163.7 dps, 4000 hp, 205.25 mana
155: 162.6 dps, 4000 hp, 205.25 mana
156: Nature's Wrath tick
156: 162.0 dps, 4000 hp, 243.25 mana
157: 160.9 dps, 4000 hp, 243.25 mana
158: 159.9 dps, 4000 hp, 243.25 mana
159: 158.9 dps, 4000 hp, 243.25 mana
160: 157.9 dps, 4000 hp, 243.25 mana
161: 156.9 dps, 4000 hp, 243.25 mana
162: Nature's Wrath tick
162: 156.3 dps, 4000 hp, 281.25 mana
163: 155.3 dps, 4000 hp, 281.25 mana
164: 154.4 dps, 4000 hp, 281.25 mana
165: 153.5 dps, 4000 hp, 281.25 mana
166: 152.5 dps, 4000 hp, 281.25 mana
167: 151.6 dps, 4000 hp, 281.25 mana
168: Nature's Wrath tick
168: startcast ancientstarfire
168: 151.0 dps, 4000 hp, 319.25 mana
169: 150.2 dps, 4000 hp, 319.25 mana
170: 149.3 dps, 4000 hp, 319.25 mana
171: 148.4 dps, 4000 hp, 319.25 mana
172: 147.5 dps, 4000 hp, 319.25 mana
173: ancientstarfire tick
173: finished casting ancientstarfire
173: 154.7 dps, 4000 hp, 77 mana
174: Nature's Wrath tick
174: 154.1 dps, 4000 hp, 95 mana
175: 153.2 dps, 4000 hp, 95 mana
176: 152.3 dps, 4000 hp, 95 mana
177: 151.5 dps, 4000 hp, 95 mana
178: 150.6 dps, 4000 hp, 95 mana
179: 149.8 dps, 4000 hp, 95 mana
180: Nature's Wrath tick
180: 149.3 dps, 4000 hp, 133 mana
181: 148.4 dps, 4000 hp, 133 mana
182: 147.6 dps, 4000 hp, 133 mana
183: 146.8 dps, 4000 hp, 133 mana
184: 146.0 dps, 4000 hp, 133 mana
185: 145.2 dps, 4000 hp, 133 mana
186: Nature's Wrath tick
186: startcast Nature's Wrath
186: 144.8 dps, 4000 hp, 171 mana
187: 144.0 dps, 4000 hp, 171 mana
188: 143.2 dps, 4000 hp, 171 mana
189: 142.5 dps, 4000 hp, 171 mana
190: 141.7 dps, 4000 hp, 171 mana
191: 141.0 dps, 4000 hp, 171 mana
192: 140.2 dps, 4000 hp, 189 mana
193: 139.5 dps, 4000 hp, 189 mana
194: 138.8 dps, 4000 hp, 189 mana
195: finished casting Nature's Wrath
195: 138.1 dps, 4000 hp, 189 mana
196: 137.4 dps, 4000 hp, 189 mana
197: 136.7 dps, 4000 hp, 189 mana
198: Nature's Wrath tick
198: 136.3 dps, 4000 hp, 227 mana
199: 135.6 dps, 4000 hp, 227 mana
200: 134.9 dps, 4000 hp, 227 mana
201: 134.2 dps, 4000 hp, 227 mana
202: 133.6 dps, 4000 hp, 227 mana
203: 132.9 dps, 4000 hp, 227 mana
204: Nature's Wrath tick
204: 132.5 dps, 4000 hp, 265 mana
205: 131.9 dps, 4000 hp, 265 mana
206: 131.2 dps, 4000 hp, 265 mana
207: 130.6 dps, 4000 hp, 265 mana
208: 130.0 dps, 4000 hp, 265 mana
209: 129.3 dps, 4000 hp, 265 mana
210: Nature's Wrath tick
210: startcast ancientstarfire
210: 129.0 dps, 4000 hp, 303 mana
211: 128.4 dps, 4000 hp, 303 mana
212: 127.8 dps, 4000 hp, 303 mana
213: 127.2 dps, 4000 hp, 303 mana
214: 126.6 dps, 4000 hp, 303 mana
215: ancientstarfire tick
215: finished casting ancientstarfire
215: 132.4 dps, 4000 hp, 60.75 mana
216: Nature's Wrath tick
216: 132.1 dps, 4000 hp, 78.75 mana
217: 131.5 dps, 4000 hp, 78.75 mana
218: 130.9 dps, 4000 hp, 78.75 mana
219: 130.3 dps, 4000 hp, 78.75 mana
220: 129.7 dps, 4000 hp, 78.75 mana
221: 129.1 dps, 4000 hp, 78.75 mana
222: Nature's Wrath tick
222: 128.7 dps, 4000 hp, 116.75 mana
223: 128.2 dps, 4000 hp, 116.75 mana
224: 127.6 dps, 4000 hp, 116.75 mana
225: 127.0 dps, 4000 hp, 116.75 mana
226: 126.5 dps, 4000 hp, 116.75 mana
227: 125.9 dps, 4000 hp, 116.75 mana
228: Nature's Wrath tick
228: 125.6 dps, 4000 hp, 154.75 mana
229: 125.1 dps, 4000 hp, 154.75 mana
230: 124.5 dps, 4000 hp, 154.75 mana
231: 124.0 dps, 4000 hp, 154.75 mana
232: 123.4 dps, 4000 hp, 154.75 mana
233: 122.9 dps, 4000 hp, 154.75 mana
234: Nature's Wrath tick
234: 122.6 dps, 4000 hp, 192.75 mana
235: 122.1 dps, 4000 hp, 192.75 mana
236: 121.6 dps, 4000 hp, 192.75 mana
237: 121.1 dps, 4000 hp, 192.75 mana
238: 120.6 dps, 4000 hp, 192.75 mana
239: 120.0 dps, 4000 hp, 192.75 mana
240: Nature's Wrath tick
240: 119.8 dps, 4000 hp, 230.75 mana
241: 119.3 dps, 4000 hp, 230.75 mana
242: 118.8 dps, 4000 hp, 230.75 mana
243: 118.3 dps, 4000 hp, 230.75 mana
244: 117.8 dps, 4000 hp, 230.75 mana
245: 117.3 dps, 4000 hp, 230.75 mana
246: Nature's Wrath tick
246: 117.1 dps, 4000 hp, 268.75 mana
247: 116.6 dps, 4000 hp, 268.75 mana
248: 116.1 dps, 4000 hp, 268.75 mana
249: 115.7 dps, 4000 hp, 268.75 mana
250: 115.2 dps, 4000 hp, 268.75 mana
251: 114.7 dps, 4000 hp, 268.75 mana
252: Nature's Wrath tick
252: startcast ancientstarfire
252: 114.5 dps, 4000 hp, 306.75 mana
253: 114.1 dps, 4000 hp, 306.75 mana
254: 113.6 dps, 4000 hp, 306.75 mana
255: 113.2 dps, 4000 hp, 306.75 mana
256: 112.7 dps, 4000 hp, 306.75 mana
257: ancientstarfire tick
257: finished casting ancientstarfire
257: 117.7 dps, 4000 hp, 64.5 mana
258: Nature's Wrath tick
258: 117.4 dps, 4000 hp, 82.5 mana
259: 117.0 dps, 4000 hp, 82.5 mana
260: 116.5 dps, 4000 hp, 82.5 mana
261: 116.1 dps, 4000 hp, 82.5 mana
262: 115.6 dps, 4000 hp, 82.5 mana
263: 115.2 dps, 4000 hp, 82.5 mana
264: Nature's Wrath tick
264: 115.0 dps, 4000 hp, 120.5 mana
265: 114.5 dps, 4000 hp, 120.5 mana
266: 114.1 dps, 4000 hp, 120.5 mana
267: 113.7 dps, 4000 hp, 120.5 mana
268: 113.2 dps, 4000 hp, 120.5 mana
269: 112.8 dps, 4000 hp, 120.5 mana
270: Nature's Wrath tick
270: 112.6 dps, 4000 hp, 158.5 mana
271: 112.2 dps, 4000 hp, 158.5 mana
272: 111.8 dps, 4000 hp, 158.5 mana
273: 111.4 dps, 4000 hp, 158.5 mana
274: 111.0 dps, 4000 hp, 158.5 mana
275: 110.6 dps, 4000 hp, 158.5 mana
276: Nature's Wrath tick
276: 110.4 dps, 4000 hp, 196.5 mana
277: 110.0 dps, 4000 hp, 196.5 mana
278: 109.6 dps, 4000 hp, 196.5 mana
279: 109.2 dps, 4000 hp, 196.5 mana
280: 108.8 dps, 4000 hp, 196.5 mana
281: 108.4 dps, 4000 hp, 196.5 mana
282: Nature's Wrath tick
282: 108.2 dps, 4000 hp, 234.5 mana
283: 107.8 dps, 4000 hp, 234.5 mana
284: 107.4 dps, 4000 hp, 234.5 mana
285: 107.1 dps, 4000 hp, 234.5 mana
286: 106.7 dps, 4000 hp, 234.5 mana
287: 106.3 dps, 4000 hp, 234.5 mana
288: Nature's Wrath tick
288: 106.1 dps, 4000 hp, 272.5 mana
289: 105.8 dps, 4000 hp, 272.5 mana
290: 105.4 dps, 4000 hp, 272.5 mana
291: 105.0 dps, 4000 hp, 272.5 mana
292: 104.7 dps, 4000 hp, 272.5 mana
293: 104.3 dps, 4000 hp, 272.5 mana
294: Nature's Wrath tick
294: startcast ancientstarfire
294: 104.2 dps, 4000 hp, 310.5 mana
295: 103.8 dps, 4000 hp, 310.5 mana
296: 103.5 dps, 4000 hp, 310.5 mana
297: 103.1 dps, 4000 hp, 310.5 mana
298: 102.8 dps, 4000 hp, 310.5 mana
299: ancientstarfire tick
299: finished casting ancientstarfire
299: 107.0 dps, 4000 hp, 68.25 mana
300: Nature's Wrath tick
300: 106.9 dps, 4000 hp, 86.25 mana
301: 106.5 dps, 4000 hp, 86.25 mana
302: 106.2 dps, 4000 hp, 86.25 mana
303: 105.8 dps, 4000 hp, 86.25 mana
304: 105.5 dps, 4000 hp, 86.25 mana
305: 105.1 dps, 4000 hp, 86.25 mana
306: Nature's Wrath tick
306: 105.0 dps, 4000 hp, 124.25 mana
307: 104.6 dps, 4000 hp, 124.25 mana
308: 104.3 dps, 4000 hp, 124.25 mana
309: 103.9 dps, 4000 hp, 124.25 mana
310: 103.6 dps, 4000 hp, 124.25 mana
311: 103.3 dps, 4000 hp, 124.25 mana
312: Nature's Wrath tick
312: 103.1 dps, 4000 hp, 162.25 mana
313: 102.8 dps, 4000 hp, 162.25 mana
314: 102.5 dps, 4000 hp, 162.25 mana
315: 102.1 dps, 4000 hp, 162.25 mana
316: 101.8 dps, 4000 hp, 162.25 mana
317: 101.5 dps, 4000 hp, 162.25 mana
318: Nature's Wrath tick
318: 101.3 dps, 4000 hp, 200.25 mana
319: 101.0 dps, 4000 hp, 200.25 mana
320: 100.7 dps, 4000 hp, 200.25 mana
321: 100.4 dps, 4000 hp, 200.25 mana
322: 100.1 dps, 4000 hp, 200.25 mana
323: 99.8 dps, 4000 hp, 200.25 mana
324: Nature's Wrath tick
324: 99.6 dps, 4000 hp, 238.25 mana
325: 99.3 dps, 4000 hp, 238.25 mana
326: 99.0 dps, 4000 hp, 238.25 mana
327: 98.7 dps, 4000 hp, 238.25 mana
328: 98.4 dps, 4000 hp, 238.25 mana
329: 98.1 dps, 4000 hp, 238.25 mana
330: Nature's Wrath tick
330: 98.0 dps, 4000 hp, 276.25 mana
331: 97.7 dps, 4000 hp, 276.25 mana
332: 97.4 dps, 4000 hp, 276.25 mana
333: 97.1 dps, 4000 hp, 276.25 mana
334: 96.8 dps, 4000 hp, 276.25 mana
335: 96.5 dps, 4000 hp, 276.25 mana
336: Nature's Wrath tick
336: startcast ancientstarfire
336: 96.4 dps, 4000 hp, 314.25 mana
337: 96.1 dps, 4000 hp, 314.25 mana
338: 95.8 dps, 4000 hp, 314.25 mana
339: 95.6 dps, 4000 hp, 314.25 mana
340: 95.3 dps, 4000 hp, 314.25 mana
341: ancientstarfire tick
341: finished casting ancientstarfire
341: 99.0 dps, 4000 hp, 72 mana
342: Nature's Wrath tick
342: 98.9 dps, 4000 hp, 90 mana
343: 98.6 dps, 4000 hp, 90 mana
344: 98.3 dps, 4000 hp, 90 mana
345: 98.1 dps, 4000 hp, 90 mana
346: 97.8 dps, 4000 hp, 90 mana
347: 97.5 dps, 4000 hp, 90 mana
348: Nature's Wrath tick
348: 97.4 dps, 4000 hp, 128 mana
349: 97.1 dps, 4000 hp, 128 mana
350: 96.8 dps, 4000 hp, 128 mana
351: 96.5 dps, 4000 hp, 128 mana
352: 96.3 dps, 4000 hp, 128 mana
353: 96.0 dps, 4000 hp, 128 mana
354: Nature's Wrath tick
354: 95.9 dps, 4000 hp, 166 mana
355: 95.6 dps, 4000 hp, 166 mana
356: 95.3 dps, 4000 hp, 166 mana
357: 95.1 dps, 4000 hp, 166 mana
358: 94.8 dps, 4000 hp, 166 mana
359: 94.5 dps, 4000 hp, 166 mana
360: Nature's Wrath tick
360: 94.4 dps, 4000 hp, 204 mana
361: 94.2 dps, 4000 hp, 204 mana
362: 93.9 dps, 4000 hp, 204 mana
363: 93.7 dps, 4000 hp, 204 mana
364: 93.4 dps, 4000 hp, 204 mana
365: 93.1 dps, 4000 hp, 204 mana
366: Nature's Wrath tick
366: 93.0 dps, 4000 hp, 242 mana
367: 92.8 dps, 4000 hp, 242 mana
368: 92.5 dps, 4000 hp, 242 mana
369: 92.3 dps, 4000 hp, 242 mana
370: 92.0 dps, 4000 hp, 242 mana
371: 91.8 dps, 4000 hp, 242 mana
372: Nature's Wrath tick
372: startcast Nature's Wrath
372: 91.7 dps, 4000 hp, 280 mana
373: 91.4 dps, 4000 hp, 280 mana
374: 91.2 dps, 4000 hp, 280 mana
375: 90.9 dps, 4000 hp, 280 mana
376: 90.7 dps, 4000 hp, 280 mana
377: 90.5 dps, 4000 hp, 280 mana
378: 90.2 dps, 4000 hp, 298 mana
379: 90.0 dps, 4000 hp, 298 mana
380: 89.8 dps, 4000 hp, 298 mana
381: finished casting Nature's Wrath
381: 89.5 dps, 4000 hp, 298 mana
382: startcast ancientstarfire
382: 89.3 dps, 4000 hp, 298 mana
383: 89.0 dps, 4000 hp, 298 mana
384: Nature's Wrath tick
384: 89.0 dps, 4000 hp, 316 mana
385: 88.7 dps, 4000 hp, 316 mana
386: 88.5 dps, 4000 hp, 316 mana
387: ancientstarfire tick
387: finished casting ancientstarfire
387: 91.8 dps, 4000 hp, 73.75 mana
388: 91.6 dps, 4000 hp, 73.75 mana
389: 91.4 dps, 4000 hp, 73.75 mana
390: Nature's Wrath tick
390: 91.3 dps, 4000 hp, 91.75 mana
391: 91.0 dps, 4000 hp, 91.75 mana
392: 90.8 dps, 4000 hp, 91.75 mana
393: 90.6 dps, 4000 hp, 91.75 mana
394: 90.4 dps, 4000 hp, 91.75 mana
395: 90.1 dps, 4000 hp, 91.75 mana
396: Nature's Wrath tick
396: 90.0 dps, 4000 hp, 129.75 mana
397: 89.8 dps, 4000 hp, 129.75 mana
398: 89.6 dps, 4000 hp, 129.75 mana
399: 89.4 dps, 4000 hp, 129.75 mana
400: 89.1 dps, 4000 hp, 129.75 mana
401: 88.9 dps, 4000 hp, 129.75 mana
402: Nature's Wrath tick
402: 88.8 dps, 4000 hp, 167.75 mana
403: 88.6 dps, 4000 hp, 167.75 mana
404: 88.4 dps, 4000 hp, 167.75 mana
405: 88.2 dps, 4000 hp, 167.75 mana
406: 88.0 dps, 4000 hp, 167.75 mana
407: 87.7 dps, 4000 hp, 167.75 mana
408: Nature's Wrath tick
408: 87.7 dps, 4000 hp, 205.75 mana
409: 87.4 dps, 4000 hp, 205.75 mana
410: 87.2 dps, 4000 hp, 205.75 mana
411: 87.0 dps, 4000 hp, 205.75 mana
412: 86.8 dps, 4000 hp, 205.75 mana
413: 86.6 dps, 4000 hp, 205.75 mana
414: Nature's Wrath tick
414: 86.5 dps, 4000 hp, 243.75 mana
415: 86.3 dps, 4000 hp, 243.75 mana
416: 86.1 dps, 4000 hp, 243.75 mana
417: 85.9 dps, 4000 hp, 243.75 mana
418: 85.7 dps, 4000 hp, 243.75 mana
419: 85.5 dps, 4000 hp, 243.75 mana
420: Nature's Wrath tick
420: 85.4 dps, 4000 hp, 281.75 mana
421: 85.2 dps, 4000 hp, 281.75 mana
422: 85.0 dps, 4000 hp, 281.75 mana
423: 84.8 dps, 4000 hp, 281.75 mana
424: 84.6 dps, 4000 hp, 281.75 mana
425: 84.4 dps, 4000 hp, 281.75 mana
426: Nature's Wrath tick
426: startcast ancientstarfire
426: 84.3 dps, 4000 hp, 319.75 mana
427: 84.1 dps, 4000 hp, 319.75 mana
428: 83.9 dps, 4000 hp, 319.75 mana
429: 83.7 dps, 4000 hp, 319.75 mana
430: 83.6 dps, 4000 hp, 319.75 mana
431: ancientstarfire tick
431: finished casting ancientstarfire
431: 86.6 dps, 4000 hp, 77.5 mana
432: Nature's Wrath tick
432: 86.5 dps, 4000 hp, 95.5 mana
433: 86.3 dps, 4000 hp, 95.5 mana
434: 86.1 dps, 4000 hp, 95.5 mana
435: 85.9 dps, 4000 hp, 95.5 mana
436: 85.7 dps, 4000 hp, 95.5 mana
437: 85.5 dps, 4000 hp, 95.5 mana
438: Nature's Wrath tick
438: 85.4 dps, 4000 hp, 133.5 mana
439: 85.2 dps, 4000 hp, 133.5 mana
440: 85.0 dps, 4000 hp, 133.5 mana
441: 84.9 dps, 4000 hp, 133.5 mana
442: 84.7 dps, 4000 hp, 133.5 mana
443: 84.5 dps, 4000 hp, 133.5 mana
444: Nature's Wrath tick
444: 84.4 dps, 4000 hp, 171.5 mana
445: 84.2 dps, 4000 hp, 171.5 mana
446: 84.0 dps, 4000 hp, 171.5 mana
447: 83.8 dps, 4000 hp, 171.5 mana
448: 83.7 dps, 4000 hp, 171.5 mana
449: 83.5 dps, 4000 hp, 171.5 mana
450: Nature's Wrath tick
450: 83.4 dps, 4000 hp, 209.5 mana
451: 83.2 dps, 4000 hp, 209.5 mana
452: 83.0 dps, 4000 hp, 209.5 mana
453: 82.9 dps, 4000 hp, 209.5 mana
454: 82.7 dps, 4000 hp, 209.5 mana
455: 82.5 dps, 4000 hp, 209.5 mana
456: Nature's Wrath tick
456: 82.4 dps, 4000 hp, 247.5 mana
457: 82.2 dps, 4000 hp, 247.5 mana
458: 82.1 dps, 4000 hp, 247.5 mana
459: 81.9 dps, 4000 hp, 247.5 mana
460: 81.7 dps, 4000 hp, 247.5 mana
461: 81.5 dps, 4000 hp, 247.5 mana
462: Nature's Wrath tick
462: startcast ancientstarfire
462: 81.5 dps, 4000 hp, 285.5 mana
463: 81.3 dps, 4000 hp, 285.5 mana
464: 81.1 dps, 4000 hp, 285.5 mana
465: 80.9 dps, 4000 hp, 285.5 mana
466: 80.8 dps, 4000 hp, 285.5 mana
467: ancientstarfire tick
467: finished casting ancientstarfire
467: 83.6 dps, 4000 hp, 43.25 mana
468: Nature's Wrath tick
468: 83.5 dps, 4000 hp, 61.25 mana
469: 83.3 dps, 4000 hp, 61.25 mana
470: 83.1 dps, 4000 hp, 61.25 mana
471: 83.0 dps, 4000 hp, 61.25 mana
472: 82.8 dps, 4000 hp, 61.25 mana
473: 82.6 dps, 4000 hp, 61.25 mana
474: Nature's Wrath tick
474: 82.6 dps, 4000 hp, 99.25 mana
475: 82.4 dps, 4000 hp, 99.25 mana
476: 82.2 dps, 4000 hp, 99.25 mana
477: 82.0 dps, 4000 hp, 99.25 mana
478: 81.9 dps, 4000 hp, 99.25 mana
479: 81.7 dps, 4000 hp, 99.25 mana
480: Nature's Wrath tick
480: 81.6 dps, 4000 hp, 137.25 mana
481: 81.5 dps, 4000 hp, 137.25 mana
482: 81.3 dps, 4000 hp, 137.25 mana
483: 81.1 dps, 4000 hp, 137.25 mana
484: 81.0 dps, 4000 hp, 137.25 mana
485: 80.8 dps, 4000 hp, 137.25 mana
486: Nature's Wrath tick
486: 80.7 dps, 4000 hp, 175.25 mana
487: 80.6 dps, 4000 hp, 175.25 mana
488: 80.4 dps, 4000 hp, 175.25 mana
489: 80.3 dps, 4000 hp, 175.25 mana
490: 80.1 dps, 4000 hp, 175.25 mana
491: 79.9 dps, 4000 hp, 175.25 mana
492: Nature's Wrath tick
492: 79.9 dps, 4000 hp, 213.25 mana
493: 79.7 dps, 4000 hp, 213.25 mana
494: 79.6 dps, 4000 hp, 213.25 mana
495: 79.4 dps, 4000 hp, 213.25 mana
496: 79.2 dps, 4000 hp, 213.25 mana
497: 79.1 dps, 4000 hp, 213.25 mana
498: Nature's Wrath tick
498: 79.0 dps, 4000 hp, 251.25 mana
499: 78.9 dps, 4000 hp, 251.25 mana
500: 78.7 dps, 4000 hp, 251.25 mana
501: 78.6 dps, 4000 hp, 251.25 mana
502: 78.4 dps, 4000 hp, 251.25 mana
503: 78.2 dps, 4000 hp, 251.25 mana
504: Nature's Wrath tick
504: startcast ancientstarfire
504: 78.2 dps, 4000 hp, 289.25 mana
505: 78.0 dps, 4000 hp, 289.25 mana
506: 77.9 dps, 4000 hp, 289.25 mana
507: 77.7 dps, 4000 hp, 289.25 mana
508: 77.6 dps, 4000 hp, 289.25 mana
509: ancientstarfire tick
509: finished casting ancientstarfire
509: 80.1 dps, 4000 hp, 47 mana
510: Nature's Wrath tick
510: 80.1 dps, 4000 hp, 65 mana
511: 79.9 dps, 4000 hp, 65 mana
512: 79.8 dps, 4000 hp, 65 mana
513: 79.6 dps, 4000 hp, 65 mana
514: 79.5 dps, 4000 hp, 65 mana
515: 79.3 dps, 4000 hp, 65 mana
516: Nature's Wrath tick
516: 79.3 dps, 4000 hp, 103 mana
517: 79.1 dps, 4000 hp, 103 mana
518: 79.0 dps, 4000 hp, 103 mana
519: 78.8 dps, 4000 hp, 103 mana
520: 78.7 dps, 4000 hp, 103 mana
521: 78.5 dps, 4000 hp, 103 mana
522: Nature's Wrath tick
522: 78.5 dps, 4000 hp, 141 mana
523: 78.3 dps, 4000 hp, 141 mana
524: 78.2 dps, 4000 hp, 141 mana
525: 78.0 dps, 4000 hp, 141 mana
526: 77.9 dps, 4000 hp, 141 mana
527: 77.7 dps, 4000 hp, 141 mana
528: Nature's Wrath tick
528: 77.7 dps, 4000 hp, 179 mana
529: 77.5 dps, 4000 hp, 179 mana
530: 77.4 dps, 4000 hp, 179 mana
531: 77.2 dps, 4000 hp, 179 mana
532: 77.1 dps, 4000 hp, 179 mana
533: 76.9 dps, 4000 hp, 179 mana
534: Nature's Wrath tick
534: 76.9 dps, 4000 hp, 217 mana
535: 76.8 dps, 4000 hp, 217 mana
536: 76.6 dps, 4000 hp, 217 mana
537: 76.5 dps, 4000 hp, 217 mana
538: 76.3 dps, 4000 hp, 217 mana
539: 76.2 dps, 4000 hp, 217 mana
540: Nature's Wrath tick
540: 76.2 dps, 4000 hp, 255 mana
541: 76.0 dps, 4000 hp, 255 mana
542: 75.9 dps, 4000 hp, 255 mana
543: 75.7 dps, 4000 hp, 255 mana
544: 75.6 dps, 4000 hp, 255 mana
545: 75.5 dps, 4000 hp, 255 mana
546: Nature's Wrath tick
546: startcast ancientstarfire
546: 75.4 dps, 4000 hp, 293 mana
547: 75.3 dps, 4000 hp, 293 mana
548: 75.1 dps, 4000 hp, 293 mana
549: 75.0 dps, 4000 hp, 293 mana
550: 74.9 dps, 4000 hp, 293 mana
551: ancientstarfire tick
551: finished casting ancientstarfire
551: 77.2 dps, 4000 hp, 50.75 mana
552: Nature's Wrath tick
552: 77.2 dps, 4000 hp, 68.75 mana
553: 77.1 dps, 4000 hp, 68.75 mana
554: 76.9 dps, 4000 hp, 68.75 mana
555: 76.8 dps, 4000 hp, 68.75 mana
556: 76.6 dps, 4000 hp, 68.75 mana
557: 76.5 dps, 4000 hp, 68.75 mana
558: Nature's Wrath tick
558: startcast Nature's Wrath
558: 76.5 dps, 4000 hp, 106.75 mana
559: 76.3 dps, 4000 hp, 106.75 mana
560: 76.2 dps, 4000 hp, 106.75 mana
561: 76.1 dps, 4000 hp, 106.75 mana
562: 75.9 dps, 4000 hp, 106.75 mana
563: 75.8 dps, 4000 hp, 106.75 mana
564: 75.7 dps, 4000 hp, 124.75 mana
565: 75.5 dps, 4000 hp, 124.75 mana
566: 75.4 dps, 4000 hp, 124.75 mana
567: finished casting Nature's Wrath
567: 75.3 dps, 4000 hp, 124.75 mana
568: 75.1 dps, 4000 hp, 124.75 mana
569: 75.0 dps, 4000 hp, 124.75 mana
570: Nature's Wrath tick
570: 75.0 dps, 4000 hp, 162.75 mana
571: 74.8 dps, 4000 hp, 162.75 mana
572: 74.7 dps, 4000 hp, 162.75 mana
573: 74.6 dps, 4000 hp, 162.75 mana
574: 74.4 dps, 4000 hp, 162.75 mana
575: 74.3 dps, 4000 hp, 162.75 mana
576: Nature's Wrath tick
576: 74.3 dps, 4000 hp, 200.75 mana
577: 74.1 dps, 4000 hp, 200.75 mana
578: 74.0 dps, 4000 hp, 200.75 mana
579: 73.9 dps, 4000 hp, 200.75 mana
580: 73.8 dps, 4000 hp, 200.75 mana
581: 73.6 dps, 4000 hp, 200.75 mana
582: Nature's Wrath tick
582: 73.6 dps, 4000 hp, 238.75 mana
583: 73.5 dps, 4000 hp, 238.75 mana
584: 73.3 dps, 4000 hp, 238.75 mana
585: 73.2 dps, 4000 hp, 238.75 mana
586: 73.1 dps, 4000 hp, 238.75 mana
587: 73.0 dps, 4000 hp, 238.75 mana
588: Nature's Wrath tick
588: 72.9 dps, 4000 hp, 276.75 mana
589: 72.8 dps, 4000 hp, 276.75 mana
590: 72.7 dps, 4000 hp, 276.75 mana
591: 72.6 dps, 4000 hp, 276.75 mana
592: 72.4 dps, 4000 hp, 276.75 mana
593: 72.3 dps, 4000 hp, 276.75 mana
594: Nature's Wrath tick
594: startcast ancientstarfire
594: 72.3 dps, 4000 hp, 314.75 mana
595: 72.2 dps, 4000 hp, 314.75 mana
596: 72.1 dps, 4000 hp, 314.75 mana
597: 71.9 dps, 4000 hp, 314.75 mana
598: 71.8 dps, 4000 hp, 314.75 mana
599: ancientstarfire tick
599: finished casting ancientstarfire
599: 74.0 dps, 4000 hp, 72.5 mana
600: Nature's Wrath tick
600: 74.0 dps, 4000 hp, 90.5 mana
601: 73.8 dps, 4000 hp, 90.5 mana
602: 73.7 dps, 4000 hp, 90.5 mana
603: 73.6 dps, 4000 hp, 90.5 mana
604: 73.5 dps, 4000 hp, 90.5 mana
605: 73.4 dps, 4000 hp, 90.5 mana
606: Nature's Wrath tick
606: 73.3 dps, 4000 hp, 128.5 mana
607: 73.2 dps, 4000 hp, 128.5 mana
608: 73.1 dps, 4000 hp, 128.5 mana
609: 73.0 dps, 4000 hp, 128.5 mana
610: 72.8 dps, 4000 hp, 128.5 mana
611: 72.7 dps, 4000 hp, 128.5 mana
612: Nature's Wrath tick
612: 72.7 dps, 4000 hp, 166.5 mana
613: 72.6 dps, 4000 hp, 166.5 mana
614: 72.5 dps, 4000 hp, 166.5 mana
615: 72.3 dps, 4000 hp, 166.5 mana
616: 72.2 dps, 4000 hp, 166.5 mana
617: 72.1 dps, 4000 hp, 166.5 mana
618: Nature's Wrath tick
618: 72.1 dps, 4000 hp, 204.5 mana
619: 72.0 dps, 4000 hp, 204.5 mana
620: 71.9 dps, 4000 hp, 204.5 mana
621: 71.7 dps, 4000 hp, 204.5 mana
622: 71.6 dps, 4000 hp, 204.5 mana
623: 71.5 dps, 4000 hp, 204.5 mana
624: Nature's Wrath tick
624: 71.5 dps, 4000 hp, 242.5 mana
625: 71.4 dps, 4000 hp, 242.5 mana
626: 71.3 dps, 4000 hp, 242.5 mana
627: 71.1 dps, 4000 hp, 242.5 mana
628: 71.0 dps, 4000 hp, 242.5 mana
629: 70.9 dps, 4000 hp, 242.5 mana
630: Nature's Wrath tick
630: 70.9 dps, 4000 hp, 280.5 mana
631: 70.8 dps, 4000 hp, 280.5 mana
632: 70.7 dps, 4000 hp, 280.5 mana
633: 70.6 dps, 4000 hp, 280.5 mana
634: 70.4 dps, 4000 hp, 280.5 mana
635: 70.3 dps, 4000 hp, 280.5 mana
636: Nature's Wrath tick
636: startcast ancientstarfire
636: 70.3 dps, 4000 hp, 318.5 mana
637: 70.2 dps, 4000 hp, 318.5 mana
638: 70.1 dps, 4000 hp, 318.5 mana
639: 70.0 dps, 4000 hp, 318.5 mana
640: 69.9 dps, 4000 hp, 318.5 mana
641: ancientstarfire tick
641: finished casting ancientstarfire
641: 71.9 dps, 4000 hp, 76.25 mana
642: Nature's Wrath tick
642: 71.9 dps, 4000 hp, 94.25 mana
643: 71.8 dps, 4000 hp, 94.25 mana
644: 71.7 dps, 4000 hp, 94.25 mana
645: 71.6 dps, 4000 hp, 94.25 mana
646: 71.4 dps, 4000 hp, 94.25 mana
647: 71.3 dps, 4000 hp, 94.25 mana
648: Nature's Wrath tick
648: 71.3 dps, 4000 hp, 132.25 mana
649: 71.2 dps, 4000 hp, 132.25 mana
650: 71.1 dps, 4000 hp, 132.25 mana
651: 71.0 dps, 4000 hp, 132.25 mana
652: 70.9 dps, 4000 hp, 132.25 mana
653: 70.8 dps, 4000 hp, 132.25 mana
654: Nature's Wrath tick
654: 70.7 dps, 4000 hp, 170.25 mana
655: 70.6 dps, 4000 hp, 170.25 mana
656: 70.5 dps, 4000 hp, 170.25 mana
657: 70.4 dps, 4000 hp, 170.25 mana
658: 70.3 dps, 4000 hp, 170.25 mana
659: 70.2 dps, 4000 hp, 170.25 mana
660: Nature's Wrath tick
660: 70.2 dps, 4000 hp, 208.25 mana
661: 70.1 dps, 4000 hp, 208.25 mana
662: 70.0 dps, 4000 hp, 208.25 mana
663: 69.9 dps, 4000 hp, 208.25 mana
664: 69.8 dps, 4000 hp, 208.25 mana
665: 69.6 dps, 4000 hp, 208.25 mana
666: Nature's Wrath tick
666: 69.6 dps, 4000 hp, 246.25 mana
667: 69.5 dps, 4000 hp, 246.25 mana
668: 69.4 dps, 4000 hp, 246.25 mana
669: 69.3 dps, 4000 hp, 246.25 mana
670: 69.2 dps, 4000 hp, 246.25 mana
671: 69.1 dps, 4000 hp, 246.25 mana
672: Nature's Wrath tick
672: 69.1 dps, 4000 hp, 284.25 mana
673: 69.0 dps, 4000 hp, 284.25 mana
674: 68.9 dps, 4000 hp, 284.25 mana
675: 68.8 dps, 4000 hp, 284.25 mana
676: 68.7 dps, 4000 hp, 284.25 mana
677: 68.6 dps, 4000 hp, 284.25 mana
678: Nature's Wrath tick
678: startcast ancientstarfire
678: 68.6 dps, 4000 hp, 322.25 mana
679: 68.5 dps, 4000 hp, 322.25 mana
680: 68.4 dps, 4000 hp, 322.25 mana
681: 68.3 dps, 4000 hp, 322.25 mana
682: 68.2 dps, 4000 hp, 322.25 mana
683: ancientstarfire tick
683: finished casting ancientstarfire
683: 70.1 dps, 4000 hp, 80 mana
684: Nature's Wrath tick
684: 70.1 dps, 4000 hp, 98 mana
685: 70.0 dps, 4000 hp, 98 mana
686: 69.9 dps, 4000 hp, 98 mana
687: 69.8 dps, 4000 hp, 98 mana
688: 69.7 dps, 4000 hp, 98 mana
689: 69.5 dps, 4000 hp, 98 mana
690: Nature's Wrath tick
690: 69.5 dps, 4000 hp, 136 mana
691: 69.4 dps, 4000 hp, 136 mana
692: 69.3 dps, 4000 hp, 136 mana
693: 69.2 dps, 4000 hp, 136 mana
694: 69.1 dps, 4000 hp, 136 mana
695: 69.0 dps, 4000 hp, 136 mana
696: Nature's Wrath tick
696: 69.0 dps, 4000 hp, 174 mana
697: 68.9 dps, 4000 hp, 174 mana
698: 68.8 dps, 4000 hp, 174 mana
699: 68.7 dps, 4000 hp, 174 mana
700: 68.6 dps, 4000 hp, 174 mana
701: 68.5 dps, 4000 hp, 174 mana
702: Nature's Wrath tick
702: 68.5 dps, 4000 hp, 212 mana
703: 68.4 dps, 4000 hp, 212 mana
704: 68.3 dps, 4000 hp, 212 mana
705: 68.2 dps, 4000 hp, 212 mana
706: 68.1 dps, 4000 hp, 212 mana
707: 68.0 dps, 4000 hp, 212 mana
708: Nature's Wrath tick
708: 68.0 dps, 4000 hp, 250 mana
709: 67.9 dps, 4000 hp, 250 mana
710: 67.8 dps, 4000 hp, 250 mana
711: 67.7 dps, 4000 hp, 250 mana
712: 67.6 dps, 4000 hp, 250 mana
713: 67.5 dps, 4000 hp, 250 mana
714: Nature's Wrath tick
714: startcast ancientstarfire
714: 67.5 dps, 4000 hp, 288 mana
715: 67.4 dps, 4000 hp, 288 mana
716: 67.3 dps, 4000 hp, 288 mana
717: 67.2 dps, 4000 hp, 288 mana
718: 67.1 dps, 4000 hp, 288 mana
719: ancientstarfire tick
719: finished casting ancientstarfire
719: 69.0 dps, 4000 hp, 45.75 mana
720: Nature's Wrath tick
720: 68.9 dps, 4000 hp, 63.75 mana
721: 68.8 dps, 4000 hp, 63.75 mana
722: 68.7 dps, 4000 hp, 63.75 mana
723: 68.6 dps, 4000 hp, 63.75 mana
724: 68.6 dps, 4000 hp, 63.75 mana
725: 68.5 dps, 4000 hp, 63.75 mana
726: Nature's Wrath tick
726: 68.4 dps, 4000 hp, 101.75 mana
727: 68.3 dps, 4000 hp, 101.75 mana
728: 68.3 dps, 4000 hp, 101.75 mana
729: 68.2 dps, 4000 hp, 101.75 mana
730: 68.1 dps, 4000 hp, 101.75 mana
731: 68.0 dps, 4000 hp, 101.75 mana
732: Nature's Wrath tick
732: 68.0 dps, 4000 hp, 139.75 mana
733: 67.9 dps, 4000 hp, 139.75 mana
734: 67.8 dps, 4000 hp, 139.75 mana
735: 67.7 dps, 4000 hp, 139.75 mana
736: 67.6 dps, 4000 hp, 139.75 mana
737: 67.5 dps, 4000 hp, 139.75 mana
738: Nature's Wrath tick
738: 67.5 dps, 4000 hp, 177.75 mana
739: 67.4 dps, 4000 hp, 177.75 mana
740: 67.3 dps, 4000 hp, 177.75 mana
741: 67.2 dps, 4000 hp, 177.75 mana
742: 67.1 dps, 4000 hp, 177.75 mana
743: 67.0 dps, 4000 hp, 177.75 mana
744: Nature's Wrath tick
744: startcast Nature's Wrath
744: 67.0 dps, 4000 hp, 215.75 mana
745: 66.9 dps, 4000 hp, 215.75 mana
746: 66.8 dps, 4000 hp, 215.75 mana
747: 66.7 dps, 4000 hp, 215.75 mana
748: 66.6 dps, 4000 hp, 215.75 mana
749: 66.6 dps, 4000 hp, 215.75 mana
750: 66.5 dps, 4000 hp, 233.75 mana
751: 66.4 dps, 4000 hp, 233.75 mana
752: 66.3 dps, 4000 hp, 233.75 mana
753: finished casting Nature's Wrath
753: 66.2 dps, 4000 hp, 233.75 mana
754: 66.1 dps, 4000 hp, 233.75 mana
755: 66.0 dps, 4000 hp, 233.75 mana
756: Nature's Wrath tick
756: 66.0 dps, 4000 hp, 271.75 mana
757: 65.9 dps, 4000 hp, 271.75 mana
758: 65.8 dps, 4000 hp, 271.75 mana
759: 65.8 dps, 4000 hp, 271.75 mana
760: 65.7 dps, 4000 hp, 271.75 mana
761: 65.6 dps, 4000 hp, 271.75 mana
762: Nature's Wrath tick
762: startcast ancientstarfire
762: 65.6 dps, 4000 hp, 309.75 mana
763: 65.5 dps, 4000 hp, 309.75 mana
764: 65.4 dps, 4000 hp, 309.75 mana
765: 65.3 dps, 4000 hp, 309.75 mana
766: 65.2 dps, 4000 hp, 309.75 mana
767: ancientstarfire tick
767: finished casting ancientstarfire
767: 66.9 dps, 4000 hp, 67.5 mana
768: Nature's Wrath tick
768: 66.9 dps, 4000 hp, 85.5 mana
769: 66.8 dps, 4000 hp, 85.5 mana
770: 66.8 dps, 4000 hp, 85.5 mana
771: 66.7 dps, 4000 hp, 85.5 mana
772: 66.6 dps, 4000 hp, 85.5 mana
773: 66.5 dps, 4000 hp, 85.5 mana
774: Nature's Wrath tick
774: 66.5 dps, 4000 hp, 123.5 mana
775: 66.4 dps, 4000 hp, 123.5 mana
776: 66.3 dps, 4000 hp, 123.5 mana
777: 66.2 dps, 4000 hp, 123.5 mana
778: 66.1 dps, 4000 hp, 123.5 mana
779: 66.1 dps, 4000 hp, 123.5 mana
780: Nature's Wrath tick
780: 66.0 dps, 4000 hp, 161.5 mana
781: 66.0 dps, 4000 hp, 161.5 mana
782: 65.9 dps, 4000 hp, 161.5 mana
783: 65.8 dps, 4000 hp, 161.5 mana
784: 65.7 dps, 4000 hp, 161.5 mana
785: 65.6 dps, 4000 hp, 161.5 mana
786: Nature's Wrath tick
786: 65.6 dps, 4000 hp, 199.5 mana
787: 65.5 dps, 4000 hp, 199.5 mana
788: 65.4 dps, 4000 hp, 199.5 mana
789: 65.4 dps, 4000 hp, 199.5 mana
790: 65.3 dps, 4000 hp, 199.5 mana
791: 65.2 dps, 4000 hp, 199.5 mana
792: Nature's Wrath tick
792: 65.2 dps, 4000 hp, 237.5 mana
793: 65.1 dps, 4000 hp, 237.5 mana
794: 65.0 dps, 4000 hp, 237.5 mana
795: 64.9 dps, 4000 hp, 237.5 mana
796: 64.8 dps, 4000 hp, 237.5 mana
797: 64.8 dps, 4000 hp, 237.5 mana
798: Nature's Wrath tick
798: 64.8 dps, 4000 hp, 275.5 mana
799: 64.7 dps, 4000 hp, 275.5 mana
800: 64.6 dps, 4000 hp, 275.5 mana
801: 64.5 dps, 4000 hp, 275.5 mana
802: 64.4 dps, 4000 hp, 275.5 mana
803: 64.4 dps, 4000 hp, 275.5 mana
804: Nature's Wrath tick
804: startcast ancientstarfire
804: 64.3 dps, 4000 hp, 313.5 mana
805: 64.3 dps, 4000 hp, 313.5 mana
806: 64.2 dps, 4000 hp, 313.5 mana
807: 64.1 dps, 4000 hp, 313.5 mana
808: 64.0 dps, 4000 hp, 313.5 mana
809: ancientstarfire tick
809: finished casting ancientstarfire
809: 65.7 dps, 4000 hp, 71.25 mana
810: Nature's Wrath tick
810: 65.6 dps, 4000 hp, 89.25 mana
811: 65.6 dps, 4000 hp, 89.25 mana
812: 65.5 dps, 4000 hp, 89.25 mana
813: 65.4 dps, 4000 hp, 89.25 mana
814: 65.3 dps, 4000 hp, 89.25 mana
815: 65.2 dps, 4000 hp, 89.25 mana
816: Nature's Wrath tick
816: 65.2 dps, 4000 hp, 127.25 mana
817: 65.1 dps, 4000 hp, 127.25 mana
818: 65.1 dps, 4000 hp, 127.25 mana
819: 65.0 dps, 4000 hp, 127.25 mana
820: 64.9 dps, 4000 hp, 127.25 mana
821: 64.8 dps, 4000 hp, 127.25 mana
822: Nature's Wrath tick
822: 64.8 dps, 4000 hp, 165.25 mana
823: 64.7 dps, 4000 hp, 165.25 mana
824: 64.7 dps, 4000 hp, 165.25 mana
825: 64.6 dps, 4000 hp, 165.25 mana
826: 64.5 dps, 4000 hp, 165.25 mana
827: 64.4 dps, 4000 hp, 165.25 mana
828: Nature's Wrath tick
828: 64.4 dps, 4000 hp, 203.25 mana
829: 64.3 dps, 4000 hp, 203.25 mana
830: 64.3 dps, 4000 hp, 203.25 mana
831: 64.2 dps, 4000 hp, 203.25 mana
832: 64.1 dps, 4000 hp, 203.25 mana
833: 64.0 dps, 4000 hp, 203.25 mana
834: Nature's Wrath tick
834: 64.0 dps, 4000 hp, 241.25 mana
835: 63.9 dps, 4000 hp, 241.25 mana
836: 63.9 dps, 4000 hp, 241.25 mana
837: 63.8 dps, 4000 hp, 241.25 mana
838: 63.7 dps, 4000 hp, 241.25 mana
839: 63.6 dps, 4000 hp, 241.25 mana
840: Nature's Wrath tick
840: 63.6 dps, 4000 hp, 279.25 mana
841: 63.5 dps, 4000 hp, 279.25 mana
842: 63.5 dps, 4000 hp, 279.25 mana
843: 63.4 dps, 4000 hp, 279.25 mana
844: 63.3 dps, 4000 hp, 279.25 mana
845: 63.2 dps, 4000 hp, 279.25 mana
846: Nature's Wrath tick
846: startcast ancientstarfire
846: 63.2 dps, 4000 hp, 317.25 mana
847: 63.2 dps, 4000 hp, 317.25 mana
848: 63.1 dps, 4000 hp, 317.25 mana
849: 63.0 dps, 4000 hp, 317.25 mana
850: 62.9 dps, 4000 hp, 317.25 mana
851: ancientstarfire tick
851: finished casting ancientstarfire
851: 64.5 dps, 4000 hp, 75 mana
852: Nature's Wrath tick
852: 64.5 dps, 4000 hp, 93 mana
853: 64.4 dps, 4000 hp, 93 mana
854: 64.3 dps, 4000 hp, 93 mana
855: 64.3 dps, 4000 hp, 93 mana
856: 64.2 dps, 4000 hp, 93 mana
857: 64.1 dps, 4000 hp, 93 mana
858: Nature's Wrath tick
858: 64.1 dps, 4000 hp, 131 mana
859: 64.0 dps, 4000 hp, 131 mana
860: 63.9 dps, 4000 hp, 131 mana
861: 63.9 dps, 4000 hp, 131 mana
862: 63.8 dps, 4000 hp, 131 mana
863: 63.7 dps, 4000 hp, 131 mana
864: Nature's Wrath tick
864: 63.7 dps, 4000 hp, 169 mana
865: 63.6 dps, 4000 hp, 169 mana
866: 63.6 dps, 4000 hp, 169 mana
867: 63.5 dps, 4000 hp, 169 mana
868: 63.4 dps, 4000 hp, 169 mana
869: 63.3 dps, 4000 hp, 169 mana
870: Nature's Wrath tick
870: 63.3 dps, 4000 hp, 207 mana
871: 63.3 dps, 4000 hp, 207 mana
872: 63.2 dps, 4000 hp, 207 mana
873: 63.1 dps, 4000 hp, 207 mana
874: 63.0 dps, 4000 hp, 207 mana
875: 63.0 dps, 4000 hp, 207 mana
876: Nature's Wrath tick
876: 63.0 dps, 4000 hp, 245 mana
877: 62.9 dps, 4000 hp, 245 mana
878: 62.8 dps, 4000 hp, 245 mana
879: 62.7 dps, 4000 hp, 245 mana
880: 62.7 dps, 4000 hp, 245 mana
881: 62.6 dps, 4000 hp, 245 mana
882: Nature's Wrath tick
882: 62.6 dps, 4000 hp, 283 mana
883: 62.5 dps, 4000 hp, 283 mana
884: 62.5 dps, 4000 hp, 283 mana
885: 62.4 dps, 4000 hp, 283 mana
886: 62.3 dps, 4000 hp, 283 mana
887: 62.2 dps, 4000 hp, 283 mana
888: Nature's Wrath tick
888: startcast ancientstarfire
888: 62.2 dps, 4000 hp, 321 mana
889: 62.2 dps, 4000 hp, 321 mana
890: 62.1 dps, 4000 hp, 321 mana
891: 62.0 dps, 4000 hp, 321 mana
892: 62.0 dps, 4000 hp, 321 mana
893: ancientstarfire tick
893: finished casting ancientstarfire
893: 63.4 dps, 4000 hp, 78.75 mana
894: Nature's Wrath tick
894: 63.4 dps, 4000 hp, 96.75 mana
895: 63.4 dps, 4000 hp, 96.75 mana
896: 63.3 dps, 4000 hp, 96.75 mana
897: 63.2 dps, 4000 hp, 96.75 mana
898: 63.1 dps, 4000 hp, 96.75 mana
899: 63.1 dps, 4000 hp, 96.75 mana
900: Nature's Wrath tick
900: 63.1 dps, 4000 hp, 134.75 mana
901: 63.0 dps, 4000 hp, 134.75 mana
902: 62.9 dps, 4000 hp, 134.75 mana
903: 62.9 dps, 4000 hp, 134.75 mana
904: 62.8 dps, 4000 hp, 134.75 mana
905: 62.7 dps, 4000 hp, 134.75 mana
906: Nature's Wrath tick
906: 62.7 dps, 4000 hp, 172.75 mana
907: 62.6 dps, 4000 hp, 172.75 mana
908: 62.6 dps, 4000 hp, 172.75 mana
909: 62.5 dps, 4000 hp, 172.75 mana
910: 62.4 dps, 4000 hp, 172.75 mana
911: 62.4 dps, 4000 hp, 172.75 mana
912: Nature's Wrath tick
912: 62.4 dps, 4000 hp, 210.75 mana
913: 62.3 dps, 4000 hp, 210.75 mana
914: 62.2 dps, 4000 hp, 210.75 mana
915: 62.2 dps, 4000 hp, 210.75 mana
916: 62.1 dps, 4000 hp, 210.75 mana
917: 62.0 dps, 4000 hp, 210.75 mana
918: Nature's Wrath tick
918: 62.0 dps, 4000 hp, 248.75 mana
919: 61.9 dps, 4000 hp, 248.75 mana
920: 61.9 dps, 4000 hp, 248.75 mana
921: 61.8 dps, 4000 hp, 248.75 mana
922: 61.7 dps, 4000 hp, 248.75 mana
923: 61.7 dps, 4000 hp, 248.75 mana
924: Nature's Wrath tick
924: startcast ancientstarfire
924: 61.7 dps, 4000 hp, 286.75 mana
925: 61.6 dps, 4000 hp, 286.75 mana
926: 61.5 dps, 4000 hp, 286.75 mana
927: 61.5 dps, 4000 hp, 286.75 mana
928: 61.4 dps, 4000 hp, 286.75 mana
929: ancientstarfire tick
929: finished casting ancientstarfire
929: 62.8 dps, 4000 hp, 44.5 mana
930: Nature's Wrath tick
930: 62.8 dps, 4000 hp, 62.5 mana
931: 62.7 dps, 4000 hp, 62.5 mana
932: startcast Nature's Wrath
932: 62.7 dps, 4000 hp, 62.5 mana
933: 62.6 dps, 4000 hp, 62.5 mana
934: 62.5 dps, 4000 hp, 62.5 mana
935: 62.5 dps, 4000 hp, 62.5 mana
936: 62.4 dps, 4000 hp, 80.5 mana
937: 62.3 dps, 4000 hp, 80.5 mana
938: 62.3 dps, 4000 hp, 80.5 mana
939: 62.2 dps, 4000 hp, 80.5 mana
940: 62.1 dps, 4000 hp, 80.5 mana
941: finished casting Nature's Wrath
941: 62.1 dps, 4000 hp, 80.5 mana
942: Nature's Wrath tick
942: 62.1 dps, 4000 hp, 98.5 mana
943: 62.0 dps, 4000 hp, 98.5 mana
944: 61.9 dps, 4000 hp, 98.5 mana
945: 61.9 dps, 4000 hp, 98.5 mana
946: 61.8 dps, 4000 hp, 98.5 mana
947: 61.7 dps, 4000 hp, 98.5 mana
948: Nature's Wrath tick
948: 61.7 dps, 4000 hp, 136.5 mana
949: 61.7 dps, 4000 hp, 136.5 mana
950: 61.6 dps, 4000 hp, 136.5 mana
951: 61.5 dps, 4000 hp, 136.5 mana
952: 61.5 dps, 4000 hp, 136.5 mana
953: 61.4 dps, 4000 hp, 136.5 mana
954: Nature's Wrath tick
954: 61.4 dps, 4000 hp, 174.5 mana
955: 61.3 dps, 4000 hp, 174.5 mana
956: 61.3 dps, 4000 hp, 174.5 mana
957: 61.2 dps, 4000 hp, 174.5 mana
958: 61.2 dps, 4000 hp, 174.5 mana
959: 61.1 dps, 4000 hp, 174.5 mana
960: Nature's Wrath tick
960: 61.1 dps, 4000 hp, 212.5 mana
961: 61.0 dps, 4000 hp, 212.5 mana
962: 61.0 dps, 4000 hp, 212.5 mana
963: 60.9 dps, 4000 hp, 212.5 mana
964: 60.8 dps, 4000 hp, 212.5 mana
965: 60.8 dps, 4000 hp, 212.5 mana
966: Nature's Wrath tick
966: 60.8 dps, 4000 hp, 250.5 mana
967: 60.7 dps, 4000 hp, 250.5 mana
968: 60.6 dps, 4000 hp, 250.5 mana
969: 60.6 dps, 4000 hp, 250.5 mana
970: 60.5 dps, 4000 hp, 250.5 mana
971: 60.4 dps, 4000 hp, 250.5 mana
972: Nature's Wrath tick
972: startcast ancientstarfire
972: 60.4 dps, 4000 hp, 288.5 mana
973: 60.4 dps, 4000 hp, 288.5 mana
974: 60.3 dps, 4000 hp, 288.5 mana
975: 60.3 dps, 4000 hp, 288.5 mana
976: 60.2 dps, 4000 hp, 288.5 mana
977: ancientstarfire tick
977: finished casting ancientstarfire
977: 61.5 dps, 4000 hp, 46.25 mana
978: Nature's Wrath tick
978: 61.5 dps, 4000 hp, 64.25 mana
979: 61.5 dps, 4000 hp, 64.25 mana
980: 61.4 dps, 4000 hp, 64.25 mana
981: 61.4 dps, 4000 hp, 64.25 mana
982: 61.3 dps, 4000 hp, 64.25 mana
983: 61.2 dps, 4000 hp, 64.25 mana
984: Nature's Wrath tick
984: 61.2 dps, 4000 hp, 102.25 mana
985: 61.2 dps, 4000 hp, 102.25 mana
986: 61.1 dps, 4000 hp, 102.25 mana
987: 61.0 dps, 4000 hp, 102.25 mana
988: 61.0 dps, 4000 hp, 102.25 mana
989: 60.9 dps, 4000 hp, 102.25 mana
990: Nature's Wrath tick
990: 60.9 dps, 4000 hp, 140.25 mana
991: 60.8 dps, 4000 hp, 140.25 mana
992: 60.8 dps, 4000 hp, 140.25 mana
993: 60.7 dps, 4000 hp, 140.25 mana
994: 60.7 dps, 4000 hp, 140.25 mana
995: 60.6 dps, 4000 hp, 140.25 mana
996: Nature's Wrath tick
996: 60.6 dps, 4000 hp, 178.25 mana
997: 60.5 dps, 4000 hp, 178.25 mana
998: 60.5 dps, 4000 hp, 178.25 mana
999: 60.4 dps, 4000 hp, 178.25 mana
1000: 60.4 dps, 4000 hp, 178.25 mana
1001: 60.3 dps, 4000 hp, 178.25 mana
1002: Nature's Wrath tick
1002: 60.3 dps, 4000 hp, 216.25 mana
1003: 60.2 dps, 4000 hp, 216.25 mana
1004: 60.2 dps, 4000 hp, 216.25 mana
1005: 60.1 dps, 4000 hp, 216.25 mana
1006: 60.0 dps, 4000 hp, 216.25 mana
1007: 60.0 dps, 4000 hp, 216.25 mana
1008: Nature's Wrath tick
1008: 60.0 dps, 4000 hp, 254.25 mana
1009: 59.9 dps, 4000 hp, 254.25 mana
1010: 59.9 dps, 4000 hp, 254.25 mana
1011: 59.8 dps, 4000 hp, 254.25 mana
1012: 59.7 dps, 4000 hp, 254.25 mana
1013: 59.7 dps, 4000 hp, 254.25 mana
1014: Nature's Wrath tick
1014: startcast ancientstarfire
1014: 59.7 dps, 4000 hp, 292.25 mana
1015: 59.6 dps, 4000 hp, 292.25 mana
1016: 59.6 dps, 4000 hp, 292.25 mana
1017: 59.5 dps, 4000 hp, 292.25 mana
1018: 59.4 dps, 4000 hp, 292.25 mana
1019: ancientstarfire tick
1019: finished casting ancientstarfire
1019: 60.7 dps, 4000 hp, 50 mana
1020: Nature's Wrath tick
1020: 60.7 dps, 4000 hp, 68 mana
1021: 60.7 dps, 4000 hp, 68 mana
1022: 60.6 dps, 4000 hp, 68 mana
1023: 60.6 dps, 4000 hp, 68 mana
1024: 60.5 dps, 4000 hp, 68 mana
1025: 60.4 dps, 4000 hp, 68 mana
1026: Nature's Wrath tick
1026: 60.4 dps, 4000 hp, 106 mana
1027: 60.4 dps, 4000 hp, 106 mana
1028: 60.3 dps, 4000 hp, 106 mana
1029: 60.3 dps, 4000 hp, 106 mana
1030: 60.2 dps, 4000 hp, 106 mana
1031: 60.1 dps, 4000 hp, 106 mana
1032: Nature's Wrath tick
1032: 60.1 dps, 4000 hp, 144 mana
1033: 60.1 dps, 4000 hp, 144 mana
1034: 60.0 dps, 4000 hp, 144 mana
1035: 60.0 dps, 4000 hp, 144 mana
1036: 59.9 dps, 4000 hp, 144 mana
1037: 59.8 dps, 4000 hp, 144 mana
1038: Nature's Wrath tick
1038: 59.8 dps, 4000 hp, 182 mana
1039: 59.8 dps, 4000 hp, 182 mana
1040: 59.7 dps, 4000 hp, 182 mana
1041: 59.7 dps, 4000 hp, 182 mana
1042: 59.6 dps, 4000 hp, 182 mana
1043: 59.6 dps, 4000 hp, 182 mana
1044: Nature's Wrath tick
1044: 59.6 dps, 4000 hp, 220 mana
1045: 59.5 dps, 4000 hp, 220 mana
1046: 59.4 dps, 4000 hp, 220 mana
1047: 59.4 dps, 4000 hp, 220 mana
1048: 59.3 dps, 4000 hp, 220 mana
1049: 59.3 dps, 4000 hp, 220 mana
1050: Nature's Wrath tick
1050: 59.3 dps, 4000 hp, 258 mana
1051: 59.2 dps, 4000 hp, 258 mana
1052: 59.2 dps, 4000 hp, 258 mana
1053: 59.1 dps, 4000 hp, 258 mana
1054: 59.0 dps, 4000 hp, 258 mana
1055: 59.0 dps, 4000 hp, 258 mana
1056: Nature's Wrath tick
1056: startcast ancientstarfire
1056: 59.0 dps, 4000 hp, 296 mana
1057: 58.9 dps, 4000 hp, 296 mana
1058: 58.9 dps, 4000 hp, 296 mana
1059: 58.8 dps, 4000 hp, 296 mana
1060: 58.8 dps, 4000 hp, 296 mana
1061: ancientstarfire tick
1061: finished casting ancientstarfire
1061: 60.0 dps, 4000 hp, 53.75 mana
1062: Nature's Wrath tick
1062: 60.0 dps, 4000 hp, 71.75 mana
1063: 59.9 dps, 4000 hp, 71.75 mana
1064: 59.9 dps, 4000 hp, 71.75 mana
1065: 59.8 dps, 4000 hp, 71.75 mana
1066: 59.8 dps, 4000 hp, 71.75 mana
1067: 59.7 dps, 4000 hp, 71.75 mana
1068: Nature's Wrath tick
1068: 59.7 dps, 4000 hp, 109.75 mana
1069: 59.7 dps, 4000 hp, 109.75 mana
1070: 59.6 dps, 4000 hp, 109.75 mana
1071: 59.5 dps, 4000 hp, 109.75 mana
1072: 59.5 dps, 4000 hp, 109.75 mana
1073: 59.4 dps, 4000 hp, 109.75 mana
1074: Nature's Wrath tick
1074: 59.4 dps, 4000 hp, 147.75 mana
1075: 59.4 dps, 4000 hp, 147.75 mana
1076: 59.3 dps, 4000 hp, 147.75 mana
1077: 59.3 dps, 4000 hp, 147.75 mana
1078: 59.2 dps, 4000 hp, 147.75 mana
1079: 59.2 dps, 4000 hp, 147.75 mana
1080: Nature's Wrath tick
1080: 59.2 dps, 4000 hp, 185.75 mana
1081: 59.1 dps, 4000 hp, 185.75 mana
1082: 59.0 dps, 4000 hp, 185.75 mana
1083: 59.0 dps, 4000 hp, 185.75 mana
1084: 58.9 dps, 4000 hp, 185.75 mana
1085: 58.9 dps, 4000 hp, 185.75 mana
1086: Nature's Wrath tick
1086: 58.9 dps, 4000 hp, 223.75 mana
1087: 58.8 dps, 4000 hp, 223.75 mana
1088: 58.8 dps, 4000 hp, 223.75 mana
1089: 58.7 dps, 4000 hp, 223.75 mana
1090: 58.7 dps, 4000 hp, 223.75 mana
1091: 58.6 dps, 4000 hp, 223.75 mana
1092: Nature's Wrath tick
1092: 58.6 dps, 4000 hp, 261.75 mana
1093: 58.6 dps, 4000 hp, 261.75 mana
1094: 58.5 dps, 4000 hp, 261.75 mana
1095: 58.4 dps, 4000 hp, 261.75 mana
1096: 58.4 dps, 4000 hp, 261.75 mana
1097: 58.3 dps, 4000 hp, 261.75 mana
1098: Nature's Wrath tick
1098: startcast ancientstarfire
1098: 58.3 dps, 4000 hp, 299.75 mana
1099: 58.3 dps, 4000 hp, 299.75 mana
1100: 58.2 dps, 4000 hp, 299.75 mana
1101: 58.2 dps, 4000 hp, 299.75 mana
1102: 58.1 dps, 4000 hp, 299.75 mana
1103: ancientstarfire tick
1103: finished casting ancientstarfire
1103: 59.3 dps, 4000 hp, 57.5 mana
1104: Nature's Wrath tick
1104: 59.3 dps, 4000 hp, 75.5 mana
1105: 59.3 dps, 4000 hp, 75.5 mana
1106: 59.2 dps, 4000 hp, 75.5 mana
1107: 59.2 dps, 4000 hp, 75.5 mana
1108: 59.1 dps, 4000 hp, 75.5 mana
1109: 59.1 dps, 4000 hp, 75.5 mana
1110: Nature's Wrath tick
1110: 59.0 dps, 4000 hp, 113.5 mana
1111: 59.0 dps, 4000 hp, 113.5 mana
1112: 58.9 dps, 4000 hp, 113.5 mana
1113: 58.9 dps, 4000 hp, 113.5 mana
1114: 58.8 dps, 4000 hp, 113.5 mana
1115: 58.8 dps, 4000 hp, 113.5 mana
1116: Nature's Wrath tick
1116: startcast Nature's Wrath
1116: 58.8 dps, 4000 hp, 151.5 mana
1117: 58.7 dps, 4000 hp, 151.5 mana
1118: 58.7 dps, 4000 hp, 151.5 mana
1119: 58.6 dps, 4000 hp, 151.5 mana
1120: 58.6 dps, 4000 hp, 151.5 mana
1121: 58.5 dps, 4000 hp, 151.5 mana
1122: 58.5 dps, 4000 hp, 169.5 mana
1123: 58.4 dps, 4000 hp, 169.5 mana
1124: 58.4 dps, 4000 hp, 169.5 mana
1125: finished casting Nature's Wrath
1125: 58.3 dps, 4000 hp, 169.5 mana
1126: 58.3 dps, 4000 hp, 169.5 mana
1127: 58.2 dps, 4000 hp, 169.5 mana
1128: Nature's Wrath tick
1128: 58.2 dps, 4000 hp, 207.5 mana
1129: 58.2 dps, 4000 hp, 207.5 mana
1130: 58.1 dps, 4000 hp, 207.5 mana
1131: 58.0 dps, 4000 hp, 207.5 mana
1132: 58.0 dps, 4000 hp, 207.5 mana
1133: 57.9 dps, 4000 hp, 207.5 mana
1134: Nature's Wrath tick
1134: 57.9 dps, 4000 hp, 245.5 mana
1135: 57.9 dps, 4000 hp, 245.5 mana
1136: 57.8 dps, 4000 hp, 245.5 mana
1137: 57.8 dps, 4000 hp, 245.5 mana
1138: 57.7 dps, 4000 hp, 245.5 mana
1139: 57.7 dps, 4000 hp, 245.5 mana
1140: Nature's Wrath tick
1140: 57.7 dps, 4000 hp, 283.5 mana
1141: 57.6 dps, 4000 hp, 283.5 mana
1142: 57.6 dps, 4000 hp, 283.5 mana
1143: 57.5 dps, 4000 hp, 283.5 mana
1144: 57.5 dps, 4000 hp, 283.5 mana
1145: 57.4 dps, 4000 hp, 283.5 mana
1146: Nature's Wrath tick
1146: startcast ancientstarfire
1146: 57.4 dps, 4000 hp, 321.5 mana
1147: 57.4 dps, 4000 hp, 321.5 mana
1148: 57.3 dps, 4000 hp, 321.5 mana
1149: 57.3 dps, 4000 hp, 321.5 mana
1150: 57.2 dps, 4000 hp, 321.5 mana
1151: ancientstarfire tick
1151: finished casting ancientstarfire
1151: 58.4 dps, 4000 hp, 79.25 mana
1152: Nature's Wrath tick
1152: 58.4 dps, 4000 hp, 97.25 mana
1153: 58.3 dps, 4000 hp, 97.25 mana
1154: 58.3 dps, 4000 hp, 97.25 mana
1155: 58.2 dps, 4000 hp, 97.25 mana
1156: 58.2 dps, 4000 hp, 97.25 mana
1157: 58.1 dps, 4000 hp, 97.25 mana
1158: Nature's Wrath tick
1158: 58.1 dps, 4000 hp, 135.25 mana
1159: 58.1 dps, 4000 hp, 135.25 mana
1160: 58.0 dps, 4000 hp, 135.25 mana
1161: 58.0 dps, 4000 hp, 135.25 mana
1162: 57.9 dps, 4000 hp, 135.25 mana
1163: 57.9 dps, 4000 hp, 135.25 mana
1164: Nature's Wrath tick
1164: 57.9 dps, 4000 hp, 173.25 mana
1165: 57.8 dps, 4000 hp, 173.25 mana
1166: 57.8 dps, 4000 hp, 173.25 mana
1167: 57.7 dps, 4000 hp, 173.25 mana
1168: 57.7 dps, 4000 hp, 173.25 mana
1169: 57.6 dps, 4000 hp, 173.25 mana
1170: Nature's Wrath tick
1170: 57.6 dps, 4000 hp, 211.25 mana
1171: 57.6 dps, 4000 hp, 211.25 mana
1172: 57.5 dps, 4000 hp, 211.25 mana
1173: 57.5 dps, 4000 hp, 211.25 mana
1174: 57.4 dps, 4000 hp, 211.25 mana
1175: 57.4 dps, 4000 hp, 211.25 mana
1176: Nature's Wrath tick
1176: 57.4 dps, 4000 hp, 249.25 mana
1177: 57.3 dps, 4000 hp, 249.25 mana
1178: 57.3 dps, 4000 hp, 249.25 mana
1179: 57.2 dps, 4000 hp, 249.25 mana
1180: 57.2 dps, 4000 hp, 249.25 mana
1181: 57.1 dps, 4000 hp, 249.25 mana
1182: Nature's Wrath tick
1182: startcast ancientstarfire
1182: 57.1 dps, 4000 hp, 287.25 mana
1183: 57.1 dps, 4000 hp, 287.25 mana
1184: 57.0 dps, 4000 hp, 287.25 mana
1185: 57.0 dps, 4000 hp, 287.25 mana
1186: 56.9 dps, 4000 hp, 287.25 mana
1187: ancientstarfire tick
1187: finished casting ancientstarfire
1187: 58.1 dps, 4000 hp, 45 mana
1188: Nature's Wrath tick
1188: 58.1 dps, 4000 hp, 63 mana
1189: 58.0 dps, 4000 hp, 63 mana
1190: 58.0 dps, 4000 hp, 63 mana
1191: 57.9 dps, 4000 hp, 63 mana
1192: 57.9 dps, 4000 hp, 63 mana
1193: 57.8 dps, 4000 hp, 63 mana
1194: Nature's Wrath tick
1194: 57.8 dps, 4000 hp, 101 mana
1195: 57.8 dps, 4000 hp, 101 mana
1196: 57.7 dps, 4000 hp, 101 mana
1197: 57.7 dps, 4000 hp, 101 mana
1198: 57.6 dps, 4000 hp, 101 mana
1199: 57.6 dps, 4000 hp, 101 mana
1200: Nature's Wrath tick
1200: 57.6 dps, 4000 hp, 139 mana
