955310610::Summon Food::1::Conjuration::10::4.0::Summon::N/A::Summons black bread(No Rent Food Item)::admin
955310639::Summon Drink::1::Conjuration::10::4.0::Summon::N/A::Summons water(No Rent Drink Item)::admin
955310774::Burst of Flame::1::Evocation::7::1.5::DD::Fire::Does up to 5 points of direct damage::admin
955310941::Minor Shielding::1::Abjuration::10::2.5::Self Only Buff::N/A::Adds 10 hit points and 3 armor class::admin
955311040::Flare::1::Evocation::3::2.5::Special::N/A::Shoots a flame bolt that can be used as a light source::admin
955311129::Summon Dagger::1::Conjuration::10::5.0::Summon::N/A::Summons a dmg 3 delay 21 magical dagger::admin
955311183::Reclaim Energy::1::Alteration::5::2.5::Special::N/A::This spell de-summons your pet::admin
955311285::Gate::4::Alteration::70::5.0::Teleport::N/A::This spell will teleport you to your bound point::admin
955311399::Elementalkin: Air::4::Conjuration::40::6.0::Pet::N/A::Summons a level 3-5 pet. Reqs malachite::admin
955311423::Elementalkin: Earth::4::Conjuration::40::6.0::Pet::N/A::Summons a level 3-5 pet. Reqs malachite::admin
955311432::Elementalkin: Fire::4::Conjuration::40::6.0::Pet::N/A::Summons a level 3-5 pet. Reqs malachite::admin
955311449::Elementalkin: Water::4::Conjuration::40::6.0::Pet::N/A::Summons a level 3-5 pet. Reqs malachite::admin
955311548::Burn::4::Evocation::15::1.75::DD::Fire::Does up to 11-14 points direct damage::admin
955311629::Sense Summoned::4::Divination::5::2.0::Detect/Sense::N/A::Points you towards the nearest summoned creature::admin
955311737::Fire Flux::4::Evocation::23::1.75::PBAE::Fire::Does 11 points of damage to all targets based around the target::admin
955311827::Summon Bandages::4::Conjuration::15::5.0::Summon::N/A::Summons bandages(for bind wound skill)::admin
955311873::Summon Wisp::4::Conjuration::30::5.0::Summon::N/A::Summons a magical lightsource(No Rent)::admin
955311954::Elementaling: Air::8::Conjuration::80::7.0::Pet::N/A::Summons a pet. Reqs malachite::admin
955311960::Elementaling: Earth::8::Conjuration::80::7.0::Pet::N/A::Summons a pet. Reqs malachite::admin
955311965::Elementaling: Fire::8::Conjuration::80::7.0::Pet::N/A::Summons a pet. Reqs malachite::admin
955311969::Elementaling: Water::8::Conjuration::80::7.0::Pet::N/A::Summons a pet. Reqs malachite::admin
955312003::Invisibility::8::Divination::30::5.0::Invis::N/A::Renders a player invisibile::admin
955312117::Lesser Shielding::8::Abjuration::25::4.0::Buff::N/A::Self only armor class, hit point and magic resistance buff::admin
955312263::Flame Bolt::8::Evocation::40::2.5::Bolt::Fire::Does up to 47 points of direct damage. ::admin
955312338::Eye of Zomm::8::Conjuration::30::6.0::Sight::N/A::Summons a controllable eye that can be used to scout::admin
955312428::Shock of Blades::8::Conjuration::30::3.0::DD::Magic::Does 31-35 points of direct damage::admin
955312518::Dimension Pocket::8::Conjuration::40::6.0::Summon::N/A::Summons a magical(No Rent) pouch. Items inside of it are weightless::admin
955312740::Shield of Fire::8::Abjuration::40::2.0::Buff + Thorn::Fire::Adds 10 fire resistance and acts as a 5 point damage shield::admin
955312795::Staff of Tracing::8::Conjuration::20::6.0::Summon::N/A::Summons a dmg 7 delay 40 2hblunt staff::admin
955394584::Elemental: Earth::12::Conjuration::120::8.0::Pet::N/A::Summons a Pet::admin
955394621::Elemental: Fire::12::Conjuration::120::8.0::Pet::N/A::Summons a Pet::admin
955394635::Elemental: Air::12::Conjuration::120::8.0::Pet::N/A::Summons a Pet::admin
955394646::Elemental: Water::12::Conjuration::120::8.0::Pet::N/A::Summons a Pet::admin
955394719::Bind Affinity::12::Alteration::100::6.0::Special::N/A::Binds you to a location. When you die you will appear here::admin
955394868::Cancel Magic::12::Abjuration::30::3.5::Special::N/A::Removes a magical effect(good or bad) on a player::admin
955394915::Ward Summoned::12::Evocation::30::3.0::DD::Magic::Does up to 42 points of direct damage to summoned beasts::admin
955394967::Summon Fang::12::Conjuration::30::6.0::Summon::N/A::Summons a dmg 5 delay 26 magic piercing weapon::admin
955395045::Burnout::12::Alteration::35::5.0::Buff::N/A::This spell buffs your pet by adding to his armor class, strength and attack speed::admin
955395207::Column of Fire::12::Evocation::65::3.25::AOE::Fire::This area of effect Spell centers around your target and does 50 points of damage::admin
955395307::Rain of Blades::12::Evocation::62::2.75::Rain::Magic::This rain spell does three rounds of 26 damage to everything around your target::admin
955395351::Minor Summoning: Air::16::Conjuration::160::9.0::Pet::N/A::Summons a Pet. Reqs Lapis Lazuli::admin
955395356::Minor Summoning: Earth::16::Conjuration::160::9.0::Pet::N/A::Summons a Pet. Reqs Lapis Lazuli::admin
955395361::Minor Summoning: Fire::16::Conjuration::160::9.0::Pet::N/A::Summons a Pet. Reqs Lapis Lazuli::admin
955395368::Minor Summoning: Water::16::Conjuration::160::9.0::Pet::N/A::Summons a Pet. Reqs Lapis Lazuli::admin
955395498::See Invisible::16::Divination::25::2.0::Sight::N/A::Allows your target to see invisible beings::admin
955395589::Summon Throwing Dagger::16::Conjuration::20::4.0::Summon::N/A::Summons 20 dmg 6 delay 25 throwing daggers::admin
955395649::Identify::16::Divination::50::5.0::Special::N/A::Identifies certain magical items. ::admin
955395692::Shielding::16::Abjuration::50::5.0::Buff::N/A::Self only armor class, hit point and magic resistance buff::admin
955395747::Summon Heatstone::16::Conjuration::40::7.0::Summon::N/A::Summons a heatstone which grants a player infravision::admin
955395804::Shock of Flame::16::Evocation::70::2.75::DD::Fire::Does up to 95 points of direct damage::admin
955395924::Staff of Warding::16::Conjuration::40::6.0::Summon::N/A::Summons a dmg 8 delay 38(No Rent) 2hblunt Staff::admin
955395994::Lesser Summoning: Air::20::Conjuration::200::10.0::Pet::N/A::Summons a pet. Reqs Malachite::admin
955395999::Lesser Summoning: Earth::20::Conjuration::200::10.0::Pet::N/A::Summons a pet. Reqs Malachite::admin
955396008::Lesser Summoning: Fire::20::Conjuration::200::10.0::Pet::N/A::Summons a pet. Reqs Malachite::admin
955396012::Lesser Summoning: Water::20::Conjuration::200::10.0::Pet::N/A::Summons a pet. Reqs Malachite::admin
955396419::Summon Waterstone::20::Conjuration::40::4.0::Summon::N/A::Summons a waterstone which grants water breathing::admin
955396526::Bolt of Flame::20::Evocation::105::3.25::Bolt::Fire::Launches a bolt which can do up to 156 points of direct damage::admin
955396614::Rain of Fire::20::Evocation::125::3.5::Rain::Fire::Rain spell which rains 3 rounds of 75 points of damage centered around the target::admin
955396699::Summon Arrows::20::Conjuration::30::4.0::Summon::N/A::Summons 20 magical arrows(No Rent)::admin
955396818::Spear of Warding::20::Conjuration::60::6.0::Summon::N/A::Summons a magical dmg 6 delay 27 spear::admin
955396881::Elemental Shield::20::Abjuration::50::3.0::Buff::N/A::Adds 20 to both fire and cold resistance::admin
955396946::Phantom Leather::16::Abjuration::60::4.0::Buff + Regen::N/A::Adds 8 armor class(self only) and grants regeneration. Reqs Cat's Eye Agate::admin
955397058::Shield of Flame::20::Abjuration::60::4.0::Buff + Thorn::Fire::Adds 15 fire resistanace and an 8 point damage shield::admin
955397102::Expulse Summoned::20::Evocation::60::2.75::DD::Magic::Does up to 94 points direct damage to summoned beings::admin
955397302::Renew Summoning::20::Alteration::100::3.5::Heal::N/A::Heals your pet of 150 points of damage::admin
955397341::Summoning: Air::24::Conjuration::240::12.0::Pet::N/A::Summons a pet. Reqs Malachite::admin
955397346::Summoning: Earth::24::Conjuration::240::12.0::Pet::N/A::Summons a pet. Reqs Malachite::admin
955397373::Summoning: Fire::24::Conjuration::240::12.0::Pet::N/A::Summons a pet. Reqs Malachite::admin
955397377::Summoning: Water::24::Conjuration::240::12.0::Pet::N/A::Summons a pet. Reqs Malachite::admin
955397437::Cornucopia::24::Conjuration::25::4.0::Summon::N/A::Summons multiple loafs of black bread at a time(No Rent)::admin
955397457::Everfount::24::Conjuration::25::4.0::Summon::N/A::Summons multiple bottles of water at a time(No Rent)::admin
955397495::Major Shielding::24::Abjuration::80::5.0::Buff::N/A::Self only armor class, hit point and magic resistance buff::admin
955397609::Malise::24::Alteration::60::3.0::Debuff::Magic::Lowers your targets resistances to fire, cold, magic and poison by 20 points::admin
955397655::Shock of Spikes::24::Conjuration::110::3.5::DD::Magic::Does up to 176 points of direct damage::admin
955397780::Flame Flux::24::Evocation::123::3.5::PBAE::Fire::Area effect spell which centers around the caster and does 91 points of damage::admin
955397898::Staff of Runes::24::Conjuration::60::6.0::Summon::N/A::Summons a dmg 9 delay 36 2hblunt staff::admin
955665342::Greater Summoning: Earth::29::Conjuration::200::10.0::Pet::N/A::Summons a Pet. Reqs Malachite::admin
955665359::Greater Summoning: Air::29::Conjuration::200::10.0::Pet::N/A::Summons a Pet. Reqs Malachite::admin
955665365::Greater Summoning: Fire::29::Conjuration::200::10.0::Pet::N/A::Summons a Pet. Reqs Malachite::admin
955665371::Greater Summoning: Water::29::Conjuration::200::10.0::Pet::N/A::Summons a Pet. Reqs Malachite::admin
955665447::Sword of Runes::29::Conjuration::75::6.0::Summon::N/A::Summons a 1hslashing weapon that procs Ward Summoned::admin
955665572::Phantom Chain::29::Abjuration::100::5.0::Buff + Regen::N/A::Armor class buff which also causes you to regenerate::admin
955665630::Summon Coldstone::29::Conjuration::40::6.0::Summon::N/A::Summons a no rent stone which grants ultravision.::admin
955665715::Burnout II::29::Alteration::75::6.0::Buff::N/A::Adds hit points, strength and haste to your pet::admin
955665766::Dismiss Summoned::29::Evocation::90::3.3::DD::Magic::Does up to 162 damage vs. summoned beings::admin
955665825::Rain of Spikes::29::Evocation::162::4.5::Rain::Magic::Rain spell which rains 3 rounds of 91 damage::admin
955665900::Inferno Shield::29::Abjuration::80::3.5::Thorn + Buff::Fire::Adds 20 fire resistance and acts as a 13 point damage shield::admin
955665985::Minor Conjuration: Air::34::Conjuration::200::10.0::Pet::N/A::Summons a Pet. Reqs Malachite::admin
955666055::Minor Conjuration: Earth::34::Conjuration::200::10.0::Pet::N/A::Summons a Pet. Reqs Malachite::admin
955666064::Minor Conjuration: Fire::34::Conjuration::200::10.0::Pet::N/A::Summons a Pet. Reqs Malachite::admin
955666069::Minor Conjuration: Water::34::Conjuration::200::10.0::Pet::N/A::Summons a Pet. Reqs Malachite::admin
955666123::Nullify Magic::34::Abjuration::50::4.5::Special::N/A::Cancels magical affects on a player or monster.::admin
955666152::Greater Shielding::34::Abjuration::120::6.0::Buff::N/A::Self only armor class, hit point and magic resistance buff::admin
955666276::Cinder Bolt::34::Evocation::175::5.0::Bolt::Fire::Does up to 331 points of direct damage::admin
955666467::Blaze::34::Evocation::155::4.6::DD::Fire::Does up to 292 points of direct damage::admin
955666569::Staff of Symbols::34::Conjuration::80::6.0::Summon::N/A::Summons a dmg 10 delay 34 magical 2hblunt staff::admin
955666647::Dimension Hole::34::Conjuration::60::6.0::Summon::N/A::Summons a 6 slot container which causes all items placed in it to be weightless::admin
955666739::Lesser Conjuration: Air::39::Conjuration::200::10.0::Pet::N/A::Summons a Pet. Reqs Malachite::admin
955666744::Lesser Conjuration: Earth::39::Conjuration::200::10.0::Pet::N/A::Summons a Pet. Reqs Malachite::admin
955666749::Lesser Conjuration: Fire::39::Conjuration::200::10.0::Pet::N/A::Summons a Pet. Reqs Malachite::admin
955666753::Lesser Conjuration: Water::39::Conjuration::200::10.0::Pet::N/A::Summons a Pet. Reqs Malachite::admin
955666905::Dagger of Symbols::39::Conjuration::100::6.0::Summon::N/A::Summons a dmg 5 delay 20 +5 vs. poison/disease/magic dagger::admin
955666982::Ring of Flight::39::Conjuration::100::6.0::Summon::N/A::Summons a no rent ring that has 2 charges of levitation::admin
955667055::Rain of Lava::39::Evocation::250::4.5::Rain::Fire::Rain spell which rains 3 rounds of 172 damage::admin
955667117::Flame Arc::39::Evocation::199::5.3::PBAE::Fire::Area affect spells which centers around the caster and does up to 181 damage::admin
955667200::Expel Summoned::39::Evocation::130::4.3::DD::Magic::Does up to 273 points of direct damage to summoned beings::admin
955667254::Barrier of Combusion::39::Abjuration::100::4.5::Buff + Thorn::Fire::Adds 20 fire resistance and acts as an 18 point damage shield::admin
955667363::Conjuration: Air::44::Conjuration::200::10.0::Pet::N/A::Summons a Pet. Reqs Malachite::admin
955667368::Conjuration: Earth::44::Conjuration::200::10.0::Pet::N/A::Summons a Pet. Reqs Malachite::admin
955667373::Conjuration: Fire::44::Conjuration::200::10.0::Pet::N/A::Summons a Pet. Reqs Malachite::admin
955667376::Conjuration: Water::44::Conjuration::200::10.0::Pet::N/A::Summons a Pet. Reqs Malachite::admin
955667415::Arch Shielding::44::Abjuration::200::12.0::Buff::N/A::Self only armor class, hit point and magic resistance buff::admin
955667460::Phantom Plate::44::Abjuration::200::6.0::Buff + Regen::N/A::Self only armor class buff which also causes you to regenerate::admin
955667489::Elemental Armor::44::Abjuration::100::6.0::Buff::N/A::Adds 30 fire and cold resistance. Self only::admin
955667553::Malisement::44::Alteration::100::4.0::Debuff::Magic::Reduces magic, poison, fire and cold resistances::admin
955667599::Shock of Swords::44::Conjuration::250::7.0::DD::Magic::Does up to 580 points of direct damage::admin
955667748::Modulating Rod::44::Conjuration::200::4.0::Summon::N/A::Summons a dmg 8 delay 26 1hblunt rod which has one charge of mana conversion(trade hp to mana)::admin
955667802::Greater Conjuration: Air::49::Conjuration::200::10.0::Pet::N/A::Summons a Pet. Reqs Malachite::admin
955667807::Greater Conjuration: Earth::49::Conjuration::200::10.0::Pet::N/A::Summons a Pet. Reqs Malachite::admin
955667812::Greater Conjuration: Fire::49::Conjuration::200::10.0::Pet::N/A::Summons a Pet. Reqs Malachite::admin
955667821::Greater Conjuration: Water::49::Conjuration::200::10.0::Pet::N/A::Summons a Pet. Reqs Malachite::admin
955667869::Lava Bolt::49::Evocation::300::7.0::Bolt::Fire::Does up to 810 points of direct damage::admin
955667903::Burnout III::49::Alteration::150::6.0::Buff::N/A::Pet only armor class, strength and haste buff::admin
955667947::Banish Summoned::49::Evocation::225::5.5::DD::Magic::Does up to 585 points of direct damage to summoned beings::admin
955668011::Rain of Swords::49::Evocation::375::7.5::Rain::Magic::Rain spell which does 3 rounds of 324 damage::admin
955668059::Shield of Lava::49::Abjuration::120::4.5::Buff + Thorn::Fire::Adds 25 fire resistance and acts as a 25 point damage shield::admin
