952722535::Ice Heaume of Frore <a href="http://gameznet.com/ac/equipment/iceheumeoffrore.htm">[More]</a>::Helmet::160::Head::2100::1100::Above Average::Average::Average::Unparalleled::Unparalleled::Below Average::None::None::N/A::N/A::None::::admin
952725644::Green Mire Yoroi Cuirass <a href="http://gameznet.com/ac/equipment/greenmireyoroicuirass.htm">[More]</a>::Cuirass::108::Chest, Abdomen::2100::1830::Above Average::Average::Average::No::No::Average::No::Acid Bane III::320::100::130 Melee Defense, 45 Arcane Lore::::admin
952725777::Amoredillo Hide Bracers <a href="http://gameznet.com/ac/equipment/amorhidebracers.html">[More]</a>::Bracer::50::Lower Arms::150::420::Above Average::Below Average::Above Average::Unparalleled::Average::Average::Average::None::::::::Made by Leather Crafter from Small(Brown) Amoredillo Hide::admin
952725822::Amoredillo Hide Breasplate <a href="http://gameznet.com/ac/equipment/amorhidebp.html">[More]</a>::Breastplate::60::Chest::300::420::Above Average::Below Average::Above Average::Unparalleled::Average::Average::Average::None::::::::Made by Leather Crafter from Spikey Amoredillo Hide::admin
952725962::Mattekar Hide Coat <a href="http://gameznet.com/ac/equipment/mattekarhidecoat.html">[More]</a>::Coat::120::Chest, Abdomen, Upper/Lower Arms::800::810::Above Average::Average::Average::Below Average::Unparalleled::Average::Unparalleled::None::::::::Made by Leather Crafter from Great Mattekar Hide::admin
952726129::Mattekar Hide Sleeves <a href="http://gameznet.com/ac/equipment/mattekarhidesleeves.html">[More]</a>::Sleeves::80::Upper/Lower Arms::800::810::Above Average::Average::Average::Below Average::Unparalleled::Average::Unparalleled::None::::::::Made by Leather Crafter from Small(White) Mattekar Hide::admin
952726294::Gromnie Hide Cuirass <a href="http://gameznet.com/ac/equipment/gromniehidecuirass.html">[More]</a>::Cuirass::60::Chest, Abdomen::500::540::Average::Average::Average::Average::Average::Average::Average::None::::::::Made by Leather Crafter from Ivory Gromnie hide::admin
952726369::Gromnie Hide Pauldrons <a href="http://gameznet.com/ac/equipment/gromniehidepauldrons.html">[More]</a>::Pauldron::50::Upper Arms::150::420::Average::Average::Average::Average::Average::Average::Average::None::::::::Made by Leather Crafter from Thin(Azure) Gromnie hide::admin
952726489::Olthoi Helm <a href="http://gameznet.com/ac/equipment/olthoihelm.htm">[More]</a>::Helmet::230::Head::2202::600::Average::Average::Below Average::Average::Below Average::Average::Average::None::::::::Made by Olthoi Hunter from Olthoi Head::admin
952726625::Superior Helm <a href="http://gameznet.com/ac/equipment/superiorhelm.html">[More]</a>::Helmet::100::Head::4500::600::::::::::::::::Impenetrability III, Flame Bane III, Invulnerability Other III::432::20::153 Melee Defense, 57 Arcane Lore::Dungeon Drop::admin
952726727::Reedshark Hide Leggings <a href="http://gameznet.com/ac/equipment/reedsharkhidelegs.html">[More]</a>::Leggings::60::Upper/Lower Legs::300::960::Average::Average::Average::Below Average::Average::Below Average::Average::None::::::::Made by Leather Crafter from Adult Reedshark Hide::admin
952726934::Fiery Shield <a href="http://gameznet.com/ac/equipment/fieryshield.html">[More]</a>::Shield::20::Shield::7500::650::Above Average::Average::Above Average::Average::::::Below Average::Impenetrability III, Flame Bane IV, Fire Protection Other II::576::15::71 Arcane Lore, 182 Missile Defense::Dungeon Drop::admin
952727342::Faran Creature Apprentice Robe <a href="http://gameznet.com/ac/equipment/farancreatureapprenticerobe.htm">[More]</a>::Robe::0::Chest, Abdomen, Upper/Lower Arms, Upper/Lower Legs, Feet::1120::200::::::::::::::::War Magic Ineptitude Other I, Item Enchantment Ineptitude Other I, Willpower Other I, Life Magic Ineptitude Other I, Creature Enchantment Mastery Other I::455::2::Aluvian Only, 70 Creature Magic, 20 Arcane Lore::::admin
952727416::Faran Item Apprentice Robe <a href="http://gameznet.com/ac/equipment/faranitemapprenticerobe.htm">[More]</a>::Robe::0::Chest, Abdomen, Upper/Lower Arms, Upper/Lower Legs, Feet::1120::200::::::::::::::::War Magic Ineptitude Other I, Item Enchantment Mastery Other I, Willpower Other I, Life Magic Ineptitude Other I, Creature Enchantment Ineptitude Other I::455::2::Aluvian Only, 70 Item Magic, 20 Arcane Lore::::admin
952727468::Suikan Item Apprentice Robe <a href="http://gameznet.com/ac/equipment/suikanitemapprenticerobe.htm">[More]</a>::Robe::0::Chest, Abdomen, Upper/Lower Arms, Upper/Lower Legs, Feet::1120::200::::::::::::::::War Magic Ineptitude Other I, Item Enchantment Mastery Other I, Willpower Other I, Life Magic Ineptitude Other I, Creature Enchantment Ineptitude Other I::455::2::Sho Only, 70 Item Magic, 20 Arcane Lore::::admin
952727502::Suikan Creature Apprentice Robe <a href="http://gameznet.com/ac/equipment/suikancreatureapprenticerobe.htm">[More]</a>::Robe::0::Chest, Abdomen, Upper/Lower Arms, Upper/Lower Legs, Feet::1120::200::::::::::::::::War Magic Ineptitude Other I, Item Enchantment Ineptitude Other I, Willpower Other I, Life Magic Ineptitude Other I, Creature Enchantment Mastery Other I::455::2::Sho Only, 70 Creature Magic, 20 Arcane Lore::::admin
952727557::Suikan Life Apprentice Robe <a href="http://gameznet.com/ac/equipment/suikanlifeapprenticerobe.htm">[More]</a>::Robe::0::Chest, Abdomen, Upper/Lower Arms, Upper/Lower Legs, Feet::1120::200::::::::::::::::War Magic Ineptitude Other I, Item Enchantment Ineptitude Other I, Willpower Other I, Life Magic Mastery Other I, Creature Enchantment Ineptitude Other I::455::2::Sho Only, 70 Life Magic, 20 Arcane Lore::::admin
952727575::Faran Life Apprentice Robe <a href="http://gameznet.com/ac/equipment/faranlifeapprenticerobe.htm">[More]</a>::Robe::0::Chest, Abdomen, Upper/Lower Arms, Upper/Lower Legs, Feet::1120::200::::::::::::::::War Magic Ineptitude Other I, Item Enchantment Ineptitude Other I, Willpower Other I, Life Magic Mastery Other I, Creature Enchantment Ineptitude Other I::455::2::Aluvian Only, 70 Life Magic, 20 Arcane Lore::::admin
952727613::Faran War Apprentice Robe <a href="http://gameznet.com/ac/equipment/faranwarapprenticerobe.htm">[More]</a>::Robe::0::Chest, Abdomen, Upper/Lower Arms, Upper/Lower Legs, Feet::1120::200::::::::::::::::War Magic Mastery Other I, Item Enchantment Ineptitude Other I, Willpower Other I, Life Magic Ineptitude Other I, Creature Enchantment Ineptitude Other I::455::2::Aluvian Only, 70 War Magic, 20 Arcane Lore::::admin
952727623::Suikan War Apprentice Robe <a href="http://gameznet.com/ac/equipment/suikanwarapprenticerobe.htm">[More]</a>::Robe::0::Chest, Abdomen, Upper/Lower Arms, Upper/Lower Legs, Feet::1120::200::::::::::::::::War Magic Mastery Other I, Item Enchantment Ineptitude Other I, Willpower Other I, Life Magic Ineptitude Other I, Creature Enchantment Ineptitude Other I::455::2::Sho Only, 70 War Magic, 20 Arcane Lore::::admin
952728942::Branith's Shirt::Shirt::75::Chest, Abdomen, Upper Arms::600::700::Above Average::Above Average::Above Average::Poor::Poor::Poor::Poor::None::::::::Dungeon Drop(Mite Maze)::admin
952729108::Gelidite Robe::Robe::0::Chest, Abdomen, Upper/Lower Arms, Upper/Lower Legs, Feet::1350::675::::::::::::::::Flame Bane III, Frost Lure II::360::10::50 Arcane Lore::::admin
952729217::Superior Shield::Shield::20::Shield::240::690::Above Average::Above Average::Above Average::Below Average::Below Average::Below Average::Below Average::::::::::Dungeon Drop::admin
952729424::Trothyr's Shield::Shield::35::Shield::1000::800::Average::Average::Average::Below Average::Below Average::Poor::Below Average::::::::::Dungeon Drop(Trothyr's Rest)::admin
952730620::Hoary Mattekar Robe::Robe::40::Chest, Abdomen, Upper/Lower Arms, Upper/Lower Legs, Feet::4000::1300::Above Average::Average::Average::Below Average::Unparalleled::Average::Unparalleled::::::::::Made by Neydissa Castle Leather Crafter from Hoary Mattekar Hide::admin
952730711::Amoredillo Hide Coat::Coat::70::Chest, Abdomen, Upper/Lower Arms::1000::810::Above Average::Below Average::Above Average::Unparalleled::Average::Average::Average::None::::::::Made by Leather Crafter for a Large(Sandy) Amoredillo Hide::admin
952730866::Gromnie Hide Shirt::Shirt::90::Chest, Abdomen, Upper Arms::800::810::Average::Average::Average::Average::Average::Average::Average::None::::::::Made by Leather Crafter from an Ash Gromnie Hide::admin
952730970::Reedshark Hide Greaves::Greaves::30::Lower Legs::100::420::Average::Average::Average::Below Average::Average::Below Average::Average::None::::::::Made by Leather Crafter from a Reedshark Pup Hide::admin
952731117::Olthoi Cuirass::Cuirass::280::Chest, Abdomen::6000::2400::Average::Average::Below Average::Below Average::Below Average::Below Average::Average::None::::::::Made by Olthoi Hunter for an Olthoi Queen Carapace::admin
952731338::Obsidian Crown::Helmet::30::Head::7000::800::Above Average::Average::Average::None::None::Below Average::None::Impenetrability VI, Arcane Enlightenment Other IV::720::5::250 Arcane Lore::Made by turning in an Obsidian Sphere to the Holtburg Obsidian Enchantress::admin
952735457::Tower Shield::Shield::60::::300::2040::Average::Average::Abover Average::Below Average::Below Average::Average::Below Average::::::::::Store Bought::admin
952735584::Large Kite Shield::Shield::40::::210::1380::Average::Average::Above Average::Below Average::Below Average::Average::Below Average::::::::::Store Bought::admin
952735834::Platemail Vambraces::Bracers::100::Lower Arms::980::810::Above Average::Average::Average::No Protection::No Protection::Below Average::No Protection::::::::::Store Bought::admin
952736203::Platemail Leggings::Leggings::100::upper/lower legs::1960::3300::Abover Average::Average::Average::No Protection::No Protection::Below Average::No Protection::::::::::Store Bought::admin
952736358::Platemail Greaves::Greaves::100::Lower Legs::980::1380::Above Average::Average::Average::No Protection::No Protection::Below Average::No Protection::::::::::Store Bought::admin
952736546::Platemail Girth::Girth::100::Abdomen::1470::1650::Above Average::Average::Average::No Protection::No Protection::Below Average::No Protection::::::::::Store Bought::admin
952736800::Platemail Gauntlets::Gloves::100::Hands::980::1380::Above Average::Average::Average::No Protection::No Protection::Below Average::No Protection::::::::::Store Bought::admin
952771719::Platemail Breastplate::Breastplate::100::chest::2450::3300::Above Average::Average::Average::No Protection::No Protection::Below Average::No Protection::::::::::Store Bought::admin
952771859::Horned Helm::Helm::100::Head::1230::1000::Above Average::Average::Average::No Protection::No Protection::Below Average::No Protection::::::::::Store Bought::admin
952771952::Helmet::Helm::100::Head::980::800::Above Average::Average::Average::No Protection::No Protection::Below Average::No Protection::::::::::Store Bought::admin
952772018::Heaume::Helm::150::Head::1780::900::Above Average::Average::Average::No Protection::No Protection::Below Average::No Protection::::::::::Store Bought::admin
952772120::Chainmail Coif::Helm::60::Head::310::210::Above Average::Average::Average::Poor Protection::Poor Protection::Poor Protection::No Protection::::::::::Store Bought::admin
952772295::Chainmail Pauldrons::Pauldrons::50::Upper Arms::310::600::Above Average::Average::Average::Poor Protection::Poor Protection::Poor Protection::No Protection::::::::::Store Bought::admin
953011676::Round Shield::Shield::20::::120::690::Average::Average::Abover Average::Below Average::Below Average::Average::Below Average::::::::::Store Bought::admin
953011871::Studded Leather Pauldrons::Pauldrons::30::Upper Arms::110::350::Above Average::Average::Average::Poor Protection::Poor Protection::Poor Protection::Poor Protection::::::::::Store Bought::admin
953012316::Studded Leather Leggings::Leggings::30::Upper/Lower legs::210::900::Above Average::Average::Average::Poor Protection::Poor Protection::Poor Protection::Poor Protection::::::::::Store Bought::admin
953012469::Studded Leather Greaves::Greaves::30::Lower Legs::110::450::Above Average::Average::Average::Poor Protection::Poor Protection::Poor Protection::Poor Protection::::::::::Store Bought::admin
953012708::Studded Leather Girth::Girth::30::Abdomen::160::350::Above Average::Average::Average::Poor Protection::Poor Protection::Poor Protection::Poor Protection::::::::::Store Bought::admin
953012886::Studded Leather Gauntlets::Gloves::30::Hands::110::450::Above Average::Average::Average::Poor Protection::Poor Protection::Poor Protection::Poor Protection::::::::::Store Bought::admin
953013484::Studded Leather Bracers::Bracers::30::Lower Arms::110::330::Above Average::Average::Average::Poor Protection::Poor Protection::Poor Protection::Poor Protection::::::::::Store Bought::admin
953013888::Studded Leather Boots::Shoes::30::Legs, Feet::210::690::Above Average::Average::Average::Poor Protection::Poor Protection::Poor Protection::Poor Protection::::::::::Store Bought::admin
953030567::Metal Cap::Helm::30::Head::110::180::Above Average::Average::Average::No Protection::No Protection::Below Average::No Protection::::::::::Store Bought::admin
953030672::Chainmail Coif::Helm::60::Head::310::210::Above Average::Average::Average::Poor Protection::Poor Protection::Poor Protection::No Protection::::::::::Store Bought::admin
953030756::Chainmail Pauldrons::Pauldrons::50::Upper Arms::310::600::Above Average::Average::Average::Poor Protection::Poor Protection::Poor Protection::No Protection::::::::::Store Bought::admin
953030858::Chainmail Leggings::Leggings::61::Upper/Lower legs::610::2275::Above Average::Average::Average::Poor Protection::Poor Protection::Poor Protection::No Protection::::::::::Store Bought::admin
953030944::Chainmail Greaves::Greaves::50::Lower legs::560::420::Above Average::Average::Average::Poor Protection::Poor Protection::Poor Protection::No Protection::::::::::Store Bought::admin
953463854::Bandit Shield::Shield::60::::320::600::Average::Average::Average::Below Average::Below Average::Poor Protection::Below Average::Fire Protection Other II::100::::105 Melee Defense, 10 Arcane Law::::admin
