953189370::Skin Like Wood::9::Abjuration::10::3.0::Buff::N/A::Adds 20 hit points and 3 armor class::admin
953189409::Glimpse::9::Divination::5::1.5::Sight::N/A::Zooms your sight in to the distance.::admin
953189504::Minor Heal::9::Alteration::10::1.0::Heal::N/A::Heals selected player for 10 hit points.::admin
953189580::Endure Fire::9::Abjuration::20::2.5::Buff::N/A::Adds 20 points to fire resistance.::admin
953189681::Flame Lick::9::Evocation::10::1.5::Debuff + DOT::Fire::4 point AC debuff. Minor DoT::admin
953189802::Lull Animal::9::Alteration::10::1.5::Calm::Magic::Animal only calm spell.::admin
953189943::Snare::9::Alteration::15::2.0::Snare::Magic::Slows movement rate.::admin
953190064::Burst of Fire::15::Evocation::15::1.75::DD::Fire::15 point DD spell.::admin
953190303::Cure Poison::15::Alteration::20::2.0::Cure::N/A::Cures Poison::admin
953190498::Camoflage::15::Alteration::15::5.0::Invis::N/A::Outdoor only invisibility spell.::admin
953190622::Grasping Roots::15::Alteration::35::2.0::Root + DD::N/A::Root spell that also does 10 points DD::admin
953190802::Invoke Lightning::15::Evocation::32::2.5::AOE::Magic::25 point Area of Effect spell.::admin
953190923::Feet Like Cat::15::Alteration::40::5.0::Buff::N/A::15 point agility buff::admin
953191093::Thistlecoat::15::Abjuration::25::2.0::Buff + Thorn::N/A::6 AC Buff and 1 point damage shield. Self only::admin
953191388::Light Healing::22::Alteration::25::2.0::Heal::N/A::Heals 35 HP::admin
953191526::Enduring Breath::22::Alteration::35::4.0::Special::N/A::Water breathing. Reqs fish scales::admin
953191578::Ignite::22::Evocation::30::3.0::DD::Fire::35 point DD spell::admin
953191622::Ward Summoned::22::Evocation::30::3.0::DD::Magic::41 point Summoned Only(elements/pets) DD Spell::admin
953191686::Harmony::22::Alteration::25::3.0::Calm::Magic::Outdoor only calm spell::admin
953191737::Skin Like Rock::22::Abjuration::60::5.0::Buff::N/A::90 HP and 8 AC Buff::admin
953191815::Bind Sight::22::Alteration::15::4.0::Sight::N/A::Binds sight to your target::admin
953191930::Cancel Magic::30::Abjuration::30::3.5::Debuff::N/A::Cancels magical affects. Party/monster only::admin
953192021::Invigor::30::Alteration::20::3.5::Special::N/A::Restores your targets stamina::admin
953192085::Shield of Thistles::30::Abjuration::40::2.5::Thorn::N/A::6 point damage shield::admin
953192141::Stinging Swarm::30::Conjuration::65::2.5::DOT::Magic::110 point DOT::admin
953192185::Strength of Earth::30::Alteration::40::5.0::Buff::N/A::15 point strength buff::admin
953192244::Barbcoat::30::Abjuration::50::2.0::Buff + Thorn::N/A::13 AC Buff. 2 point damage shield. Self only::admin
953192282::Eyes of the Cat::30::Divination::35::3.0::Sight::N/A::Infravision::admin
953192365::Healing::39::Alteration::60::3.0::Heal::N/A::Heals 90 HP.::admin
953192414::Dismiss Summoned::39::Evocation::90::3.3::DD::Magic::162 pt Summoned Only DD.::admin
953192458::Levitate::39::Alteration::30::3.0::Special::N/A::Causes target to Levitate::admin
953192518::Spirit of the Wolf::39::Alteration::40::4.5::Special::N/A::Increases running speed::admin
953192593::Careless Lightning::39::Evocation::70::2.75::DD::Magic::99 point DD::admin
953192647::Skin Like Steel::39::Abjuration::100::6.0::Buff::N/A::100 HP and 11 AC buff::admin
953192721::Calm Animal::39::Alteration::45::2.5::Calm::N/A::Animal only calm spell::admin
953192789::Superior Camoflage::49::Divination::40::5.0::Invis::N/A::Indoor/Outdoor Invisibility::admin
953192831::Resist Fire::49::Abjuration::50::4.5::Buff::N/A::Adds 40 to your targets fire resistance::admin
953192906::Ensnaring Roots::49::Alteration::60::2.5::Root + DD::N/A::Roots your target + does 60 pts DD::admin
953193024::Immolate::49::Evocation::120::3.5::Debuff + DOT::Fire::Armor class debuff + 18 point per tick DOT::admin
953193072::Shield of Brambles::49::Abjuration::80::2.5::Thorn::N/A::12 point damage shield::admin
953193144::Wolf Form::49::Alteration::60::4.0::Special::N/A::Turns you in to a wolf. Increases run speed ATK rating::admin
953193198::Bramblecoat::49::Abjuration::75::2.0::Buff + Thorn::N/A::18 AC buff and 3 point damage shield. Self only::admin
953193238::Call of Flame::49::Evocation::125::2.0::DD::Fire::206 point DD spell. Obtained via quest.::admin
953236379::Dance of the Fireflies::15::Conjuration::10::3.0::Special::N/A::Summons a NO DROP NO RENT lightsource::admin
