2002.06.07 08:51 B C:\Documents and Settings\wcsadm\Desktop\photos\2000 Texas Gathering\_vti_cnf\Group Pic1.JPG <-- rr /home/gamecore/photos/2000 Texas Gathering/_vti_cnf Group Pic1.JPG
2002.06.07 08:51 B C:\Documents and Settings\wcsadm\Desktop\photos\2000 Texas Gathering\_vti_cnf\loatexas_bill_racing.jpg <-- rr /home/gamecore/photos/2000 Texas Gathering/_vti_cnf loatexas_bill_racing.jpg
2002.06.07 08:51 B C:\Documents and Settings\wcsadm\Desktop\photos\2000 Texas Gathering\_vti_cnf\loatexas_Binky_gets_car_stuck.jpg <-- rr /home/gamecore/photos/2000 Texas Gathering/_vti_cnf loatexas_Binky_gets_car_stuck.jpg
2002.06.07 08:51 B C:\Documents and Settings\wcsadm\Desktop\photos\2000 Texas Gathering\_vti_cnf\loatexas_binkycar.jpg <-- rr /home/gamecore/photos/2000 Texas Gathering/_vti_cnf loatexas_binkycar.jpg
2002.06.07 08:51 B C:\Documents and Settings\wcsadm\Desktop\photos\2000 Texas Gathering\_vti_cnf\loatexas_binkyracing.jpg <-- rr /home/gamecore/photos/2000 Texas Gathering/_vti_cnf loatexas_binkyracing.jpg
2002.06.07 08:51 B C:\Documents and Settings\wcsadm\Desktop\photos\2000 Texas Gathering\_vti_cnf\loatexas_dueling_cameras.jpg <-- rr /home/gamecore/photos/2000 Texas Gathering/_vti_cnf loatexas_dueling_cameras.jpg
2002.06.07 08:51 B C:\Documents and Settings\wcsadm\Desktop\photos\2000 Texas Gathering\_vti_cnf\loatexas_gm_archers.jpg <-- rr /home/gamecore/photos/2000 Texas Gathering/_vti_cnf loatexas_gm_archers.jpg
2002.06.07 08:51 B C:\Documents and Settings\wcsadm\Desktop\photos\2000 Texas Gathering\_vti_cnf\loatexas_Groupshot_RenFair.jpg <-- rr /home/gamecore/photos/2000 Texas Gathering/_vti_cnf loatexas_Groupshot_RenFair.jpg
2002.06.07 08:51 B C:\Documents and Settings\wcsadm\Desktop\photos\2000 Texas Gathering\_vti_cnf\loatexas_Jeanne_Racing_yowza.jpg <-- rr /home/gamecore/photos/2000 Texas Gathering/_vti_cnf loatexas_Jeanne_Racing_yowza.jpg
2002.06.07 08:51 B C:\Documents and Settings\wcsadm\Desktop\photos\2000 Texas Gathering\_vti_cnf\loatexas_Just_before_release.jpg <-- rr /home/gamecore/photos/2000 Texas Gathering/_vti_cnf loatexas_Just_before_release.jpg
2002.06.07 08:51 B C:\Documents and Settings\wcsadm\Desktop\photos\2000 Texas Gathering\_vti_cnf\loatexas_Just_happy_to_be_alive.jpg <-- rr /home/gamecore/photos/2000 Texas Gathering/_vti_cnf loatexas_Just_happy_to_be_alive.jpg
2002.06.07 08:51 B C:\Documents and Settings\wcsadm\Desktop\photos\2000 Texas Gathering\_vti_cnf\loatexas_ken_racing.jpg <-- rr /home/gamecore/photos/2000 Texas Gathering/_vti_cnf loatexas_ken_racing.jpg
2002.06.07 08:51 B C:\Documents and Settings\wcsadm\Desktop\photos\2000 Texas Gathering\_vti_cnf\loatexas_loaded.jpg <-- rr /home/gamecore/photos/2000 Texas Gathering/_vti_cnf loatexas_loaded.jpg
2002.06.07 08:51 B C:\Documents and Settings\wcsadm\Desktop\photos\2000 Texas Gathering\_vti_cnf\loatexas_NotQuiteGMAxeThrowers.jpg <-- rr /home/gamecore/photos/2000 Texas Gathering/_vti_cnf loatexas_NotQuiteGMAxeThrowers.jpg
2002.06.07 08:51 B C:\Documents and Settings\wcsadm\Desktop\photos\2000 Texas Gathering\_vti_cnf\loatexas_Sure_he_is_brave_now.jpg <-- rr /home/gamecore/photos/2000 Texas Gathering/_vti_cnf loatexas_Sure_he_is_brave_now.jpg
2002.06.07 08:51 B C:\Documents and Settings\wcsadm\Desktop\photos\2000 Texas Gathering\_vti_cnf\loatexas_tass_taking_pic.jpg <-- rr /home/gamecore/photos/2000 Texas Gathering/_vti_cnf loatexas_tass_taking_pic.jpg
2002.06.07 08:56 B C:\Documents and Settings\wcsadm\Desktop\photos\2000 Texas Gathering\_vti_cnf\Group Pic1.JPG --> www.oceancomputer.com /usr/home/brimstone/photos/2000 Texas Gathering/_vti_cnf Group Pic1.JPG
2002.06.07 08:56 B C:\Documents and Settings\wcsadm\Desktop\photos\2000 Texas Gathering\_vti_cnf\loatexas_bill_racing.jpg --> www.oceancomputer.com /usr/home/brimstone/photos/2000 Texas Gathering/_vti_cnf loatexas_bill_racing.jpg
2002.06.07 08:56 B C:\Documents and Settings\wcsadm\Desktop\photos\2000 Texas Gathering\_vti_cnf\loatexas_Binky_gets_car_stuck.jpg --> www.oceancomputer.com /usr/home/brimstone/photos/2000 Texas Gathering/_vti_cnf loatexas_Binky_gets_car_stuck.jpg
2002.06.07 08:56 B C:\Documents and Settings\wcsadm\Desktop\photos\2000 Texas Gathering\_vti_cnf\loatexas_binkycar.jpg --> www.oceancomputer.com /usr/home/brimstone/photos/2000 Texas Gathering/_vti_cnf loatexas_binkycar.jpg
2002.06.07 08:56 B C:\Documents and Settings\wcsadm\Desktop\photos\2000 Texas Gathering\_vti_cnf\loatexas_binkyracing.jpg --> www.oceancomputer.com /usr/home/brimstone/photos/2000 Texas Gathering/_vti_cnf loatexas_binkyracing.jpg
2002.06.07 08:56 B C:\Documents and Settings\wcsadm\Desktop\photos\2000 Texas Gathering\_vti_cnf\loatexas_dueling_cameras.jpg --> www.oceancomputer.com /usr/home/brimstone/photos/2000 Texas Gathering/_vti_cnf loatexas_dueling_cameras.jpg
2002.06.07 08:56 B C:\Documents and Settings\wcsadm\Desktop\photos\2000 Texas Gathering\_vti_cnf\loatexas_gm_archers.jpg --> www.oceancomputer.com /usr/home/brimstone/photos/2000 Texas Gathering/_vti_cnf loatexas_gm_archers.jpg
2002.06.07 08:56 B C:\Documents and Settings\wcsadm\Desktop\photos\2000 Texas Gathering\_vti_cnf\loatexas_Groupshot_RenFair.jpg --> www.oceancomputer.com /usr/home/brimstone/photos/2000 Texas Gathering/_vti_cnf loatexas_Groupshot_RenFair.jpg
2002.06.07 08:56 B C:\Documents and Settings\wcsadm\Desktop\photos\2000 Texas Gathering\_vti_cnf\loatexas_Jeanne_Racing_yowza.jpg --> www.oceancomputer.com /usr/home/brimstone/photos/2000 Texas Gathering/_vti_cnf loatexas_Jeanne_Racing_yowza.jpg
2002.06.07 08:56 B C:\Documents and Settings\wcsadm\Desktop\photos\2000 Texas Gathering\_vti_cnf\loatexas_Just_before_release.jpg --> www.oceancomputer.com /usr/home/brimstone/photos/2000 Texas Gathering/_vti_cnf loatexas_Just_before_release.jpg
2002.06.07 08:56 B C:\Documents and Settings\wcsadm\Desktop\photos\2000 Texas Gathering\_vti_cnf\loatexas_Just_happy_to_be_alive.jpg --> www.oceancomputer.com /usr/home/brimstone/photos/2000 Texas Gathering/_vti_cnf loatexas_Just_happy_to_be_alive.jpg
2002.06.07 08:56 B C:\Documents and Settings\wcsadm\Desktop\photos\2000 Texas Gathering\_vti_cnf\loatexas_ken_racing.jpg --> www.oceancomputer.com /usr/home/brimstone/photos/2000 Texas Gathering/_vti_cnf loatexas_ken_racing.jpg
2002.06.07 08:56 B C:\Documents and Settings\wcsadm\Desktop\photos\2000 Texas Gathering\_vti_cnf\loatexas_loaded.jpg --> www.oceancomputer.com /usr/home/brimstone/photos/2000 Texas Gathering/_vti_cnf loatexas_loaded.jpg
2002.06.07 08:56 B C:\Documents and Settings\wcsadm\Desktop\photos\2000 Texas Gathering\_vti_cnf\loatexas_NotQuiteGMAxeThrowers.jpg --> www.oceancomputer.com /usr/home/brimstone/photos/2000 Texas Gathering/_vti_cnf loatexas_NotQuiteGMAxeThrowers.jpg
2002.06.07 08:56 B C:\Documents and Settings\wcsadm\Desktop\photos\2000 Texas Gathering\_vti_cnf\loatexas_Sure_he_is_brave_now.jpg --> www.oceancomputer.com /usr/home/brimstone/photos/2000 Texas Gathering/_vti_cnf loatexas_Sure_he_is_brave_now.jpg
2002.06.07 08:56 B C:\Documents and Settings\wcsadm\Desktop\photos\2000 Texas Gathering\_vti_cnf\loatexas_tass_taking_pic.jpg --> www.oceancomputer.com /usr/home/brimstone/photos/2000 Texas Gathering/_vti_cnf loatexas_tass_taking_pic.jpg
