1: startcast epic
1: 0.0 dps, 4000 hp, 4000 mana
2: 0.0 dps, 4000 hp, 4000 mana
3: 0.0 dps, 4000 hp, 4000 mana
4: 0.0 dps, 4000 hp, 4000 mana
5: 0.0 dps, 4000 hp, 4000 mana
6: 0.0 dps, 4000 hp, 4000 mana
7: 0.0 dps, 4000 hp, 4000 mana
8: 0.0 dps, 4000 hp, 4000 mana
9: 0.0 dps, 4000 hp, 4000 mana
10: finished casting epic
10: 0.0 dps, 4000 hp, 4000 mana
11: startcast BloodOfSaryrn
11: 0.0 dps, 4000 hp, 4000 mana
12: epic tick
12: 7.5 dps, 4000 hp, 4000 mana
13: 7.0 dps, 4000 hp, 4000 mana
14: 6.5 dps, 4000 hp, 4000 mana
15: 6.0 dps, 4000 hp, 4000 mana
16: finished casting BloodOfSaryrn
16: 5.7 dps, 4000 hp, 3545.25 mana
17: 5.3 dps, 4000 hp, 3545.25 mana
18: BloodOfSaryrn tick
18: epic tick
18: 28.1 dps, 4000 hp, 3554.25 mana
19: startcast nife
19: 26.6 dps, 4000 hp, 3554.25 mana
20: 25.3 dps, 4000 hp, 3554.25 mana
21: 24.1 dps, 4000 hp, 3554.25 mana
22: 23.0 dps, 4000 hp, 3554.25 mana
23: 22.0 dps, 4000 hp, 3554.25 mana
24: BloodOfSaryrn tick
24: epic tick
24: finished casting nife
24: 38.4 dps, 4000 hp, 3202 mana
25: 36.9 dps, 4000 hp, 3202 mana
26: 35.5 dps, 4000 hp, 3202 mana
27: startcast BreathOfUltor
27: 34.1 dps, 4000 hp, 3202 mana
28: 32.9 dps, 4000 hp, 3202 mana
29: 31.8 dps, 4000 hp, 3202 mana
30: BloodOfSaryrn tick
30: nife tick
30: epic tick
30: 52.3 dps, 4000 hp, 3211 mana
31: 50.6 dps, 4000 hp, 3211 mana
32: 49.0 dps, 4000 hp, 3211 mana
33: finished casting BreathOfUltor
33: 47.5 dps, 4000 hp, 2743.5 mana
34: 46.1 dps, 4000 hp, 2743.5 mana
35: 44.8 dps, 4000 hp, 2743.5 mana
36: BloodOfSaryrn tick
36: nife tick
36: BreathOfUltor tick
36: epic tick
36: startcast pox
36: 65.1 dps, 4000 hp, 2752.5 mana
37: 63.4 dps, 4000 hp, 2752.5 mana
38: 61.7 dps, 4000 hp, 2752.5 mana
39: 60.1 dps, 4000 hp, 2752.5 mana
40: 58.6 dps, 4000 hp, 2752.5 mana
41: finished casting pox
41: 57.2 dps, 4000 hp, 2382.75 mana
42: pox tick
42: BloodOfSaryrn tick
42: nife tick
42: BreathOfUltor tick
42: epic tick
42: 77.1 dps, 4000 hp, 2391.75 mana
43: 75.3 dps, 4000 hp, 2391.75 mana
44: cann5 tick
44: finished casting cann5
44: startcast cann5
44: 73.6 dps, 2076 hp, 3457.75 mana
45: startcast cann4
45: 71.9 dps, 2076 hp, 3457.75 mana
46: 70.4 dps, 2076 hp, 3457.75 mana
47: 68.9 dps, 2076 hp, 3457.75 mana
48: pox tick
48: BloodOfSaryrn tick
48: nife tick
48: BreathOfUltor tick
48: epic tick
48: cann4 tick
48: finished casting cann4
48: 86.0 dps, 1947 hp, 3548.75 mana
49: 84.3 dps, 1947 hp, 3548.75 mana
50: startcast torpor
50: 82.6 dps, 1947 hp, 3548.75 mana
51: 81.0 dps, 1947 hp, 3548.75 mana
52: 79.4 dps, 1947 hp, 3548.75 mana
53: 77.9 dps, 1947 hp, 3548.75 mana
54: pox tick
54: BloodOfSaryrn tick
54: nife tick
54: BreathOfUltor tick
54: epic tick
54: finished casting torpor
54: 93.0 dps, 1966 hp, 3387.75 mana
55: 91.3 dps, 1966 hp, 3387.75 mana
56: 89.7 dps, 1966 hp, 3387.75 mana
57: startcast cann4
57: 88.1 dps, 1966 hp, 3387.75 mana
58: 86.6 dps, 1966 hp, 3387.75 mana
59: 85.1 dps, 1966 hp, 3387.75 mana
60: torpor tick
60: pox tick
60: BloodOfSaryrn tick
60: nife tick
60: BreathOfUltor tick
60: epic tick
60: cann4 tick
60: finished casting cann4
60: 98.6 dps, 2137 hp, 3478.75 mana
61: 97.0 dps, 2137 hp, 3478.75 mana
62: startcast cann4
62: 95.4 dps, 2137 hp, 3478.75 mana
63: 93.9 dps, 2137 hp, 3478.75 mana
64: 92.4 dps, 2137 hp, 3478.75 mana
65: cann4 tick
65: finished casting cann4
65: 91.0 dps, 1989 hp, 3560.75 mana
66: torpor tick
66: pox tick
66: BloodOfSaryrn tick
66: nife tick
66: BreathOfUltor tick
66: epic tick
66: 103.1 dps, 2308 hp, 3569.75 mana
67: startcast BloodOfSaryrn
67: 101.6 dps, 2308 hp, 3569.75 mana
68: 100.1 dps, 2308 hp, 3569.75 mana
69: 98.7 dps, 2308 hp, 3569.75 mana
70: 97.3 dps, 2308 hp, 3569.75 mana
71: 95.9 dps, 2308 hp, 3569.75 mana
72: torpor tick
72: pox tick
72: nife tick
72: BreathOfUltor tick
72: epic tick
72: finished casting BloodOfSaryrn
72: 102.4 dps, 2627 hp, 3124 mana
73: 101.0 dps, 2627 hp, 3124 mana
74: 99.7 dps, 2627 hp, 3124 mana
75: startcast cann4
75: 98.3 dps, 2627 hp, 3124 mana
76: 97.0 dps, 2627 hp, 3124 mana
77: 95.8 dps, 2627 hp, 3124 mana
78: torpor tick
78: pox tick
78: BloodOfSaryrn tick
78: nife tick
78: BreathOfUltor tick
78: epic tick
78: cann4 tick
78: finished casting cann4
78: 106.0 dps, 2798 hp, 3215 mana
79: 104.7 dps, 2798 hp, 3215 mana
80: startcast nife
80: 103.3 dps, 2798 hp, 3215 mana
81: 102.1 dps, 2798 hp, 3215 mana
82: 100.8 dps, 2798 hp, 3215 mana
83: 99.6 dps, 2798 hp, 3215 mana
84: torpor tick
84: pox tick
84: BloodOfSaryrn tick
84: BreathOfUltor tick
84: epic tick
84: 106.3 dps, 3117 hp, 3224 mana
85: finished casting nife
85: 105.1 dps, 3117 hp, 2862.75 mana
86: 103.8 dps, 3117 hp, 2862.75 mana
87: 102.6 dps, 3117 hp, 2862.75 mana
88: startcast cann4
88: 101.5 dps, 3117 hp, 2862.75 mana
89: 100.3 dps, 3117 hp, 2862.75 mana
90: torpor tick
90: pox tick
90: BloodOfSaryrn tick
90: nife tick
90: BreathOfUltor tick
90: epic tick
90: 109.1 dps, 3436 hp, 2871.75 mana
91: cann4 tick
91: finished casting cann4
91: 107.9 dps, 3288 hp, 2953.75 mana
92: 106.8 dps, 3288 hp, 2953.75 mana
93: startcast epic
93: 105.6 dps, 3288 hp, 2953.75 mana
94: 104.5 dps, 3288 hp, 2953.75 mana
95: 103.4 dps, 3288 hp, 2953.75 mana
96: pox tick
96: BloodOfSaryrn tick
96: nife tick
96: BreathOfUltor tick
96: 110.7 dps, 3307 hp, 2962.75 mana
97: 109.5 dps, 3307 hp, 2962.75 mana
98: 108.4 dps, 3307 hp, 2962.75 mana
99: 107.3 dps, 3307 hp, 2962.75 mana
100: 106.2 dps, 3307 hp, 2962.75 mana
101: 105.2 dps, 3307 hp, 2962.75 mana
102: pox tick
102: BloodOfSaryrn tick
102: nife tick
102: BreathOfUltor tick
102: finished casting epic
102: 112.0 dps, 3326 hp, 2971.75 mana
103: startcast cann4
103: 110.9 dps, 3326 hp, 2971.75 mana
104: 109.9 dps, 3326 hp, 2971.75 mana
105: 108.8 dps, 3326 hp, 2971.75 mana
106: cann4 tick
106: finished casting cann4
106: 107.8 dps, 3178 hp, 3053.75 mana
107: 106.8 dps, 3178 hp, 3053.75 mana
108: pox tick
108: BloodOfSaryrn tick
108: nife tick
108: BreathOfUltor tick
108: epic tick
108: startcast cann4
108: 114.1 dps, 3197 hp, 3062.75 mana
109: 113.0 dps, 3197 hp, 3062.75 mana
110: 112.0 dps, 3197 hp, 3062.75 mana
111: cann4 tick
111: finished casting cann4
111: 111.0 dps, 3049 hp, 3144.75 mana
112: 110.0 dps, 3049 hp, 3144.75 mana
113: startcast cann4
113: 109.0 dps, 3049 hp, 3144.75 mana
114: pox tick
114: BloodOfSaryrn tick
114: nife tick
114: BreathOfUltor tick
114: epic tick
114: 115.9 dps, 3068 hp, 3153.75 mana
115: 114.9 dps, 3068 hp, 3153.75 mana
116: cann4 tick
116: finished casting cann4
116: 113.9 dps, 2920 hp, 3235.75 mana
117: 112.9 dps, 2920 hp, 3235.75 mana
118: startcast cann4
118: 112.0 dps, 2920 hp, 3235.75 mana
119: 111.0 dps, 2920 hp, 3235.75 mana
120: pox tick
120: BloodOfSaryrn tick
120: nife tick
120: BreathOfUltor tick
120: epic tick
120: 117.5 dps, 2939 hp, 3244.75 mana
121: cann4 tick
121: finished casting cann4
121: 116.6 dps, 2791 hp, 3326.75 mana
122: 115.6 dps, 2791 hp, 3326.75 mana
123: startcast cann4
123: 114.7 dps, 2791 hp, 3326.75 mana
124: 113.7 dps, 2791 hp, 3326.75 mana
125: 112.8 dps, 2791 hp, 3326.75 mana
126: pox tick
126: BloodOfSaryrn tick
126: nife tick
126: BreathOfUltor tick
126: epic tick
126: cann4 tick
126: finished casting cann4
126: 119.0 dps, 2662 hp, 3417.75 mana
127: 118.1 dps, 2662 hp, 3417.75 mana
128: startcast BloodOfSaryrn
128: 117.2 dps, 2662 hp, 3417.75 mana
129: 116.2 dps, 2662 hp, 3417.75 mana
130: 115.4 dps, 2662 hp, 3417.75 mana
131: 114.5 dps, 2662 hp, 3417.75 mana
132: pox tick
132: nife tick
132: BreathOfUltor tick
132: epic tick
132: 117.9 dps, 2681 hp, 3426.75 mana
133: finished casting BloodOfSaryrn
133: 117.0 dps, 2681 hp, 2972 mana
134: 116.1 dps, 2681 hp, 2972 mana
135: 115.3 dps, 2681 hp, 2972 mana
136: startcast cann4
136: 114.4 dps, 2681 hp, 2972 mana
137: 113.6 dps, 2681 hp, 2972 mana
138: pox tick
138: BloodOfSaryrn tick
138: nife tick
138: BreathOfUltor tick
138: epic tick
138: 119.2 dps, 2700 hp, 2981 mana
139: cann4 tick
139: finished casting cann4
139: 118.4 dps, 2552 hp, 3063 mana
140: 117.5 dps, 2552 hp, 3063 mana
141: startcast nife
141: 116.7 dps, 2552 hp, 3063 mana
142: 115.9 dps, 2552 hp, 3063 mana
143: 115.1 dps, 2552 hp, 3063 mana
144: pox tick
144: BloodOfSaryrn tick
144: BreathOfUltor tick
144: epic tick
144: 118.9 dps, 2571 hp, 3072 mana
145: 118.1 dps, 2571 hp, 3072 mana
146: finished casting nife
146: 117.2 dps, 2571 hp, 2710.75 mana
147: 116.4 dps, 2571 hp, 2710.75 mana
148: 115.7 dps, 2571 hp, 2710.75 mana
149: startcast cann4
149: 114.9 dps, 2571 hp, 2710.75 mana
150: pox tick
150: BloodOfSaryrn tick
150: nife tick
150: BreathOfUltor tick
150: epic tick
150: 120.1 dps, 2590 hp, 2719.75 mana
151: 119.3 dps, 2590 hp, 2719.75 mana
152: cann4 tick
152: finished casting cann4
152: 118.5 dps, 2442 hp, 2801.75 mana
153: 117.7 dps, 2442 hp, 2801.75 mana
154: startcast cann4
154: 117.0 dps, 2442 hp, 2801.75 mana
155: 116.2 dps, 2442 hp, 2801.75 mana
156: pox tick
156: BloodOfSaryrn tick
156: nife tick
156: BreathOfUltor tick
156: epic tick
156: 121.2 dps, 2461 hp, 2810.75 mana
157: cann4 tick
157: finished casting cann4
157: 120.4 dps, 2313 hp, 2892.75 mana
158: 119.6 dps, 2313 hp, 2892.75 mana
159: startcast cann4
159: 118.9 dps, 2313 hp, 2892.75 mana
160: 118.1 dps, 2313 hp, 2892.75 mana
161: 117.4 dps, 2313 hp, 2892.75 mana
162: pox tick
162: BloodOfSaryrn tick
162: nife tick
162: BreathOfUltor tick
162: epic tick
162: cann4 tick
162: finished casting cann4
162: 122.2 dps, 2184 hp, 2983.75 mana
163: 121.4 dps, 2184 hp, 2983.75 mana
164: startcast pox
164: 120.7 dps, 2184 hp, 2983.75 mana
165: 120.0 dps, 2184 hp, 2983.75 mana
166: 119.3 dps, 2184 hp, 2983.75 mana
167: 118.5 dps, 2184 hp, 2983.75 mana
168: BloodOfSaryrn tick
168: nife tick
168: BreathOfUltor tick
168: epic tick
168: 122.5 dps, 2203 hp, 2992.75 mana
169: finished casting pox
169: 121.7 dps, 2203 hp, 2623 mana
170: 121.0 dps, 2203 hp, 2623 mana
171: 120.3 dps, 2203 hp, 2623 mana
172: startcast cann4
172: 119.6 dps, 2203 hp, 2623 mana
173: 118.9 dps, 2203 hp, 2623 mana
174: pox tick
174: BloodOfSaryrn tick
174: nife tick
174: BreathOfUltor tick
174: epic tick
174: 123.4 dps, 2222 hp, 2632 mana
175: cann4 tick
175: finished casting cann4
175: 122.7 dps, 2074 hp, 2714 mana
176: 122.0 dps, 2074 hp, 2714 mana
177: startcast cann4
177: 121.3 dps, 2074 hp, 2714 mana
178: 120.6 dps, 2074 hp, 2714 mana
179: 119.9 dps, 2074 hp, 2714 mana
180: pox tick
180: BloodOfSaryrn tick
180: nife tick
180: BreathOfUltor tick
180: epic tick
180: cann4 tick
180: finished casting cann4
180: 124.2 dps, 1945 hp, 2805 mana
181: 123.5 dps, 1945 hp, 2805 mana
182: startcast torpor
182: 122.8 dps, 1945 hp, 2805 mana
183: 122.2 dps, 1945 hp, 2805 mana
184: 121.5 dps, 1945 hp, 2805 mana
185: 120.9 dps, 1945 hp, 2805 mana
186: pox tick
186: BloodOfSaryrn tick
186: nife tick
186: BreathOfUltor tick
186: epic tick
186: finished casting torpor
186: 125.0 dps, 1964 hp, 2644 mana
187: 124.3 dps, 1964 hp, 2644 mana
188: 123.7 dps, 1964 hp, 2644 mana
189: startcast epic
189: 123.0 dps, 1964 hp, 2644 mana
190: 122.4 dps, 1964 hp, 2644 mana
191: 121.7 dps, 1964 hp, 2644 mana
192: torpor tick
192: pox tick
192: nife tick
192: BreathOfUltor tick
192: 123.6 dps, 2283 hp, 2653 mana
193: 122.9 dps, 2283 hp, 2653 mana
194: 122.3 dps, 2283 hp, 2653 mana
195: 121.7 dps, 2283 hp, 2653 mana
196: 121.1 dps, 2283 hp, 2653 mana
197: 120.4 dps, 2283 hp, 2653 mana
198: torpor tick
198: pox tick
198: nife tick
198: BreathOfUltor tick
198: finished casting epic
198: 122.2 dps, 2602 hp, 2662 mana
199: startcast BloodOfSaryrn
199: 121.6 dps, 2602 hp, 2662 mana
200: 121.0 dps, 2602 hp, 2662 mana
201: 120.4 dps, 2602 hp, 2662 mana
202: 119.8 dps, 2602 hp, 2662 mana
203: 119.2 dps, 2602 hp, 2662 mana
204: torpor tick
204: pox tick
204: BreathOfUltor tick
204: epic tick
204: finished casting BloodOfSaryrn
204: 120.3 dps, 2921 hp, 2216.25 mana
205: 119.7 dps, 2921 hp, 2216.25 mana
206: 119.1 dps, 2921 hp, 2216.25 mana
207: startcast nife
207: 118.6 dps, 2921 hp, 2216.25 mana
208: 118.0 dps, 2921 hp, 2216.25 mana
209: 117.4 dps, 2921 hp, 2216.25 mana
210: torpor tick
210: pox tick
210: BloodOfSaryrn tick
210: epic tick
210: 119.4 dps, 3240 hp, 2225.25 mana
211: 118.8 dps, 3240 hp, 2225.25 mana
212: finished casting nife
212: 118.3 dps, 3240 hp, 1864 mana
213: 117.7 dps, 3240 hp, 1864 mana
214: 117.2 dps, 3240 hp, 1864 mana
215: startcast BreathOfUltor
215: 116.6 dps, 3240 hp, 1864 mana
216: torpor tick
216: pox tick
216: BloodOfSaryrn tick
216: nife tick
216: epic tick
216: 119.6 dps, 3559 hp, 1873 mana
217: 119.0 dps, 3559 hp, 1873 mana
218: 118.5 dps, 3559 hp, 1873 mana
219: 118.0 dps, 3559 hp, 1873 mana
220: 117.4 dps, 3559 hp, 1873 mana
221: finished casting BreathOfUltor
221: 116.9 dps, 3559 hp, 1405.5 mana
222: torpor tick
222: pox tick
222: BloodOfSaryrn tick
222: nife tick
222: BreathOfUltor tick
222: epic tick
222: 120.4 dps, 3878 hp, 1414.5 mana
223: 119.8 dps, 3878 hp, 1414.5 mana
224: cann5 tick
224: finished casting cann5
224: startcast cann5
224: 119.3 dps, 1954 hp, 2480.5 mana
225: startcast torpor
225: 118.8 dps, 1954 hp, 2480.5 mana
226: 118.3 dps, 1954 hp, 2480.5 mana
227: 117.7 dps, 1954 hp, 2480.5 mana
228: pox tick
228: BloodOfSaryrn tick
228: nife tick
228: BreathOfUltor tick
228: epic tick
228: 121.1 dps, 1973 hp, 2489.5 mana
229: finished casting torpor
229: 120.6 dps, 1973 hp, 2319.5 mana
230: 120.1 dps, 1973 hp, 2319.5 mana
231: 119.6 dps, 1973 hp, 2319.5 mana
232: startcast cann4
232: 119.0 dps, 1973 hp, 2319.5 mana
233: 118.5 dps, 1973 hp, 2319.5 mana
234: torpor tick
234: pox tick
234: BloodOfSaryrn tick
234: nife tick
234: BreathOfUltor tick
234: epic tick
234: 121.8 dps, 2292 hp, 2328.5 mana
235: cann4 tick
235: finished casting cann4
235: 121.3 dps, 2144 hp, 2410.5 mana
236: 120.8 dps, 2144 hp, 2410.5 mana
237: startcast cann4
237: 120.3 dps, 2144 hp, 2410.5 mana
238: 119.8 dps, 2144 hp, 2410.5 mana
239: 119.3 dps, 2144 hp, 2410.5 mana
240: torpor tick
240: pox tick
240: BloodOfSaryrn tick
240: nife tick
240: BreathOfUltor tick
240: epic tick
240: cann4 tick
240: finished casting cann4
240: 122.5 dps, 2315 hp, 2501.5 mana
241: 122.0 dps, 2315 hp, 2501.5 mana
242: startcast cann4
242: 121.5 dps, 2315 hp, 2501.5 mana
243: 121.0 dps, 2315 hp, 2501.5 mana
244: 120.5 dps, 2315 hp, 2501.5 mana
245: cann4 tick
245: finished casting cann4
245: 120.0 dps, 2167 hp, 2583.5 mana
246: torpor tick
246: pox tick
246: BloodOfSaryrn tick
246: nife tick
246: BreathOfUltor tick
246: epic tick
246: 123.2 dps, 2486 hp, 2592.5 mana
247: startcast cann4
247: 122.7 dps, 2486 hp, 2592.5 mana
248: 122.2 dps, 2486 hp, 2592.5 mana
249: 121.7 dps, 2486 hp, 2592.5 mana
250: cann4 tick
250: finished casting cann4
250: 121.2 dps, 2338 hp, 2674.5 mana
251: 120.7 dps, 2338 hp, 2674.5 mana
252: torpor tick
252: pox tick
252: BloodOfSaryrn tick
252: nife tick
252: BreathOfUltor tick
252: epic tick
252: startcast cann4
252: 123.8 dps, 2657 hp, 2683.5 mana
253: 123.3 dps, 2657 hp, 2683.5 mana
254: 122.8 dps, 2657 hp, 2683.5 mana
255: cann4 tick
255: finished casting cann4
255: 122.3 dps, 2509 hp, 2765.5 mana
256: 121.8 dps, 2509 hp, 2765.5 mana
257: startcast cann4
257: 121.4 dps, 2509 hp, 2765.5 mana
258: torpor tick
258: pox tick
258: BloodOfSaryrn tick
258: nife tick
258: BreathOfUltor tick
258: epic tick
258: 124.3 dps, 2828 hp, 2774.5 mana
259: 123.9 dps, 2828 hp, 2774.5 mana
260: cann4 tick
260: finished casting cann4
260: 123.4 dps, 2680 hp, 2856.5 mana
261: 122.9 dps, 2680 hp, 2856.5 mana
262: startcast BloodOfSaryrn
262: 122.4 dps, 2680 hp, 2856.5 mana
263: 122.0 dps, 2680 hp, 2856.5 mana
264: torpor tick
264: pox tick
264: nife tick
264: BreathOfUltor tick
264: epic tick
264: 123.7 dps, 2999 hp, 2865.5 mana
265: 123.2 dps, 2999 hp, 2865.5 mana
266: 122.7 dps, 2999 hp, 2865.5 mana
267: finished casting BloodOfSaryrn
267: 122.3 dps, 2999 hp, 2410.75 mana
268: 121.8 dps, 2999 hp, 2410.75 mana
269: 121.4 dps, 2999 hp, 2410.75 mana
270: pox tick
270: BloodOfSaryrn tick
270: BreathOfUltor tick
270: epic tick
270: startcast nife
270: 123.4 dps, 3018 hp, 2419.75 mana
271: 122.9 dps, 3018 hp, 2419.75 mana
272: 122.5 dps, 3018 hp, 2419.75 mana
273: 122.0 dps, 3018 hp, 2419.75 mana
274: 121.6 dps, 3018 hp, 2419.75 mana
275: finished casting nife
275: 121.1 dps, 3018 hp, 2058.5 mana
276: pox tick
276: BloodOfSaryrn tick
276: nife tick
276: BreathOfUltor tick
276: epic tick
276: 123.9 dps, 3037 hp, 2067.5 mana
277: 123.5 dps, 3037 hp, 2067.5 mana
278: startcast cann4
278: 123.0 dps, 3037 hp, 2067.5 mana
279: 122.6 dps, 3037 hp, 2067.5 mana
280: 122.2 dps, 3037 hp, 2067.5 mana
281: cann4 tick
281: finished casting cann4
281: 121.7 dps, 2889 hp, 2149.5 mana
282: pox tick
282: BloodOfSaryrn tick
282: nife tick
282: BreathOfUltor tick
282: epic tick
282: 124.5 dps, 2908 hp, 2158.5 mana
283: startcast epic
283: 124.0 dps, 2908 hp, 2158.5 mana
284: 123.6 dps, 2908 hp, 2158.5 mana
285: 123.1 dps, 2908 hp, 2158.5 mana
286: 122.7 dps, 2908 hp, 2158.5 mana
287: 122.3 dps, 2908 hp, 2158.5 mana
288: pox tick
288: BloodOfSaryrn tick
288: nife tick
288: BreathOfUltor tick
288: 124.6 dps, 2927 hp, 2167.5 mana
289: 124.2 dps, 2927 hp, 2167.5 mana
290: 123.8 dps, 2927 hp, 2167.5 mana
291: 123.4 dps, 2927 hp, 2167.5 mana
292: finished casting epic
292: 122.9 dps, 2927 hp, 2167.5 mana
293: startcast cann4
293: 122.5 dps, 2927 hp, 2167.5 mana
294: pox tick
294: BloodOfSaryrn tick
294: nife tick
294: BreathOfUltor tick
294: epic tick
294: 125.1 dps, 2946 hp, 2176.5 mana
295: 124.7 dps, 2946 hp, 2176.5 mana
296: cann4 tick
296: finished casting cann4
296: 124.3 dps, 2798 hp, 2258.5 mana
297: 123.9 dps, 2798 hp, 2258.5 mana
298: startcast pox
298: 123.5 dps, 2798 hp, 2258.5 mana
299: 123.0 dps, 2798 hp, 2258.5 mana
300: BloodOfSaryrn tick
300: nife tick
300: BreathOfUltor tick
300: epic tick
300: 125.2 dps, 2817 hp, 2267.5 mana
301: 124.8 dps, 2817 hp, 2267.5 mana
302: 124.4 dps, 2817 hp, 2267.5 mana
303: finished casting pox
303: 124.0 dps, 2817 hp, 1897.75 mana
304: 123.6 dps, 2817 hp, 1897.75 mana
305: 123.2 dps, 2817 hp, 1897.75 mana
306: pox tick
306: BloodOfSaryrn tick
306: nife tick
306: BreathOfUltor tick
306: epic tick
306: startcast cann4
306: 125.7 dps, 2836 hp, 1906.75 mana
307: 125.3 dps, 2836 hp, 1906.75 mana
308: 124.9 dps, 2836 hp, 1906.75 mana
309: cann4 tick
309: finished casting cann4
309: 124.5 dps, 2688 hp, 1988.75 mana
310: 124.1 dps, 2688 hp, 1988.75 mana
311: startcast cann4
311: 123.7 dps, 2688 hp, 1988.75 mana
312: pox tick
312: BloodOfSaryrn tick
312: nife tick
312: BreathOfUltor tick
312: epic tick
312: 126.1 dps, 2707 hp, 1997.75 mana
313: 125.7 dps, 2707 hp, 1997.75 mana
314: cann4 tick
314: finished casting cann4
314: 125.3 dps, 2559 hp, 2079.75 mana
315: 124.9 dps, 2559 hp, 2079.75 mana
316: startcast cann4
316: 124.5 dps, 2559 hp, 2079.75 mana
317: 124.1 dps, 2559 hp, 2079.75 mana
318: pox tick
318: BloodOfSaryrn tick
318: nife tick
318: BreathOfUltor tick
318: epic tick
318: 126.6 dps, 2578 hp, 2088.75 mana
319: cann4 tick
319: finished casting cann4
319: 126.2 dps, 2430 hp, 2170.75 mana
320: 125.8 dps, 2430 hp, 2170.75 mana
321: startcast BloodOfSaryrn
321: 125.4 dps, 2430 hp, 2170.75 mana
322: 125.0 dps, 2430 hp, 2170.75 mana
323: 124.6 dps, 2430 hp, 2170.75 mana
324: pox tick
324: nife tick
324: BreathOfUltor tick
324: epic tick
324: 126.0 dps, 2449 hp, 2179.75 mana
325: 125.6 dps, 2449 hp, 2179.75 mana
326: finished casting BloodOfSaryrn
326: 125.2 dps, 2449 hp, 1725 mana
327: 124.8 dps, 2449 hp, 1725 mana
328: 124.4 dps, 2449 hp, 1725 mana
329: startcast nife
329: 124.1 dps, 2449 hp, 1725 mana
330: pox tick
330: BloodOfSaryrn tick
330: BreathOfUltor tick
330: epic tick
330: 125.7 dps, 2468 hp, 1734 mana
331: 125.3 dps, 2468 hp, 1734 mana
332: 124.9 dps, 2468 hp, 1734 mana
333: 124.5 dps, 2468 hp, 1734 mana
334: finished casting nife
334: 124.2 dps, 2468 hp, 1372.75 mana
335: 123.8 dps, 2468 hp, 1372.75 mana
336: pox tick
336: BloodOfSaryrn tick
336: nife tick
336: BreathOfUltor tick
336: epic tick
336: 126.1 dps, 2487 hp, 1381.75 mana
337: startcast cann4
337: 125.7 dps, 2487 hp, 1381.75 mana
338: 125.3 dps, 2487 hp, 1381.75 mana
339: 125.0 dps, 2487 hp, 1381.75 mana
340: cann4 tick
340: finished casting cann4
340: 124.6 dps, 2339 hp, 1463.75 mana
341: 124.2 dps, 2339 hp, 1463.75 mana
342: pox tick
342: BloodOfSaryrn tick
342: nife tick
342: BreathOfUltor tick
342: epic tick
342: startcast cann4
342: 126.5 dps, 2358 hp, 1472.75 mana
343: 126.1 dps, 2358 hp, 1472.75 mana
344: 125.8 dps, 2358 hp, 1472.75 mana
345: cann4 tick
345: finished casting cann4
345: 125.4 dps, 2210 hp, 1554.75 mana
346: 125.0 dps, 2210 hp, 1554.75 mana
347: startcast cann4
347: 124.7 dps, 2210 hp, 1554.75 mana
348: pox tick
348: BloodOfSaryrn tick
348: nife tick
348: BreathOfUltor tick
348: epic tick
348: 126.9 dps, 2229 hp, 1563.75 mana
349: 126.5 dps, 2229 hp, 1563.75 mana
350: cann4 tick
350: finished casting cann4
350: 126.1 dps, 2081 hp, 1645.75 mana
351: 125.8 dps, 2081 hp, 1645.75 mana
352: startcast cann4
352: 125.4 dps, 2081 hp, 1645.75 mana
353: 125.1 dps, 2081 hp, 1645.75 mana
354: pox tick
354: BloodOfSaryrn tick
354: nife tick
354: BreathOfUltor tick
354: epic tick
354: 127.2 dps, 2100 hp, 1654.75 mana
355: cann4 tick
355: finished casting cann4
355: 126.9 dps, 1952 hp, 1736.75 mana
356: 126.5 dps, 1952 hp, 1736.75 mana
357: startcast torpor
357: 126.2 dps, 1952 hp, 1736.75 mana
358: 125.8 dps, 1952 hp, 1736.75 mana
359: 125.5 dps, 1952 hp, 1736.75 mana
360: pox tick
360: BloodOfSaryrn tick
360: nife tick
360: BreathOfUltor tick
360: epic tick
360: 127.6 dps, 1971 hp, 1745.75 mana
361: finished casting torpor
361: 127.2 dps, 1971 hp, 1575.75 mana
362: 126.9 dps, 1971 hp, 1575.75 mana
363: 126.5 dps, 1971 hp, 1575.75 mana
364: startcast cann4
364: 126.2 dps, 1971 hp, 1575.75 mana
365: 125.9 dps, 1971 hp, 1575.75 mana
366: torpor tick
366: pox tick
366: BloodOfSaryrn tick
366: nife tick
366: BreathOfUltor tick
366: epic tick
366: 127.9 dps, 2290 hp, 1584.75 mana
367: cann4 tick
367: finished casting cann4
367: 127.6 dps, 2142 hp, 1666.75 mana
368: 127.3 dps, 2142 hp, 1666.75 mana
369: startcast cann4
369: 126.9 dps, 2142 hp, 1666.75 mana
370: 126.6 dps, 2142 hp, 1666.75 mana
371: 126.2 dps, 2142 hp, 1666.75 mana
372: torpor tick
372: pox tick
372: BloodOfSaryrn tick
372: nife tick
372: BreathOfUltor tick
372: epic tick
372: cann4 tick
372: finished casting cann4
372: 128.3 dps, 2313 hp, 1757.75 mana
373: 127.9 dps, 2313 hp, 1757.75 mana
374: startcast epic
374: 127.6 dps, 2313 hp, 1757.75 mana
375: 127.3 dps, 2313 hp, 1757.75 mana
376: 126.9 dps, 2313 hp, 1757.75 mana
377: 126.6 dps, 2313 hp, 1757.75 mana
378: torpor tick
378: pox tick
378: BloodOfSaryrn tick
378: nife tick
378: BreathOfUltor tick
378: 128.4 dps, 2632 hp, 1766.75 mana
379: 128.0 dps, 2632 hp, 1766.75 mana
380: 127.7 dps, 2632 hp, 1766.75 mana
381: 127.4 dps, 2632 hp, 1766.75 mana
382: 127.0 dps, 2632 hp, 1766.75 mana
383: finished casting epic
383: 126.7 dps, 2632 hp, 1766.75 mana
384: torpor tick
384: pox tick
384: nife tick
384: BreathOfUltor tick
384: epic tick
384: startcast BloodOfSaryrn
384: 127.8 dps, 2951 hp, 1775.75 mana
385: 127.5 dps, 2951 hp, 1775.75 mana
386: 127.2 dps, 2951 hp, 1775.75 mana
387: 126.9 dps, 2951 hp, 1775.75 mana
388: 126.5 dps, 2951 hp, 1775.75 mana
389: finished casting BloodOfSaryrn
389: 126.2 dps, 2951 hp, 1321 mana
390: torpor tick
390: pox tick
390: BloodOfSaryrn tick
390: BreathOfUltor tick
390: epic tick
390: 127.6 dps, 3270 hp, 1330 mana
391: 127.2 dps, 3270 hp, 1330 mana
392: startcast nife
392: 126.9 dps, 3270 hp, 1330 mana
393: 126.6 dps, 3270 hp, 1330 mana
394: 126.3 dps, 3270 hp, 1330 mana
395: 126.0 dps, 3270 hp, 1330 mana
396: torpor tick
396: pox tick
396: BloodOfSaryrn tick
396: epic tick
396: 127.0 dps, 3589 hp, 1339 mana
397: finished casting nife
397: 126.7 dps, 3589 hp, 977.75 mana
398: 126.3 dps, 3589 hp, 977.75 mana
399: 126.0 dps, 3589 hp, 977.75 mana
400: startcast BreathOfUltor
400: 125.7 dps, 3589 hp, 977.75 mana
401: 125.4 dps, 3589 hp, 977.75 mana
402: pox tick
402: BloodOfSaryrn tick
402: nife tick
402: epic tick
402: 127.0 dps, 3608 hp, 986.75 mana
403: 126.7 dps, 3608 hp, 986.75 mana
404: 126.4 dps, 3608 hp, 986.75 mana
405: 126.0 dps, 3608 hp, 986.75 mana
406: finished casting BreathOfUltor
406: 125.7 dps, 3608 hp, 519.25 mana
407: 125.4 dps, 3608 hp, 519.25 mana
408: pox tick
408: BloodOfSaryrn tick
408: nife tick
408: BreathOfUltor tick
408: epic tick
408: 127.3 dps, 3627 hp, 528.25 mana
409: cann5 tick
409: finished casting cann5
409: startcast cann5
409: 127.0 dps, 1703 hp, 1594.25 mana
410: startcast torpor
410: 126.7 dps, 1703 hp, 1594.25 mana
411: 126.4 dps, 1703 hp, 1594.25 mana
412: 126.1 dps, 1703 hp, 1594.25 mana
413: 125.8 dps, 1703 hp, 1594.25 mana
414: pox tick
414: BloodOfSaryrn tick
414: nife tick
414: BreathOfUltor tick
414: epic tick
414: finished casting torpor
414: 127.6 dps, 1722 hp, 1433.25 mana
415: 127.3 dps, 1722 hp, 1433.25 mana
416: 127.0 dps, 1722 hp, 1433.25 mana
417: startcast cann4
417: 126.7 dps, 1722 hp, 1433.25 mana
418: 126.4 dps, 1722 hp, 1433.25 mana
419: 126.1 dps, 1722 hp, 1433.25 mana
420: torpor tick
420: pox tick
420: BloodOfSaryrn tick
420: nife tick
420: BreathOfUltor tick
420: epic tick
420: cann4 tick
420: finished casting cann4
420: 127.9 dps, 1893 hp, 1524.25 mana
421: 127.6 dps, 1893 hp, 1524.25 mana
422: startcast cann4
422: 127.3 dps, 1893 hp, 1524.25 mana
423: 127.0 dps, 1893 hp, 1524.25 mana
424: 126.7 dps, 1893 hp, 1524.25 mana
425: cann4 tick
425: finished casting cann4
425: 126.4 dps, 1745 hp, 1606.25 mana
426: torpor tick
426: pox tick
426: BloodOfSaryrn tick
426: nife tick
426: BreathOfUltor tick
426: epic tick
426: 128.2 dps, 2064 hp, 1615.25 mana
427: startcast pox
427: 127.9 dps, 2064 hp, 1615.25 mana
428: 127.6 dps, 2064 hp, 1615.25 mana
429: 127.3 dps, 2064 hp, 1615.25 mana
430: 127.0 dps, 2064 hp, 1615.25 mana
431: 126.7 dps, 2064 hp, 1615.25 mana
432: torpor tick
432: BloodOfSaryrn tick
432: nife tick
432: BreathOfUltor tick
432: epic tick
432: finished casting pox
432: 128.2 dps, 2383 hp, 1254.5 mana
433: 127.9 dps, 2383 hp, 1254.5 mana
434: 127.6 dps, 2383 hp, 1254.5 mana
435: startcast cann4
435: 127.3 dps, 2383 hp, 1254.5 mana
436: 127.0 dps, 2383 hp, 1254.5 mana
437: 126.8 dps, 2383 hp, 1254.5 mana
438: torpor tick
438: pox tick
438: BloodOfSaryrn tick
438: nife tick
438: BreathOfUltor tick
438: epic tick
438: cann4 tick
438: finished casting cann4
438: 128.5 dps, 2554 hp, 1345.5 mana
439: 128.2 dps, 2554 hp, 1345.5 mana
440: startcast BloodOfSaryrn
440: 127.9 dps, 2554 hp, 1345.5 mana
441: 127.6 dps, 2554 hp, 1345.5 mana
442: 127.3 dps, 2554 hp, 1345.5 mana
443: 127.1 dps, 2554 hp, 1345.5 mana
444: torpor tick
444: pox tick
444: nife tick
444: BreathOfUltor tick
444: epic tick
444: 128.0 dps, 2873 hp, 1354.5 mana
445: finished casting BloodOfSaryrn
445: 127.8 dps, 2873 hp, 899.75 mana
446: 127.5 dps, 2873 hp, 899.75 mana
447: 127.2 dps, 2873 hp, 899.75 mana
448: startcast cann4
448: 126.9 dps, 2873 hp, 899.75 mana
449: 126.6 dps, 2873 hp, 899.75 mana
450: torpor tick
450: pox tick
450: BloodOfSaryrn tick
450: nife tick
450: BreathOfUltor tick
450: epic tick
450: 128.3 dps, 3192 hp, 908.75 mana
451: cann4 tick
451: finished casting cann4
451: 128.0 dps, 3044 hp, 990.75 mana
452: 127.8 dps, 3044 hp, 990.75 mana
453: startcast nife
453: 127.5 dps, 3044 hp, 990.75 mana
454: 127.2 dps, 3044 hp, 990.75 mana
455: 126.9 dps, 3044 hp, 990.75 mana
456: pox tick
456: BloodOfSaryrn tick
456: BreathOfUltor tick
456: epic tick
456: 128.1 dps, 3063 hp, 999.75 mana
457: 127.8 dps, 3063 hp, 999.75 mana
458: finished casting nife
458: 127.5 dps, 3063 hp, 638.5 mana
459: 127.2 dps, 3063 hp, 638.5 mana
460: 127.0 dps, 3063 hp, 638.5 mana
461: startcast cann4
461: 126.7 dps, 3063 hp, 638.5 mana
462: pox tick
462: BloodOfSaryrn tick
462: nife tick
462: BreathOfUltor tick
462: epic tick
462: 128.4 dps, 3082 hp, 647.5 mana
463: 128.1 dps, 3082 hp, 647.5 mana
464: cann4 tick
464: finished casting cann4
464: 127.8 dps, 2934 hp, 729.5 mana
465: 127.5 dps, 2934 hp, 729.5 mana
466: startcast epic
466: 127.3 dps, 2934 hp, 729.5 mana
467: 127.0 dps, 2934 hp, 729.5 mana
468: pox tick
468: BloodOfSaryrn tick
468: nife tick
468: BreathOfUltor tick
468: 128.4 dps, 2953 hp, 738.5 mana
469: 128.1 dps, 2953 hp, 738.5 mana
470: 127.9 dps, 2953 hp, 738.5 mana
471: 127.6 dps, 2953 hp, 738.5 mana
472: 127.3 dps, 2953 hp, 738.5 mana
473: 127.1 dps, 2953 hp, 738.5 mana
474: pox tick
474: BloodOfSaryrn tick
474: nife tick
474: BreathOfUltor tick
474: 128.5 dps, 2972 hp, 747.5 mana
475: finished casting epic
475: 128.2 dps, 2972 hp, 747.5 mana
476: startcast cann4
476: 127.9 dps, 2972 hp, 747.5 mana
477: 127.7 dps, 2972 hp, 747.5 mana
478: 127.4 dps, 2972 hp, 747.5 mana
479: cann4 tick
479: finished casting cann4
479: 127.1 dps, 2824 hp, 829.5 mana
480: pox tick
480: BloodOfSaryrn tick
480: nife tick
480: BreathOfUltor tick
480: epic tick
480: 128.7 dps, 2843 hp, 838.5 mana
481: startcast cann4
481: 128.5 dps, 2843 hp, 838.5 mana
482: 128.2 dps, 2843 hp, 838.5 mana
483: 127.9 dps, 2843 hp, 838.5 mana
484: cann4 tick
484: finished casting cann4
484: 127.7 dps, 2695 hp, 920.5 mana
485: 127.4 dps, 2695 hp, 920.5 mana
486: pox tick
486: BloodOfSaryrn tick
486: nife tick
486: BreathOfUltor tick
486: epic tick
486: startcast cann4
486: 129.0 dps, 2714 hp, 929.5 mana
487: 128.7 dps, 2714 hp, 929.5 mana
488: 128.5 dps, 2714 hp, 929.5 mana
489: cann4 tick
489: finished casting cann4
489: 128.2 dps, 2566 hp, 1011.5 mana
490: 127.9 dps, 2566 hp, 1011.5 mana
491: startcast cann4
491: 127.7 dps, 2566 hp, 1011.5 mana
492: pox tick
492: BloodOfSaryrn tick
492: nife tick
492: BreathOfUltor tick
492: epic tick
492: 129.2 dps, 2585 hp, 1020.5 mana
493: 129.0 dps, 2585 hp, 1020.5 mana
494: cann4 tick
494: finished casting cann4
494: 128.7 dps, 2437 hp, 1102.5 mana
495: 128.4 dps, 2437 hp, 1102.5 mana
496: startcast cann4
496: 128.2 dps, 2437 hp, 1102.5 mana
497: 127.9 dps, 2437 hp, 1102.5 mana
498: pox tick
498: BloodOfSaryrn tick
498: nife tick
498: BreathOfUltor tick
498: epic tick
498: 129.5 dps, 2456 hp, 1111.5 mana
499: cann4 tick
499: finished casting cann4
499: 129.2 dps, 2308 hp, 1193.5 mana
500: 128.9 dps, 2308 hp, 1193.5 mana
501: startcast BloodOfSaryrn
501: 128.7 dps, 2308 hp, 1193.5 mana
502: 128.4 dps, 2308 hp, 1193.5 mana
503: 128.2 dps, 2308 hp, 1193.5 mana
504: pox tick
504: nife tick
504: BreathOfUltor tick
504: epic tick
504: 129.1 dps, 2327 hp, 1202.5 mana
505: 128.8 dps, 2327 hp, 1202.5 mana
506: finished casting BloodOfSaryrn
506: 128.5 dps, 2327 hp, 747.75 mana
507: 128.3 dps, 2327 hp, 747.75 mana
508: 128.0 dps, 2327 hp, 747.75 mana
509: startcast cann4
509: 127.8 dps, 2327 hp, 747.75 mana
510: pox tick
510: BloodOfSaryrn tick
510: nife tick
510: BreathOfUltor tick
510: epic tick
510: 129.3 dps, 2346 hp, 756.75 mana
511: 129.0 dps, 2346 hp, 756.75 mana
512: cann4 tick
512: finished casting cann4
512: 128.8 dps, 2198 hp, 838.75 mana
513: 128.5 dps, 2198 hp, 838.75 mana
514: startcast nife
514: 128.3 dps, 2198 hp, 838.75 mana
515: 128.0 dps, 2198 hp, 838.75 mana
516: pox tick
516: BloodOfSaryrn tick
516: BreathOfUltor tick
516: epic tick
516: 129.1 dps, 2217 hp, 847.75 mana
517: 128.8 dps, 2217 hp, 847.75 mana
518: 128.6 dps, 2217 hp, 847.75 mana
519: finished casting nife
519: 128.3 dps, 2217 hp, 486.5 mana
520: 128.1 dps, 2217 hp, 486.5 mana
521: 127.8 dps, 2217 hp, 486.5 mana
522: pox tick
522: BloodOfSaryrn tick
522: nife tick
522: BreathOfUltor tick
522: epic tick
522: startcast cann4
522: 129.3 dps, 2236 hp, 495.5 mana
523: 129.0 dps, 2236 hp, 495.5 mana
524: 128.8 dps, 2236 hp, 495.5 mana
525: cann4 tick
525: finished casting cann4
525: 128.5 dps, 2088 hp, 577.5 mana
526: 128.3 dps, 2088 hp, 577.5 mana
527: startcast cann4
527: 128.1 dps, 2088 hp, 577.5 mana
528: pox tick
528: BloodOfSaryrn tick
528: nife tick
528: BreathOfUltor tick
528: epic tick
528: 129.5 dps, 2107 hp, 586.5 mana
529: 129.3 dps, 2107 hp, 586.5 mana
530: cann4 tick
530: finished casting cann4
530: 129.0 dps, 1959 hp, 668.5 mana
531: 128.8 dps, 1959 hp, 668.5 mana
532: startcast torpor
532: 128.5 dps, 1959 hp, 668.5 mana
533: 128.3 dps, 1959 hp, 668.5 mana
534: pox tick
534: BloodOfSaryrn tick
534: nife tick
534: BreathOfUltor tick
534: epic tick
534: 129.7 dps, 1978 hp, 677.5 mana
535: 129.5 dps, 1978 hp, 677.5 mana
536: finished casting torpor
536: 129.2 dps, 1978 hp, 507.5 mana
537: 129.0 dps, 1978 hp, 507.5 mana
538: 128.8 dps, 1978 hp, 507.5 mana
539: startcast cann4
539: 128.5 dps, 1978 hp, 507.5 mana
540: torpor tick
540: pox tick
540: BloodOfSaryrn tick
540: nife tick
540: BreathOfUltor tick
540: epic tick
540: 129.9 dps, 2297 hp, 516.5 mana
541: 129.7 dps, 2297 hp, 516.5 mana
542: cann4 tick
542: finished casting cann4
542: 129.5 dps, 2149 hp, 598.5 mana
543: 129.2 dps, 2149 hp, 598.5 mana
544: startcast cann4
544: 129.0 dps, 2149 hp, 598.5 mana
545: 128.7 dps, 2149 hp, 598.5 mana
546: torpor tick
546: pox tick
546: BloodOfSaryrn tick
546: nife tick
546: BreathOfUltor tick
546: epic tick
546: 130.1 dps, 2468 hp, 607.5 mana
547: cann4 tick
547: finished casting cann4
547: 129.9 dps, 2320 hp, 689.5 mana
548: 129.7 dps, 2320 hp, 689.5 mana
549: startcast cann4
549: 129.4 dps, 2320 hp, 689.5 mana
550: 129.2 dps, 2320 hp, 689.5 mana
551: 129.0 dps, 2320 hp, 689.5 mana
552: torpor tick
552: pox tick
552: BloodOfSaryrn tick
552: nife tick
552: BreathOfUltor tick
552: epic tick
552: cann4 tick
552: finished casting cann4
552: 130.3 dps, 2491 hp, 780.5 mana
553: 130.1 dps, 2491 hp, 780.5 mana
554: startcast cann4
554: 129.9 dps, 2491 hp, 780.5 mana
555: 129.6 dps, 2491 hp, 780.5 mana
556: 129.4 dps, 2491 hp, 780.5 mana
557: cann4 tick
557: finished casting cann4
557: 129.2 dps, 2343 hp, 862.5 mana
558: torpor tick
558: pox tick
558: BloodOfSaryrn tick
558: nife tick
558: BreathOfUltor tick
558: epic tick
558: 130.5 dps, 2662 hp, 871.5 mana
559: startcast epic
559: 130.3 dps, 2662 hp, 871.5 mana
560: 130.1 dps, 2662 hp, 871.5 mana
561: 129.8 dps, 2662 hp, 871.5 mana
562: 129.6 dps, 2662 hp, 871.5 mana
563: 129.4 dps, 2662 hp, 871.5 mana
564: torpor tick
564: nife tick
564: BreathOfUltor tick
564: 129.8 dps, 2981 hp, 880.5 mana
565: 129.6 dps, 2981 hp, 880.5 mana
566: 129.3 dps, 2981 hp, 880.5 mana
567: 129.1 dps, 2981 hp, 880.5 mana
568: finished casting epic
568: 128.9 dps, 2981 hp, 880.5 mana
569: startcast BloodOfSaryrn
569: 128.7 dps, 2981 hp, 880.5 mana
570: torpor tick
570: nife tick
570: BreathOfUltor tick
570: epic tick
570: 129.2 dps, 3300 hp, 889.5 mana
571: 129.0 dps, 3300 hp, 889.5 mana
572: 128.8 dps, 3300 hp, 889.5 mana
573: 128.5 dps, 3300 hp, 889.5 mana
574: finished casting BloodOfSaryrn
574: 128.3 dps, 3300 hp, 434.75 mana
575: 128.1 dps, 3300 hp, 434.75 mana
576: BloodOfSaryrn tick
576: BreathOfUltor tick
576: epic tick
576: 128.8 dps, 3319 hp, 443.75 mana
577: startcast nife
577: 128.6 dps, 3319 hp, 443.75 mana
578: 128.4 dps, 3319 hp, 443.75 mana
579: 128.2 dps, 3319 hp, 443.75 mana
580: 127.9 dps, 3319 hp, 443.75 mana
581: 127.7 dps, 3319 hp, 443.75 mana
582: BloodOfSaryrn tick
582: epic tick
582: finished casting nife
582: 128.2 dps, 3338 hp, 91.5 mana
583: 128.0 dps, 3338 hp, 91.5 mana
584: 127.8 dps, 3338 hp, 91.5 mana
585: startcast cann4
585: 127.6 dps, 3338 hp, 91.5 mana
586: 127.3 dps, 3338 hp, 91.5 mana
587: 127.1 dps, 3338 hp, 91.5 mana
588: BloodOfSaryrn tick
588: nife tick
588: epic tick
588: cann4 tick
588: finished casting cann4
588: 128.0 dps, 3209 hp, 182.5 mana
589: 127.8 dps, 3209 hp, 182.5 mana
590: cann5 tick
590: finished casting cann5
590: startcast cann5
590: 127.6 dps, 1285 hp, 1248.5 mana
591: startcast torpor
591: 127.4 dps, 1285 hp, 1248.5 mana
592: 127.1 dps, 1285 hp, 1248.5 mana
593: 126.9 dps, 1285 hp, 1248.5 mana
594: BloodOfSaryrn tick
594: nife tick
594: epic tick
594: 127.8 dps, 1304 hp, 1257.5 mana
595: finished casting torpor
595: 127.6 dps, 1304 hp, 1087.5 mana
596: 127.4 dps, 1304 hp, 1087.5 mana
597: 127.2 dps, 1304 hp, 1087.5 mana
598: startcast BreathOfUltor
598: 126.9 dps, 1304 hp, 1087.5 mana
599: 126.7 dps, 1304 hp, 1087.5 mana
600: torpor tick
600: BloodOfSaryrn tick
600: nife tick
600: epic tick
600: 127.6 dps, 1623 hp, 1096.5 mana
601: 127.4 dps, 1623 hp, 1096.5 mana
602: 127.2 dps, 1623 hp, 1096.5 mana
603: 127.0 dps, 1623 hp, 1096.5 mana
604: finished casting BreathOfUltor
604: 126.8 dps, 1623 hp, 629 mana
605: 126.5 dps, 1623 hp, 629 mana
606: torpor tick
606: BloodOfSaryrn tick
606: nife tick
606: BreathOfUltor tick
606: epic tick
606: 127.6 dps, 1942 hp, 638 mana
607: startcast pox
607: 127.4 dps, 1942 hp, 638 mana
608: 127.2 dps, 1942 hp, 638 mana
609: 127.0 dps, 1942 hp, 638 mana
610: 126.8 dps, 1942 hp, 638 mana
611: 126.6 dps, 1942 hp, 638 mana
612: torpor tick
612: BloodOfSaryrn tick
612: nife tick
612: BreathOfUltor tick
612: epic tick
612: finished casting pox
612: 127.6 dps, 2261 hp, 277.25 mana
613: 127.4 dps, 2261 hp, 277.25 mana
614: 127.2 dps, 2261 hp, 277.25 mana
615: startcast cann4
615: 127.0 dps, 2261 hp, 277.25 mana
616: 126.8 dps, 2261 hp, 277.25 mana
617: 126.6 dps, 2261 hp, 277.25 mana
618: torpor tick
618: pox tick
618: BloodOfSaryrn tick
618: nife tick
618: BreathOfUltor tick
618: epic tick
618: cann4 tick
618: finished casting cann4
618: 127.8 dps, 2432 hp, 368.25 mana
619: 127.6 dps, 2432 hp, 368.25 mana
620: startcast cann4
620: 127.4 dps, 2432 hp, 368.25 mana
621: 127.2 dps, 2432 hp, 368.25 mana
622: 127.0 dps, 2432 hp, 368.25 mana
623: cann4 tick
623: finished casting cann4
623: 126.8 dps, 2284 hp, 450.25 mana
624: torpor tick
624: pox tick
624: BloodOfSaryrn tick
624: nife tick
624: BreathOfUltor tick
624: epic tick
624: 128.0 dps, 2603 hp, 459.25 mana
625: startcast cann4
625: 127.8 dps, 2603 hp, 459.25 mana
626: 127.6 dps, 2603 hp, 459.25 mana
627: 127.4 dps, 2603 hp, 459.25 mana
628: cann4 tick
628: finished casting cann4
628: 127.2 dps, 2455 hp, 541.25 mana
629: 127.0 dps, 2455 hp, 541.25 mana
630: torpor tick
630: pox tick
630: nife tick
630: BreathOfUltor tick
630: epic tick
630: startcast BloodOfSaryrn
630: 127.7 dps, 2774 hp, 550.25 mana
631: 127.5 dps, 2774 hp, 550.25 mana
632: 127.3 dps, 2774 hp, 550.25 mana
633: 127.1 dps, 2774 hp, 550.25 mana
634: 126.9 dps, 2774 hp, 550.25 mana
635: finished casting BloodOfSaryrn
635: 126.7 dps, 2774 hp, 95.5 mana
636: pox tick
636: BloodOfSaryrn tick
636: nife tick
636: BreathOfUltor tick
636: epic tick
636: 127.9 dps, 2793 hp, 104.5 mana
637: 127.7 dps, 2793 hp, 104.5 mana
638: startcast cann4
638: 127.5 dps, 2793 hp, 104.5 mana
639: 127.3 dps, 2793 hp, 104.5 mana
640: 127.1 dps, 2793 hp, 104.5 mana
641: cann4 tick
641: finished casting cann4
641: 126.9 dps, 2645 hp, 186.5 mana
642: pox tick
642: BloodOfSaryrn tick
642: BreathOfUltor tick
642: epic tick
642: 127.8 dps, 2664 hp, 195.5 mana
643: startcast cann4
643: 127.6 dps, 2664 hp, 195.5 mana
644: 127.4 dps, 2664 hp, 195.5 mana
645: 127.2 dps, 2664 hp, 195.5 mana
646: cann4 tick
646: finished casting cann4
646: 127.0 dps, 2516 hp, 277.5 mana
647: 126.8 dps, 2516 hp, 277.5 mana
648: pox tick
648: BloodOfSaryrn tick
648: BreathOfUltor tick
648: epic tick
648: startcast epic
648: 127.6 dps, 2535 hp, 286.5 mana
649: 127.4 dps, 2535 hp, 286.5 mana
650: 127.2 dps, 2535 hp, 286.5 mana
651: 127.0 dps, 2535 hp, 286.5 mana
652: 126.8 dps, 2535 hp, 286.5 mana
653: 126.6 dps, 2535 hp, 286.5 mana
654: pox tick
654: BloodOfSaryrn tick
654: BreathOfUltor tick
654: 127.3 dps, 2554 hp, 295.5 mana
655: 127.1 dps, 2554 hp, 295.5 mana
656: 126.9 dps, 2554 hp, 295.5 mana
657: finished casting epic
657: 126.7 dps, 2554 hp, 295.5 mana
658: startcast cann4
658: 126.5 dps, 2554 hp, 295.5 mana
659: 126.3 dps, 2554 hp, 295.5 mana
660: pox tick
660: BloodOfSaryrn tick
660: BreathOfUltor tick
660: epic tick
660: 127.1 dps, 2573 hp, 304.5 mana
661: cann4 tick
661: finished casting cann4
661: 127.0 dps, 2425 hp, 386.5 mana
662: 126.8 dps, 2425 hp, 386.5 mana
663: startcast cann4
663: 126.6 dps, 2425 hp, 386.5 mana
664: 126.4 dps, 2425 hp, 386.5 mana
665: 126.2 dps, 2425 hp, 386.5 mana
666: pox tick
666: BloodOfSaryrn tick
666: BreathOfUltor tick
666: epic tick
666: cann4 tick
666: finished casting cann4
666: 127.0 dps, 2296 hp, 477.5 mana
667: 126.8 dps, 2296 hp, 477.5 mana
668: startcast nife
668: 126.6 dps, 2296 hp, 477.5 mana
669: 126.4 dps, 2296 hp, 477.5 mana
670: 126.2 dps, 2296 hp, 477.5 mana
671: 126.0 dps, 2296 hp, 477.5 mana
672: pox tick
672: BloodOfSaryrn tick
672: BreathOfUltor tick
672: epic tick
672: 126.8 dps, 2315 hp, 486.5 mana
673: finished casting nife
673: 126.7 dps, 2315 hp, 125.25 mana
674: 126.5 dps, 2315 hp, 125.25 mana
675: 126.3 dps, 2315 hp, 125.25 mana
676: startcast cann4
676: 126.1 dps, 2315 hp, 125.25 mana
677: 125.9 dps, 2315 hp, 125.25 mana
678: pox tick
678: BloodOfSaryrn tick
678: nife tick
678: BreathOfUltor tick
678: epic tick
678: 127.0 dps, 2334 hp, 134.25 mana
679: cann4 tick
679: finished casting cann4
679: 126.8 dps, 2186 hp, 216.25 mana
680: 126.7 dps, 2186 hp, 216.25 mana
681: startcast cann4
681: 126.5 dps, 2186 hp, 216.25 mana
682: 126.3 dps, 2186 hp, 216.25 mana
683: 126.1 dps, 2186 hp, 216.25 mana
684: pox tick
684: BloodOfSaryrn tick
684: nife tick
684: BreathOfUltor tick
684: epic tick
684: cann4 tick
684: finished casting cann4
684: 127.2 dps, 2057 hp, 307.25 mana
685: 127.0 dps, 2057 hp, 307.25 mana
686: startcast cann4
686: 126.9 dps, 2057 hp, 307.25 mana
687: 126.7 dps, 2057 hp, 307.25 mana
688: 126.5 dps, 2057 hp, 307.25 mana
689: cann4 tick
689: finished casting cann4
689: 126.3 dps, 1909 hp, 389.25 mana
690: pox tick
690: nife tick
690: BreathOfUltor tick
690: epic tick
690: 126.9 dps, 1928 hp, 398.25 mana
691: startcast torpor
691: 126.8 dps, 1928 hp, 398.25 mana
692: 126.6 dps, 1928 hp, 398.25 mana
693: 126.4 dps, 1928 hp, 398.25 mana
694: 126.2 dps, 1928 hp, 398.25 mana
695: finished casting torpor
695: 126.0 dps, 1928 hp, 228.25 mana
696: torpor tick
696: pox tick
696: nife tick
696: BreathOfUltor tick
696: epic tick
696: 126.7 dps, 2247 hp, 237.25 mana
697: 126.5 dps, 2247 hp, 237.25 mana
698: startcast cann4
698: 126.3 dps, 2247 hp, 237.25 mana
699: 126.1 dps, 2247 hp, 237.25 mana
700: 125.9 dps, 2247 hp, 237.25 mana
701: cann4 tick
701: finished casting cann4
701: 125.8 dps, 2099 hp, 319.25 mana
702: torpor tick
702: pox tick
702: nife tick
702: BreathOfUltor tick
702: epic tick
702: 126.4 dps, 2418 hp, 328.25 mana
703: startcast cann4
703: 126.2 dps, 2418 hp, 328.25 mana
704: 126.0 dps, 2418 hp, 328.25 mana
705: 125.9 dps, 2418 hp, 328.25 mana
706: cann4 tick
706: finished casting cann4
706: 125.7 dps, 2270 hp, 410.25 mana
707: 125.5 dps, 2270 hp, 410.25 mana
708: torpor tick
708: pox tick
708: nife tick
708: BreathOfUltor tick
708: epic tick
708: startcast cann4
708: 126.1 dps, 2589 hp, 419.25 mana
709: 125.9 dps, 2589 hp, 419.25 mana
710: 125.8 dps, 2589 hp, 419.25 mana
711: cann4 tick
711: finished casting cann4
711: 125.6 dps, 2441 hp, 501.25 mana
712: 125.4 dps, 2441 hp, 501.25 mana
713: startcast cann4
713: 125.2 dps, 2441 hp, 501.25 mana
714: torpor tick
714: pox tick
714: nife tick
714: BreathOfUltor tick
714: epic tick
714: 125.9 dps, 2760 hp, 510.25 mana
715: 125.7 dps, 2760 hp, 510.25 mana
716: cann4 tick
716: finished casting cann4
716: 125.5 dps, 2612 hp, 592.25 mana
717: 125.3 dps, 2612 hp, 592.25 mana
718: startcast BloodOfSaryrn
718: 125.2 dps, 2612 hp, 592.25 mana
719: 125.0 dps, 2612 hp, 592.25 mana
720: torpor tick
720: pox tick
720: nife tick
720: BreathOfUltor tick
720: epic tick
720: 125.6 dps, 2931 hp, 601.25 mana
721: 125.4 dps, 2931 hp, 601.25 mana
722: 125.2 dps, 2931 hp, 601.25 mana
723: finished casting BloodOfSaryrn
723: 125.1 dps, 2931 hp, 146.5 mana
724: 124.9 dps, 2931 hp, 146.5 mana
725: 124.7 dps, 2931 hp, 146.5 mana
726: torpor tick
726: pox tick
726: BloodOfSaryrn tick
726: nife tick
726: BreathOfUltor tick
726: epic tick
726: startcast cann4
726: 125.8 dps, 3250 hp, 155.5 mana
727: 125.6 dps, 3250 hp, 155.5 mana
728: 125.4 dps, 3250 hp, 155.5 mana
729: cann4 tick
729: finished casting cann4
729: 125.3 dps, 3102 hp, 237.5 mana
730: 125.1 dps, 3102 hp, 237.5 mana
731: startcast cann4
731: 124.9 dps, 3102 hp, 237.5 mana
732: pox tick
732: BloodOfSaryrn tick
732: BreathOfUltor tick
732: epic tick
732: 125.7 dps, 3121 hp, 246.5 mana
733: 125.5 dps, 3121 hp, 246.5 mana
734: cann4 tick
734: finished casting cann4
734: 125.3 dps, 2973 hp, 328.5 mana
735: 125.1 dps, 2973 hp, 328.5 mana
736: startcast cann4
736: 125.0 dps, 2973 hp, 328.5 mana
737: 124.8 dps, 2973 hp, 328.5 mana
738: pox tick
738: BloodOfSaryrn tick
738: BreathOfUltor tick
738: epic tick
738: 125.5 dps, 2992 hp, 337.5 mana
739: cann4 tick
739: finished casting cann4
739: 125.4 dps, 2844 hp, 419.5 mana
740: 125.2 dps, 2844 hp, 419.5 mana
741: startcast epic
741: 125.0 dps, 2844 hp, 419.5 mana
742: 124.9 dps, 2844 hp, 419.5 mana
743: 124.7 dps, 2844 hp, 419.5 mana
744: BloodOfSaryrn tick
744: BreathOfUltor tick
744: 125.1 dps, 2863 hp, 428.5 mana
745: 125.0 dps, 2863 hp, 428.5 mana
746: 124.8 dps, 2863 hp, 428.5 mana
747: 124.6 dps, 2863 hp, 428.5 mana
748: 124.5 dps, 2863 hp, 428.5 mana
749: 124.3 dps, 2863 hp, 428.5 mana
750: BloodOfSaryrn tick
750: BreathOfUltor tick
750: finished casting epic
750: 124.7 dps, 2882 hp, 437.5 mana
751: startcast nife
751: 124.6 dps, 2882 hp, 437.5 mana
752: 124.4 dps, 2882 hp, 437.5 mana
753: 124.2 dps, 2882 hp, 437.5 mana
754: 124.1 dps, 2882 hp, 437.5 mana
755: 123.9 dps, 2882 hp, 437.5 mana
756: BloodOfSaryrn tick
756: BreathOfUltor tick
756: epic tick
756: finished casting nife
756: 124.5 dps, 2901 hp, 85.25 mana
757: 124.3 dps, 2901 hp, 85.25 mana
758: 124.1 dps, 2901 hp, 85.25 mana
759: startcast cann4
759: 124.0 dps, 2901 hp, 85.25 mana
760: 123.8 dps, 2901 hp, 85.25 mana
761: 123.7 dps, 2901 hp, 85.25 mana
762: BloodOfSaryrn tick
762: nife tick
762: BreathOfUltor tick
762: epic tick
762: cann4 tick
762: finished casting cann4
762: 124.5 dps, 2772 hp, 176.25 mana
763: 124.4 dps, 2772 hp, 176.25 mana
764: startcast cann4
764: 124.2 dps, 2772 hp, 176.25 mana
765: 124.0 dps, 2772 hp, 176.25 mana
766: 123.9 dps, 2772 hp, 176.25 mana
767: cann4 tick
767: finished casting cann4
767: 123.7 dps, 2624 hp, 258.25 mana
768: BloodOfSaryrn tick
768: nife tick
768: BreathOfUltor tick
768: epic tick
768: 124.6 dps, 2643 hp, 267.25 mana
769: startcast cann4
769: 124.4 dps, 2643 hp, 267.25 mana
770: 124.2 dps, 2643 hp, 267.25 mana
771: 124.1 dps, 2643 hp, 267.25 mana
772: cann4 tick
772: finished casting cann4
772: 123.9 dps, 2495 hp, 349.25 mana
773: 123.7 dps, 2495 hp, 349.25 mana
774: BloodOfSaryrn tick
774: nife tick
774: BreathOfUltor tick
774: epic tick
774: cann5 tick
774: finished casting cann5
774: startcast cann5
774: 124.6 dps, 590 hp, 1424.25 mana
775: startcast torpor
775: 124.4 dps, 590 hp, 1424.25 mana
776: 124.3 dps, 590 hp, 1424.25 mana
777: 124.1 dps, 590 hp, 1424.25 mana
778: 124.0 dps, 590 hp, 1424.25 mana
779: finished casting torpor
779: 123.8 dps, 590 hp, 1254.25 mana
780: torpor tick
780: nife tick
780: epic tick
780: 124.0 dps, 909 hp, 1263.25 mana
781: 123.9 dps, 909 hp, 1263.25 mana
782: startcast BloodOfSaryrn
782: 123.7 dps, 909 hp, 1263.25 mana
783: 123.6 dps, 909 hp, 1263.25 mana
784: 123.4 dps, 909 hp, 1263.25 mana
785: 123.3 dps, 909 hp, 1263.25 mana
786: torpor tick
786: nife tick
786: epic tick
786: 123.5 dps, 1228 hp, 1272.25 mana
787: finished casting BloodOfSaryrn
787: 123.4 dps, 1228 hp, 817.5 mana
788: 123.2 dps, 1228 hp, 817.5 mana
789: 123.0 dps, 1228 hp, 817.5 mana
790: startcast BreathOfUltor
790: 122.9 dps, 1228 hp, 817.5 mana
791: 122.7 dps, 1228 hp, 817.5 mana
792: torpor tick
792: BloodOfSaryrn tick
792: nife tick
792: epic tick
792: 123.4 dps, 1547 hp, 826.5 mana
793: 123.2 dps, 1547 hp, 826.5 mana
794: 123.1 dps, 1547 hp, 826.5 mana
795: 122.9 dps, 1547 hp, 826.5 mana
796: finished casting BreathOfUltor
796: 122.8 dps, 1547 hp, 359 mana
797: 122.6 dps, 1547 hp, 359 mana
798: torpor tick
798: BloodOfSaryrn tick
798: nife tick
798: BreathOfUltor tick
798: epic tick
798: 123.4 dps, 1866 hp, 368 mana
799: startcast cann4
799: 123.3 dps, 1866 hp, 368 mana
800: 123.1 dps, 1866 hp, 368 mana
801: 123.0 dps, 1866 hp, 368 mana
802: cann4 tick
802: finished casting cann4
802: 122.8 dps, 1718 hp, 450 mana
803: 122.7 dps, 1718 hp, 450 mana
804: torpor tick
804: BloodOfSaryrn tick
804: nife tick
804: BreathOfUltor tick
804: epic tick
804: startcast pox
804: 123.5 dps, 2037 hp, 459 mana
805: 123.3 dps, 2037 hp, 459 mana
806: 123.2 dps, 2037 hp, 459 mana
807: 123.0 dps, 2037 hp, 459 mana
808: 122.9 dps, 2037 hp, 459 mana
809: finished casting pox
809: 122.7 dps, 2037 hp, 89.25 mana
810: torpor tick
810: pox tick
810: BloodOfSaryrn tick
810: nife tick
810: BreathOfUltor tick
810: epic tick
810: 123.7 dps, 2356 hp, 98.25 mana
811: 123.5 dps, 2356 hp, 98.25 mana
812: startcast cann4
812: 123.4 dps, 2356 hp, 98.25 mana
813: 123.2 dps, 2356 hp, 98.25 mana
814: 123.1 dps, 2356 hp, 98.25 mana
815: cann4 tick
815: finished casting cann4
815: 122.9 dps, 2208 hp, 180.25 mana
816: pox tick
816: BloodOfSaryrn tick
816: BreathOfUltor tick
816: epic tick
816: 123.6 dps, 2227 hp, 189.25 mana
817: startcast cann4
817: 123.4 dps, 2227 hp, 189.25 mana
818: 123.3 dps, 2227 hp, 189.25 mana
819: 123.1 dps, 2227 hp, 189.25 mana
820: cann4 tick
820: finished casting cann4
820: 123.0 dps, 2079 hp, 271.25 mana
821: 122.8 dps, 2079 hp, 271.25 mana
822: pox tick
822: BloodOfSaryrn tick
822: BreathOfUltor tick
822: epic tick
822: startcast cann4
822: 123.5 dps, 2098 hp, 280.25 mana
823: 123.3 dps, 2098 hp, 280.25 mana
824: 123.2 dps, 2098 hp, 280.25 mana
825: cann4 tick
825: finished casting cann4
825: 123.0 dps, 1950 hp, 362.25 mana
826: 122.9 dps, 1950 hp, 362.25 mana
827: startcast torpor
827: 122.7 dps, 1950 hp, 362.25 mana
828: pox tick
828: BloodOfSaryrn tick
828: BreathOfUltor tick
828: epic tick
828: 123.4 dps, 1969 hp, 371.25 mana
829: 123.2 dps, 1969 hp, 371.25 mana
830: 123.1 dps, 1969 hp, 371.25 mana
831: finished casting torpor
831: 122.9 dps, 1969 hp, 201.25 mana
832: 122.8 dps, 1969 hp, 201.25 mana
833: 122.6 dps, 1969 hp, 201.25 mana
834: torpor tick
834: pox tick
834: BloodOfSaryrn tick
834: BreathOfUltor tick
834: epic tick
834: startcast epic
834: 123.3 dps, 2288 hp, 210.25 mana
835: 123.1 dps, 2288 hp, 210.25 mana
836: 123.0 dps, 2288 hp, 210.25 mana
837: 122.8 dps, 2288 hp, 210.25 mana
838: 122.7 dps, 2288 hp, 210.25 mana
839: 122.5 dps, 2288 hp, 210.25 mana
840: torpor tick
840: pox tick
840: BloodOfSaryrn tick
840: BreathOfUltor tick
840: 123.1 dps, 2607 hp, 219.25 mana
841: 122.9 dps, 2607 hp, 219.25 mana
842: 122.8 dps, 2607 hp, 219.25 mana
843: finished casting epic
843: 122.6 dps, 2607 hp, 219.25 mana
844: startcast cann4
844: 122.5 dps, 2607 hp, 219.25 mana
845: 122.4 dps, 2607 hp, 219.25 mana
846: torpor tick
846: pox tick
846: BreathOfUltor tick
846: epic tick
846: 122.6 dps, 2926 hp, 228.25 mana
847: cann4 tick
847: finished casting cann4
847: 122.5 dps, 2778 hp, 310.25 mana
848: 122.3 dps, 2778 hp, 310.25 mana
849: startcast cann4
849: 122.2 dps, 2778 hp, 310.25 mana
850: 122.0 dps, 2778 hp, 310.25 mana
851: 121.9 dps, 2778 hp, 310.25 mana
852: torpor tick
852: pox tick
852: BreathOfUltor tick
852: epic tick
852: cann4 tick
852: finished casting cann4
852: 122.1 dps, 2949 hp, 401.25 mana
853: 122.0 dps, 2949 hp, 401.25 mana
854: startcast cann4
854: 121.9 dps, 2949 hp, 401.25 mana
855: 121.7 dps, 2949 hp, 401.25 mana
856: 121.6 dps, 2949 hp, 401.25 mana
857: cann4 tick
857: finished casting cann4
857: 121.4 dps, 2801 hp, 483.25 mana
858: torpor tick
858: pox tick
858: BreathOfUltor tick
858: epic tick
858: 121.7 dps, 3120 hp, 492.25 mana
859: startcast nife
859: 121.5 dps, 3120 hp, 492.25 mana
860: 121.4 dps, 3120 hp, 492.25 mana
861: 121.3 dps, 3120 hp, 492.25 mana
862: 121.1 dps, 3120 hp, 492.25 mana
863: 121.0 dps, 3120 hp, 492.25 mana
864: torpor tick
864: pox tick
864: BreathOfUltor tick
864: epic tick
864: finished casting nife
864: 121.2 dps, 3439 hp, 140 mana
865: 121.1 dps, 3439 hp, 140 mana
866: 120.9 dps, 3439 hp, 140 mana
867: startcast cann4
867: 120.8 dps, 3439 hp, 140 mana
868: 120.7 dps, 3439 hp, 140 mana
869: 120.5 dps, 3439 hp, 140 mana
870: pox tick
870: nife tick
870: BreathOfUltor tick
870: epic tick
870: cann4 tick
870: finished casting cann4
870: 121.0 dps, 3310 hp, 231 mana
871: 120.9 dps, 3310 hp, 231 mana
872: startcast cann4
872: 120.8 dps, 3310 hp, 231 mana
873: 120.6 dps, 3310 hp, 231 mana
874: 120.5 dps, 3310 hp, 231 mana
875: cann4 tick
875: finished casting cann4
875: 120.3 dps, 3162 hp, 313 mana
876: pox tick
876: nife tick
876: BreathOfUltor tick
876: epic tick
876: 120.9 dps, 3181 hp, 322 mana
877: startcast cann4
877: 120.7 dps, 3181 hp, 322 mana
878: 120.6 dps, 3181 hp, 322 mana
879: 120.4 dps, 3181 hp, 322 mana
880: cann4 tick
880: finished casting cann4
880: 120.3 dps, 3033 hp, 404 mana
881: 120.2 dps, 3033 hp, 404 mana
882: pox tick
882: nife tick
882: BreathOfUltor tick
882: epic tick
882: startcast cann4
882: 120.7 dps, 3052 hp, 413 mana
883: 120.5 dps, 3052 hp, 413 mana
884: 120.4 dps, 3052 hp, 413 mana
885: cann4 tick
885: finished casting cann4
885: 120.3 dps, 2904 hp, 495 mana
886: 120.1 dps, 2904 hp, 495 mana
887: startcast cann4
887: 120.0 dps, 2904 hp, 495 mana
888: pox tick
888: nife tick
888: BreathOfUltor tick
888: epic tick
888: 120.5 dps, 2923 hp, 504 mana
889: 120.4 dps, 2923 hp, 504 mana
890: cann4 tick
890: finished casting cann4
890: 120.2 dps, 2775 hp, 586 mana
891: 120.1 dps, 2775 hp, 586 mana
892: startcast BloodOfSaryrn
892: 120.0 dps, 2775 hp, 586 mana
893: 119.8 dps, 2775 hp, 586 mana
894: pox tick
894: nife tick
894: BreathOfUltor tick
894: epic tick
894: 120.3 dps, 2794 hp, 595 mana
895: 120.2 dps, 2794 hp, 595 mana
896: 120.1 dps, 2794 hp, 595 mana
897: finished casting BloodOfSaryrn
897: 119.9 dps, 2794 hp, 140.25 mana
898: 119.8 dps, 2794 hp, 140.25 mana
899: 119.7 dps, 2794 hp, 140.25 mana
900: pox tick
900: BloodOfSaryrn tick
900: nife tick
900: BreathOfUltor tick
900: epic tick
900: startcast cann4
900: 120.5 dps, 2813 hp, 149.25 mana
901: 120.4 dps, 2813 hp, 149.25 mana
902: 120.3 dps, 2813 hp, 149.25 mana
903: cann4 tick
903: finished casting cann4
903: 120.1 dps, 2665 hp, 231.25 mana
904: 120.0 dps, 2665 hp, 231.25 mana
905: startcast cann4
905: 119.9 dps, 2665 hp, 231.25 mana
906: pox tick
906: BloodOfSaryrn tick
906: nife tick
906: BreathOfUltor tick
906: epic tick
906: 120.7 dps, 2684 hp, 240.25 mana
907: 120.6 dps, 2684 hp, 240.25 mana
908: cann4 tick
908: finished casting cann4
908: 120.4 dps, 2536 hp, 322.25 mana
909: 120.3 dps, 2536 hp, 322.25 mana
910: startcast cann4
910: 120.2 dps, 2536 hp, 322.25 mana
911: 120.0 dps, 2536 hp, 322.25 mana
912: pox tick
912: BloodOfSaryrn tick
912: nife tick
912: BreathOfUltor tick
912: epic tick
912: 120.9 dps, 2555 hp, 331.25 mana
913: cann4 tick
913: finished casting cann4
913: 120.8 dps, 2407 hp, 413.25 mana
914: 120.6 dps, 2407 hp, 413.25 mana
915: startcast cann4
915: 120.5 dps, 2407 hp, 413.25 mana
916: 120.4 dps, 2407 hp, 413.25 mana
917: 120.2 dps, 2407 hp, 413.25 mana
918: pox tick
918: BloodOfSaryrn tick
918: nife tick
918: BreathOfUltor tick
918: epic tick
918: cann4 tick
918: finished casting cann4
918: 121.1 dps, 2278 hp, 504.25 mana
919: 120.9 dps, 2278 hp, 504.25 mana
920: startcast nife
920: 120.8 dps, 2278 hp, 504.25 mana
921: 120.7 dps, 2278 hp, 504.25 mana
922: 120.5 dps, 2278 hp, 504.25 mana
923: 120.4 dps, 2278 hp, 504.25 mana
924: pox tick
924: BloodOfSaryrn tick
924: BreathOfUltor tick
924: epic tick
924: 121.0 dps, 2297 hp, 513.25 mana
925: finished casting nife
925: 120.9 dps, 2297 hp, 152 mana
926: 120.7 dps, 2297 hp, 152 mana
927: 120.6 dps, 2297 hp, 152 mana
928: startcast epic
928: 120.5 dps, 2297 hp, 152 mana
929: 120.4 dps, 2297 hp, 152 mana
930: pox tick
930: BloodOfSaryrn tick
930: nife tick
930: BreathOfUltor tick
930: 121.1 dps, 2316 hp, 161 mana
931: 121.0 dps, 2316 hp, 161 mana
932: 120.8 dps, 2316 hp, 161 mana
933: 120.7 dps, 2316 hp, 161 mana
934: 120.6 dps, 2316 hp, 161 mana
935: 120.4 dps, 2316 hp, 161 mana
936: BloodOfSaryrn tick
936: nife tick
936: BreathOfUltor tick
936: 121.0 dps, 2335 hp, 170 mana
937: finished casting epic
937: 120.9 dps, 2335 hp, 170 mana
938: startcast cann4
938: 120.8 dps, 2335 hp, 170 mana
939: 120.7 dps, 2335 hp, 170 mana
940: 120.5 dps, 2335 hp, 170 mana
941: cann4 tick
941: finished casting cann4
941: 120.4 dps, 2187 hp, 252 mana
942: BloodOfSaryrn tick
942: nife tick
942: BreathOfUltor tick
942: epic tick
942: 121.1 dps, 2206 hp, 261 mana
943: startcast cann4
943: 121.0 dps, 2206 hp, 261 mana
944: 120.8 dps, 2206 hp, 261 mana
945: 120.7 dps, 2206 hp, 261 mana
946: cann4 tick
946: finished casting cann4
946: 120.6 dps, 2058 hp, 343 mana
947: 120.5 dps, 2058 hp, 343 mana
948: BloodOfSaryrn tick
948: nife tick
948: BreathOfUltor tick
948: epic tick
948: startcast cann4
948: 121.1 dps, 2077 hp, 352 mana
949: 121.0 dps, 2077 hp, 352 mana
950: 120.9 dps, 2077 hp, 352 mana
951: cann4 tick
951: finished casting cann4
951: 120.8 dps, 1929 hp, 434 mana
952: 120.6 dps, 1929 hp, 434 mana
953: startcast torpor
953: 120.5 dps, 1929 hp, 434 mana
954: nife tick
954: BreathOfUltor tick
954: epic tick
954: 120.9 dps, 1948 hp, 443 mana
955: 120.7 dps, 1948 hp, 443 mana
956: 120.6 dps, 1948 hp, 443 mana
957: finished casting torpor
957: 120.5 dps, 1948 hp, 273 mana
958: 120.4 dps, 1948 hp, 273 mana
959: 120.2 dps, 1948 hp, 273 mana
960: torpor tick
960: nife tick
960: BreathOfUltor tick
960: epic tick
960: cann5 tick
960: finished casting cann5
960: startcast cann5
960: 120.6 dps, 343 hp, 1348 mana
961: startcast BloodOfSaryrn
961: 120.5 dps, 343 hp, 1348 mana
962: 120.3 dps, 343 hp, 1348 mana
963: 120.2 dps, 343 hp, 1348 mana
964: 120.1 dps, 343 hp, 1348 mana
965: 120.0 dps, 343 hp, 1348 mana
966: torpor tick
966: nife tick
966: BreathOfUltor tick
966: epic tick
966: finished casting BloodOfSaryrn
966: 120.3 dps, 662 hp, 902.25 mana
967: 120.2 dps, 662 hp, 902.25 mana
968: 120.0 dps, 662 hp, 902.25 mana
969: startcast BreathOfUltor
969: 119.9 dps, 662 hp, 902.25 mana
970: 119.8 dps, 662 hp, 902.25 mana
971: 119.7 dps, 662 hp, 902.25 mana
972: torpor tick
972: BloodOfSaryrn tick
972: nife tick
972: epic tick
972: 120.2 dps, 981 hp, 911.25 mana
973: 120.1 dps, 981 hp, 911.25 mana
974: 120.0 dps, 981 hp, 911.25 mana
975: finished casting BreathOfUltor
975: 119.8 dps, 981 hp, 443.75 mana
976: 119.7 dps, 981 hp, 443.75 mana
977: 119.6 dps, 981 hp, 443.75 mana
978: torpor tick
978: BloodOfSaryrn tick
978: nife tick
978: BreathOfUltor tick
978: epic tick
978: startcast nife
978: 120.3 dps, 1300 hp, 452.75 mana
979: 120.2 dps, 1300 hp, 452.75 mana
980: 120.0 dps, 1300 hp, 452.75 mana
981: 119.9 dps, 1300 hp, 452.75 mana
982: 119.8 dps, 1300 hp, 452.75 mana
983: finished casting nife
983: 119.7 dps, 1300 hp, 91.5 mana
984: torpor tick
984: BloodOfSaryrn tick
984: nife tick
984: BreathOfUltor tick
984: epic tick
984: 120.3 dps, 1619 hp, 100.5 mana
985: 120.2 dps, 1619 hp, 100.5 mana
986: startcast cann4
986: 120.1 dps, 1619 hp, 100.5 mana
987: 120.0 dps, 1619 hp, 100.5 mana
988: 119.8 dps, 1619 hp, 100.5 mana
989: cann4 tick
989: finished casting cann4
989: 119.7 dps, 1471 hp, 182.5 mana
990: torpor tick
990: BloodOfSaryrn tick
990: nife tick
990: BreathOfUltor tick
990: epic tick
990: 120.4 dps, 1790 hp, 191.5 mana
991: startcast cann4
991: 120.3 dps, 1790 hp, 191.5 mana
992: 120.1 dps, 1790 hp, 191.5 mana
993: 120.0 dps, 1790 hp, 191.5 mana
994: cann4 tick
994: finished casting cann4
994: 119.9 dps, 1642 hp, 273.5 mana
995: 119.8 dps, 1642 hp, 273.5 mana
996: BloodOfSaryrn tick
996: nife tick
996: BreathOfUltor tick
996: epic tick
996: startcast torpor
996: 120.4 dps, 1661 hp, 282.5 mana
997: 120.3 dps, 1661 hp, 282.5 mana
998: 120.2 dps, 1661 hp, 282.5 mana
999: 120.1 dps, 1661 hp, 282.5 mana
1000: finished casting torpor
1000: 120.0 dps, 1661 hp, 112.5 mana
1001: 119.8 dps, 1661 hp, 112.5 mana
1002: torpor tick
1002: BloodOfSaryrn tick
1002: nife tick
1002: BreathOfUltor tick
1002: epic tick
1002: 120.5 dps, 1980 hp, 121.5 mana
1003: startcast cann4
1003: 120.4 dps, 1980 hp, 121.5 mana
1004: 120.3 dps, 1980 hp, 121.5 mana
1005: 120.1 dps, 1980 hp, 121.5 mana
1006: cann4 tick
1006: finished casting cann4
1006: 120.0 dps, 1832 hp, 203.5 mana
1007: 119.9 dps, 1832 hp, 203.5 mana
1008: torpor tick
1008: BloodOfSaryrn tick
1008: nife tick
1008: BreathOfUltor tick
1008: epic tick
1008: startcast cann4
1008: 120.6 dps, 2151 hp, 212.5 mana
1009: 120.4 dps, 2151 hp, 212.5 mana
1010: 120.3 dps, 2151 hp, 212.5 mana
1011: cann4 tick
1011: finished casting cann4
1011: 120.2 dps, 2003 hp, 294.5 mana
1012: 120.1 dps, 2003 hp, 294.5 mana
1013: startcast cann4
1013: 120.0 dps, 2003 hp, 294.5 mana
1014: torpor tick
1014: BloodOfSaryrn tick
1014: nife tick
1014: BreathOfUltor tick
1014: epic tick
1014: 120.6 dps, 2322 hp, 303.5 mana
1015: 120.5 dps, 2322 hp, 303.5 mana
1016: cann4 tick
1016: finished casting cann4
1016: 120.4 dps, 2174 hp, 385.5 mana
1017: 120.2 dps, 2174 hp, 385.5 mana
1018: startcast cann4
1018: 120.1 dps, 2174 hp, 385.5 mana
1019: 120.0 dps, 2174 hp, 385.5 mana
1020: torpor tick
1020: BloodOfSaryrn tick
1020: nife tick
1020: BreathOfUltor tick
1020: epic tick
1020: 120.7 dps, 2493 hp, 394.5 mana
1021: cann4 tick
1021: finished casting cann4
1021: 120.5 dps, 2345 hp, 476.5 mana
1022: 120.4 dps, 2345 hp, 476.5 mana
1023: startcast epic
1023: 120.3 dps, 2345 hp, 476.5 mana
1024: 120.2 dps, 2345 hp, 476.5 mana
1025: 120.1 dps, 2345 hp, 476.5 mana
1026: torpor tick
1026: nife tick
1026: BreathOfUltor tick
1026: 120.3 dps, 2664 hp, 485.5 mana
1027: 120.2 dps, 2664 hp, 485.5 mana
1028: 120.1 dps, 2664 hp, 485.5 mana
1029: 120.0 dps, 2664 hp, 485.5 mana
1030: 119.8 dps, 2664 hp, 485.5 mana
1031: 119.7 dps, 2664 hp, 485.5 mana
1032: torpor tick
1032: nife tick
1032: BreathOfUltor tick
1032: finished casting epic
1032: 120.0 dps, 2983 hp, 494.5 mana
1033: startcast nife
1033: 119.8 dps, 2983 hp, 494.5 mana
1034: 119.7 dps, 2983 hp, 494.5 mana
1035: 119.6 dps, 2983 hp, 494.5 mana
1036: 119.5 dps, 2983 hp, 494.5 mana
1037: 119.4 dps, 2983 hp, 494.5 mana
1038: BreathOfUltor tick
1038: epic tick
1038: finished casting nife
1038: 119.5 dps, 3002 hp, 142.25 mana
1039: 119.4 dps, 3002 hp, 142.25 mana
1040: 119.2 dps, 3002 hp, 142.25 mana
1041: startcast cann4
1041: 119.1 dps, 3002 hp, 142.25 mana
1042: 119.0 dps, 3002 hp, 142.25 mana
1043: 118.9 dps, 3002 hp, 142.25 mana
1044: nife tick
1044: BreathOfUltor tick
1044: epic tick
1044: cann4 tick
1044: finished casting cann4
1044: 119.2 dps, 2873 hp, 233.25 mana
1045: 119.1 dps, 2873 hp, 233.25 mana
1046: startcast cann4
1046: 119.0 dps, 2873 hp, 233.25 mana
1047: 118.9 dps, 2873 hp, 233.25 mana
1048: 118.8 dps, 2873 hp, 233.25 mana
1049: cann4 tick
1049: finished casting cann4
1049: 118.7 dps, 2725 hp, 315.25 mana
1050: nife tick
1050: BreathOfUltor tick
1050: epic tick
1050: 119.0 dps, 2744 hp, 324.25 mana
1051: startcast cann4
1051: 118.9 dps, 2744 hp, 324.25 mana
1052: 118.7 dps, 2744 hp, 324.25 mana
1053: 118.6 dps, 2744 hp, 324.25 mana
1054: cann4 tick
1054: finished casting cann4
1054: 118.5 dps, 2596 hp, 406.25 mana
1055: 118.4 dps, 2596 hp, 406.25 mana
1056: nife tick
1056: BreathOfUltor tick
1056: epic tick
1056: startcast cann4
1056: 118.7 dps, 2615 hp, 415.25 mana
1057: 118.6 dps, 2615 hp, 415.25 mana
1058: 118.5 dps, 2615 hp, 415.25 mana
1059: cann4 tick
1059: finished casting cann4
1059: 118.4 dps, 2467 hp, 497.25 mana
1060: 118.3 dps, 2467 hp, 497.25 mana
1061: startcast pox
1061: 118.2 dps, 2467 hp, 497.25 mana
1062: nife tick
1062: BreathOfUltor tick
1062: epic tick
1062: 118.5 dps, 2486 hp, 506.25 mana
1063: 118.4 dps, 2486 hp, 506.25 mana
1064: 118.3 dps, 2486 hp, 506.25 mana
1065: 118.1 dps, 2486 hp, 506.25 mana
1066: finished casting pox
1066: 118.0 dps, 2486 hp, 136.5 mana
1067: 117.9 dps, 2486 hp, 136.5 mana
1068: pox tick
1068: nife tick
1068: BreathOfUltor tick
1068: epic tick
1068: 118.3 dps, 2505 hp, 145.5 mana
1069: startcast cann4
1069: 118.2 dps, 2505 hp, 145.5 mana
1070: 118.1 dps, 2505 hp, 145.5 mana
1071: 118.0 dps, 2505 hp, 145.5 mana
1072: cann4 tick
1072: finished casting cann4
1072: 117.9 dps, 2357 hp, 227.5 mana
1073: 117.8 dps, 2357 hp, 227.5 mana
1074: pox tick
1074: nife tick
1074: BreathOfUltor tick
1074: epic tick
1074: startcast cann4
1074: 118.2 dps, 2376 hp, 236.5 mana
1075: 118.1 dps, 2376 hp, 236.5 mana
1076: 118.0 dps, 2376 hp, 236.5 mana
1077: cann4 tick
1077: finished casting cann4
1077: 117.9 dps, 2228 hp, 318.5 mana
1078: 117.8 dps, 2228 hp, 318.5 mana
1079: startcast cann4
1079: 117.7 dps, 2228 hp, 318.5 mana
1080: pox tick
1080: nife tick
1080: BreathOfUltor tick
1080: epic tick
1080: 118.1 dps, 2247 hp, 327.5 mana
1081: 118.0 dps, 2247 hp, 327.5 mana
1082: cann4 tick
1082: finished casting cann4
1082: 117.9 dps, 2099 hp, 409.5 mana
1083: 117.8 dps, 2099 hp, 409.5 mana
1084: startcast cann4
1084: 117.6 dps, 2099 hp, 409.5 mana
1085: 117.5 dps, 2099 hp, 409.5 mana
1086: pox tick
1086: nife tick
1086: BreathOfUltor tick
1086: epic tick
1086: 118.0 dps, 2118 hp, 418.5 mana
1087: cann4 tick
1087: finished casting cann4
1087: 117.8 dps, 1970 hp, 500.5 mana
1088: 117.7 dps, 1970 hp, 500.5 mana
1089: startcast torpor
1089: 117.6 dps, 1970 hp, 500.5 mana
1090: 117.5 dps, 1970 hp, 500.5 mana
1091: 117.4 dps, 1970 hp, 500.5 mana
1092: pox tick
1092: nife tick
1092: BreathOfUltor tick
1092: epic tick
1092: 117.8 dps, 1989 hp, 509.5 mana
1093: finished casting torpor
1093: 117.7 dps, 1989 hp, 339.5 mana
1094: 117.6 dps, 1989 hp, 339.5 mana
1095: 117.5 dps, 1989 hp, 339.5 mana
1096: startcast cann4
1096: 117.4 dps, 1989 hp, 339.5 mana
1097: 117.3 dps, 1989 hp, 339.5 mana
1098: torpor tick
1098: pox tick
1098: BreathOfUltor tick
1098: epic tick
1098: 117.5 dps, 2308 hp, 348.5 mana
1099: cann4 tick
1099: finished casting cann4
1099: 117.4 dps, 2160 hp, 430.5 mana
1100: 117.3 dps, 2160 hp, 430.5 mana
1101: startcast nife
1101: 117.2 dps, 2160 hp, 430.5 mana
1102: 117.1 dps, 2160 hp, 430.5 mana
1103: 117.0 dps, 2160 hp, 430.5 mana
1104: torpor tick
1104: pox tick
1104: BreathOfUltor tick
1104: epic tick
1104: 117.2 dps, 2479 hp, 439.5 mana
1105: 117.0 dps, 2479 hp, 439.5 mana
1106: finished casting nife
1106: 116.9 dps, 2479 hp, 78.25 mana
1107: 116.8 dps, 2479 hp, 78.25 mana
1108: 116.7 dps, 2479 hp, 78.25 mana
1109: startcast cann4
1109: 116.6 dps, 2479 hp, 78.25 mana
1110: torpor tick
1110: pox tick
1110: nife tick
1110: BreathOfUltor tick
1110: epic tick
1110: 117.0 dps, 2798 hp, 87.25 mana
1111: 116.9 dps, 2798 hp, 87.25 mana
1112: cann4 tick
1112: finished casting cann4
1112: 116.8 dps, 2650 hp, 169.25 mana
1113: 116.7 dps, 2650 hp, 169.25 mana
1114: startcast cann4
1114: 116.6 dps, 2650 hp, 169.25 mana
1115: 116.5 dps, 2650 hp, 169.25 mana
1116: torpor tick
1116: pox tick
1116: nife tick
1116: BreathOfUltor tick
1116: epic tick
1116: 116.9 dps, 2969 hp, 178.25 mana
1117: cann4 tick
1117: finished casting cann4
1117: 116.8 dps, 2821 hp, 260.25 mana
1118: 116.7 dps, 2821 hp, 260.25 mana
1119: startcast epic
1119: 116.6 dps, 2821 hp, 260.25 mana
1120: 116.5 dps, 2821 hp, 260.25 mana
1121: 116.4 dps, 2821 hp, 260.25 mana
1122: torpor tick
1122: pox tick
1122: nife tick
1122: BreathOfUltor tick
1122: 116.7 dps, 3140 hp, 269.25 mana
1123: 116.6 dps, 3140 hp, 269.25 mana
1124: 116.5 dps, 3140 hp, 269.25 mana
1125: 116.4 dps, 3140 hp, 269.25 mana
1126: 116.3 dps, 3140 hp, 269.25 mana
1127: 116.2 dps, 3140 hp, 269.25 mana
1128: torpor tick
1128: pox tick
1128: nife tick
1128: BreathOfUltor tick
1128: finished casting epic
1128: 116.5 dps, 3459 hp, 278.25 mana
1129: startcast cann4
1129: 116.4 dps, 3459 hp, 278.25 mana
1130: 116.3 dps, 3459 hp, 278.25 mana
1131: 116.2 dps, 3459 hp, 278.25 mana
1132: cann4 tick
1132: finished casting cann4
1132: 116.1 dps, 3311 hp, 360.25 mana
1133: 116.0 dps, 3311 hp, 360.25 mana
1134: pox tick
1134: nife tick
1134: BreathOfUltor tick
1134: epic tick
1134: startcast cann4
1134: 116.4 dps, 3330 hp, 369.25 mana
1135: 116.3 dps, 3330 hp, 369.25 mana
1136: 116.2 dps, 3330 hp, 369.25 mana
1137: cann4 tick
1137: finished casting cann4
1137: 116.1 dps, 3182 hp, 451.25 mana
1138: 116.0 dps, 3182 hp, 451.25 mana
1139: startcast cann4
1139: 115.9 dps, 3182 hp, 451.25 mana
1140: pox tick
1140: nife tick
1140: BreathOfUltor tick
1140: epic tick
1140: 116.3 dps, 3201 hp, 460.25 mana
1141: 116.2 dps, 3201 hp, 460.25 mana
1142: cann4 tick
1142: finished casting cann4
1142: 116.1 dps, 3053 hp, 542.25 mana
1143: 116.0 dps, 3053 hp, 542.25 mana
1144: cann5 tick
1144: finished casting cann5
1144: startcast cann5
1144: 115.9 dps, 1129 hp, 1608.25 mana
1145: startcast torpor
1145: 115.8 dps, 1129 hp, 1608.25 mana
1146: pox tick
1146: nife tick
1146: BreathOfUltor tick
1146: epic tick
1146: 116.2 dps, 1148 hp, 1617.25 mana
1147: 116.1 dps, 1148 hp, 1617.25 mana
1148: 116.0 dps, 1148 hp, 1617.25 mana
1149: finished casting torpor
1149: 115.9 dps, 1148 hp, 1447.25 mana
1150: 115.8 dps, 1148 hp, 1447.25 mana
1151: 115.7 dps, 1148 hp, 1447.25 mana
1152: torpor tick
1152: pox tick
1152: nife tick
1152: epic tick
1152: startcast BloodOfSaryrn
1152: 115.9 dps, 1467 hp, 1456.25 mana
1153: 115.8 dps, 1467 hp, 1456.25 mana
1154: 115.7 dps, 1467 hp, 1456.25 mana
1155: 115.6 dps, 1467 hp, 1456.25 mana
1156: 115.5 dps, 1467 hp, 1456.25 mana
1157: finished casting BloodOfSaryrn
1157: 115.4 dps, 1467 hp, 1001.5 mana
1158: torpor tick
1158: pox tick
1158: BloodOfSaryrn tick
1158: nife tick
1158: epic tick
1158: 116.0 dps, 1786 hp, 1010.5 mana
1159: 115.9 dps, 1786 hp, 1010.5 mana
1160: startcast nife
1160: 115.8 dps, 1786 hp, 1010.5 mana
1161: 115.7 dps, 1786 hp, 1010.5 mana
1162: 115.6 dps, 1786 hp, 1010.5 mana
1163: 115.5 dps, 1786 hp, 1010.5 mana
1164: torpor tick
1164: pox tick
1164: BloodOfSaryrn tick
1164: epic tick
1164: 115.9 dps, 2105 hp, 1019.5 mana
1165: finished casting nife
1165: 115.8 dps, 2105 hp, 658.25 mana
1166: 115.7 dps, 2105 hp, 658.25 mana
1167: 115.6 dps, 2105 hp, 658.25 mana
1168: startcast BreathOfUltor
1168: 115.5 dps, 2105 hp, 658.25 mana
1169: 115.4 dps, 2105 hp, 658.25 mana
1170: torpor tick
1170: pox tick
1170: BloodOfSaryrn tick
1170: nife tick
1170: epic tick
1170: 115.9 dps, 2424 hp, 667.25 mana
1171: 115.8 dps, 2424 hp, 667.25 mana
1172: 115.7 dps, 2424 hp, 667.25 mana
1173: 115.6 dps, 2424 hp, 667.25 mana
1174: finished casting BreathOfUltor
1174: 115.5 dps, 2424 hp, 199.75 mana
1175: 115.4 dps, 2424 hp, 199.75 mana
1176: torpor tick
1176: pox tick
1176: BloodOfSaryrn tick
1176: nife tick
1176: BreathOfUltor tick
1176: epic tick
1176: 116.1 dps, 2743 hp, 208.75 mana
1177: startcast cann4
1177: 116.0 dps, 2743 hp, 208.75 mana
1178: 115.9 dps, 2743 hp, 208.75 mana
1179: 115.8 dps, 2743 hp, 208.75 mana
1180: cann4 tick
1180: finished casting cann4
1180: 115.7 dps, 2595 hp, 290.75 mana
1181: 115.6 dps, 2595 hp, 290.75 mana
1182: torpor tick
1182: pox tick
1182: BloodOfSaryrn tick
1182: nife tick
1182: BreathOfUltor tick
1182: epic tick
1182: startcast cann4
1182: 116.2 dps, 2914 hp, 299.75 mana
1183: 116.1 dps, 2914 hp, 299.75 mana
1184: 116.0 dps, 2914 hp, 299.75 mana
1185: cann4 tick
1185: finished casting cann4
1185: 116.0 dps, 2766 hp, 381.75 mana
1186: 115.9 dps, 2766 hp, 381.75 mana
1187: startcast cann4
1187: 115.8 dps, 2766 hp, 381.75 mana
1188: pox tick
1188: BloodOfSaryrn tick
1188: nife tick
1188: BreathOfUltor tick
1188: epic tick
1188: 116.4 dps, 2785 hp, 390.75 mana
1189: 116.3 dps, 2785 hp, 390.75 mana
1190: cann4 tick
1190: finished casting cann4
1190: 116.2 dps, 2637 hp, 472.75 mana
1191: 116.1 dps, 2637 hp, 472.75 mana
1192: startcast pox
1192: 116.0 dps, 2637 hp, 472.75 mana
1193: 115.9 dps, 2637 hp, 472.75 mana
1194: BloodOfSaryrn tick
1194: nife tick
1194: BreathOfUltor tick
1194: epic tick
1194: 116.5 dps, 2656 hp, 481.75 mana
1195: 116.4 dps, 2656 hp, 481.75 mana
1196: 116.3 dps, 2656 hp, 481.75 mana
1197: finished casting pox
1197: 116.2 dps, 2656 hp, 112 mana
1198: 116.1 dps, 2656 hp, 112 mana
1199: 116.0 dps, 2656 hp, 112 mana
1200: pox tick
1200: BloodOfSaryrn tick
1200: nife tick
1200: BreathOfUltor tick
1200: epic tick
1200: startcast cann4
1200: 116.6 dps, 2675 hp, 121 mana
