953602831::A Cave::<a href="http://gameznet.com/ac/dungeons/A%20Cave(cragstone).htm">More</a>::::24.2N 43.2E::Cragstone, Mideast::Banderling Captain, Rat::<a href="http://gameznet.com/ac/equipment/tibrisfirespear.htm">Tibri's Fire Spear</a>::admin
953603115::A Lakeside Lair::<a href="http://gameznet.com/ac/dungeons/a%20lakeside%20lair.htm">More</a>::::19.0N 48.8E::Cragstone, Mideast::Mosswart Creeper, Mosswart Feeder, Grey Rat::::admin
953603239::A Ruin Portal::<a href="mailto:acstaff@gameznet.com">Submit Info</a>::::11.5N 55.5E::Mideast::::::admin
953765631::A Ruin::<a href="mailto:acstaff@gameznet.com">Submit Info</a>::1-5::3.3S 20.5E::Midlands::Drudges, Rats::::admin
953765655::Abandoned Mine::<a href="mailto:acstaff@gameznet.com">Submit Info</a>::::38.4N  54.6E::Arwic, Northeast::Banderling Captain, Lich::::admin
953765670::Advocate Dungeon::<a href="mailto:acstaff@gameznet.com">Submit Info</a>::::28.6S  78.1E::Southeast::::::admin
953765786::Adventurer's Haven::<a href="mailto:acstaff@gameznet.com">Submit Info</a>::::4.4N 35.5E::Mideast::::::admin
953765813::Accursed Halls::<a href="mailto:acstaff@gameznet.com">Submit Info</a>::::57.2S  68.9W::Southwest::Banderling Captain::::admin
953765831::Alfreth Dungeon::<a href="mailto:acstaff@gameznet.com">Submit Info</a>::::20.5N  13.2E::Glendon Woods, Midlands::Banderlings, Reedsharks::::admin
953765846::Artifax Vault::<a href="mailto:acstaff@gameznet.com">Submit Info</a>::::26.6N 46.0W::Plateau Village, Northwest::::Tool for pyreal weapons::admin
953765858::Arwic Mines::<a href="mailto:acstaff@gameznet.com">Submit Info</a>::::33.5N  57.0E::Arwic, Northeast::::::admin
953765873::Banderling Cave::<a href="mailto:acstaff@gameznet.com">Submit Info</a>::::24.2N  43.2E::Northeast::Banderlings::::admin
953765896::Bellig Tower Base::<a href="mailto:acstaff@gameznet.com">Submit Info</a>::::17.8N  16.0E::Midlands::::::admin
953765911::Black Death Catacombs::<a href="mailto:acstaff@gameznet.com">Submit Info</a>::20+::70.0N 71.1E::Northeast::Olthoi::::admin
953765922::Cave::<a href="mailto:acstaff@gameznet.com">Submit Info</a>::::18.4N  62.1E::Mideast::Monoguas::::admin
953765934::Cave of Alabree::<a href="mailto:acstaff@gameznet.com">Submit Info</a>::1-6::42.2N 29.3E::Holtburg, Northeast::Gnawer Shreths::Brogord's Axe::admin
953765945::Collier Mine Portal::<a href="mailto:acstaff@gameznet.com">Submit Info</a>::::56.8N  38.3E::Colier, Northeast::Banderlings, Drudges, Undead::::admin
953765955::Crater Cave::<a href="http://www.gameznet.com/ac/dungeons/cratercave.htm">More</a>::15+::66.7N  12.5E::Neydisa Castle, Northern::Magma Golems, Obsidian Golems, K'naths, Inferno, Flammas::::admin
953765968::Crater Lair::<a href="mailto:acstaff@gameznet.com">Submit Info</a>::15+::70.5N  12.7E::Neydisa Castle, Northern::Olthoi::::admin
953765979::Crater Pathway::<a href="mailto:acstaff@gameznet.com">Submit Info</a>::::60.4N  15.7E::Neydisa Castle, Northern::Zefirs, Dark Wisps::::admin
953765991::Crypt of Ashen Tears::<a href="mailto:acstaff@gameznet.com">Submit Info</a>::::14.6N  3.5E::Zaikhal, Midlands::Undead, Lich::::admin
953766003::Daiklos Dungeon::<a href="mailto:acstaff@gameznet.com">Submit Info</a>::1-12::33.8N  29.2E::Glenden Wood, Northeast::Drudges, Lich::::admin
953766017::Deserted Arena::<a href="mailto:acstaff@gameznet.com">Submit Info</a>::::11.3S  37.5E::Mideast::Amoredillos, Banderlings::::admin
953766030::Disaster Maze::<a href="mailto:acstaff@gameznet.com">Submit Info</a>::20+::61.3S  51.0W::Southwest::Virindi, Tuskers, Drudges::::admin
953766041::Drudge Cave::<a href="mailto:acstaff@gameznet.com">Submit Info</a>::::4.2S  17.3E::Midlands::Drudges::::admin
953766051::Drudge Nest::<a href="mailto:acstaff@gameznet.com">Submit Info</a>::::40.7S  83.6E::Hebian-to, Southeast::Drudges::::admin
953766064::Dungeon Fern::<a href="http://www.gameznet.com/ac/dungeons/dungeonfern.htm">More</a>::5+::43.3N  37.2E::Holtburg, Northeast::Zombies, Lich::::admin
953766074::Dungeon Gallery::<a href="http://www.gameznet.com/ac/dungeons/dungeongallery.htm">More</a>::1-10::10.7N  56.8E::Rithwic, Mideast::Drudges::::admin
953766087::Dungeon Mei::<a href="mailto:acstaff@gameznet.com">Submit Info</a>::::36.9S  70.3E::Shousi, Hebian To, Southeast::Zombies, Rats, Lich::::admin
953766099::Dungeon Nye::<a href="http://www.gameznet.com/ac/dungeons/dungeonnye.htm">More</a>::1-10::6.2N 34.4E::Samsur, Mideast::Drudges, Banderlings::Broken Sigil::admin
953766116::Empyrean Garrison::<a href="mailto:acstaff@gameznet.com">Submit Info</a>::1-9::54.2S  81.8E::Nanto, Southeast::::::admin
953766128::Fire Cave::<a href="mailto:acstaff@gameznet.com">Submit Info</a>::::15.0S 31.2E::Mideast::::::admin
953766139::Four Towers::<a href="mailto:acstaff@gameznet.com">Submit Info</a>::::12.5N  2.3E::Midlands::::::admin
953766149::Forgotten::<a href="mailto:acstaff@gameznet.com">Submit Info</a>::::0.9N  55.8E::Lytelthorpe, Mideast::::::admin
953766164::Holtburg Ruin::<a href="mailto:acstaff@gameznet.com">Submit Info</a>::::36.2N  39.6E::Holtburg, Northeast::::::admin
953766182::Hunters Leap::<a href="mailto:acstaff@gameznet.com">Submit Info</a>::::35.7N  32.6E::Holtburg, Northeast::Banderlings, Zombies, Lich::<a href="http://gameznet.com/ac/equipment/lilithasbow.html">Lilitha's Bow</a>::admin
953766193::Impious Temple::<a href="mailto:acstaff@gameznet.com">Submit Info</a>::::29.9N 36.4E::Northeast::Undead::Broken Staff(Quest Item)::admin
953766204::Inner Dungeon::<a href="mailto:acstaff@gameznet.com">Submit Info</a>::::43.5N  43.4W::Northwest::Lich Lord::::admin
953766217::K'nath Lair::<a href="mailto:acstaff@gameznet.com">Submit Info</a>::::49.8N  56.3W::Wai Jhou, Northwest::K'naths, Golems::::admin
953766284::Lair of Death::<a href="mailto:acstaff@gameznet.com">Submit Info</a>::15+::42.0N  58.1E::Arwic, Northeast::Olthoi::::admin
953766299::Lightless Catacombs::<a href="mailto:acstaff@gameznet.com">Submit Info</a>::::82.3S  35.2W::Direlands, Southwest::Undead, Zombies, Lich Lord, Shadows::::admin
953766309::Lost Distillery::<a href="mailto:acstaff@gameznet.com">Submit Info</a>::::0.7S  51.2E::Lylethorpe, Mideast::::Distillery Nectar for <a href="http://gameznet.com/ac/quests/distilleryquest.html">this</a> quest::admin
953766321::Lost Garden Ruins::<a href="mailto:acstaff@gameznet.com">Submit Info</a>::::65.9S  59.3E::Lin, Southeast::Skeleton Captain, Shadow::::admin
953766330::Mite Maze::<a href="mailto:acstaff@gameznet.com">Submit Info</a>::8+::41.1N  57.3E::Arwic, Northeast::Mites::::admin
953766339::Mite Tunnels::<a href="mailto:acstaff@gameznet.com">Submit Info</a>::::38.6N  50.0E::Arwic, Northeast::Mites::::admin
953766350::Moss Chamber::<a href="mailto:acstaff@gameznet.com">Submit Info</a>::::14.1N  0.7W::Zaikhal, Midlands::Mosswarts::::admin
953766362::Mosswart Cave::<a href="mailto:acstaff@gameznet.com">Submit Info</a>::::36.3S  61.2E::Southeast::Mosswarts::::admin
953766372::Mosswart Nest::<a href="mailto:acstaff@gameznet.com">Submit Info</a>::::36.2S  60.3E::Southeast::Mosswarts::::admin
953766385::Mountain Sewer::<a href="mailto:acstaff@gameznet.com">Submit Info</a>::::29.8S  93.9E::Tou-Tou, Southeast::Zefirs, Undead, Rats::::admin
953766414::Musansayn's Vault::<a href="http://www.gameznet.com/ac/dungeons/musvault.htm">More</a>::1-6::1.0S  18.7E::Samsur, Midlands::Drudges::::admin
953766426::Old Mine::<a href="mailto:acstaff@gameznet.com">Submit Info</a>::::79.1S  27.0E::Qalaba'r, Southeast::Lich Lord, Lugians, Mountain Rats::::admin
953766491::Ruins::<a href="mailto:acstaff@gameznet.com">Submit Info</a>::::36.1N  39.6E::Northeast::::::admin
953766502::Ruin::<a href="mailto:acstaff@gameznet.com">Submit Info</a>::::11.5N  55.1E::Mideast::::::admin
953766511::Ruin::<a href="mailto:acstaff@gameznet.com">Submit Info</a>::1-10::32.9N  54.9E::Arwic, Northeast::Skeletons, Zombies::::admin
953766519::Ruin::<a href="mailto:acstaff@gameznet.com">Submit Info</a>::1-5::34.5S  71.6E::Southeast::::::admin
953766526::Ruin::<a href="mailto:acstaff@gameznet.com">Submit Info</a>::::12.9S  47.3E::Yanshi, Mideast::Drudges, Phyntos Wasps::::admin
953766541::Shoushi Revenge::<a href="mailto:acstaff@gameznet.com">Submit Info</a>::::32.5S  70.9E::Southeast::::::admin
953766552::Shoushi Grotto::<a href="mailto:acstaff@gameznet.com">Submit Info</a>::1-6::34.5S  72.9E::Shoushi, Southeast::::SOLL Key::admin
953766564::Simple Tower::<a href="mailto:acstaff@gameznet.com">Submit Info</a>::::31.2S  68.0E::Southeast::::::admin
953766572::Simple Tower::<a href="mailto:acstaff@gameznet.com">Submit Info</a>::::17.4N  62.5E::Northeast::Mosswarts::::admin
953766583::Shreth Hive::<a href="http://www.gameznet.com/ac/dungeons/shrethhive.htm">More</a>::1-6::32.5S  71.0E::Shoushi, Southeast::Shreths, Drudges::::admin
953766593::Skeleton Castle::<a href="mailto:acstaff@gameznet.com">Submit Info</a>::::24.3S  76.6E::Southeast::::::admin
953766640::Small Cave::<a href="mailto:acstaff@gameznet.com">Submit Info</a>::::4.2S  17.3E::Midlands::Drudges, Red Phyntos Wasps::::admin
953766674::Small Complex::<a href="mailto:acstaff@gameznet.com">Submit Info</a>::::39.1S  53.3W::Southwest::Tumeroks::::admin
953766685::Stone Cathedral::<a href="mailto:acstaff@gameznet.com">Submit Info</a>::1-6::34.4S  70.4E::Shoushi, Southeast::Drudges::::admin
953766712::Swamp Ruin::<a href="mailto:acstaff@gameznet.com">Submit Info</a>::6+::25.1S 52.0E::Sawato, Southeast::Phyntos Wasps, Swamp Rats, Mosswarts, Zombies::::admin
953766722::Swamp Temple::<a href="mailto:acstaff@gameznet.com">Submit Info</a>::::25.8S 46.3E::Southeast::Mosswarts::::admin
953766736::Syliph Tower::<a href="mailto:acstaff@gameznet.com">Submit Info</a>::::12.3N  11.5E::Al-Jalima, Midlands::Banderlings, Armoredillos::::admin
953766747::Sylsfear Dungeon::<a href="mailto:acstaff@gameznet.com">Submit Info</a>::::11.1N  14.7E::Al-Jalima, Midlands::Banderlings, Tuskers, Virindi::::admin
953766767::The Pit::<a href="http://www.gameznet.com/ac/dungeons/thepit.htm">More</a>::15+::64.3N  23.4W::Northwest::Wild Monoguas, Skeleton Lords, Mountain Rats, Liches, Lich Lord::::admin
953766789::The Web Maze::<a href="mailto:acstaff@gameznet.com">Submit Info</a>::::49.4S  65.3E::Southeast::::::admin
953766821::Thieve's Den::<a href="mailto:acstaff@gameznet.com">Submit Info</a>::::17.8N  65.0E::Eastham, Mideast::Mosswarts, Banderlings::<a href="http://gameznet.com/ac/equipment/gertarhsdagger.html">Gertah's Dagger</a>::admin
953766951::Thieve's Trail::<a href="mailto:acstaff@gameznet.com">Submit Info</a>::7+::39.8S  81.7E::Southeast::Banderlings, Undead, Zombies, Lich::::admin
953766963::Tumerok Base::<a href="mailto:acstaff@gameznet.com">Submit Info</a>::::9.2N  65.7W::Fort Teth, Midwest::High Tumerok::::admin
953766973::Tumerok Mine::<a href="mailto:acstaff@gameznet.com">Submit Info</a>::::7.9N  61.3W::Midwest::Tumeroks::::admin
953766992::Under Cove Crypt Portal::<a href="http://www.gameznet.com/ac/dungeons/undercovecrypt.htm">More</a>::::21.5S  4.1W::Southern::Skeletons, Zombies, Undead::::admin
953767054::Underground City::<a href="http://gameznet.com/ac/dungeons/undergroundcity.htm">More</a>::::21.5N  53.9E::Northeast, Cragstone, Isle of Tears::Mosswart Chief, Undead, Black Rats::Ice Tachi::admin
953767071::Yanshi Tunnel::<a href="http://gameznet.com/ac/dungeons/yanshitunnel.htm">More</a>::::41.2S  45.6E::Southeast, Yanshi::Drudges, Shreths::SOLL Key::admin
953767111::Water Temple::<a href="http://www.gameznet.com/ac/dungeons/watertemple.htm">Water Temple</a>::1-6::52.1S  80.3E::Nanto, Southeast::Drudges::Water bottle for <a href="http://gameznet.com/ac/quests/waterbottle.html">this</a> quest::admin
953767148::Wilshire Dungeon::<a href="mailto:acstaff@gameznet.com">Submit Info</a>::::24.9N  37.7E::Northeast::::::admin
953767285::A Small Ruin Portal::<a href="http://gameznet.com/ac/dungeons/smallruin(lin).htm">More</a>::::53.6S 70.8E::Lin, Southeast::Banderling Captain::::admin
953767393::Ancient Lighthouse::<a href="http://gameznet.com/ac/dungeons/ancientlighthouse.htm">More</a>::::3.8N 72.5W::Forth Teth, Direlands,Midwest::High Tumerok::::admin
953767651::Bandit Castle Prison::<a href="http://gameznet.com/ac/dungeons/banditcastleprison.htm">More</a>::::65.4N 49.0E::Mideast::Tusker, Undead, Lich, Lithos Lugian, Mite::<a href="http://gameznet.com/ac/quests/images/gwillimsalchemybag.htm">Gwilliam's Alchemy Bag</a> and <a href="http://gameznet.com/ac/quests/images/gwillimsalchemynotes.htm">Alchemy Notes</a> for <a href="http://gameznet.com/ac/quests/banditcastle.htm">this</a> quest.::admin
953768148::Dampo Caverns::<a href="http://gameznet.com/ac/dungeons/dampocaverns.htm">More</a>::::31.7S 96.1E::Tou Tou::Banderlings::::admin
953768282::Drudge Hideout::<a href="http://gameznet.com/ac/dungeons/drudgehideout.htm">More</a>::::41.4N 33.3E::Holtburg, Arwic::Drudges::::admin
953768532::Dungeon Muddy::<a href="http://gameznet.com/ac/dungeons/dungeonmuddy.htm">More</a>::::27.1S 71.0E::Mideast::Phyntos Wasps, Limestone Golems, Sandstone Golems::::admin
953768706::Dungeon of Shadows::<a href="http://gameznet.com/ac/dungeons/dungeonofshadow.htm">More</a>::::21.4N 44.1E::Cragstone, Mideast::Shadows, Mosswart Shaman, Rats, Mosswart Chief, Hunter Shreth::::admin
953768855::Eastham Sewers::<a href="http://gameznet.com/ac/dungeons/easthamsewers.htm">More</a>::::18.7N  63.4E::Eastham, Rithwic, Mideast::Drudges, Hunter Shreth::::admin
953769102::Enkindled Souls::<a href="http://gameznet.com/ac/dungeons/enkindledsouls.htm">More</a>::::49.4S 26.9E::Khayyaban, Southern::Undead, Skeleton Warrior, Lich::::admin
953769217::Folthid's Cellar::<a href="http://gameznet.com/ac/dungeons/folthidscellear.htm">More</a>::12+::8.6S 53.3E ::Yanshi::Mosswart Shaman, Limestone Golems::::admin
953769401::Glendon Woods Dungeon::<a href="http://gameznet.com/ac/dungeons/glendenwoodsdungeon.htm">More</a>::5+::29.9N 36.4W::Glendon Wood, Northeast::Rats, Aurochs, Banderlings, Drudges, Wood Golem::::admin
953769500::Golem Burial Ground::<a href="http://gameznet.com/ac/dungeons/golemburialground.htm">More</a>::::50.9S 67.3E::Lin, Southeast::Granite Golems, Limestone Golems, Sandstone Golems::::admin
953769793::Green Mire Grave::<a href="http://gameznet.com/ac/dungeons/greenmiregrave.htm">More</a>::::27.8S 71.6E::Southeast::Wisps, Mosswart Chief::Green Mire Yari, <a href="http://gameznet.com/ac/equipment/greenmireyoroicuirass.htm">Green Mire Yoroi Cuirass::admin
953770016::Grievous Vault::<a href="http://gameznet.com/ac/dungeons/grievousvault.htm">More</a>::10-20::25.8S 27.3E::Uziz, Midlands::Lich, Mu-Miyah, Skeleton Warrior::::admin
953770352::Hall of the Helm::<a href="http://gameznet.com/ac/dungeons/hallofthehelm.htm">More</a>::::18.5N  1.5E::Midlands::Undead, Liches, Zombies::<a href="http://gameznet.com/ac/equipment/superiorhelm.html">Superior Helm</a>::admin
953770437::Hall of Lost Light::<a href="http://gameznet.com/ac/dungeons/halloflostlight.htm">More</a>::::76.7S 74.8W::Direlands, Southwest::Zombie, Lich, Lich Lord, Guardian of the Helm::<a href="http://gameznet.com/ac/equipment/soll.html">Sword of Lost Light::admin
953770631::Hebian-To Sewers::<a href="http://gameznet.com/ac/dungeons/hebiento_sewers.html">More</a>::::38.8S  83.8E::Hebian-To, Shoushi,Southeast::Rats, Phyntos Wasps, Lich, Amoredillos::::admin
953770852::Holtburg Dungeon::<a href="http://gameznet.com/ac/dungeons/holtburgdungeon.htm">More</a>::1-10::43.6N 33.0E::Holtburg, Northeast::Drudges, Undead, Lich::SOLL Key::admin
953771025::Holtburg Redoubt::<a href="http://gameznet.com/ac/dungeons/holtburgredoubt.htm">More</a>::1-6::39.0N  35.6E::Holtburg, Northeast::Drudges::<a href="http://www.gameznet.com/ac/equipment/brogordsaxe.html">Brogard's Axe</a>::admin
953771140::Lythaway::<a href="http://gameznet.com/ac/dungeons/lythaway.htm">More</a>::1-6::52.5S  86.7E::Nanto, Southeast::Drudges::Broken Tapers, Kon Kou's Book::admin
953771310::Mountain Halls::<a href="http://gameznet.com/ac/dungeons/mountainhalls.htm">More</a>::::10.3N 56.7W::Midwest, Direlands::Sandstone Golem, Zefirs, Drudges(High)::::admin
953771397::Mt. Lethe::<a href="http://gameznet.com/ac/dungeons/mtlethe.htm">More</a>::::34.0S 86.0W::Southwest, Direlands::Skeletons, Virindi, Magma Golemsm, Obsidian Golems::Water of Mt. Lethe::admin
953771626::Nevius Passage::<a href="http://gameznet.com/ac/dungeons/neviuspassage.htm">More</a>::8+::45.5S 21.5E::Khayyaban, Southern::Mountain Rats, Reedsharks, Skeletons, Gromnies, Shreth::::admin
953771834::North Glendon Prison::<a href="http://gameznet.com/ac/dungeons/nglendenprison.htm">More</a>::::31.8N  25.5E::Glendon Wood, Northern::Mites, Lich, Zombies::::admin
953771987::Old Talisman::<a href="http://gameznet.com/ac/dungeons/oldtalisman.htm">More</a>::::2.3S 85.6W::Direlands, Midwest::Undead, Zombies, Lich::::admin
953772178::Old Warehouse::<a href="http://gameznet.com/ac/dungeons/oldwarehouse.htm">More</a>::1-6::8.7N 58.1E::Rithwic, Eastham, Mideast::Drudges::::admin
953772369::Reedshark Lair::<a href="http://gameznet.com/ac/dungeons/reedsharklair.html">More</a>::::12.3S 48.2E::Mideast::Amoredillos, Reedsharks::::admin
953772461::Rithwic Crypt::<a href="http://gameznet.com/ac/dungeons/rithwiccrypt.htm">More</a>::1-6::14.0N 59.0E::Rithwic, Mideast::Drudges, Shreth, Rats, Red Phyntos Wasps, Undead::SOLL Key::admin
953772536::Rocky Crypt::<a href="http://gameznet.com/ac/dungeons/rockycrypt.htm">More</a>::::50.9S 69.3E::Southeast::Sandstone Golems, Granite Golems::::admin
953772635::Ruin::<a href="http://www.gameznet.com/ac/dungeons\aruin(mayoi).htm">More</a>::::62.6S  81.4E::Mayoi, Southeast::Rats, Wisps, Mosswarts::::admin
953772725::Ruined Cave Outpost::<a href="http://gameznet.com/ac/dungeons/ruinedcaveoutpost.html">More</a>::1-6::2.3N 48.3E::Lylethorpe, Mideast::Drudges::::admin
953772871::Sea Temple Catacombs::<a href="http://gameznet.com/ac/dungeons/seatemplecatacombs.htm">More</a>::1-6::20.2S 4.4W::<a href="http://gameznet.com/ac/towns/yaraq.htm">Yaraq</a>, Southern::Drudges::Piece for <a href="http://gameznet.com/ac/quests/lubziklanalluq.html">this</a> quest::admin
953772948::Seaside Lair::<a href="http://gameznet.com/ac/dungeons/seasidelari.htm">More</a>::::17.2N 65.9E::Eastham, Mideastern::Azure Gromnies::::admin
953773037::Smuggler's Hideaway::<a href="http://gameznet.com/ac/dungeons/smugglershideaway.htm">More</a>::::29.5S 91.4E::Tou Tou, Southeast::Banderling Captain, Mites::::admin
953773095::Thasali::<a href="http://gameznet.com/ac/dungeons/thasali.htm">More</a>::5+::29.3S 24.6E::Uziz, Southern::Desert Rats, Skeleton Lord::::admin
953773182::Thieve's Galleries::<a href="http://gameznet.com/ac/dungeons/galeries.html">More</a>::::57.7S 74.1E::Lin, Southeast::Banderlings::::admin
953773400::Trothyr's Rest::<a href="http://gameznet.com/ac/dungeons/trothyrsrest.htm">More</a>::::10.4N  54.9E::Mideast::Azure Gromnies, Lich::Trothyr's Shield, Trothyr's War Hammer::admin
953773491::White Rat Lair::<a href="http://gameznet.com/ac/dungeons/awhiteratlair.htm">More</a>::1-5::21.1S 2.2W::Yaraq, Southern::White Rats::::admin
953773549::White Rat Nest::<a href="http://gameznet.com/ac/dungeons/whiteratnest.htm">More</a>::1-5::40.2N 32.5E::Holtburg, Glendon Wood, Northeast::White Rats::::admin
953776186::Samsur Manor House::<a href="mailto:acstaff@gameznet.com">Submit Info</a>::1-6::1.9S 19.8E ::Samsur, Midlands::Drudges::SOLL Key::admin
953776568::Yaraq Tunnels::<a href="http://www.gameznet.com/ac/dungeons/yaraqtunnels.htm">More</a>::::29.7S 1.4W::Yaraq, Southern::Drudges, Shreths::SOLL Key::admin
953776705::Carved Caves::<a href="mailto:acstaff@gameznet.com">Submit Info</a>::::72.1N 35.6W::Stone Hold, Northwest::Skeletons, Shadows::SOLL Key::admin
953777657::Phyntos Menace::<a href="mailto:acstaff@gameznet.com">Submit Info</a>::::68.1N 20.1W::Stone Hold, Northern::Phyntos Wasps::::admin
953777851::Mattekar Cave::<a href="mailto:acstaff@gameznet.com">Submit Info</a>::::65.4N 16.7E::Castle Neydisssa, Northern::Mattekars::::admin
953780070::Amperehelion Vault::<a href="mailto:acstaff@gameznet.com">Submit Info</a>::::56.5S 72.8W::Southwest::::Major Sparkling Stone::admin
953780326::Burial Temple::<a href="mailto:acstaff@gameznet.com">Submit Info</a>::1-10::8.5N 5.9E::Midlands::Skeleton Lord, Skeleton Warriors::::admin
953780819::Darkened Halls::<a href="mailto:acstaff@gameznet.com">Submit Info</a>::::20.6S 0.7E::Southern::Drudges, Banderlings::::admin
953781011::Desert Mine::<a href="mailto:acstaff@gameznet.com">Submit Info</a>::::4.5S 26.5E::Samsur, Mideast::Skeleton Lord, Lich Lord::::admin
953781243::Dungeon Binar::<a href="http://www.gameznet.com/ac/dungeons/dungeonbinar.htm">More</a>::::6.2S 20.1E::Samsur, Midlands::Skeleton Captain, Zefir::::admin
953781755::Filo's Doom::<a href="http://www.gameznet.com/ac/dungeons/filosdoom.htm">More</a>::::12.0N 62.2E::Rithwic, Mideast::Drudges, Young Banderlings::::admin
953781905::Forking Trail::<a href="http://www.gameznet.com/ac/dungeons/forkingtrail.htm">More</a>::::65.6S 16.7E::Qalaba'r, Southern::Lugians::::admin
953784415::Incunubula Vault::<a href="mailto:acstaff@gameznet.com">Submit Info</a>::::35.9S 47.2W::Southwest::Olthoi::Major Stinging Stone::admin
953785028::Lugian Outpost::<a href="mailto:acstaff@gameznet.com">Submit Info</a>::::80.7S 18.1E::Qalaba'r, Southern::Lugians::::admin
953785171::Mage Academy::<a href="mailto:acstaff@gameznet.com">Submit Info</a>::::74.7N 18.5E::Northern::Zefires, Wisps, Obsidian Golems::::admin
953785362::Mosswart Tower::<a href="mailto:acstaff@gameznet.com">Submit Info</a>::::18.5S 52.3E::Mideast::Mosswarts::::admin
953785430::Mt. Naipenset Caverns::<a href="mailto:acstaff@gameznet.com">Submit Info</a>::::5.6N 56.2W::Direlands, Midwest::Golems::::admin
953785980::Lost City of Frore::<a href="mailto:acstaff@gameznet.com">Submit Info</a>::::63.3N 5.5E::Northern::Fragments, Undead::<a href="http://gameznet.com/ac/equipment/hammeroffrore.htm">Hammer of Frore</a>, <a href="http://gameznet.com/ac/equipment/iceheumeoffrore.htm">Ice Heume of Frore</a>::admin
953786222::Mysterious Cave::<a href="mailto:acstaff@gameznet.com">Submit Info</a>::::7.7N 6.6E ::Al-Jalima,  Midlands::Golems::::admin
953786288::Rat's Lair::<a href="http://www.gameznet.com/ac/dungeons/ratslair(nanto).htm">More</a>::1-6::54.1S 79.5E::Nanto, Southeast::Rats::::admin
953786488::Old Well::<a href="mailto:acstaff@gameznet.com">Submit Info</a>::::5.0S 20.9E::Southern::Drudges, Monoguas, Shreths::::admin
953786557::Recovered Temple::<a href="mailto:acstaff@gameznet.com">Submit Info</a>::::6.5N 1.7W::Midlands::Undead, Lich Lord::::admin
953786664::Saadia's Retreat::<a href="http://gameznet.com/ac/dungeons/saadretreat.htm">More</a>::8+::53.6S 76.6E::Southeast, Nanto, Lin::Mosswart Shaman::::admin
953786782::Sclavus Keep Retreat::<a href="mailto:acstaff@gameznet.com">Submit Info</a>::::38.9S 48.4W::Direlands, Southwest::Sclavus, Zefirs::::admin
953786925::Serac Vault::<a href="mailto:acstaff@gameznet.com">Submit Info</a>::::75.9S 29.0E::Southeast::Lich Lords, Undead Revenants::Major Shivering Stone::admin
953787391::Swamp Temple::<a href="mailto:acstaff@gameznet.com">Submit Info</a>::::37.6S 46.0W::Direlands, Southwest::Sclavus::::admin
953787912::Tumerok Chamber::<a href="mailto:acstaff@gameznet.com">Submit Info</a>::::81.6S 36.6W::Direlands, Southwest::Tumeroks::::admin
953788038::Underground Forest::<a href="mailto:acstaff@gameznet.com">Submit Info</a>::::31.5N 20.7E ::Glendon Wood, Northern::Banderlings::::admin
953788176::Jahannan Vault::<a href="mailto:acstaff@gameznet.com">Submit Info</a>::::66.9N 29.0E::Northeast::Zefirs::Major Smouldering Stone::admin
985903312::Asuger Temple::<a href="http://www.gameznet.com/ac/dungeons/asugertemple.htm">More</a>::::45.0N 30.5E::Holtburg::Banderlings::::admin
