948783469::Apothic Sleeves::<a href="http://www.gameznet.com/eq/equipment/apothicsleeves.html">More</a>::4::::::::::7::::::18::::10::::::::::0.4::::::::::::::::::::::::::::::yes::::yes::::yes::yes::::::yes::yes::::::::::admin
948783585::Azure Sleeves::<a href="http://gameznet.com/eq/equipment/EQ-Azure.Sleeves.html">More</a>::12::::::::::::::::::::::::::::::0.6::::yes::yes::yes::yes::yes::yes::yes::yes::yes::yes::yes::yes::yes::yes::yes::yes::yes::yes::yes::yes::yes::yes::yes::yes::yes::yes::yes::admin
948783632::Barbed Armplates::<a href="http://www.gameznet.com/eq/equipment/EQ-Barbed.Armour.html">More</a>::7::::::2::::::::::::::::::::::::4.0::::yes::yes::::yes::yes::yes::yes::yes::::yes::::::::::yes::yes::yes::yes::yes::yes::yes::yes::yes::yes::yes::yes::yes::admin
948783672::Embroirdered Black Sleeves::<a href="http://gameznet.com/eq/equipment/blackembsleeves.html">::4::::::::::::::::10::25::::::::::::::::::::::::::::::::::::yes::yes::yes::yes::yes::yes::yes::yes::yes::yes::yes::yes::yes::yes::yes::yes::yes::admin
948783731::Blighted Sleeves::<a href="http://www.gameznet.com/eq/equipment/blightedsleeves.html">More</a>::5::::::::::7::::::15::::10::::::::::0.4::::::::::::::::::::::::yes::::::::::yes::::yes::yes::::::::yes::::::::yes::admin
948783769::Carmine Sleeves::<a href="http://www.gameznet.com/eq/equipment/carminesleeves.html">More</a>::4::::::::::7::::::20::::10::::::::::0.4::::::::::::::::::::::::::yes::::::::yes::::yes::yes::::::yes::yes::::::::::admin
948783819::Cryosilk Sleeves::<a href="http://www.gameznet.com/eq/equipment/cryosilksleeves.html">More</a>::4::::::::::7::::::15::::9::::::::::0.4::::::::::::::::::::::::yes::yes::yes::yes::::yes::::yes::yes::::::yes::yes::::::::::admin
948783870::Darkforge Vambraces::<a href="http://www.gameznet.com/eq/equipment/dfvambraces.html">More</a>::11::4::::::::::::::::::::::::::::5.0::::::::::::yes::::::::::::::::::::::yes::::::::::::::yes::yes::yes::::::admin
948783916::Drake Hide Sleeves::<a href="http://gameznet.com/eq/equipment/drakehidesleeves.html">More</a>::4::::3::::::::::::10::::::::::::::0.3::::yes::yes::yes::yes::yes::yes::yes::yes::yes::yes::yes::yes::yes::yes::yes::yes::yes::yes::yes::yes::yes::yes::yes::yes::yes::yes::::admin
948784010::Ethereal Mist Vambraces::<a href="http://www.gameznet.com/eq/equipment/ethermistvambraces.html">More</a>::15::9::::::::::::::::::::::::::7::4.9::::::::::::::::::yes::::::::::::::::yes::yes::yes::yes::yes::yes::yes::yes::::::::::admin
948784060::Gatorscale Sleeves::<a href="http://gameznet.com/eq/equipment/gatorskinsleeves.html">More</a>::6::::::::::4::::::15::::::::::::::::::yes::yes::yes::yes::yes::yes::yes::yes::yes::yes::yes::yes::yes::yes::yes::yes::yes::yes::yes::yes::yes::yes::yes::yes::yes::yes::yes::admin
948784100::Hollowed Bone Bracers::<a href="http://www.gameznet.com/eq/equipment/hollowbonebracer.html">More</a>::6::::::::::::::::::15::::::::::7::2.5::::::::::yes::::::::yes::yes::yes::yes::yes::yes::yes::yes::yes::yes::yes::yes::yes::yes::yes::yes::yes::yes::yes::yes::admin
948784153::Imbrued Platemail Vambraces::<a href="http://www.gameznet.com/eq/equipment/imbruedvambraces.html">More</a>::13::::::::::9::::::::::::::::10::::4.9::::::::::yes::::::::::::::::::::::::::::::::yes::::::yes::::::yes::::admin
948784225::Insidious Sleeves::<a href="http://www.gameznet.com/eq/equipment/insidioussleeves.html">More</a>::4::::::::::7::::3::10::::10::::::::::0.4::::::::::::::::::::::::::::yes::::::yes::::yes::yes::::::yes::yes::::::::::admin
948784276::Ivy Etched Sleeves::<a href="http://www.gameznet.com/eq/equipment/ivyetchedsleeves.html">More</a>::10::4::::::::::::::::::::::::::::3.7::::::::::::::::yes::::::::::::::::::::::::::yes::::::yes::::::yes::::admin
948784342::Lambent Vambraces::<a href="http://www.gameznet.com/eq/equipment/lambentvambraces.html">More</a>::11::::::::::::::1::::::2::2::2::2::2::3.5::::::::::yes::::::::::::::::::::::::::::::::yes::::::yes::::::yes::::admin
948784408::Lupine Runed Armband::<a href="http://www.gameznet.com/eq/equipment/lupinearmband.html">More</a>::::3::::::3::::::::::::::::::::::0.3::::yes::yes::yes::yes::yes::yes::yes::yes::yes::yes::yes::yes::yes::yes::yes::yes::yes::yes::yes::yes::yes::yes::yes::yes::yes::yes::yes::admin
948784551::Lustrous Russet Vambraces::<a href="http://www.gameznet.com/eq/equipment/lustrousrussetvambraces.html">More</a>::20::9::::5::::::::::::::::::::::::4.9::::yes::yes::::yes::::yes::yes::yes::::::::::::::yes::yes::yes::yes::yes::yes::yes::yes::yes::yes::yes::yes::::admin
948784648::Indicolite Vambraces::<a href="http://gameznet.com/eq/equipment/indicolitevambraces.html">More</a>::20::9::::5::::::::::::::::::::::::4.9::::yes::::::::::::::::::::::::::::yes::yes::yes::yes::yes::yes::yes::yes::yes::yes::yes::yes::yes::admin
948784703::Mithril Vambraces::<a href="http://www.gameznet.com/eq/equipment/mithvambraces.html">More</a>::10::7::::::::::::::::::::::::::5::3.7::::yes::yes::::yes::yes::yes::yes::::::::::::::::yes::yes::yes::yes::yes::yes::yes::yes::yes::yes::yes::yes::yes::admin
948784744::Platinum Armband::<a href="http://gameznet.com/eq/equipment/platinumarmband.html">More</a>::::3::::::::::3::::::::::::::::::0.3::::yes::yes::yes::yes::yes::yes::yes::yes::yes::yes::yes::yes::yes::yes::yes::yes::yes::yes::yes::yes::yes::yes::yes::yes::yes::yes::yes::admin
948784787::Ravenscale Armbands::<a href="http://www.gameznet.com/eq/equipment/ravenscalearms.html">More</a>::10::::::5::::::::::::::5::::::::::3.7::::::yes::::::::::::::::::::::::::yes::yes::yes::yes::yes::yes::yes::yes::yes::yes::yes::yes::::admin
948784882::Rubicite Vambraces::<a href="http://www.gameznet.com/eq/equipment/rubicitevambraces.html">More</a>::10::::::::::::::::::::::::::::::3.7::::yes::yes::::yes::yes::yes::yes::yes::::yes::::::::::yes::yes::yes::yes::yes::yes::yes::yes::yes::yes::yes::yes::::admin
948784926::Rune Etched Vambraces::<a href="http://www.gameznet.com/eq/equipment/runeetchedvambracs.html">More</a>::13::5::::3::::::::::::::::::::::7::4.9::::::::::::::::::::::yes::::::::::yes::::::::::::::::::yes::yes::::yes::admin
948784992::Shiverback-hide Armbands::<a href="http://www.gameznet.com/eq/equipment/shiverarms.htm">More</a>::5::5::9::::::::::5::::::::7::::::::0.1::::::::yes::::::::::::::::::::::::::::::::::::::::yes::::::::yes::admin
948785087::Thorny Vine Vambraces::<a href="http://www.gameznet.com/eq/equipment/thornyvinevambraces.html">More</a>::13::::::9::::9::::::::::::::::::7::4.9::::::::::::::::yes::::::::::::::::::::::::::yes::::::yes::::::yes::::admin
948785181::Totemic Sleeves::<a href="http://www.gameznet.com/eq/equipment/totemicvambraces.html">More</a>::10::::::9::::9::::::::::::::::::7::3.7::::::::::::::::::::::yes::::::::::yes::::::::::::::::::yes::yes::::::admin
948785239::Umbral Vambraces::<a href="http://www.gameznet.com/eq/equipment/umbralvambraces.html">More</a>::16::5::::5::::::::::::::10::::::::::4.9::::::::::::yes::::::::::::::::::::::yes::::::::::::::yes::yes::yes::::yes::admin
948785286::Valorium Vambraces::<a href="http://www.gameznet.com/eq/equipment/valoriumvambraces.html">More</a>::16::5::::9::::::::::::::::10::::::::4.9::::::::::::::yes::::::::::::::::::::yes::::yes::::::yes::yes::yes::::::::::admin
948785327::Vambraces of Ro::<a href="http://www.gameznet.com/eq/equipment/vambracesro.html">More</a>::11::::::::::::6::::::::::::10::::::3.2::::::::::::::yes::::::::::::::::::::yes::::yes::::::yes::yes::yes::::::::::admin
948785420::Vermiculated Armplate::<a href="http://www.gameznet.com/eq/equipment/vermarms.html">More</a>::7::::5::5::5::::::::::::::::::::7::5.0::::::::::::::::::::yes::::::::::::::yes::::::::yes::yes::::yes::::::yes::::admin
948785479::Woven Shadow Vambraces::<a href="http://www.gameznet.com/eq/equipment/wovenshadowvambraces.html">More</a>::13::::5::5::::::::::::::::::::::::4.9::::::yes::::::::::::::::::::::::::yes::yes::yes::::yes::yes::yes::::yes::::::yes::::admin
948785532::Wolf-hide Sleeves::<a href="http://gameznet.com/eq/equipment/wolf-hide.sleeves.html">More</a>::5::2::::::::::::2::::::::::::::::::::yes::yes::yes::yes::yes::yes::yes::yes::yes::yes::::::::::yes::yes::yes::yes::yes::yes::yes::yes::yes::yes::yes::yes::yes::admin
950043922::Vambraces of the Fervent::<a href="http://www.gameznet.com/eq/equipment/vambracefervent.html">More</a>::11::::::5::::::::::::::5::::::::::4.9::::::::::::::::::yes::::::::::::::::yes::yes::yes::yes::yes::yes::yes::yes::::::::::admin
950646299::Golden Efreeti Vambraces::<a href="http://www.gameznet.com/eq/equipment/goldefreetivambraces.html">More</a>::12::::10::6::::::::::::::::::::::::4.9::::yes::yes::yes::yes::yes::yes::yes::yes::yes::yes::yes::yes::yes::yes::yes::yes::yes::yes::yes::yes::yes::yes::yes::yes::yes::yes::yes::admin
951770536::Fiery Vambraces::<a href="http://www.gameznet.com/eq/equipment/fieryvambraces.html">More</a>::6::::::::::::::::::::5::::::::::6.5::::yes::::::yes::yes::yes::::yes::::::::::::::yes::yes::yes::yes::yes::yes::yes::yes::yes::yes::yes::yes::::admin
952027880::Crafted Vambraces::<a href="http://www.gameznet.com/eq/equipment/craftedvambraces.html">More</a>::12::1::::::::::::::::::::::2::2::::4.8::::yes::::::::::::::::::::::::::::yes::yes::yes::yes::yes::yes::yes::yes::yes::yes::yes::yes::::admin
956693445::Elder Spiritist's Vambraces::<a href="http://www.gameznet.com/eq/equipment/elderspiritistsvambraces.html">More</a>::8::::::::::::::::::::::::::::::6.5::Drones of Doom::::::::::::::::::yes::::::::::::yes::yes::yes::yes::yes::yes::yes::yes::yes::yes::yes::yes::::admin
957044243::Flayed Skin Sleeves::<a href="http://www.gameznet.com/eq/equipment/flayedskinsleeves.html">More</a>::8::::2::::4::::::-2::::20::::::::::::1.5::::::::::::yes::::::::::::yes::::::::::::::yes::::::::::yes::::::::::admin
957126041::Crescent Arm Wraps::<a href="http://www.gameznet.com/eq/equipment/crescentarmwraps.html">More</a>::3::::4::::::::::2::10::::::::::::::0.1::::::::yes::::::::::::::::::::::::::::::::::::::::::::::::yes::admin
957475060::Jaundiced Bone Vambraces::<a href="http://www.gameznet.com/eq/equipment/jaundicedbonevambraces.html">More</a>::18::::::::::::::::::::::::::::::6.5::Furious Strength::::::::::::::::::::yes::::::::::yes::yes::yes::yes::yes::yes::yes::yes::yes::yes::yes::yes::::admin
957645782::Truesilver Mail Sleeves::<a href="http://www.gameznet.com/eq/equipment/truesilvermailsleeves.html">More</a>::11::::::::::::::::::::::::::::::3.5::::yes::yes::::yes::yes::yes::yes::yes::::::::::::::yes::yes::::yes::::yes::::yes::yes::::::yes::yes::admin
957732913::Sleeves of the Ancients::<a href="http://www.gameznet.com/eq/equipment/sleevesoftheancients.html">More</a>::16::3::::::::::::8::::::::::::::::7.0::::yes::yes::yes::yes::yes::yes::yes::yes::::yes::::::::::yes::yes::::yes::::yes::::yes::yes::::::yes::yes::admin
957821545::Jasarth Scale Vambraces::<a href="http://www.gameznet.com/eq/equipment/jasarthscalevambraces.html">More</a>::10::5::::5::::::::::::::::::::::::0.8::::yes::::::::yes::yes::::yes::::yes::::::::::yes::yes::::yes::::yes::::yes::yes::::::yes::yes::admin
957906674::Donal's Vambraces of Mourning::<a href="http://www.gameznet.com/eq/equipment/donalsvambracesofmourning.html">More</a>::21::::::::::::::::::::::::::::::6.5::Valor::::::::::::::::yes::::::::::::::yes::yes::yes::yes::yes::yes::yes::yes::yes::yes::yes::yes::::admin
958158829::Cobalt Vambraces::<a href="http://www.gameznet.com/eq/equipment/cobaltvambraces.html">More</a>::25::::::::::::::::::::::::::::::6.5::Lesser Shielding::yes::::::::::::::::::::::::::::yes::yes::yes::yes::yes::yes::yes::yes::yes::yes::yes::yes::::admin
958158953::Deepwater Vambraces::<a href="http://www.gameznet.com/eq/equipment/deepwatervambraces.html">More</a>::21::::::::::::::::::::::::::::::6.5::Soothe::::::::::::yes::::::::::::::::::yes::yes::yes::yes::yes::yes::yes::yes::yes::yes::yes::yes::::admin
958248570::Reinforced Rhino Arm Guards::<a href="http://www.gameznet.com/eq/equipment/reinforcedrhinoarms.html">More</a>::5::::::::::::::::::::::::::::::2.0::::yes::yes::::yes::yes::yes::yes::yes::::yes::::::::::yes::yes::::yes::::yes::::yes::yes::::::yes::yes::admin
958377218::Mrylokar's Vambraces::<a href="http://www.gameznet.com/eq/equipment/mrylokarsvambraces.html">More</a>::18::::::::::::::::::::::::::::::6.5::Strength of Earth::::yes::::::::::::::::::::::::::yes::yes::yes::yes::yes::yes::yes::yes::yes::yes::yes::yes::::admin
958595911::Tolan's Darkwood Vambraces::<a href="http://www.gameznet.com/eq/equipment/tolansdarkwoodvambraces.html">More</a>::18::::::::::::::::::::::::::::::6.5::Stinging Swarm::::::::::::::yes::::::::::::::::yes::yes::yes::yes::yes::yes::yes::yes::yes::yes::yes::yes::::admin
958595961::Blood Ember Vambraces::<a href="http://gameznet.com/eq/equipment/bloodembervambraces.html">More</a>::21::::::::::::::::::::::::::::::13.0::Vampiric Embrace::::::::::yes::::::::::::::::::::yes::yes::yes::yes::yes::yes::yes::yes::yes::yes::yes::yes::::admin
958682261::Supple Scale Armband::<a href="http://gameznet.com/eq/equipment/supplescalearmband.html">More</a>::3::::::::::5::5::::::25::10::::::::::0.1::::::::::::::::::yes::yes::yes::yes::yes::yes::yes::yes::yes::yes::yes::yes::yes::yes::yes::yes::yes::yes::yes::yes::admin
959202879::Sebilite Scale Vambraces::<a href="http://www.gameznet.com/eq/equipment/sebilitescalevambraces.html">More</a>::12::::::4::4::::::::::::2::::::2::::2.6::::yes::yes::::yes::yes::yes::yes::yes::::yes::::::::::::yes::yes::yes::yes::yes::yes::yes::yes::::::yes::yes::admin
960749591::Tattered Arm Wrappings::<a href="http://gameznet.com/eq/equipment/tatteredarmwrappings.html">More</a>::4::3::::::::1::::::::15::-2::::::::::0.4::::::::::::::::::::::::yes::::::::yes::yes::yes::yes::yes::yes::yes::yes::yes::yes::yes::yes::yes::admin
961967344::Loam Encrusted Sleeves::<a href="http://gameznet.com/eq/equipment/loamencrustedsleeves.html">More</a>::4::::::::::5::::::::5::10::::::::::0.4::::::::::::::::::::::::yes::yes::yes::yes::::yes::::yes::yes::::::yes::yes::::::::yes::admin
961967397::Withered Leather Sleeves::<a href="http://gameznet.com/eq/equipment/witheredleathersleeves.html">More</a>::5::::::::::::4::::::10::10::::::::::1.5::::::::::::::::::yes::yes::yes::::::::::yes::yes::yes::yes::yes::yes::yes::yes::yes::yes::yes::yes::yes::admin
962406738::Kylong Arm Guards::<a href="http://www.gameznet.com/eq/equipment/kylongarmguards.html">More</a>::12::::::3::::::::::::::6::::::2::::2.6::::yes::::::yes::::yes::yes::yes::::yes::::::::::::yes::yes::yes::yes::yes::yes::yes::yes::::::yes::yes::admin
962406843::Rotbone Sleeves::<a href="http://www.gameznet.com/eq/equipment/Rotbone%20Sleeves.html">More</a>::4::::-6::::::::::::::20::::::::::::10.0::::::::::::::::::::::::yes::yes::yes::yes::yes::yes::yes::yes::yes::yes::yes::yes::yes::yes::yes::yes::yes::admin
980467508::Assassin's Chain Sleeves::<A HREF="http://www.gameznet.com/eq/equipment/assassinschainsleeves.html">More</A>::16::::::7::::::::::25::::::::2::::3::6.0::::::yes::::::::::::::::::::::::::yes::yes::yes::::yes::yes::yes::::yes::::::yes::::admin
980467788::Beguiler's Sleeves::<A HREF="http://www.gameznet.com/eq/equipment/beguilerssleeves.html">More</A>::6::::::::::5::::4::10::20::::::::::2::0.2::::::::::::::::::::::::::::yes::::::yes::::yes::yes::::::yes::yes::::::::::admin
980468085::Berserker Vambraces::<A HREF="http://www.gameznet.com/eq/equipment/berserkersvambraces.html">More</A>::24::4::::::5::::::::25::::::::2::::::6.0::::yes::::::::::::::::::::::::::::yes::yes::yes::yes::yes::yes::yes::yes::yes::yes::yes::yes::yes::admin
980468299::Black Pantherskin Sleeves::<A HREF="http://www.gameznet.com/eq/equipment/blackpantherskinsleeves.html">More</A>::7::4::5::5::5::::::::::::::::::::::1.0::::::::yes::::::::::::::::::::::::::::::::::::::::yes::::::::yes::admin
980468450::Blazing Vambraces::<A HREF="http://www.gameznet.com/eq/equipment/blazingvambraces.html">More</A>::15::::::8::8::::::5::::::20::::::::::3.7::Shield of Flame::yes::::::yes::yes::yes::::yes::::::::::::::yes::yes::yes::yes::yes::yes::yes::yes::yes::yes::yes::yes::::admin
980468723::Brigand's Vambraces::<A HREF="http://www.gameznet.com/eq/equipment/brigandsvambraces.html">More</A>::16::7::::::::::::::25::::::2::::::2::6.0::::::yes::::::::::::::::::::::::::yes::yes::yes::::yes::yes::yes::::yes::::::yes::::admin
980468888::Burynai Hide Sleeves::<A HREF="http://www.gameznet.com/eq/equipment/burynaihidesleeves.html">More</A>::5::::2::2::::::::::::::::::::::::1.5::::yes::yes::yes::yes::yes::yes::yes::yes::yes::yes::::::::::yes::yes::::yes::::yes::::yes::yes::::::yes::yes::admin
980468991::Cabilis Scale Sleeves::<A HREF="http://www.gameznet.com/eq/equipment/cabilisscalesleeves.html">More</A>::8::::::::::::::::::::::::::::::2.6::::yes::::::::yes::::::::::yes::::::::::::::::::::::::::::::::::yes::admin
980469161::Cerulean Vambraces::<A HREF="http://www.gameznet.com/eq/equipment/ceruleanvambraces.html">More</A>::11::2::::::::::::::::::::::::::::3.5::::yes::::::yes::yes::yes::::yes::::::::::::::yes::yes::yes::yes::yes::yes::yes::yes::yes::yes::yes::yes::yes::admin
980469247::Champion's Vambraces::<A HREF="http://www.gameznet.com/eq/equipment/championsvambraces.html">More</A>::24::4::::5::::::::::25::::::2::::::::6.0::::yes::::::::::::::::::::::::::::yes::yes::yes::yes::yes::yes::yes::yes::yes::yes::yes::yes::::admin
980469460::Crystalized Shadow Sleeves::<A HREF="http://www.gameznet.com/eq/equipment/crystalizedshadowsleeves.html">More</A>::2::2::::3::::::::1::::5::::::::::::0.2::::yes::yes::yes::yes::yes::::::yes::::yes::::::::::yes::yes::::yes::yes::::::::yes::yes::yes::::yes::admin
980469643::Drake Hide Sleeves::<A HREF="http://gameznet.com/eq/equipment/drakehidesleeves.html">More</A>::4::::3::::::::::::10::::::::::::::0.3::::yes::yes::yes::yes::yes::yes::yes::yes::yes::yes::yes::yes::yes::yes::yes::yes::yes::yes::yes::yes::yes::yes::yes::yes::yes::yes::yes::admin
980469728::Dreadscale Vambraces::<A HREF="http://www.gameznet.com/eq/equipment/dreadscalevambraces.html">More</A>::9::4::::3::::::::::::::::::::::::3.5::::::::::::yes::::::::::::::::::::::::::::::::::::::::::::yes::admin
980469851::Dusty Rusted Vambraces::<A HREF="http://www.gameznet.com/eq/equipment/dusty_rusted_vambraces.html">More</A>::9::::::::-4::::::::30::::::::::::::20.0::::yes::yes::yes::yes::yes::yes::yes::yes::yes::yes::::::::::yes::yes::::yes::::yes::::yes::yes::yes::yes::yes::yes::admin
980470144::Elven Chainmail Sleeves::<A HREF="http://www.gameznet.com/eq/equipment/elvenchainmailsleeves.html">More</A>::6::::::::::::::::::::::::::::::1.4::::yes::yes::::yes::::yes::yes::yes::yes::::::yes::yes::yes::::::::::::yes::::yes::::::::yes::::admin
980470282::Enchanted Cabilis Scale Sleeves::<A HREF="http://www.gameznet.com/eq/equipment/enchantedcabilisscalesleeves.html">More</A>::11::2::::::::::2::::::::::::::::::2.6::::yes::::::::yes::::::::::yes::::::::::::::::::::::::::::::::::yes::admin
980470503::Field Plate Vambraces::<A HREF="http://www.gameznet.com/eq/equipment/fieldplatevambraces.html">More</A>::11::::::::::::::::::::::::::::::6.8::::yes::::::yes::yes::yes::::yes::::::::::::::yes::::::yes::::yes::::::yes::::::::::admin
980470660::Fiery Vambraces::<A HREF="http://www.gameznet.com/eq/equipment/fieryvambraces.html">More</A>::6::::::::::::::::::::5::::::::::6.5::::yes::::::yes::yes::yes::::yes::::::::::::::yes::yes::yes::yes::yes::yes::yes::yes::yes::yes::yes::yes::yes::admin
980471282::Fine Plate Vambraces::<A HREF="http://www.gameznet.com/eq/equipment/fineplatevambraces.html">More</A>::10::::::::::::::::::::::::::::::4.9::::yes::::::yes::yes::yes::::yes::::::::::::::::yes::yes::::yes::::yes::yes::::::::yes::::admin
980471576::Giant Scalemail Sleeves::<A HREF="http://www.gameznet.com/eq/equipment/giantscalemailsleeves.html">More</A>::11::::::::::-3::3::::20::::::::::::::4.4::::yes::yes::::yes::yes::yes::yes::yes::yes::yes::yes::yes::yes::yes::yes::yes::::yes::::yes::::yes::yes::yes::yes::yes::yes::admin
980471792::Gladiator's Chain Sleeves::<A HREF="http://www.gameznet.com/eq/equipment/gladiatorschainsleeves.html">More</A>::16::9::::5::::::::::20::::2::2::2::2::2::7.0::::yes::yes::::yes::yes::yes::yes::yes::yes::yes::::::::::yes::yes::yes::yes::yes::yes::yes::yes::yes::yes::yes::yes::yes::admin
980472016::Guardian Arms::<A HREF="http://www.gameznet.com/eq/equipment/guardianarms.html">More</A>::12::5::::4::::::::::15::15::::::::::::3.5::::yes::::::yes::yes::yes::::yes::::::::::::::yes::yes::yes::yes::yes::yes::yes::yes::yes::yes::yes::yes::::admin
980472161::Heavy Dragonspine Vambraces::<A HREF="http://www.gameznet.com/eq/equipment/heavydragonspinevambraces.html">More</A>::17::10::::::::::::::::::::::7::::::1.4::::yes::yes::::yes::yes::yes::yes::yes::::yes::::::::::yes::yes::yes::yes::yes::yes::yes::yes::yes::yes::yes::yes::yes::admin
980472365::Imbued Northman Ring Sleeves::<A HREF="http://www.gameznet.com/eq/equipment/imbuednorthmanrinsleeves.html">More</A>::9::1::::::::::2::::::::::2::::::::4.5::::yes::yes::::yes::::::::::::yes::::::::::yes::::::::::yes::::::yes::::::::::admin
980472530::Insidious Sleeves::<A HREF="http://www.gameznet.com/eq/equipment/insidioussleeves.html">More</A>::4::::::::::7::::3::10::::10::::::::::0.4::::::::::::::::::::::::::::yes::::::yes::::yes::yes::::::yes::yes::::::::::admin
980849121::Kylong Armguards::<A HREF="http://www.gameznet.com/eq/equipment/kylongarmguards.html">More</A>::12::::::3::::::::::::::6::::::2::::2.6::::yes::yes::::yes::yes::yes::yes::yes::::yes::::::::::::yes::yes::yes::yes::yes::yes::yes::yes::::::yes::yes::admin
980849341::Melodic Vambraces::<A HREF="http://www.gameznet.com/eq/equipment/melodicvambraces.html">More</A>::19::3::4::4::::::::::20::::1::1::1::1::1::6.0::::::::::yes::::::::::::::::::::::::::::::::yes::::::yes::::::yes::::admin
980849559::Noctivigant Vambraces::<A HREF="http://www.gameznet.com/eq/equipment/noctivigantvambraces.html">More</A>::19::::7::::::::::::30::::::::2::::3::6.0::::::::::::yes::::::::::::::::::::::yes::::yes::::::::::yes::yes::yes::::yes::admin
980849629::Ogre War Plate Vambraces::<A HREF="http://www.gameznet.com/eq/equipment/ogrewarplatevambraces.html">More</A>::12::::::::::::::::::::::::::::::9.0::::yes::::::::yes::::::::::::::::::::::::::::::::::::::yes::yes::::::admin
980849813::Peerless Dragonspine Vambraces::<A HREF="http://www.gameznet.com/eq/equipment/peerlessdragonspinevambraces.html">More</A>::18::11::::::::::::::::::::::7::::::1.4::::yes::yes::::yes::yes::yes::yes::yes::::yes::::::::::yes::yes::yes::yes::yes::yes::yes::yes::yes::yes::yes::yes::yes::admin
980849900::Reinforced Dragonspine Vambraces::<A HREF="http://www.gameznet.com/eq/equipment/reinforcedragonspinevambraces.html">More</A>::16::9::::::::::::::::::::::5::::::1.4::::yes::yes::::yes::yes::yes::yes::yes::::yes::::::::::yes::yes::yes::yes::yes::yes::yes::yes::yes::yes::yes::yes::yes::admin
980850045::Resplendent Sleeves::<A HREF="http://www.gameznet.com/eq/equipment/resplendentsleeves.html">More</A>::6::::::::::5::::4::10::20::2::::::::::0.2::::::::::::::::::::::::::::yes::::::yes::::yes::yes::::::yes::yes::::::::::admin
980850145::Rowyl's Vambraces of Nature::<A HREF="http://www.gameznet.com/eq/equipment/rowylsvambracesofnature.html">More</A>::7::::::::::::2::::::30::::::::::::6.0::::::::::::::::::::yes::::::::::::::::::::::yes::yes::::yes::::::yes::::admin
980850346::Runed Protector's Vambraces::<A HREF="http://www.gameznet.com/eq/equipment/runedprotectorsvambraces.html">More</A>::19::7::::::::::::::::30::::2::::::3::6.0::::::::::::::yes::::::::::::::::::::::yes::yes::::yes::::yes::yes::::::::::admin
980850454::Runed Scout's Vambraces::<A HREF="http://www.gameznet.com/eq/equipment/runedscoutsvambraces.html">More</A>::16::7::::::::::::::::30::::2::::::3::6.0::::::::::::::::yes::::::::::::::::::::::::::yes::::::yes::::::yes::::admin
980850563::Ry'Gorr Iron Armguards::<A HREF="http://www.gameznet.com/eq/equipment/rygorrironarmgaunts.html">More</A>::11::::::::3::::::::10::::::5::::::3::1.0::::yes::yes::::yes::yes::yes::yes::yes::::yes::::::::::yes::yes::yes::yes::yes::yes::yes::yes::yes::yes::yes::yes::yes::admin
980850718::Silver Moon Arm Wraps::<A HREF="http://www.gameznet.com/eq/equipment/silvermoonarmwraps.html">More</A>::7::4::2::4::::::::::35::::1::1::1::1::1::0.1::::::::yes::::::::::::::::::::::::::::::::::::::::yes::::::::yes::admin
980850812::Singing Steel Vambraces::<A HREF="http://www.gameznet.com/eq/equipment/singingsteelvambraces.html">More</A>::21::::::::::::::::::::::::::::::6.5::Invigor::::::::yes::::::::::::::::::::::yes::yes::yes::yes::yes::yes::yes::yes::yes::yes::yes::yes::::admin
980851001::Sleeves of Conjuration::<A HREF="http://www.gameznet.com/eq/equipment/sleevesofconjuration.html">More</A>::6::::4::::::::::::15::15::2::::::::::0.4::::::::::::::::::::::::::::::yes::::yes::::yes::yes::::::yes::yes::::::::::admin
980851135::Sleeves of the Bonecaster::<A HREF="http://www.gameznet.com/eq/equipment/sleevesofthebonecaster.html">More</A>::6::::4::::::5::::::30::::2::::::::::0.2::::::::::::::::::::::::yes::::::::::yes::::yes::yes::::::::yes::::::::yes::admin
980851234::Sorceror's Sleeves::<A HREF="http://www.gameznet.com/eq/equipment/sorcerorssleeves.html">More</A>::6::::4::::::5::::::35::::2::::::::::0.2::::::::::::::::::::::::::yes::::::::yes::::yes::yes::::::yes::yes::::::::::admin
980851331::Spirit Weaver's Vambraces::<A HREF="http://www.gameznet.com/eq/equipment/spiritweaversvambraces.html">More</A>::16::3::1::1::::::1::::10::15::::::::::::5.0::::::::::::::::::::::yes::::::::::yes::::::::::::::::::yes::yes::::yes::admin
980851444::Tier'Dal Adamantite Sleeves::<A HREF="http://www.gameznet.com/eq/equipment/teirdaladamantitesleeves.html">More</A>::11::::::::::::::::::::::::::::::3.4::::yes::::::yes::yes::::::yes::::::::::::::::yes::::::::yes::::::::::::::::admin
980851573::Trakanasaur Hide Sleeves::<A HREF="http://www.gameznet.com/eq/equipment/trakanasaurhidesleeves.html">More</A>::8::5::::::::::::::::::::::::::::0.4::::yes::::::::yes::::::::::yes::::::::::yes::::::::::::::::::yes::yes::::::admin
980851647::Trooper Scale Vambraces::<A HREF="http://www.gameznet.com/eq/equipment/trooperscalevambraces.html">More</A>::11::2::::2::::::::::::::::::2::2::::3.0::::yes::::::::::::::::::::::::::::::::::::::::::::::::::::yes::admin
980851984::Vambraces of Avoidance::<A HREF="http://www.gameznet.com/eq/equipment/vambracesofavoidance.html">More</A>::12::3::::::::::::::::::::::::::5::3.2::::yes::::::yes::yes::yes::yes::yes::::::::::::::yes::yes::yes::yes::yes::yes::yes::yes::yes::yes::yes::yes::yes::admin
980852084::Vambraces of Forbidden Rites::<A HREF="http://www.gameznet.com/eq/equipment/vambracesofforbiddenrites.html">More</A>::19::::::3::::::2::::35::::::::::::::6.0::::::::::::::::::yes::::::::::::::::yes::yes::yes::yes::::yes::yes::yes::::::::::admin
980852195::Vambraces of Stability::<A HREF="http://www.gameznet.com/eq/equipment/vambracesofstability.html">More</A>::19::::::3::::::2::::35::::::::::::::6.0::::::::::::::::::yes::::::::::::::::yes::yes::yes::yes::::yes::yes::yes::::::yes::::admin
980852277::Warlock's Sleeves::<A HREF="http://www.gameznet.com/eq/equipment/warlockssleeves.html">More</A>::6::::4::::::5::::::30::::::::::2::::0.2::::::::::::::::::::::::yes::::::::::yes::::yes::yes::::::::yes::::::::yes::admin
980852433::Worked Dragonspine Vambraces::<A HREF="http://www.gameznet.com/eq/equipment/workeddragonspinevambraces.html">More</A>::15::8::::::::::::::::::::::4::::::1.4::::yes::yes::::yes::yes::yes::yes::yes::::yes::::::::::yes::yes::yes::yes::yes::yes::yes::yes::yes::yes::yes::yes::yes::admin
981038157::Barbed Ringmail Sleeves::<A HREF="http://www.gameznet.com/eq/equipment/barbedringmailsleeves.html">More</A>::15::::::3::::::3::::::::::::::::::4.5::::yes::yes::::yes::yes::yes::yes::yes::::yes::::::::::yes::yes::yes::yes::yes::yes::yes::yes::yes::yes::yes::yes::yes::admin
981038251::Crystal Chitin Armplates::<A HREF="http://www.gameznet.com/eq/equipment/crystalchitinarmplates.html">More</A>::9::5::5::::::::::::10::::::::::::::5.0::::yes::yes::::yes::yes::yes::yes::yes::yes::yes::::::::::yes::yes::yes::yes::yes::yes::yes::yes::yes::yes::yes::yes::yes::admin
981687198::Resonant Vambraces::<A HREF="http://gameznet.com/eq/equipment/resonantvambraces.html">More</A>::19::4::3::::4::::::::20::::1::1::1::1::1::6.0::::::::::yes::::::::::::::::::::::::::::::::yes::::::yes::::::yes::::admin
982102438::Cobalt Drake Sleeves::<A HREF="http://www.gameznet.com/eq/equipment/cobaltdrakesleeves.html">More</A>::8::::::::::::::8::::22::::6::::::::1.5::::yes::yes::yes::yes::yes::yes::yes::yes::yes::yes::::::::::yes::yes::yes::yes::yes::yes::yes::yes::yes::yes::yes::yes::yes::admin
982453617::Tigeraptor Sleeves::<A HREF="http://www.gameznet.com/eq/equipment/tigeraptorsleeves.html">More</A>::8::::::4::4::::::::5::::::::::::::1.5::::::::::::::::yes::::::::::::::::::::::::::yes::::::yes::::::yes::::admin
982456518::Grand Master's Arm Wraps::<A HREF="http://www.gameznet.com/eq/equipment/grandmastersarmwraps.html">More</A>::7::4::2::4::::::::::35::::1::1::1::1::1::0.1::::::::yes::::::::::::::::::::::::::::::::::::::::yes::::::::yes::admin
983535895::Crustacean Shell Vambraces::<A HREF="http://gameznet.com/eq/equipment/crustaceanshellvambraces.html">More</A>::10::8::12::-4::::::::-4::::::::::::::::6.5::::yes::::::yes::yes::yes::::yes::::::::::::::yes::yes::yes::yes::yes::yes::yes::yes::yes::yes::yes::yes::::admin
983536013::Royal Velium Frosted Vambraces::<A HREF="http://gameznet.com/eq/equipment/royalveliumfrostedvambraces.html">More</A>::18::::3::::3::::::::::::::::::2::::6.0::::yes::::::::yes::yes::::yes::::::::::::::yes::yes::yes::yes::yes::yes::yes::yes::yes::yes::yes::yes::yes::admin
983536756::Arch Mage's Sleeves::<A HREF="http://www.gameznet.com/eq/equipment/archmagessleeves.html">More</A>::6::::4::::::5::::::15::15::::::::2::::0.4::::::::::::::::::::::::::::::yes::::yes::::yes::yes::::::yes::yes::::::::::admin
983536846::Golden Leaf Vambraces::<A HREF="http://www.gameznet.com/eq/equipment/goldenleafvambraces.html">More</A>::16::::10::::::::::::30::::3::::::::3::6.0::::::::::::::::yes::::::::::::::::::::::::::yes::::::yes::::::yes::::admin
983604548::Golden Star Arm Wraps::<A HREF="http://www.gameznet.com/eq/equipment/goldenstararmwraps.html">More</A>::9::4::2::4::::::::::35::::1::1::1::1::1::0.1::::::::yes::::::::::::::::::::::::::::::::::::::::yes::::::::yes::admin
983604654::Nature Walker's Vambraces::<A HREF="http://www.gameznet.com/eq/equipment/naturewalkersvambraces.html">More</A>::8::::::::::::2::::::30::::::::::::1.5::::::::::::::::::::yes::::::::::::::::::::::yes::yes::::yes::::::yes::::admin
983604785::Spirit Caller's Vambraces::<A HREF="http://www.gameznet.com/eq/equipment/spiritcallersvambraces.html">More</A>::19::1::1::3::::::1::::10::15::::::::::::5.0::::::::::::::::::::::yes::::::::::yes::::::::::::::::::yes::yes::::yes::admin
