1: startcast Nature's Wrath
1: 0.0 dps, 4000 hp, 4000 mana
2: 0.0 dps, 4000 hp, 4000 mana
3: 0.0 dps, 4000 hp, 4000 mana
4: 0.0 dps, 4000 hp, 4000 mana
5: 0.0 dps, 4000 hp, 4000 mana
6: 0.0 dps, 4000 hp, 4000 mana
7: 0.0 dps, 4000 hp, 4000 mana
8: 0.0 dps, 4000 hp, 4000 mana
9: 0.0 dps, 4000 hp, 4000 mana
10: finished casting Nature's Wrath
10: 0.0 dps, 4000 hp, 4000 mana
11: startcast wingeddeath
11: 0.0 dps, 4000 hp, 4000 mana
12: Nature's Wrath tick
12: 4.6 dps, 4000 hp, 4000 mana
13: 4.2 dps, 4000 hp, 4000 mana
14: 3.9 dps, 4000 hp, 4000 mana
15: 3.7 dps, 4000 hp, 4000 mana
16: finished casting wingeddeath
16: 3.4 dps, 4000 hp, 3702.5 mana
17: 3.2 dps, 4000 hp, 3702.5 mana
18: Nature's Wrath tick
18: wingeddeath tick
18: 14.1 dps, 4000 hp, 3720.5 mana
19: startcast blizzard
19: 13.3 dps, 4000 hp, 3720.5 mana
20: 12.7 dps, 4000 hp, 3720.5 mana
21: 12.0 dps, 4000 hp, 3720.5 mana
22: 11.5 dps, 4000 hp, 3720.5 mana
23: finished casting blizzard
23: 11.0 dps, 4000 hp, 3438.3 mana
24: blizzard tick
24: Nature's Wrath tick
24: wingeddeath tick
24: 49.4 dps, 4000 hp, 3456.3 mana
25: 47.4 dps, 4000 hp, 3456.3 mana
26: 45.6 dps, 4000 hp, 3456.3 mana
27: 43.9 dps, 4000 hp, 3456.3 mana
28: 42.4 dps, 4000 hp, 3456.3 mana
29: 40.9 dps, 4000 hp, 3456.3 mana
30: blizzard tick
30: Nature's Wrath tick
30: wingeddeath tick
30: 70.6 dps, 4000 hp, 3494.3 mana
31: 68.4 dps, 4000 hp, 3494.3 mana
32: 66.2 dps, 4000 hp, 3494.3 mana
33: 64.2 dps, 4000 hp, 3494.3 mana
34: 62.3 dps, 4000 hp, 3494.3 mana
35: startcast blizzard
35: 60.5 dps, 4000 hp, 3494.3 mana
36: Nature's Wrath tick
36: wingeddeath tick
36: 64.4 dps, 4000 hp, 3512.3 mana
37: 62.6 dps, 4000 hp, 3512.3 mana
38: 61.0 dps, 4000 hp, 3512.3 mana
39: finished casting blizzard
39: 59.4 dps, 4000 hp, 3230.1 mana
40: 57.9 dps, 4000 hp, 3230.1 mana
41: 56.5 dps, 4000 hp, 3230.1 mana
42: blizzard tick
42: Nature's Wrath tick
42: wingeddeath tick
42: 77.4 dps, 4000 hp, 3248.1 mana
43: 75.6 dps, 4000 hp, 3248.1 mana
44: 73.9 dps, 4000 hp, 3248.1 mana
45: 72.2 dps, 4000 hp, 3248.1 mana
46: 70.7 dps, 4000 hp, 3248.1 mana
47: 69.1 dps, 4000 hp, 3248.1 mana
48: blizzard tick
48: Nature's Wrath tick
48: wingeddeath tick
48: 87.1 dps, 4000 hp, 3286.1 mana
49: 85.4 dps, 4000 hp, 3286.1 mana
50: 83.7 dps, 4000 hp, 3286.1 mana
51: startcast blizzard
51: 82.0 dps, 4000 hp, 3286.1 mana
52: 80.4 dps, 4000 hp, 3286.1 mana
53: 78.9 dps, 4000 hp, 3286.1 mana
54: Nature's Wrath tick
54: wingeddeath tick
54: 81.1 dps, 4000 hp, 3304.1 mana
55: finished casting blizzard
55: 79.7 dps, 4000 hp, 3021.9 mana
56: 78.2 dps, 4000 hp, 3021.9 mana
57: 76.9 dps, 4000 hp, 3021.9 mana
58: 75.5 dps, 4000 hp, 3021.9 mana
59: 74.3 dps, 4000 hp, 3021.9 mana
60: blizzard tick
60: Nature's Wrath tick
60: wingeddeath tick
60: 88.6 dps, 4000 hp, 3059.9 mana
61: 87.1 dps, 4000 hp, 3059.9 mana
62: 85.7 dps, 4000 hp, 3059.9 mana
63: 84.3 dps, 4000 hp, 3059.9 mana
64: 83.0 dps, 4000 hp, 3059.9 mana
65: 81.8 dps, 4000 hp, 3059.9 mana
66: blizzard tick
66: Nature's Wrath tick
66: wingeddeath tick
66: 94.7 dps, 4000 hp, 3097.9 mana
67: startcast blizzard
67: 93.2 dps, 4000 hp, 3097.9 mana
68: 91.9 dps, 4000 hp, 3097.9 mana
69: 90.5 dps, 4000 hp, 3097.9 mana
70: 89.2 dps, 4000 hp, 3097.9 mana
71: finished casting blizzard
71: 88.0 dps, 4000 hp, 2815.7 mana
72: blizzard tick
72: Nature's Wrath tick
72: wingeddeath tick
72: 99.7 dps, 4000 hp, 2833.7 mana
73: 98.4 dps, 4000 hp, 2833.7 mana
74: 97.0 dps, 4000 hp, 2833.7 mana
75: 95.7 dps, 4000 hp, 2833.7 mana
76: 94.5 dps, 4000 hp, 2833.7 mana
77: 93.2 dps, 4000 hp, 2833.7 mana
78: blizzard tick
78: Nature's Wrath tick
78: wingeddeath tick
78: startcast wingeddeath
78: 104.0 dps, 4000 hp, 2871.7 mana
79: 102.7 dps, 4000 hp, 2871.7 mana
80: 101.4 dps, 4000 hp, 2871.7 mana
81: 100.2 dps, 4000 hp, 2871.7 mana
82: 98.9 dps, 4000 hp, 2871.7 mana
83: finished casting wingeddeath
83: 97.7 dps, 4000 hp, 2574.2 mana
84: Nature's Wrath tick
84: wingeddeath tick
84: 98.9 dps, 4000 hp, 2592.2 mana
85: 97.8 dps, 4000 hp, 2592.2 mana
86: startcast blizzard
86: 96.6 dps, 4000 hp, 2592.2 mana
87: 95.5 dps, 4000 hp, 2592.2 mana
88: 94.4 dps, 4000 hp, 2592.2 mana
89: 93.4 dps, 4000 hp, 2592.2 mana
90: Nature's Wrath tick
90: wingeddeath tick
90: finished casting blizzard
90: 94.5 dps, 4000 hp, 2328 mana
91: 93.5 dps, 4000 hp, 2328 mana
92: 92.5 dps, 4000 hp, 2328 mana
93: 91.5 dps, 4000 hp, 2328 mana
94: 90.5 dps, 4000 hp, 2328 mana
95: 89.6 dps, 4000 hp, 2328 mana
96: blizzard tick
96: Nature's Wrath tick
96: wingeddeath tick
96: 98.4 dps, 4000 hp, 2366 mana
97: 97.3 dps, 4000 hp, 2366 mana
98: 96.3 dps, 4000 hp, 2366 mana
99: 95.4 dps, 4000 hp, 2366 mana
100: 94.4 dps, 4000 hp, 2366 mana
101: 93.5 dps, 4000 hp, 2366 mana
102: blizzard tick
102: Nature's Wrath tick
102: wingeddeath tick
102: startcast blizzard
102: 101.7 dps, 4000 hp, 2404 mana
103: 100.7 dps, 4000 hp, 2404 mana
104: 99.8 dps, 4000 hp, 2404 mana
105: 98.8 dps, 4000 hp, 2404 mana
106: finished casting blizzard
106: 97.9 dps, 4000 hp, 2121.8 mana
107: 97.0 dps, 4000 hp, 2121.8 mana
108: blizzard tick
108: Nature's Wrath tick
108: wingeddeath tick
108: 104.7 dps, 4000 hp, 2139.8 mana
109: 103.7 dps, 4000 hp, 2139.8 mana
110: 102.8 dps, 4000 hp, 2139.8 mana
111: 101.9 dps, 4000 hp, 2139.8 mana
112: 101.0 dps, 4000 hp, 2139.8 mana
113: 100.1 dps, 4000 hp, 2139.8 mana
114: blizzard tick
114: Nature's Wrath tick
114: wingeddeath tick
114: 107.4 dps, 4000 hp, 2177.8 mana
115: 106.4 dps, 4000 hp, 2177.8 mana
116: 105.5 dps, 4000 hp, 2177.8 mana
117: 104.6 dps, 4000 hp, 2177.8 mana
118: startcast blizzard
118: 103.7 dps, 4000 hp, 2177.8 mana
119: 102.9 dps, 4000 hp, 2177.8 mana
120: Nature's Wrath tick
120: wingeddeath tick
120: 103.7 dps, 4000 hp, 2195.8 mana
121: 102.8 dps, 4000 hp, 2195.8 mana
122: finished casting blizzard
122: 102.0 dps, 4000 hp, 1913.6 mana
123: 101.1 dps, 4000 hp, 1913.6 mana
124: 100.3 dps, 4000 hp, 1913.6 mana
125: 99.5 dps, 4000 hp, 1913.6 mana
126: blizzard tick
126: Nature's Wrath tick
126: wingeddeath tick
126: 106.1 dps, 4000 hp, 1951.6 mana
127: 105.3 dps, 4000 hp, 1951.6 mana
128: 104.5 dps, 4000 hp, 1951.6 mana
129: 103.7 dps, 4000 hp, 1951.6 mana
130: 102.9 dps, 4000 hp, 1951.6 mana
131: 102.1 dps, 4000 hp, 1951.6 mana
132: blizzard tick
132: Nature's Wrath tick
132: wingeddeath tick
132: 108.4 dps, 4000 hp, 1989.6 mana
133: 107.6 dps, 4000 hp, 1989.6 mana
134: startcast blizzard
134: 106.8 dps, 4000 hp, 1989.6 mana
135: 106.0 dps, 4000 hp, 1989.6 mana
136: 105.2 dps, 4000 hp, 1989.6 mana
137: 104.4 dps, 4000 hp, 1989.6 mana
138: Nature's Wrath tick
138: wingeddeath tick
138: finished casting blizzard
138: 105.1 dps, 4000 hp, 1725.4 mana
139: 104.3 dps, 4000 hp, 1725.4 mana
140: 103.6 dps, 4000 hp, 1725.4 mana
141: 102.9 dps, 4000 hp, 1725.4 mana
142: 102.1 dps, 4000 hp, 1725.4 mana
143: 101.4 dps, 4000 hp, 1725.4 mana
144: blizzard tick
144: Nature's Wrath tick
144: wingeddeath tick
144: startcast wingeddeath
144: 107.2 dps, 4000 hp, 1763.4 mana
145: 106.5 dps, 4000 hp, 1763.4 mana
146: 105.7 dps, 4000 hp, 1763.4 mana
147: 105.0 dps, 4000 hp, 1763.4 mana
148: 104.3 dps, 4000 hp, 1763.4 mana
149: finished casting wingeddeath
149: 103.6 dps, 4000 hp, 1465.9 mana
150: blizzard tick
150: Nature's Wrath tick
150: wingeddeath tick
150: 109.1 dps, 4000 hp, 1483.9 mana
151: 108.4 dps, 4000 hp, 1483.9 mana
152: startcast blizzard
152: 107.7 dps, 4000 hp, 1483.9 mana
153: 107.0 dps, 4000 hp, 1483.9 mana
154: 106.3 dps, 4000 hp, 1483.9 mana
155: 105.6 dps, 4000 hp, 1483.9 mana
156: Nature's Wrath tick
156: wingeddeath tick
156: finished casting blizzard
156: 106.2 dps, 4000 hp, 1219.7 mana
157: 105.5 dps, 4000 hp, 1219.7 mana
158: 104.9 dps, 4000 hp, 1219.7 mana
159: 104.2 dps, 4000 hp, 1219.7 mana
160: 103.5 dps, 4000 hp, 1219.7 mana
161: 102.9 dps, 4000 hp, 1219.7 mana
162: blizzard tick
162: Nature's Wrath tick
162: wingeddeath tick
162: 108.0 dps, 4000 hp, 1257.7 mana
163: 107.4 dps, 4000 hp, 1257.7 mana
164: 106.7 dps, 4000 hp, 1257.7 mana
165: 106.1 dps, 4000 hp, 1257.7 mana
166: 105.4 dps, 4000 hp, 1257.7 mana
167: 104.8 dps, 4000 hp, 1257.7 mana
168: blizzard tick
168: Nature's Wrath tick
168: wingeddeath tick
168: startcast blizzard
168: 109.7 dps, 4000 hp, 1295.7 mana
169: 109.1 dps, 4000 hp, 1295.7 mana
170: 108.4 dps, 4000 hp, 1295.7 mana
171: 107.8 dps, 4000 hp, 1295.7 mana
172: finished casting blizzard
172: 107.2 dps, 4000 hp, 1013.5 mana
173: 106.5 dps, 4000 hp, 1013.5 mana
174: blizzard tick
174: Nature's Wrath tick
174: wingeddeath tick
174: 111.3 dps, 4000 hp, 1031.5 mana
175: 110.7 dps, 4000 hp, 1031.5 mana
176: 110.0 dps, 4000 hp, 1031.5 mana
177: 109.4 dps, 4000 hp, 1031.5 mana
178: 108.8 dps, 4000 hp, 1031.5 mana
179: 108.2 dps, 4000 hp, 1031.5 mana
180: blizzard tick
180: Nature's Wrath tick
180: wingeddeath tick
180: 112.8 dps, 4000 hp, 1069.5 mana
181: 112.1 dps, 4000 hp, 1069.5 mana
182: 111.5 dps, 4000 hp, 1069.5 mana
183: 110.9 dps, 4000 hp, 1069.5 mana
184: startcast blizzard
184: 110.3 dps, 4000 hp, 1069.5 mana
185: 109.7 dps, 4000 hp, 1069.5 mana
186: Nature's Wrath tick
186: wingeddeath tick
186: 110.2 dps, 4000 hp, 1087.5 mana
187: 109.6 dps, 4000 hp, 1087.5 mana
188: finished casting blizzard
188: 109.0 dps, 4000 hp, 805.300000000001 mana
189: 108.4 dps, 4000 hp, 805.300000000001 mana
190: 107.9 dps, 4000 hp, 805.300000000001 mana
191: startcast Nature's Wrath
191: 107.3 dps, 4000 hp, 805.300000000001 mana
192: blizzard tick
192: wingeddeath tick
192: 111.3 dps, 4000 hp, 823.300000000001 mana
193: 110.8 dps, 4000 hp, 823.300000000001 mana
194: 110.2 dps, 4000 hp, 823.300000000001 mana
195: 109.6 dps, 4000 hp, 823.300000000001 mana
196: 109.1 dps, 4000 hp, 823.300000000001 mana
197: 108.5 dps, 4000 hp, 823.300000000001 mana
198: blizzard tick
198: wingeddeath tick
198: 112.4 dps, 4000 hp, 841.300000000001 mana
199: 111.8 dps, 4000 hp, 841.300000000001 mana
200: finished casting Nature's Wrath
200: 111.3 dps, 4000 hp, 841.300000000001 mana
201: startcast blizzard
201: 110.7 dps, 4000 hp, 841.300000000001 mana
202: 110.2 dps, 4000 hp, 841.300000000001 mana
203: 109.6 dps, 4000 hp, 841.300000000001 mana
204: Nature's Wrath tick
204: wingeddeath tick
204: 110.1 dps, 4000 hp, 859.300000000001 mana
205: finished casting blizzard
205: 109.5 dps, 4000 hp, 577.100000000001 mana
206: 109.0 dps, 4000 hp, 577.100000000001 mana
207: 108.5 dps, 4000 hp, 577.100000000001 mana
208: 107.9 dps, 4000 hp, 577.100000000001 mana
209: 107.4 dps, 4000 hp, 577.100000000001 mana
210: blizzard tick
210: Nature's Wrath tick
210: wingeddeath tick
210: startcast wingeddeath
210: 111.4 dps, 4000 hp, 615.100000000001 mana
211: 110.8 dps, 4000 hp, 615.100000000001 mana
212: 110.3 dps, 4000 hp, 615.100000000001 mana
213: 109.8 dps, 4000 hp, 615.100000000001 mana
214: 109.3 dps, 4000 hp, 615.100000000001 mana
215: finished casting wingeddeath
215: 108.8 dps, 4000 hp, 317.600000000001 mana
216: blizzard tick
216: Nature's Wrath tick
216: wingeddeath tick
216: 112.6 dps, 4000 hp, 335.600000000001 mana
217: 112.1 dps, 4000 hp, 335.600000000001 mana
218: startcast blizzard
218: 111.5 dps, 4000 hp, 335.600000000001 mana
219: 111.0 dps, 4000 hp, 335.600000000001 mana
220: 110.5 dps, 4000 hp, 335.600000000001 mana
221: 110.0 dps, 4000 hp, 335.600000000001 mana
222: Nature's Wrath tick
222: wingeddeath tick
222: finished casting blizzard
222: 110.4 dps, 4000 hp, 71.4000000000008 mana
223: 109.9 dps, 4000 hp, 71.4000000000008 mana
224: 109.4 dps, 4000 hp, 71.4000000000008 mana
225: 109.0 dps, 4000 hp, 71.4000000000008 mana
226: 108.5 dps, 4000 hp, 71.4000000000008 mana
227: 108.0 dps, 4000 hp, 71.4000000000008 mana
228: blizzard tick
228: Nature's Wrath tick
228: wingeddeath tick
228: 111.6 dps, 4000 hp, 109.400000000001 mana
229: 111.1 dps, 4000 hp, 109.400000000001 mana
230: 110.6 dps, 4000 hp, 109.400000000001 mana
231: 110.2 dps, 4000 hp, 109.400000000001 mana
232: 109.7 dps, 4000 hp, 109.400000000001 mana
233: 109.2 dps, 4000 hp, 109.400000000001 mana
234: blizzard tick
234: Nature's Wrath tick
234: wingeddeath tick
234: 112.7 dps, 4000 hp, 147.400000000001 mana
235: 112.3 dps, 4000 hp, 147.400000000001 mana
236: 111.8 dps, 4000 hp, 147.400000000001 mana
237: 111.3 dps, 4000 hp, 147.400000000001 mana
238: 110.8 dps, 4000 hp, 147.400000000001 mana
239: 110.4 dps, 4000 hp, 147.400000000001 mana
240: Nature's Wrath tick
240: wingeddeath tick
240: 110.7 dps, 4000 hp, 185.400000000001 mana
241: 110.3 dps, 4000 hp, 185.400000000001 mana
242: 109.8 dps, 4000 hp, 185.400000000001 mana
243: 109.4 dps, 4000 hp, 185.400000000001 mana
244: 108.9 dps, 4000 hp, 185.400000000001 mana
245: 108.5 dps, 4000 hp, 185.400000000001 mana
246: Nature's Wrath tick
246: wingeddeath tick
246: 108.8 dps, 4000 hp, 223.400000000001 mana
247: 108.4 dps, 4000 hp, 223.400000000001 mana
248: 108.0 dps, 4000 hp, 223.400000000001 mana
249: 107.5 dps, 4000 hp, 223.400000000001 mana
250: 107.1 dps, 4000 hp, 223.400000000001 mana
251: 106.7 dps, 4000 hp, 223.400000000001 mana
252: Nature's Wrath tick
252: wingeddeath tick
252: 107.0 dps, 4000 hp, 261.400000000001 mana
253: 106.6 dps, 4000 hp, 261.400000000001 mana
254: 106.2 dps, 4000 hp, 261.400000000001 mana
255: 105.8 dps, 4000 hp, 261.400000000001 mana
256: 105.4 dps, 4000 hp, 261.400000000001 mana
257: 105.0 dps, 4000 hp, 261.400000000001 mana
258: Nature's Wrath tick
258: wingeddeath tick
258: 105.3 dps, 4000 hp, 299.400000000001 mana
259: 104.9 dps, 4000 hp, 299.400000000001 mana
260: 104.5 dps, 4000 hp, 299.400000000001 mana
261: 104.1 dps, 4000 hp, 299.400000000001 mana
262: 103.7 dps, 4000 hp, 299.400000000001 mana
263: 103.3 dps, 4000 hp, 299.400000000001 mana
264: Nature's Wrath tick
264: wingeddeath tick
264: startcast blizzard
264: 103.7 dps, 4000 hp, 337.400000000001 mana
265: 103.3 dps, 4000 hp, 337.400000000001 mana
266: 102.9 dps, 4000 hp, 337.400000000001 mana
267: 102.5 dps, 4000 hp, 337.400000000001 mana
268: finished casting blizzard
268: 102.1 dps, 4000 hp, 55.2000000000008 mana
269: 101.8 dps, 4000 hp, 55.2000000000008 mana
270: blizzard tick
270: Nature's Wrath tick
270: wingeddeath tick
270: 104.8 dps, 4000 hp, 73.2000000000008 mana
271: 104.4 dps, 4000 hp, 73.2000000000008 mana
272: 104.1 dps, 4000 hp, 73.2000000000008 mana
273: 103.7 dps, 4000 hp, 73.2000000000008 mana
274: 103.3 dps, 4000 hp, 73.2000000000008 mana
275: 102.9 dps, 4000 hp, 73.2000000000008 mana
276: blizzard tick
276: Nature's Wrath tick
276: wingeddeath tick
276: 105.9 dps, 4000 hp, 111.200000000001 mana
277: 105.5 dps, 4000 hp, 111.200000000001 mana
278: 105.2 dps, 4000 hp, 111.200000000001 mana
279: 104.8 dps, 4000 hp, 111.200000000001 mana
280: 104.4 dps, 4000 hp, 111.200000000001 mana
281: 104.0 dps, 4000 hp, 111.200000000001 mana
282: Nature's Wrath tick
282: 103.9 dps, 4000 hp, 149.200000000001 mana
283: 103.5 dps, 4000 hp, 149.200000000001 mana
284: 103.1 dps, 4000 hp, 149.200000000001 mana
285: 102.8 dps, 4000 hp, 149.200000000001 mana
286: 102.4 dps, 4000 hp, 149.200000000001 mana
287: 102.1 dps, 4000 hp, 149.200000000001 mana
288: Nature's Wrath tick
288: 101.9 dps, 4000 hp, 187.200000000001 mana
289: 101.5 dps, 4000 hp, 187.200000000001 mana
290: 101.2 dps, 4000 hp, 187.200000000001 mana
291: 100.8 dps, 4000 hp, 187.200000000001 mana
292: 100.5 dps, 4000 hp, 187.200000000001 mana
293: 100.2 dps, 4000 hp, 187.200000000001 mana
294: Nature's Wrath tick
294: 100.0 dps, 4000 hp, 225.200000000001 mana
295: 99.7 dps, 4000 hp, 225.200000000001 mana
296: 99.3 dps, 4000 hp, 225.200000000001 mana
297: 99.0 dps, 4000 hp, 225.200000000001 mana
298: 98.7 dps, 4000 hp, 225.200000000001 mana
299: 98.3 dps, 4000 hp, 225.200000000001 mana
300: Nature's Wrath tick
300: 98.2 dps, 4000 hp, 263.200000000001 mana
301: 97.9 dps, 4000 hp, 263.200000000001 mana
302: 97.5 dps, 4000 hp, 263.200000000001 mana
303: 97.2 dps, 4000 hp, 263.200000000001 mana
304: 96.9 dps, 4000 hp, 263.200000000001 mana
305: 96.6 dps, 4000 hp, 263.200000000001 mana
306: Nature's Wrath tick
306: 96.4 dps, 4000 hp, 301.200000000001 mana
307: 96.1 dps, 4000 hp, 301.200000000001 mana
308: 95.8 dps, 4000 hp, 301.200000000001 mana
309: 95.5 dps, 4000 hp, 301.200000000001 mana
310: 95.2 dps, 4000 hp, 301.200000000001 mana
311: 94.9 dps, 4000 hp, 301.200000000001 mana
312: Nature's Wrath tick
312: startcast blizzard
312: 94.8 dps, 4000 hp, 339.200000000001 mana
313: 94.5 dps, 4000 hp, 339.200000000001 mana
314: 94.2 dps, 4000 hp, 339.200000000001 mana
315: 93.9 dps, 4000 hp, 339.200000000001 mana
316: finished casting blizzard
316: 93.6 dps, 4000 hp, 57.0000000000009 mana
317: 93.3 dps, 4000 hp, 57.0000000000009 mana
318: blizzard tick
318: Nature's Wrath tick
318: 95.5 dps, 4000 hp, 75.0000000000009 mana
319: 95.2 dps, 4000 hp, 75.0000000000009 mana
320: 94.9 dps, 4000 hp, 75.0000000000009 mana
321: 94.6 dps, 4000 hp, 75.0000000000009 mana
322: 94.3 dps, 4000 hp, 75.0000000000009 mana
323: 94.0 dps, 4000 hp, 75.0000000000009 mana
324: blizzard tick
324: Nature's Wrath tick
324: 96.1 dps, 4000 hp, 113.000000000001 mana
325: 95.8 dps, 4000 hp, 113.000000000001 mana
326: 95.5 dps, 4000 hp, 113.000000000001 mana
327: 95.3 dps, 4000 hp, 113.000000000001 mana
328: 95.0 dps, 4000 hp, 113.000000000001 mana
329: 94.7 dps, 4000 hp, 113.000000000001 mana
330: Nature's Wrath tick
330: 94.6 dps, 4000 hp, 151.000000000001 mana
331: 94.3 dps, 4000 hp, 151.000000000001 mana
332: 94.0 dps, 4000 hp, 151.000000000001 mana
333: 93.7 dps, 4000 hp, 151.000000000001 mana
334: 93.4 dps, 4000 hp, 151.000000000001 mana
335: 93.1 dps, 4000 hp, 151.000000000001 mana
336: Nature's Wrath tick
336: 93.0 dps, 4000 hp, 189.000000000001 mana
337: 92.8 dps, 4000 hp, 189.000000000001 mana
338: 92.5 dps, 4000 hp, 189.000000000001 mana
339: 92.2 dps, 4000 hp, 189.000000000001 mana
340: 91.9 dps, 4000 hp, 189.000000000001 mana
341: 91.7 dps, 4000 hp, 189.000000000001 mana
342: Nature's Wrath tick
342: 91.6 dps, 4000 hp, 227.000000000001 mana
343: 91.3 dps, 4000 hp, 227.000000000001 mana
344: 91.0 dps, 4000 hp, 227.000000000001 mana
345: 90.8 dps, 4000 hp, 227.000000000001 mana
346: 90.5 dps, 4000 hp, 227.000000000001 mana
347: 90.2 dps, 4000 hp, 227.000000000001 mana
348: Nature's Wrath tick
348: 90.1 dps, 4000 hp, 265.000000000001 mana
349: 89.9 dps, 4000 hp, 265.000000000001 mana
350: 89.6 dps, 4000 hp, 265.000000000001 mana
351: 89.4 dps, 4000 hp, 265.000000000001 mana
352: 89.1 dps, 4000 hp, 265.000000000001 mana
353: 88.9 dps, 4000 hp, 265.000000000001 mana
354: Nature's Wrath tick
354: 88.8 dps, 4000 hp, 303.000000000001 mana
355: 88.5 dps, 4000 hp, 303.000000000001 mana
356: 88.3 dps, 4000 hp, 303.000000000001 mana
357: 88.0 dps, 4000 hp, 303.000000000001 mana
358: 87.8 dps, 4000 hp, 303.000000000001 mana
359: 87.5 dps, 4000 hp, 303.000000000001 mana
360: Nature's Wrath tick
360: startcast blizzard
360: 87.4 dps, 4000 hp, 341.000000000001 mana
361: 87.2 dps, 4000 hp, 341.000000000001 mana
362: 87.0 dps, 4000 hp, 341.000000000001 mana
363: 86.7 dps, 4000 hp, 341.000000000001 mana
364: finished casting blizzard
364: 86.5 dps, 4000 hp, 58.8000000000009 mana
365: 86.2 dps, 4000 hp, 58.8000000000009 mana
366: blizzard tick
366: Nature's Wrath tick
366: 88.2 dps, 4000 hp, 76.8000000000009 mana
367: 87.9 dps, 4000 hp, 76.8000000000009 mana
368: 87.7 dps, 4000 hp, 76.8000000000009 mana
369: 87.4 dps, 4000 hp, 76.8000000000009 mana
370: 87.2 dps, 4000 hp, 76.8000000000009 mana
371: 87.0 dps, 4000 hp, 76.8000000000009 mana
372: blizzard tick
372: Nature's Wrath tick
372: 88.9 dps, 4000 hp, 114.800000000001 mana
373: 88.6 dps, 4000 hp, 114.800000000001 mana
374: 88.4 dps, 4000 hp, 114.800000000001 mana
375: 88.2 dps, 4000 hp, 114.800000000001 mana
376: 87.9 dps, 4000 hp, 114.800000000001 mana
377: 87.7 dps, 4000 hp, 114.800000000001 mana
378: Nature's Wrath tick
378: startcast Nature's Wrath
378: 87.6 dps, 4000 hp, 152.800000000001 mana
379: 87.4 dps, 4000 hp, 152.800000000001 mana
380: 87.1 dps, 4000 hp, 152.800000000001 mana
381: 86.9 dps, 4000 hp, 152.800000000001 mana
382: 86.7 dps, 4000 hp, 152.800000000001 mana
383: 86.5 dps, 4000 hp, 152.800000000001 mana
384: 86.2 dps, 4000 hp, 170.800000000001 mana
385: 86.0 dps, 4000 hp, 170.800000000001 mana
386: 85.8 dps, 4000 hp, 170.800000000001 mana
387: finished casting Nature's Wrath
387: 85.6 dps, 4000 hp, 170.800000000001 mana
388: 85.3 dps, 4000 hp, 170.800000000001 mana
389: 85.1 dps, 4000 hp, 170.800000000001 mana
390: Nature's Wrath tick
390: 85.0 dps, 4000 hp, 208.800000000001 mana
391: 84.8 dps, 4000 hp, 208.800000000001 mana
392: 84.6 dps, 4000 hp, 208.800000000001 mana
393: 84.4 dps, 4000 hp, 208.800000000001 mana
394: 84.2 dps, 4000 hp, 208.800000000001 mana
395: 84.0 dps, 4000 hp, 208.800000000001 mana
396: Nature's Wrath tick
396: 83.9 dps, 4000 hp, 246.800000000001 mana
397: 83.7 dps, 4000 hp, 246.800000000001 mana
398: 83.5 dps, 4000 hp, 246.800000000001 mana
399: 83.3 dps, 4000 hp, 246.800000000001 mana
400: 83.1 dps, 4000 hp, 246.800000000001 mana
401: 82.8 dps, 4000 hp, 246.800000000001 mana
402: Nature's Wrath tick
402: 82.8 dps, 4000 hp, 284.800000000001 mana
403: 82.6 dps, 4000 hp, 284.800000000001 mana
404: 82.4 dps, 4000 hp, 284.800000000001 mana
405: 82.2 dps, 4000 hp, 284.800000000001 mana
406: 82.0 dps, 4000 hp, 284.800000000001 mana
407: 81.8 dps, 4000 hp, 284.800000000001 mana
408: Nature's Wrath tick
408: 81.7 dps, 4000 hp, 322.800000000001 mana
409: 81.5 dps, 4000 hp, 322.800000000001 mana
410: 81.3 dps, 4000 hp, 322.800000000001 mana
411: 81.1 dps, 4000 hp, 322.800000000001 mana
412: 80.9 dps, 4000 hp, 322.800000000001 mana
413: 80.7 dps, 4000 hp, 322.800000000001 mana
414: Nature's Wrath tick
414: startcast wingeddeath
414: 80.6 dps, 4000 hp, 360.800000000001 mana
415: 80.5 dps, 4000 hp, 360.800000000001 mana
416: 80.3 dps, 4000 hp, 360.800000000001 mana
417: 80.1 dps, 4000 hp, 360.800000000001 mana
418: 79.9 dps, 4000 hp, 360.800000000001 mana
419: finished casting wingeddeath
419: 79.7 dps, 4000 hp, 63.3000000000009 mana
420: Nature's Wrath tick
420: wingeddeath tick
420: 80.0 dps, 4000 hp, 81.3000000000009 mana
421: 79.8 dps, 4000 hp, 81.3000000000009 mana
422: 79.6 dps, 4000 hp, 81.3000000000009 mana
423: 79.4 dps, 4000 hp, 81.3000000000009 mana
424: 79.2 dps, 4000 hp, 81.3000000000009 mana
425: 79.0 dps, 4000 hp, 81.3000000000009 mana
426: Nature's Wrath tick
426: wingeddeath tick
426: 79.3 dps, 4000 hp, 119.300000000001 mana
427: 79.1 dps, 4000 hp, 119.300000000001 mana
428: 78.9 dps, 4000 hp, 119.300000000001 mana
429: 78.7 dps, 4000 hp, 119.300000000001 mana
430: 78.6 dps, 4000 hp, 119.300000000001 mana
431: 78.4 dps, 4000 hp, 119.300000000001 mana
432: Nature's Wrath tick
432: wingeddeath tick
432: 78.7 dps, 4000 hp, 157.300000000001 mana
433: 78.5 dps, 4000 hp, 157.300000000001 mana
434: 78.3 dps, 4000 hp, 157.300000000001 mana
435: 78.1 dps, 4000 hp, 157.300000000001 mana
436: 77.9 dps, 4000 hp, 157.300000000001 mana
437: 77.8 dps, 4000 hp, 157.300000000001 mana
438: Nature's Wrath tick
438: wingeddeath tick
438: 78.0 dps, 4000 hp, 195.300000000001 mana
439: 77.9 dps, 4000 hp, 195.300000000001 mana
440: 77.7 dps, 4000 hp, 195.300000000001 mana
441: 77.5 dps, 4000 hp, 195.300000000001 mana
442: 77.3 dps, 4000 hp, 195.300000000001 mana
443: 77.2 dps, 4000 hp, 195.300000000001 mana
444: Nature's Wrath tick
444: wingeddeath tick
444: 77.4 dps, 4000 hp, 233.300000000001 mana
445: 77.3 dps, 4000 hp, 233.300000000001 mana
446: 77.1 dps, 4000 hp, 233.300000000001 mana
447: 76.9 dps, 4000 hp, 233.300000000001 mana
448: 76.7 dps, 4000 hp, 233.300000000001 mana
449: 76.6 dps, 4000 hp, 233.300000000001 mana
450: Nature's Wrath tick
450: wingeddeath tick
450: 76.8 dps, 4000 hp, 271.300000000001 mana
451: 76.7 dps, 4000 hp, 271.300000000001 mana
452: 76.5 dps, 4000 hp, 271.300000000001 mana
453: 76.3 dps, 4000 hp, 271.300000000001 mana
454: 76.2 dps, 4000 hp, 271.300000000001 mana
455: 76.0 dps, 4000 hp, 271.300000000001 mana
456: Nature's Wrath tick
456: wingeddeath tick
456: 76.3 dps, 4000 hp, 309.300000000001 mana
457: 76.1 dps, 4000 hp, 309.300000000001 mana
458: 75.9 dps, 4000 hp, 309.300000000001 mana
459: 75.8 dps, 4000 hp, 309.300000000001 mana
460: 75.6 dps, 4000 hp, 309.300000000001 mana
461: 75.4 dps, 4000 hp, 309.300000000001 mana
462: Nature's Wrath tick
462: wingeddeath tick
462: startcast blizzard
462: 75.7 dps, 4000 hp, 347.300000000001 mana
463: 75.5 dps, 4000 hp, 347.300000000001 mana
464: 75.4 dps, 4000 hp, 347.300000000001 mana
465: 75.2 dps, 4000 hp, 347.300000000001 mana
466: finished casting blizzard
466: 75.0 dps, 4000 hp, 65.1000000000009 mana
467: 74.9 dps, 4000 hp, 65.1000000000009 mana
468: blizzard tick
468: Nature's Wrath tick
468: wingeddeath tick
468: 76.7 dps, 4000 hp, 83.1000000000009 mana
469: 76.6 dps, 4000 hp, 83.1000000000009 mana
470: 76.4 dps, 4000 hp, 83.1000000000009 mana
471: 76.2 dps, 4000 hp, 83.1000000000009 mana
472: 76.1 dps, 4000 hp, 83.1000000000009 mana
473: 75.9 dps, 4000 hp, 83.1000000000009 mana
474: blizzard tick
474: Nature's Wrath tick
474: wingeddeath tick
474: 77.7 dps, 4000 hp, 121.100000000001 mana
475: 77.6 dps, 4000 hp, 121.100000000001 mana
476: 77.4 dps, 4000 hp, 121.100000000001 mana
477: 77.2 dps, 4000 hp, 121.100000000001 mana
478: 77.1 dps, 4000 hp, 121.100000000001 mana
479: 76.9 dps, 4000 hp, 121.100000000001 mana
480: Nature's Wrath tick
480: wingeddeath tick
480: 77.2 dps, 4000 hp, 159.100000000001 mana
481: 77.0 dps, 4000 hp, 159.100000000001 mana
482: 76.8 dps, 4000 hp, 159.100000000001 mana
483: 76.7 dps, 4000 hp, 159.100000000001 mana
484: 76.5 dps, 4000 hp, 159.100000000001 mana
485: 76.4 dps, 4000 hp, 159.100000000001 mana
486: Nature's Wrath tick
486: 76.3 dps, 4000 hp, 197.100000000001 mana
487: 76.2 dps, 4000 hp, 197.100000000001 mana
488: 76.0 dps, 4000 hp, 197.100000000001 mana
489: 75.8 dps, 4000 hp, 197.100000000001 mana
490: 75.7 dps, 4000 hp, 197.100000000001 mana
491: 75.5 dps, 4000 hp, 197.100000000001 mana
492: Nature's Wrath tick
492: 75.5 dps, 4000 hp, 235.100000000001 mana
493: 75.3 dps, 4000 hp, 235.100000000001 mana
494: 75.2 dps, 4000 hp, 235.100000000001 mana
495: 75.0 dps, 4000 hp, 235.100000000001 mana
496: 74.9 dps, 4000 hp, 235.100000000001 mana
497: 74.7 dps, 4000 hp, 235.100000000001 mana
498: Nature's Wrath tick
498: 74.7 dps, 4000 hp, 273.100000000001 mana
499: 74.5 dps, 4000 hp, 273.100000000001 mana
500: 74.4 dps, 4000 hp, 273.100000000001 mana
501: 74.3 dps, 4000 hp, 273.100000000001 mana
502: 74.1 dps, 4000 hp, 273.100000000001 mana
503: 74.0 dps, 4000 hp, 273.100000000001 mana
504: Nature's Wrath tick
504: 73.9 dps, 4000 hp, 311.100000000001 mana
505: 73.8 dps, 4000 hp, 311.100000000001 mana
506: 73.6 dps, 4000 hp, 311.100000000001 mana
507: 73.5 dps, 4000 hp, 311.100000000001 mana
508: 73.3 dps, 4000 hp, 311.100000000001 mana
509: 73.2 dps, 4000 hp, 311.100000000001 mana
510: Nature's Wrath tick
510: startcast blizzard
510: 73.2 dps, 4000 hp, 349.100000000001 mana
511: 73.0 dps, 4000 hp, 349.100000000001 mana
512: 72.9 dps, 4000 hp, 349.100000000001 mana
513: 72.7 dps, 4000 hp, 349.100000000001 mana
514: finished casting blizzard
514: 72.6 dps, 4000 hp, 66.9000000000009 mana
515: 72.4 dps, 4000 hp, 66.9000000000009 mana
516: blizzard tick
516: Nature's Wrath tick
516: 73.8 dps, 4000 hp, 84.9000000000009 mana
517: 73.7 dps, 4000 hp, 84.9000000000009 mana
518: 73.6 dps, 4000 hp, 84.9000000000009 mana
519: 73.4 dps, 4000 hp, 84.9000000000009 mana
520: 73.3 dps, 4000 hp, 84.9000000000009 mana
521: 73.1 dps, 4000 hp, 84.9000000000009 mana
522: blizzard tick
522: Nature's Wrath tick
522: 74.5 dps, 4000 hp, 122.900000000001 mana
523: 74.4 dps, 4000 hp, 122.900000000001 mana
524: 74.2 dps, 4000 hp, 122.900000000001 mana
525: 74.1 dps, 4000 hp, 122.900000000001 mana
526: 73.9 dps, 4000 hp, 122.900000000001 mana
527: 73.8 dps, 4000 hp, 122.900000000001 mana
528: Nature's Wrath tick
528: 73.8 dps, 4000 hp, 160.900000000001 mana
529: 73.6 dps, 4000 hp, 160.900000000001 mana
530: 73.5 dps, 4000 hp, 160.900000000001 mana
531: 73.3 dps, 4000 hp, 160.900000000001 mana
532: 73.2 dps, 4000 hp, 160.900000000001 mana
533: 73.1 dps, 4000 hp, 160.900000000001 mana
534: Nature's Wrath tick
534: 73.0 dps, 4000 hp, 198.900000000001 mana
535: 72.9 dps, 4000 hp, 198.900000000001 mana
536: 72.8 dps, 4000 hp, 198.900000000001 mana
537: 72.6 dps, 4000 hp, 198.900000000001 mana
538: 72.5 dps, 4000 hp, 198.900000000001 mana
539: 72.4 dps, 4000 hp, 198.900000000001 mana
540: Nature's Wrath tick
540: 72.3 dps, 4000 hp, 236.900000000001 mana
541: 72.2 dps, 4000 hp, 236.900000000001 mana
542: 72.1 dps, 4000 hp, 236.900000000001 mana
543: 71.9 dps, 4000 hp, 236.900000000001 mana
544: 71.8 dps, 4000 hp, 236.900000000001 mana
545: 71.7 dps, 4000 hp, 236.900000000001 mana
546: Nature's Wrath tick
546: 71.6 dps, 4000 hp, 274.900000000001 mana
547: 71.5 dps, 4000 hp, 274.900000000001 mana
548: 71.4 dps, 4000 hp, 274.900000000001 mana
549: 71.2 dps, 4000 hp, 274.900000000001 mana
550: 71.1 dps, 4000 hp, 274.900000000001 mana
551: 71.0 dps, 4000 hp, 274.900000000001 mana
552: Nature's Wrath tick
552: 71.0 dps, 4000 hp, 312.900000000001 mana
553: 70.8 dps, 4000 hp, 312.900000000001 mana
554: 70.7 dps, 4000 hp, 312.900000000001 mana
555: 70.6 dps, 4000 hp, 312.900000000001 mana
556: 70.4 dps, 4000 hp, 312.900000000001 mana
557: 70.3 dps, 4000 hp, 312.900000000001 mana
558: Nature's Wrath tick
558: startcast wingeddeath
558: 70.3 dps, 4000 hp, 350.900000000001 mana
559: 70.2 dps, 4000 hp, 350.900000000001 mana
560: 70.0 dps, 4000 hp, 350.900000000001 mana
561: 69.9 dps, 4000 hp, 350.900000000001 mana
562: 69.8 dps, 4000 hp, 350.900000000001 mana
563: finished casting wingeddeath
563: 69.7 dps, 4000 hp, 53.4000000000009 mana
564: Nature's Wrath tick
564: wingeddeath tick
564: 69.9 dps, 4000 hp, 71.4000000000009 mana
565: 69.8 dps, 4000 hp, 71.4000000000009 mana
566: startcast Nature's Wrath
566: 69.6 dps, 4000 hp, 71.4000000000009 mana
567: 69.5 dps, 4000 hp, 71.4000000000009 mana
568: 69.4 dps, 4000 hp, 71.4000000000009 mana
569: 69.3 dps, 4000 hp, 71.4000000000009 mana
570: wingeddeath tick
570: 69.4 dps, 4000 hp, 89.4000000000009 mana
571: 69.3 dps, 4000 hp, 89.4000000000009 mana
572: 69.2 dps, 4000 hp, 89.4000000000009 mana
573: 69.0 dps, 4000 hp, 89.4000000000009 mana
574: 68.9 dps, 4000 hp, 89.4000000000009 mana
575: finished casting Nature's Wrath
575: 68.8 dps, 4000 hp, 89.4000000000009 mana
576: Nature's Wrath tick
576: wingeddeath tick
576: 69.0 dps, 4000 hp, 107.400000000001 mana
577: 68.9 dps, 4000 hp, 107.400000000001 mana
578: 68.8 dps, 4000 hp, 107.400000000001 mana
579: 68.7 dps, 4000 hp, 107.400000000001 mana
580: 68.5 dps, 4000 hp, 107.400000000001 mana
581: 68.4 dps, 4000 hp, 107.400000000001 mana
582: Nature's Wrath tick
582: wingeddeath tick
582: 68.7 dps, 4000 hp, 145.400000000001 mana
583: 68.5 dps, 4000 hp, 145.400000000001 mana
584: 68.4 dps, 4000 hp, 145.400000000001 mana
585: 68.3 dps, 4000 hp, 145.400000000001 mana
586: 68.2 dps, 4000 hp, 145.400000000001 mana
587: 68.1 dps, 4000 hp, 145.400000000001 mana
588: Nature's Wrath tick
588: wingeddeath tick
588: 68.3 dps, 4000 hp, 183.400000000001 mana
589: 68.2 dps, 4000 hp, 183.400000000001 mana
590: 68.1 dps, 4000 hp, 183.400000000001 mana
591: 67.9 dps, 4000 hp, 183.400000000001 mana
592: 67.8 dps, 4000 hp, 183.400000000001 mana
593: 67.7 dps, 4000 hp, 183.400000000001 mana
594: Nature's Wrath tick
594: wingeddeath tick
594: 67.9 dps, 4000 hp, 221.400000000001 mana
595: 67.8 dps, 4000 hp, 221.400000000001 mana
596: 67.7 dps, 4000 hp, 221.400000000001 mana
597: 67.6 dps, 4000 hp, 221.400000000001 mana
598: 67.5 dps, 4000 hp, 221.400000000001 mana
599: 67.4 dps, 4000 hp, 221.400000000001 mana
600: Nature's Wrath tick
600: wingeddeath tick
600: 67.6 dps, 4000 hp, 259.400000000001 mana
601: 67.5 dps, 4000 hp, 259.400000000001 mana
602: 67.4 dps, 4000 hp, 259.400000000001 mana
603: 67.2 dps, 4000 hp, 259.400000000001 mana
604: 67.1 dps, 4000 hp, 259.400000000001 mana
605: 67.0 dps, 4000 hp, 259.400000000001 mana
606: Nature's Wrath tick
606: wingeddeath tick
606: 67.2 dps, 4000 hp, 297.400000000001 mana
607: 67.1 dps, 4000 hp, 297.400000000001 mana
608: 67.0 dps, 4000 hp, 297.400000000001 mana
609: 66.9 dps, 4000 hp, 297.400000000001 mana
610: 66.8 dps, 4000 hp, 297.400000000001 mana
611: 66.7 dps, 4000 hp, 297.400000000001 mana
612: Nature's Wrath tick
612: wingeddeath tick
612: startcast blizzard
612: 66.9 dps, 4000 hp, 335.400000000001 mana
613: 66.8 dps, 4000 hp, 335.400000000001 mana
614: 66.7 dps, 4000 hp, 335.400000000001 mana
615: 66.6 dps, 4000 hp, 335.400000000001 mana
616: finished casting blizzard
616: 66.5 dps, 4000 hp, 53.2000000000009 mana
617: 66.4 dps, 4000 hp, 53.2000000000009 mana
618: blizzard tick
618: Nature's Wrath tick
618: wingeddeath tick
618: 67.8 dps, 4000 hp, 71.2000000000009 mana
619: 67.7 dps, 4000 hp, 71.2000000000009 mana
620: 67.5 dps, 4000 hp, 71.2000000000009 mana
621: 67.4 dps, 4000 hp, 71.2000000000009 mana
622: 67.3 dps, 4000 hp, 71.2000000000009 mana
623: 67.2 dps, 4000 hp, 71.2000000000009 mana
624: blizzard tick
624: Nature's Wrath tick
624: wingeddeath tick
624: 68.6 dps, 4000 hp, 109.200000000001 mana
625: 68.5 dps, 4000 hp, 109.200000000001 mana
626: 68.4 dps, 4000 hp, 109.200000000001 mana
627: 68.3 dps, 4000 hp, 109.200000000001 mana
628: 68.2 dps, 4000 hp, 109.200000000001 mana
629: 68.1 dps, 4000 hp, 109.200000000001 mana
630: Nature's Wrath tick
630: 68.0 dps, 4000 hp, 147.200000000001 mana
631: 67.9 dps, 4000 hp, 147.200000000001 mana
632: 67.8 dps, 4000 hp, 147.200000000001 mana
633: 67.7 dps, 4000 hp, 147.200000000001 mana
634: 67.6 dps, 4000 hp, 147.200000000001 mana
635: 67.5 dps, 4000 hp, 147.200000000001 mana
636: Nature's Wrath tick
636: 67.5 dps, 4000 hp, 185.200000000001 mana
637: 67.4 dps, 4000 hp, 185.200000000001 mana
638: 67.3 dps, 4000 hp, 185.200000000001 mana
639: 67.2 dps, 4000 hp, 185.200000000001 mana
640: 67.1 dps, 4000 hp, 185.200000000001 mana
641: 67.0 dps, 4000 hp, 185.200000000001 mana
642: Nature's Wrath tick
642: 66.9 dps, 4000 hp, 223.200000000001 mana
643: 66.8 dps, 4000 hp, 223.200000000001 mana
644: 66.7 dps, 4000 hp, 223.200000000001 mana
645: 66.6 dps, 4000 hp, 223.200000000001 mana
646: 66.5 dps, 4000 hp, 223.200000000001 mana
647: 66.4 dps, 4000 hp, 223.200000000001 mana
648: Nature's Wrath tick
648: 66.4 dps, 4000 hp, 261.200000000001 mana
649: 66.3 dps, 4000 hp, 261.200000000001 mana
650: 66.2 dps, 4000 hp, 261.200000000001 mana
651: 66.1 dps, 4000 hp, 261.200000000001 mana
652: 66.0 dps, 4000 hp, 261.200000000001 mana
653: 65.9 dps, 4000 hp, 261.200000000001 mana
654: Nature's Wrath tick
654: 65.9 dps, 4000 hp, 299.200000000001 mana
655: 65.8 dps, 4000 hp, 299.200000000001 mana
656: 65.7 dps, 4000 hp, 299.200000000001 mana
657: 65.6 dps, 4000 hp, 299.200000000001 mana
658: 65.5 dps, 4000 hp, 299.200000000001 mana
659: 65.4 dps, 4000 hp, 299.200000000001 mana
660: Nature's Wrath tick
660: startcast blizzard
660: 65.4 dps, 4000 hp, 337.200000000001 mana
661: 65.3 dps, 4000 hp, 337.200000000001 mana
662: 65.2 dps, 4000 hp, 337.200000000001 mana
663: 65.1 dps, 4000 hp, 337.200000000001 mana
664: finished casting blizzard
664: 65.0 dps, 4000 hp, 55.0000000000009 mana
665: 64.9 dps, 4000 hp, 55.0000000000009 mana
666: blizzard tick
666: Nature's Wrath tick
666: 66.0 dps, 4000 hp, 73.0000000000009 mana
667: 65.9 dps, 4000 hp, 73.0000000000009 mana
668: 65.8 dps, 4000 hp, 73.0000000000009 mana
669: 65.7 dps, 4000 hp, 73.0000000000009 mana
670: 65.6 dps, 4000 hp, 73.0000000000009 mana
671: 65.5 dps, 4000 hp, 73.0000000000009 mana
672: blizzard tick
672: Nature's Wrath tick
672: 66.6 dps, 4000 hp, 111.000000000001 mana
673: 66.5 dps, 4000 hp, 111.000000000001 mana
674: 66.4 dps, 4000 hp, 111.000000000001 mana
675: 66.3 dps, 4000 hp, 111.000000000001 mana
676: 66.2 dps, 4000 hp, 111.000000000001 mana
677: 66.1 dps, 4000 hp, 111.000000000001 mana
678: Nature's Wrath tick
678: 66.0 dps, 4000 hp, 149.000000000001 mana
679: 65.9 dps, 4000 hp, 149.000000000001 mana
680: 65.8 dps, 4000 hp, 149.000000000001 mana
681: 65.8 dps, 4000 hp, 149.000000000001 mana
682: 65.7 dps, 4000 hp, 149.000000000001 mana
683: 65.6 dps, 4000 hp, 149.000000000001 mana
684: Nature's Wrath tick
684: 65.5 dps, 4000 hp, 187.000000000001 mana
685: 65.4 dps, 4000 hp, 187.000000000001 mana
686: 65.4 dps, 4000 hp, 187.000000000001 mana
687: 65.3 dps, 4000 hp, 187.000000000001 mana
688: 65.2 dps, 4000 hp, 187.000000000001 mana
689: 65.1 dps, 4000 hp, 187.000000000001 mana
690: Nature's Wrath tick
690: 65.1 dps, 4000 hp, 225.000000000001 mana
691: 65.0 dps, 4000 hp, 225.000000000001 mana
692: 64.9 dps, 4000 hp, 225.000000000001 mana
693: 64.8 dps, 4000 hp, 225.000000000001 mana
694: 64.7 dps, 4000 hp, 225.000000000001 mana
695: 64.6 dps, 4000 hp, 225.000000000001 mana
696: Nature's Wrath tick
696: 64.6 dps, 4000 hp, 263.000000000001 mana
697: 64.5 dps, 4000 hp, 263.000000000001 mana
698: 64.4 dps, 4000 hp, 263.000000000001 mana
699: 64.3 dps, 4000 hp, 263.000000000001 mana
700: 64.2 dps, 4000 hp, 263.000000000001 mana
701: 64.1 dps, 4000 hp, 263.000000000001 mana
702: Nature's Wrath tick
702: 64.1 dps, 4000 hp, 301.000000000001 mana
703: 64.0 dps, 4000 hp, 301.000000000001 mana
704: 63.9 dps, 4000 hp, 301.000000000001 mana
705: 63.8 dps, 4000 hp, 301.000000000001 mana
706: 63.7 dps, 4000 hp, 301.000000000001 mana
707: 63.6 dps, 4000 hp, 301.000000000001 mana
708: Nature's Wrath tick
708: startcast blizzard
708: 63.6 dps, 4000 hp, 339.000000000001 mana
709: 63.5 dps, 4000 hp, 339.000000000001 mana
710: 63.5 dps, 4000 hp, 339.000000000001 mana
711: 63.4 dps, 4000 hp, 339.000000000001 mana
712: finished casting blizzard
712: 63.3 dps, 4000 hp, 56.8000000000009 mana
713: 63.2 dps, 4000 hp, 56.8000000000009 mana
714: blizzard tick
714: Nature's Wrath tick
714: 64.2 dps, 4000 hp, 74.8000000000009 mana
715: 64.1 dps, 4000 hp, 74.8000000000009 mana
716: 64.0 dps, 4000 hp, 74.8000000000009 mana
717: 63.9 dps, 4000 hp, 74.8000000000009 mana
718: 63.8 dps, 4000 hp, 74.8000000000009 mana
719: 63.8 dps, 4000 hp, 74.8000000000009 mana
720: blizzard tick
720: Nature's Wrath tick
720: 64.8 dps, 4000 hp, 112.800000000001 mana
721: 64.7 dps, 4000 hp, 112.800000000001 mana
722: 64.6 dps, 4000 hp, 112.800000000001 mana
723: 64.5 dps, 4000 hp, 112.800000000001 mana
724: 64.4 dps, 4000 hp, 112.800000000001 mana
725: 64.3 dps, 4000 hp, 112.800000000001 mana
726: Nature's Wrath tick
726: 64.3 dps, 4000 hp, 150.800000000001 mana
727: 64.2 dps, 4000 hp, 150.800000000001 mana
728: 64.1 dps, 4000 hp, 150.800000000001 mana
729: 64.0 dps, 4000 hp, 150.800000000001 mana
730: 64.0 dps, 4000 hp, 150.800000000001 mana
731: 63.9 dps, 4000 hp, 150.800000000001 mana
732: Nature's Wrath tick
732: 63.9 dps, 4000 hp, 188.800000000001 mana
733: 63.8 dps, 4000 hp, 188.800000000001 mana
734: 63.7 dps, 4000 hp, 188.800000000001 mana
735: 63.6 dps, 4000 hp, 188.800000000001 mana
736: 63.5 dps, 4000 hp, 188.800000000001 mana
737: 63.4 dps, 4000 hp, 188.800000000001 mana
738: Nature's Wrath tick
738: 63.4 dps, 4000 hp, 226.800000000001 mana
739: 63.3 dps, 4000 hp, 226.800000000001 mana
740: 63.2 dps, 4000 hp, 226.800000000001 mana
741: 63.2 dps, 4000 hp, 226.800000000001 mana
742: 63.1 dps, 4000 hp, 226.800000000001 mana
743: 63.0 dps, 4000 hp, 226.800000000001 mana
744: Nature's Wrath tick
744: 63.0 dps, 4000 hp, 264.800000000001 mana
745: 62.9 dps, 4000 hp, 264.800000000001 mana
746: 62.8 dps, 4000 hp, 264.800000000001 mana
747: 62.7 dps, 4000 hp, 264.800000000001 mana
748: 62.6 dps, 4000 hp, 264.800000000001 mana
749: 62.6 dps, 4000 hp, 264.800000000001 mana
750: Nature's Wrath tick
750: startcast Nature's Wrath
750: 62.5 dps, 4000 hp, 302.800000000001 mana
751: 62.5 dps, 4000 hp, 302.800000000001 mana
752: 62.4 dps, 4000 hp, 302.800000000001 mana
753: 62.3 dps, 4000 hp, 302.800000000001 mana
754: 62.2 dps, 4000 hp, 302.800000000001 mana
755: 62.1 dps, 4000 hp, 302.800000000001 mana
756: 62.0 dps, 4000 hp, 320.800000000001 mana
757: 62.0 dps, 4000 hp, 320.800000000001 mana
758: 61.9 dps, 4000 hp, 320.800000000001 mana
759: finished casting Nature's Wrath
759: 61.8 dps, 4000 hp, 320.800000000001 mana
760: 61.7 dps, 4000 hp, 320.800000000001 mana
761: 61.6 dps, 4000 hp, 320.800000000001 mana
762: Nature's Wrath tick
762: startcast wingeddeath
762: 61.6 dps, 4000 hp, 358.800000000001 mana
763: 61.6 dps, 4000 hp, 358.800000000001 mana
764: 61.5 dps, 4000 hp, 358.800000000001 mana
765: 61.4 dps, 4000 hp, 358.800000000001 mana
766: 61.3 dps, 4000 hp, 358.800000000001 mana
767: finished casting wingeddeath
767: 61.2 dps, 4000 hp, 61.3000000000009 mana
768: Nature's Wrath tick
768: wingeddeath tick
768: 61.4 dps, 4000 hp, 79.3000000000009 mana
769: 61.3 dps, 4000 hp, 79.3000000000009 mana
770: 61.2 dps, 4000 hp, 79.3000000000009 mana
771: 61.2 dps, 4000 hp, 79.3000000000009 mana
772: 61.1 dps, 4000 hp, 79.3000000000009 mana
773: 61.0 dps, 4000 hp, 79.3000000000009 mana
774: Nature's Wrath tick
774: wingeddeath tick
774: 61.2 dps, 4000 hp, 117.300000000001 mana
775: 61.1 dps, 4000 hp, 117.300000000001 mana
776: 61.0 dps, 4000 hp, 117.300000000001 mana
777: 61.0 dps, 4000 hp, 117.300000000001 mana
778: 60.9 dps, 4000 hp, 117.300000000001 mana
779: 60.8 dps, 4000 hp, 117.300000000001 mana
780: Nature's Wrath tick
780: wingeddeath tick
780: 61.0 dps, 4000 hp, 155.300000000001 mana
781: 60.9 dps, 4000 hp, 155.300000000001 mana
782: 60.8 dps, 4000 hp, 155.300000000001 mana
783: 60.7 dps, 4000 hp, 155.300000000001 mana
784: 60.7 dps, 4000 hp, 155.300000000001 mana
785: 60.6 dps, 4000 hp, 155.300000000001 mana
786: Nature's Wrath tick
786: wingeddeath tick
786: 60.8 dps, 4000 hp, 193.300000000001 mana
787: 60.7 dps, 4000 hp, 193.300000000001 mana
788: 60.6 dps, 4000 hp, 193.300000000001 mana
789: 60.5 dps, 4000 hp, 193.300000000001 mana
790: 60.4 dps, 4000 hp, 193.300000000001 mana
791: 60.4 dps, 4000 hp, 193.300000000001 mana
792: Nature's Wrath tick
792: wingeddeath tick
792: 60.5 dps, 4000 hp, 231.300000000001 mana
793: 60.5 dps, 4000 hp, 231.300000000001 mana
794: 60.4 dps, 4000 hp, 231.300000000001 mana
795: 60.3 dps, 4000 hp, 231.300000000001 mana
796: 60.2 dps, 4000 hp, 231.300000000001 mana
797: 60.2 dps, 4000 hp, 231.300000000001 mana
798: Nature's Wrath tick
798: wingeddeath tick
798: 60.3 dps, 4000 hp, 269.300000000001 mana
799: 60.3 dps, 4000 hp, 269.300000000001 mana
800: 60.2 dps, 4000 hp, 269.300000000001 mana
801: 60.1 dps, 4000 hp, 269.300000000001 mana
802: 60.0 dps, 4000 hp, 269.300000000001 mana
803: 60.0 dps, 4000 hp, 269.300000000001 mana
804: Nature's Wrath tick
804: wingeddeath tick
804: 60.1 dps, 4000 hp, 307.300000000001 mana
805: 60.1 dps, 4000 hp, 307.300000000001 mana
806: 60.0 dps, 4000 hp, 307.300000000001 mana
807: 59.9 dps, 4000 hp, 307.300000000001 mana
808: 59.8 dps, 4000 hp, 307.300000000001 mana
809: 59.8 dps, 4000 hp, 307.300000000001 mana
810: Nature's Wrath tick
810: wingeddeath tick
810: startcast blizzard
810: 59.9 dps, 4000 hp, 345.300000000001 mana
811: 59.9 dps, 4000 hp, 345.300000000001 mana
812: 59.8 dps, 4000 hp, 345.300000000001 mana
813: 59.7 dps, 4000 hp, 345.300000000001 mana
814: finished casting blizzard
814: 59.6 dps, 4000 hp, 63.1000000000009 mana
815: 59.6 dps, 4000 hp, 63.1000000000009 mana
816: blizzard tick
816: Nature's Wrath tick
816: wingeddeath tick
816: 60.6 dps, 4000 hp, 81.1000000000009 mana
817: 60.6 dps, 4000 hp, 81.1000000000009 mana
818: 60.5 dps, 4000 hp, 81.1000000000009 mana
819: 60.4 dps, 4000 hp, 81.1000000000009 mana
820: 60.3 dps, 4000 hp, 81.1000000000009 mana
821: 60.3 dps, 4000 hp, 81.1000000000009 mana
822: blizzard tick
822: Nature's Wrath tick
822: wingeddeath tick
822: 61.3 dps, 4000 hp, 119.100000000001 mana
823: 61.3 dps, 4000 hp, 119.100000000001 mana
824: 61.2 dps, 4000 hp, 119.100000000001 mana
825: 61.1 dps, 4000 hp, 119.100000000001 mana
826: 61.0 dps, 4000 hp, 119.100000000001 mana
827: 61.0 dps, 4000 hp, 119.100000000001 mana
828: Nature's Wrath tick
828: wingeddeath tick
828: 61.1 dps, 4000 hp, 157.100000000001 mana
829: 61.1 dps, 4000 hp, 157.100000000001 mana
830: 61.0 dps, 4000 hp, 157.100000000001 mana
831: 60.9 dps, 4000 hp, 157.100000000001 mana
832: 60.8 dps, 4000 hp, 157.100000000001 mana
833: 60.8 dps, 4000 hp, 157.100000000001 mana
834: Nature's Wrath tick
834: 60.8 dps, 4000 hp, 195.100000000001 mana
835: 60.7 dps, 4000 hp, 195.100000000001 mana
836: 60.6 dps, 4000 hp, 195.100000000001 mana
837: 60.5 dps, 4000 hp, 195.100000000001 mana
838: 60.5 dps, 4000 hp, 195.100000000001 mana
839: 60.4 dps, 4000 hp, 195.100000000001 mana
840: Nature's Wrath tick
840: 60.4 dps, 4000 hp, 233.100000000001 mana
841: 60.3 dps, 4000 hp, 233.100000000001 mana
842: 60.2 dps, 4000 hp, 233.100000000001 mana
843: 60.2 dps, 4000 hp, 233.100000000001 mana
844: 60.1 dps, 4000 hp, 233.100000000001 mana
845: 60.0 dps, 4000 hp, 233.100000000001 mana
846: Nature's Wrath tick
846: 60.0 dps, 4000 hp, 271.100000000001 mana
847: 59.9 dps, 4000 hp, 271.100000000001 mana
848: 59.9 dps, 4000 hp, 271.100000000001 mana
849: 59.8 dps, 4000 hp, 271.100000000001 mana
850: 59.7 dps, 4000 hp, 271.100000000001 mana
851: 59.7 dps, 4000 hp, 271.100000000001 mana
852: Nature's Wrath tick
852: 59.7 dps, 4000 hp, 309.100000000001 mana
853: 59.6 dps, 4000 hp, 309.100000000001 mana
854: 59.5 dps, 4000 hp, 309.100000000001 mana
855: 59.5 dps, 4000 hp, 309.100000000001 mana
856: 59.4 dps, 4000 hp, 309.100000000001 mana
857: 59.3 dps, 4000 hp, 309.100000000001 mana
858: Nature's Wrath tick
858: startcast blizzard
858: 59.3 dps, 4000 hp, 347.100000000001 mana
859: 59.2 dps, 4000 hp, 347.100000000001 mana
860: 59.2 dps, 4000 hp, 347.100000000001 mana
861: 59.1 dps, 4000 hp, 347.100000000001 mana
862: finished casting blizzard
862: 59.0 dps, 4000 hp, 64.9000000000009 mana
863: 59.0 dps, 4000 hp, 64.9000000000009 mana
864: blizzard tick
864: Nature's Wrath tick
864: 59.8 dps, 4000 hp, 82.9000000000009 mana
865: 59.7 dps, 4000 hp, 82.9000000000009 mana
866: 59.7 dps, 4000 hp, 82.9000000000009 mana
867: 59.6 dps, 4000 hp, 82.9000000000009 mana
868: 59.5 dps, 4000 hp, 82.9000000000009 mana
869: 59.5 dps, 4000 hp, 82.9000000000009 mana
870: blizzard tick
870: Nature's Wrath tick
870: 60.3 dps, 4000 hp, 120.900000000001 mana
871: 60.2 dps, 4000 hp, 120.900000000001 mana
872: 60.2 dps, 4000 hp, 120.900000000001 mana
873: 60.1 dps, 4000 hp, 120.900000000001 mana
874: 60.0 dps, 4000 hp, 120.900000000001 mana
875: 60.0 dps, 4000 hp, 120.900000000001 mana
876: Nature's Wrath tick
876: 60.0 dps, 4000 hp, 158.900000000001 mana
877: 59.9 dps, 4000 hp, 158.900000000001 mana
878: 59.8 dps, 4000 hp, 158.900000000001 mana
879: 59.8 dps, 4000 hp, 158.900000000001 mana
880: 59.7 dps, 4000 hp, 158.900000000001 mana
881: 59.6 dps, 4000 hp, 158.900000000001 mana
882: Nature's Wrath tick
882: 59.6 dps, 4000 hp, 196.900000000001 mana
883: 59.5 dps, 4000 hp, 196.900000000001 mana
884: 59.5 dps, 4000 hp, 196.900000000001 mana
885: 59.4 dps, 4000 hp, 196.900000000001 mana
886: 59.3 dps, 4000 hp, 196.900000000001 mana
887: 59.3 dps, 4000 hp, 196.900000000001 mana
888: Nature's Wrath tick
888: 59.3 dps, 4000 hp, 234.900000000001 mana
889: 59.2 dps, 4000 hp, 234.900000000001 mana
890: 59.1 dps, 4000 hp, 234.900000000001 mana
891: 59.1 dps, 4000 hp, 234.900000000001 mana
892: 59.0 dps, 4000 hp, 234.900000000001 mana
893: 58.9 dps, 4000 hp, 234.900000000001 mana
894: Nature's Wrath tick
894: 58.9 dps, 4000 hp, 272.900000000001 mana
895: 58.9 dps, 4000 hp, 272.900000000001 mana
896: 58.8 dps, 4000 hp, 272.900000000001 mana
897: 58.7 dps, 4000 hp, 272.900000000001 mana
898: 58.7 dps, 4000 hp, 272.900000000001 mana
899: 58.6 dps, 4000 hp, 272.900000000001 mana
900: Nature's Wrath tick
900: 58.6 dps, 4000 hp, 310.900000000001 mana
901: 58.5 dps, 4000 hp, 310.900000000001 mana
902: 58.5 dps, 4000 hp, 310.900000000001 mana
903: 58.4 dps, 4000 hp, 310.900000000001 mana
904: 58.3 dps, 4000 hp, 310.900000000001 mana
905: 58.3 dps, 4000 hp, 310.900000000001 mana
906: Nature's Wrath tick
906: startcast blizzard
906: 58.3 dps, 4000 hp, 348.900000000001 mana
907: 58.2 dps, 4000 hp, 348.900000000001 mana
908: 58.1 dps, 4000 hp, 348.900000000001 mana
909: 58.1 dps, 4000 hp, 348.900000000001 mana
910: finished casting blizzard
910: 58.0 dps, 4000 hp, 66.700000000001 mana
911: 58.0 dps, 4000 hp, 66.700000000001 mana
912: blizzard tick
912: Nature's Wrath tick
912: 58.8 dps, 4000 hp, 84.700000000001 mana
913: 58.7 dps, 4000 hp, 84.700000000001 mana
914: 58.6 dps, 4000 hp, 84.700000000001 mana
915: 58.6 dps, 4000 hp, 84.700000000001 mana
916: 58.5 dps, 4000 hp, 84.700000000001 mana
917: 58.4 dps, 4000 hp, 84.700000000001 mana
918: blizzard tick
918: Nature's Wrath tick
918: 59.2 dps, 4000 hp, 122.700000000001 mana
919: 59.2 dps, 4000 hp, 122.700000000001 mana
920: 59.1 dps, 4000 hp, 122.700000000001 mana
921: 59.0 dps, 4000 hp, 122.700000000001 mana
922: 59.0 dps, 4000 hp, 122.700000000001 mana
923: 58.9 dps, 4000 hp, 122.700000000001 mana
924: Nature's Wrath tick
924: 58.9 dps, 4000 hp, 160.700000000001 mana
925: 58.8 dps, 4000 hp, 160.700000000001 mana
926: 58.8 dps, 4000 hp, 160.700000000001 mana
927: 58.7 dps, 4000 hp, 160.700000000001 mana
928: 58.7 dps, 4000 hp, 160.700000000001 mana
929: 58.6 dps, 4000 hp, 160.700000000001 mana
930: Nature's Wrath tick
930: 58.6 dps, 4000 hp, 198.700000000001 mana
931: 58.5 dps, 4000 hp, 198.700000000001 mana
932: 58.5 dps, 4000 hp, 198.700000000001 mana
933: 58.4 dps, 4000 hp, 198.700000000001 mana
934: 58.3 dps, 4000 hp, 198.700000000001 mana
935: 58.3 dps, 4000 hp, 198.700000000001 mana
936: Nature's Wrath tick
936: startcast Nature's Wrath
936: 58.3 dps, 4000 hp, 236.700000000001 mana
937: 58.2 dps, 4000 hp, 236.700000000001 mana
938: 58.1 dps, 4000 hp, 236.700000000001 mana
939: 58.1 dps, 4000 hp, 236.700000000001 mana
940: 58.0 dps, 4000 hp, 236.700000000001 mana
941: 58.0 dps, 4000 hp, 236.700000000001 mana
942: 57.9 dps, 4000 hp, 254.700000000001 mana
943: 57.8 dps, 4000 hp, 254.700000000001 mana
944: 57.8 dps, 4000 hp, 254.700000000001 mana
945: finished casting Nature's Wrath
945: 57.7 dps, 4000 hp, 254.700000000001 mana
946: 57.7 dps, 4000 hp, 254.700000000001 mana
947: 57.6 dps, 4000 hp, 254.700000000001 mana
948: Nature's Wrath tick
948: 57.6 dps, 4000 hp, 292.700000000001 mana
949: 57.5 dps, 4000 hp, 292.700000000001 mana
950: 57.5 dps, 4000 hp, 292.700000000001 mana
951: 57.4 dps, 4000 hp, 292.700000000001 mana
952: 57.3 dps, 4000 hp, 292.700000000001 mana
953: 57.3 dps, 4000 hp, 292.700000000001 mana
954: Nature's Wrath tick
954: 57.3 dps, 4000 hp, 330.700000000001 mana
955: 57.2 dps, 4000 hp, 330.700000000001 mana
956: 57.2 dps, 4000 hp, 330.700000000001 mana
957: 57.1 dps, 4000 hp, 330.700000000001 mana
958: 57.0 dps, 4000 hp, 330.700000000001 mana
959: 57.0 dps, 4000 hp, 330.700000000001 mana
960: Nature's Wrath tick
960: startcast wingeddeath
960: 57.0 dps, 4000 hp, 368.700000000001 mana
961: 56.9 dps, 4000 hp, 368.700000000001 mana
962: 56.9 dps, 4000 hp, 368.700000000001 mana
963: 56.8 dps, 4000 hp, 368.700000000001 mana
964: 56.7 dps, 4000 hp, 368.700000000001 mana
965: finished casting wingeddeath
965: 56.7 dps, 4000 hp, 71.200000000001 mana
966: Nature's Wrath tick
966: wingeddeath tick
966: 56.8 dps, 4000 hp, 89.200000000001 mana
967: 56.8 dps, 4000 hp, 89.200000000001 mana
968: 56.7 dps, 4000 hp, 89.200000000001 mana
969: 56.7 dps, 4000 hp, 89.200000000001 mana
970: 56.6 dps, 4000 hp, 89.200000000001 mana
971: 56.5 dps, 4000 hp, 89.200000000001 mana
972: Nature's Wrath tick
972: wingeddeath tick
972: 56.7 dps, 4000 hp, 127.200000000001 mana
973: 56.6 dps, 4000 hp, 127.200000000001 mana
974: 56.6 dps, 4000 hp, 127.200000000001 mana
975: 56.5 dps, 4000 hp, 127.200000000001 mana
976: 56.5 dps, 4000 hp, 127.200000000001 mana
977: 56.4 dps, 4000 hp, 127.200000000001 mana
978: Nature's Wrath tick
978: wingeddeath tick
978: 56.5 dps, 4000 hp, 165.200000000001 mana
979: 56.5 dps, 4000 hp, 165.200000000001 mana
980: 56.4 dps, 4000 hp, 165.200000000001 mana
981: 56.4 dps, 4000 hp, 165.200000000001 mana
982: 56.3 dps, 4000 hp, 165.200000000001 mana
983: 56.3 dps, 4000 hp, 165.200000000001 mana
984: Nature's Wrath tick
984: wingeddeath tick
984: 56.4 dps, 4000 hp, 203.200000000001 mana
985: 56.3 dps, 4000 hp, 203.200000000001 mana
986: 56.3 dps, 4000 hp, 203.200000000001 mana
987: 56.2 dps, 4000 hp, 203.200000000001 mana
988: 56.2 dps, 4000 hp, 203.200000000001 mana
989: 56.1 dps, 4000 hp, 203.200000000001 mana
990: Nature's Wrath tick
990: wingeddeath tick
990: 56.3 dps, 4000 hp, 241.200000000001 mana
991: 56.2 dps, 4000 hp, 241.200000000001 mana
992: 56.1 dps, 4000 hp, 241.200000000001 mana
993: 56.1 dps, 4000 hp, 241.200000000001 mana
994: 56.0 dps, 4000 hp, 241.200000000001 mana
995: 56.0 dps, 4000 hp, 241.200000000001 mana
996: Nature's Wrath tick
996: wingeddeath tick
996: 56.1 dps, 4000 hp, 279.200000000001 mana
997: 56.1 dps, 4000 hp, 279.200000000001 mana
998: 56.0 dps, 4000 hp, 279.200000000001 mana
999: 55.9 dps, 4000 hp, 279.200000000001 mana
1000: 55.9 dps, 4000 hp, 279.200000000001 mana
1001: 55.8 dps, 4000 hp, 279.200000000001 mana
1002: Nature's Wrath tick
1002: wingeddeath tick
1002: 56.0 dps, 4000 hp, 317.200000000001 mana
1003: 55.9 dps, 4000 hp, 317.200000000001 mana
1004: 55.9 dps, 4000 hp, 317.200000000001 mana
1005: 55.8 dps, 4000 hp, 317.200000000001 mana
1006: 55.8 dps, 4000 hp, 317.200000000001 mana
1007: 55.7 dps, 4000 hp, 317.200000000001 mana
1008: Nature's Wrath tick
1008: wingeddeath tick
1008: startcast blizzard
1008: 55.8 dps, 4000 hp, 355.200000000001 mana
1009: 55.8 dps, 4000 hp, 355.200000000001 mana
1010: 55.7 dps, 4000 hp, 355.200000000001 mana
1011: 55.7 dps, 4000 hp, 355.200000000001 mana
1012: finished casting blizzard
1012: 55.6 dps, 4000 hp, 73.000000000001 mana
1013: 55.6 dps, 4000 hp, 73.000000000001 mana
1014: blizzard tick
1014: Nature's Wrath tick
1014: wingeddeath tick
1014: 56.4 dps, 4000 hp, 91.000000000001 mana
1015: 56.4 dps, 4000 hp, 91.000000000001 mana
1016: 56.3 dps, 4000 hp, 91.000000000001 mana
1017: 56.3 dps, 4000 hp, 91.000000000001 mana
1018: 56.2 dps, 4000 hp, 91.000000000001 mana
1019: 56.2 dps, 4000 hp, 91.000000000001 mana
1020: blizzard tick
1020: Nature's Wrath tick
1020: wingeddeath tick
1020: 57.0 dps, 4000 hp, 129.000000000001 mana
1021: 57.0 dps, 4000 hp, 129.000000000001 mana
1022: 56.9 dps, 4000 hp, 129.000000000001 mana
1023: 56.8 dps, 4000 hp, 129.000000000001 mana
1024: 56.8 dps, 4000 hp, 129.000000000001 mana
1025: 56.7 dps, 4000 hp, 129.000000000001 mana
1026: Nature's Wrath tick
1026: wingeddeath tick
1026: 56.9 dps, 4000 hp, 167.000000000001 mana
1027: 56.8 dps, 4000 hp, 167.000000000001 mana
1028: 56.8 dps, 4000 hp, 167.000000000001 mana
1029: 56.7 dps, 4000 hp, 167.000000000001 mana
1030: 56.7 dps, 4000 hp, 167.000000000001 mana
1031: 56.6 dps, 4000 hp, 167.000000000001 mana
1032: Nature's Wrath tick
1032: 56.6 dps, 4000 hp, 205.000000000001 mana
1033: 56.5 dps, 4000 hp, 205.000000000001 mana
1034: 56.5 dps, 4000 hp, 205.000000000001 mana
1035: 56.4 dps, 4000 hp, 205.000000000001 mana
1036: 56.4 dps, 4000 hp, 205.000000000001 mana
1037: 56.3 dps, 4000 hp, 205.000000000001 mana
1038: Nature's Wrath tick
1038: 56.3 dps, 4000 hp, 243.000000000001 mana
1039: 56.3 dps, 4000 hp, 243.000000000001 mana
1040: 56.2 dps, 4000 hp, 243.000000000001 mana
1041: 56.2 dps, 4000 hp, 243.000000000001 mana
1042: 56.1 dps, 4000 hp, 243.000000000001 mana
1043: 56.1 dps, 4000 hp, 243.000000000001 mana
1044: Nature's Wrath tick
1044: 56.1 dps, 4000 hp, 281.000000000001 mana
1045: 56.0 dps, 4000 hp, 281.000000000001 mana
1046: 55.9 dps, 4000 hp, 281.000000000001 mana
1047: 55.9 dps, 4000 hp, 281.000000000001 mana
1048: 55.8 dps, 4000 hp, 281.000000000001 mana
1049: 55.8 dps, 4000 hp, 281.000000000001 mana
1050: Nature's Wrath tick
1050: 55.8 dps, 4000 hp, 319.000000000001 mana
1051: 55.7 dps, 4000 hp, 319.000000000001 mana
1052: 55.7 dps, 4000 hp, 319.000000000001 mana
1053: 55.6 dps, 4000 hp, 319.000000000001 mana
1054: 55.6 dps, 4000 hp, 319.000000000001 mana
1055: 55.5 dps, 4000 hp, 319.000000000001 mana
1056: Nature's Wrath tick
1056: startcast wingeddeath
1056: 55.5 dps, 4000 hp, 357.000000000001 mana
1057: 55.5 dps, 4000 hp, 357.000000000001 mana
1058: 55.4 dps, 4000 hp, 357.000000000001 mana
1059: 55.4 dps, 4000 hp, 357.000000000001 mana
1060: 55.3 dps, 4000 hp, 357.000000000001 mana
1061: finished casting wingeddeath
1061: 55.3 dps, 4000 hp, 59.500000000001 mana
1062: Nature's Wrath tick
1062: wingeddeath tick
1062: 55.4 dps, 4000 hp, 77.500000000001 mana
1063: 55.3 dps, 4000 hp, 77.500000000001 mana
1064: 55.3 dps, 4000 hp, 77.500000000001 mana
1065: 55.2 dps, 4000 hp, 77.500000000001 mana
1066: 55.2 dps, 4000 hp, 77.500000000001 mana
1067: 55.1 dps, 4000 hp, 77.500000000001 mana
1068: Nature's Wrath tick
1068: wingeddeath tick
1068: 55.3 dps, 4000 hp, 115.500000000001 mana
1069: 55.2 dps, 4000 hp, 115.500000000001 mana
1070: 55.2 dps, 4000 hp, 115.500000000001 mana
1071: 55.1 dps, 4000 hp, 115.500000000001 mana
1072: 55.1 dps, 4000 hp, 115.500000000001 mana
1073: 55.0 dps, 4000 hp, 115.500000000001 mana
1074: Nature's Wrath tick
1074: wingeddeath tick
1074: 55.1 dps, 4000 hp, 153.500000000001 mana
1075: 55.1 dps, 4000 hp, 153.500000000001 mana
1076: 55.0 dps, 4000 hp, 153.500000000001 mana
1077: 55.0 dps, 4000 hp, 153.500000000001 mana
1078: 54.9 dps, 4000 hp, 153.500000000001 mana
1079: 54.9 dps, 4000 hp, 153.500000000001 mana
1080: Nature's Wrath tick
1080: wingeddeath tick
1080: 55.0 dps, 4000 hp, 191.500000000001 mana
1081: 55.0 dps, 4000 hp, 191.500000000001 mana
1082: 54.9 dps, 4000 hp, 191.500000000001 mana
1083: 54.9 dps, 4000 hp, 191.500000000001 mana
1084: 54.8 dps, 4000 hp, 191.500000000001 mana
1085: 54.8 dps, 4000 hp, 191.500000000001 mana
1086: Nature's Wrath tick
1086: wingeddeath tick
1086: 54.9 dps, 4000 hp, 229.500000000001 mana
1087: 54.8 dps, 4000 hp, 229.500000000001 mana
1088: 54.8 dps, 4000 hp, 229.500000000001 mana
1089: 54.7 dps, 4000 hp, 229.500000000001 mana
1090: 54.7 dps, 4000 hp, 229.500000000001 mana
1091: 54.6 dps, 4000 hp, 229.500000000001 mana
1092: Nature's Wrath tick
1092: wingeddeath tick
1092: 54.8 dps, 4000 hp, 267.500000000001 mana
1093: 54.7 dps, 4000 hp, 267.500000000001 mana
1094: 54.7 dps, 4000 hp, 267.500000000001 mana
1095: 54.6 dps, 4000 hp, 267.500000000001 mana
1096: 54.6 dps, 4000 hp, 267.500000000001 mana
1097: 54.5 dps, 4000 hp, 267.500000000001 mana
1098: Nature's Wrath tick
1098: wingeddeath tick
1098: 54.7 dps, 4000 hp, 305.500000000001 mana
1099: 54.6 dps, 4000 hp, 305.500000000001 mana
1100: 54.6 dps, 4000 hp, 305.500000000001 mana
1101: 54.5 dps, 4000 hp, 305.500000000001 mana
1102: 54.5 dps, 4000 hp, 305.500000000001 mana
1103: 54.4 dps, 4000 hp, 305.500000000001 mana
1104: Nature's Wrath tick
1104: wingeddeath tick
1104: startcast blizzard
1104: 54.5 dps, 4000 hp, 343.500000000001 mana
1105: 54.5 dps, 4000 hp, 343.500000000001 mana
1106: 54.4 dps, 4000 hp, 343.500000000001 mana
1107: 54.4 dps, 4000 hp, 343.500000000001 mana
1108: finished casting blizzard
1108: 54.3 dps, 4000 hp, 61.300000000001 mana
1109: 54.3 dps, 4000 hp, 61.300000000001 mana
1110: blizzard tick
1110: Nature's Wrath tick
1110: wingeddeath tick
1110: 55.1 dps, 4000 hp, 79.300000000001 mana
1111: 55.0 dps, 4000 hp, 79.300000000001 mana
1112: 55.0 dps, 4000 hp, 79.300000000001 mana
1113: 54.9 dps, 4000 hp, 79.300000000001 mana
1114: 54.9 dps, 4000 hp, 79.300000000001 mana
1115: 54.8 dps, 4000 hp, 79.300000000001 mana
1116: blizzard tick
1116: Nature's Wrath tick
1116: wingeddeath tick
1116: 55.6 dps, 4000 hp, 117.300000000001 mana
1117: 55.6 dps, 4000 hp, 117.300000000001 mana
1118: 55.5 dps, 4000 hp, 117.300000000001 mana
1119: 55.5 dps, 4000 hp, 117.300000000001 mana
1120: 55.4 dps, 4000 hp, 117.300000000001 mana
1121: 55.4 dps, 4000 hp, 117.300000000001 mana
1122: Nature's Wrath tick
1122: wingeddeath tick
1122: startcast Nature's Wrath
1122: 55.5 dps, 4000 hp, 155.300000000001 mana
1123: 55.5 dps, 4000 hp, 155.300000000001 mana
1124: 55.4 dps, 4000 hp, 155.300000000001 mana
1125: 55.4 dps, 4000 hp, 155.300000000001 mana
1126: 55.3 dps, 4000 hp, 155.300000000001 mana
1127: 55.3 dps, 4000 hp, 155.300000000001 mana
1128: 55.2 dps, 4000 hp, 173.300000000001 mana
1129: 55.2 dps, 4000 hp, 173.300000000001 mana
1130: 55.1 dps, 4000 hp, 173.300000000001 mana
1131: finished casting Nature's Wrath
1131: 55.1 dps, 4000 hp, 173.300000000001 mana
1132: 55.0 dps, 4000 hp, 173.300000000001 mana
1133: 55.0 dps, 4000 hp, 173.300000000001 mana
1134: Nature's Wrath tick
1134: 55.0 dps, 4000 hp, 211.300000000001 mana
1135: 54.9 dps, 4000 hp, 211.300000000001 mana
1136: 54.9 dps, 4000 hp, 211.300000000001 mana
1137: 54.8 dps, 4000 hp, 211.300000000001 mana
1138: 54.8 dps, 4000 hp, 211.300000000001 mana
1139: 54.7 dps, 4000 hp, 211.300000000001 mana
1140: Nature's Wrath tick
1140: 54.7 dps, 4000 hp, 249.300000000001 mana
1141: 54.7 dps, 4000 hp, 249.300000000001 mana
1142: 54.6 dps, 4000 hp, 249.300000000001 mana
1143: 54.6 dps, 4000 hp, 249.300000000001 mana
1144: 54.5 dps, 4000 hp, 249.300000000001 mana
1145: 54.5 dps, 4000 hp, 249.300000000001 mana
1146: Nature's Wrath tick
1146: 54.5 dps, 4000 hp, 287.300000000001 mana
1147: 54.4 dps, 4000 hp, 287.300000000001 mana
1148: 54.4 dps, 4000 hp, 287.300000000001 mana
1149: 54.3 dps, 4000 hp, 287.300000000001 mana
1150: 54.3 dps, 4000 hp, 287.300000000001 mana
1151: 54.3 dps, 4000 hp, 287.300000000001 mana
1152: Nature's Wrath tick
1152: 54.3 dps, 4000 hp, 325.300000000001 mana
1153: 54.2 dps, 4000 hp, 325.300000000001 mana
1154: 54.2 dps, 4000 hp, 325.300000000001 mana
1155: 54.1 dps, 4000 hp, 325.300000000001 mana
1156: 54.1 dps, 4000 hp, 325.300000000001 mana
1157: 54.0 dps, 4000 hp, 325.300000000001 mana
1158: Nature's Wrath tick
1158: startcast wingeddeath
1158: 54.0 dps, 4000 hp, 363.300000000001 mana
1159: 54.0 dps, 4000 hp, 363.300000000001 mana
1160: 53.9 dps, 4000 hp, 363.300000000001 mana
1161: 53.9 dps, 4000 hp, 363.300000000001 mana
1162: 53.8 dps, 4000 hp, 363.300000000001 mana
1163: finished casting wingeddeath
1163: 53.8 dps, 4000 hp, 65.800000000001 mana
1164: Nature's Wrath tick
1164: wingeddeath tick
1164: 53.9 dps, 4000 hp, 83.800000000001 mana
1165: 53.9 dps, 4000 hp, 83.800000000001 mana
1166: 53.8 dps, 4000 hp, 83.800000000001 mana
1167: 53.8 dps, 4000 hp, 83.800000000001 mana
1168: 53.7 dps, 4000 hp, 83.800000000001 mana
1169: 53.7 dps, 4000 hp, 83.800000000001 mana
1170: Nature's Wrath tick
1170: wingeddeath tick
1170: 53.8 dps, 4000 hp, 121.800000000001 mana
1171: 53.8 dps, 4000 hp, 121.800000000001 mana
1172: 53.7 dps, 4000 hp, 121.800000000001 mana
1173: 53.7 dps, 4000 hp, 121.800000000001 mana
1174: 53.6 dps, 4000 hp, 121.800000000001 mana
1175: 53.6 dps, 4000 hp, 121.800000000001 mana
1176: Nature's Wrath tick
1176: wingeddeath tick
1176: 53.7 dps, 4000 hp, 159.800000000001 mana
1177: 53.6 dps, 4000 hp, 159.800000000001 mana
1178: 53.6 dps, 4000 hp, 159.800000000001 mana
1179: 53.6 dps, 4000 hp, 159.800000000001 mana
1180: 53.5 dps, 4000 hp, 159.800000000001 mana
1181: 53.5 dps, 4000 hp, 159.800000000001 mana
1182: Nature's Wrath tick
1182: wingeddeath tick
1182: 53.6 dps, 4000 hp, 197.800000000001 mana
1183: 53.5 dps, 4000 hp, 197.800000000001 mana
1184: 53.5 dps, 4000 hp, 197.800000000001 mana
1185: 53.5 dps, 4000 hp, 197.800000000001 mana
1186: 53.4 dps, 4000 hp, 197.800000000001 mana
1187: 53.4 dps, 4000 hp, 197.800000000001 mana
1188: Nature's Wrath tick
1188: wingeddeath tick
1188: 53.5 dps, 4000 hp, 235.800000000001 mana
1189: 53.4 dps, 4000 hp, 235.800000000001 mana
1190: 53.4 dps, 4000 hp, 235.800000000001 mana
1191: 53.4 dps, 4000 hp, 235.800000000001 mana
1192: 53.3 dps, 4000 hp, 235.800000000001 mana
1193: 53.3 dps, 4000 hp, 235.800000000001 mana
1194: Nature's Wrath tick
1194: wingeddeath tick
1194: 53.4 dps, 4000 hp, 273.800000000001 mana
1195: 53.3 dps, 4000 hp, 273.800000000001 mana
1196: 53.3 dps, 4000 hp, 273.800000000001 mana
1197: 53.2 dps, 4000 hp, 273.800000000001 mana
1198: 53.2 dps, 4000 hp, 273.800000000001 mana
1199: 53.2 dps, 4000 hp, 273.800000000001 mana
1200: Nature's Wrath tick
1200: wingeddeath tick
1200: 53.3 dps, 4000 hp, 311.800000000001 mana
