1: startcast CH
1: 0.0 dps, 4000 hp, 4000 mana
2: 0.0 dps, 4000 hp, 4000 mana
3: 0.0 dps, 4000 hp, 4000 mana
4: 0.0 dps, 4000 hp, 4000 mana
5: 0.0 dps, 4000 hp, 4000 mana
6: 0.0 dps, 4000 hp, 4000 mana
7: 0.0 dps, 4000 hp, 4000 mana
8: 0.0 dps, 4000 hp, 4000 mana
9: 0.0 dps, 4000 hp, 4000 mana
10: 0.0 dps, 4000 hp, 4000 mana
11: CH tick
11: finished casting CH
11: 363.6 dps, 4000 hp, 3760 mana
12: 333.3 dps, 4000 hp, 3777 mana
13: 307.7 dps, 4000 hp, 3777 mana
14: startcast CH
14: 285.7 dps, 4000 hp, 3777 mana
15: 266.7 dps, 4000 hp, 3777 mana
16: 250.0 dps, 4000 hp, 3777 mana
17: 235.3 dps, 4000 hp, 3777 mana
18: 222.2 dps, 4000 hp, 3794 mana
19: 210.5 dps, 4000 hp, 3794 mana
20: 200.0 dps, 4000 hp, 3794 mana
21: 190.5 dps, 4000 hp, 3794 mana
22: 181.8 dps, 4000 hp, 3794 mana
23: 173.9 dps, 4000 hp, 3794 mana
24: CH tick
24: finished casting CH
24: 333.3 dps, 4000 hp, 3571 mana
25: 320.0 dps, 4000 hp, 3571 mana
26: 307.7 dps, 4000 hp, 3571 mana
27: startcast CH
27: 296.3 dps, 4000 hp, 3571 mana
28: 285.7 dps, 4000 hp, 3571 mana
29: 275.9 dps, 4000 hp, 3571 mana
30: 266.7 dps, 4000 hp, 3588 mana
31: 258.1 dps, 4000 hp, 3588 mana
32: 250.0 dps, 4000 hp, 3588 mana
33: 242.4 dps, 4000 hp, 3588 mana
34: 235.3 dps, 4000 hp, 3588 mana
35: 228.6 dps, 4000 hp, 3588 mana
36: 222.2 dps, 4000 hp, 3605 mana
37: CH tick
37: finished casting CH
37: 324.3 dps, 4000 hp, 3365 mana
38: 315.8 dps, 4000 hp, 3365 mana
39: 307.7 dps, 4000 hp, 3365 mana
40: startcast CH
40: 300.0 dps, 4000 hp, 3365 mana
41: 292.7 dps, 4000 hp, 3365 mana
42: 285.7 dps, 4000 hp, 3382 mana
43: 279.1 dps, 4000 hp, 3382 mana
44: 272.7 dps, 4000 hp, 3382 mana
45: 266.7 dps, 4000 hp, 3382 mana
46: 260.9 dps, 4000 hp, 3382 mana
47: 255.3 dps, 4000 hp, 3382 mana
48: 250.0 dps, 4000 hp, 3399 mana
49: 244.9 dps, 4000 hp, 3399 mana
50: CH tick
50: finished casting CH
50: 320.0 dps, 4000 hp, 3159 mana
51: 313.7 dps, 4000 hp, 3159 mana
52: 307.7 dps, 4000 hp, 3159 mana
53: startcast CH
53: 301.9 dps, 4000 hp, 3159 mana
54: 296.3 dps, 4000 hp, 3176 mana
55: 290.9 dps, 4000 hp, 3176 mana
56: 285.7 dps, 4000 hp, 3176 mana
57: 280.7 dps, 4000 hp, 3176 mana
58: 275.9 dps, 4000 hp, 3176 mana
59: 271.2 dps, 4000 hp, 3176 mana
60: 266.7 dps, 4000 hp, 3193 mana
61: 262.3 dps, 4000 hp, 3193 mana
62: 258.1 dps, 4000 hp, 3193 mana
63: CH tick
63: finished casting CH
63: 317.5 dps, 4000 hp, 2953 mana
64: 312.5 dps, 4000 hp, 2953 mana
65: 307.7 dps, 4000 hp, 2953 mana
66: startcast CH
66: 303.0 dps, 4000 hp, 2970 mana
67: 298.5 dps, 4000 hp, 2970 mana
68: 294.1 dps, 4000 hp, 2970 mana
69: 289.9 dps, 4000 hp, 2970 mana
70: 285.7 dps, 4000 hp, 2970 mana
71: 281.7 dps, 4000 hp, 2970 mana
72: 277.8 dps, 4000 hp, 2987 mana
73: 274.0 dps, 4000 hp, 2987 mana
74: 270.3 dps, 4000 hp, 2987 mana
75: 266.7 dps, 4000 hp, 2987 mana
76: CH tick
76: finished casting CH
76: 315.8 dps, 4000 hp, 2747 mana
77: 311.7 dps, 4000 hp, 2747 mana
78: 307.7 dps, 4000 hp, 2764 mana
79: startcast CH
79: 303.8 dps, 4000 hp, 2764 mana
80: 300.0 dps, 4000 hp, 2764 mana
81: 296.3 dps, 4000 hp, 2764 mana
82: 292.7 dps, 4000 hp, 2764 mana
83: 289.2 dps, 4000 hp, 2764 mana
84: 285.7 dps, 4000 hp, 2781 mana
85: 282.4 dps, 4000 hp, 2781 mana
86: 279.1 dps, 4000 hp, 2781 mana
87: 275.9 dps, 4000 hp, 2781 mana
88: 272.7 dps, 4000 hp, 2781 mana
89: CH tick
89: finished casting CH
89: 314.6 dps, 4000 hp, 2541 mana
90: 311.1 dps, 4000 hp, 2558 mana
91: 307.7 dps, 4000 hp, 2558 mana
92: startcast CH
92: 304.3 dps, 4000 hp, 2558 mana
93: 301.1 dps, 4000 hp, 2558 mana
94: 297.9 dps, 4000 hp, 2558 mana
95: 294.7 dps, 4000 hp, 2558 mana
96: 291.7 dps, 4000 hp, 2575 mana
97: 288.7 dps, 4000 hp, 2575 mana
98: 285.7 dps, 4000 hp, 2575 mana
99: 282.8 dps, 4000 hp, 2575 mana
100: 280.0 dps, 4000 hp, 2575 mana
101: 277.2 dps, 4000 hp, 2575 mana
102: CH tick
102: finished casting CH
102: 313.7 dps, 4000 hp, 2352 mana
103: 310.7 dps, 4000 hp, 2352 mana
104: 307.7 dps, 4000 hp, 2352 mana
105: startcast CH
105: 304.8 dps, 4000 hp, 2352 mana
106: 301.9 dps, 4000 hp, 2352 mana
107: 299.1 dps, 4000 hp, 2352 mana
108: 296.3 dps, 4000 hp, 2369 mana
109: 293.6 dps, 4000 hp, 2369 mana
110: 290.9 dps, 4000 hp, 2369 mana
111: 288.3 dps, 4000 hp, 2369 mana
112: 285.7 dps, 4000 hp, 2369 mana
113: 283.2 dps, 4000 hp, 2369 mana
114: 280.7 dps, 4000 hp, 2386 mana
115: CH tick
115: finished casting CH
115: 313.0 dps, 4000 hp, 2146 mana
116: 310.3 dps, 4000 hp, 2146 mana
117: 307.7 dps, 4000 hp, 2146 mana
118: startcast CH
118: 305.1 dps, 4000 hp, 2146 mana
119: 302.5 dps, 4000 hp, 2146 mana
120: 300.0 dps, 4000 hp, 2163 mana
121: 297.5 dps, 4000 hp, 2163 mana
122: 295.1 dps, 4000 hp, 2163 mana
123: 292.7 dps, 4000 hp, 2163 mana
124: 290.3 dps, 4000 hp, 2163 mana
125: 288.0 dps, 4000 hp, 2163 mana
126: 285.7 dps, 4000 hp, 2180 mana
127: 283.5 dps, 4000 hp, 2180 mana
128: CH tick
128: finished casting CH
128: 312.5 dps, 4000 hp, 1940 mana
129: 310.1 dps, 4000 hp, 1940 mana
130: 307.7 dps, 4000 hp, 1940 mana
131: startcast CH
131: 305.3 dps, 4000 hp, 1940 mana
132: 303.0 dps, 4000 hp, 1957 mana
133: 300.8 dps, 4000 hp, 1957 mana
134: 298.5 dps, 4000 hp, 1957 mana
135: 296.3 dps, 4000 hp, 1957 mana
136: 294.1 dps, 4000 hp, 1957 mana
137: 292.0 dps, 4000 hp, 1957 mana
138: 289.9 dps, 4000 hp, 1974 mana
139: 287.8 dps, 4000 hp, 1974 mana
140: 285.7 dps, 4000 hp, 1974 mana
141: CH tick
141: finished casting CH
141: 312.1 dps, 4000 hp, 1734 mana
142: 309.9 dps, 4000 hp, 1734 mana
143: 307.7 dps, 4000 hp, 1734 mana
144: startcast CH
144: 305.6 dps, 4000 hp, 1751 mana
145: 303.4 dps, 4000 hp, 1751 mana
146: 301.4 dps, 4000 hp, 1751 mana
147: 299.3 dps, 4000 hp, 1751 mana
148: 297.3 dps, 4000 hp, 1751 mana
149: 295.3 dps, 4000 hp, 1751 mana
150: 293.3 dps, 4000 hp, 1768 mana
151: 291.4 dps, 4000 hp, 1768 mana
152: 289.5 dps, 4000 hp, 1768 mana
153: 287.6 dps, 4000 hp, 1768 mana
154: CH tick
154: finished casting CH
154: 311.7 dps, 4000 hp, 1528 mana
155: 309.7 dps, 4000 hp, 1528 mana
156: 307.7 dps, 4000 hp, 1545 mana
157: startcast CH
157: 305.7 dps, 4000 hp, 1545 mana
158: 303.8 dps, 4000 hp, 1545 mana
159: 301.9 dps, 4000 hp, 1545 mana
160: 300.0 dps, 4000 hp, 1545 mana
161: 298.1 dps, 4000 hp, 1545 mana
162: 296.3 dps, 4000 hp, 1562 mana
163: 294.5 dps, 4000 hp, 1562 mana
164: 292.7 dps, 4000 hp, 1562 mana
165: 290.9 dps, 4000 hp, 1562 mana
166: 289.2 dps, 4000 hp, 1562 mana
167: CH tick
167: finished casting CH
167: 311.4 dps, 4000 hp, 1322 mana
168: 309.5 dps, 4000 hp, 1339 mana
169: 307.7 dps, 4000 hp, 1339 mana
170: startcast CH
170: 305.9 dps, 4000 hp, 1339 mana
171: 304.1 dps, 4000 hp, 1339 mana
172: 302.3 dps, 4000 hp, 1339 mana
173: 300.6 dps, 4000 hp, 1339 mana
174: 298.9 dps, 4000 hp, 1356 mana
175: 297.1 dps, 4000 hp, 1356 mana
176: 295.5 dps, 4000 hp, 1356 mana
177: 293.8 dps, 4000 hp, 1356 mana
178: 292.1 dps, 4000 hp, 1356 mana
179: 290.5 dps, 4000 hp, 1356 mana
180: CH tick
180: finished casting CH
180: 311.1 dps, 4000 hp, 1133 mana
181: 309.4 dps, 4000 hp, 1133 mana
182: 307.7 dps, 4000 hp, 1133 mana
183: startcast CH
183: 306.0 dps, 4000 hp, 1133 mana
184: 304.3 dps, 4000 hp, 1133 mana
185: 302.7 dps, 4000 hp, 1133 mana
186: 301.1 dps, 4000 hp, 1150 mana
187: 299.5 dps, 4000 hp, 1150 mana
188: 297.9 dps, 4000 hp, 1150 mana
189: 296.3 dps, 4000 hp, 1150 mana
190: 294.7 dps, 4000 hp, 1150 mana
191: 293.2 dps, 4000 hp, 1150 mana
192: 291.7 dps, 4000 hp, 1167 mana
193: CH tick
193: finished casting CH
193: 310.9 dps, 4000 hp, 927 mana
194: 309.3 dps, 4000 hp, 927 mana
195: 307.7 dps, 4000 hp, 927 mana
196: startcast CH
196: 306.1 dps, 4000 hp, 927 mana
197: 304.6 dps, 4000 hp, 927 mana
198: 303.0 dps, 4000 hp, 944 mana
199: 301.5 dps, 4000 hp, 944 mana
200: 300.0 dps, 4000 hp, 944 mana
201: 298.5 dps, 4000 hp, 944 mana
202: 297.0 dps, 4000 hp, 944 mana
203: 295.6 dps, 4000 hp, 944 mana
204: 294.1 dps, 4000 hp, 961 mana
205: 292.7 dps, 4000 hp, 961 mana
206: CH tick
206: finished casting CH
206: 310.7 dps, 4000 hp, 721 mana
207: 309.2 dps, 4000 hp, 721 mana
208: 307.7 dps, 4000 hp, 721 mana
209: startcast CH
209: 306.2 dps, 4000 hp, 721 mana
210: 304.8 dps, 4000 hp, 738 mana
211: 303.3 dps, 4000 hp, 738 mana
212: 301.9 dps, 4000 hp, 738 mana
213: 300.5 dps, 4000 hp, 738 mana
214: 299.1 dps, 4000 hp, 738 mana
215: 297.7 dps, 4000 hp, 738 mana
216: 296.3 dps, 4000 hp, 755 mana
217: 294.9 dps, 4000 hp, 755 mana
218: 293.6 dps, 4000 hp, 755 mana
219: CH tick
219: finished casting CH
219: 310.5 dps, 4000 hp, 515 mana
220: 309.1 dps, 4000 hp, 515 mana
221: 307.7 dps, 4000 hp, 515 mana
222: startcast CH
222: 306.3 dps, 4000 hp, 532 mana
223: 304.9 dps, 4000 hp, 532 mana
224: 303.6 dps, 4000 hp, 532 mana
225: 302.2 dps, 4000 hp, 532 mana
226: 300.9 dps, 4000 hp, 532 mana
227: 299.6 dps, 4000 hp, 532 mana
228: 298.2 dps, 4000 hp, 549 mana
229: 296.9 dps, 4000 hp, 549 mana
230: 295.7 dps, 4000 hp, 549 mana
231: 294.4 dps, 4000 hp, 549 mana
232: CH tick
232: finished casting CH
232: 310.3 dps, 4000 hp, 309 mana
233: 309.0 dps, 4000 hp, 309 mana
234: 307.7 dps, 4000 hp, 326 mana
235: 306.4 dps, 4000 hp, 326 mana
236: 305.1 dps, 4000 hp, 326 mana
237: 303.8 dps, 4000 hp, 326 mana
238: 302.5 dps, 4000 hp, 326 mana
239: 301.3 dps, 4000 hp, 326 mana
240: 300.0 dps, 4000 hp, 363 mana
241: 298.8 dps, 4000 hp, 363 mana
242: 297.5 dps, 4000 hp, 363 mana
243: 296.3 dps, 4000 hp, 363 mana
244: 295.1 dps, 4000 hp, 363 mana
245: 293.9 dps, 4000 hp, 363 mana
246: startcast CH
246: 292.7 dps, 4000 hp, 400 mana
247: 291.5 dps, 4000 hp, 400 mana
248: 290.3 dps, 4000 hp, 400 mana
249: 289.2 dps, 4000 hp, 400 mana
250: 288.0 dps, 4000 hp, 400 mana
251: 286.9 dps, 4000 hp, 400 mana
252: 285.7 dps, 4000 hp, 417 mana
253: 284.6 dps, 4000 hp, 417 mana
254: 283.5 dps, 4000 hp, 417 mana
255: 282.4 dps, 4000 hp, 417 mana
256: CH tick
256: finished casting CH
256: 296.9 dps, 4000 hp, 177 mana
257: 295.7 dps, 4000 hp, 177 mana
258: 294.6 dps, 4000 hp, 194 mana
259: 293.4 dps, 4000 hp, 194 mana
260: 292.3 dps, 4000 hp, 194 mana
261: 291.2 dps, 4000 hp, 194 mana
262: 290.1 dps, 4000 hp, 194 mana
263: 289.0 dps, 4000 hp, 194 mana
264: 287.9 dps, 4000 hp, 231 mana
265: 286.8 dps, 4000 hp, 231 mana
266: 285.7 dps, 4000 hp, 231 mana
267: 284.6 dps, 4000 hp, 231 mana
268: 283.6 dps, 4000 hp, 231 mana
269: 282.5 dps, 4000 hp, 231 mana
270: 281.5 dps, 4000 hp, 268 mana
271: 280.4 dps, 4000 hp, 268 mana
272: 279.4 dps, 4000 hp, 268 mana
273: 278.4 dps, 4000 hp, 268 mana
274: 277.4 dps, 4000 hp, 268 mana
275: 276.4 dps, 4000 hp, 268 mana
276: 275.4 dps, 4000 hp, 305 mana
277: 274.4 dps, 4000 hp, 305 mana
278: 273.4 dps, 4000 hp, 305 mana
279: 272.4 dps, 4000 hp, 305 mana
280: 271.4 dps, 4000 hp, 305 mana
281: 270.5 dps, 4000 hp, 305 mana
282: 269.5 dps, 4000 hp, 342 mana
283: 268.6 dps, 4000 hp, 342 mana
284: 267.6 dps, 4000 hp, 342 mana
285: 266.7 dps, 4000 hp, 342 mana
286: 265.7 dps, 4000 hp, 342 mana
287: 264.8 dps, 4000 hp, 342 mana
288: 263.9 dps, 4000 hp, 379 mana
289: 263.0 dps, 4000 hp, 379 mana
290: 262.1 dps, 4000 hp, 379 mana
291: 261.2 dps, 4000 hp, 379 mana
292: 260.3 dps, 4000 hp, 379 mana
293: 259.4 dps, 4000 hp, 379 mana
294: startcast CH
294: 258.5 dps, 4000 hp, 416 mana
295: 257.6 dps, 4000 hp, 416 mana
296: 256.8 dps, 4000 hp, 416 mana
297: 255.9 dps, 4000 hp, 416 mana
298: 255.0 dps, 4000 hp, 416 mana
299: 254.2 dps, 4000 hp, 416 mana
300: 253.3 dps, 4000 hp, 433 mana
301: 252.5 dps, 4000 hp, 433 mana
302: 251.7 dps, 4000 hp, 433 mana
303: 250.8 dps, 4000 hp, 433 mana
304: CH tick
304: finished casting CH
304: 263.2 dps, 4000 hp, 193 mana
305: 262.3 dps, 4000 hp, 193 mana
306: 261.4 dps, 4000 hp, 210 mana
307: 260.6 dps, 4000 hp, 210 mana
308: 259.7 dps, 4000 hp, 210 mana
309: 258.9 dps, 4000 hp, 210 mana
310: 258.1 dps, 4000 hp, 210 mana
311: 257.2 dps, 4000 hp, 210 mana
312: 256.4 dps, 4000 hp, 247 mana
313: 255.6 dps, 4000 hp, 247 mana
314: 254.8 dps, 4000 hp, 247 mana
315: 254.0 dps, 4000 hp, 247 mana
316: 253.2 dps, 4000 hp, 247 mana
317: 252.4 dps, 4000 hp, 247 mana
318: 251.6 dps, 4000 hp, 284 mana
319: 250.8 dps, 4000 hp, 284 mana
320: 250.0 dps, 4000 hp, 284 mana
321: 249.2 dps, 4000 hp, 284 mana
322: 248.4 dps, 4000 hp, 284 mana
323: 247.7 dps, 4000 hp, 284 mana
324: 246.9 dps, 4000 hp, 321 mana
325: 246.2 dps, 4000 hp, 321 mana
326: 245.4 dps, 4000 hp, 321 mana
327: 244.6 dps, 4000 hp, 321 mana
328: 243.9 dps, 4000 hp, 321 mana
329: 243.2 dps, 4000 hp, 321 mana
330: 242.4 dps, 4000 hp, 358 mana
331: 241.7 dps, 4000 hp, 358 mana
332: 241.0 dps, 4000 hp, 358 mana
333: 240.2 dps, 4000 hp, 358 mana
334: 239.5 dps, 4000 hp, 358 mana
335: 238.8 dps, 4000 hp, 358 mana
336: 238.1 dps, 4000 hp, 395 mana
337: 237.4 dps, 4000 hp, 395 mana
338: 236.7 dps, 4000 hp, 395 mana
339: 236.0 dps, 4000 hp, 395 mana
340: 235.3 dps, 4000 hp, 395 mana
341: 234.6 dps, 4000 hp, 395 mana
342: startcast CH
342: 233.9 dps, 4000 hp, 432 mana
343: 233.2 dps, 4000 hp, 432 mana
344: 232.6 dps, 4000 hp, 432 mana
345: 231.9 dps, 4000 hp, 432 mana
346: 231.2 dps, 4000 hp, 432 mana
347: 230.5 dps, 4000 hp, 432 mana
348: 229.9 dps, 4000 hp, 449 mana
349: 229.2 dps, 4000 hp, 449 mana
350: 228.6 dps, 4000 hp, 449 mana
351: 227.9 dps, 4000 hp, 449 mana
352: CH tick
352: finished casting CH
352: 238.6 dps, 4000 hp, 209 mana
353: 238.0 dps, 4000 hp, 209 mana
354: 237.3 dps, 4000 hp, 226 mana
355: 236.6 dps, 4000 hp, 226 mana
356: 236.0 dps, 4000 hp, 226 mana
357: 235.3 dps, 4000 hp, 226 mana
358: 234.6 dps, 4000 hp, 226 mana
359: 234.0 dps, 4000 hp, 226 mana
360: 233.3 dps, 4000 hp, 263 mana
361: 232.7 dps, 4000 hp, 263 mana
362: 232.0 dps, 4000 hp, 263 mana
363: 231.4 dps, 4000 hp, 263 mana
364: 230.8 dps, 4000 hp, 263 mana
365: 230.1 dps, 4000 hp, 263 mana
366: 229.5 dps, 4000 hp, 300 mana
367: 228.9 dps, 4000 hp, 300 mana
368: 228.3 dps, 4000 hp, 300 mana
369: 227.6 dps, 4000 hp, 300 mana
370: 227.0 dps, 4000 hp, 300 mana
371: 226.4 dps, 4000 hp, 300 mana
372: 225.8 dps, 4000 hp, 337 mana
373: 225.2 dps, 4000 hp, 337 mana
374: 224.6 dps, 4000 hp, 337 mana
375: 224.0 dps, 4000 hp, 337 mana
376: 223.4 dps, 4000 hp, 337 mana
377: 222.8 dps, 4000 hp, 337 mana
378: 222.2 dps, 4000 hp, 374 mana
379: 221.6 dps, 4000 hp, 374 mana
380: 221.1 dps, 4000 hp, 374 mana
381: 220.5 dps, 4000 hp, 374 mana
382: 219.9 dps, 4000 hp, 374 mana
383: 219.3 dps, 4000 hp, 374 mana
384: startcast CH
384: 218.8 dps, 4000 hp, 411 mana
385: 218.2 dps, 4000 hp, 411 mana
386: 217.6 dps, 4000 hp, 411 mana
387: 217.1 dps, 4000 hp, 411 mana
388: 216.5 dps, 4000 hp, 411 mana
389: 215.9 dps, 4000 hp, 411 mana
390: 215.4 dps, 4000 hp, 428 mana
391: 214.8 dps, 4000 hp, 428 mana
392: 214.3 dps, 4000 hp, 428 mana
393: 213.7 dps, 4000 hp, 428 mana
394: CH tick
394: finished casting CH
394: 223.4 dps, 4000 hp, 188 mana
395: 222.8 dps, 4000 hp, 188 mana
396: 222.2 dps, 4000 hp, 205 mana
397: 221.7 dps, 4000 hp, 205 mana
398: 221.1 dps, 4000 hp, 205 mana
399: 220.6 dps, 4000 hp, 205 mana
400: 220.0 dps, 4000 hp, 205 mana
401: 219.5 dps, 4000 hp, 205 mana
402: 218.9 dps, 4000 hp, 242 mana
403: 218.4 dps, 4000 hp, 242 mana
404: 217.8 dps, 4000 hp, 242 mana
405: 217.3 dps, 4000 hp, 242 mana
406: 216.7 dps, 4000 hp, 242 mana
407: 216.2 dps, 4000 hp, 242 mana
408: 215.7 dps, 4000 hp, 279 mana
409: 215.2 dps, 4000 hp, 279 mana
410: 214.6 dps, 4000 hp, 279 mana
411: 214.1 dps, 4000 hp, 279 mana
412: 213.6 dps, 4000 hp, 279 mana
413: 213.1 dps, 4000 hp, 279 mana
414: 212.6 dps, 4000 hp, 316 mana
415: 212.0 dps, 4000 hp, 316 mana
416: 211.5 dps, 4000 hp, 316 mana
417: 211.0 dps, 4000 hp, 316 mana
418: 210.5 dps, 4000 hp, 316 mana
419: 210.0 dps, 4000 hp, 316 mana
420: 209.5 dps, 4000 hp, 353 mana
421: 209.0 dps, 4000 hp, 353 mana
422: 208.5 dps, 4000 hp, 353 mana
423: 208.0 dps, 4000 hp, 353 mana
424: 207.5 dps, 4000 hp, 353 mana
425: 207.1 dps, 4000 hp, 353 mana
426: 206.6 dps, 4000 hp, 390 mana
427: 206.1 dps, 4000 hp, 390 mana
428: 205.6 dps, 4000 hp, 390 mana
429: 205.1 dps, 4000 hp, 390 mana
430: 204.7 dps, 4000 hp, 390 mana
431: 204.2 dps, 4000 hp, 390 mana
432: startcast CH
432: 203.7 dps, 4000 hp, 427 mana
433: 203.2 dps, 4000 hp, 427 mana
434: 202.8 dps, 4000 hp, 427 mana
435: 202.3 dps, 4000 hp, 427 mana
436: 201.8 dps, 4000 hp, 427 mana
437: 201.4 dps, 4000 hp, 427 mana
438: 200.9 dps, 4000 hp, 444 mana
439: 200.5 dps, 4000 hp, 444 mana
440: 200.0 dps, 4000 hp, 444 mana
441: 199.5 dps, 4000 hp, 444 mana
442: CH tick
442: finished casting CH
442: 208.1 dps, 4000 hp, 204 mana
443: 207.7 dps, 4000 hp, 204 mana
444: 207.2 dps, 4000 hp, 221 mana
445: 206.7 dps, 4000 hp, 221 mana
446: 206.3 dps, 4000 hp, 221 mana
447: 205.8 dps, 4000 hp, 221 mana
448: 205.4 dps, 4000 hp, 221 mana
449: 204.9 dps, 4000 hp, 221 mana
450: 204.4 dps, 4000 hp, 258 mana
451: 204.0 dps, 4000 hp, 258 mana
452: 203.5 dps, 4000 hp, 258 mana
453: 203.1 dps, 4000 hp, 258 mana
454: 202.6 dps, 4000 hp, 258 mana
455: 202.2 dps, 4000 hp, 258 mana
456: 201.8 dps, 4000 hp, 295 mana
457: 201.3 dps, 4000 hp, 295 mana
458: 200.9 dps, 4000 hp, 295 mana
459: 200.4 dps, 4000 hp, 295 mana
460: 200.0 dps, 4000 hp, 295 mana
461: 199.6 dps, 4000 hp, 295 mana
462: 199.1 dps, 4000 hp, 332 mana
463: 198.7 dps, 4000 hp, 332 mana
464: 198.3 dps, 4000 hp, 332 mana
465: 197.8 dps, 4000 hp, 332 mana
466: 197.4 dps, 4000 hp, 332 mana
467: 197.0 dps, 4000 hp, 332 mana
468: 196.6 dps, 4000 hp, 369 mana
469: 196.2 dps, 4000 hp, 369 mana
470: 195.7 dps, 4000 hp, 369 mana
471: 195.3 dps, 4000 hp, 369 mana
472: 194.9 dps, 4000 hp, 369 mana
473: 194.5 dps, 4000 hp, 369 mana
474: startcast CH
474: 194.1 dps, 4000 hp, 406 mana
475: 193.7 dps, 4000 hp, 406 mana
476: 193.3 dps, 4000 hp, 406 mana
477: 192.9 dps, 4000 hp, 406 mana
478: 192.5 dps, 4000 hp, 406 mana
479: 192.1 dps, 4000 hp, 406 mana
480: 191.7 dps, 4000 hp, 423 mana
481: 191.3 dps, 4000 hp, 423 mana
482: 190.9 dps, 4000 hp, 423 mana
483: 190.5 dps, 4000 hp, 423 mana
484: CH tick
484: finished casting CH
484: 198.3 dps, 4000 hp, 183 mana
485: 197.9 dps, 4000 hp, 183 mana
486: 197.5 dps, 4000 hp, 200 mana
487: 197.1 dps, 4000 hp, 200 mana
488: 196.7 dps, 4000 hp, 200 mana
489: 196.3 dps, 4000 hp, 200 mana
490: 195.9 dps, 4000 hp, 200 mana
491: 195.5 dps, 4000 hp, 200 mana
492: 195.1 dps, 4000 hp, 237 mana
493: 194.7 dps, 4000 hp, 237 mana
494: 194.3 dps, 4000 hp, 237 mana
495: 193.9 dps, 4000 hp, 237 mana
496: 193.5 dps, 4000 hp, 237 mana
497: 193.2 dps, 4000 hp, 237 mana
498: 192.8 dps, 4000 hp, 274 mana
499: 192.4 dps, 4000 hp, 274 mana
500: 192.0 dps, 4000 hp, 274 mana
501: 191.6 dps, 4000 hp, 274 mana
502: 191.2 dps, 4000 hp, 274 mana
503: 190.9 dps, 4000 hp, 274 mana
504: 190.5 dps, 4000 hp, 311 mana
505: 190.1 dps, 4000 hp, 311 mana
506: 189.7 dps, 4000 hp, 311 mana
507: 189.3 dps, 4000 hp, 311 mana
508: 189.0 dps, 4000 hp, 311 mana
509: 188.6 dps, 4000 hp, 311 mana
510: 188.2 dps, 4000 hp, 348 mana
511: 187.9 dps, 4000 hp, 348 mana
512: 187.5 dps, 4000 hp, 348 mana
513: 187.1 dps, 4000 hp, 348 mana
514: 186.8 dps, 4000 hp, 348 mana
515: 186.4 dps, 4000 hp, 348 mana
516: 186.0 dps, 4000 hp, 385 mana
517: 185.7 dps, 4000 hp, 385 mana
518: 185.3 dps, 4000 hp, 385 mana
519: 185.0 dps, 4000 hp, 385 mana
520: 184.6 dps, 4000 hp, 385 mana
521: 184.3 dps, 4000 hp, 385 mana
522: startcast CH
522: 183.9 dps, 4000 hp, 422 mana
523: 183.6 dps, 4000 hp, 422 mana
524: 183.2 dps, 4000 hp, 422 mana
525: 182.9 dps, 4000 hp, 422 mana
526: 182.5 dps, 4000 hp, 422 mana
527: 182.2 dps, 4000 hp, 422 mana
528: 181.8 dps, 4000 hp, 439 mana
529: 181.5 dps, 4000 hp, 439 mana
530: 181.1 dps, 4000 hp, 439 mana
531: 180.8 dps, 4000 hp, 439 mana
532: CH tick
532: finished casting CH
532: 188.0 dps, 4000 hp, 199 mana
533: 187.6 dps, 4000 hp, 199 mana
534: 187.3 dps, 4000 hp, 216 mana
535: 186.9 dps, 4000 hp, 216 mana
536: 186.6 dps, 4000 hp, 216 mana
537: 186.2 dps, 4000 hp, 216 mana
538: 185.9 dps, 4000 hp, 216 mana
539: 185.5 dps, 4000 hp, 216 mana
540: 185.2 dps, 4000 hp, 253 mana
541: 184.8 dps, 4000 hp, 253 mana
542: 184.5 dps, 4000 hp, 253 mana
543: 184.2 dps, 4000 hp, 253 mana
544: 183.8 dps, 4000 hp, 253 mana
545: 183.5 dps, 4000 hp, 253 mana
546: 183.2 dps, 4000 hp, 290 mana
547: 182.8 dps, 4000 hp, 290 mana
548: 182.5 dps, 4000 hp, 290 mana
549: 182.1 dps, 4000 hp, 290 mana
550: 181.8 dps, 4000 hp, 290 mana
551: 181.5 dps, 4000 hp, 290 mana
552: 181.2 dps, 4000 hp, 327 mana
553: 180.8 dps, 4000 hp, 327 mana
554: 180.5 dps, 4000 hp, 327 mana
555: 180.2 dps, 4000 hp, 327 mana
556: 179.9 dps, 4000 hp, 327 mana
557: 179.5 dps, 4000 hp, 327 mana
558: 179.2 dps, 4000 hp, 364 mana
559: 178.9 dps, 4000 hp, 364 mana
560: 178.6 dps, 4000 hp, 364 mana
561: 178.3 dps, 4000 hp, 364 mana
562: 177.9 dps, 4000 hp, 364 mana
563: 177.6 dps, 4000 hp, 364 mana
564: startcast CH
564: 177.3 dps, 4000 hp, 401 mana
565: 177.0 dps, 4000 hp, 401 mana
566: 176.7 dps, 4000 hp, 401 mana
567: 176.4 dps, 4000 hp, 401 mana
568: 176.1 dps, 4000 hp, 401 mana
569: 175.7 dps, 4000 hp, 401 mana
570: 175.4 dps, 4000 hp, 418 mana
571: 175.1 dps, 4000 hp, 418 mana
572: 174.8 dps, 4000 hp, 418 mana
573: 174.5 dps, 4000 hp, 418 mana
574: CH tick
574: finished casting CH
574: 181.2 dps, 4000 hp, 178 mana
575: 180.9 dps, 4000 hp, 178 mana
576: 180.6 dps, 4000 hp, 195 mana
577: 180.2 dps, 4000 hp, 195 mana
578: 179.9 dps, 4000 hp, 195 mana
579: 179.6 dps, 4000 hp, 195 mana
580: 179.3 dps, 4000 hp, 195 mana
581: 179.0 dps, 4000 hp, 195 mana
582: 178.7 dps, 4000 hp, 232 mana
583: 178.4 dps, 4000 hp, 232 mana
584: 178.1 dps, 4000 hp, 232 mana
585: 177.8 dps, 4000 hp, 232 mana
586: 177.5 dps, 4000 hp, 232 mana
587: 177.2 dps, 4000 hp, 232 mana
588: 176.9 dps, 4000 hp, 269 mana
589: 176.6 dps, 4000 hp, 269 mana
590: 176.3 dps, 4000 hp, 269 mana
591: 176.0 dps, 4000 hp, 269 mana
592: 175.7 dps, 4000 hp, 269 mana
593: 175.4 dps, 4000 hp, 269 mana
594: 175.1 dps, 4000 hp, 306 mana
595: 174.8 dps, 4000 hp, 306 mana
596: 174.5 dps, 4000 hp, 306 mana
597: 174.2 dps, 4000 hp, 306 mana
598: 173.9 dps, 4000 hp, 306 mana
599: 173.6 dps, 4000 hp, 306 mana
600: 173.3 dps, 4000 hp, 343 mana
601: 173.0 dps, 4000 hp, 343 mana
602: 172.8 dps, 4000 hp, 343 mana
603: 172.5 dps, 4000 hp, 343 mana
604: 172.2 dps, 4000 hp, 343 mana
605: 171.9 dps, 4000 hp, 343 mana
606: 171.6 dps, 4000 hp, 380 mana
607: 171.3 dps, 4000 hp, 380 mana
608: 171.1 dps, 4000 hp, 380 mana
609: 170.8 dps, 4000 hp, 380 mana
610: 170.5 dps, 4000 hp, 380 mana
611: 170.2 dps, 4000 hp, 380 mana
612: startcast CH
612: 169.9 dps, 4000 hp, 417 mana
613: 169.7 dps, 4000 hp, 417 mana
614: 169.4 dps, 4000 hp, 417 mana
615: 169.1 dps, 4000 hp, 417 mana
616: 168.8 dps, 4000 hp, 417 mana
617: 168.6 dps, 4000 hp, 417 mana
618: 168.3 dps, 4000 hp, 434 mana
619: 168.0 dps, 4000 hp, 434 mana
620: 167.7 dps, 4000 hp, 434 mana
621: 167.5 dps, 4000 hp, 434 mana
622: CH tick
622: finished casting CH
622: 173.6 dps, 4000 hp, 194 mana
623: 173.4 dps, 4000 hp, 194 mana
624: 173.1 dps, 4000 hp, 211 mana
625: 172.8 dps, 4000 hp, 211 mana
626: 172.5 dps, 4000 hp, 211 mana
627: 172.2 dps, 4000 hp, 211 mana
628: 172.0 dps, 4000 hp, 211 mana
629: 171.7 dps, 4000 hp, 211 mana
630: 171.4 dps, 4000 hp, 248 mana
631: 171.2 dps, 4000 hp, 248 mana
632: 170.9 dps, 4000 hp, 248 mana
633: 170.6 dps, 4000 hp, 248 mana
634: 170.3 dps, 4000 hp, 248 mana
635: 170.1 dps, 4000 hp, 248 mana
636: 169.8 dps, 4000 hp, 285 mana
637: 169.5 dps, 4000 hp, 285 mana
638: 169.3 dps, 4000 hp, 285 mana
639: 169.0 dps, 4000 hp, 285 mana
640: 168.8 dps, 4000 hp, 285 mana
641: 168.5 dps, 4000 hp, 285 mana
642: 168.2 dps, 4000 hp, 322 mana
643: 168.0 dps, 4000 hp, 322 mana
644: 167.7 dps, 4000 hp, 322 mana
645: 167.4 dps, 4000 hp, 322 mana
646: 167.2 dps, 4000 hp, 322 mana
647: 166.9 dps, 4000 hp, 322 mana
648: 166.7 dps, 4000 hp, 359 mana
649: 166.4 dps, 4000 hp, 359 mana
650: 166.2 dps, 4000 hp, 359 mana
651: 165.9 dps, 4000 hp, 359 mana
652: 165.6 dps, 4000 hp, 359 mana
653: 165.4 dps, 4000 hp, 359 mana
654: 165.1 dps, 4000 hp, 396 mana
655: 164.9 dps, 4000 hp, 396 mana
656: 164.6 dps, 4000 hp, 396 mana
657: 164.4 dps, 4000 hp, 396 mana
658: 164.1 dps, 4000 hp, 396 mana
659: 163.9 dps, 4000 hp, 396 mana
660: startcast CH
660: 163.6 dps, 4000 hp, 433 mana
661: 163.4 dps, 4000 hp, 433 mana
662: 163.1 dps, 4000 hp, 433 mana
663: 162.9 dps, 4000 hp, 433 mana
664: 162.7 dps, 4000 hp, 433 mana
665: 162.4 dps, 4000 hp, 433 mana
666: 162.2 dps, 4000 hp, 450 mana
667: 161.9 dps, 4000 hp, 450 mana
668: 161.7 dps, 4000 hp, 450 mana
669: 161.4 dps, 4000 hp, 450 mana
670: CH tick
670: finished casting CH
670: 167.2 dps, 4000 hp, 210 mana
671: 166.9 dps, 4000 hp, 210 mana
672: 166.7 dps, 4000 hp, 227 mana
673: 166.4 dps, 4000 hp, 227 mana
674: 166.2 dps, 4000 hp, 227 mana
675: 165.9 dps, 4000 hp, 227 mana
676: 165.7 dps, 4000 hp, 227 mana
677: 165.4 dps, 4000 hp, 227 mana
678: 165.2 dps, 4000 hp, 264 mana
679: 164.9 dps, 4000 hp, 264 mana
680: 164.7 dps, 4000 hp, 264 mana
681: 164.5 dps, 4000 hp, 264 mana
682: 164.2 dps, 4000 hp, 264 mana
683: 164.0 dps, 4000 hp, 264 mana
684: 163.7 dps, 4000 hp, 301 mana
685: 163.5 dps, 4000 hp, 301 mana
686: 163.3 dps, 4000 hp, 301 mana
687: 163.0 dps, 4000 hp, 301 mana
688: 162.8 dps, 4000 hp, 301 mana
689: 162.6 dps, 4000 hp, 301 mana
690: 162.3 dps, 4000 hp, 338 mana
691: 162.1 dps, 4000 hp, 338 mana
692: 161.8 dps, 4000 hp, 338 mana
693: 161.6 dps, 4000 hp, 338 mana
694: 161.4 dps, 4000 hp, 338 mana
695: 161.2 dps, 4000 hp, 338 mana
696: 160.9 dps, 4000 hp, 375 mana
697: 160.7 dps, 4000 hp, 375 mana
698: 160.5 dps, 4000 hp, 375 mana
699: 160.2 dps, 4000 hp, 375 mana
700: 160.0 dps, 4000 hp, 375 mana
701: 159.8 dps, 4000 hp, 375 mana
702: startcast CH
702: 159.5 dps, 4000 hp, 412 mana
703: 159.3 dps, 4000 hp, 412 mana
704: 159.1 dps, 4000 hp, 412 mana
705: 158.9 dps, 4000 hp, 412 mana
706: 158.6 dps, 4000 hp, 412 mana
707: 158.4 dps, 4000 hp, 412 mana
708: 158.2 dps, 4000 hp, 429 mana
709: 158.0 dps, 4000 hp, 429 mana
710: 157.7 dps, 4000 hp, 429 mana
711: 157.5 dps, 4000 hp, 429 mana
712: CH tick
712: finished casting CH
712: 162.9 dps, 4000 hp, 189 mana
713: 162.7 dps, 4000 hp, 189 mana
714: 162.5 dps, 4000 hp, 206 mana
715: 162.2 dps, 4000 hp, 206 mana
716: 162.0 dps, 4000 hp, 206 mana
717: 161.8 dps, 4000 hp, 206 mana
718: 161.6 dps, 4000 hp, 206 mana
719: 161.3 dps, 4000 hp, 206 mana
720: 161.1 dps, 4000 hp, 243 mana
721: 160.9 dps, 4000 hp, 243 mana
722: 160.7 dps, 4000 hp, 243 mana
723: 160.4 dps, 4000 hp, 243 mana
724: 160.2 dps, 4000 hp, 243 mana
725: 160.0 dps, 4000 hp, 243 mana
726: 159.8 dps, 4000 hp, 280 mana
727: 159.6 dps, 4000 hp, 280 mana
728: 159.3 dps, 4000 hp, 280 mana
729: 159.1 dps, 4000 hp, 280 mana
730: 158.9 dps, 4000 hp, 280 mana
731: 158.7 dps, 4000 hp, 280 mana
732: 158.5 dps, 4000 hp, 317 mana
733: 158.3 dps, 4000 hp, 317 mana
734: 158.0 dps, 4000 hp, 317 mana
735: 157.8 dps, 4000 hp, 317 mana
736: 157.6 dps, 4000 hp, 317 mana
737: 157.4 dps, 4000 hp, 317 mana
738: 157.2 dps, 4000 hp, 354 mana
739: 157.0 dps, 4000 hp, 354 mana
740: 156.8 dps, 4000 hp, 354 mana
741: 156.5 dps, 4000 hp, 354 mana
742: 156.3 dps, 4000 hp, 354 mana
743: 156.1 dps, 4000 hp, 354 mana
744: 155.9 dps, 4000 hp, 391 mana
745: 155.7 dps, 4000 hp, 391 mana
746: 155.5 dps, 4000 hp, 391 mana
747: 155.3 dps, 4000 hp, 391 mana
748: 155.1 dps, 4000 hp, 391 mana
749: 154.9 dps, 4000 hp, 391 mana
750: startcast CH
750: 154.7 dps, 4000 hp, 428 mana
751: 154.5 dps, 4000 hp, 428 mana
752: 154.3 dps, 4000 hp, 428 mana
753: 154.1 dps, 4000 hp, 428 mana
754: 153.8 dps, 4000 hp, 428 mana
755: 153.6 dps, 4000 hp, 428 mana
756: 153.4 dps, 4000 hp, 445 mana
757: 153.2 dps, 4000 hp, 445 mana
758: 153.0 dps, 4000 hp, 445 mana
759: 152.8 dps, 4000 hp, 445 mana
760: CH tick
760: finished casting CH
760: 157.9 dps, 4000 hp, 205 mana
761: 157.7 dps, 4000 hp, 205 mana
762: 157.5 dps, 4000 hp, 222 mana
763: 157.3 dps, 4000 hp, 222 mana
764: 157.1 dps, 4000 hp, 222 mana
765: 156.9 dps, 4000 hp, 222 mana
766: 156.7 dps, 4000 hp, 222 mana
767: 156.5 dps, 4000 hp, 222 mana
768: 156.2 dps, 4000 hp, 259 mana
769: 156.0 dps, 4000 hp, 259 mana
770: 155.8 dps, 4000 hp, 259 mana
771: 155.6 dps, 4000 hp, 259 mana
772: 155.4 dps, 4000 hp, 259 mana
773: 155.2 dps, 4000 hp, 259 mana
774: 155.0 dps, 4000 hp, 296 mana
775: 154.8 dps, 4000 hp, 296 mana
776: 154.6 dps, 4000 hp, 296 mana
777: 154.4 dps, 4000 hp, 296 mana
778: 154.2 dps, 4000 hp, 296 mana
779: 154.0 dps, 4000 hp, 296 mana
780: 153.8 dps, 4000 hp, 333 mana
781: 153.6 dps, 4000 hp, 333 mana
782: 153.5 dps, 4000 hp, 333 mana
783: 153.3 dps, 4000 hp, 333 mana
784: 153.1 dps, 4000 hp, 333 mana
785: 152.9 dps, 4000 hp, 333 mana
786: 152.7 dps, 4000 hp, 370 mana
787: 152.5 dps, 4000 hp, 370 mana
788: 152.3 dps, 4000 hp, 370 mana
789: 152.1 dps, 4000 hp, 370 mana
790: 151.9 dps, 4000 hp, 370 mana
791: 151.7 dps, 4000 hp, 370 mana
792: startcast CH
792: 151.5 dps, 4000 hp, 407 mana
793: 151.3 dps, 4000 hp, 407 mana
794: 151.1 dps, 4000 hp, 407 mana
795: 150.9 dps, 4000 hp, 407 mana
796: 150.8 dps, 4000 hp, 407 mana
797: 150.6 dps, 4000 hp, 407 mana
798: 150.4 dps, 4000 hp, 424 mana
799: 150.2 dps, 4000 hp, 424 mana
800: 150.0 dps, 4000 hp, 424 mana
801: 149.8 dps, 4000 hp, 424 mana
802: CH tick
802: finished casting CH
802: 154.6 dps, 4000 hp, 184 mana
803: 154.4 dps, 4000 hp, 184 mana
804: 154.2 dps, 4000 hp, 201 mana
805: 154.0 dps, 4000 hp, 201 mana
806: 153.8 dps, 4000 hp, 201 mana
807: 153.7 dps, 4000 hp, 201 mana
808: 153.5 dps, 4000 hp, 201 mana
809: 153.3 dps, 4000 hp, 201 mana
810: 153.1 dps, 4000 hp, 238 mana
811: 152.9 dps, 4000 hp, 238 mana
812: 152.7 dps, 4000 hp, 238 mana
813: 152.5 dps, 4000 hp, 238 mana
814: 152.3 dps, 4000 hp, 238 mana
815: 152.1 dps, 4000 hp, 238 mana
816: 152.0 dps, 4000 hp, 275 mana
817: 151.8 dps, 4000 hp, 275 mana
818: 151.6 dps, 4000 hp, 275 mana
819: 151.4 dps, 4000 hp, 275 mana
820: 151.2 dps, 4000 hp, 275 mana
821: 151.0 dps, 4000 hp, 275 mana
822: 150.9 dps, 4000 hp, 312 mana
823: 150.7 dps, 4000 hp, 312 mana
824: 150.5 dps, 4000 hp, 312 mana
825: 150.3 dps, 4000 hp, 312 mana
826: 150.1 dps, 4000 hp, 312 mana
827: 149.9 dps, 4000 hp, 312 mana
828: 149.8 dps, 4000 hp, 349 mana
829: 149.6 dps, 4000 hp, 349 mana
830: 149.4 dps, 4000 hp, 349 mana
831: 149.2 dps, 4000 hp, 349 mana
832: 149.0 dps, 4000 hp, 349 mana
833: 148.9 dps, 4000 hp, 349 mana
834: 148.7 dps, 4000 hp, 386 mana
835: 148.5 dps, 4000 hp, 386 mana
836: 148.3 dps, 4000 hp, 386 mana
837: 148.1 dps, 4000 hp, 386 mana
838: 148.0 dps, 4000 hp, 386 mana
839: 147.8 dps, 4000 hp, 386 mana
840: startcast CH
840: 147.6 dps, 4000 hp, 423 mana
841: 147.4 dps, 4000 hp, 423 mana
842: 147.3 dps, 4000 hp, 423 mana
843: 147.1 dps, 4000 hp, 423 mana
844: 146.9 dps, 4000 hp, 423 mana
845: 146.7 dps, 4000 hp, 423 mana
846: 146.6 dps, 4000 hp, 440 mana
847: 146.4 dps, 4000 hp, 440 mana
848: 146.2 dps, 4000 hp, 440 mana
849: 146.1 dps, 4000 hp, 440 mana
850: CH tick
850: finished casting CH
850: 150.6 dps, 4000 hp, 200 mana
851: 150.4 dps, 4000 hp, 200 mana
852: 150.2 dps, 4000 hp, 217 mana
853: 150.1 dps, 4000 hp, 217 mana
854: 149.9 dps, 4000 hp, 217 mana
855: 149.7 dps, 4000 hp, 217 mana
856: 149.5 dps, 4000 hp, 217 mana
857: 149.4 dps, 4000 hp, 217 mana
858: 149.2 dps, 4000 hp, 254 mana
859: 149.0 dps, 4000 hp, 254 mana
860: 148.8 dps, 4000 hp, 254 mana
861: 148.7 dps, 4000 hp, 254 mana
862: 148.5 dps, 4000 hp, 254 mana
863: 148.3 dps, 4000 hp, 254 mana
864: 148.1 dps, 4000 hp, 291 mana
865: 148.0 dps, 4000 hp, 291 mana
866: 147.8 dps, 4000 hp, 291 mana
867: 147.6 dps, 4000 hp, 291 mana
868: 147.5 dps, 4000 hp, 291 mana
869: 147.3 dps, 4000 hp, 291 mana
870: 147.1 dps, 4000 hp, 328 mana
871: 147.0 dps, 4000 hp, 328 mana
872: 146.8 dps, 4000 hp, 328 mana
873: 146.6 dps, 4000 hp, 328 mana
874: 146.5 dps, 4000 hp, 328 mana
875: 146.3 dps, 4000 hp, 328 mana
876: 146.1 dps, 4000 hp, 365 mana
877: 146.0 dps, 4000 hp, 365 mana
878: 145.8 dps, 4000 hp, 365 mana
879: 145.6 dps, 4000 hp, 365 mana
880: 145.5 dps, 4000 hp, 365 mana
881: 145.3 dps, 4000 hp, 365 mana
882: startcast CH
882: 145.1 dps, 4000 hp, 402 mana
883: 145.0 dps, 4000 hp, 402 mana
884: 144.8 dps, 4000 hp, 402 mana
885: 144.6 dps, 4000 hp, 402 mana
886: 144.5 dps, 4000 hp, 402 mana
887: 144.3 dps, 4000 hp, 402 mana
888: 144.1 dps, 4000 hp, 419 mana
889: 144.0 dps, 4000 hp, 419 mana
890: 143.8 dps, 4000 hp, 419 mana
891: 143.7 dps, 4000 hp, 419 mana
892: CH tick
892: finished casting CH
892: 148.0 dps, 4000 hp, 179 mana
893: 147.8 dps, 4000 hp, 179 mana
894: 147.7 dps, 4000 hp, 196 mana
895: 147.5 dps, 4000 hp, 196 mana
896: 147.3 dps, 4000 hp, 196 mana
897: 147.2 dps, 4000 hp, 196 mana
898: 147.0 dps, 4000 hp, 196 mana
899: 146.8 dps, 4000 hp, 196 mana
900: 146.7 dps, 4000 hp, 233 mana
901: 146.5 dps, 4000 hp, 233 mana
902: 146.3 dps, 4000 hp, 233 mana
903: 146.2 dps, 4000 hp, 233 mana
904: 146.0 dps, 4000 hp, 233 mana
905: 145.9 dps, 4000 hp, 233 mana
906: 145.7 dps, 4000 hp, 270 mana
907: 145.5 dps, 4000 hp, 270 mana
908: 145.4 dps, 4000 hp, 270 mana
909: 145.2 dps, 4000 hp, 270 mana
910: 145.1 dps, 4000 hp, 270 mana
911: 144.9 dps, 4000 hp, 270 mana
912: 144.7 dps, 4000 hp, 307 mana
913: 144.6 dps, 4000 hp, 307 mana
914: 144.4 dps, 4000 hp, 307 mana
915: 144.3 dps, 4000 hp, 307 mana
916: 144.1 dps, 4000 hp, 307 mana
917: 143.9 dps, 4000 hp, 307 mana
918: 143.8 dps, 4000 hp, 344 mana
919: 143.6 dps, 4000 hp, 344 mana
920: 143.5 dps, 4000 hp, 344 mana
921: 143.3 dps, 4000 hp, 344 mana
922: 143.2 dps, 4000 hp, 344 mana
923: 143.0 dps, 4000 hp, 344 mana
924: 142.9 dps, 4000 hp, 381 mana
925: 142.7 dps, 4000 hp, 381 mana
926: 142.5 dps, 4000 hp, 381 mana
927: 142.4 dps, 4000 hp, 381 mana
928: 142.2 dps, 4000 hp, 381 mana
929: 142.1 dps, 4000 hp, 381 mana
930: startcast CH
930: 141.9 dps, 4000 hp, 418 mana
931: 141.8 dps, 4000 hp, 418 mana
932: 141.6 dps, 4000 hp, 418 mana
933: 141.5 dps, 4000 hp, 418 mana
934: 141.3 dps, 4000 hp, 418 mana
935: 141.2 dps, 4000 hp, 418 mana
936: 141.0 dps, 4000 hp, 435 mana
937: 140.9 dps, 4000 hp, 435 mana
938: 140.7 dps, 4000 hp, 435 mana
939: 140.6 dps, 4000 hp, 435 mana
940: CH tick
940: finished casting CH
940: 144.7 dps, 4000 hp, 195 mana
941: 144.5 dps, 4000 hp, 195 mana
942: 144.4 dps, 4000 hp, 212 mana
943: 144.2 dps, 4000 hp, 212 mana
944: 144.1 dps, 4000 hp, 212 mana
945: 143.9 dps, 4000 hp, 212 mana
946: 143.8 dps, 4000 hp, 212 mana
947: 143.6 dps, 4000 hp, 212 mana
948: 143.5 dps, 4000 hp, 249 mana
949: 143.3 dps, 4000 hp, 249 mana
950: 143.2 dps, 4000 hp, 249 mana
951: 143.0 dps, 4000 hp, 249 mana
952: 142.9 dps, 4000 hp, 249 mana
953: 142.7 dps, 4000 hp, 249 mana
954: 142.6 dps, 4000 hp, 286 mana
955: 142.4 dps, 4000 hp, 286 mana
956: 142.3 dps, 4000 hp, 286 mana
957: 142.1 dps, 4000 hp, 286 mana
958: 142.0 dps, 4000 hp, 286 mana
959: 141.8 dps, 4000 hp, 286 mana
960: 141.7 dps, 4000 hp, 323 mana
961: 141.5 dps, 4000 hp, 323 mana
962: 141.4 dps, 4000 hp, 323 mana
963: 141.2 dps, 4000 hp, 323 mana
964: 141.1 dps, 4000 hp, 323 mana
965: 140.9 dps, 4000 hp, 323 mana
966: 140.8 dps, 4000 hp, 360 mana
967: 140.6 dps, 4000 hp, 360 mana
968: 140.5 dps, 4000 hp, 360 mana
969: 140.4 dps, 4000 hp, 360 mana
970: 140.2 dps, 4000 hp, 360 mana
971: 140.1 dps, 4000 hp, 360 mana
972: 139.9 dps, 4000 hp, 397 mana
973: 139.8 dps, 4000 hp, 397 mana
974: 139.6 dps, 4000 hp, 397 mana
975: 139.5 dps, 4000 hp, 397 mana
976: 139.3 dps, 4000 hp, 397 mana
977: 139.2 dps, 4000 hp, 397 mana
978: startcast CH
978: 139.1 dps, 4000 hp, 434 mana
979: 138.9 dps, 4000 hp, 434 mana
980: 138.8 dps, 4000 hp, 434 mana
981: 138.6 dps, 4000 hp, 434 mana
982: 138.5 dps, 4000 hp, 434 mana
983: 138.4 dps, 4000 hp, 434 mana
984: 138.2 dps, 4000 hp, 451 mana
985: 138.1 dps, 4000 hp, 451 mana
986: 137.9 dps, 4000 hp, 451 mana
987: 137.8 dps, 4000 hp, 451 mana
988: CH tick
988: finished casting CH
988: 141.7 dps, 4000 hp, 211 mana
989: 141.6 dps, 4000 hp, 211 mana
990: 141.4 dps, 4000 hp, 228 mana
991: 141.3 dps, 4000 hp, 228 mana
992: 141.1 dps, 4000 hp, 228 mana
993: 141.0 dps, 4000 hp, 228 mana
994: 140.8 dps, 4000 hp, 228 mana
995: 140.7 dps, 4000 hp, 228 mana
996: 140.6 dps, 4000 hp, 265 mana
997: 140.4 dps, 4000 hp, 265 mana
998: 140.3 dps, 4000 hp, 265 mana
999: 140.1 dps, 4000 hp, 265 mana
1000: 140.0 dps, 4000 hp, 265 mana
1001: 139.9 dps, 4000 hp, 265 mana
1002: 139.7 dps, 4000 hp, 302 mana
1003: 139.6 dps, 4000 hp, 302 mana
1004: 139.4 dps, 4000 hp, 302 mana
1005: 139.3 dps, 4000 hp, 302 mana
1006: 139.2 dps, 4000 hp, 302 mana
1007: 139.0 dps, 4000 hp, 302 mana
1008: 138.9 dps, 4000 hp, 339 mana
1009: 138.8 dps, 4000 hp, 339 mana
1010: 138.6 dps, 4000 hp, 339 mana
1011: 138.5 dps, 4000 hp, 339 mana
1012: 138.3 dps, 4000 hp, 339 mana
1013: 138.2 dps, 4000 hp, 339 mana
1014: 138.1 dps, 4000 hp, 376 mana
1015: 137.9 dps, 4000 hp, 376 mana
1016: 137.8 dps, 4000 hp, 376 mana
1017: 137.7 dps, 4000 hp, 376 mana
1018: 137.5 dps, 4000 hp, 376 mana
1019: 137.4 dps, 4000 hp, 376 mana
1020: startcast CH
1020: 137.3 dps, 4000 hp, 413 mana
1021: 137.1 dps, 4000 hp, 413 mana
1022: 137.0 dps, 4000 hp, 413 mana
1023: 136.9 dps, 4000 hp, 413 mana
1024: 136.7 dps, 4000 hp, 413 mana
1025: 136.6 dps, 4000 hp, 413 mana
1026: 136.5 dps, 4000 hp, 430 mana
1027: 136.3 dps, 4000 hp, 430 mana
1028: 136.2 dps, 4000 hp, 430 mana
1029: 136.1 dps, 4000 hp, 430 mana
1030: CH tick
1030: finished casting CH
1030: 139.8 dps, 4000 hp, 190 mana
1031: 139.7 dps, 4000 hp, 190 mana
1032: 139.5 dps, 4000 hp, 207 mana
1033: 139.4 dps, 4000 hp, 207 mana
1034: 139.3 dps, 4000 hp, 207 mana
1035: 139.1 dps, 4000 hp, 207 mana
1036: 139.0 dps, 4000 hp, 207 mana
1037: 138.9 dps, 4000 hp, 207 mana
1038: 138.7 dps, 4000 hp, 244 mana
1039: 138.6 dps, 4000 hp, 244 mana
1040: 138.5 dps, 4000 hp, 244 mana
1041: 138.3 dps, 4000 hp, 244 mana
1042: 138.2 dps, 4000 hp, 244 mana
1043: 138.1 dps, 4000 hp, 244 mana
1044: 137.9 dps, 4000 hp, 281 mana
1045: 137.8 dps, 4000 hp, 281 mana
1046: 137.7 dps, 4000 hp, 281 mana
1047: 137.5 dps, 4000 hp, 281 mana
1048: 137.4 dps, 4000 hp, 281 mana
1049: 137.3 dps, 4000 hp, 281 mana
1050: 137.1 dps, 4000 hp, 318 mana
1051: 137.0 dps, 4000 hp, 318 mana
1052: 136.9 dps, 4000 hp, 318 mana
1053: 136.8 dps, 4000 hp, 318 mana
1054: 136.6 dps, 4000 hp, 318 mana
1055: 136.5 dps, 4000 hp, 318 mana
1056: 136.4 dps, 4000 hp, 355 mana
1057: 136.2 dps, 4000 hp, 355 mana
1058: 136.1 dps, 4000 hp, 355 mana
1059: 136.0 dps, 4000 hp, 355 mana
1060: 135.8 dps, 4000 hp, 355 mana
1061: 135.7 dps, 4000 hp, 355 mana
1062: 135.6 dps, 4000 hp, 392 mana
1063: 135.5 dps, 4000 hp, 392 mana
1064: 135.3 dps, 4000 hp, 392 mana
1065: 135.2 dps, 4000 hp, 392 mana
1066: 135.1 dps, 4000 hp, 392 mana
1067: 135.0 dps, 4000 hp, 392 mana
1068: startcast CH
1068: 134.8 dps, 4000 hp, 429 mana
1069: 134.7 dps, 4000 hp, 429 mana
1070: 134.6 dps, 4000 hp, 429 mana
1071: 134.5 dps, 4000 hp, 429 mana
1072: 134.3 dps, 4000 hp, 429 mana
1073: 134.2 dps, 4000 hp, 429 mana
1074: 134.1 dps, 4000 hp, 446 mana
1075: 134.0 dps, 4000 hp, 446 mana
1076: 133.8 dps, 4000 hp, 446 mana
1077: 133.7 dps, 4000 hp, 446 mana
1078: CH tick
1078: finished casting CH
1078: 137.3 dps, 4000 hp, 206 mana
1079: 137.2 dps, 4000 hp, 206 mana
1080: 137.0 dps, 4000 hp, 223 mana
1081: 136.9 dps, 4000 hp, 223 mana
1082: 136.8 dps, 4000 hp, 223 mana
1083: 136.7 dps, 4000 hp, 223 mana
1084: 136.5 dps, 4000 hp, 223 mana
1085: 136.4 dps, 4000 hp, 223 mana
1086: 136.3 dps, 4000 hp, 260 mana
1087: 136.2 dps, 4000 hp, 260 mana
1088: 136.0 dps, 4000 hp, 260 mana
1089: 135.9 dps, 4000 hp, 260 mana
1090: 135.8 dps, 4000 hp, 260 mana
1091: 135.7 dps, 4000 hp, 260 mana
1092: 135.5 dps, 4000 hp, 297 mana
1093: 135.4 dps, 4000 hp, 297 mana
1094: 135.3 dps, 4000 hp, 297 mana
1095: 135.2 dps, 4000 hp, 297 mana
1096: 135.0 dps, 4000 hp, 297 mana
1097: 134.9 dps, 4000 hp, 297 mana
1098: 134.8 dps, 4000 hp, 334 mana
1099: 134.7 dps, 4000 hp, 334 mana
1100: 134.5 dps, 4000 hp, 334 mana
1101: 134.4 dps, 4000 hp, 334 mana
1102: 134.3 dps, 4000 hp, 334 mana
1103: 134.2 dps, 4000 hp, 334 mana
1104: 134.1 dps, 4000 hp, 371 mana
1105: 133.9 dps, 4000 hp, 371 mana
1106: 133.8 dps, 4000 hp, 371 mana
1107: 133.7 dps, 4000 hp, 371 mana
1108: 133.6 dps, 4000 hp, 371 mana
1109: 133.5 dps, 4000 hp, 371 mana
1110: startcast CH
1110: 133.3 dps, 4000 hp, 408 mana
1111: 133.2 dps, 4000 hp, 408 mana
1112: 133.1 dps, 4000 hp, 408 mana
1113: 133.0 dps, 4000 hp, 408 mana
1114: 132.9 dps, 4000 hp, 408 mana
1115: 132.7 dps, 4000 hp, 408 mana
1116: 132.6 dps, 4000 hp, 425 mana
1117: 132.5 dps, 4000 hp, 425 mana
1118: 132.4 dps, 4000 hp, 425 mana
1119: 132.3 dps, 4000 hp, 425 mana
1120: CH tick
1120: finished casting CH
1120: 135.7 dps, 4000 hp, 185 mana
1121: 135.6 dps, 4000 hp, 185 mana
1122: 135.5 dps, 4000 hp, 202 mana
1123: 135.4 dps, 4000 hp, 202 mana
1124: 135.2 dps, 4000 hp, 202 mana
1125: 135.1 dps, 4000 hp, 202 mana
1126: 135.0 dps, 4000 hp, 202 mana
1127: 134.9 dps, 4000 hp, 202 mana
1128: 134.8 dps, 4000 hp, 239 mana
1129: 134.6 dps, 4000 hp, 239 mana
1130: 134.5 dps, 4000 hp, 239 mana
1131: 134.4 dps, 4000 hp, 239 mana
1132: 134.3 dps, 4000 hp, 239 mana
1133: 134.2 dps, 4000 hp, 239 mana
1134: 134.0 dps, 4000 hp, 276 mana
1135: 133.9 dps, 4000 hp, 276 mana
1136: 133.8 dps, 4000 hp, 276 mana
1137: 133.7 dps, 4000 hp, 276 mana
1138: 133.6 dps, 4000 hp, 276 mana
1139: 133.5 dps, 4000 hp, 276 mana
1140: 133.3 dps, 4000 hp, 313 mana
1141: 133.2 dps, 4000 hp, 313 mana
1142: 133.1 dps, 4000 hp, 313 mana
1143: 133.0 dps, 4000 hp, 313 mana
1144: 132.9 dps, 4000 hp, 313 mana
1145: 132.8 dps, 4000 hp, 313 mana
1146: 132.6 dps, 4000 hp, 350 mana
1147: 132.5 dps, 4000 hp, 350 mana
1148: 132.4 dps, 4000 hp, 350 mana
1149: 132.3 dps, 4000 hp, 350 mana
1150: 132.2 dps, 4000 hp, 350 mana
1151: 132.1 dps, 4000 hp, 350 mana
1152: 131.9 dps, 4000 hp, 387 mana
1153: 131.8 dps, 4000 hp, 387 mana
1154: 131.7 dps, 4000 hp, 387 mana
1155: 131.6 dps, 4000 hp, 387 mana
1156: 131.5 dps, 4000 hp, 387 mana
1157: 131.4 dps, 4000 hp, 387 mana
1158: startcast CH
1158: 131.3 dps, 4000 hp, 424 mana
1159: 131.1 dps, 4000 hp, 424 mana
1160: 131.0 dps, 4000 hp, 424 mana
1161: 130.9 dps, 4000 hp, 424 mana
1162: 130.8 dps, 4000 hp, 424 mana
1163: 130.7 dps, 4000 hp, 424 mana
1164: 130.6 dps, 4000 hp, 441 mana
1165: 130.5 dps, 4000 hp, 441 mana
1166: 130.4 dps, 4000 hp, 441 mana
1167: 130.2 dps, 4000 hp, 441 mana
1168: CH tick
1168: finished casting CH
1168: 133.6 dps, 4000 hp, 201 mana
1169: 133.4 dps, 4000 hp, 201 mana
1170: 133.3 dps, 4000 hp, 218 mana
1171: 133.2 dps, 4000 hp, 218 mana
1172: 133.1 dps, 4000 hp, 218 mana
1173: 133.0 dps, 4000 hp, 218 mana
1174: 132.9 dps, 4000 hp, 218 mana
1175: 132.8 dps, 4000 hp, 218 mana
1176: 132.7 dps, 4000 hp, 255 mana
1177: 132.5 dps, 4000 hp, 255 mana
1178: 132.4 dps, 4000 hp, 255 mana
1179: 132.3 dps, 4000 hp, 255 mana
1180: 132.2 dps, 4000 hp, 255 mana
1181: 132.1 dps, 4000 hp, 255 mana
1182: 132.0 dps, 4000 hp, 292 mana
1183: 131.9 dps, 4000 hp, 292 mana
1184: 131.8 dps, 4000 hp, 292 mana
1185: 131.6 dps, 4000 hp, 292 mana
1186: 131.5 dps, 4000 hp, 292 mana
1187: 131.4 dps, 4000 hp, 292 mana
1188: 131.3 dps, 4000 hp, 329 mana
1189: 131.2 dps, 4000 hp, 329 mana
1190: 131.1 dps, 4000 hp, 329 mana
1191: 131.0 dps, 4000 hp, 329 mana
1192: 130.9 dps, 4000 hp, 329 mana
1193: 130.8 dps, 4000 hp, 329 mana
1194: 130.7 dps, 4000 hp, 366 mana
1195: 130.5 dps, 4000 hp, 366 mana
1196: 130.4 dps, 4000 hp, 366 mana
1197: 130.3 dps, 4000 hp, 366 mana
1198: 130.2 dps, 4000 hp, 366 mana
1199: 130.1 dps, 4000 hp, 366 mana
1200: startcast CH
1200: 130.0 dps, 4000 hp, 403 mana
