951597530::Disease Cloud::9::Conjuration::10::1.5::DD+DOT::Disease::5 points Direct Damage followed by a 1 point per tick DoT::admin
951598127::Sense the Dead::9::Divination::5::2.0::Detect::N/A::Detects any undead beings in the area::admin
951598231::Invisibility Versus Undead::9::Divination::40::4.0::Invis::N/A::Makes your target(group only) invisible to undead beings::admin
951598549::Lifetap::9::Alteration::18::1.5::Lifetap::Magic::Lifetaps 5 hp from your opponent and gives it to you::admin
951598600::Locate Corpse::9::Divination::5::1.5::Detect::N/A::Points you in the direction of the person targetted's nearest corpse::admin
951598676::Siphon Strength::9::Alteration::5::1.5::Siphon::Magic::Drains 10 strength from your opponent and gives to you::admin
951598730::Leering Corpse::9::Conjuration::40::6.0::Pet::N/A::Creates a level 1 skeletal pet. Reqs bone chips.::admin
951598866::Endure Cold::15::Abjuration::20::2.5::Buff::N/A::Adds 20 to your targets cold resistance.::admin
951598960::Fear::15::Alteration::40::3.5::Fear::Magic::Causes your target to run away in fear::admin
951599183::Numb the Dead::15::Abjuration::20::2.0::Calm::Magic::Lowers the aggression(calms) on an undead being. Reqs bone chips::admin
951599262::Bone Walk::15::Conjuration::8::7.0::Pet::N/A::Creates a level 3-5ish skeletal pet. Reqs bone chips::admin
951599518::Shadow Step::15::Alteration::10::1.0::Teleport::N/A::Teleports the caster to a random distance about 5 seconds away from their current one::admin
951599610::Lifespike::15::Alteration::36::1.75::Lifetap::Magic::Lifetaps 11 hit points from your opponent and gives them to you::admin
951599929::Spook the Dead::22::Alteration::10::2.0::Fear::Magic::Causes an undead target to run away in fear::admin
951599983::Ward Undead::22::Evocation::30::3.0::DD::Magic::Does 41 points direct damage to undead beings::admin
951600058::Deadeye::22::Divination::35::3.0::Sight::N/A::Allows the caster(only) to see invisible beings::admin
951600247::Dark Empathy::22::Alteration::20::4.0::Donate::N/A::Transfers hit points from caster to target::admin
951600315::Clinging Darkness::15::Alteration::20::1.75::DOT+Snare::Magic::5 point per tick DOT that also slows your opponents running speed::admin
951600392::Engulfing Darkness::22::Conjuration::60::2.5::DOT+Snare::Magic::11 point per tick damage over time and slows your opponent::admin
951600682::Vampiric Embrace::22::Alteration::30::3.0::Special::Magic::Random lifetap on for (level/2)+1 hit points on any target you are attacking::admin
951600739::Convoke Shadow::22::Conjuration::120::8.0::Pet::N/A::Summons a level 7-9ish skeletal pet. Reqs bone chips::admin
951600789::Endure Disease::30::Abjuration::20::2.5::Buff::N/A::Adds 20 to your targets disease resistance::admin
951600867::Heat Blood::30::Alteration::72::2.5::DOT::Fire::18 point per tick DOT spell::admin
951601008::Wave of Enfeeblement::30::Alteration::40::2.5::Drain::Magic::Area effect 15 point strength drain::admin
951601076::Feign Death::30::Abjuration::60::1.5::Special::N/A::Allows a user to feign death to escape danger. ::admin
951601172::Lifedraw::30::Alteration::126::2.5::Lifetap::Magic::Drains 45 hit points from your target and gives them to you::admin
951601229::Restless Bones::30::Conjuration::160::9.0::Pet::N/A::Creates a level 12-14ish skeletal pet. Reqs bone chips::admin
951601270::Gather Shadows::30::Divination::35::5.0::Invis::N/A::Self only invisibility spell::admin
951601340::Cancel Magic::39::Abjuration::30::3.5::Special::N/A::Cancels a random magical effect from the target::admin
951601378::Resist Cold::39::Abjuration::50::4.5::Buff::N/A::Adds 40 to your targets cold resistance::admin
951601444::Expulse Undead::39::Evocation::60::2.75::DD::Magic::Does 94 points direct damage to undead beings::admin
951601532::Shieldskin::39::Abjuration::41::3.5::Buff::N/A::Creates a 50 point melee damage absorbing shield around the caster. Reqs cats eye agate::admin
951601607::Shadow Vortex::39::Alteration::40::1.5::Siphon::Magic::Siphons 12 armor class from your opponent and gives it to you::admin
951601657::Animate Dead::39::Conjuration::200::10.0::Pet::N/A::Summons a level 14-18 skeletal pet. Reqs bone chips::admin
951601801::Heart Flutter::39::Alteration::80::2.75::Drain+DOT::Disease::Drains your targets strength and armor class and also does damage over time::admin
951601851::Shadow Sight::49::Divination::50::3.0::Sight::N/A::Grants the caster ultravision::admin
951601906::Dismiss Undead::49::Evocation::90::3.3::DD::Magic::Does 162 points direct damage to undead beings::admin
951601962::Invoke Fear::49::Alteration::100::2.5::Fear::Magic::Causes your target to run away in fear. Has longer duration and shorter cast time than level 15 fear.::admin
951602026::Word of Spirit::49::Evocation::133::3.5::PBAE::Magic::103 point area effect spell centered around the caster::admin
951602069::Summon Dead::49::Conjuration::290::12.0::Pet::N/A::Creates a level 22-25ish(brown) skeletal pet that dual wields. Reqs bone chips::admin
951602266::Breath of the Dead::49::Alteration::45::2.5::Special::N/A::Self only water breathing spell. Reqs fish scales::admin
951602389::Life Leech::49::Alteration::315::2.5::Lifetap::Magic::Drains 280 hit points from your target and gives to you. Quest spell.::admin
951602487::Dooming Darkness::49::Conjuration::120::4.0::DOT+Snare::Magic::20 points per tick damage over time spell which also slows your opponents run speed::admin
