1: startcast moonfire
1: 0.0 dps, 4000 hp, 4000 mana
2: 0.0 dps, 4000 hp, 4000 mana
3: 0.0 dps, 4000 hp, 4000 mana
4: 0.0 dps, 4000 hp, 4000 mana
5: 0.0 dps, 4000 hp, 4000 mana
6: 0.0 dps, 4000 hp, 4000 mana
7: moonfire tick
7: finished casting moonfire
7: 193.4 dps, 4000 hp, 3728 mana
8: 169.2 dps, 4000 hp, 3728 mana
9: 150.4 dps, 4000 hp, 3728 mana
10: startcast moonfire
10: 135.4 dps, 4000 hp, 3728 mana
11: 123.1 dps, 4000 hp, 3728 mana
12: 112.8 dps, 4000 hp, 3746 mana
13: 104.1 dps, 4000 hp, 3746 mana
14: 96.7 dps, 4000 hp, 3746 mana
15: 90.2 dps, 4000 hp, 3746 mana
16: moonfire tick
16: finished casting moonfire
16: 169.2 dps, 4000 hp, 3474 mana
17: 159.2 dps, 4000 hp, 3474 mana
18: 150.4 dps, 4000 hp, 3492 mana
19: startcast moonfire
19: 142.5 dps, 4000 hp, 3492 mana
20: 135.4 dps, 4000 hp, 3492 mana
21: 128.9 dps, 4000 hp, 3492 mana
22: 123.1 dps, 4000 hp, 3492 mana
23: 117.7 dps, 4000 hp, 3492 mana
24: 112.8 dps, 4000 hp, 3510 mana
25: moonfire tick
25: finished casting moonfire
25: 162.4 dps, 4000 hp, 3238 mana
26: 156.2 dps, 4000 hp, 3238 mana
27: 150.4 dps, 4000 hp, 3238 mana
28: startcast moonfire
28: 145.0 dps, 4000 hp, 3238 mana
29: 140.0 dps, 4000 hp, 3238 mana
30: 135.4 dps, 4000 hp, 3256 mana
31: 131.0 dps, 4000 hp, 3256 mana
32: 126.9 dps, 4000 hp, 3256 mana
33: 123.1 dps, 4000 hp, 3256 mana
34: moonfire tick
34: finished casting moonfire
34: 159.2 dps, 4000 hp, 2984 mana
35: 154.7 dps, 4000 hp, 2984 mana
36: 150.4 dps, 4000 hp, 3002 mana
37: startcast moonfire
37: 146.3 dps, 4000 hp, 3002 mana
38: 142.5 dps, 4000 hp, 3002 mana
39: 138.8 dps, 4000 hp, 3002 mana
40: 135.4 dps, 4000 hp, 3002 mana
41: 132.1 dps, 4000 hp, 3002 mana
42: 128.9 dps, 4000 hp, 3020 mana
43: moonfire tick
43: finished casting moonfire
43: 157.4 dps, 4000 hp, 2748 mana
44: 153.8 dps, 4000 hp, 2748 mana
45: 150.4 dps, 4000 hp, 2748 mana
46: startcast moonfire
46: 147.1 dps, 4000 hp, 2748 mana
47: 144.0 dps, 4000 hp, 2748 mana
48: 141.0 dps, 4000 hp, 2766 mana
49: 138.1 dps, 4000 hp, 2766 mana
50: 135.4 dps, 4000 hp, 2766 mana
51: 132.7 dps, 4000 hp, 2766 mana
52: moonfire tick
52: finished casting moonfire
52: 156.2 dps, 4000 hp, 2494 mana
53: 153.2 dps, 4000 hp, 2494 mana
54: 150.4 dps, 4000 hp, 2512 mana
55: startcast moonfire
55: 147.7 dps, 4000 hp, 2512 mana
56: 145.0 dps, 4000 hp, 2512 mana
57: 142.5 dps, 4000 hp, 2512 mana
58: 140.0 dps, 4000 hp, 2512 mana
59: 137.6 dps, 4000 hp, 2512 mana
60: 135.4 dps, 4000 hp, 2530 mana
61: moonfire tick
61: finished casting moonfire
61: 155.3 dps, 4000 hp, 2258 mana
62: 152.8 dps, 4000 hp, 2258 mana
63: 150.4 dps, 4000 hp, 2258 mana
64: startcast moonfire
64: 148.0 dps, 4000 hp, 2258 mana
65: 145.8 dps, 4000 hp, 2258 mana
66: 143.6 dps, 4000 hp, 2276 mana
67: 141.4 dps, 4000 hp, 2276 mana
68: 139.3 dps, 4000 hp, 2276 mana
69: 137.3 dps, 4000 hp, 2276 mana
70: moonfire tick
70: finished casting moonfire
70: 154.7 dps, 4000 hp, 2004 mana
71: 152.5 dps, 4000 hp, 2004 mana
72: 150.4 dps, 4000 hp, 2022 mana
73: startcast moonfire
73: 148.3 dps, 4000 hp, 2022 mana
74: 146.3 dps, 4000 hp, 2022 mana
75: 144.4 dps, 4000 hp, 2022 mana
76: 142.5 dps, 4000 hp, 2022 mana
77: 140.6 dps, 4000 hp, 2022 mana
78: 138.8 dps, 4000 hp, 2040 mana
79: moonfire tick
79: finished casting moonfire
79: 154.2 dps, 4000 hp, 1768 mana
80: 152.3 dps, 4000 hp, 1768 mana
81: 150.4 dps, 4000 hp, 1768 mana
82: startcast moonfire
82: 148.6 dps, 4000 hp, 1768 mana
83: 146.8 dps, 4000 hp, 1768 mana
84: 145.0 dps, 4000 hp, 1786 mana
85: 143.3 dps, 4000 hp, 1786 mana
86: 141.7 dps, 4000 hp, 1786 mana
87: 140.0 dps, 4000 hp, 1786 mana
88: moonfire tick
88: finished casting moonfire
88: 153.8 dps, 4000 hp, 1514 mana
89: 152.1 dps, 4000 hp, 1514 mana
90: 150.4 dps, 4000 hp, 1532 mana
91: startcast moonfire
91: 148.7 dps, 4000 hp, 1532 mana
92: 147.1 dps, 4000 hp, 1532 mana
93: 145.5 dps, 4000 hp, 1532 mana
94: 144.0 dps, 4000 hp, 1532 mana
95: 142.5 dps, 4000 hp, 1532 mana
96: 141.0 dps, 4000 hp, 1550 mana
97: moonfire tick
97: finished casting moonfire
97: 153.5 dps, 4000 hp, 1278 mana
98: 151.9 dps, 4000 hp, 1278 mana
99: 150.4 dps, 4000 hp, 1278 mana
100: startcast moonfire
100: 148.9 dps, 4000 hp, 1278 mana
101: 147.4 dps, 4000 hp, 1278 mana
102: 146.0 dps, 4000 hp, 1296 mana
103: 144.6 dps, 4000 hp, 1296 mana
104: 143.2 dps, 4000 hp, 1296 mana
105: 141.8 dps, 4000 hp, 1296 mana
106: moonfire tick
106: finished casting moonfire
106: 153.2 dps, 4000 hp, 1024 mana
107: 151.8 dps, 4000 hp, 1024 mana
108: 150.4 dps, 4000 hp, 1042 mana
109: startcast moonfire
109: 149.0 dps, 4000 hp, 1042 mana
110: 147.7 dps, 4000 hp, 1042 mana
111: 146.3 dps, 4000 hp, 1042 mana
112: 145.0 dps, 4000 hp, 1042 mana
113: 143.7 dps, 4000 hp, 1042 mana
114: 142.5 dps, 4000 hp, 1060 mana
115: moonfire tick
115: finished casting moonfire
115: 153.0 dps, 4000 hp, 788 mana
116: 151.7 dps, 4000 hp, 788 mana
117: 150.4 dps, 4000 hp, 788 mana
118: startcast moonfire
118: 149.1 dps, 4000 hp, 788 mana
119: 147.9 dps, 4000 hp, 788 mana
120: 146.6 dps, 4000 hp, 806 mana
121: 145.4 dps, 4000 hp, 806 mana
122: 144.2 dps, 4000 hp, 806 mana
123: 143.1 dps, 4000 hp, 806 mana
124: moonfire tick
124: finished casting moonfire
124: 152.8 dps, 4000 hp, 534 mana
125: 151.6 dps, 4000 hp, 534 mana
126: 150.4 dps, 4000 hp, 552 mana
127: startcast moonfire
127: 149.2 dps, 4000 hp, 552 mana
128: 148.0 dps, 4000 hp, 552 mana
129: 146.9 dps, 4000 hp, 552 mana
130: 145.8 dps, 4000 hp, 552 mana
131: 144.7 dps, 4000 hp, 552 mana
132: 143.6 dps, 4000 hp, 570 mana
133: moonfire tick
133: finished casting moonfire
133: 152.7 dps, 4000 hp, 298 mana
134: 151.5 dps, 4000 hp, 298 mana
135: 150.4 dps, 4000 hp, 298 mana
136: 149.3 dps, 4000 hp, 298 mana
137: 148.2 dps, 4000 hp, 298 mana
138: startcast moonfire
138: 147.1 dps, 4000 hp, 336 mana
139: 146.1 dps, 4000 hp, 336 mana
140: 145.0 dps, 4000 hp, 336 mana
141: 144.0 dps, 4000 hp, 336 mana
142: 143.0 dps, 4000 hp, 336 mana
143: 142.0 dps, 4000 hp, 336 mana
144: moonfire tick
144: finished casting moonfire
144: 150.4 dps, 4000 hp, 82 mana
145: 149.4 dps, 4000 hp, 82 mana
146: 148.3 dps, 4000 hp, 82 mana
147: 147.3 dps, 4000 hp, 82 mana
148: 146.3 dps, 4000 hp, 82 mana
149: 145.3 dps, 4000 hp, 82 mana
150: 144.4 dps, 4000 hp, 120 mana
151: 143.4 dps, 4000 hp, 120 mana
152: 142.5 dps, 4000 hp, 120 mana
153: 141.5 dps, 4000 hp, 120 mana
154: 140.6 dps, 4000 hp, 120 mana
155: 139.7 dps, 4000 hp, 120 mana
156: 138.8 dps, 4000 hp, 158 mana
157: 137.9 dps, 4000 hp, 158 mana
158: 137.1 dps, 4000 hp, 158 mana
159: 136.2 dps, 4000 hp, 158 mana
160: 135.4 dps, 4000 hp, 158 mana
161: 134.5 dps, 4000 hp, 158 mana
162: 133.7 dps, 4000 hp, 196 mana
163: 132.9 dps, 4000 hp, 196 mana
164: 132.1 dps, 4000 hp, 196 mana
165: 131.3 dps, 4000 hp, 196 mana
166: 130.5 dps, 4000 hp, 196 mana
167: 129.7 dps, 4000 hp, 196 mana
168: 128.9 dps, 4000 hp, 234 mana
169: 128.1 dps, 4000 hp, 234 mana
170: 127.4 dps, 4000 hp, 234 mana
171: 126.6 dps, 4000 hp, 234 mana
172: 125.9 dps, 4000 hp, 234 mana
173: 125.2 dps, 4000 hp, 234 mana
174: 124.5 dps, 4000 hp, 272 mana
175: 123.8 dps, 4000 hp, 272 mana
176: 123.0 dps, 4000 hp, 272 mana
177: 122.4 dps, 4000 hp, 272 mana
178: 121.7 dps, 4000 hp, 272 mana
179: 121.0 dps, 4000 hp, 272 mana
180: 120.3 dps, 4000 hp, 310 mana
181: 119.7 dps, 4000 hp, 310 mana
182: 119.0 dps, 4000 hp, 310 mana
183: 118.3 dps, 4000 hp, 310 mana
184: 117.7 dps, 4000 hp, 310 mana
185: 117.1 dps, 4000 hp, 310 mana
186: startcast moonfire
186: 116.4 dps, 4000 hp, 348 mana
187: 115.8 dps, 4000 hp, 348 mana
188: 115.2 dps, 4000 hp, 348 mana
189: 114.6 dps, 4000 hp, 348 mana
190: 114.0 dps, 4000 hp, 348 mana
191: 113.4 dps, 4000 hp, 348 mana
192: moonfire tick
192: finished casting moonfire
192: 119.8 dps, 4000 hp, 94 mana
193: 119.2 dps, 4000 hp, 94 mana
194: 118.6 dps, 4000 hp, 94 mana
195: 118.0 dps, 4000 hp, 94 mana
196: 117.4 dps, 4000 hp, 94 mana
197: 116.8 dps, 4000 hp, 94 mana
198: 116.2 dps, 4000 hp, 132 mana
199: 115.6 dps, 4000 hp, 132 mana
200: 115.1 dps, 4000 hp, 132 mana
201: 114.5 dps, 4000 hp, 132 mana
202: 113.9 dps, 4000 hp, 132 mana
203: 113.4 dps, 4000 hp, 132 mana
204: 112.8 dps, 4000 hp, 170 mana
205: 112.2 dps, 4000 hp, 170 mana
206: 111.7 dps, 4000 hp, 170 mana
207: 111.2 dps, 4000 hp, 170 mana
208: 110.6 dps, 4000 hp, 170 mana
209: 110.1 dps, 4000 hp, 170 mana
210: 109.6 dps, 4000 hp, 208 mana
211: 109.1 dps, 4000 hp, 208 mana
212: 108.5 dps, 4000 hp, 208 mana
213: 108.0 dps, 4000 hp, 208 mana
214: 107.5 dps, 4000 hp, 208 mana
215: 107.0 dps, 4000 hp, 208 mana
216: 106.5 dps, 4000 hp, 246 mana
217: 106.0 dps, 4000 hp, 246 mana
218: 105.6 dps, 4000 hp, 246 mana
219: 105.1 dps, 4000 hp, 246 mana
220: 104.6 dps, 4000 hp, 246 mana
221: 104.1 dps, 4000 hp, 246 mana
222: 103.7 dps, 4000 hp, 284 mana
223: 103.2 dps, 4000 hp, 284 mana
224: 102.7 dps, 4000 hp, 284 mana
225: 102.3 dps, 4000 hp, 284 mana
226: 101.8 dps, 4000 hp, 284 mana
227: 101.4 dps, 4000 hp, 284 mana
228: startcast moonfire
228: 100.9 dps, 4000 hp, 322 mana
229: 100.5 dps, 4000 hp, 322 mana
230: 100.0 dps, 4000 hp, 322 mana
231: 99.6 dps, 4000 hp, 322 mana
232: 99.2 dps, 4000 hp, 322 mana
233: 98.8 dps, 4000 hp, 322 mana
234: moonfire tick
234: finished casting moonfire
234: 104.1 dps, 4000 hp, 68 mana
235: 103.7 dps, 4000 hp, 68 mana
236: 103.2 dps, 4000 hp, 68 mana
237: 102.8 dps, 4000 hp, 68 mana
238: 102.4 dps, 4000 hp, 68 mana
239: 101.9 dps, 4000 hp, 68 mana
240: 101.5 dps, 4000 hp, 106 mana
241: 101.1 dps, 4000 hp, 106 mana
242: 100.7 dps, 4000 hp, 106 mana
243: 100.3 dps, 4000 hp, 106 mana
244: 99.9 dps, 4000 hp, 106 mana
245: 99.4 dps, 4000 hp, 106 mana
246: 99.0 dps, 4000 hp, 144 mana
247: 98.6 dps, 4000 hp, 144 mana
248: 98.2 dps, 4000 hp, 144 mana
249: 97.8 dps, 4000 hp, 144 mana
250: 97.5 dps, 4000 hp, 144 mana
251: 97.1 dps, 4000 hp, 144 mana
252: 96.7 dps, 4000 hp, 182 mana
253: 96.3 dps, 4000 hp, 182 mana
254: 95.9 dps, 4000 hp, 182 mana
255: 95.5 dps, 4000 hp, 182 mana
256: 95.2 dps, 4000 hp, 182 mana
257: 94.8 dps, 4000 hp, 182 mana
258: 94.4 dps, 4000 hp, 220 mana
259: 94.1 dps, 4000 hp, 220 mana
260: 93.7 dps, 4000 hp, 220 mana
261: 93.3 dps, 4000 hp, 220 mana
262: 93.0 dps, 4000 hp, 220 mana
263: 92.6 dps, 4000 hp, 220 mana
264: 92.3 dps, 4000 hp, 258 mana
265: 91.9 dps, 4000 hp, 258 mana
266: 91.6 dps, 4000 hp, 258 mana
267: 91.3 dps, 4000 hp, 258 mana
268: 90.9 dps, 4000 hp, 258 mana
269: 90.6 dps, 4000 hp, 258 mana
270: 90.2 dps, 4000 hp, 296 mana
271: 89.9 dps, 4000 hp, 296 mana
272: 89.6 dps, 4000 hp, 296 mana
273: 89.2 dps, 4000 hp, 296 mana
274: 88.9 dps, 4000 hp, 296 mana
275: 88.6 dps, 4000 hp, 296 mana
276: startcast moonfire
276: 88.3 dps, 4000 hp, 334 mana
277: 88.0 dps, 4000 hp, 334 mana
278: 87.6 dps, 4000 hp, 334 mana
279: 87.3 dps, 4000 hp, 334 mana
280: 87.0 dps, 4000 hp, 334 mana
281: 86.7 dps, 4000 hp, 334 mana
282: moonfire tick
282: finished casting moonfire
282: 91.2 dps, 4000 hp, 80 mana
283: 90.9 dps, 4000 hp, 80 mana
284: 90.6 dps, 4000 hp, 80 mana
285: 90.2 dps, 4000 hp, 80 mana
286: 89.9 dps, 4000 hp, 80 mana
287: 89.6 dps, 4000 hp, 80 mana
288: 89.3 dps, 4000 hp, 118 mana
289: 89.0 dps, 4000 hp, 118 mana
290: 88.7 dps, 4000 hp, 118 mana
291: 88.4 dps, 4000 hp, 118 mana
292: 88.1 dps, 4000 hp, 118 mana
293: 87.8 dps, 4000 hp, 118 mana
294: 87.5 dps, 4000 hp, 156 mana
295: 87.2 dps, 4000 hp, 156 mana
296: 86.9 dps, 4000 hp, 156 mana
297: 86.6 dps, 4000 hp, 156 mana
298: 86.3 dps, 4000 hp, 156 mana
299: 86.0 dps, 4000 hp, 156 mana
300: 85.7 dps, 4000 hp, 194 mana
301: 85.4 dps, 4000 hp, 194 mana
302: 85.2 dps, 4000 hp, 194 mana
303: 84.9 dps, 4000 hp, 194 mana
304: 84.6 dps, 4000 hp, 194 mana
305: 84.3 dps, 4000 hp, 194 mana
306: 84.0 dps, 4000 hp, 232 mana
307: 83.8 dps, 4000 hp, 232 mana
308: 83.5 dps, 4000 hp, 232 mana
309: 83.2 dps, 4000 hp, 232 mana
310: 83.0 dps, 4000 hp, 232 mana
311: 82.7 dps, 4000 hp, 232 mana
312: 82.4 dps, 4000 hp, 270 mana
313: 82.2 dps, 4000 hp, 270 mana
314: 81.9 dps, 4000 hp, 270 mana
315: 81.6 dps, 4000 hp, 270 mana
316: 81.4 dps, 4000 hp, 270 mana
317: 81.1 dps, 4000 hp, 270 mana
318: 80.9 dps, 4000 hp, 308 mana
319: 80.6 dps, 4000 hp, 308 mana
320: 80.4 dps, 4000 hp, 308 mana
321: 80.1 dps, 4000 hp, 308 mana
322: 79.9 dps, 4000 hp, 308 mana
323: 79.6 dps, 4000 hp, 308 mana
324: startcast moonfire
324: 79.4 dps, 4000 hp, 346 mana
325: 79.1 dps, 4000 hp, 346 mana
326: 78.9 dps, 4000 hp, 346 mana
327: 78.6 dps, 4000 hp, 346 mana
328: 78.4 dps, 4000 hp, 346 mana
329: 78.2 dps, 4000 hp, 346 mana
330: moonfire tick
330: finished casting moonfire
330: 82.0 dps, 4000 hp, 92 mana
331: 81.8 dps, 4000 hp, 92 mana
332: 81.5 dps, 4000 hp, 92 mana
333: 81.3 dps, 4000 hp, 92 mana
334: 81.1 dps, 4000 hp, 92 mana
335: 80.8 dps, 4000 hp, 92 mana
336: 80.6 dps, 4000 hp, 130 mana
337: 80.3 dps, 4000 hp, 130 mana
338: 80.1 dps, 4000 hp, 130 mana
339: 79.9 dps, 4000 hp, 130 mana
340: 79.6 dps, 4000 hp, 130 mana
341: 79.4 dps, 4000 hp, 130 mana
342: 79.2 dps, 4000 hp, 168 mana
343: 78.9 dps, 4000 hp, 168 mana
344: 78.7 dps, 4000 hp, 168 mana
345: 78.5 dps, 4000 hp, 168 mana
346: 78.2 dps, 4000 hp, 168 mana
347: 78.0 dps, 4000 hp, 168 mana
348: 77.8 dps, 4000 hp, 206 mana
349: 77.6 dps, 4000 hp, 206 mana
350: 77.3 dps, 4000 hp, 206 mana
351: 77.1 dps, 4000 hp, 206 mana
352: 76.9 dps, 4000 hp, 206 mana
353: 76.7 dps, 4000 hp, 206 mana
354: 76.5 dps, 4000 hp, 244 mana
355: 76.3 dps, 4000 hp, 244 mana
356: 76.0 dps, 4000 hp, 244 mana
357: 75.8 dps, 4000 hp, 244 mana
358: 75.6 dps, 4000 hp, 244 mana
359: 75.4 dps, 4000 hp, 244 mana
360: 75.2 dps, 4000 hp, 282 mana
361: 75.0 dps, 4000 hp, 282 mana
362: 74.8 dps, 4000 hp, 282 mana
363: 74.6 dps, 4000 hp, 282 mana
364: 74.4 dps, 4000 hp, 282 mana
365: 74.2 dps, 4000 hp, 282 mana
366: startcast moonfire
366: 74.0 dps, 4000 hp, 320 mana
367: 73.8 dps, 4000 hp, 320 mana
368: 73.6 dps, 4000 hp, 320 mana
369: 73.4 dps, 4000 hp, 320 mana
370: 73.2 dps, 4000 hp, 320 mana
371: 73.0 dps, 4000 hp, 320 mana
372: moonfire tick
372: finished casting moonfire
372: 76.4 dps, 4000 hp, 66 mana
373: 76.2 dps, 4000 hp, 66 mana
374: 76.0 dps, 4000 hp, 66 mana
375: 75.8 dps, 4000 hp, 66 mana
376: 75.6 dps, 4000 hp, 66 mana
377: 75.4 dps, 4000 hp, 66 mana
378: 75.2 dps, 4000 hp, 104 mana
379: 75.0 dps, 4000 hp, 104 mana
380: 74.8 dps, 4000 hp, 104 mana
381: 74.6 dps, 4000 hp, 104 mana
382: 74.4 dps, 4000 hp, 104 mana
383: 74.2 dps, 4000 hp, 104 mana
384: 74.0 dps, 4000 hp, 142 mana
385: 73.8 dps, 4000 hp, 142 mana
386: 73.6 dps, 4000 hp, 142 mana
387: 73.4 dps, 4000 hp, 142 mana
388: 73.3 dps, 4000 hp, 142 mana
389: 73.1 dps, 4000 hp, 142 mana
390: 72.9 dps, 4000 hp, 180 mana
391: 72.7 dps, 4000 hp, 180 mana
392: 72.5 dps, 4000 hp, 180 mana
393: 72.3 dps, 4000 hp, 180 mana
394: 72.1 dps, 4000 hp, 180 mana
395: 72.0 dps, 4000 hp, 180 mana
396: 71.8 dps, 4000 hp, 218 mana
397: 71.6 dps, 4000 hp, 218 mana
398: 71.4 dps, 4000 hp, 218 mana
399: 71.2 dps, 4000 hp, 218 mana
400: 71.1 dps, 4000 hp, 218 mana
401: 70.9 dps, 4000 hp, 218 mana
402: 70.7 dps, 4000 hp, 256 mana
403: 70.5 dps, 4000 hp, 256 mana
404: 70.4 dps, 4000 hp, 256 mana
405: 70.2 dps, 4000 hp, 256 mana
406: 70.0 dps, 4000 hp, 256 mana
407: 69.8 dps, 4000 hp, 256 mana
408: 69.7 dps, 4000 hp, 294 mana
409: 69.5 dps, 4000 hp, 294 mana
410: 69.3 dps, 4000 hp, 294 mana
411: 69.2 dps, 4000 hp, 294 mana
412: 69.0 dps, 4000 hp, 294 mana
413: 68.8 dps, 4000 hp, 294 mana
414: startcast moonfire
414: 68.7 dps, 4000 hp, 332 mana
415: 68.5 dps, 4000 hp, 332 mana
416: 68.3 dps, 4000 hp, 332 mana
417: 68.2 dps, 4000 hp, 332 mana
418: 68.0 dps, 4000 hp, 332 mana
419: 67.8 dps, 4000 hp, 332 mana
420: moonfire tick
420: finished casting moonfire
420: 70.9 dps, 4000 hp, 78 mana
421: 70.7 dps, 4000 hp, 78 mana
422: 70.6 dps, 4000 hp, 78 mana
423: 70.4 dps, 4000 hp, 78 mana
424: 70.2 dps, 4000 hp, 78 mana
425: 70.1 dps, 4000 hp, 78 mana
426: 69.9 dps, 4000 hp, 116 mana
427: 69.7 dps, 4000 hp, 116 mana
428: 69.6 dps, 4000 hp, 116 mana
429: 69.4 dps, 4000 hp, 116 mana
430: 69.3 dps, 4000 hp, 116 mana
431: 69.1 dps, 4000 hp, 116 mana
432: 68.9 dps, 4000 hp, 154 mana
433: 68.8 dps, 4000 hp, 154 mana
434: 68.6 dps, 4000 hp, 154 mana
435: 68.5 dps, 4000 hp, 154 mana
436: 68.3 dps, 4000 hp, 154 mana
437: 68.1 dps, 4000 hp, 154 mana
438: 68.0 dps, 4000 hp, 192 mana
439: 67.8 dps, 4000 hp, 192 mana
440: 67.7 dps, 4000 hp, 192 mana
441: 67.5 dps, 4000 hp, 192 mana
442: 67.4 dps, 4000 hp, 192 mana
443: 67.2 dps, 4000 hp, 192 mana
444: 67.1 dps, 4000 hp, 230 mana
445: 66.9 dps, 4000 hp, 230 mana
446: 66.8 dps, 4000 hp, 230 mana
447: 66.6 dps, 4000 hp, 230 mana
448: 66.5 dps, 4000 hp, 230 mana
449: 66.3 dps, 4000 hp, 230 mana
450: 66.2 dps, 4000 hp, 268 mana
451: 66.0 dps, 4000 hp, 268 mana
452: 65.9 dps, 4000 hp, 268 mana
453: 65.7 dps, 4000 hp, 268 mana
454: 65.6 dps, 4000 hp, 268 mana
455: 65.4 dps, 4000 hp, 268 mana
456: 65.3 dps, 4000 hp, 306 mana
457: 65.2 dps, 4000 hp, 306 mana
458: 65.0 dps, 4000 hp, 306 mana
459: 64.9 dps, 4000 hp, 306 mana
460: 64.7 dps, 4000 hp, 306 mana
461: 64.6 dps, 4000 hp, 306 mana
462: startcast moonfire
462: 64.5 dps, 4000 hp, 344 mana
463: 64.3 dps, 4000 hp, 344 mana
464: 64.2 dps, 4000 hp, 344 mana
465: 64.0 dps, 4000 hp, 344 mana
466: 63.9 dps, 4000 hp, 344 mana
467: 63.8 dps, 4000 hp, 344 mana
468: moonfire tick
468: finished casting moonfire
468: 66.5 dps, 4000 hp, 90 mana
469: 66.4 dps, 4000 hp, 90 mana
470: 66.2 dps, 4000 hp, 90 mana
471: 66.1 dps, 4000 hp, 90 mana
472: 66.0 dps, 4000 hp, 90 mana
473: 65.8 dps, 4000 hp, 90 mana
474: 65.7 dps, 4000 hp, 128 mana
475: 65.5 dps, 4000 hp, 128 mana
476: 65.4 dps, 4000 hp, 128 mana
477: 65.3 dps, 4000 hp, 128 mana
478: 65.1 dps, 4000 hp, 128 mana
479: 65.0 dps, 4000 hp, 128 mana
480: 64.9 dps, 4000 hp, 166 mana
481: 64.7 dps, 4000 hp, 166 mana
482: 64.6 dps, 4000 hp, 166 mana
483: 64.5 dps, 4000 hp, 166 mana
484: 64.3 dps, 4000 hp, 166 mana
485: 64.2 dps, 4000 hp, 166 mana
486: 64.1 dps, 4000 hp, 204 mana
487: 63.9 dps, 4000 hp, 204 mana
488: 63.8 dps, 4000 hp, 204 mana
489: 63.7 dps, 4000 hp, 204 mana
490: 63.5 dps, 4000 hp, 204 mana
491: 63.4 dps, 4000 hp, 204 mana
492: 63.3 dps, 4000 hp, 242 mana
493: 63.1 dps, 4000 hp, 242 mana
494: 63.0 dps, 4000 hp, 242 mana
495: 62.9 dps, 4000 hp, 242 mana
496: 62.8 dps, 4000 hp, 242 mana
497: 62.6 dps, 4000 hp, 242 mana
498: 62.5 dps, 4000 hp, 280 mana
499: 62.4 dps, 4000 hp, 280 mana
500: 62.3 dps, 4000 hp, 280 mana
501: 62.1 dps, 4000 hp, 280 mana
502: 62.0 dps, 4000 hp, 280 mana
503: 61.9 dps, 4000 hp, 280 mana
504: 61.8 dps, 4000 hp, 318 mana
505: 61.6 dps, 4000 hp, 318 mana
506: 61.5 dps, 4000 hp, 318 mana
507: 61.4 dps, 4000 hp, 318 mana
508: 61.3 dps, 4000 hp, 318 mana
509: 61.2 dps, 4000 hp, 318 mana
510: startcast moonfire
510: 61.0 dps, 4000 hp, 356 mana
511: 60.9 dps, 4000 hp, 356 mana
512: 60.8 dps, 4000 hp, 356 mana
513: 60.7 dps, 4000 hp, 356 mana
514: 60.6 dps, 4000 hp, 356 mana
515: 60.4 dps, 4000 hp, 356 mana
516: moonfire tick
516: finished casting moonfire
516: 63.0 dps, 4000 hp, 102 mana
517: 62.8 dps, 4000 hp, 102 mana
518: 62.7 dps, 4000 hp, 102 mana
519: 62.6 dps, 4000 hp, 102 mana
520: 62.5 dps, 4000 hp, 102 mana
521: 62.4 dps, 4000 hp, 102 mana
522: 62.2 dps, 4000 hp, 140 mana
523: 62.1 dps, 4000 hp, 140 mana
524: 62.0 dps, 4000 hp, 140 mana
525: 61.9 dps, 4000 hp, 140 mana
526: 61.8 dps, 4000 hp, 140 mana
527: 61.6 dps, 4000 hp, 140 mana
528: 61.5 dps, 4000 hp, 178 mana
529: 61.4 dps, 4000 hp, 178 mana
530: 61.3 dps, 4000 hp, 178 mana
531: 61.2 dps, 4000 hp, 178 mana
532: 61.1 dps, 4000 hp, 178 mana
533: 60.9 dps, 4000 hp, 178 mana
534: 60.8 dps, 4000 hp, 216 mana
535: 60.7 dps, 4000 hp, 216 mana
536: 60.6 dps, 4000 hp, 216 mana
537: 60.5 dps, 4000 hp, 216 mana
538: 60.4 dps, 4000 hp, 216 mana
539: 60.3 dps, 4000 hp, 216 mana
540: 60.2 dps, 4000 hp, 254 mana
541: 60.0 dps, 4000 hp, 254 mana
542: 59.9 dps, 4000 hp, 254 mana
543: 59.8 dps, 4000 hp, 254 mana
544: 59.7 dps, 4000 hp, 254 mana
545: 59.6 dps, 4000 hp, 254 mana
546: 59.5 dps, 4000 hp, 292 mana
547: 59.4 dps, 4000 hp, 292 mana
548: 59.3 dps, 4000 hp, 292 mana
549: 59.2 dps, 4000 hp, 292 mana
550: 59.1 dps, 4000 hp, 292 mana
551: 59.0 dps, 4000 hp, 292 mana
552: startcast moonfire
552: 58.8 dps, 4000 hp, 330 mana
553: 58.7 dps, 4000 hp, 330 mana
554: 58.6 dps, 4000 hp, 330 mana
555: 58.5 dps, 4000 hp, 330 mana
556: 58.4 dps, 4000 hp, 330 mana
557: 58.3 dps, 4000 hp, 330 mana
558: moonfire tick
558: finished casting moonfire
558: 60.6 dps, 4000 hp, 76 mana
559: 60.5 dps, 4000 hp, 76 mana
560: 60.4 dps, 4000 hp, 76 mana
561: 60.3 dps, 4000 hp, 76 mana
562: 60.2 dps, 4000 hp, 76 mana
563: 60.1 dps, 4000 hp, 76 mana
564: 60.0 dps, 4000 hp, 114 mana
565: 59.9 dps, 4000 hp, 114 mana
566: 59.8 dps, 4000 hp, 114 mana
567: 59.7 dps, 4000 hp, 114 mana
568: 59.6 dps, 4000 hp, 114 mana
569: 59.5 dps, 4000 hp, 114 mana
570: 59.4 dps, 4000 hp, 152 mana
571: 59.3 dps, 4000 hp, 152 mana
572: 59.2 dps, 4000 hp, 152 mana
573: 59.1 dps, 4000 hp, 152 mana
574: 59.0 dps, 4000 hp, 152 mana
575: 58.8 dps, 4000 hp, 152 mana
576: 58.7 dps, 4000 hp, 190 mana
577: 58.6 dps, 4000 hp, 190 mana
578: 58.5 dps, 4000 hp, 190 mana
579: 58.4 dps, 4000 hp, 190 mana
580: 58.3 dps, 4000 hp, 190 mana
581: 58.2 dps, 4000 hp, 190 mana
582: 58.1 dps, 4000 hp, 228 mana
583: 58.0 dps, 4000 hp, 228 mana
584: 57.9 dps, 4000 hp, 228 mana
585: 57.8 dps, 4000 hp, 228 mana
586: 57.7 dps, 4000 hp, 228 mana
587: 57.6 dps, 4000 hp, 228 mana
588: 57.5 dps, 4000 hp, 266 mana
589: 57.5 dps, 4000 hp, 266 mana
590: 57.4 dps, 4000 hp, 266 mana
591: 57.3 dps, 4000 hp, 266 mana
592: 57.2 dps, 4000 hp, 266 mana
593: 57.1 dps, 4000 hp, 266 mana
594: 57.0 dps, 4000 hp, 304 mana
595: 56.9 dps, 4000 hp, 304 mana
596: 56.8 dps, 4000 hp, 304 mana
597: 56.7 dps, 4000 hp, 304 mana
598: 56.6 dps, 4000 hp, 304 mana
599: 56.5 dps, 4000 hp, 304 mana
600: startcast moonfire
600: 56.4 dps, 4000 hp, 342 mana
601: 56.3 dps, 4000 hp, 342 mana
602: 56.2 dps, 4000 hp, 342 mana
603: 56.1 dps, 4000 hp, 342 mana
604: 56.0 dps, 4000 hp, 342 mana
605: 55.9 dps, 4000 hp, 342 mana
606: moonfire tick
606: finished casting moonfire
606: 58.1 dps, 4000 hp, 88 mana
607: 58.0 dps, 4000 hp, 88 mana
608: 57.9 dps, 4000 hp, 88 mana
609: 57.8 dps, 4000 hp, 88 mana
610: 57.7 dps, 4000 hp, 88 mana
611: 57.6 dps, 4000 hp, 88 mana
612: 57.5 dps, 4000 hp, 126 mana
613: 57.4 dps, 4000 hp, 126 mana
614: 57.3 dps, 4000 hp, 126 mana
615: 57.2 dps, 4000 hp, 126 mana
616: 57.1 dps, 4000 hp, 126 mana
617: 57.0 dps, 4000 hp, 126 mana
618: 56.9 dps, 4000 hp, 164 mana
619: 56.9 dps, 4000 hp, 164 mana
620: 56.8 dps, 4000 hp, 164 mana
621: 56.7 dps, 4000 hp, 164 mana
622: 56.6 dps, 4000 hp, 164 mana
623: 56.5 dps, 4000 hp, 164 mana
624: 56.4 dps, 4000 hp, 202 mana
625: 56.3 dps, 4000 hp, 202 mana
626: 56.2 dps, 4000 hp, 202 mana
627: 56.1 dps, 4000 hp, 202 mana
628: 56.0 dps, 4000 hp, 202 mana
629: 55.9 dps, 4000 hp, 202 mana
630: 55.9 dps, 4000 hp, 240 mana
631: 55.8 dps, 4000 hp, 240 mana
632: 55.7 dps, 4000 hp, 240 mana
633: 55.6 dps, 4000 hp, 240 mana
634: 55.5 dps, 4000 hp, 240 mana
635: 55.4 dps, 4000 hp, 240 mana
636: 55.3 dps, 4000 hp, 278 mana
637: 55.2 dps, 4000 hp, 278 mana
638: 55.2 dps, 4000 hp, 278 mana
639: 55.1 dps, 4000 hp, 278 mana
640: 55.0 dps, 4000 hp, 278 mana
641: 54.9 dps, 4000 hp, 278 mana
642: 54.8 dps, 4000 hp, 316 mana
643: 54.7 dps, 4000 hp, 316 mana
644: 54.6 dps, 4000 hp, 316 mana
645: 54.6 dps, 4000 hp, 316 mana
646: 54.5 dps, 4000 hp, 316 mana
647: 54.4 dps, 4000 hp, 316 mana
648: startcast moonfire
648: 54.3 dps, 4000 hp, 354 mana
649: 54.2 dps, 4000 hp, 354 mana
650: 54.1 dps, 4000 hp, 354 mana
651: 54.1 dps, 4000 hp, 354 mana
652: 54.0 dps, 4000 hp, 354 mana
653: 53.9 dps, 4000 hp, 354 mana
654: moonfire tick
654: finished casting moonfire
654: 55.9 dps, 4000 hp, 100 mana
655: 55.8 dps, 4000 hp, 100 mana
656: 55.7 dps, 4000 hp, 100 mana
657: 55.6 dps, 4000 hp, 100 mana
658: 55.5 dps, 4000 hp, 100 mana
659: 55.5 dps, 4000 hp, 100 mana
660: 55.4 dps, 4000 hp, 138 mana
661: 55.3 dps, 4000 hp, 138 mana
662: 55.2 dps, 4000 hp, 138 mana
663: 55.1 dps, 4000 hp, 138 mana
664: 55.0 dps, 4000 hp, 138 mana
665: 55.0 dps, 4000 hp, 138 mana
666: 54.9 dps, 4000 hp, 176 mana
667: 54.8 dps, 4000 hp, 176 mana
668: 54.7 dps, 4000 hp, 176 mana
669: 54.6 dps, 4000 hp, 176 mana
670: 54.5 dps, 4000 hp, 176 mana
671: 54.5 dps, 4000 hp, 176 mana
672: 54.4 dps, 4000 hp, 214 mana
673: 54.3 dps, 4000 hp, 214 mana
674: 54.2 dps, 4000 hp, 214 mana
675: 54.1 dps, 4000 hp, 214 mana
676: 54.1 dps, 4000 hp, 214 mana
677: 54.0 dps, 4000 hp, 214 mana
678: 53.9 dps, 4000 hp, 252 mana
679: 53.8 dps, 4000 hp, 252 mana
680: 53.7 dps, 4000 hp, 252 mana
681: 53.7 dps, 4000 hp, 252 mana
682: 53.6 dps, 4000 hp, 252 mana
683: 53.5 dps, 4000 hp, 252 mana
684: 53.4 dps, 4000 hp, 290 mana
685: 53.4 dps, 4000 hp, 290 mana
686: 53.3 dps, 4000 hp, 290 mana
687: 53.2 dps, 4000 hp, 290 mana
688: 53.1 dps, 4000 hp, 290 mana
689: 53.0 dps, 4000 hp, 290 mana
690: startcast moonfire
690: 53.0 dps, 4000 hp, 328 mana
691: 52.9 dps, 4000 hp, 328 mana
692: 52.8 dps, 4000 hp, 328 mana
693: 52.7 dps, 4000 hp, 328 mana
694: 52.7 dps, 4000 hp, 328 mana
695: 52.6 dps, 4000 hp, 328 mana
696: moonfire tick
696: finished casting moonfire
696: 54.5 dps, 4000 hp, 74 mana
697: 54.4 dps, 4000 hp, 74 mana
698: 54.3 dps, 4000 hp, 74 mana
699: 54.2 dps, 4000 hp, 74 mana
700: 54.1 dps, 4000 hp, 74 mana
701: 54.1 dps, 4000 hp, 74 mana
702: 54.0 dps, 4000 hp, 112 mana
703: 53.9 dps, 4000 hp, 112 mana
704: 53.8 dps, 4000 hp, 112 mana
705: 53.8 dps, 4000 hp, 112 mana
706: 53.7 dps, 4000 hp, 112 mana
707: 53.6 dps, 4000 hp, 112 mana
708: 53.5 dps, 4000 hp, 150 mana
709: 53.5 dps, 4000 hp, 150 mana
710: 53.4 dps, 4000 hp, 150 mana
711: 53.3 dps, 4000 hp, 150 mana
712: 53.2 dps, 4000 hp, 150 mana
713: 53.2 dps, 4000 hp, 150 mana
714: 53.1 dps, 4000 hp, 188 mana
715: 53.0 dps, 4000 hp, 188 mana
716: 52.9 dps, 4000 hp, 188 mana
717: 52.9 dps, 4000 hp, 188 mana
718: 52.8 dps, 4000 hp, 188 mana
719: 52.7 dps, 4000 hp, 188 mana
720: 52.6 dps, 4000 hp, 226 mana
721: 52.6 dps, 4000 hp, 226 mana
722: 52.5 dps, 4000 hp, 226 mana
723: 52.4 dps, 4000 hp, 226 mana
724: 52.3 dps, 4000 hp, 226 mana
725: 52.3 dps, 4000 hp, 226 mana
726: 52.2 dps, 4000 hp, 264 mana
727: 52.1 dps, 4000 hp, 264 mana
728: 52.1 dps, 4000 hp, 264 mana
729: 52.0 dps, 4000 hp, 264 mana
730: 51.9 dps, 4000 hp, 264 mana
731: 51.8 dps, 4000 hp, 264 mana
732: 51.8 dps, 4000 hp, 302 mana
733: 51.7 dps, 4000 hp, 302 mana
734: 51.6 dps, 4000 hp, 302 mana
735: 51.6 dps, 4000 hp, 302 mana
736: 51.5 dps, 4000 hp, 302 mana
737: 51.4 dps, 4000 hp, 302 mana
738: startcast moonfire
738: 51.4 dps, 4000 hp, 340 mana
739: 51.3 dps, 4000 hp, 340 mana
740: 51.2 dps, 4000 hp, 340 mana
741: 51.1 dps, 4000 hp, 340 mana
742: 51.1 dps, 4000 hp, 340 mana
743: 51.0 dps, 4000 hp, 340 mana
744: moonfire tick
744: finished casting moonfire
744: 52.8 dps, 4000 hp, 86 mana
745: 52.7 dps, 4000 hp, 86 mana
746: 52.6 dps, 4000 hp, 86 mana
747: 52.5 dps, 4000 hp, 86 mana
748: 52.5 dps, 4000 hp, 86 mana
749: 52.4 dps, 4000 hp, 86 mana
750: 52.3 dps, 4000 hp, 124 mana
751: 52.3 dps, 4000 hp, 124 mana
752: 52.2 dps, 4000 hp, 124 mana
753: 52.1 dps, 4000 hp, 124 mana
754: 52.1 dps, 4000 hp, 124 mana
755: 52.0 dps, 4000 hp, 124 mana
756: 51.9 dps, 4000 hp, 162 mana
757: 51.9 dps, 4000 hp, 162 mana
758: 51.8 dps, 4000 hp, 162 mana
759: 51.7 dps, 4000 hp, 162 mana
760: 51.6 dps, 4000 hp, 162 mana
761: 51.6 dps, 4000 hp, 162 mana
762: 51.5 dps, 4000 hp, 200 mana
763: 51.4 dps, 4000 hp, 200 mana
764: 51.4 dps, 4000 hp, 200 mana
765: 51.3 dps, 4000 hp, 200 mana
766: 51.2 dps, 4000 hp, 200 mana
767: 51.2 dps, 4000 hp, 200 mana
768: 51.1 dps, 4000 hp, 238 mana
769: 51.0 dps, 4000 hp, 238 mana
770: 51.0 dps, 4000 hp, 238 mana
771: 50.9 dps, 4000 hp, 238 mana
772: 50.8 dps, 4000 hp, 238 mana
773: 50.8 dps, 4000 hp, 238 mana
774: 50.7 dps, 4000 hp, 276 mana
775: 50.6 dps, 4000 hp, 276 mana
776: 50.6 dps, 4000 hp, 276 mana
777: 50.5 dps, 4000 hp, 276 mana
778: 50.5 dps, 4000 hp, 276 mana
779: 50.4 dps, 4000 hp, 276 mana
780: 50.3 dps, 4000 hp, 314 mana
781: 50.3 dps, 4000 hp, 314 mana
782: 50.2 dps, 4000 hp, 314 mana
783: 50.1 dps, 4000 hp, 314 mana
784: 50.1 dps, 4000 hp, 314 mana
785: 50.0 dps, 4000 hp, 314 mana
786: startcast moonfire
786: 49.9 dps, 4000 hp, 352 mana
787: 49.9 dps, 4000 hp, 352 mana
788: 49.8 dps, 4000 hp, 352 mana
789: 49.8 dps, 4000 hp, 352 mana
790: 49.7 dps, 4000 hp, 352 mana
791: 49.6 dps, 4000 hp, 352 mana
792: moonfire tick
792: finished casting moonfire
792: 51.3 dps, 4000 hp, 98 mana
793: 51.2 dps, 4000 hp, 98 mana
794: 51.1 dps, 4000 hp, 98 mana
795: 51.1 dps, 4000 hp, 98 mana
796: 51.0 dps, 4000 hp, 98 mana
797: 50.9 dps, 4000 hp, 98 mana
798: 50.9 dps, 4000 hp, 136 mana
799: 50.8 dps, 4000 hp, 136 mana
800: 50.8 dps, 4000 hp, 136 mana
801: 50.7 dps, 4000 hp, 136 mana
802: 50.6 dps, 4000 hp, 136 mana
803: 50.6 dps, 4000 hp, 136 mana
804: 50.5 dps, 4000 hp, 174 mana
805: 50.4 dps, 4000 hp, 174 mana
806: 50.4 dps, 4000 hp, 174 mana
807: 50.3 dps, 4000 hp, 174 mana
808: 50.3 dps, 4000 hp, 174 mana
809: 50.2 dps, 4000 hp, 174 mana
810: 50.1 dps, 4000 hp, 212 mana
811: 50.1 dps, 4000 hp, 212 mana
812: 50.0 dps, 4000 hp, 212 mana
813: 49.9 dps, 4000 hp, 212 mana
814: 49.9 dps, 4000 hp, 212 mana
815: 49.8 dps, 4000 hp, 212 mana
816: 49.8 dps, 4000 hp, 250 mana
817: 49.7 dps, 4000 hp, 250 mana
818: 49.6 dps, 4000 hp, 250 mana
819: 49.6 dps, 4000 hp, 250 mana
820: 49.5 dps, 4000 hp, 250 mana
821: 49.5 dps, 4000 hp, 250 mana
822: 49.4 dps, 4000 hp, 288 mana
823: 49.3 dps, 4000 hp, 288 mana
824: 49.3 dps, 4000 hp, 288 mana
825: 49.2 dps, 4000 hp, 288 mana
826: 49.2 dps, 4000 hp, 288 mana
827: 49.1 dps, 4000 hp, 288 mana
828: startcast moonfire
828: 49.0 dps, 4000 hp, 326 mana
829: 49.0 dps, 4000 hp, 326 mana
830: 48.9 dps, 4000 hp, 326 mana
831: 48.9 dps, 4000 hp, 326 mana
832: 48.8 dps, 4000 hp, 326 mana
833: 48.7 dps, 4000 hp, 326 mana
834: moonfire tick
834: finished casting moonfire
834: 50.3 dps, 4000 hp, 72 mana
835: 50.3 dps, 4000 hp, 72 mana
836: 50.2 dps, 4000 hp, 72 mana
837: 50.1 dps, 4000 hp, 72 mana
838: 50.1 dps, 4000 hp, 72 mana
839: 50.0 dps, 4000 hp, 72 mana
840: 50.0 dps, 4000 hp, 110 mana
841: 49.9 dps, 4000 hp, 110 mana
842: 49.8 dps, 4000 hp, 110 mana
843: 49.8 dps, 4000 hp, 110 mana
844: 49.7 dps, 4000 hp, 110 mana
845: 49.7 dps, 4000 hp, 110 mana
846: 49.6 dps, 4000 hp, 148 mana
847: 49.5 dps, 4000 hp, 148 mana
848: 49.5 dps, 4000 hp, 148 mana
849: 49.4 dps, 4000 hp, 148 mana
850: 49.4 dps, 4000 hp, 148 mana
851: 49.3 dps, 4000 hp, 148 mana
852: 49.2 dps, 4000 hp, 186 mana
853: 49.2 dps, 4000 hp, 186 mana
854: 49.1 dps, 4000 hp, 186 mana
855: 49.1 dps, 4000 hp, 186 mana
856: 49.0 dps, 4000 hp, 186 mana
857: 49.0 dps, 4000 hp, 186 mana
858: 48.9 dps, 4000 hp, 224 mana
859: 48.8 dps, 4000 hp, 224 mana
860: 48.8 dps, 4000 hp, 224 mana
861: 48.7 dps, 4000 hp, 224 mana
862: 48.7 dps, 4000 hp, 224 mana
863: 48.6 dps, 4000 hp, 224 mana
864: 48.6 dps, 4000 hp, 262 mana
865: 48.5 dps, 4000 hp, 262 mana
866: 48.5 dps, 4000 hp, 262 mana
867: 48.4 dps, 4000 hp, 262 mana
868: 48.3 dps, 4000 hp, 262 mana
869: 48.3 dps, 4000 hp, 262 mana
870: 48.2 dps, 4000 hp, 300 mana
871: 48.2 dps, 4000 hp, 300 mana
872: 48.1 dps, 4000 hp, 300 mana
873: 48.1 dps, 4000 hp, 300 mana
874: 48.0 dps, 4000 hp, 300 mana
875: 48.0 dps, 4000 hp, 300 mana
876: startcast moonfire
876: 47.9 dps, 4000 hp, 338 mana
877: 47.8 dps, 4000 hp, 338 mana
878: 47.8 dps, 4000 hp, 338 mana
879: 47.7 dps, 4000 hp, 338 mana
880: 47.7 dps, 4000 hp, 338 mana
881: 47.6 dps, 4000 hp, 338 mana
882: moonfire tick
882: finished casting moonfire
882: 49.1 dps, 4000 hp, 84 mana
883: 49.1 dps, 4000 hp, 84 mana
884: 49.0 dps, 4000 hp, 84 mana
885: 48.9 dps, 4000 hp, 84 mana
886: 48.9 dps, 4000 hp, 84 mana
887: 48.8 dps, 4000 hp, 84 mana
888: 48.8 dps, 4000 hp, 122 mana
889: 48.7 dps, 4000 hp, 122 mana
890: 48.7 dps, 4000 hp, 122 mana
891: 48.6 dps, 4000 hp, 122 mana
892: 48.6 dps, 4000 hp, 122 mana
893: 48.5 dps, 4000 hp, 122 mana
894: 48.4 dps, 4000 hp, 160 mana
895: 48.4 dps, 4000 hp, 160 mana
896: 48.3 dps, 4000 hp, 160 mana
897: 48.3 dps, 4000 hp, 160 mana
898: 48.2 dps, 4000 hp, 160 mana
899: 48.2 dps, 4000 hp, 160 mana
900: 48.1 dps, 4000 hp, 198 mana
901: 48.1 dps, 4000 hp, 198 mana
902: 48.0 dps, 4000 hp, 198 mana
903: 48.0 dps, 4000 hp, 198 mana
904: 47.9 dps, 4000 hp, 198 mana
905: 47.9 dps, 4000 hp, 198 mana
906: 47.8 dps, 4000 hp, 236 mana
907: 47.8 dps, 4000 hp, 236 mana
908: 47.7 dps, 4000 hp, 236 mana
909: 47.6 dps, 4000 hp, 236 mana
910: 47.6 dps, 4000 hp, 236 mana
911: 47.5 dps, 4000 hp, 236 mana
912: 47.5 dps, 4000 hp, 274 mana
913: 47.4 dps, 4000 hp, 274 mana
914: 47.4 dps, 4000 hp, 274 mana
915: 47.3 dps, 4000 hp, 274 mana
916: 47.3 dps, 4000 hp, 274 mana
917: 47.2 dps, 4000 hp, 274 mana
918: 47.2 dps, 4000 hp, 312 mana
919: 47.1 dps, 4000 hp, 312 mana
920: 47.1 dps, 4000 hp, 312 mana
921: 47.0 dps, 4000 hp, 312 mana
922: 47.0 dps, 4000 hp, 312 mana
923: 46.9 dps, 4000 hp, 312 mana
924: startcast moonfire
924: 46.9 dps, 4000 hp, 350 mana
925: 46.8 dps, 4000 hp, 350 mana
926: 46.8 dps, 4000 hp, 350 mana
927: 46.7 dps, 4000 hp, 350 mana
928: 46.7 dps, 4000 hp, 350 mana
929: 46.6 dps, 4000 hp, 350 mana
930: moonfire tick
930: finished casting moonfire
930: 48.0 dps, 4000 hp, 96 mana
931: 48.0 dps, 4000 hp, 96 mana
932: 47.9 dps, 4000 hp, 96 mana
933: 47.9 dps, 4000 hp, 96 mana
934: 47.8 dps, 4000 hp, 96 mana
935: 47.8 dps, 4000 hp, 96 mana
936: 47.7 dps, 4000 hp, 134 mana
937: 47.7 dps, 4000 hp, 134 mana
938: 47.6 dps, 4000 hp, 134 mana
939: 47.6 dps, 4000 hp, 134 mana
940: 47.5 dps, 4000 hp, 134 mana
941: 47.5 dps, 4000 hp, 134 mana
942: 47.4 dps, 4000 hp, 172 mana
943: 47.4 dps, 4000 hp, 172 mana
944: 47.3 dps, 4000 hp, 172 mana
945: 47.3 dps, 4000 hp, 172 mana
946: 47.2 dps, 4000 hp, 172 mana
947: 47.2 dps, 4000 hp, 172 mana
948: 47.1 dps, 4000 hp, 210 mana
949: 47.1 dps, 4000 hp, 210 mana
950: 47.0 dps, 4000 hp, 210 mana
951: 47.0 dps, 4000 hp, 210 mana
952: 46.9 dps, 4000 hp, 210 mana
953: 46.9 dps, 4000 hp, 210 mana
954: 46.8 dps, 4000 hp, 248 mana
955: 46.8 dps, 4000 hp, 248 mana
956: 46.7 dps, 4000 hp, 248 mana
957: 46.7 dps, 4000 hp, 248 mana
958: 46.6 dps, 4000 hp, 248 mana
959: 46.6 dps, 4000 hp, 248 mana
960: 46.5 dps, 4000 hp, 286 mana
961: 46.5 dps, 4000 hp, 286 mana
962: 46.4 dps, 4000 hp, 286 mana
963: 46.4 dps, 4000 hp, 286 mana
964: 46.3 dps, 4000 hp, 286 mana
965: 46.3 dps, 4000 hp, 286 mana
966: startcast moonfire
966: 46.2 dps, 4000 hp, 324 mana
967: 46.2 dps, 4000 hp, 324 mana
968: 46.1 dps, 4000 hp, 324 mana
969: 46.1 dps, 4000 hp, 324 mana
970: 46.0 dps, 4000 hp, 324 mana
971: 46.0 dps, 4000 hp, 324 mana
972: moonfire tick
972: finished casting moonfire
972: 47.3 dps, 4000 hp, 70 mana
973: 47.3 dps, 4000 hp, 70 mana
974: 47.2 dps, 4000 hp, 70 mana
975: 47.2 dps, 4000 hp, 70 mana
976: 47.2 dps, 4000 hp, 70 mana
977: 47.1 dps, 4000 hp, 70 mana
978: 47.1 dps, 4000 hp, 108 mana
979: 47.0 dps, 4000 hp, 108 mana
980: 47.0 dps, 4000 hp, 108 mana
981: 46.9 dps, 4000 hp, 108 mana
982: 46.9 dps, 4000 hp, 108 mana
983: 46.8 dps, 4000 hp, 108 mana
984: 46.8 dps, 4000 hp, 146 mana
985: 46.7 dps, 4000 hp, 146 mana
986: 46.7 dps, 4000 hp, 146 mana
987: 46.6 dps, 4000 hp, 146 mana
988: 46.6 dps, 4000 hp, 146 mana
989: 46.5 dps, 4000 hp, 146 mana
990: 46.5 dps, 4000 hp, 184 mana
991: 46.4 dps, 4000 hp, 184 mana
992: 46.4 dps, 4000 hp, 184 mana
993: 46.3 dps, 4000 hp, 184 mana
994: 46.3 dps, 4000 hp, 184 mana
995: 46.3 dps, 4000 hp, 184 mana
996: 46.2 dps, 4000 hp, 222 mana
997: 46.2 dps, 4000 hp, 222 mana
998: 46.1 dps, 4000 hp, 222 mana
999: 46.1 dps, 4000 hp, 222 mana
1000: 46.0 dps, 4000 hp, 222 mana
1001: 46.0 dps, 4000 hp, 222 mana
1002: 45.9 dps, 4000 hp, 260 mana
1003: 45.9 dps, 4000 hp, 260 mana
1004: 45.8 dps, 4000 hp, 260 mana
1005: 45.8 dps, 4000 hp, 260 mana
1006: 45.7 dps, 4000 hp, 260 mana
1007: 45.7 dps, 4000 hp, 260 mana
1008: 45.7 dps, 4000 hp, 298 mana
1009: 45.6 dps, 4000 hp, 298 mana
1010: 45.6 dps, 4000 hp, 298 mana
1011: 45.5 dps, 4000 hp, 298 mana
1012: 45.5 dps, 4000 hp, 298 mana
1013: 45.4 dps, 4000 hp, 298 mana
1014: startcast moonfire
1014: 45.4 dps, 4000 hp, 336 mana
1015: 45.3 dps, 4000 hp, 336 mana
1016: 45.3 dps, 4000 hp, 336 mana
1017: 45.3 dps, 4000 hp, 336 mana
1018: 45.2 dps, 4000 hp, 336 mana
1019: 45.2 dps, 4000 hp, 336 mana
1020: moonfire tick
1020: finished casting moonfire
1020: 46.4 dps, 4000 hp, 82 mana
1021: 46.4 dps, 4000 hp, 82 mana
1022: 46.4 dps, 4000 hp, 82 mana
1023: 46.3 dps, 4000 hp, 82 mana
1024: 46.3 dps, 4000 hp, 82 mana
1025: 46.2 dps, 4000 hp, 82 mana
1026: 46.2 dps, 4000 hp, 120 mana
1027: 46.1 dps, 4000 hp, 120 mana
1028: 46.1 dps, 4000 hp, 120 mana
1029: 46.0 dps, 4000 hp, 120 mana
1030: 46.0 dps, 4000 hp, 120 mana
1031: 45.9 dps, 4000 hp, 120 mana
1032: 45.9 dps, 4000 hp, 158 mana
1033: 45.9 dps, 4000 hp, 158 mana
1034: 45.8 dps, 4000 hp, 158 mana
1035: 45.8 dps, 4000 hp, 158 mana
1036: 45.7 dps, 4000 hp, 158 mana
1037: 45.7 dps, 4000 hp, 158 mana
1038: 45.6 dps, 4000 hp, 196 mana
1039: 45.6 dps, 4000 hp, 196 mana
1040: 45.6 dps, 4000 hp, 196 mana
1041: 45.5 dps, 4000 hp, 196 mana
1042: 45.5 dps, 4000 hp, 196 mana
1043: 45.4 dps, 4000 hp, 196 mana
1044: 45.4 dps, 4000 hp, 234 mana
1045: 45.3 dps, 4000 hp, 234 mana
1046: 45.3 dps, 4000 hp, 234 mana
1047: 45.2 dps, 4000 hp, 234 mana
1048: 45.2 dps, 4000 hp, 234 mana
1049: 45.2 dps, 4000 hp, 234 mana
1050: 45.1 dps, 4000 hp, 272 mana
1051: 45.1 dps, 4000 hp, 272 mana
1052: 45.0 dps, 4000 hp, 272 mana
1053: 45.0 dps, 4000 hp, 272 mana
1054: 44.9 dps, 4000 hp, 272 mana
1055: 44.9 dps, 4000 hp, 272 mana
1056: 44.9 dps, 4000 hp, 310 mana
1057: 44.8 dps, 4000 hp, 310 mana
1058: 44.8 dps, 4000 hp, 310 mana
1059: 44.7 dps, 4000 hp, 310 mana
1060: 44.7 dps, 4000 hp, 310 mana
1061: 44.7 dps, 4000 hp, 310 mana
1062: startcast moonfire
1062: 44.6 dps, 4000 hp, 348 mana
1063: 44.6 dps, 4000 hp, 348 mana
1064: 44.5 dps, 4000 hp, 348 mana
1065: 44.5 dps, 4000 hp, 348 mana
1066: 44.4 dps, 4000 hp, 348 mana
1067: 44.4 dps, 4000 hp, 348 mana
1068: moonfire tick
1068: finished casting moonfire
1068: 45.6 dps, 4000 hp, 94 mana
1069: 45.6 dps, 4000 hp, 94 mana
1070: 45.5 dps, 4000 hp, 94 mana
1071: 45.5 dps, 4000 hp, 94 mana
1072: 45.5 dps, 4000 hp, 94 mana
1073: 45.4 dps, 4000 hp, 94 mana
1074: 45.4 dps, 4000 hp, 132 mana
1075: 45.3 dps, 4000 hp, 132 mana
1076: 45.3 dps, 4000 hp, 132 mana
1077: 45.2 dps, 4000 hp, 132 mana
1078: 45.2 dps, 4000 hp, 132 mana
1079: 45.2 dps, 4000 hp, 132 mana
1080: 45.1 dps, 4000 hp, 170 mana
1081: 45.1 dps, 4000 hp, 170 mana
1082: 45.0 dps, 4000 hp, 170 mana
1083: 45.0 dps, 4000 hp, 170 mana
1084: 45.0 dps, 4000 hp, 170 mana
1085: 44.9 dps, 4000 hp, 170 mana
1086: 44.9 dps, 4000 hp, 208 mana
1087: 44.8 dps, 4000 hp, 208 mana
1088: 44.8 dps, 4000 hp, 208 mana
1089: 44.7 dps, 4000 hp, 208 mana
1090: 44.7 dps, 4000 hp, 208 mana
1091: 44.7 dps, 4000 hp, 208 mana
1092: 44.6 dps, 4000 hp, 246 mana
1093: 44.6 dps, 4000 hp, 246 mana
1094: 44.5 dps, 4000 hp, 246 mana
1095: 44.5 dps, 4000 hp, 246 mana
1096: 44.5 dps, 4000 hp, 246 mana
1097: 44.4 dps, 4000 hp, 246 mana
1098: 44.4 dps, 4000 hp, 284 mana
1099: 44.3 dps, 4000 hp, 284 mana
1100: 44.3 dps, 4000 hp, 284 mana
1101: 44.3 dps, 4000 hp, 284 mana
1102: 44.2 dps, 4000 hp, 284 mana
1103: 44.2 dps, 4000 hp, 284 mana
1104: startcast moonfire
1104: 44.1 dps, 4000 hp, 322 mana
1105: 44.1 dps, 4000 hp, 322 mana
1106: 44.1 dps, 4000 hp, 322 mana
1107: 44.0 dps, 4000 hp, 322 mana
1108: 44.0 dps, 4000 hp, 322 mana
1109: 43.9 dps, 4000 hp, 322 mana
1110: moonfire tick
1110: finished casting moonfire
1110: 45.1 dps, 4000 hp, 68 mana
1111: 45.1 dps, 4000 hp, 68 mana
1112: 45.0 dps, 4000 hp, 68 mana
1113: 45.0 dps, 4000 hp, 68 mana
1114: 45.0 dps, 4000 hp, 68 mana
1115: 44.9 dps, 4000 hp, 68 mana
1116: 44.9 dps, 4000 hp, 106 mana
1117: 44.8 dps, 4000 hp, 106 mana
1118: 44.8 dps, 4000 hp, 106 mana
1119: 44.8 dps, 4000 hp, 106 mana
1120: 44.7 dps, 4000 hp, 106 mana
1121: 44.7 dps, 4000 hp, 106 mana
1122: 44.6 dps, 4000 hp, 144 mana
1123: 44.6 dps, 4000 hp, 144 mana
1124: 44.6 dps, 4000 hp, 144 mana
1125: 44.5 dps, 4000 hp, 144 mana
1126: 44.5 dps, 4000 hp, 144 mana
1127: 44.4 dps, 4000 hp, 144 mana
1128: 44.4 dps, 4000 hp, 182 mana
1129: 44.4 dps, 4000 hp, 182 mana
1130: 44.3 dps, 4000 hp, 182 mana
1131: 44.3 dps, 4000 hp, 182 mana
1132: 44.2 dps, 4000 hp, 182 mana
1133: 44.2 dps, 4000 hp, 182 mana
1134: 44.2 dps, 4000 hp, 220 mana
1135: 44.1 dps, 4000 hp, 220 mana
1136: 44.1 dps, 4000 hp, 220 mana
1137: 44.0 dps, 4000 hp, 220 mana
1138: 44.0 dps, 4000 hp, 220 mana
1139: 44.0 dps, 4000 hp, 220 mana
1140: 43.9 dps, 4000 hp, 258 mana
1141: 43.9 dps, 4000 hp, 258 mana
1142: 43.9 dps, 4000 hp, 258 mana
1143: 43.8 dps, 4000 hp, 258 mana
1144: 43.8 dps, 4000 hp, 258 mana
1145: 43.7 dps, 4000 hp, 258 mana
1146: 43.7 dps, 4000 hp, 296 mana
1147: 43.7 dps, 4000 hp, 296 mana
1148: 43.6 dps, 4000 hp, 296 mana
1149: 43.6 dps, 4000 hp, 296 mana
1150: 43.5 dps, 4000 hp, 296 mana
1151: 43.5 dps, 4000 hp, 296 mana
1152: startcast moonfire
1152: 43.5 dps, 4000 hp, 334 mana
1153: 43.4 dps, 4000 hp, 334 mana
1154: 43.4 dps, 4000 hp, 334 mana
1155: 43.4 dps, 4000 hp, 334 mana
1156: 43.3 dps, 4000 hp, 334 mana
1157: 43.3 dps, 4000 hp, 334 mana
1158: moonfire tick
1158: finished casting moonfire
1158: 44.4 dps, 4000 hp, 80 mana
1159: 44.4 dps, 4000 hp, 80 mana
1160: 44.3 dps, 4000 hp, 80 mana
1161: 44.3 dps, 4000 hp, 80 mana
1162: 44.3 dps, 4000 hp, 80 mana
1163: 44.2 dps, 4000 hp, 80 mana
1164: 44.2 dps, 4000 hp, 118 mana
1165: 44.2 dps, 4000 hp, 118 mana
1166: 44.1 dps, 4000 hp, 118 mana
1167: 44.1 dps, 4000 hp, 118 mana
1168: 44.0 dps, 4000 hp, 118 mana
1169: 44.0 dps, 4000 hp, 118 mana
1170: 44.0 dps, 4000 hp, 156 mana
1171: 43.9 dps, 4000 hp, 156 mana
1172: 43.9 dps, 4000 hp, 156 mana
1173: 43.8 dps, 4000 hp, 156 mana
1174: 43.8 dps, 4000 hp, 156 mana
1175: 43.8 dps, 4000 hp, 156 mana
1176: 43.7 dps, 4000 hp, 194 mana
1177: 43.7 dps, 4000 hp, 194 mana
1178: 43.7 dps, 4000 hp, 194 mana
1179: 43.6 dps, 4000 hp, 194 mana
1180: 43.6 dps, 4000 hp, 194 mana
1181: 43.6 dps, 4000 hp, 194 mana
1182: 43.5 dps, 4000 hp, 232 mana
1183: 43.5 dps, 4000 hp, 232 mana
1184: 43.4 dps, 4000 hp, 232 mana
1185: 43.4 dps, 4000 hp, 232 mana
1186: 43.4 dps, 4000 hp, 232 mana
1187: 43.3 dps, 4000 hp, 232 mana
1188: 43.3 dps, 4000 hp, 270 mana
1189: 43.3 dps, 4000 hp, 270 mana
1190: 43.2 dps, 4000 hp, 270 mana
1191: 43.2 dps, 4000 hp, 270 mana
1192: 43.2 dps, 4000 hp, 270 mana
1193: 43.1 dps, 4000 hp, 270 mana
1194: 43.1 dps, 4000 hp, 308 mana
1195: 43.0 dps, 4000 hp, 308 mana
1196: 43.0 dps, 4000 hp, 308 mana
1197: 43.0 dps, 4000 hp, 308 mana
1198: 42.9 dps, 4000 hp, 308 mana
1199: 42.9 dps, 4000 hp, 308 mana
1200: startcast moonfire
1200: 42.9 dps, 4000 hp, 346 mana
