webdata952462013::text:20
Name::text:20
Information::text:10
AC::text:5
STR::text:5
STA::text:5
DEX::text:5
AGI::text:5
INT::text:5
WIS::text:5
CHA::text:5
HP::text:5
MANA::text:5
FIRE::text:5
COLD::text:5
DISEASE::text:5
POISON::text:5
MAGIC::text:5
Weight::text:5
Effect::text:5
WAR::checkbox
ROG::checkbox
MNK::checkbox
BRD::checkbox
SHD::checkbox
PAL::checkbox
RNG::checkbox
CLR::checkbox
DRU::checkbox
SHM::checkbox
NEC::checkbox
WIZ::checkbox
ENC::checkbox
MAG::checkbox
BAR::checkbox
DEF::checkbox
DWF::checkbox
ERU::checkbox
GNM::checkbox
HEL::checkbox
HFL::checkbox
HIE::checkbox
HUM::checkbox
OGR::checkbox
TRL::checkbox
ELF::checkbox
IKS::checkbox
