949188619::Black Leather Cloak::<a href="http://www.gameznet.com/eq/equipment/blackleathercloak.html">More</a>::1::::::2::2::::::::::::::::::::::1.0::::yes::yes::::yes::::yes::::::::::::::::::yes::yes::::yes::::yes::yes::::yes::::::yes::::admin
949449817::Cloak of Flames::<a href="http://www.gameznet.com/eq/equipment/cloakofflames.html">More</a>::10::::::9::9::::::::50::::15::::::::::0.1::Haste::yes::yes::yes::yes::yes::yes::yes::yes::yes::yes::yes::yes::yes::yes::yes::yes::yes::yes::yes::yes::yes::yes::yes::yes::yes::yes::yes::admin
949449875::Cloak of the Icebear::<a href="http://www.gameznet.com/eq/equipment/cloakicebear.html">More</a>::8::::::::::::::::10::::::20::::::::3.0::::yes::yes::yes::yes::yes::yes::yes::yes::yes::yes::yes::yes::yes::yes::yes::yes::yes::yes::yes::yes::yes::yes::yes::yes::yes::yes::yes::admin
949449916::Cloak of Leaves::<a href="http://gameznet.com/eq/equipment/cloakofleaves.html">More</a>::5::::::::7::::::::5::::::::::::::2.0::::yes::yes::yes::yes::yes::yes::yes::yes::yes::yes::yes::yes::yes::yes::yes::yes::yes::yes::yes::yes::yes::yes::yes::yes::yes::yes::yes::admin
949449955::Cloak of Shadows::<a href="http://gameznet.com/eq/equipment/cloakofshadows.html">More</a>::12::::::13::::::::::::::::::10::::::0.0::::yes::yes::yes::yes::yes::yes::yes::yes::yes::yes::yes::yes::yes::yes::yes::yes::yes::yes::yes::yes::yes::yes::yes::yes::yes::yes::yes::admin
949450026::Cloak of the Undead Eye::<a href="http://www.gameznet.com/eq/equipment/undeadcloak.html">More</a>::4::::::::::::::::::::::::::::::3.5::Invisibility vs. Undead::::::::::::yes::::yes::::::yes::::::::::yes::::::::::::::::::::::::admin
949450127::Cryosilk Cloak::<a href="http://www.gameznet.com/eq/equipment/cryocloak.html">More</a>::5::::::::2::1::::::::10::10::::::::::0.5::::::::::::::::::::::::yes::yes::yes::yes::::yes::::yes::yes::::::yes::yes::::::::::admin
949450171::White Dragonscale Cloak::<a href="http://www.gameznet.com/eq/equipment/whitedragoncloak.html">More</a>::10::::::::::9::9::::::75::::25::::::::1.0::::yes::yes::yes::yes::yes::yes::yes::yes::yes::yes::yes::yes::yes::yes::yes::yes::yes::yes::yes::yes::yes::yes::yes::yes::yes::yes::yes::admin
949450245::Grizzly Hide Cloak::<a href="http://www.gameznet.com/eq/equipment/grizhidecloak.html">More</a>::6::::::::::::::::5::::::::::::::3.5::::yes::yes::yes::yes::yes::yes::yes::yes::yes::yes::::::::::yes::yes::yes::yes::yes::yes::yes::yes::yes::yes::yes::yes::yes::admin
949450297::Hooded Black Cloak::<a href="http://www.gameznet.com/eq/equipment/hoodedblackcloak.html">More</a>::10::5::::::::::::::45::::::::::::::2.5::::yes::yes::yes::yes::yes::yes::yes::yes::yes::yes::yes::yes::yes::yes::yes::yes::yes::yes::yes::yes::yes::yes::yes::yes::yes::yes::yes::admin
949450341::Lizardscale Cloak::<a href="http://www.gameznet.com/eq/equipment/EQ-Lizardscale.armour.html">More</a>::8::::::5::::::::::::::::::::::::2.5::::yes::yes::yes::yes::yes::yes::yes::yes::yes::yes::yes::yes::yes::yes::yes::yes::yes::yes::yes::yes::yes::yes::yes::yes::yes::yes::yes::admin
949450385::Mammoth Hide Cloak::<a href="http://gameznet.com/eq/equipment/mammouthcloak.html">More</a>::7::::::::::::4::::::::::5::::::::2.5::::yes::yes::yes::yes::yes::yes::yes::yes::yes::yes::yes::yes::yes::yes::yes::yes::yes::yes::yes::yes::yes::yes::yes::yes::yes::yes::yes::admin
949450411::Molten Cloak::<a href="http://gameznet.com/eq/equipment/moltencloak.html">More</a>::4::::::::::4::4::::::::::5::::::::2.5::::yes::yes::yes::yes::yes::yes::yes::yes::yes::yes::yes::yes::yes::yes::yes::yes::yes::yes::yes::yes::yes::yes::yes::yes::yes::yes::yes::admin
949450472::Mountain Lion Cape::<a href="http://gameznet.com/eq/equipment/mountainlioncape.html">More</a>::5::::::::::::::::::::::::::::::3.0::::yes::yes::yes::yes::yes::yes::yes::yes::yes::yes::::::::::yes::yes::yes::yes::yes::yes::yes::yes::yes::yes::yes::yes::yes::admin
949450531::Mystic Cloak::<a href="http://www.gameznet.com/eq/equipment/mysticcloak.html">More</a>::8::::::::::5::::::::::::::::::5::0.5::Steelskin::::::::::::::::::::::yes::yes::yes::yes::::yes::::yes::yes::::::yes::yes::::::::::admin
949450599::Nightmare Hide::<a href="http://gameznet.com/eq/equipment/EQ-Nightmare.Hide.html">More</a>::5::::::::::::::::::::::::::::::2.0::Restore Sight::yes::yes::yes::yes::yes::yes::yes::yes::yes::yes::yes::yes::yes::yes::yes::yes::::yes::yes::yes::::yes::yes::::::yes::::admin
949450640::Onyx Drakescale Cloak::<a href="http://www.gameznet.com/eq/equipment/onyxdrakecloak.html">More</a>::8::::::::9::::::::::35::::::::::::2.5::::yes::yes::yes::yes::yes::yes::yes::yes::yes::yes::yes::yes::yes::yes::yes::yes::yes::yes::yes::yes::yes::yes::yes::yes::yes::yes::yes::admin
949450742::Polar Bear Cloak::<a href="http://www.gameznet.com/eq/equipment/pegasuscloak.html">More</a>::5::::::::::::::::::::::15::::::::3.5::::yes::yes::yes::yes::yes::yes::yes::yes::yes::yes::yes::yes::yes::yes::yes::yes::yes::yes::yes::yes::yes::yes::yes::yes::yes::yes::yes::admin
949450809::Rakusha Cloak::<a href="http://www.gameznet.com/eq/equipment/rakushacloak.html">More</a>::10::::::::::::::::::::10::::::::10::0.1::Haste::::::yes::::::::::::::::::::::::::::::::::::::::yes::::::::::admin
949450868::Runescale Cloak::<a href="http://www.gameznet.com/eq/equipment/runescalecloak.html">More</a>::5::::::::3::3::::::::::::::5::5::::2.0::::::::::::::::::::::::::yes::::::::yes::::yes::yes::::::yes::yes::::::::::admin
949450906::Scout Cape::<a href="http://www.gameznet.com/eq/equipment/runescalecloak.html">More</a>::5::::::2::::::::::::::::::::::::1.5::::::yes::::::::::::::::::::::::::::::::::::::::::::::::yes::::admin
949450962::Seahorse Scale Cloak::<a href="http://www.gameznet.com/eq/equipment/seahorsecloak.html">More</a>::8::::::6::::::::::::::::35::::::::3.5::::yes::yes::yes::yes::yes::yes::yes::::::::::::::::yes::yes::yes::yes::yes::yes::yes::yes::yes::yes::yes::yes::::admin
949451012::Shimmering White Shroud::<a href="http://www.gameznet.com/eq/equipment/seahorsecloak.html">More</a>::5::::::::::::::::::20::::::8::8::::2.5::::::::::yes::::::::yes::yes::yes::::::::::yes::yes::yes::yes::yes::yes::yes::yes::yes::yes::yes::yes::yes::admin
949451110::Sleek Black Cape::<a href="http://gameznet.com/eq/equipment/sleekcape.html">More</a>::6::::::::::::::::::::::::::::::2.0::::yes::yes::::yes::yes::yes::yes::yes::yes::yes::::::::::yes::yes::yes::yes::yes::yes::yes::yes::yes::yes::yes::yes::yes::admin
949451142::Werewolf Skin Cloak::<a href="http://www.gameznet.com/eq/equipment/wwskincloak.html">More</a>::5::3::3::::::::::::::::::::::::::0.3::::yes::yes::yes::yes::yes::yes::yes::yes::yes::yes::yes::yes::yes::yes::yes::yes::yes::yes::yes::yes::yes::yes::yes::yes::yes::yes::yes::admin
949451198::White Wolf-hide Cloak::<a href="http://www.gameznet.com/eq/equipment/whitewolfcloak.html">More</a>::7::3::::3::::::::::::::::5::::::::0.3::::yes::yes::yes::yes::yes::yes::yes::yes::yes::yes::yes::yes::yes::yes::yes::yes::yes::yes::yes::yes::yes::yes::yes::yes::yes::yes::yes::admin
952817262::Rubicite Cloak::<a href="http://gameznet.com/eq/equipment/rubicitecloak.html">More</a>::10::::::::5::::::::::::::::::::::3.0::::yes::yes::::yes::yes::yes::yes::yes::::yes::::::::::yes::yes::yes::yes::yes::yes::yes::yes::yes::yes::yes::yes::::admin
954187708::Mystical Back Straps::<a href="http://www.gameznet.com/eq/equipment/mysticalbackstrapshtml.htm">More</a>::5::6::6::::::::::5::20::::::::::::::0.3::::::::yes::::::::::::::::::::::::yes::yes::yes::yes::yes::yes::yes::yes::yes::yes::yes::yes::::admin
954877058::Feathered Cape::<a href="http://www.gameznet.com/eq/equipment/featheredcape.html">More</a>::4::::::::::3::::::::10::::::::::::0.5::::::::::::::::::::::::::::::yes::yes::yes::yes::yes::yes::yes::yes::yes::yes::yes::yes::yes::yes::admin
954877112::Cloak of the Jaggedpine::<a href="http://www.gameznet.com/eq/equipment/cloakjaggedpine.html">More</a>::6::::::3::::::::::::::::::::::::1.5::::::::::::::::yes::::yes::::::::::::::::::::::yes::yes::::yes::::::yes::::admin
955407376::Spiroc Healer's Cloak::<a href="http://www.gameznet.com/eq/equipment/spirochealerscloak.html">More</a>::6::::::7::7::::::::::::::::::::::5.0::Regeneration::::::::::::::yes::::::::::::::::yes::yes::yes::yes::yes::yes::yes::yes::yes::yes::yes::yes::yes::admin
955407425::Grey Damask Cloak::<a href="http://www.gameznet.com/eq/equipment/greydamaskcloak.html">More</a>::4::::::::::1::::::::::3::::3::::::1.0::::::::::::::::::::::::::yes::::::yes::yes::yes::yes::yes::yes::yes::yes::yes::yes::yes::yes::yes::admin
955528719::Aegis of Life::<a href="http://gameznet.com/eq/equipment/aegisoflife.html">More</a>::12::::::::::::10::::::::::::25::::::9.5::Superior Healing::::::::::yes::::::yes::::::::::::::::::yes::yes::yes::yes::yes::yes::yes::::::::::admin
955759954::Silent Watch Shield::<a href="http://gameznet.com/eq/equipment/silentwatchshield.html">More</a>::10::::::::::::10::::::::::::::::::9.5::::::::::::yes::::::::::::::::::::::::yes::yes::yes::yes::::yes::yes::::::::::admin
956628975::Kunzar Cloak::<a href="http://www.gameznet.com/eq/equipment/kunzarcloak.html">More</a>::7::::::::::2::2::::::::10::::::::::0.1::::yes::yes::yes::yes::yes::yes::yes::yes::yes::yes::yes::yes::yes::yes::::yes::yes::::yes::::yes::yes::::::::yes::yes::admin
957217473::Sparring Harness::<a href="http://www.gameznet.com/eq/equipment/sparringharness.html">More</a>::5::::::::::::::::::::3::::::::::1.0::::::::yes::::::::::::::::::::::::::::::::::::::::::::::::yes::admin
957387056::Spectral Shroud::<a href="http://www.gameznet.com/eq/equipment/spectralshroud.html">More</a>::5::::::::::::::::::::::::::5::5::1.5::::yes::yes::yes::yes::yes::yes::yes::yes::yes::yes::yes::yes::yes::yes::yes::yes::yes::yes::yes::yes::yes::yes::yes::yes::yes::yes::yes::admin
957475347::Scaled Prowler Cloak::<a href="http://www.gameznet.com/eq/equipment/scaledprowlercloak.html">More</a>::6::2::::::::::::::::::::::::::::2.0::::yes::yes::yes::yes::yes::yes::yes::yes::yes::yes::yes::yes::yes::yes::yes::yes::yes::yes::yes::yes::yes::yes::yes::yes::yes::yes::yes::admin
957821808::Sebilite Scale Cape::<a href="http://www.gameznet.com/eq/equipment/sebilitescalecape.html">More</a>::8::::::4::::4::::::::::::25::::2::::3.0::::yes::yes::::yes::yes::yes::yes::yes::::yes::::::::::yes::::yes::yes::yes::yes::yes::yes::yes::::::yes::yes::admin
958595840::Heirophant's Cloak::<a href="http://www.gameznet.com/eq/equipment/heirophantscloak.html">More</a>::10::::::::::4::4::::::75::::::::::::1.0::::yes::yes::yes::yes::yes::yes::yes::yes::yes::yes::yes::yes::yes::yes::yes::yes::yes::yes::yes::yes::yes::yes::yes::yes::yes::yes::yes::admin
959114465::Curscale Cape::<a href="http://www.gameznet.com/eq/equipment/curscalecape.html">More</a>::3::::::::::::::::::::::2::::::::0.5::::yes::yes::yes::yes::yes::yes::yes::yes::yes::yes::::::::::yes::yes::yes::yes::yes::yes::yes::yes::yes::yes::yes::yes::yes::admin
959114522::Siblisian Berserker Cloak::<a href="http://www.gameznet.com/eq/equipment/siblisianberserkercloak.html">More</a>::9::9::9::9::9::::::::50::::::::::::::0.1::Haste::yes::yes::yes::yes::yes::yes::yes::yes::yes::yes::yes::yes::yes::yes::yes::yes::yes::yes::yes::yes::yes::yes::yes::yes::yes::yes::yes::admin
961967047::Paineel Splinted Cloak::<a href="http://gameznet.com/eq/equipment/paineelsplintedcloak.html">More</a>::8::::::::::::::::::::::::::::::5.5::::yes::yes::::yes::yes::yes::yes::yes::::yes::::::::::yes::yes::::yes::::yes::::yes::yes::::::yes::yes::admin
961967104::Loam Encrusted Cloak::<a href="http://gameznet.com/eq/equipment/loamencrustedcloak.html">More</a>::5::2::::::8::1::::3::::5::3::3::3::3::3::0.5::::::::::::::::::::::::yes::yes::yes::yes::::yes::::yes::yes::::::yes::yes::::::::yes::admin
979540808::Black Bear Pelt Cloak::<A HREF="http://www.gameznet.com/eq/equipment/blackbearpeltcloak.html">More</A>::11::5::::::::5::::::75::50::::::::::3::0.0::::::::::::::yes::::::::::::::::::yes::yes::yes::yes::yes::yes::yes::yes::yes::yes::yes::yes::yes::admin
979541086::Bloodstained Burlap Cloak::<A HREF="http://www.gameznet.com/eq/equipment/bloodstainedburlapcloak.html">More</A>::12::6::::::::::::::::::::::::::::1.0::Bramblecoat::yes::::::::::::::::::::::::::::yes::yes::yes::yes::yes::yes::yes::yes::yes::yes::yes::yes::yes::admin
979541173::Cabilis Scale Cape::<A HREF="http://www.gameznet.com/eq/equipment/cabilisscalecape.html">More</A>::8::::::::::::::::::::::::::::::3.0::::yes::::::::::yes::::::::yes::::::::::::::::::::::::::::::::::yes::admin
979541310::Cloak of Crystalline Waters::<A HREF="http://www.gameznet.com/eq/equipment/cloakofcrystallinewaters.html">More</A>::10::::::9::9::::::::::50::::15::::::::0.1::Haste::yes::yes::yes::yes::yes::yes::yes::yes::yes::yes::yes::yes::yes::yes::yes::yes::yes::yes::yes::yes::yes::yes::yes::yes::yes::yes::yes::admin
979541536::Cloak of Spiroc Feathers::<A HREF="http://www.gameznet.com/eq/equipment/cloakofspirocfeathers.html">More</A>::::5::6::::::5::::::::50::::::::::::0.5::::::::::::::::::::::::yes::::::::yes::yes::yes::yes::yes::yes::yes::yes::yes::yes::yes::yes::yes::admin
979541735::Cloak of the Maelstorm::<A HREF="http://www.gameznet.com/eq/equipment/cloakofthemaelstrom.html">More</A>::11::3::6::10::::5::::::55::::::::::::::20.0::::yes::yes::yes::yes::yes::yes::yes::yes::yes::yes::yes::yes::yes::yes::yes::yes::yes::yes::yes::yes::yes::yes::yes::yes::yes::yes::yes::admin
979541857::Cloak of the Ry`Gorr Oracles::<A HREF="http://www.gameznet.com/eq/equipment/cloakoftherygorroracles.html">More</A>::6::::::::::2::2::::10::::::10::::::5::2.0::::yes::yes::yes::yes::yes::yes::yes::yes::yes::yes::yes::yes::yes::yes::yes::yes::yes::yes::yes::yes::yes::yes::yes::yes::yes::yes::yes::admin
979542036::Cloak of Piety::<A HREF="http://www.gameznet.com/eq/equipment/cloakofpiety.html">More</A>::12::12::::::::12::12::::::::10::::::::10::1.5::Haste::yes::yes::yes::yes::yes::yes::yes::yes::yes::yes::yes::yes::yes::yes::yes::yes::yes::yes::yes::yes::yes::yes::yes::yes::yes::yes::yes::admin
979542200::Cloak of Woven Harmony::<A HREF="http://www.gameznet.com/eq/equipment/cloakofwovenharmony.html">More</A>::7::::::7::3::::::::::::5::5::5::5::::2.0::::::::::yes::::::::::::::::::::::yes::yes::yes::yes::yes::yes::yes::yes::yes::yes::yes::yes::yes::admin
979542375::Curescale Cape::<A HREF="http://www.gameznet.com/eq/equipment/curscalecape.html">More</A>::3::::::::::::::::::::::2::::::::0.5::::yes::yes::yes::yes::yes::yes::yes::yes::yes::yes::::::::::yes::yes::yes::yes::yes::yes::yes::yes::yes::yes::yes::yes::yes::admin
979621670::Diamond Studded Cape::<A HREF="http://www.gameznet.com/eq/equipment/diamondstuddedcape.html">More</A>::9::::::::::::10::::20::20::::::10::10::10::1.0::::::::::::::::::yes::yes::yes::::::::::yes::yes::yes::yes::yes::yes::yes::yes::yes::yes::yes::yes::yes::admin
979621795::Direwolf Fur Cloak::<A HREF="http://www.gameznet.com/eq/equipment/direwolffurcloak.html">More</A>::7::5::::::::::::::::::::::::::::2.5::::yes::yes::yes::::yes::yes::yes::::::::::::::::yes::yes::yes::yes::yes::yes::yes::yes::yes::yes::yes::yes::yes::admin
979621917::Dreadskin Cloak::<A HREF="http://www.gameznet.com/eq/equipment/dreadskincloak.html">More</A>::6::::::::6::::1::::::::5::::::::::3.5::::::::::::::::yes::::yes::::::::::::::::::::::yes::yes::yes::yes::::::::::admin
979622012::Enchanted Cabilis Scale Cape::<A HREF="http://www.gameznet.com/eq/equipment/enchantedcabilisscalecape.html">More</A>::12::4::::::::::2::::::::::::::::::3.0::::yes::::::::::yes::::::::yes::::::::::::::::::::::::::::::::::yes::admin
979622629::Fine Splinted Cloak::<A HREF="http://www.gameznet.com/eq/equipment/fineplatecloak.html">More</A>::10::::::::::::::::::::::::::::::5.5::::yes::::::yes::yes::yes::::yes::::::::::::::yes::yes::::yes::::yes::::yes::yes::::::yes::yes::admin
979622801::Frostreaver's Embroidered Cloak::<A HREF="http://www.gameznet.com/eq/equipment/frostreaversembroideredcloak.html">More</A>::15::::::::::8::8::8::::50::15::15::::::::2.0::::yes::yes::yes::yes::yes::yes::yes::yes::yes::yes::yes::yes::yes::yes::yes::yes::yes::yes::yes::yes::yes::yes::yes::yes::yes::yes::yes::admin
979701914::Grayder's Cloak::<A HREF="http://www.gameznet.com/eq/equipment/grayderscloak.html">More</A>::12::::::::::::9::::::20::::7::::::7::1.0::::::::::::::::::yes::yes::yes::::::::::yes::yes::yes::yes::yes::yes::yes::yes::yes::yes::yes::yes::yes::admin
979702245::Grey Fur Cape::<A HREF="http://www.gameznet.com/eq/equipment/greyfurcape.html">More</A>::5::3::::::::::::::18::::::::::::::1.0::::yes::yes::yes::yes::yes::yes::yes::yes::yes::yes::::::::::yes::yes::::yes::::yes::::yes::yes::yes::yes::yes::yes::admin
979702403::Goblin Forged Chainmail Cape::<A HREF="http://www.gameznet.com/eq/equipment/goblinforgedchainmailcape.html">More</A>::7::-2::::::::::::::10::::::::::::::5.5::::yes::yes::::yes::yes::yes::yes::yes::::yes::::::::::::yes::yes::yes::yes::yes::yes::yes::yes::::::yes::yes::admin
979702745::Icehackle's Pelt::<A HREF="http://www.gameznet.com/eq/equipment/icehacklespelt.html">More</A>::15::::::::::::::9::34::::::::::::::1.1::::::::yes::::::::::::::::::::::::::::::::::::::::yes::::::::yes::admin
979702888::Imbued Northern Ringmail Cloak::<A HREF="http://www.gameznet.com/eq/equipment/imbuednortherringcloak.html">More</A>::9::1::::::::::2::::::::::2::::::::5.0::::yes::yes::::yes::::::::::::yes::::::::::yes::::::::::yes::::::yes::::::::::admin
979702987::Joined Ethereal Cape::<A HREF="http://www.gameznet.com/eq/equipment/joinedetherealcape.html">More</A>::4::::::::::4::::::::25::::::::::::0.8::::yes::yes::yes::yes::yes::yes::yes::yes::yes::yes::yes::yes::yes::yes::yes::yes::yes::yes::yes::yes::yes::yes::yes::yes::yes::yes::yes::admin
979703659::Netted Kelp Cloak::<A HREF="http://www.gameznet.com/eq/equipment/nettedkelpcloak.html">More</A>::6::2::8::::::3::::-3::::::5::::::::::0.5::::yes::yes::yes::yes::yes::yes::yes::yes::yes::yes::yes::yes::yes::yes::yes::yes::yes::yes::yes::yes::yes::yes::yes::yes::yes::yes::yes::admin
979703923::Ogre War Splinted Cloak::<A HREF="http://www.gameznet.com/eq/equipment/ogrewarspiritedcloak.html">More</A>::11::::::::::::::::::::::::::::::7.5::::yes::::::::::yes::::::::::::::::::::::::::::::::::::yes::yes::::::admin
979705587::Reinforced Dragonwing Cloak::<A HREF="http://www.gameznet.com/eq/equipment/reinforceddragonwingcloak.html">More</A>::12::4::::::::::8::::::::::::::::::5.2::::yes::::::yes::yes::yes::yes::yes::::::::::::::yes::yes::yes::yes::yes::yes::yes::yes::yes::yes::yes::yes::yes::admin
979706014::Scaled Mystic Cloak::::9::::5::::::::::::::10::::::::::::3.0::::::::::::::::::::::yes::::::::::::::::::::::::::::::::::yes::admin
979706509::Seafarer Ring Cloak::<A HREF="http://www.gameznet.com/eq/equipment/seafarerringcloak.html">More</A>::9::::::::::::::::::::::::::::::4.5::::yes::yes::::yes::yes::yes::yes::yes::::yes::::::::::yes::yes::::yes::::yes::::yes::yes::::::yes::yes::admin
979706867::Seahorse Scale Cloak::<A HREF="http://www.gameznet.com/eq/equipment/seahorsecloak.html">More</A>::8::::::6::::::::::::::::35::::::::::3.5::yes::::yes::yes::yes::yes::yes::::::::::::::::yes::yes::yes::yes::yes::yes::yes::yes::yes::yes::yes::yes::yes::admin
979707292::Sebilite Scale Cloak::<A HREF="http://www.gameznet.com/eq/equipment/sebilitescalecape.html">More</A>::8::::::4::::4::::::::::::2::::2::::3.0::::yes::yes::::yes::yes::yes::yes::yes::::yes::::::::::::yes::yes::yes::yes::yes::yes::yes::yes::::::yes::yes::admin
979707580::Shimmering Terror Hide Cloak::<A HREF="http://www.gameznet.com/eq/equipment/shimmeringterrorhidecloak.html">More</A>::8::4::::4::::::::::50::::::::::::::0.0::::yes::yes::yes::yes::yes::yes::yes::yes::yes::yes::yes::yes::yes::yes::yes::yes::yes::yes::yes::yes::yes::yes::yes::yes::yes::yes::yes::admin
979707739::Shroud of Veeshan::<A HREF="http://www.gameznet.com/eq/equipment/shroudofveeshan.html">More</A>::15::8::8::8::8::12::12::8::55::110::::::::::::1.0::::yes::yes::yes::yes::yes::yes::yes::yes::yes::yes::yes::yes::yes::yes::yes::yes::yes::yes::yes::yes::yes::yes::yes::yes::yes::yes::yes::admin
979708012::Spider Fur Cloak::<A HREF="http://www.gameznet.com/eq/equipment/spiderfurcloak.html">More</A>::10::4::4::::::::::::::::::6::::::::0.0::::yes::yes::yes::yes::yes::yes::yes::yes::yes::yes::yes::yes::yes::yes::yes::yes::yes::yes::yes::yes::yes::yes::yes::yes::yes::yes::yes::admin
979708220::White Bear Pelt Cloak::<A HREF="http://www.gameznet.com/eq/equipment/whitebearpeltcloak.html">More</A>::11::5::::::::::5::::75::50::::::::::3::0.0::::::::::::yes::::::::::::::::::::yes::yes::yes::yes::yes::yes::yes::yes::yes::yes::yes::yes::yes::admin
979708397::Withered Leather Cloak::<A HREF="http://www.gameznet.com/eq/equipment/witheredleathercloak.html">More</A>::5::5::8::::::::::::::15::::::::::::2.0::::::::::::::::::yes::yes::yes::::::::::yes::yes::yes::yes::yes::yes::yes::yes::yes::yes::yes::yes::yes::admin
979708488::Wyvern Wing Cape::<A HREF="http://www.gameznet.com/eq/equipment/wyvernwingcape.html">More</A>::7::4::3::::::::::::20::::::::::::::2.0::::yes::yes::yes::yes::yes::yes::yes::yes::yes::yes::yes::yes::yes::yes::yes::yes::yes::yes::yes::yes::yes::yes::yes::yes::yes::yes::yes::admin
979949691::Wurm Scale Cape::<A HREF="http://gameznet.com/eq/equipment/wurmscalecape.html">More</A>::9::7::7::::::::::::::::::::::::7::1.4::::yes::yes::yes::yes::yes::yes::yes::yes::yes::yes::yes::yes::yes::yes::yes::yes::yes::yes::yes::yes::yes::yes::yes::yes::yes::yes::yes::admin
980562576::Shroud of the Dar Brood::<A HREF="http://gameznet.com/eq/equipment/shroudofthedarbrood.html">More</A>::14::::8::::::9::9::::20::50::10::10::::::10::1.0::Haste::yes::yes::yes::yes::yes::yes::yes::yes::yes::yes::yes::yes::yes::yes::yes::yes::yes::yes::yes::yes::yes::yes::yes::yes::yes::yes::yes::admin
981037918::Tigeraptor Cloak::<A HREF="http://www.gameznet.com/eq/equipment/tigeraptorcloak.html">More</A>::9::8::6::10::::::6::::::::::::::::::2.0::::::::::::::::yes::::::::::::::::::::::::::yes::::::yes::::::yes::::admin
981464611::Ancient Seahorse Hide Cloak::<A HREF="http://gameznet.com/eq/equipment/ancientseahorsehidecloak.html">More</A>::20::::::::::::::::25::::::::::::::9.0::::yes::yes::yes::yes::yes::yes::yes::yes::::yes::::::::::yes::yes::yes::yes::yes::yes::yes::yes::yes::yes::yes::yes::yes::admin
982453815::Haze Panther Cloak::<A HREF="http://www.gameznet.com/eq/equipment/hazepanthercloak.html">More</A>::8::::::14::14::::::::25::::::::::::::2.0::::::yes::::::::::::::::::::::::::yes::yes::yes::::yes::yes::yes::::yes::::::yes::::admin
983535461::Worked Dragonwing Cloak::<A HREF="http://gameznet.com/eq/equipment/workeddragonwingcloak.html">More</A>::11::3::::::::::7::::::::::::::::::5.2::::yes::yes::::yes::yes::yes::yes::yes::::yes::::::::::yes::yes::yes::yes::yes::yes::yes::yes::yes::yes::yes::yes::yes::admin
983535575::Heavy Dragonwing Cloak::<A HREF="http://gameznet.com/eq/equipment/heavydragonwingcloak.html">More</A>::13::5::::::::::9::::::::::::::::::5.2::::yes::yes::::yes::yes::yes::yes::yes::::yes::::::::::yes::yes::yes::yes::yes::yes::yes::yes::yes::yes::yes::yes::yes::admin
983536350::Othmir Fur Cloak::<A HREF="http://gameznet.com/eq/equipment/othmirfurcloak.html">More</A>::6::::6::::::::4::2::5::::::::4::::2::1.6::::yes::yes::yes::yes::yes::yes::yes::yes::yes::yes::yes::yes::yes::yes::yes::yes::yes::yes::yes::yes::yes::yes::yes::yes::yes::yes::yes::admin
983536645::Cobalt Drake Cloak::<A HREF="http://www.gameznet.com/eq/equipment/cobaltdrakecloak.html">More</A>::9::8::::::::::4::::::23::::8::::::::2.0::::yes::yes::yes::yes::yes::yes::yes::yes::yes::yes::::::::::yes::yes::yes::yes::yes::yes::yes::yes::yes::yes::yes::yes::yes::admin
