990823270::<a href="http://mmo.gameznet.com/ao/bestiary/birds/brawnychirop.shtml">Brawny Chirop</a>::birds,bestiary::admin
990823282::<a href="http://mmo.gameznet.com/ao/bestiary/birds/feeblechirop.shtml">Feeble Chirop</a>::birds,bestiary::admin
990823293::<a href="http://mmo.gameznet.com/ao/bestiary/birds/giantchirop.shtml">Giant Chirop</a>::birds,bestiary::admin
990823309::<a href="http://mmo.gameznet.com/ao/bestiary/birds/reetofparadise.shtml">Reet of Paradise</a>::birds,bestiary::admin
990823426::<a href="http://mmo.gameznet.com/ao/bestiary/dinosaurs/minibronto.shtml">Mini Bronto</a>::dinosaurs,bestiary::admin
990824011::<a href="http://mmo.gameznet.com/ao/bestiary/humanoids/biofreakcarcass.shtml">Biofreak Carcass</a>::humanoids,bestiary::admin
990824022::<a href="http://mmo.gameznet.com/ao/bestiary/humanoids/clawfingerbully.shtml">Clawfinger Bully</a>::humanoids,bestiary::admin
990824033::<a href="http://mmo.gameznet.com/ao/bestiary/humanoids/daftbully.shtml">Daft Bully</a>::humanoids,bestiary::admin
990824044::<a href="http://mmo.gameznet.com/ao/bestiary/humanoids/discontinuedeyeq93.shtml">Discontinued Eye Q-93</a>::humanoids,bestiary::admin
990824062::<a href="http://mmo.gameznet.com/ao/bestiary/humanoids/eyemutantbully.shtml">Eyemutant Bully</a>::eyemutant,humanoids,bestiary::admin
990824077::<a href="http://mmo.gameznet.com/ao/bestiary/humanoids/failedbiox39.shtml">Failed Bio X-39</a>::humanoids,bestiary::admin
990824153::<a href="http://mmo.gameznet.com/ao/bestiary/humanoids/limptentaclemutant.shtml">Limp Tentaclemutant</a>::humanoids,bestiary,tentaclemutant::admin
990824546::<a href="http://mmo.gameznet.com/ao/bestiary/humanoids/shadowmutantblot.shtml">Shadowmutant Blot</a>::humanoids,bestiary, shadowmutant::admin
990824561::<a href="http://mmo.gameznet.com/ao/bestiary/humanoids/shadowmutantspeck.shtml">Shadowmutant Speck</a>::humanoids,bestiary, shadowmutant::admin
990824650::<a href="http://mmo.gameznet.com/ao/bestiary/insects/flea.shtml">Flea</a>::insects,bestiary::admin
990824668::<a href="http://mmo.gameznet.com/ao/bestiary/mammals/adultgofle.shtml">Adult Gofle</a>::mammals,bestiary::admin
990824681::<a href="http://mmo.gameznet.com/ao/bestiary/mammals/grainblubbag.shtml">Grain Blubbag</a>::mammals,bestiary,blubbag::admin
990824696::<a href="http://mmo.gameznet.com/ao/bestiary/mammals/stoneblubbag.shtml">Stone Blubbag</a>::mammals,bestiary,blubbag::admin
990824708::<a href="http://mmo.gameznet.com/ao/bestiary/other/tinystalker.shtml">Tiny Stalker</a>::stalker,bestiary::admin
990824718::<a href="http://mmo.gameznet.com/ao/bestiary/other/wastecollector.shtml">Waste Collector</a>::bestiary::admin
990824745::<a href="http://mmo.gameznet.com/ao/bestiary/reptiles/smoothsnake.shtml">Smooth Snake</a>::snake,bestiary,reptile::admin
990824763::<a href="http://mmo.gameznet.com/ao/bestiary/reptiles/vivaporouslizard.shtml">Vivaporous Lizard</a>::lizard,bestiary,reptile::admin
990824783::<a href="http://mmo.gameznet.com/ao/bestiary/rodents/leet.shtml">Leet</a>::leet,rodent,bestiary::admin
990824845::<a href="http://mmo.gameznet.com/ao/bestiary/rodents/leetas.shtml">Leetas</a>::leet,rodent,bestiary::admin
990824859::<a href="http://mmo.gameznet.com/ao/bestiary/rodents/soleet.shtml">Soleet</a>::leet,rodent,bestiary::admin
990824874::<a href="http://mmo.gameznet.com/ao/bestiary/rodents/rollerrat.shtml">Roller Rat</a>::rat,rodent,bestiary::admin
990824907::<a href="http://mmo.gameznet.com/ao/equipment/ammo/bullets.shtml">Bullets</a>::ammo,equipment::admin
990824921::<a href="http://mmo.gameznet.com/ao/equipment/ammo/energyweaponammo.shtml">Enery Weapon Ammo</a>::ammo,equipment::admin
990824975::<a href="http://mmo.gameznet.com/ao/equipment/ammo/flamethrowerammunition.shtml">Flame Thrower Ammunition</a>::ammo,equipment::admin
990824986::<a href="http://mmo.gameznet.com/ao/equipment/ammo/shotgunshells.shtml">Shotgun Shells</a>::ammo,equipment::admin
990825083::<a href="http://mmo.gameznet.com/ao/equipment/armor/arm/batteredsid.shtml">Battered Sid</a>::arm,battered sid,radiation,fire,cold,melee/ma,imp/proj::admin
990825130::<a href="http://mmo.gameznet.com/ao/equipment/armor/arm/inferiorchilledplasteelarmorsleeves.shtml">Inferior Chilled Plasteel Armor Sleeves</a>::arm,inferior chilled plasteel armor sleeves,energy,imp/proj,melee/ma,cold::admin
990825305::<a href="http://mmo.gameznet.com/ao/equipment/armor/chest/batteredlowtechbodyarmor.shtml">Battered Low-Tech Body Armor</a>::chest,melee/ma,imp/proj,battered low-tech body armor::admin
990825418::<a href="http://mmo.gameznet.com/ao/equipment/armor/legs/basicnanoarmorpants.shtml">Basic Nano Armor Pants</a>::legs,basic nano armor pants,melee/ma,imp/proj,energy,cold,fire,chemical::admin
990825606::<a href="http://mmo.gameznet.com/ao/equipment/weapons/melee/1hblunt/esothericenergybuckler.shtml">Esotheric Energy Buckler</a>::shields,1h blunt,melee,1hblunt,esotheric energy buckler,melee ener,evade clsc::admin
990825652::<a href="http://mmo.gameznet.com/ao/equipment/armor/waist/beltcomponentplatromti100x.shtml">Belt Component Platrom Ti-100x</a>::waist,hud3,deck,belt component platrom ti-100x::admin
990825731::<a href="http://mmo.gameznet.com/ao/equipment/implants/eyes/twiceaugmentedeyeimplantofforcefieldknowledgecaptioning.shtml">Twice Augmented Eye Implant of Force Field Knowledge - Captioning</a>::twice augmented eye implant of forcefield knowledge - captioning, implant,eyes,vehicle hydr,quantum ft::admin
990825896::<a href="http://mmo.gameznet.com/ao/equipment/implants/hands/twiceaugmentedrighthandimplantofweaponknowledgelumping.shtml">Twice Augmented Right Hand Implant of Weapon Knowledge - Lumping</a>::twice augmented right hand implant of weapon knowledge - lumping, grenade, weapon smt::admin
990826100::<a href="http://mmo.gameznet.com/ao/equipment/misc/drugs/psychoactivenightvisiondrug.shtml">Psycho-Active Night Vision Drug</a>::psycho-active night vision drug,drug,pill::admin
990826283::<a href="http://mmo.gameznet.com/ao/equipment/misc/hacking/advancedhackertool.shtml">Advanced Hacker Tool</a>::advanced hacker tool::admin
990826401::<a href="http://mmo.gameznet.com/ao/equipment/misc/vision/nightvisiongoggles.shtml">Night Vision Goggles</a>::night vision goggles,hud1,hud2,hud3,deck1,deck2::admin
990826528::<a href="http://mmo.gameznet.com/ao/equipment/misc/medical/simplefirstaidkit.shtml">Simple First Aid Kit</a>::simple first aid kit, healing::admin
990826638::<a href="http://mmo.gameznet.com/ao/equipment/misc/agressionenhancer.shtml">Agression Enhancer</a>::utils,deck1,deck2,deck3,deck4,deck5::admin
990826740::<a href="http://mmo.gameznet.com/ao/equipment/misc/missionkeyduplicator.shtml">Mission Key Duplicator</a>::mission key duplicator::admin
990826764::<a href="http://mmo.gameznet.com/ao/equipment/misc/organizational/organizationregistrationgizmo.shtml">Organizational Registration Gizmo</a>::organizational registration gizmo::admin
990826852::<a href="http://mmo.gameznet.com/ao/equipment/nanos/general/concealmentproficiency.shtml">Concealment Proficiency</a>::concealment proficiency,nanos::admin
990826894::<a href="http://mmo.gameznet.com/ao/equipment/nanos/agent/startupcrystalminornanoaug.shtml">Minor Nano Augmentation</a>::minor nano augmentation, nanos, agent::admin
990827109::<a href="http://mmo.gameznet.com/ao/equipment/nanos/bureaucrat/botreproduction.shtml">Bot Reproduction</a>::bot reproduction,bureaucrat,nanos::admin
990827135::<a href="http://mmo.gameznet.com/ao/equipment/nanos/bureaucrat/faithfulworkerdroid.shtml">Faithful Worker Droid</a>::faithful worker droid,bureaucrat,pet,nanos::admin
990827166::<a href="http://mmo.gameznet.com/ao/equipment/nanos/bureaucrat/gunslinger.shtml">Gunslinger</a>::gunslinger,bureaucrat,nanos,pistol::admin
990827393::<a href="http://mmo.gameznet.com/ao/equipment/nanos/engineer/advancedautomation.shtml">Advanced Automation</a>::advanced automation,engineer,pet,nanos::admin
990827481::<a href="http://mmo.gameznet.com/ao/equipment/nanos/soldier/partialdeflectionshield.shtml">Partial Deflection Shield</a>::partial deflection shield,nanos,soldier::admin
990827583::<a href="http://mmo.gameznet.com/ao/equipment/weapons/melee/1hblunt/blackjack.shtml">Blackjack</a>::blackjack,1hblunt, 1h blunt, duck-exp::admin
990827700::<a href="http://mmo.gameznet.com/ao/equipment/weapons/melee/2hedged/haxor9922.shtml">Haxor 9922</a>::haxor 9922,2hedged,2h edged, evade clsc::admin
990828307::<a href="http://mmo.gameznet.com/ao/equipment/weapons/melee/piercing/slankchop.shtml">Slank Chop</a>::slank chop,piercing,evade-clsc::admin
990830803::<a href="http://mmo.gameznet.com/ao/equipment/weapons/pistols/aeroborrealiscorona.shtml">Aero Borrealis Corona</a>::aero borrealis corona,pistol,ranged ener,dodge-rng::admin
990830999::<a href="http://mmo.gameznet.com/ao/equipment/weapons/pistols/eldieu.shtml">El Dieu</a>::el dieu,pistol,ranged energ,dodge-rng::admin
990831034::<a href="http://mmo.gameznet.com/ao/equipment/weapons/pistols/ingramblasters23x.shtml">Ingram Blaster 23-X</a>::ingram blaster 23-x,pistol,ranged ener,dodge-rng::admin
990831061::<a href="http://mmo.gameznet.com/ao/equipment/weapons/pistols/minigrinner.shtml">Minigrinner</a>::minigrinner,pistol,mg/smg/dodge-rng::admin
990831093::<a href="http://mmo.gameznet.com/ao/equipment/weapons/pistols/omniflamermarquee4.shtml">Omni-Flamer Marquee 4</a>::omni-flamer marquee 4,pistol,ranged ener,dodge-rng::admin
990831150::<a href="http://mmo.gameznet.com/ao/equipment/weapons/pistols/silverminiblaster.shtml">Silver Mini-Blaster</a>::silver mini-blaster,dodge-rng,pistol::admin
990831233::<a href="http://mmo.gameznet.com/ao/equipment/weapons/rifles/solarpoweredrifle.shtml">Solar Powered Rifle</a>::solar powered rifle,rifle,agent,dodge-rng::admin
990831263::<a href="http://mmo.gameznet.com/ao/equipment/weapons/shotgun/tripplejolt.shtml">Tripplejolt</a>::tripplejolt,shotgun,ranged ener,dodge-rng::admin
990843721::<a href="http://mmo.gameznet.com/ao/equipment/martialartists/attackofthesnake.shtml">Attack of the Snake</a>::attack of the snake,martial arts,martial artist,nano::admin
990843768::<a href="http://mmo.gameznet.com/ao/equipment/armor/chest/omnitekshirt.shtml">Omni-Tek Shirt</a>::omni-tek shirt,chest,melee/ma,imp/proj::admin
990844484::<a href="http://mmo.gameznet.com/ao/equipment/implants/head/twiceaugmentedheadimplantofradiationresistance-forceknowledge.shtml">Twice Augmented Head Implant of Radiation Resistance - Forcefield Knowledge</a>::implant,head,twice augmented head implant of radiation resistance - forcefield knowledge,quantum ft, radiation ac::admin
990844600::<a href="http://mmo.gameznet.com/ao/equipment/nanos/martialartist/lessercontrolledrage.shtml">Lesser Controlled Rage</a>::lesser controlled rage,nanos,martial artist,psycho modi,sensory impr::admin
990844649::<a href="http://mmo.gameznet.com/ao/equipment/nanos/trader/weakdelayedhealthpayment.shtml">Weak Delayed Health Payment</a>::weak delayed health payment,trader,nanos,bio metamor,matt.metam,matter meta::admin
990844676::<a href="http://mmo.gameznet.com/ao/equipment/nanos/trader/weakhealthfunnel.shtml">Weak Health Funnel</a>::weak health funnel,trader,nanos,healing::admin
990844729::<a href="http://mmo.gameznet.com/ao/equipment/weapons/melee/1hedged/rightslice.shtml">Right Slice</a>::right slice,1h edged,evade-clsc::admin
990844771::<a href="http://mmo.gameznet.com/ao/equipment/weapons/shotgun/sawedoffsolarshotgun.shtml">Sawed Off Solar Shotgun</a>::sawed off solar shotgun,ranged ener,duck-exp,imp/proj::admin
990924534::<a href="http://mmo.gameznet.com/ao/mission/">Mission Guide</a>::mission generator guide::admin
990924590::<a href="http://mmo.gameznet.com/ao/bestiary/robots/34ihelper.shtml">34-I Helper</a>::bestiary,robots,34-i helper::admin
990924711::<a href="http://mmo.gameznet.com/ao/equipment/weapons/melee/1hblunt/metashield.shtml">Meta Shield</a>::shields,1h blunt,melee,meta shield,imp/proj,melee/ma,energy ac,chemical ac::admin
990924766::<a href="http://mmo.gameznet.com/ao/equipment/robotics/engineerrobotshell.shtml">Engineer Robot Shell</a>::engineer robot shell::admin
990924791::<a href="http://mmo.gameznet.com/ao/equipment/nanos/adventurer/quickheal.shtml">Quick Heal</a>::nanos,adventurer,quick heal::admin
990924843::<a href="http://mmo.gameznet.com/ao/equipment/nanos/doctor/improvedhealing.shtml">Improved Healing</a>::doctor,improved healing,nanos::admin
990924869::<a href="http://mmo.gameznet.com/ao/equipment/nanos/doctor/prototypebiotoxin.shtml">Prototype Biotoxin</a>::prototype biotoxin,doctor,damage over time,poison,dot::admin
990924895::<a href="http://mmo.gameznet.com/ao/equipment/nanos/enforcer/thugsdelight.shtml">Thug's Delight</a>::thug's delight,thugs,buff,enrocer,nanos::admin
990925024::<a href="http://mmo.gameznet.com/ao/equipment/nanos/engineer/feebleautomation.shtml">Feeble Automation</a>::feeble automation,nanos,engineer,pet::admin
990925048::<a href="http://mmo.gameznet.com/ao/equipment/nanos/engineer/swiftweapon.shtml">Swift Weapon</a>::swift weapon,nanos,engineer,buff,haste::admin
990925084::<a href="http://mmo.gameznet.com/ao/equipment/nanos/fixer/minorsuppressor.shtml">Minor Suppression</a>::minor suppression,fixer,nanos,buff::admin
990925113::<a href="http://mmo.gameznet.com/ao/equipment/nanos/martialartist/lessercontrolledrage.shtml">Lesser Controlled Rage</a>::lesser controlled rage,nanos,martial artist,buff::admin
990925148::<a href="http://mmo.gameznet.com/ao/equipment/nanos/metaphysicist/lesserangermanifestation.shtml">Lesser Anger Manifestation</a>::lesser anger manifestation,meta-physicist,nanos,dd::admin
990925164::<a href="http://mmo.gameznet.com/ao/equipment/nanos/metaphysicist/mindpain.shtml">Mind Pain</a>::mind pain,meta-physicist,nanos,dd::admin
990925192::<a href="http://mmo.gameznet.com/ao/equipment/nanos/nanotechnician/iceflechette.shtml">Ice Flechette</a>::ice flechette,dd,nano-technician::admin
990925213::<a href="http://mmo.gameznet.com/ao/equipment/nanos/nanotechnician/malaiseofmovement.shtml">Malaise of Movement</a>::malaise of movement,root,nano-technician::admin
990925236::<a href="http://mmo.gameznet.com/ao/equipment/nanos/soldier/bodyboost.shtml">Body Boost</a>::body boost,nanos,soldier,buff::admin
990925397::<a href="http://mmo.gameznet.com/ao/equipment/weapons/melee/1hblunt/baseballbat.shtml">Baseball Bat</a>::baseball bat,1h blunt,melee,evade-clsc,melee/ma::admin
990925773::<a href="http://mmo.gameznet.com/ao/equipment/weapons/assaultrifle/solarpoweredassaultrifle.shtml">Solar Powered Assault Rifle</a>::solar powered assault rifle,burst,flingshot,soldier,imp/proj ac::admin
990925894::<a href="http://mmo.gameznet.com/ao/equipment/weapons/mgsmg/solarpoweredsubmachinegun.shtml">Solared Powered Submachinegun</a>::solar powered submachinegun,burst,mg/smg,dodge-rng,fixer::admin
990928942::<a href="http://mmo.gameznet.com/ao/equipment/nanos/bureaucrat/momentarydaze.shtml">Momentary Daze</a>::momentary daze,bureaucrat,nanos,root::admin
990929003::<a href="http://mmo.gameznet.com/ao/equipment/nanos/bureaucrat/wintersbite.shtml">Winter's Bite</a>::winter's bite,bureaucrat,dd,nanos::admin
990929037::<a href="http://mmo.gameznet.com/ao/equipment/misc/medical/treatmentlaboratory.shtml">Treatment Laboratory</a>::treatment laboratory,medical,healing::admin
990929076::<a href="http://mmo.gameznet.com/ao/bestiary/birds/stoutchirop.shtml">Stout Chirop</a>::stout chirop,bestiary,birds::admin
990929108::<a href="http://mmo.gameznet.com/ao/bestiary/robots/probe2000-1.shtml">Probe 2000-1</a>::probe 2000-1,robots,bestiary::admin
990995408::<a href="http://mmo.gameznet.com/ao/equipment/armor/head/inferiortitanplasteelarmorhelmet.shtml">Inferior Plasteel Armor Helmet</a>::inferior plasteel armor helmet,head,radiation,cold,imp/proj,melee/ma,energy::admin
990995445::<a href="http://mmo.gameznet.com/ao/equipment/armor/finger/ringofpower-physics.shtml'>Ring of Power - Physics</a>::ring of power - physics,finger,317missing,281missing,282missing::admin
990995488::<a href="http://mmo.gameznet.com/ao/equipment/armor/feet/batteredlowtecharmorboots.shtml">Battered Low-Tech Armor Boots</a>::battered low-tech armor boots,feet,melee/ma,imp/proj::admin
990995570::<a href="http://mmo.gameznet.com/ao/equipment/weapons/melee/piercing/rustyspikedaxe.shtml">Rusty Spiked Axe</a>::rusty spiked axe,2h edged,piercing,melee,evade-clsc::admin
991026112::<a href="http://mmo.gameznet.com/ao/equipment/weapons/melee/1hedged/ritualkrysknife.shtml">Ritual Krys Knife</a>::ritual krys knife,1h edged,evad-clsc,melee::admin
991026144::<a href="http://mmo.gameznet.com/ao/equipment/weapons/melee/1hedged/bowsplit.shtml">Bow Split</a>::bow split,1h edged,melee,evade-clsc::admin
991026219::<a href="http://mmo.gameznet.com/ao/equipment/misc/medical/basicnanorecharger.shtml">Basic Nano Recharger</a>::basic nano recharger,miscellaneous,nanos,medical::admin
991026270::<a href="http://mmo.gameznet.com/ao/equipment/armor/chest/catsuittopwithastarprint.shtml">Catsuit Top with a Star Print</a>::catsuit top with a star print,chest::admin
991026355::<a href="http://mmo.gameznet.com/ao/equipment/nanos/trader/patchyhealthfunnel.shtml">Patchy Health Funnel</a>::patchy health funnel,trader,nanos,lifetap::admin
991026381::<a href="http://mmo.gameznet.com/ao/equipment/nanos/nanotechnician/minortoxicbarb.shtml">Minor Toxic Barb</a>::minor toxic bar,dd,nano-technician,nanos::admin
991026400::<a href="http://mmo.gameznet.com/ao/equipment/nanos/nanotechnician/weaksmitingmissile.shtml">Weak Smiting Missile</a>::weak smiting missile,dd,nano-technician,nanos::admin
991026470::<a href="http://mmo.gameznet.com/ao/equipment/nanos/metaphysicist/angermanifestation.shtml">Anger Manifestation</a>::anger manifestation,dd,meta-physicist,nanos::admin
991190609::<a href="http://mmo.gameznet.com/ao/equipment/implants/arm/maximumaugmentedrightarmimplantoflumpslashprotpiercing.shtml">Maximum Augmented Right Arm Implant of Lumping - Slashing Protection - Piercing</a>::maximum augmented right arm implant of lumping - slashing protection - piercing,implant,rightarm::admin
991190652::<a href="http://mmo.gameznet.com/ao/equipment/armor/finger/ringofpower-elements.shtml">Ring of Power - Elements</a>::ring of power - elements,finger::admin
991190769::<a href="http://mmo.gameznet.com/ao/equipment/nanos/enforcer/avengingshield.shtml">Avenging Shield</a>::avenging shield,enforcer,nanos,damage shield::admin
991190835::<a href="http://mmo.gameznet.com/ao/equipment/nanos/fixer/basicinsurancehack.shtml">Basic Insurance Hack</a>::basic insurance hack,regen,fixer,nanos::admin
991190856::<a href="http://mmo.gameznet.com/ao/equipment/nanos/fixer/poisonmodification.shtml">Poison Modification</a>::poison modification,fixer,buff,melee::admin
991191008::<a href="http://mmo.gameznet.com/ao/equipment/nanos/martialartist/ironfist.shtml">Iron Fist</a>::iron fist,martial artist,nanos,buff::admin
991191033::<a href="http://mmo.gameznet.com/ao/equipment/nanos/martialartist/toughenskin.shtml">Toughen Skin</a>::toughen skin,buff,martial artist,nanos::admin
991191205::<a href="http://mmo.gameznet.com/ao/equipment/nanos/martialartist/steelskin.shtml">Steel Skin</a>::steel skin,buff,nanos,martial artist::admin
991191224::<a href="http://mmo.gameznet.com/ao/equipment/nanos/martialartist/musclestim.shtml">Muscle Stim</a>::muscle stim,buff,nanos,martial artist::admin
991192151::<a href="http://mmo.gameznet.com/ao/equipment/nanos/trader/balancedstriker.shtml">Balanced Striker</a>::balanced striker,trader,buff,nanos::admin
991192174::<a href="http://mmo.gameznet.com/ao/equipment/nanos/trader/lossyhealthfunnel.shtml">Lossy Health Funnel</a>::lossy health funnel,trader,nanos,lifetap::admin
991192236::<a href="http://mmo.gameznet.com/ao/equipment/nanos/trader/margincall.shtml">Margin Call</a>::margin call,debuff,trader,nanos::admin
991192399::<a href="http://mmo.gameznet.com/ao/equipment/nanos/trader/stickyground.shtml">Sticky Ground</a>::sticky ground,trader,nanos.root::admin
991192426::<a href="http://mmo.gameznet.com/ao/equipment/nanos/trader/patchyhealthfunnel.shtml">Patchy Health Funnel</a>::patchy health funnel,trader,nanos,lifetap::admin
991192961::<a href="http://mmo.gameznet.com/ao/equipment/nanos/trader/apprenticepharmaceuticals.shtml">Apprentice: Pharmaceuticals</a>::apprentice: pharmaceuticals,buff,nanos,trader::admin
991192987::<a href="http://mmo.gameznet.com/ao/equipment/nanos/trader/apprenticeweaponsmithing.shtml">Apprentice: Weapon Smithing</a>::apprentice: weapon smithing,buff,nanos,trader::admin
991193016::<a href="http://mmo.gameznet.com/ao/equipment/nanos/trader/lesserdetaincustomer.shtml">Lesser Detain Customer</a>::lesser detain customer,trader,nanos,root::admin
991193047::<a href="http://mmo.gameznet.com/ao/equipment/nanos/trader/depriveskills-weak.shtml">Deprive Skills(Weak)</a>::deprive skills(weak),siphon,nanos,trader::admin
991193075::<a href="http://mmo.gameznet.com/ao/equipment/nanos/trader/majorhealthfunnel.shtml">Major Health Funnel</a>::major health funnel,lifetap,trader,nanos::admin
991193094::<a href="http://mmo.gameznet.com/ao/equipment/nanos/trader/minorhealthfunnel.shtml">Minor Health Funnel</a>::minor health funnel,trader,nanos,lifetap::admin
991193125::<a href="http://mmo.gameznet.com/ao/equipment/nanos/trader/greaterhealthfunnel.shtml">Greater Health Funnel</a>::greater health funnel,trader,nanos,lifetap::admin
991193154::<a href="http://mmo.gameznet.com/ao/equipment/nanos/trader/ransackskills-weak.shtml">Ransack Skills(Weak)</a>::ransack skills(weak),trader,nanos,lifetap::admin
991193194::<a href="http://mmo.gameznet.com/ao/equipment/nanos/trader/apprenticefieldquantumphysics.shtml">Apprentice: Field Quantum Physics</a>::apprentice: field quantum physics,trader,buff,nanos::admin
991193217::<a href="http://mmo.gameznet.com/ao/equipment/nanos/trader/apprenticemechanicalengineering.shtml">Apprentice: Mechanical Engineering</a>::apprentice: mechanical engineering,trader,buff,nanos::admin
991193239::<a href="http://mmo.gameznet.com/ao/equipment/nanos/trader/lesserembraceofgod.shtml">Lesser Embrace of God</a>::lesser embrace of god,nanos,trader,root::admin
991193258::<a href="http://mmo.gameznet.com/ao/equipment/nanos/trader/depriveskills-minor.shtml">Deprive Skills(Minor)</a>::deprive skills minor,siphon,trader,nanos::admin
991193279::<a href="http://mmo.gameznet.com/ao/equipment/nanos/trader/ransackskills-lesser.shtml">Ransack Skills(Lesser</a>::ransack skills(lesser),trader,nanos,siphon::admin
991193347::<a href="http://mmo.gameznet.com/ao/equipment/nanos/trader/ridingshotgun.shtml">Riding Shotgun</a>::riding shotgun,group buff,trader,nanos::admin
991193366::<a href="http://mmo.gameznet.com/ao/equipment/nanos/trader/depriveskills-lesser.shtml">Deprive Skills(Lesser)</a>::deprive skills(lesser),nanos,trader,siphon::admin
991193388::<a href="http://mmo.gameznet.com/ao/equipment/nanos/trader/depriveskills-lossy.shtml">Deprive Skills(Lossy)</a>::deprive skills(lossy),trader,nanos,siphon::admin
991193557::<a href="http://mmo.gameznet.com/ao/equipment/nanos/trader/healtlhfunnel.shtml">Health Funnel</a>::health funnel,lifetap,trader,nanos::admin
991193713::<a href="http://mmo.gameznet.com/ao/equipment/nanos/trader/ransackskills-minor.shtml">Ransack Skills(Minor)</a>::ransack skills(minor),siphon,trader,nanos::admin
991193802::<a href="http://mmo.gameznet.com/ao/equipment/nanos/trader/advancedhealthfunnel.shtml">Advanced Health Funnel</a>::advanced health funnel,lifetap,trader,nanos::admin
991193847::<a href="http://mmo.gameznet.com/ao/equipment/nanos/trader/apprenticeelectricalengineering.shtml">Apprentice: Electrical Engineering</a>::apprentice: electrical engineering,nanos,trader,buff::admin
991194379::<a href="http://mmo.gameznet.com/ao/equipment/nanos/trader/weakhealthfreeloader.shtml">Weak Health Freeloader</a>::weak health freeloader,trader,nanos,lifetap::admin
991194464::<a href="http://mmo.gameznet.com/ao/equipment/nanos/trader/lendnano100.shtml">Lend Nano: 100</a>::lend nano: 100,nanos,trader,xfer::admin
991194765::<a href="http://mmo.gameznet.com/ao/equipment/nanos/trader/ransackskills.shtml">Ransack Skills</a>::ransack skills,trader,siphon,nanos::admin
991194784::<a href="http://mmo.gameznet.com/ao/equipment/nanos/trader/depriveskills-major.shtml">Deprive Skills(Major)</a>::deprive skills(major),siphon,trader,nanos::admin
991194871::<a href="http://mmo.gameznet.com/ao/equipment/nanos/trader/hiredhands.shtml">Hired Hands</a>::hired hands,nanos,trader,group buff::admin
991194892::<a href="http://mmo.gameznet.com/ao/equipment/nanos/trader/sophisticatedhealthfunnel.shtml">Sophisticated Health Funnel</a>::sophisticated health funnel,lifetap,nanos,trader::admin
991194913::<a href="http://mmo.gameznet.com/ao/equipment/nanos/trader/profiteersgrip.shtml">Profiteer's Grip</a>::profiteer's grip,nanos,root,trader::admin
991194937::<a href="http://mmo.gameznet.com/ao/equipment/nanos/trader/lossyhealthfreeloader.shtml">Lossy Health Freeloader</a>::lossy health freeloader,nanos,trader,lifetap::admin
991194956::<a href="http://mmo.gameznet.com/ao/equipment/nanos/trader/depriveskills.shtml">Deprive Skills</a>::deprive skills,siphon,nanos,trader::admin
991194986::<a href="http://mmo.gameznet.com/ao/equipment/nanos/trader/embraceofgreed.shtml">Embrace of Greed</a>::embrace of greed,root,trader,nanos::admin
991195006::<a href="http://mmo.gameznet.com/ao/equipment/nanos/trader/patchyhealthfreeloader.shtml">Patchy Health Freeloader</a>::patchy health freeloader,nanos,trader,lifetap::admin
991260410::<a href="http://mmo.gameznet.com/ao/equipment/misc/organizational/organizationregistrationfinalizerkey.shtml">Organization Registration Finalizer Key</a>::organization registration finalizer key,miscellaneous::admin
991260454::<a href="http://mmo.gameznet.com/ao/equipment/misc/cloakingdevice.shtml">Cloaking Device</a>::cloaking device,miscellaneous::admin
991260490::<a href="http://mmo.gameznet.com/ao/equipment/misc/reflectionshieldprojector.shtml">Reflection Shield Projector</a>::reflection shield projector,miscellaneous::admin
991260526::<a href="http://mmo.gameznet.com/ao/equipment/misc/fieldprimers/longbluntweaponsfieldprimer.shtml">Long Blunt Weapons Field Primer</a>::long blunt weapons field primer::admin
991260543::<a href="http://mmo.gameznet.com/ao/equipment/misc/fieldprimers/lumpingweaponsfieldprimer.shtml">Lumping Weapons Field Primer</a>::lumping weapons field primer,grenades::admin
991260562::<a href="http://mmo.gameznet.com/ao/equipment/misc/fieldprimers/piercingweaponsfieldprimer.shtml">Piercing Weapons Field Primer</a>::piercing weapons field primer::admin
991260664::<a href="http://mmo.gameznet.com/ao/equipment/misc/huds/lowlighttargettingscope.shtml">Low Light Targetting Scope</a>::low light targetting scope,hud3::admin
991260696::<a href="http://mmo.gameznet.com/ao/equipment/martialartists/blessedwiththunder.shtml">Blessed with Thunder</a>::blessed with thunder,martial arts::admin
991260718::<a href="http://mmo.gameznet.com/ao/equipment/martialartists/brightbluecloudlessksy.shtml">Bright, Blue, Cloudless Sky</a>::bright, blue, cloudless sky,martial arts::admin
991260734::<a href="http://mmo.gameznet.com/ao/equipment/martialartists/shen.shtml">Shen</a>::shen,martial arts::admin
991260825::<a href="http://mmo.gameznet.com/ao/equipment/armor/chest/topwithablueleopardprint.shtml">Top with a Blue Leopard Print</a>::top with a blue leopard print,chest::admin
991260972::<a href="http://mmo.gameznet.com/ao/equipment/armor/wrist/boosted-graftfieldquantumphysics.shtml">Boosted Graft: Field Quantum Physics Expertise</a>::boosted graft: field quantum physics expertise,rightwrist,leftfist::admin
991260990::<a href="http://mmo.gameznet.com/ao/equipment/armor/wrist/boosted-graftweakenlock.shtml">Boosted Graft: Weaken Lock</a>::boosted graft: weaken lock,rightwrist,leftwrist::admin
991261041::<a href="http://mmo.gameznet.com/ao/equipment/armor/shields/energybuckler.shtml">Energy Buckler</a>::energy buckler,1h blunt,,melee ener,shields::admin
991261079::<a href="http://mmo.gameznet.com/ao/equipment/weapons/melee/2hblunt/banjo.shtml">Banjo</a>::banjo,2h blunt::admin
991261097::<a href="http://mmo.gameznet.com/ao/equipment/weapons/melee/2hblunt/notumstaff.shtml">Notum Staff</a>::notum staff, 2h blunt::admin
991261124::<a href="http://mmo.gameznet.com/ao/equipment/weapons/shotgun/biogun.shtml">Biogun</a>::biogun,pistol,shotgun::admin
991261147::<a href="http://mmo.gameznet.com/ao/equipment/weapons/rifles/blackenedblaster.shtml">Blackened Blaster</a>::blackened blaster,rifle::admin
991261177::<a href="http://mmo.gameznet.com/ao/equipment/weapons/pistols/blackenedminiblaster.shtml">Blackened Mini-Blaster</a>::blackened mini-blaster,pistol,1h edged::admin
991261329::<a href="http://mmo.gameznet.com/ao/equipment/weapons/bows/bowblaster.shtml">Bow Blaster</a>::bow blaster,bows::admin
991261375::<a href="http://mmo.gameznet.com/ao/equipment/weapons/bows/kevlarbow.shtml">Kevlar Bow</a>::kevlar bow,bows::admin
991261390::<a href="http://mmo.gameznet.com/ao/equipment/weapons/melee/1hedged/cutlass.shtml">Cutlass</a>::cutlass,1h edged::admin
991261406::<a href="http://mmo.gameznet.com/ao/equipment/weapons/melee/1hedged/meatcleaver.shtml">Meatcleaver</a>::meatcleaver,1h edged::admin
991261424::<a href="http://mmo.gameznet.com/ao/equipment/weapons/melee/1hedged/refurbishedmoonedge.shtml">Refurbished Moon Edge</a>::refurbished moon edge,1h edged,martial arts::admin
991261466::<a href="http://mmo.gameznet.com/ao/equipment/weapons/melee/2hedged/e-blade.shtml">E-Blade</a>::e-blade,2h edged::admin
991261480::<a href="http://mmo.gameznet.com/ao/equipment/weapons/melee/2hedged/katana.shtml">Katana</a>::katana,2h edged::admin
991261513::<a href="http://mmo.gameznet.com/ao/equipment/weapons/melee/2hedged/long-axehyper200x.shtml">Long-Axe Hyper 200x</a>::long-axe hyper 200x,2h edged::admin
991261542::<a href="http://mmo.gameznet.com/ao/equipment/weapons/assaultrifle/e-beamer.shtml">E-Beamer</a>::e-beamer,assault rifles::admin
991261566::<a href="http://mmo.gameznet.com/ao/equipment/weapons/assaultrifle/eradicatorxci-52.shtml">Eradicator XCI-52</a>::eradicator xci-52,assault rifles::admin
991261583::<a href="http://mmo.gameznet.com/ao/equipment/weapons/assaultrifle/gatlingsaw20k.shtml">Gatling Saw 20k</a>::gatling saw 20k,assault rifles::admin
991261639::<a href="http://mmo.gameznet.com/ao/equipment/weapons/assaultrifle/nanochargedassaultrifle.shtml">Nano Charged Assault Rifle</a>::nano charged assault rifle::admin
991261720::<a href="http://mmo.gameznet.com/ao/equipment/weapons/assaultrifle/plasmaprojector.shtml">Plasmaprojector</a>::plasmaprojector,assault rifles::admin
991261814::<a href="http://mmo.gameznet.com/ao/equipment/weapons/shotgun/chunkprojector.shtml">Chunkprojector</a>::chunkprojector,shotgun::admin
991261827::<a href="http://mmo.gameznet.com/ao/equipment/weapons/shotgun/megajolt.shtml">Megajolt</a>::megajolt,shotgun::admin
991261855::<a href="http://mmo.gameznet.com/ao/equipment/weapons/shotgun/mini-shotgun.shtml">Mini-Shotgun</a>::mini-shotgun,shotgun::admin
991261914::<a href="http://mmo.gameznet.com/ao/equipment/weapons/grenades/grenadethrower.shtml">Grenade Thrower</a>::grenade thrower,grenades::admin
991261965::<a href="http://mmo.gameznet.com/ao/equipment/weapons/mgsmg/enricheduraniumsprayer.shtml">Enriched Uranium Sprayer</a>::enriched uranium sprayer,mg/smg::admin
991261983::<a href="http://mmo.gameznet.com/ao/equipment/weapons/mgsmg/heavyleadsprayer.shtml">Heavy Lead Sprayer</a>::heavy lead sprayer,mg/smg,assault rifle::admin
991262002::<a href="http://mmo.gameznet.com/ao/equipment/weapons/mgsmg/rustybolter42mm.shtml">Rusty Bolter 42mm</a>::rusty bolter 42mm,mg/smg,assault rifle::admin
991262241::<a href="http://mmo.gameznet.com/ao/equipment/weapons/pistols/kolt58magnum.shtml">Kolt 58 Magnum</a>::kolt 58 magnum,pistols::admin
991262283::<a href="http://mmo.gameznet.com/ao/equipment/weapons/pistols/lightbeamerpistol.shtml">Light Beamer Pistol</a>::light beamer pistols::admin
991262302::<a href="http://mmo.gameznet.com/ao/equipment/weapons/pistols/minielectronium.shtml">Minielectronium</a>::minielectronium,pistols::admin
991262324::<a href="http://mmo.gameznet.com/ao/equipment/weapons/melee/1hblunt/leadpipe.shtml">Lead Pipe</a>::lead pipe,1h blunt::admin
991262345::<a href="http://mmo.gameznet.com/ao/equipment/weapons/melee/1hblunt/nanochargedstunglove.shtml">Nano Charged Stun Glove</a>::nano charged stun glove,righthand,lefthand,1h blunt::admin
991262367::<a href="http://mmo.gameznet.com/ao/equipment/weapons/melee/piercing/notumspear.shtml">Notum Spear</a>::notum spear,piercing::admin
991262441::<a href="http://mmo.gameznet.com/ao/equipment/weapons/melee/2hedged/crashedjobebattleaxe.shtml">Crashed Jobe Battle Axe</a>::crashed jobe battle axe,piercing,2h edged::admin
991262495::<a href="http://mmo.gameznet.com/ao/equipment/weapons/melee/2hedged/nighthawkionthagspear.shtml">Nighthawk Ion Thag Spear</a>::nighthawk ion thag spear,piercing,2h edged::admin
991262536::<a href="http://mmo.gameznet.com/ao/equipment/weapons/melee/2hedged/secondhandthaghedwhings.shtml">Second Hand Thaghed Whings</a>::second hand thaghed whings,piercing,2h edged::admin
991275179::<a href="http://mmo.gameznet.com/ao/equipment/misc/fieldprimers/shotgunsfieldprimer.shtml">Shotguns Field Primer</a>::shotguns field primer::admin
991275233::<a href="http://mmo.gameznet.com/ao/equipment/misc/huds/yatamutchymovementpredictorx7b.shtml">Yatamutchy Movement Predictor -X7B</a>::yatamutchy movement predictor -x7b,hud1::admin
991275299::<a href="http://mmo.gameznet.com/ao/equipment/weapons/melee/2hedged/sirgalahadssword.shtml">Sir Galahad's Sword</a>::sir galahad's sword,2h edged::admin
991275330::<a href="http://mmo.gameznet.com/ao/equipment/weapons/pistols/seekblaster.shtml">Seekblaster</a>::seekblaster,pistols::admin
991275345::<a href="http://mmo.gameznet.com/ao/equipment/weapons/pistols/seekblastermajor.shtml">Seekblaster Major</a>::seekblaster major,pistols::admin
991275426::<a href="http://mmo.gameznet.com/ao/equipment/weapons/pistols/originalplasmaemitter.shtml">Original Plasmaemitter</a>::original plasmaemitter,pistols::admin
991275445::<a href="http://mmo.gameznet.com/ao/equipment/weapons/rifles/stantonstunneriv.shtml">Stanton Stunner IV</a>::stanton stunner iv,rifles::admin
991275469::<a href="http://mmo.gameznet.com/ao/equipment/weapons/mgsmg/subturbine.shtml">Subturbine</a>::subturbine,mg/smg::admin
991275491::<a href="http://mmo.gameznet.com/ao/equipment/weapons/melee/piercing/stabber.shtml">Stabber</a>::stabber,piercing::admin
991275525::<a href="http://mmo.gameznet.com/ao/equipment/weapons/assaultrifle/sunburstmarkiii.shtml">Sunburst Mark III</a>::sunburst mark iii,assault rifles::admin
991275541::<a href="http://mmo.gameznet.com/ao/equipment/weapons/assaultrifle/supernovamarkvi.shtml">Supernova Mark VI</a>::supernova mark vi,assault rifles::admin
991275564::<a href="http://mmo.gameznet.com/ao/equipment/weapons/melee/2hblunt/supportbeam.shtml">Support Beam</a>::support beam,2h blunt::admin
991275608::<a href="http://mmo.gameznet.com/ao/equipment/weapons/melee/1hblunt/titaniumcrowbar.shtml">Titanium Crowbar</a>::titanium crowbar,1h blunt::admin
991275641::<a href="http://mmo.gameznet.com/ao/equipment/weapons/melee/1hedged/uselesstrippelblade.shtml">Useless Tripple Blade</a>::useless tripple blade,1h edged,piercing::admin
991275668::<a href="http://mmo.gameznet.com/ao/equipment/weapons/melee/piercing/whings.shtml">Whings</a>::whings,2h edged,piercing::admin
991284661::<a href="http://mmo.gameznet.com/ao/equipment/nanos/general/1hbluntweaponinexperience.shtml">1H Blunt Weapon Inexperience</a>::1h blunt weapon inexperience,nanos,debuff::admin
991284676::<a href="http://mmo.gameznet.com/ao/equipment/nanos/general/augmentagility.shtml">Augment Agility</a>::augment agility,buff,nanos::admin
991285284::<a href="http://mmo.gameznet.com/ao/equipment/nanos/general/augmentintelligence.shtml">Augment Intelligence</a>::augment intelligence,buff,nanos::admin
991285305::<a href="http://mmo.gameznet.com/ao/equipment/nanos/general/augmentpsychic.shtml">Augment Psychic</a>::augment psychic,buff,nanos::admin
991285320::<a href="http://mmo.gameznet.com/ao/equipment/nanos/general/augmentsense.shtml">Augment Sense</a>::augment sense,buff,nanos::admin
991285341::<a href="http://mmo.gameznet.com/ao/equipment/nanos/general/augmentstamina.shtml">Augment Stamina</a>::augment stamina,nanos,buff::admin
991285356::<a href="http://mmo.gameznet.com/ao/equipment/nanos/general/augmentstrength.shtml">Augment Strength</a>::augment strength,nanos,buff::admin
991285375::<a href="http://mmo.gameznet.com/ao/equipment/nanos/general/biometinexperience.shtml">Biomet Inexperience</a>::biomet inexperience,nanos,debuff::admin
991285394::<a href="http://mmo.gameznet.com/ao/equipment/nanos/general/bowproficiency.shtml">Bow Proficiency</a>::bow proficiency,buff,nanos::admin
991285412::<a href="http://mmo.gameznet.com/ao/equipment/nanos/general/computerlitproficiency.shtml">Computer Literacy Proficiency</a>::computer literacy proficiency,nanos,buff::admin
991285485::<a href="http://mmo.gameznet.com/ao/equipment/nanos/general/disarmtrapsproficiency.shtml">Disarm Traps Proficiency</a>::disarm traps proficiency,buff,nanos::admin
991285626::<a href="http://mmo.gameznet.com/ao/equipment/nanos/general/electricalengineeringproficiency.shtml">Electrical Engineering Proficiency</a>::electrical engineering proficiency,buff,nanos::admin
991285648::<a href="http://mmo.gameznet.com/ao/equipment/nanos/general/energymeleeproficiency.shtml">Energy Melee Proficiency</a>::energy melee proficiency,buff,nanos::admin
991285672::<a href="http://mmo.gameznet.com/ao/equipment/nanos/general/fieldquantumphysicsprof.shtml">Field Quantum Physics Proficiency</a>::field quantum physics proficiency,nanos,buff::admin
991285691::<a href="http://mmo.gameznet.com/ao/equipment/nanos/general/grenadeprof.shtml">Grenade Proficiency</a>::grenade proficiency,nanos,buff::admin
991285710::<a href="http://mmo.gameznet.com/ao/equipment/nanos/general/lrenergyweaponprof.shtml">LR Energy Weapon Proficiency</a>::lr energy weapon proficiency,nanos,buff::admin
991285733::<a href="http://mmo.gameznet.com/ao/equipment/nanos/general/mechanicalengineeringprof.shtml">Mechanical Engineering Proficiency</a>::mechanical engineering proficiency,buff,nanos::admin
991285753::<a href="http://mmo.gameznet.com/ao/equipment/nanos/general/minorhealing.shtml">Minor Healing</a>::minor healing,nanos::admin
991285867::<a href="http://mmo.gameznet.com/ao/equipment/nanos/general/nanoprogrammingprof.shtml">Nano Programming Proficiency</a>::nano programming proficiency,nanos,buff::admin
991285896::<a href="http://mmo.gameznet.com/ao/equipment/nanos/general/piercinginexperience.shtml">Piercing Inexperience</a>::piercing inexperience,debuff,nanos::admin
991285940::<a href="http://mmo.gameznet.com/ao/equipment/nanos/general/pistolinexperience.shtml">Pistol Inexperience</a>::pistol inexperience,debuff,nanos::admin
991285962::<a href="http://mmo.gameznet.com/ao/equipment/nanos/general/pistolproficiency.shtml">Pistol Proficiency</a>::pistol proficiency,buff,nanos::admin
991286010::<a href="http://mmo.gameznet.com/ao/equipment/nanos/general/psychologyprof.shtml">Psychology Proficiency</a>::psychology proficiency,buff,nanos::admin
991286030::<a href="http://mmo.gameznet.com/ao/equipment/nanos/general/psymodinexperience.shtml">PsyMod Inexperience</a>::psymod inexperience,nanos,debuff::admin
991286096::<a href="http://mmo.gameznet.com/ao/equipment/nanos/general/psymodprof.shtml">PsyMod Proficiency</a>::psymod proficiency,buff,nanos::admin
991286124::<a href="http://mmo.gameznet.com/ao/equipment/nanos/general/sensoryimprovementinexperience.shtml">Sensory Improvement Inexperience</a>::sensory improvment inexperience,nanos,debuff::admin
991286148::<a href="http://mmo.gameznet.com/ao/equipment/nanos/general/sensoryimprovementprof.shtml">Sensory Improvement Proficiency</a>::sensory improvement proficiency,nanos,buff::admin
991286177::<a href="http://mmo.gameznet.com/ao/equipment/nanos/general/spaceandtimeinexperience.shtml">Space&Time Inexperience</a>::space&time inexperience,debuff,nanos::admin
991286239::<a href="http://mmo.gameznet.com/ao/equipment/nanos/general/submachineguninexp.shtml">Sub Machine Gun Inexperience</a>::sub machine gune inexperience,nanos,debuff,mg/smg::admin
991286259::<a href="http://mmo.gameznet.com/ao/equipment/nanos/general/swimprof.shtml">Swim Proficiency</a>::swim proficiency,nanos,buff::admin
991286286::<a href="http://mmo.gameznet.com/ao/equipment/nanos/general/throwingknifeinexperience.shtml">Throwing Knife Inexperience</a>::throwing knife inexperience,debuff,nanos::admin
991286306::<a href="http://mmo.gameznet.com/ao/equipment/nanos/general/throwngrapplingweaponprof.shtml">Thrown Grappling Weapon Proficiency</a>::thrown grappling weapon proficiency,nanos,buff::admin
991286321::<a href="http://mmo.gameznet.com/ao/equipment/nanos/general/treatmentprof.shtml">Treatment Proficiency</a>::treatment proficiency,buff,nanos::admin
991286339::<a href="http://mmo.gameznet.com/ao/equipment/nanos/general/tutoringprof.shtml">Tutoring Proficiency</a>::tutoring proficiency,nanos,buff::admin
991700642::<a href="http://mmo.gameznet.com/ao/bestiary/aquatic/enhancedshark.shtml">Enhanced Shark</a>::enhanced shark,bestiary,aquatic::admin
991700654::<a href="http://mmo.gameznet.com/ao/bestiary/rodents/eleet.shtml">Eleet</a>::eleet,bestiary,rodent::admin
991700674::<a href="http://mmo.gameznet.com/ao/equipment/misc/drugs/boostedstim.shtml">Boosted Stim</a>::boosted stim,hp,drugs::admin
991700690::<a href="http://mmo.gameznet.com/ao/equipment/misc/drugs/burstofspeedstim.shtml">Burst of Speed Stim</a>::burst of speed stim,drugs,haste::admin
991700712::<a href="http://mmo.gameznet.com/ao/equipment/implants/hands/fadedbludgeoningrighthandimplant.shtml">Faded Bludgeoning Right Hand Implant</a>::faded bludgeoning right hand implant,1h blunt::admin
991700727::<a href="http://mmo.gameznet.com/ao/equipment/misc/medical/simplenanokit.shtml">Simple Nano Kit</a>::simple nano kit,medical::admin
991700742::<a href="http://mmo.gameznet.com/ao/equipment/misc/medical/surgeryclinic.shtml">Surgery Clinic</a>::surgery clinic,medical::admin
991700763::<a href="http://mmo.gameznet.com/ao/equipment/misc/organizational/organizationmembershipcard.shtml">Organization Membership Card</a>::organization membership card::admin
991700781::<a href="http://mmo.gameznet.com/ao/equipment/armor/finger/ringofluck-defensive.shtml">Ring of Luck - Defensive</a>::ring of luck - defensive,rings::admin
991700796::<a href="http://mmo.gameznet.com/ao/equipment/armor/finger/ringofpower-energy.shtml">Ring of Power - Energy</a>::ring of power - energy,rings::admin
991700814::<a href="http://mmo.gameznet.com/ao/equipment/misc/tutoringdevices/fieldquantumft.shtml">Field Quantum Physics Tutoring Device</a>::field quantum physics tutoring device::admin
991718836::<a href="http://mmo.gameznet.com/ao/equipment/armor/arm/basicmartialartistsuitsleeves.shtml">Basic Martial Arts Suit Sleeves</a>::basic martial arts suit sleeves,arms::admin
991718848::<a href="http://mmo.gameznet.com/ao/equipment/containers/bigbag.shtml">Big Bag</a>::big bag,containers::admin
991718864::<a href="http://mmo.gameznet.com/ao/equipment/containers/bookofknowledge.shtml">Book of Knowledge</a>::book of knowledge,containers::admin
991718877::<a href="http://mmo.gameznet.com/ao/equipment/containers/smallbag.shtml">Small Bag</a>::small bag,containers::admin
991718892::<a href="http://mmo.gameznet.com/ao/equipment/misc/hacking/bombdisarmamenttools.shtml">Bomb Disarmament Tools</a>::bomb disarmament tools::admin
991718912::<a href="http://mmo.gameznet.com/ao/equipment/misc/hacking/breakingandenteringtool.shtml">Breaking and Entering Tool</a>::breaking and entering tools::admin
991718982::<a href="http://mmo.gameznet.com/ao/equipment/misc/infotools/aggressive.shtml">Information Tool - Aggressive</a>::information tool - aggressive::admin
991719009::<a href="http://mmo.gameznet.com/ao/equipment/misc/infotools/level.shtml">Information Tool - Level</a>::information tool - level::admin
991719027::<a href="http://mmo.gameznet.com/ao/equipment/misc/infotools/lifenanopoints.shtml">Information Tool - Life and Nano Points</a>::information tool - life and nano points::admin
991719046::<a href="http://mmo.gameznet.com/ao/equipment/armor/legs/redrubberpants.shtml">Red Rubber Pants</a>::red rubber pants,legs::admin
991719059::<a href="http://mmo.gameznet.com/ao/equipment/misc/4ncumemory.shtml">4 NCU Memory</a>::4 ncu memory::admin
991767302::<a href="http://mmo.gameznet.com/ao/equipment/ammo/arrows.shtml">Arrows</a>::arrows,ammo::admin
991767323::<a href="http://mmo.gameznet.com/ao/equipment/armor/arm/batteredleatherarmorsleeves.shtml">Battered Leather Armor Sleeves</a>::battered leather armor sleeves,arms::admin
991767356::<a href="http://mmo.gameznet.com/ao/equipment/armor/arm/batteredlightcombatarmorsleeves.shtml">Battered Light Combat Armor Sleeves</a>::battered light combat armor sleeves,arms::admin
991767380::<a href="http://mmo.gameznet.com/ao/equipment/armor/chest/batteredlowtechfemalebodyarmor.shtml">Battered Low-Tech Female Body Armor</a>::battered low-tech female body armor,chest::admin
991767417::<a href="http://mmo.gameznet.com/ao/equipment/armor/chest/inferiorchilledplasteelbodyarmor.shtml">Inferior Chilled Plasteel Body Armor</a>::inferior chilled plasteel body armor,chest::admin
991767434::<a href="http://mmo.gameznet.com/ao/equipment/armor/hand/batterednomadarmorgloves.shtml">Battered Nomad Armor Gloves</a>::battered nomad armor gloves,hands::admin
991782359::<a href="http://mmo.gameznet.com/ao/equipment/armor/shields/puncturedenergybuckler.shtml">Punctured Energy Buckler</a>::punctured energy bucklers,shields,1h blunt::admin
991782379::<a href="http://mmo.gameznet.com/ao/equipment/implants/arm/fadedtransmutationleftarmimplant.shtml">Faded Transmutation Left Arm Implant</a>::faded transmutational left arm implant::admin
991782405::<a href="http://mmo.gameznet.com/ao/equipment/weapons/assaultrifle/illtreatedsupernovamkvi.shtml">Ill-Treated Supernova Mk VI</a>::ill-treated supernova mk vi,assault rifle::admin
991782525::<a href="http://mmo.gameznet.com/ao/equipment/weapons/mgsmg/illtreatedkalinkanovzu-113securityweapon.shtml">Ill-Treated Kalinkanov ZU-113 Security Weapon</a>::ill-treated zalinkanov zu-113 security weapon,assault rifle,mg/smg::admin
991782547::<a href="http://mmo.gameznet.com/ao/equipment/armor/waist/beltcomponentplatform300x.shtml">Belt Component Platform 300X</a>::belt component platform300x,waist::admin
991782569::<a href="http://mmo.gameznet.com/ao/equipment/weapons/bows/illtreatedjointclansexocetii.shtml">Ill-Treated Joint Clans Exocet II</a>::Ill-treated joint clans exocet ii,bows::admin
991782586::<a href="http://mmo.gameznet.com/ao/equipment/armor/hand/batteredleathergloves.shtml">Battered Leather Gloves</a>::battered leather gloves::admin
991782614::<a href="http://mmo.gameznet.com/ao/equipment/weapons/grenades/illtreatedtsunamiraidenmpdrum.shtml">Ill-Treated Tsunami Raiden MP-Drum</a>::ill-treated tsunami raiden mp-drum,grenades::admin
991782665::<a href="http://mmo.gameznet.com/ao/equipment/implants/hands/brightflingingrighthandimplant.shtml">Bright Flinging Right Hand Implant</a>::bright flinging right hand implant::admin
991782683::<a href="http://mmo.gameznet.com/ao/equipment/armor/legs/batterednomadarmorpants.shtml">Battered Nomad Armor Pants</a>::battered nomad armor pants,legs::admin
991782703::<a href="http://mmo.gameznet.com/ao/equipment/weapons/mgsmg/kangtaospittingcobra.shtml">Kang Tao Spitting Cobra</a>::kang tao spitting cobra,mg/smg,pistols::admin
991782730::<a href="http://mmo.gameznet.com/ao/equipment/weapons/pistols/secondhandoldenglishtradingco.shtml">Second-Hand Old English Trading Co.</a>::second-hand old english trading co.,pistols::admin
991782751::<a href="http://mmo.gameznet.com/ao/equipment/weapons/rifles/illtreatedblackenedblaster.shtml">Ill-Treated Blackened Blaster</a>::ill-treated blackened blaster,rifles::admin
991782773::<a href="http://mmo.gameznet.com/ao/equipment/robotics/trimmer-divertentooff.shtml">Trimmer - Divert Energy to Offense</a>::trimmer - divert energy to offense,robotics::admin
991782797::<a href="http://mmo.gameznet.com/ao/equipment/robotics/trimmer-positiveaggdef.shtml">Trimmer - Positive Aggdef</a>::trimmer - positive aggdef,robotics,pet::admin
991782815::<a href="http://mmo.gameznet.com/ao/equipment/weapons/shotgun/illtreatedmediumshotgun.shtml">Ill-Treated Medium Shotgun</a>::ill-treated medium shotgun::admin
991782883::<a href="http://mmo.gameznet.com/ao/equipment/misc/tutoringdevices/chemistrytutoringdevice.shtml">Chemistry Tutoring Device</a>::chemistry tutoring device::admin
991782936::<a href="http://mmo.gameznet.com/ao/equipment/misc/tutoringdevices/nanoprogrammingtutoringdevice.shtml">Nano Programming Tutoring Device</a>::nano programming tutoring device::admin
991944873::<a href="http://mmo.gameznet.com/ao/equipment/misc/drugs/pillwithassaultrifleproficiency.shtml">Pill with Assault Rifle Proficiency</a>::pill with assault rifle proficiency,drugs::admin
991944894::<a href="http://mmo.gameznet.com/ao/equipment/misc/drugs/pillwithchemistryexpertise.shtml">Pill with Chemistry Expertise</a>::pill with chemistry expertise.drugs::admin
991945019::<a href="http://mmo.gameznet.com/ao/equipment/misc/fieldprimers/boltweaponsfieldprimer.shtml">Bolt Weapons Field Primer</a>::bolt weapons field primer::admin
991945106::<a href="http://mmo.gameznet.com/ao/equipment/martialartists/birdofprey.shtml">Bird of Prey</a>::bird of prey,martial arts::admin
991945120::<a href="http://mmo.gameznet.com/ao/equipment/misc/ncucoolantsink.shtml">NCU Coolant Sink</a>::ncu coolant sink,deck::admin
991945144::<a href="http://mmo.gameznet.com/ao/equipment/robotics/trimmer-negaggdef.shtml">Trimmer - Negative Aggdef</a>::trimmer - negative aggdef,robotics,pets::admin
991945161::<a href="http://mmo.gameznet.com/ao/equipment/vehicles/themid.shtml">The Mid</a>::the mid,vehicles,reconnaissance::admin
991958087::<a href="http://mmo.gameznet.com/ao/equipment/weapons/melee/1hedged/cast-offminiaxe.shtml">Cast-Off Mini Axe</a>::cast-off mini axe,1h edged::admin
991958103::<a href="http://mmo.gameznet.com/ao/equipment/weapons/mgsmg/castoffotsaladin.shtml">Cast-Off OT Saladin</a>::cast-off ot saladin,mg/smg,assault rifles::admin
991958121::<a href="http://mmo.gameznet.com/ao/equipment/armor/wrist/boosted-graftaugmentintelligence.shtml">Boosted Graft: Augment Intelligence</a>::boosted graft: augment intelligence,wrist::admin
991958147::<a href="http://mmo.gameznet.com/ao/equipment/weapons/grenades/castoffotarl10micromissilelauncher.shtml">Cast-Off ARL-10 Micromissile Launcher</a>::cast-off arl-10 micromissile launcher::admin
991958167::<a href="http://mmo.gameznet.com/ao/equipment/weapons/mgsmg/castoffenricheduraniumsprayer.shtml">Cats-Off Enriched Uranium Sprayer</a>::cast-off enriched uranium sprayer,mg/smg::admin
991958189::<a href="http://mmo.gameznet.com/ao/equipment/weapons/shotgun/castoffeldiablo.shtml">Cast-Off El DIablo</a>::cast-off el diablo,shotguns::admin
991958211::<a href="http://mmo.gameznet.com/ao/equipment/weapons/shotgun/castoffelectricalpacifier.shtml">Cast-Off Electrical Pacifier</a>::cast-off electricial pacifier,shotguns::admin
992025772::<a href="http://mmo.gameznet.com/ao/equipment/weapons/melee/1hblunt/castoffstunbaton.shtml">Cast-Off Stun Baton</a>::cast-off stun baton,1h blunt::admin
992025788::<a href="http://mmo.gameznet.com/ao/equipment/weapons/melee/2hblunt/qualitybanjo.shtml">Quality Banjo</a>::quality banjo,2h blunt::admin
992025803::<a href="http://mmo.gameznet.com/ao/equipment/weapons/melee/2hedged/edgelesseblade.shtml">Edgeless E-Blade</a>::edgeless e-blade,2h edged::admin
992025819::<a href="http://mmo.gameznet.com/ao/equipment/weapons/melee/2hedged/edglesskatana.shtml">Edgeless Katana</a>::edgeless katana,2h edged::admin
992025831::<a href="http://mmo.gameznet.com/ao/equipment/misc/16ncumemory.shtml">16 NCU Memory</a>::16 ncu memory::admin
992025843::<a href="http://mmo.gameznet.com/ao/equipment/misc/32ncumemory.shtml">32 NCU Memory</a>::32 ncu memory::admin
992033383::<a href="http://mmo.gameznet.com/ao/equipment/armor/arm/basicflowerstecharmorsleeves.shtml">Basic Flowers Tech Armor Sleeves</a>::basic flowers tech armor sleeves,arms::admin
992033399::<a href="http://mmo.gameznet.com/ao/equipment/armor/arm/batteredflakarmorsleeves.shtml">Battered Flak Armor Sleeves</a>::battered flak armor sleeves,arms::admin
992033414::<a href="http://mmo.gameznet.com/ao/equipment/armor/chest/basictechbodyarmor.shtml">Basic Tech Body Armor</a>::basic tech body armor,chest::admin
992033431::<a href="http://mmo.gameznet.com/ao/equipment/armor/back/basicnanoarmorcloak.shtml">Basic Nano Armor Cloak</a>::basic nano armor cloak,back::admin
992033450::<a href="http://mmo.gameznet.com/ao/equipment/implants/hands/fadedchemistryrighthandimplant.shtml">Faded Chemistry Right Hand Implant</a>::faded chemistry right hand implant::admin
992033472::<a href="http://mmo.gameznet.com/ao/equipment/implants/legs/brightquickslashinglegimplant.shtml">Bright Quick Slashing Leg Implant</a>::bright quick slashing leg implant::admin
992304451::<a href="http://mmo.gameznet.com/ao/equipment/armor/shields/crackedmetaphysicenergyshield.shtml">Cracked Metaphysic Energy Shield</a>::cracked metaphysic energy shield,1h blunt,shields::admin
992304532::<a href="http://mmo.gameznet.com/ao/equipment/weapons/melee/1hedged/bluntgofle-prod.shtml">Blunt Gofle-Prod</a>::blunt gofle-prod,1h edged::admin
992304566::<a href="http://mmo.gameznet.com/ao/equipment/weapons/assaultrifle/flawedgexm559manportablelaser.shtml">Flawed XE XM-559 Man-Portable Laser</a>::flawed ge xm-559 man-portable laser,assault rifles::admin
992304590::<a href="http://mmo.gameznet.com/ao/equipment/armor/chest/basicflowerstechfemalebodyarmor.shtml">Basic Flowers Tech Female Body Armor</a>::basic flowers tech female body armor,chest::admin
992304615::<a href="http://mmo.gameznet.com/ao/equipment/armor/legs/augmentedtecharmorpants.shtml">Augmented Tech Armor Pants</a>::augmented tech armor pants,legs::admin
992304731::<a href="http://mmo.gameznet.com/ao/equipment/armor/legs/highqualitycyberarmorpants.shtml">High Quality Cyber Armor Pants</a>::high quality cyber armor pants,leggings::admin
992304752::<a href="http://mmo.gameznet.com/ao/equipment/martialartists/angelofnight.shtml">Angel of Night</a>::angel of night,martial arts::admin
992304819::<a href="http://mmo.gameznet.com/ao/equipment/martialartists/floweroflife.shtml">Flower of Life</a>::flower of life,martial arts::admin
992304886::<a href="http://mmo.gameznet.com/ao/equipment/misc/medical/hqhealthtreatmentlaboratory.shtml">HQ Health Treatment Laboratory</a>::hq health treatment laboratory,medical::admin
992304915::<a href="http://mmo.gameznet.com/ao/equipment/misc/deflectionshield.shtml">Deflection Shield</a>::deflection shield,miscellaneous::admin
992304933::<a href="http://mmo.gameznet.com/ao/equipment/weapons/melee/piercing/loosepeasantsquibber.shtml">Loose Peasant Squibber</a>::loose peasant squibber,piercing::admin
992304985::<a href="http://mmo.gameznet.com/ao/equipment/weapons/pistols/secondhandseekblasterminor.shtml">Second-Hand Seekblaster Minor</a>::second-hand seekblaster minor,pistols::admin
992305008::<a href="http://mmo.gameznet.com/ao/equipment/weapons/shotgun/sasafehomedefender.shtml">S.A. Safe Home Defender</a>::s.a. safe home defender,shotguns::admin
992413927::<a href="http://mmo.gameznet.com/ao/equipment/armor/feet/basicflowerstecharmorboots.shtml">Basic Flowers Tech Armor Boots</a>::basic flowers tech armor boots,feet::admin
992413944::<a href="http://mmo.gameznet.com/ao/equipment/armor/hand/basicflowerstecharmorgloves.shtml">Basic Flowers Tech Armor Gloves</a>::basic flowers tech armor gloves,hands::admin
992413961::<a href="http://mmo.gameznet.com/ao/equipment/armor/legs/basicflowerstecharmorpants.shtml">Basic Flowers Tech Armor Pants</a>::basic flowers tech armor pants,legs::admin
992462550::<a href="http://mmo.gameznet.com/ao/equipment/armor/feet/basicmartialartistsuitboots.shtml">Basic Martial Artist Suit Boots</a>::basic martial artist suit boots,feet::admin
992462564::<a href="http://mmo.gameznet.com/ao/equipment/armor/hand/basicnanoarmorgloves.shtml">Basic Nano Armor Gloves</a>::basic nano armor gloves,hands::admin
992462578::<a href="http://mmo.gameznet.com/ao/equipment/armor/head/basicnanoarmorcloakhood.shtml">Basic Nano Armor Cloak Hood</a>::basic nano armor cloak hood,head::admin
992462650::<a href="http://mmo.gameznet.com/ao/equipment/armor/head/basicnanoarmorhelmet.shtml">Basic Nano Armor Helmet</a>::basic nano armor helmet,head::admin
992548192::<a href="http://mmo.gameznet.com/ao/equipment/armor/hand/basicflowerstecharmorgloves.shtml">Basic Tech Armor Gloves</a>::basic tech armor gloves,hands::admin
992548207::<a href="http://mmo.gameznet.com/ao/equipment/armor/head/basictecharmorhelmet.shtml">Basic Tech Armor Helmet</a>::basic tech armor helmet,head::admin
992548221::<a href="http://mmo.gameznet.com/ao/equipment/armor/legs/basictecharmorpants.shtml">Basic Tech Armor Pants</a>::basic tech armor pants,legs::admin
992548242::<a href="http://mmo.gameznet.com/ao/equipment/armor/legs/batteredflakarmorpants.shtml">Battered Flak Armor Pants</a>::battered flak armor pants,legs::admin
992548258::<a href="http://mmo.gameznet.com/ao/equipment/armor/chest/basictechfemalebodyarmor.shtml">Basic Tech Female Body Armor</a>::basic tech female body armor,chest::admin
992559661::<a href="http://mmo.gameznet.com/ao/equipment/armor/legs/batteredlightcombatarmorpants.shtml">Battered Light Combat Armor Pants</a>::battered light combat armor pants,legs::admin
992559740::<a href="http://mmo.gameznet.com/ao/equipment/armor/chest/batteredleatherbodyarmor.shtml">Battered Leather Body Armor</a>::battered leather body armor,chest::admin
992559781::<a href="http://mmo.gameznet.com/ao/equipment/armor/chest/batteredleathervest.shtml">Battered Leather Vest</a>::battered leather vest,chest::admin
992980387::<a href="http://mmo.gameznet.com/ao/equipment/armor/chest/inferiorenergziedbodyarmor.shtml">Inferior Energized Body Armor</a>::inferior energized body armor,chest::admin
992980429::<a href="http://mmo.gameznet.com/ao/equipment/armor/chest/batterednomadbodyarmor.shtml">Battered Nomad Body Armor</a>::battered nomad body armor,chest::admin
992980447::<a href="http://mmo.gameznet.com/ao/equipment/armor/arm/batterednomadarmorsleeves.shtml">Battered Nomad Armor Sleeves</a>::battered nomad armor sleeves,arm::admin
992992521::<a href="http://mmo.gameznet.com/ao/equipment/armor/feet/inferiorenergizedarmorboots.shtml'>Inferior Energized Armor Boots</a>::inferior energized armor boots,feet::admin
992992568::<a href="http://mmo.gameznet.com/ao/equipment/armor/hand/inferiorenergizedarmorgloves.shtml">Inferior Energized Armor Gloves</a>::inferior energized armor gloves,hands::admin
992992585::<a href="http://mmo.gameznet.com/ao/equipment/armor/hand/inferiorheatedplasteelarmorgloves.shtml">Inferior Heated Plasteel Armor Gloves</a>::inferior heated plasteel armor gloves,hands::admin
992992604::<a href="http://mmo.gameznet.com/ao/equipment/armor/legs/inferiorenergizedarmorpants.shtml">Inferior Energized Armor Pants</a>::inferior energized armor pants,legs::admin
993334835::<a href="http://mmo.gameznet.com/ao/equipment/armor/feet/inferiorkevlararmorboots.shtml">Inferior Kevlar Armor Boots</a>::inferior kevlar armor boots,feet::admin
993334856::<a href="http://mmo.gameznet.com/ao/equipment/armor/feet/inferiorkevlararmorboots.shtml">Inferior Kevlar Armor Gloves</a>::inferior kevlar armor gloves,hands::admin
993334877::<a href="http://mmo.gameznet.com/ao/equipment/armor/legs/inferiorheatedplasteelarmorpants.shtml">Inferior Heated Plasteel Armor Pants</a>::inferior heated plasteel armor pants,legs::admin
993334951::<a href="http://mmo.gameznet.com/ao/equipment/armor/chest/inferiorheatedplasteelbodyarmor.shtml">Inferior Heated Plasteel Body Armor</a>::inferior heated plasteel body armor,chest::admin
993334971::<a href="http://mmo.gameznet.com/ao/equipment/armor/arm/inferiorheatedplasteelarmorsleeves.shtml">Inferior Heated Plasteel Armor Sleeves</a>::inferior heated plasteel armor sleeves,arms::admin
993334990::<a href="http://mmo.gameznet.com/ao/equipment/armor/arm/inferiorkevlararmorsleeves.shtml">Inferior Kevlar Armor Sleeves</a>::inferior kevlar armor sleeves,arms::admin
993442110::<a href="http://mmo.gameznet.com/ao/equipment/armor/hand/inferiorlinksenergizedarmorgloves.shtml">Inferior Links Energized Armor Gloves</a>::inferior links energized armor gloves,hands::admin
993442136::<a href="http://mmo.gameznet.com/ao/equipment/armor/legs/inferiorlinksenergizedarmorpants.shtml">Inferior Links Energized Armor Pants</a>::inferior links energized armor pants,legs::admin
993442259::<a href="http://mmo.gameznet.com/ao/equipment/armor/chest/inferiorkevlarbodyarmor.shtml">Inferior Kevlar Body Armor</a>::inferior kevlar body armor,chest::admin
993442284::<a href="http://mmo.gameznet.com/ao/equipment/armor/chest/inferiorkevlarvest.shtml">Inferior Kevlar Vest</a>::inferior kevlar vest,chest::admin
993442312::<a href="http://mmo.gameznet.com/ao/equipment/armor/chest/inferiorlinksenergizedbodyarmor.shtml">Inferior Links Energized Body Armor</a>::inferior links energized body armor,chest::admin
993934483::<a href="http://mmo.gameznet.com/ao/equipment/armor/chest/inferiornailbodyarmor.shtml">Inferior Nail Body Armor</a>::inferior nail body armor,chest::admin
993934502::<a href="http://mmo.gameznet.com/ao/equipment/armor/arm/inferiornailarmorsleeves.shtml">Inferior Nail Armor Sleeves</a>::inferior nail armor sleeves,arms::admin
993934516::<a href="http://mmo.gameznet.com/ao/equipment/armor/arm/inferiorravensleeves.shtml">Inferior Raven Sleeves</a>::inferior raven sleeves,arms::admin
994093324::<a href="http://mmo.gameznet.com/ao/equipment/armor/feet/inferiorravenboots.shtml">Inferior Raven Boots</a>::inferior raven boots,feet::admin
994093350::<a href="http://mmo.gameznet.com/ao/equipment/armor/wrist/symbio-graftparalysewithindec.shtml">Symbio-Graft: Lesser Paralyse with Indecision</a>::symbio-graft: lesser paralyse with indecision,wrist::admin
994093367::<a href="http://mmo.gameznet.com/ao/equipment/armor/head/inferiorravenhelm.shtml">Inferior Raven Helm</a>::inferior raven helm,head::admin
994093381::<a href="http://mmo.gameznet.com/ao/equipment/armor/legs/inferiorravenpants.shtml">Inferior Raven Pants</a>::inferior raven pants,legs::admin
994269577::<a href="http://mmo.gameznet.com/ao/equipment/weapons/melee/piercing/bentprotectorsquibber.shtml">Bent Protector Squib</a>::bent protector squib,piercing::admin
994269598::<a href="http://mmo.gameznet.com/ao/equipment/weapons/rifles/castoffblackenedblasterrifle.shtml">Cast-Off Blackened Blaster Rifle</a>::cast-off blackened blaster rifle::admin
994269640::<a href="http://mmo.gameznet.com/ao/equipment/weapons/shotgun/castoffchunkprojector.shtml">Cast-Off Chunkprojector</a>::cast-off chunkprojector,shotguns::admin
994618497::<a href="http://mmo.gameznet.com/ao/equipment/weapons/melee/1hedged/castoffcleanslayaxe.shtml">Cast-Off Clean Slay Axe</a>::cast-off clean slay axe,1h edged::admin
994618576::<a href="http://mmo.gameznet.com/ao/equipment/weapons/assaultrifle/castoffheavygammabeamer.shtml">Cast-Off Heavy Gamma Beamer</a>::cast-off heavy gamma beamer,assault rifles::admin
994618608::<a href="http://mmo.gameznet.com/ao/equipment/weapons/grenades/castoffgeme30mom.shtml">Cast-Off GE ME30 MOM</a>::cast-off ge me30 mom,grenades::admin
994618626::<a href="http://mmo.gameznet.com/ao/equipment/weapons/pistols/castoffkhemotechmodel200.shtml">Cast-Off Khemo-Tech Model 200</a>::cast-off khemo-tech model 200,pistols::admin
