1: startcast Swarming Death
1: 0.0 dps, 4000 hp, 4000 mana
2: 0.0 dps, 4000 hp, 4000 mana
3: 0.0 dps, 4000 hp, 4000 mana
4: 0.0 dps, 4000 hp, 4000 mana
5: 0.0 dps, 4000 hp, 4000 mana
6: 0.0 dps, 4000 hp, 4000 mana
7: finished casting Swarming Death
7: 0.0 dps, 4000 hp, 3685.5 mana
8: 0.0 dps, 4000 hp, 3685.5 mana
9: 0.0 dps, 4000 hp, 3685.5 mana
10: startcast Fury of Ro
10: 0.0 dps, 4000 hp, 3685.5 mana
11: 0.0 dps, 4000 hp, 3685.5 mana
12: Swarming Death tick
12: 20.0 dps, 4000 hp, 3706.5 mana
13: finished casting Fury of Ro
13: 18.5 dps, 4000 hp, 3409 mana
14: 17.1 dps, 4000 hp, 3409 mana
15: 16.0 dps, 4000 hp, 3409 mana
16: startcast Winter's Frost
16: 15.0 dps, 4000 hp, 3409 mana
17: 14.1 dps, 4000 hp, 3409 mana
18: Swarming Death tick
18: Fury of Ro tick
18: 34.4 dps, 4000 hp, 3430 mana
19: 32.6 dps, 4000 hp, 3430 mana
20: 31.0 dps, 4000 hp, 3430 mana
21: 29.5 dps, 4000 hp, 3430 mana
22: Winter's Frost tick
22: finished casting Winter's Frost
22: 102.8 dps, 4000 hp, 3107 mana
23: 98.3 dps, 4000 hp, 3107 mana
24: Swarming Death tick
24: Fury of Ro tick
24: 110.1 dps, 4000 hp, 3128 mana
25: startcast Winter's Frost
25: 105.7 dps, 4000 hp, 3128 mana
26: 101.6 dps, 4000 hp, 3128 mana
27: 97.8 dps, 4000 hp, 3128 mana
28: 94.4 dps, 4000 hp, 3128 mana
29: 91.1 dps, 4000 hp, 3128 mana
30: Swarming Death tick
30: Fury of Ro tick
30: 100.7 dps, 4000 hp, 3149 mana
31: Winter's Frost tick
31: finished casting Winter's Frost
31: 150.4 dps, 4000 hp, 2826 mana
32: 145.7 dps, 4000 hp, 2826 mana
33: 141.3 dps, 4000 hp, 2826 mana
34: startcast Winter's Frost
34: 137.2 dps, 4000 hp, 2826 mana
35: 133.3 dps, 4000 hp, 2826 mana
36: Swarming Death tick
36: Fury of Ro tick
36: 140.1 dps, 4000 hp, 2847 mana
37: 136.3 dps, 4000 hp, 2847 mana
38: 132.7 dps, 4000 hp, 2847 mana
39: 129.3 dps, 4000 hp, 2847 mana
40: Winter's Frost tick
40: finished casting Winter's Frost
40: 167.1 dps, 4000 hp, 2524 mana
41: 163.1 dps, 4000 hp, 2524 mana
42: Swarming Death tick
42: Fury of Ro tick
42: 168.2 dps, 4000 hp, 2545 mana
43: startcast Winter's Frost
43: 164.3 dps, 4000 hp, 2545 mana
44: 160.6 dps, 4000 hp, 2545 mana
45: 157.0 dps, 4000 hp, 2545 mana
46: 153.6 dps, 4000 hp, 2545 mana
47: 150.3 dps, 4000 hp, 2545 mana
48: Swarming Death tick
48: Fury of Ro tick
48: 155.1 dps, 4000 hp, 2566 mana
49: Winter's Frost tick
49: finished casting Winter's Frost
49: 185.5 dps, 4000 hp, 2243 mana
50: 181.8 dps, 4000 hp, 2243 mana
51: 178.2 dps, 4000 hp, 2243 mana
52: startcast Winter's Frost
52: 174.8 dps, 4000 hp, 2243 mana
53: 171.5 dps, 4000 hp, 2243 mana
54: Swarming Death tick
54: Fury of Ro tick
54: 175.3 dps, 4000 hp, 2264 mana
55: 172.1 dps, 4000 hp, 2264 mana
56: 169.1 dps, 4000 hp, 2264 mana
57: 166.1 dps, 4000 hp, 2264 mana
58: Winter's Frost tick
58: finished casting Winter's Frost
58: 191.5 dps, 4000 hp, 1941 mana
59: 188.3 dps, 4000 hp, 1941 mana
60: Fury of Ro tick
60: 187.5 dps, 4000 hp, 1962 mana
61: startcast Swarming Death
61: 184.4 dps, 4000 hp, 1962 mana
62: 181.4 dps, 4000 hp, 1962 mana
63: 178.6 dps, 4000 hp, 1962 mana
64: 175.8 dps, 4000 hp, 1962 mana
65: 173.1 dps, 4000 hp, 1962 mana
66: Fury of Ro tick
66: 172.6 dps, 4000 hp, 1983 mana
67: finished casting Swarming Death
67: 170.0 dps, 4000 hp, 1668.5 mana
68: 167.5 dps, 4000 hp, 1668.5 mana
69: 165.1 dps, 4000 hp, 1668.5 mana
70: startcast Winter's Frost
70: 162.7 dps, 4000 hp, 1668.5 mana
71: 160.4 dps, 4000 hp, 1668.5 mana
72: Swarming Death tick
72: Fury of Ro tick
72: 163.5 dps, 4000 hp, 1689.5 mana
73: 161.2 dps, 4000 hp, 1689.5 mana
74: 159.0 dps, 4000 hp, 1689.5 mana
75: 156.9 dps, 4000 hp, 1689.5 mana
76: Winter's Frost tick
76: finished casting Winter's Frost
76: 176.5 dps, 4000 hp, 1366.5 mana
77: 174.2 dps, 4000 hp, 1366.5 mana
78: Swarming Death tick
78: Fury of Ro tick
78: 176.8 dps, 4000 hp, 1387.5 mana
79: startcast Winter's Frost
79: 174.6 dps, 4000 hp, 1387.5 mana
80: 172.4 dps, 4000 hp, 1387.5 mana
81: 170.3 dps, 4000 hp, 1387.5 mana
82: 168.2 dps, 4000 hp, 1387.5 mana
83: 166.2 dps, 4000 hp, 1387.5 mana
84: Swarming Death tick
84: Fury of Ro tick
84: 168.7 dps, 4000 hp, 1408.5 mana
85: Winter's Frost tick
85: finished casting Winter's Frost
85: 186.0 dps, 4000 hp, 1085.5 mana
86: 183.9 dps, 4000 hp, 1085.5 mana
87: 181.8 dps, 4000 hp, 1085.5 mana
88: startcast Fury of Ro
88: 179.7 dps, 4000 hp, 1085.5 mana
89: 177.7 dps, 4000 hp, 1085.5 mana
90: Swarming Death tick
90: 178.4 dps, 4000 hp, 1106.5 mana
91: finished casting Fury of Ro
91: 176.4 dps, 4000 hp, 809 mana
92: 174.5 dps, 4000 hp, 809 mana
93: 172.6 dps, 4000 hp, 809 mana
94: startcast Winter's Frost
94: 170.8 dps, 4000 hp, 809 mana
95: 169.0 dps, 4000 hp, 809 mana
96: Swarming Death tick
96: Fury of Ro tick
96: 171.2 dps, 4000 hp, 830 mana
97: 169.4 dps, 4000 hp, 830 mana
98: 167.7 dps, 4000 hp, 830 mana
99: 166.0 dps, 4000 hp, 830 mana
100: Winter's Frost tick
100: finished casting Winter's Frost
100: 180.8 dps, 4000 hp, 507 mana
101: 179.0 dps, 4000 hp, 507 mana
102: Swarming Death tick
102: Fury of Ro tick
102: 180.9 dps, 4000 hp, 528 mana
103: startcast Winter's Frost
103: 179.2 dps, 4000 hp, 528 mana
104: 177.5 dps, 4000 hp, 528 mana
105: 175.8 dps, 4000 hp, 528 mana
106: 174.1 dps, 4000 hp, 528 mana
107: 172.5 dps, 4000 hp, 528 mana
108: Swarming Death tick
108: Fury of Ro tick
108: 174.4 dps, 4000 hp, 549 mana
109: Winter's Frost tick
109: finished casting Winter's Frost
109: 187.9 dps, 4000 hp, 226 mana
110: 186.2 dps, 4000 hp, 226 mana
111: 184.5 dps, 4000 hp, 226 mana
112: 182.8 dps, 4000 hp, 226 mana
113: 181.2 dps, 4000 hp, 226 mana
114: Swarming Death tick
114: Fury of Ro tick
114: 183.0 dps, 4000 hp, 267 mana
115: 181.4 dps, 4000 hp, 267 mana
116: 179.8 dps, 4000 hp, 267 mana
117: 178.3 dps, 4000 hp, 267 mana
118: 176.8 dps, 4000 hp, 267 mana
119: 175.3 dps, 4000 hp, 267 mana
120: Fury of Ro tick
120: 175.0 dps, 4000 hp, 308 mana
121: 173.5 dps, 4000 hp, 308 mana
122: 172.1 dps, 4000 hp, 308 mana
123: 170.7 dps, 4000 hp, 308 mana
124: 169.3 dps, 4000 hp, 308 mana
125: 168.0 dps, 4000 hp, 308 mana
126: Fury of Ro tick
126: 167.8 dps, 4000 hp, 349 mana
127: 166.4 dps, 4000 hp, 349 mana
128: 165.1 dps, 4000 hp, 349 mana
129: 163.9 dps, 4000 hp, 349 mana
130: 162.6 dps, 4000 hp, 349 mana
131: 161.4 dps, 4000 hp, 349 mana
132: Fury of Ro tick
132: startcast Swarming Death
132: 161.2 dps, 4000 hp, 390 mana
133: 160.0 dps, 4000 hp, 390 mana
134: 158.8 dps, 4000 hp, 390 mana
135: 157.6 dps, 4000 hp, 390 mana
136: 156.5 dps, 4000 hp, 390 mana
137: 155.3 dps, 4000 hp, 390 mana
138: Fury of Ro tick
138: finished casting Swarming Death
138: 155.2 dps, 4000 hp, 96.5 mana
139: 154.1 dps, 4000 hp, 96.5 mana
140: 153.0 dps, 4000 hp, 96.5 mana
141: 151.9 dps, 4000 hp, 96.5 mana
142: 150.8 dps, 4000 hp, 96.5 mana
143: 149.8 dps, 4000 hp, 96.5 mana
144: Swarming Death tick
144: Fury of Ro tick
144: 151.4 dps, 4000 hp, 137.5 mana
145: 150.3 dps, 4000 hp, 137.5 mana
146: 149.3 dps, 4000 hp, 137.5 mana
147: 148.3 dps, 4000 hp, 137.5 mana
148: 147.3 dps, 4000 hp, 137.5 mana
149: 146.3 dps, 4000 hp, 137.5 mana
150: Swarming Death tick
150: Fury of Ro tick
150: 147.8 dps, 4000 hp, 178.5 mana
151: 146.9 dps, 4000 hp, 178.5 mana
152: 145.9 dps, 4000 hp, 178.5 mana
153: 144.9 dps, 4000 hp, 178.5 mana
154: 144.0 dps, 4000 hp, 178.5 mana
155: 143.1 dps, 4000 hp, 178.5 mana
156: Swarming Death tick
156: Fury of Ro tick
156: 144.6 dps, 4000 hp, 219.5 mana
157: 143.7 dps, 4000 hp, 219.5 mana
158: 142.8 dps, 4000 hp, 219.5 mana
159: 141.9 dps, 4000 hp, 219.5 mana
160: 141.0 dps, 4000 hp, 219.5 mana
161: 140.1 dps, 4000 hp, 219.5 mana
162: Swarming Death tick
162: Fury of Ro tick
162: 141.6 dps, 4000 hp, 260.5 mana
163: 140.7 dps, 4000 hp, 260.5 mana
164: 139.9 dps, 4000 hp, 260.5 mana
165: 139.0 dps, 4000 hp, 260.5 mana
166: 138.2 dps, 4000 hp, 260.5 mana
167: 137.3 dps, 4000 hp, 260.5 mana
168: Swarming Death tick
168: 138.0 dps, 4000 hp, 301.5 mana
169: 137.1 dps, 4000 hp, 301.5 mana
170: 136.3 dps, 4000 hp, 301.5 mana
171: 135.5 dps, 4000 hp, 301.5 mana
172: 134.8 dps, 4000 hp, 301.5 mana
173: 134.0 dps, 4000 hp, 301.5 mana
174: Swarming Death tick
174: 134.6 dps, 4000 hp, 342.5 mana
175: 133.8 dps, 4000 hp, 342.5 mana
176: 133.1 dps, 4000 hp, 342.5 mana
177: 132.3 dps, 4000 hp, 342.5 mana
178: 131.6 dps, 4000 hp, 342.5 mana
179: 130.8 dps, 4000 hp, 342.5 mana
180: Swarming Death tick
180: startcast Fury of Ro
180: 131.4 dps, 4000 hp, 383.5 mana
181: 130.7 dps, 4000 hp, 383.5 mana
182: 130.0 dps, 4000 hp, 383.5 mana
183: finished casting Fury of Ro
183: 129.3 dps, 4000 hp, 86 mana
184: 128.6 dps, 4000 hp, 86 mana
185: 127.9 dps, 4000 hp, 86 mana
186: Swarming Death tick
186: Fury of Ro tick
186: 129.2 dps, 4000 hp, 107 mana
187: 128.5 dps, 4000 hp, 107 mana
188: 127.9 dps, 4000 hp, 107 mana
189: 127.2 dps, 4000 hp, 107 mana
190: 126.5 dps, 4000 hp, 107 mana
191: 125.8 dps, 4000 hp, 107 mana
192: Fury of Ro tick
192: 125.9 dps, 4000 hp, 148 mana
193: 125.3 dps, 4000 hp, 148 mana
194: 124.6 dps, 4000 hp, 148 mana
195: 124.0 dps, 4000 hp, 148 mana
196: 123.4 dps, 4000 hp, 148 mana
197: 122.7 dps, 4000 hp, 148 mana
198: Fury of Ro tick
198: 122.8 dps, 4000 hp, 189 mana
199: 122.2 dps, 4000 hp, 189 mana
200: 121.6 dps, 4000 hp, 189 mana
201: 121.0 dps, 4000 hp, 189 mana
202: 120.4 dps, 4000 hp, 189 mana
203: 119.8 dps, 4000 hp, 189 mana
204: Fury of Ro tick
204: 119.9 dps, 4000 hp, 230 mana
205: 119.3 dps, 4000 hp, 230 mana
206: 118.7 dps, 4000 hp, 230 mana
207: 118.2 dps, 4000 hp, 230 mana
208: 117.6 dps, 4000 hp, 230 mana
209: 117.0 dps, 4000 hp, 230 mana
210: Fury of Ro tick
210: 117.1 dps, 4000 hp, 271 mana
211: 116.6 dps, 4000 hp, 271 mana
212: 116.0 dps, 4000 hp, 271 mana
213: 115.5 dps, 4000 hp, 271 mana
214: 114.9 dps, 4000 hp, 271 mana
215: 114.4 dps, 4000 hp, 271 mana
216: Fury of Ro tick
216: 114.5 dps, 4000 hp, 312 mana
217: 114.0 dps, 4000 hp, 312 mana
218: 113.5 dps, 4000 hp, 312 mana
219: 113.0 dps, 4000 hp, 312 mana
220: 112.4 dps, 4000 hp, 312 mana
221: 111.9 dps, 4000 hp, 312 mana
222: Fury of Ro tick
222: 112.1 dps, 4000 hp, 353 mana
223: 111.6 dps, 4000 hp, 353 mana
224: 111.1 dps, 4000 hp, 353 mana
225: 110.6 dps, 4000 hp, 353 mana
226: 110.1 dps, 4000 hp, 353 mana
227: 109.6 dps, 4000 hp, 353 mana
228: Fury of Ro tick
228: startcast Swarming Death
228: 109.7 dps, 4000 hp, 394 mana
229: 109.2 dps, 4000 hp, 394 mana
230: 108.8 dps, 4000 hp, 394 mana
231: 108.3 dps, 4000 hp, 394 mana
232: 107.8 dps, 4000 hp, 394 mana
233: 107.4 dps, 4000 hp, 394 mana
234: Fury of Ro tick
234: finished casting Swarming Death
234: 107.5 dps, 4000 hp, 100.5 mana
235: 107.1 dps, 4000 hp, 100.5 mana
236: 106.6 dps, 4000 hp, 100.5 mana
237: 106.1 dps, 4000 hp, 100.5 mana
238: 105.7 dps, 4000 hp, 100.5 mana
239: 105.3 dps, 4000 hp, 100.5 mana
240: Swarming Death tick
240: Fury of Ro tick
240: 106.4 dps, 4000 hp, 141.5 mana
241: 106.0 dps, 4000 hp, 141.5 mana
242: 105.5 dps, 4000 hp, 141.5 mana
243: 105.1 dps, 4000 hp, 141.5 mana
244: 104.7 dps, 4000 hp, 141.5 mana
245: 104.2 dps, 4000 hp, 141.5 mana
246: Swarming Death tick
246: Fury of Ro tick
246: 105.4 dps, 4000 hp, 182.5 mana
247: 104.9 dps, 4000 hp, 182.5 mana
248: 104.5 dps, 4000 hp, 182.5 mana
249: 104.1 dps, 4000 hp, 182.5 mana
250: 103.7 dps, 4000 hp, 182.5 mana
251: 103.3 dps, 4000 hp, 182.5 mana
252: Swarming Death tick
252: Fury of Ro tick
252: 104.4 dps, 4000 hp, 223.5 mana
253: 103.9 dps, 4000 hp, 223.5 mana
254: 103.5 dps, 4000 hp, 223.5 mana
255: 103.1 dps, 4000 hp, 223.5 mana
256: 102.7 dps, 4000 hp, 223.5 mana
257: 102.3 dps, 4000 hp, 223.5 mana
258: Swarming Death tick
258: 102.9 dps, 4000 hp, 264.5 mana
259: 102.5 dps, 4000 hp, 264.5 mana
260: 102.1 dps, 4000 hp, 264.5 mana
261: 101.7 dps, 4000 hp, 264.5 mana
262: 101.3 dps, 4000 hp, 264.5 mana
263: 100.9 dps, 4000 hp, 264.5 mana
264: Swarming Death tick
264: 101.4 dps, 4000 hp, 305.5 mana
265: 101.0 dps, 4000 hp, 305.5 mana
266: 100.7 dps, 4000 hp, 305.5 mana
267: 100.3 dps, 4000 hp, 305.5 mana
268: 99.9 dps, 4000 hp, 305.5 mana
269: 99.5 dps, 4000 hp, 305.5 mana
270: Swarming Death tick
270: 100.1 dps, 4000 hp, 346.5 mana
271: 99.7 dps, 4000 hp, 346.5 mana
272: 99.3 dps, 4000 hp, 346.5 mana
273: 99.0 dps, 4000 hp, 346.5 mana
274: 98.6 dps, 4000 hp, 346.5 mana
275: 98.2 dps, 4000 hp, 346.5 mana
276: Swarming Death tick
276: startcast Fury of Ro
276: 98.8 dps, 4000 hp, 387.5 mana
277: 98.4 dps, 4000 hp, 387.5 mana
278: 98.0 dps, 4000 hp, 387.5 mana
279: finished casting Fury of Ro
279: 97.7 dps, 4000 hp, 90 mana
280: 97.3 dps, 4000 hp, 90 mana
281: 97.0 dps, 4000 hp, 90 mana
282: Swarming Death tick
282: Fury of Ro tick
282: 98.0 dps, 4000 hp, 111 mana
283: 97.7 dps, 4000 hp, 111 mana
284: 97.3 dps, 4000 hp, 111 mana
285: 97.0 dps, 4000 hp, 111 mana
286: 96.6 dps, 4000 hp, 111 mana
287: 96.3 dps, 4000 hp, 111 mana
288: Fury of Ro tick
288: 96.4 dps, 4000 hp, 152 mana
289: 96.1 dps, 4000 hp, 152 mana
290: 95.8 dps, 4000 hp, 152 mana
291: 95.5 dps, 4000 hp, 152 mana
292: 95.1 dps, 4000 hp, 152 mana
293: 94.8 dps, 4000 hp, 152 mana
294: Fury of Ro tick
294: 95.0 dps, 4000 hp, 193 mana
295: 94.6 dps, 4000 hp, 193 mana
296: 94.3 dps, 4000 hp, 193 mana
297: 94.0 dps, 4000 hp, 193 mana
298: 93.7 dps, 4000 hp, 193 mana
299: 93.4 dps, 4000 hp, 193 mana
300: Fury of Ro tick
300: 93.5 dps, 4000 hp, 234 mana
301: 93.2 dps, 4000 hp, 234 mana
302: 92.9 dps, 4000 hp, 234 mana
303: 92.6 dps, 4000 hp, 234 mana
304: 92.3 dps, 4000 hp, 234 mana
305: 92.0 dps, 4000 hp, 234 mana
306: Fury of Ro tick
306: 92.1 dps, 4000 hp, 275 mana
307: 91.8 dps, 4000 hp, 275 mana
308: 91.5 dps, 4000 hp, 275 mana
309: 91.3 dps, 4000 hp, 275 mana
310: 91.0 dps, 4000 hp, 275 mana
311: 90.7 dps, 4000 hp, 275 mana
312: Fury of Ro tick
312: 90.8 dps, 4000 hp, 316 mana
313: 90.5 dps, 4000 hp, 316 mana
314: 90.2 dps, 4000 hp, 316 mana
315: 90.0 dps, 4000 hp, 316 mana
316: 89.7 dps, 4000 hp, 316 mana
317: 89.4 dps, 4000 hp, 316 mana
318: Fury of Ro tick
318: 89.6 dps, 4000 hp, 357 mana
319: 89.3 dps, 4000 hp, 357 mana
320: 89.0 dps, 4000 hp, 357 mana
321: 88.7 dps, 4000 hp, 357 mana
322: 88.4 dps, 4000 hp, 357 mana
323: 88.2 dps, 4000 hp, 357 mana
324: Fury of Ro tick
324: startcast Swarming Death
324: 88.3 dps, 4000 hp, 398 mana
325: 88.1 dps, 4000 hp, 398 mana
326: 87.8 dps, 4000 hp, 398 mana
327: 87.5 dps, 4000 hp, 398 mana
328: 87.2 dps, 4000 hp, 398 mana
329: 87.0 dps, 4000 hp, 398 mana
330: Fury of Ro tick
330: finished casting Swarming Death
330: 87.1 dps, 4000 hp, 104.5 mana
331: 86.9 dps, 4000 hp, 104.5 mana
332: 86.6 dps, 4000 hp, 104.5 mana
333: 86.4 dps, 4000 hp, 104.5 mana
334: 86.1 dps, 4000 hp, 104.5 mana
335: 85.8 dps, 4000 hp, 104.5 mana
336: Swarming Death tick
336: Fury of Ro tick
336: 86.7 dps, 4000 hp, 145.5 mana
337: 86.5 dps, 4000 hp, 145.5 mana
338: 86.2 dps, 4000 hp, 145.5 mana
339: 86.0 dps, 4000 hp, 145.5 mana
340: 85.7 dps, 4000 hp, 145.5 mana
341: 85.4 dps, 4000 hp, 145.5 mana
342: Swarming Death tick
342: Fury of Ro tick
342: 86.3 dps, 4000 hp, 186.5 mana
343: 86.1 dps, 4000 hp, 186.5 mana
344: 85.8 dps, 4000 hp, 186.5 mana
345: 85.6 dps, 4000 hp, 186.5 mana
346: 85.3 dps, 4000 hp, 186.5 mana
347: 85.1 dps, 4000 hp, 186.5 mana
348: Swarming Death tick
348: Fury of Ro tick
348: 85.9 dps, 4000 hp, 227.5 mana
349: 85.7 dps, 4000 hp, 227.5 mana
350: 85.4 dps, 4000 hp, 227.5 mana
351: 85.2 dps, 4000 hp, 227.5 mana
352: 84.9 dps, 4000 hp, 227.5 mana
353: 84.7 dps, 4000 hp, 227.5 mana
354: Swarming Death tick
354: 85.1 dps, 4000 hp, 268.5 mana
355: 84.9 dps, 4000 hp, 268.5 mana
356: 84.7 dps, 4000 hp, 268.5 mana
357: 84.4 dps, 4000 hp, 268.5 mana
358: 84.2 dps, 4000 hp, 268.5 mana
359: 83.9 dps, 4000 hp, 268.5 mana
360: Swarming Death tick
360: 84.4 dps, 4000 hp, 309.5 mana
361: 84.1 dps, 4000 hp, 309.5 mana
362: 83.9 dps, 4000 hp, 309.5 mana
363: 83.7 dps, 4000 hp, 309.5 mana
364: 83.5 dps, 4000 hp, 309.5 mana
365: 83.2 dps, 4000 hp, 309.5 mana
366: Swarming Death tick
366: startcast Fury of Ro
366: 83.7 dps, 4000 hp, 350.5 mana
367: 83.4 dps, 4000 hp, 350.5 mana
368: 83.2 dps, 4000 hp, 350.5 mana
369: finished casting Fury of Ro
369: 83.0 dps, 4000 hp, 53 mana
370: 82.7 dps, 4000 hp, 53 mana
371: 82.5 dps, 4000 hp, 53 mana
372: Swarming Death tick
372: Fury of Ro tick
372: 83.3 dps, 4000 hp, 74 mana
373: 83.1 dps, 4000 hp, 74 mana
374: 82.9 dps, 4000 hp, 74 mana
375: 82.7 dps, 4000 hp, 74 mana
376: 82.4 dps, 4000 hp, 74 mana
377: 82.2 dps, 4000 hp, 74 mana
378: Swarming Death tick
378: Fury of Ro tick
378: 83.0 dps, 4000 hp, 115 mana
379: 82.8 dps, 4000 hp, 115 mana
380: 82.6 dps, 4000 hp, 115 mana
381: 82.4 dps, 4000 hp, 115 mana
382: 82.1 dps, 4000 hp, 115 mana
383: 81.9 dps, 4000 hp, 115 mana
384: Fury of Ro tick
384: 82.1 dps, 4000 hp, 156 mana
385: 81.9 dps, 4000 hp, 156 mana
386: 81.7 dps, 4000 hp, 156 mana
387: 81.4 dps, 4000 hp, 156 mana
388: 81.2 dps, 4000 hp, 156 mana
389: 81.0 dps, 4000 hp, 156 mana
390: Fury of Ro tick
390: 81.2 dps, 4000 hp, 197 mana
391: 81.0 dps, 4000 hp, 197 mana
392: 80.8 dps, 4000 hp, 197 mana
393: 80.6 dps, 4000 hp, 197 mana
394: 80.3 dps, 4000 hp, 197 mana
395: 80.1 dps, 4000 hp, 197 mana
396: Fury of Ro tick
396: 80.3 dps, 4000 hp, 238 mana
397: 80.1 dps, 4000 hp, 238 mana
398: 79.9 dps, 4000 hp, 238 mana
399: 79.7 dps, 4000 hp, 238 mana
400: 79.5 dps, 4000 hp, 238 mana
401: 79.3 dps, 4000 hp, 238 mana
402: Fury of Ro tick
402: 79.4 dps, 4000 hp, 279 mana
403: 79.2 dps, 4000 hp, 279 mana
404: 79.1 dps, 4000 hp, 279 mana
405: 78.9 dps, 4000 hp, 279 mana
406: 78.7 dps, 4000 hp, 279 mana
407: 78.5 dps, 4000 hp, 279 mana
408: Fury of Ro tick
408: 78.6 dps, 4000 hp, 320 mana
409: 78.4 dps, 4000 hp, 320 mana
410: 78.2 dps, 4000 hp, 320 mana
411: 78.0 dps, 4000 hp, 320 mana
412: 77.9 dps, 4000 hp, 320 mana
413: 77.7 dps, 4000 hp, 320 mana
414: Fury of Ro tick
414: 77.8 dps, 4000 hp, 361 mana
415: 77.6 dps, 4000 hp, 361 mana
416: 77.4 dps, 4000 hp, 361 mana
417: 77.3 dps, 4000 hp, 361 mana
418: 77.1 dps, 4000 hp, 361 mana
419: 76.9 dps, 4000 hp, 361 mana
420: Fury of Ro tick
420: startcast Swarming Death
420: 77.0 dps, 4000 hp, 402 mana
421: 76.9 dps, 4000 hp, 402 mana
422: 76.7 dps, 4000 hp, 402 mana
423: 76.5 dps, 4000 hp, 402 mana
424: 76.3 dps, 4000 hp, 402 mana
425: 76.1 dps, 4000 hp, 402 mana
426: Fury of Ro tick
426: finished casting Swarming Death
426: 76.3 dps, 4000 hp, 108.5 mana
427: 76.1 dps, 4000 hp, 108.5 mana
428: 75.9 dps, 4000 hp, 108.5 mana
429: 75.8 dps, 4000 hp, 108.5 mana
430: 75.6 dps, 4000 hp, 108.5 mana
431: 75.4 dps, 4000 hp, 108.5 mana
432: Swarming Death tick
432: Fury of Ro tick
432: 76.1 dps, 4000 hp, 149.5 mana
433: 75.9 dps, 4000 hp, 149.5 mana
434: 75.8 dps, 4000 hp, 149.5 mana
435: 75.6 dps, 4000 hp, 149.5 mana
436: 75.4 dps, 4000 hp, 149.5 mana
437: 75.2 dps, 4000 hp, 149.5 mana
438: Swarming Death tick
438: Fury of Ro tick
438: 75.9 dps, 4000 hp, 190.5 mana
439: 75.8 dps, 4000 hp, 190.5 mana
440: 75.6 dps, 4000 hp, 190.5 mana
441: 75.4 dps, 4000 hp, 190.5 mana
442: 75.2 dps, 4000 hp, 190.5 mana
443: 75.1 dps, 4000 hp, 190.5 mana
444: Swarming Death tick
444: 75.4 dps, 4000 hp, 231.5 mana
445: 75.3 dps, 4000 hp, 231.5 mana
446: 75.1 dps, 4000 hp, 231.5 mana
447: 74.9 dps, 4000 hp, 231.5 mana
448: 74.8 dps, 4000 hp, 231.5 mana
449: 74.6 dps, 4000 hp, 231.5 mana
450: Swarming Death tick
450: 75.0 dps, 4000 hp, 272.5 mana
451: 74.8 dps, 4000 hp, 272.5 mana
452: 74.6 dps, 4000 hp, 272.5 mana
453: 74.5 dps, 4000 hp, 272.5 mana
454: 74.3 dps, 4000 hp, 272.5 mana
455: 74.1 dps, 4000 hp, 272.5 mana
456: Swarming Death tick
456: 74.5 dps, 4000 hp, 313.5 mana
457: 74.3 dps, 4000 hp, 313.5 mana
458: 74.2 dps, 4000 hp, 313.5 mana
459: 74.0 dps, 4000 hp, 313.5 mana
460: 73.9 dps, 4000 hp, 313.5 mana
461: 73.7 dps, 4000 hp, 313.5 mana
462: Swarming Death tick
462: startcast Fury of Ro
462: 74.1 dps, 4000 hp, 354.5 mana
463: 73.9 dps, 4000 hp, 354.5 mana
464: 73.7 dps, 4000 hp, 354.5 mana
465: finished casting Fury of Ro
465: 73.6 dps, 4000 hp, 57 mana
466: 73.4 dps, 4000 hp, 57 mana
467: 73.3 dps, 4000 hp, 57 mana
468: Swarming Death tick
468: Fury of Ro tick
468: 73.9 dps, 4000 hp, 78 mana
469: 73.8 dps, 4000 hp, 78 mana
470: 73.6 dps, 4000 hp, 78 mana
471: 73.5 dps, 4000 hp, 78 mana
472: 73.3 dps, 4000 hp, 78 mana
473: 73.1 dps, 4000 hp, 78 mana
474: Swarming Death tick
474: Fury of Ro tick
474: 73.8 dps, 4000 hp, 119 mana
475: 73.6 dps, 4000 hp, 119 mana
476: 73.5 dps, 4000 hp, 119 mana
477: 73.3 dps, 4000 hp, 119 mana
478: 73.2 dps, 4000 hp, 119 mana
479: 73.0 dps, 4000 hp, 119 mana
480: Fury of Ro tick
480: 73.2 dps, 4000 hp, 160 mana
481: 73.0 dps, 4000 hp, 160 mana
482: 72.9 dps, 4000 hp, 160 mana
483: 72.7 dps, 4000 hp, 160 mana
484: 72.6 dps, 4000 hp, 160 mana
485: 72.4 dps, 4000 hp, 160 mana
486: Fury of Ro tick
486: 72.5 dps, 4000 hp, 201 mana
487: 72.4 dps, 4000 hp, 201 mana
488: 72.2 dps, 4000 hp, 201 mana
489: 72.1 dps, 4000 hp, 201 mana
490: 72.0 dps, 4000 hp, 201 mana
491: 71.8 dps, 4000 hp, 201 mana
492: Fury of Ro tick
492: 71.9 dps, 4000 hp, 242 mana
493: 71.8 dps, 4000 hp, 242 mana
494: 71.7 dps, 4000 hp, 242 mana
495: 71.5 dps, 4000 hp, 242 mana
496: 71.4 dps, 4000 hp, 242 mana
497: 71.2 dps, 4000 hp, 242 mana
498: Fury of Ro tick
498: 71.4 dps, 4000 hp, 283 mana
499: 71.2 dps, 4000 hp, 283 mana
500: 71.1 dps, 4000 hp, 283 mana
501: 70.9 dps, 4000 hp, 283 mana
502: 70.8 dps, 4000 hp, 283 mana
503: 70.7 dps, 4000 hp, 283 mana
504: Fury of Ro tick
504: 70.8 dps, 4000 hp, 324 mana
505: 70.6 dps, 4000 hp, 324 mana
506: 70.5 dps, 4000 hp, 324 mana
507: 70.4 dps, 4000 hp, 324 mana
508: 70.2 dps, 4000 hp, 324 mana
509: 70.1 dps, 4000 hp, 324 mana
510: Fury of Ro tick
510: 70.2 dps, 4000 hp, 365 mana
511: 70.1 dps, 4000 hp, 365 mana
512: 70.0 dps, 4000 hp, 365 mana
513: 69.8 dps, 4000 hp, 365 mana
514: 69.7 dps, 4000 hp, 365 mana
515: 69.5 dps, 4000 hp, 365 mana
516: Fury of Ro tick
516: startcast Swarming Death
516: 69.7 dps, 4000 hp, 406 mana
517: 69.5 dps, 4000 hp, 406 mana
518: 69.4 dps, 4000 hp, 406 mana
519: 69.3 dps, 4000 hp, 406 mana
520: 69.1 dps, 4000 hp, 406 mana
521: 69.0 dps, 4000 hp, 406 mana
522: Fury of Ro tick
522: finished casting Swarming Death
522: 69.2 dps, 4000 hp, 112.5 mana
523: 69.0 dps, 4000 hp, 112.5 mana
524: 68.9 dps, 4000 hp, 112.5 mana
525: 68.8 dps, 4000 hp, 112.5 mana
526: 68.6 dps, 4000 hp, 112.5 mana
527: 68.5 dps, 4000 hp, 112.5 mana
528: Swarming Death tick
528: Fury of Ro tick
528: 69.1 dps, 4000 hp, 153.5 mana
529: 69.0 dps, 4000 hp, 153.5 mana
530: 68.8 dps, 4000 hp, 153.5 mana
531: 68.7 dps, 4000 hp, 153.5 mana
532: 68.6 dps, 4000 hp, 153.5 mana
533: 68.4 dps, 4000 hp, 153.5 mana
534: Swarming Death tick
534: Fury of Ro tick
534: 69.0 dps, 4000 hp, 194.5 mana
535: 68.9 dps, 4000 hp, 194.5 mana
536: 68.8 dps, 4000 hp, 194.5 mana
537: 68.6 dps, 4000 hp, 194.5 mana
538: 68.5 dps, 4000 hp, 194.5 mana
539: 68.4 dps, 4000 hp, 194.5 mana
540: Swarming Death tick
540: 68.7 dps, 4000 hp, 235.5 mana
541: 68.6 dps, 4000 hp, 235.5 mana
542: 68.4 dps, 4000 hp, 235.5 mana
543: 68.3 dps, 4000 hp, 235.5 mana
544: 68.2 dps, 4000 hp, 235.5 mana
545: 68.1 dps, 4000 hp, 235.5 mana
546: Swarming Death tick
546: 68.4 dps, 4000 hp, 276.5 mana
547: 68.3 dps, 4000 hp, 276.5 mana
548: 68.1 dps, 4000 hp, 276.5 mana
549: 68.0 dps, 4000 hp, 276.5 mana
550: 67.9 dps, 4000 hp, 276.5 mana
551: 67.8 dps, 4000 hp, 276.5 mana
552: Swarming Death tick
552: 68.1 dps, 4000 hp, 317.5 mana
553: 68.0 dps, 4000 hp, 317.5 mana
554: 67.8 dps, 4000 hp, 317.5 mana
555: 67.7 dps, 4000 hp, 317.5 mana
556: 67.6 dps, 4000 hp, 317.5 mana
557: 67.5 dps, 4000 hp, 317.5 mana
558: Swarming Death tick
558: startcast Fury of Ro
558: 67.8 dps, 4000 hp, 358.5 mana
559: 67.7 dps, 4000 hp, 358.5 mana
560: 67.5 dps, 4000 hp, 358.5 mana
561: finished casting Fury of Ro
561: 67.4 dps, 4000 hp, 61 mana
562: 67.3 dps, 4000 hp, 61 mana
563: 67.2 dps, 4000 hp, 61 mana
564: Swarming Death tick
564: Fury of Ro tick
564: 67.7 dps, 4000 hp, 82 mana
565: 67.6 dps, 4000 hp, 82 mana
566: 67.5 dps, 4000 hp, 82 mana
567: 67.4 dps, 4000 hp, 82 mana
568: 67.2 dps, 4000 hp, 82 mana
569: 67.1 dps, 4000 hp, 82 mana
570: Swarming Death tick
570: Fury of Ro tick
570: 67.7 dps, 4000 hp, 123 mana
571: 67.6 dps, 4000 hp, 123 mana
572: 67.4 dps, 4000 hp, 123 mana
573: 67.3 dps, 4000 hp, 123 mana
574: 67.2 dps, 4000 hp, 123 mana
575: 67.1 dps, 4000 hp, 123 mana
576: Fury of Ro tick
576: 67.2 dps, 4000 hp, 164 mana
577: 67.1 dps, 4000 hp, 164 mana
578: 67.0 dps, 4000 hp, 164 mana
579: 66.9 dps, 4000 hp, 164 mana
580: 66.8 dps, 4000 hp, 164 mana
581: 66.6 dps, 4000 hp, 164 mana
582: Fury of Ro tick
582: 66.8 dps, 4000 hp, 205 mana
583: 66.7 dps, 4000 hp, 205 mana
584: 66.5 dps, 4000 hp, 205 mana
585: 66.4 dps, 4000 hp, 205 mana
586: 66.3 dps, 4000 hp, 205 mana
587: 66.2 dps, 4000 hp, 205 mana
588: Fury of Ro tick
588: 66.3 dps, 4000 hp, 246 mana
589: 66.2 dps, 4000 hp, 246 mana
590: 66.1 dps, 4000 hp, 246 mana
591: 66.0 dps, 4000 hp, 246 mana
592: 65.9 dps, 4000 hp, 246 mana
593: 65.8 dps, 4000 hp, 246 mana
594: Fury of Ro tick
594: 65.9 dps, 4000 hp, 287 mana
595: 65.8 dps, 4000 hp, 287 mana
596: 65.7 dps, 4000 hp, 287 mana
597: 65.6 dps, 4000 hp, 287 mana
598: 65.4 dps, 4000 hp, 287 mana
599: 65.3 dps, 4000 hp, 287 mana
600: Fury of Ro tick
600: 65.5 dps, 4000 hp, 328 mana
601: 65.4 dps, 4000 hp, 328 mana
602: 65.2 dps, 4000 hp, 328 mana
603: 65.1 dps, 4000 hp, 328 mana
604: 65.0 dps, 4000 hp, 328 mana
605: 64.9 dps, 4000 hp, 328 mana
606: Fury of Ro tick
606: 65.0 dps, 4000 hp, 369 mana
607: 64.9 dps, 4000 hp, 369 mana
608: 64.8 dps, 4000 hp, 369 mana
609: 64.7 dps, 4000 hp, 369 mana
610: 64.6 dps, 4000 hp, 369 mana
611: 64.5 dps, 4000 hp, 369 mana
612: Fury of Ro tick
612: startcast Swarming Death
612: 64.6 dps, 4000 hp, 410 mana
613: 64.5 dps, 4000 hp, 410 mana
614: 64.4 dps, 4000 hp, 410 mana
615: 64.3 dps, 4000 hp, 410 mana
616: 64.2 dps, 4000 hp, 410 mana
617: 64.1 dps, 4000 hp, 410 mana
618: Fury of Ro tick
618: finished casting Swarming Death
618: 64.2 dps, 4000 hp, 116.5 mana
619: 64.1 dps, 4000 hp, 116.5 mana
620: 64.0 dps, 4000 hp, 116.5 mana
621: 63.9 dps, 4000 hp, 116.5 mana
622: 63.8 dps, 4000 hp, 116.5 mana
623: 63.7 dps, 4000 hp, 116.5 mana
624: Swarming Death tick
624: Fury of Ro tick
624: 64.2 dps, 4000 hp, 157.5 mana
625: 64.1 dps, 4000 hp, 157.5 mana
626: 64.0 dps, 4000 hp, 157.5 mana
627: 63.9 dps, 4000 hp, 157.5 mana
628: 63.8 dps, 4000 hp, 157.5 mana
629: 63.7 dps, 4000 hp, 157.5 mana
630: Swarming Death tick
630: Fury of Ro tick
630: 64.2 dps, 4000 hp, 198.5 mana
631: 64.1 dps, 4000 hp, 198.5 mana
632: 64.0 dps, 4000 hp, 198.5 mana
633: 63.9 dps, 4000 hp, 198.5 mana
634: 63.8 dps, 4000 hp, 198.5 mana
635: 63.7 dps, 4000 hp, 198.5 mana
636: Swarming Death tick
636: 64.0 dps, 4000 hp, 239.5 mana
637: 63.9 dps, 4000 hp, 239.5 mana
638: 63.8 dps, 4000 hp, 239.5 mana
639: 63.7 dps, 4000 hp, 239.5 mana
640: 63.6 dps, 4000 hp, 239.5 mana
641: 63.5 dps, 4000 hp, 239.5 mana
642: Swarming Death tick
642: 63.8 dps, 4000 hp, 280.5 mana
643: 63.7 dps, 4000 hp, 280.5 mana
644: 63.6 dps, 4000 hp, 280.5 mana
645: 63.5 dps, 4000 hp, 280.5 mana
646: 63.4 dps, 4000 hp, 280.5 mana
647: 63.3 dps, 4000 hp, 280.5 mana
648: Swarming Death tick
648: 63.5 dps, 4000 hp, 321.5 mana
649: 63.4 dps, 4000 hp, 321.5 mana
650: 63.3 dps, 4000 hp, 321.5 mana
651: 63.3 dps, 4000 hp, 321.5 mana
652: 63.2 dps, 4000 hp, 321.5 mana
653: 63.1 dps, 4000 hp, 321.5 mana
654: Swarming Death tick
654: startcast Fury of Ro
654: 63.3 dps, 4000 hp, 362.5 mana
655: 63.2 dps, 4000 hp, 362.5 mana
656: 63.1 dps, 4000 hp, 362.5 mana
657: finished casting Fury of Ro
657: 63.0 dps, 4000 hp, 65 mana
658: 62.9 dps, 4000 hp, 65 mana
659: 62.8 dps, 4000 hp, 65 mana
660: Swarming Death tick
660: Fury of Ro tick
660: 63.3 dps, 4000 hp, 86 mana
661: 63.2 dps, 4000 hp, 86 mana
662: 63.1 dps, 4000 hp, 86 mana
663: 63.0 dps, 4000 hp, 86 mana
664: 62.9 dps, 4000 hp, 86 mana
665: 62.9 dps, 4000 hp, 86 mana
666: Swarming Death tick
666: Fury of Ro tick
666: 63.3 dps, 4000 hp, 127 mana
667: 63.2 dps, 4000 hp, 127 mana
668: 63.1 dps, 4000 hp, 127 mana
669: 63.0 dps, 4000 hp, 127 mana
670: 63.0 dps, 4000 hp, 127 mana
671: 62.9 dps, 4000 hp, 127 mana
672: Fury of Ro tick
672: 63.0 dps, 4000 hp, 168 mana
673: 62.9 dps, 4000 hp, 168 mana
674: 62.8 dps, 4000 hp, 168 mana
675: 62.7 dps, 4000 hp, 168 mana
676: 62.6 dps, 4000 hp, 168 mana
677: 62.5 dps, 4000 hp, 168 mana
678: Fury of Ro tick
678: 62.6 dps, 4000 hp, 209 mana
679: 62.5 dps, 4000 hp, 209 mana
680: 62.4 dps, 4000 hp, 209 mana
681: 62.3 dps, 4000 hp, 209 mana
682: 62.3 dps, 4000 hp, 209 mana
683: 62.2 dps, 4000 hp, 209 mana
684: Fury of Ro tick
684: 62.3 dps, 4000 hp, 250 mana
685: 62.2 dps, 4000 hp, 250 mana
686: 62.1 dps, 4000 hp, 250 mana
687: 62.0 dps, 4000 hp, 250 mana
688: 61.9 dps, 4000 hp, 250 mana
689: 61.8 dps, 4000 hp, 250 mana
690: Fury of Ro tick
690: 61.9 dps, 4000 hp, 291 mana
691: 61.8 dps, 4000 hp, 291 mana
692: 61.8 dps, 4000 hp, 291 mana
693: 61.7 dps, 4000 hp, 291 mana
694: 61.6 dps, 4000 hp, 291 mana
695: 61.5 dps, 4000 hp, 291 mana
696: Fury of Ro tick
696: 61.6 dps, 4000 hp, 332 mana
697: 61.5 dps, 4000 hp, 332 mana
698: 61.4 dps, 4000 hp, 332 mana
699: 61.3 dps, 4000 hp, 332 mana
700: 61.3 dps, 4000 hp, 332 mana
701: 61.2 dps, 4000 hp, 332 mana
702: Fury of Ro tick
702: startcast Swarming Death
702: 61.3 dps, 4000 hp, 373 mana
703: 61.2 dps, 4000 hp, 373 mana
704: 61.1 dps, 4000 hp, 373 mana
705: 61.0 dps, 4000 hp, 373 mana
706: 60.9 dps, 4000 hp, 373 mana
707: 60.8 dps, 4000 hp, 373 mana
708: Fury of Ro tick
708: finished casting Swarming Death
708: 61.0 dps, 4000 hp, 79.5 mana
709: 60.9 dps, 4000 hp, 79.5 mana
710: 60.8 dps, 4000 hp, 79.5 mana
711: 60.7 dps, 4000 hp, 79.5 mana
712: 60.6 dps, 4000 hp, 79.5 mana
713: 60.5 dps, 4000 hp, 79.5 mana
714: Swarming Death tick
714: Fury of Ro tick
714: 61.0 dps, 4000 hp, 120.5 mana
715: 60.9 dps, 4000 hp, 120.5 mana
716: 60.8 dps, 4000 hp, 120.5 mana
717: 60.7 dps, 4000 hp, 120.5 mana
718: 60.6 dps, 4000 hp, 120.5 mana
719: 60.6 dps, 4000 hp, 120.5 mana
720: Swarming Death tick
720: Fury of Ro tick
720: 61.0 dps, 4000 hp, 161.5 mana
721: 60.9 dps, 4000 hp, 161.5 mana
722: 60.8 dps, 4000 hp, 161.5 mana
723: 60.7 dps, 4000 hp, 161.5 mana
724: 60.7 dps, 4000 hp, 161.5 mana
725: 60.6 dps, 4000 hp, 161.5 mana
726: Swarming Death tick
726: Fury of Ro tick
726: 61.0 dps, 4000 hp, 202.5 mana
727: 60.9 dps, 4000 hp, 202.5 mana
728: 60.8 dps, 4000 hp, 202.5 mana
729: 60.8 dps, 4000 hp, 202.5 mana
730: 60.7 dps, 4000 hp, 202.5 mana
731: 60.6 dps, 4000 hp, 202.5 mana
732: Swarming Death tick
732: 60.8 dps, 4000 hp, 243.5 mana
733: 60.8 dps, 4000 hp, 243.5 mana
734: 60.7 dps, 4000 hp, 243.5 mana
735: 60.6 dps, 4000 hp, 243.5 mana
736: 60.5 dps, 4000 hp, 243.5 mana
737: 60.4 dps, 4000 hp, 243.5 mana
738: Swarming Death tick
738: 60.7 dps, 4000 hp, 284.5 mana
739: 60.6 dps, 4000 hp, 284.5 mana
740: 60.5 dps, 4000 hp, 284.5 mana
741: 60.4 dps, 4000 hp, 284.5 mana
742: 60.3 dps, 4000 hp, 284.5 mana
743: 60.3 dps, 4000 hp, 284.5 mana
744: Swarming Death tick
744: 60.5 dps, 4000 hp, 325.5 mana
745: 60.4 dps, 4000 hp, 325.5 mana
746: 60.3 dps, 4000 hp, 325.5 mana
747: 60.3 dps, 4000 hp, 325.5 mana
748: 60.2 dps, 4000 hp, 325.5 mana
749: 60.1 dps, 4000 hp, 325.5 mana
750: Swarming Death tick
750: startcast Fury of Ro
750: 60.3 dps, 4000 hp, 366.5 mana
751: 60.3 dps, 4000 hp, 366.5 mana
752: 60.2 dps, 4000 hp, 366.5 mana
753: finished casting Fury of Ro
753: 60.1 dps, 4000 hp, 69 mana
754: 60.0 dps, 4000 hp, 69 mana
755: 59.9 dps, 4000 hp, 69 mana
756: Swarming Death tick
756: Fury of Ro tick
756: 60.4 dps, 4000 hp, 90 mana
757: 60.3 dps, 4000 hp, 90 mana
758: 60.2 dps, 4000 hp, 90 mana
759: 60.1 dps, 4000 hp, 90 mana
760: 60.0 dps, 4000 hp, 90 mana
761: 60.0 dps, 4000 hp, 90 mana
762: Fury of Ro tick
762: 60.1 dps, 4000 hp, 131 mana
763: 60.0 dps, 4000 hp, 131 mana
764: 59.9 dps, 4000 hp, 131 mana
765: 59.8 dps, 4000 hp, 131 mana
766: 59.8 dps, 4000 hp, 131 mana
767: 59.7 dps, 4000 hp, 131 mana
768: Fury of Ro tick
768: 59.8 dps, 4000 hp, 172 mana
769: 59.7 dps, 4000 hp, 172 mana
770: 59.6 dps, 4000 hp, 172 mana
771: 59.6 dps, 4000 hp, 172 mana
772: 59.5 dps, 4000 hp, 172 mana
773: 59.4 dps, 4000 hp, 172 mana
774: Fury of Ro tick
774: 59.5 dps, 4000 hp, 213 mana
775: 59.4 dps, 4000 hp, 213 mana
776: 59.4 dps, 4000 hp, 213 mana
777: 59.3 dps, 4000 hp, 213 mana
778: 59.2 dps, 4000 hp, 213 mana
779: 59.1 dps, 4000 hp, 213 mana
780: Fury of Ro tick
780: 59.2 dps, 4000 hp, 254 mana
781: 59.2 dps, 4000 hp, 254 mana
782: 59.1 dps, 4000 hp, 254 mana
783: 59.0 dps, 4000 hp, 254 mana
784: 58.9 dps, 4000 hp, 254 mana
785: 58.8 dps, 4000 hp, 254 mana
786: Fury of Ro tick
786: 59.0 dps, 4000 hp, 295 mana
787: 58.9 dps, 4000 hp, 295 mana
788: 58.8 dps, 4000 hp, 295 mana
789: 58.7 dps, 4000 hp, 295 mana
790: 58.7 dps, 4000 hp, 295 mana
791: 58.6 dps, 4000 hp, 295 mana
792: Fury of Ro tick
792: 58.7 dps, 4000 hp, 336 mana
793: 58.6 dps, 4000 hp, 336 mana
794: 58.5 dps, 4000 hp, 336 mana
795: 58.5 dps, 4000 hp, 336 mana
796: 58.4 dps, 4000 hp, 336 mana
797: 58.3 dps, 4000 hp, 336 mana
798: Fury of Ro tick
798: startcast Swarming Death
798: 58.4 dps, 4000 hp, 377 mana
799: 58.3 dps, 4000 hp, 377 mana
800: 58.3 dps, 4000 hp, 377 mana
801: 58.2 dps, 4000 hp, 377 mana
802: 58.1 dps, 4000 hp, 377 mana
803: 58.1 dps, 4000 hp, 377 mana
804: Fury of Ro tick
804: finished casting Swarming Death
804: 58.2 dps, 4000 hp, 83.5 mana
805: 58.1 dps, 4000 hp, 83.5 mana
806: 58.0 dps, 4000 hp, 83.5 mana
807: 57.9 dps, 4000 hp, 83.5 mana
808: 57.9 dps, 4000 hp, 83.5 mana
809: 57.8 dps, 4000 hp, 83.5 mana
810: Swarming Death tick
810: Fury of Ro tick
810: 58.2 dps, 4000 hp, 124.5 mana
811: 58.1 dps, 4000 hp, 124.5 mana
812: 58.1 dps, 4000 hp, 124.5 mana
813: 58.0 dps, 4000 hp, 124.5 mana
814: 57.9 dps, 4000 hp, 124.5 mana
815: 57.8 dps, 4000 hp, 124.5 mana
816: Swarming Death tick
816: Fury of Ro tick
816: 58.2 dps, 4000 hp, 165.5 mana
817: 58.2 dps, 4000 hp, 165.5 mana
818: 58.1 dps, 4000 hp, 165.5 mana
819: 58.0 dps, 4000 hp, 165.5 mana
820: 57.9 dps, 4000 hp, 165.5 mana
821: 57.9 dps, 4000 hp, 165.5 mana
822: Swarming Death tick
822: Fury of Ro tick
822: 58.3 dps, 4000 hp, 206.5 mana
823: 58.2 dps, 4000 hp, 206.5 mana
824: 58.1 dps, 4000 hp, 206.5 mana
825: 58.1 dps, 4000 hp, 206.5 mana
826: 58.0 dps, 4000 hp, 206.5 mana
827: 57.9 dps, 4000 hp, 206.5 mana
828: Swarming Death tick
828: 58.1 dps, 4000 hp, 247.5 mana
829: 58.1 dps, 4000 hp, 247.5 mana
830: 58.0 dps, 4000 hp, 247.5 mana
831: 57.9 dps, 4000 hp, 247.5 mana
832: 57.9 dps, 4000 hp, 247.5 mana
833: 57.8 dps, 4000 hp, 247.5 mana
834: Swarming Death tick
834: 58.0 dps, 4000 hp, 288.5 mana
835: 57.9 dps, 4000 hp, 288.5 mana
836: 57.9 dps, 4000 hp, 288.5 mana
837: 57.8 dps, 4000 hp, 288.5 mana
838: 57.7 dps, 4000 hp, 288.5 mana
839: 57.7 dps, 4000 hp, 288.5 mana
840: Swarming Death tick
840: 57.9 dps, 4000 hp, 329.5 mana
841: 57.8 dps, 4000 hp, 329.5 mana
842: 57.7 dps, 4000 hp, 329.5 mana
843: 57.7 dps, 4000 hp, 329.5 mana
844: 57.6 dps, 4000 hp, 329.5 mana
845: 57.5 dps, 4000 hp, 329.5 mana
846: Swarming Death tick
846: startcast Fury of Ro
846: 57.8 dps, 4000 hp, 370.5 mana
847: 57.7 dps, 4000 hp, 370.5 mana
848: 57.6 dps, 4000 hp, 370.5 mana
849: finished casting Fury of Ro
849: 57.5 dps, 4000 hp, 73 mana
850: 57.5 dps, 4000 hp, 73 mana
851: 57.4 dps, 4000 hp, 73 mana
852: Swarming Death tick
852: Fury of Ro tick
852: 57.8 dps, 4000 hp, 94 mana
853: 57.7 dps, 4000 hp, 94 mana
854: 57.7 dps, 4000 hp, 94 mana
855: 57.6 dps, 4000 hp, 94 mana
856: 57.5 dps, 4000 hp, 94 mana
857: 57.5 dps, 4000 hp, 94 mana
858: Fury of Ro tick
858: 57.5 dps, 4000 hp, 135 mana
859: 57.5 dps, 4000 hp, 135 mana
860: 57.4 dps, 4000 hp, 135 mana
861: 57.3 dps, 4000 hp, 135 mana
862: 57.3 dps, 4000 hp, 135 mana
863: 57.2 dps, 4000 hp, 135 mana
864: Fury of Ro tick
864: 57.3 dps, 4000 hp, 176 mana
865: 57.2 dps, 4000 hp, 176 mana
866: 57.2 dps, 4000 hp, 176 mana
867: 57.1 dps, 4000 hp, 176 mana
868: 57.0 dps, 4000 hp, 176 mana
869: 57.0 dps, 4000 hp, 176 mana
870: Fury of Ro tick
870: 57.1 dps, 4000 hp, 217 mana
871: 57.0 dps, 4000 hp, 217 mana
872: 56.9 dps, 4000 hp, 217 mana
873: 56.9 dps, 4000 hp, 217 mana
874: 56.8 dps, 4000 hp, 217 mana
875: 56.8 dps, 4000 hp, 217 mana
876: Fury of Ro tick
876: 56.8 dps, 4000 hp, 258 mana
877: 56.8 dps, 4000 hp, 258 mana
878: 56.7 dps, 4000 hp, 258 mana
879: 56.7 dps, 4000 hp, 258 mana
880: 56.6 dps, 4000 hp, 258 mana
881: 56.5 dps, 4000 hp, 258 mana
882: Fury of Ro tick
882: 56.6 dps, 4000 hp, 299 mana
883: 56.6 dps, 4000 hp, 299 mana
884: 56.5 dps, 4000 hp, 299 mana
885: 56.4 dps, 4000 hp, 299 mana
886: 56.4 dps, 4000 hp, 299 mana
887: 56.3 dps, 4000 hp, 299 mana
888: Fury of Ro tick
888: 56.4 dps, 4000 hp, 340 mana
889: 56.3 dps, 4000 hp, 340 mana
890: 56.3 dps, 4000 hp, 340 mana
891: 56.2 dps, 4000 hp, 340 mana
892: 56.1 dps, 4000 hp, 340 mana
893: 56.1 dps, 4000 hp, 340 mana
894: Fury of Ro tick
894: startcast Swarming Death
894: 56.2 dps, 4000 hp, 381 mana
895: 56.1 dps, 4000 hp, 381 mana
896: 56.0 dps, 4000 hp, 381 mana
897: 56.0 dps, 4000 hp, 381 mana
898: 55.9 dps, 4000 hp, 381 mana
899: 55.9 dps, 4000 hp, 381 mana
900: Fury of Ro tick
900: finished casting Swarming Death
900: 56.0 dps, 4000 hp, 87.5 mana
901: 55.9 dps, 4000 hp, 87.5 mana
902: 55.8 dps, 4000 hp, 87.5 mana
903: 55.8 dps, 4000 hp, 87.5 mana
904: 55.7 dps, 4000 hp, 87.5 mana
905: 55.6 dps, 4000 hp, 87.5 mana
906: Swarming Death tick
906: Fury of Ro tick
906: 56.0 dps, 4000 hp, 128.5 mana
907: 55.9 dps, 4000 hp, 128.5 mana
908: 55.9 dps, 4000 hp, 128.5 mana
909: 55.8 dps, 4000 hp, 128.5 mana
910: 55.8 dps, 4000 hp, 128.5 mana
911: 55.7 dps, 4000 hp, 128.5 mana
912: Swarming Death tick
912: Fury of Ro tick
912: 56.0 dps, 4000 hp, 169.5 mana
913: 56.0 dps, 4000 hp, 169.5 mana
914: 55.9 dps, 4000 hp, 169.5 mana
915: 55.9 dps, 4000 hp, 169.5 mana
916: 55.8 dps, 4000 hp, 169.5 mana
917: 55.7 dps, 4000 hp, 169.5 mana
918: Swarming Death tick
918: Fury of Ro tick
918: 56.1 dps, 4000 hp, 210.5 mana
919: 56.0 dps, 4000 hp, 210.5 mana
920: 56.0 dps, 4000 hp, 210.5 mana
921: 55.9 dps, 4000 hp, 210.5 mana
922: 55.9 dps, 4000 hp, 210.5 mana
923: 55.8 dps, 4000 hp, 210.5 mana
924: Swarming Death tick
924: 56.0 dps, 4000 hp, 251.5 mana
925: 55.9 dps, 4000 hp, 251.5 mana
926: 55.9 dps, 4000 hp, 251.5 mana
927: 55.8 dps, 4000 hp, 251.5 mana
928: 55.8 dps, 4000 hp, 251.5 mana
929: 55.7 dps, 4000 hp, 251.5 mana
930: Swarming Death tick
930: 55.9 dps, 4000 hp, 292.5 mana
931: 55.8 dps, 4000 hp, 292.5 mana
932: 55.8 dps, 4000 hp, 292.5 mana
933: 55.7 dps, 4000 hp, 292.5 mana
934: 55.7 dps, 4000 hp, 292.5 mana
935: 55.6 dps, 4000 hp, 292.5 mana
936: Swarming Death tick
936: 55.8 dps, 4000 hp, 333.5 mana
937: 55.7 dps, 4000 hp, 333.5 mana
938: 55.7 dps, 4000 hp, 333.5 mana
939: 55.6 dps, 4000 hp, 333.5 mana
940: 55.6 dps, 4000 hp, 333.5 mana
941: 55.5 dps, 4000 hp, 333.5 mana
942: Swarming Death tick
942: startcast Fury of Ro
942: 55.7 dps, 4000 hp, 374.5 mana
943: 55.6 dps, 4000 hp, 374.5 mana
944: 55.6 dps, 4000 hp, 374.5 mana
945: finished casting Fury of Ro
945: 55.5 dps, 4000 hp, 77 mana
946: 55.5 dps, 4000 hp, 77 mana
947: 55.4 dps, 4000 hp, 77 mana
948: Swarming Death tick
948: Fury of Ro tick
948: 55.7 dps, 4000 hp, 98 mana
949: 55.7 dps, 4000 hp, 98 mana
950: 55.6 dps, 4000 hp, 98 mana
951: 55.6 dps, 4000 hp, 98 mana
952: 55.5 dps, 4000 hp, 98 mana
953: 55.4 dps, 4000 hp, 98 mana
954: Fury of Ro tick
954: 55.5 dps, 4000 hp, 139 mana
955: 55.5 dps, 4000 hp, 139 mana
956: 55.4 dps, 4000 hp, 139 mana
957: 55.4 dps, 4000 hp, 139 mana
958: 55.3 dps, 4000 hp, 139 mana
959: 55.2 dps, 4000 hp, 139 mana
960: Fury of Ro tick
960: 55.3 dps, 4000 hp, 180 mana
961: 55.3 dps, 4000 hp, 180 mana
962: 55.2 dps, 4000 hp, 180 mana
963: 55.2 dps, 4000 hp, 180 mana
964: 55.1 dps, 4000 hp, 180 mana
965: 55.0 dps, 4000 hp, 180 mana
966: Fury of Ro tick
966: 55.1 dps, 4000 hp, 221 mana
967: 55.1 dps, 4000 hp, 221 mana
968: 55.0 dps, 4000 hp, 221 mana
969: 55.0 dps, 4000 hp, 221 mana
970: 54.9 dps, 4000 hp, 221 mana
971: 54.8 dps, 4000 hp, 221 mana
972: Fury of Ro tick
972: 54.9 dps, 4000 hp, 262 mana
973: 54.9 dps, 4000 hp, 262 mana
974: 54.8 dps, 4000 hp, 262 mana
975: 54.8 dps, 4000 hp, 262 mana
976: 54.7 dps, 4000 hp, 262 mana
977: 54.7 dps, 4000 hp, 262 mana
978: Fury of Ro tick
978: 54.7 dps, 4000 hp, 303 mana
979: 54.7 dps, 4000 hp, 303 mana
980: 54.6 dps, 4000 hp, 303 mana
981: 54.6 dps, 4000 hp, 303 mana
982: 54.5 dps, 4000 hp, 303 mana
983: 54.5 dps, 4000 hp, 303 mana
984: Fury of Ro tick
984: 54.6 dps, 4000 hp, 344 mana
985: 54.5 dps, 4000 hp, 344 mana
986: 54.4 dps, 4000 hp, 344 mana
987: 54.4 dps, 4000 hp, 344 mana
988: 54.3 dps, 4000 hp, 344 mana
989: 54.3 dps, 4000 hp, 344 mana
990: Fury of Ro tick
990: startcast Swarming Death
990: 54.4 dps, 4000 hp, 385 mana
991: 54.3 dps, 4000 hp, 385 mana
992: 54.3 dps, 4000 hp, 385 mana
993: 54.2 dps, 4000 hp, 385 mana
994: 54.1 dps, 4000 hp, 385 mana
995: 54.1 dps, 4000 hp, 385 mana
996: Fury of Ro tick
996: finished casting Swarming Death
996: 54.2 dps, 4000 hp, 91.5 mana
997: 54.1 dps, 4000 hp, 91.5 mana
998: 54.1 dps, 4000 hp, 91.5 mana
999: 54.0 dps, 4000 hp, 91.5 mana
1000: 54.0 dps, 4000 hp, 91.5 mana
1001: 53.9 dps, 4000 hp, 91.5 mana
1002: Swarming Death tick
1002: Fury of Ro tick
1002: 54.2 dps, 4000 hp, 132.5 mana
1003: 54.2 dps, 4000 hp, 132.5 mana
1004: 54.1 dps, 4000 hp, 132.5 mana
1005: 54.1 dps, 4000 hp, 132.5 mana
1006: 54.0 dps, 4000 hp, 132.5 mana
1007: 54.0 dps, 4000 hp, 132.5 mana
1008: Swarming Death tick
1008: Fury of Ro tick
1008: 54.3 dps, 4000 hp, 173.5 mana
1009: 54.2 dps, 4000 hp, 173.5 mana
1010: 54.2 dps, 4000 hp, 173.5 mana
1011: 54.1 dps, 4000 hp, 173.5 mana
1012: 54.1 dps, 4000 hp, 173.5 mana
1013: 54.0 dps, 4000 hp, 173.5 mana
1014: Swarming Death tick
1014: Fury of Ro tick
1014: 54.3 dps, 4000 hp, 214.5 mana
1015: 54.3 dps, 4000 hp, 214.5 mana
1016: 54.2 dps, 4000 hp, 214.5 mana
1017: 54.2 dps, 4000 hp, 214.5 mana
1018: 54.1 dps, 4000 hp, 214.5 mana
1019: 54.1 dps, 4000 hp, 214.5 mana
1020: Swarming Death tick
1020: 54.3 dps, 4000 hp, 255.5 mana
1021: 54.2 dps, 4000 hp, 255.5 mana
1022: 54.1 dps, 4000 hp, 255.5 mana
1023: 54.1 dps, 4000 hp, 255.5 mana
1024: 54.0 dps, 4000 hp, 255.5 mana
1025: 54.0 dps, 4000 hp, 255.5 mana
1026: Swarming Death tick
1026: 54.2 dps, 4000 hp, 296.5 mana
1027: 54.1 dps, 4000 hp, 296.5 mana
1028: 54.1 dps, 4000 hp, 296.5 mana
1029: 54.0 dps, 4000 hp, 296.5 mana
1030: 54.0 dps, 4000 hp, 296.5 mana
1031: 53.9 dps, 4000 hp, 296.5 mana
1032: Swarming Death tick
1032: 54.1 dps, 4000 hp, 337.5 mana
1033: 54.0 dps, 4000 hp, 337.5 mana
1034: 54.0 dps, 4000 hp, 337.5 mana
1035: 53.9 dps, 4000 hp, 337.5 mana
1036: 53.9 dps, 4000 hp, 337.5 mana
1037: 53.8 dps, 4000 hp, 337.5 mana
1038: Swarming Death tick
1038: startcast Fury of Ro
1038: 54.0 dps, 4000 hp, 378.5 mana
1039: 54.0 dps, 4000 hp, 378.5 mana
1040: 53.9 dps, 4000 hp, 378.5 mana
1041: finished casting Fury of Ro
1041: 53.8 dps, 4000 hp, 81 mana
1042: 53.8 dps, 4000 hp, 81 mana
1043: 53.7 dps, 4000 hp, 81 mana
1044: Swarming Death tick
1044: Fury of Ro tick
1044: 54.1 dps, 4000 hp, 102 mana
1045: 54.0 dps, 4000 hp, 102 mana
1046: 54.0 dps, 4000 hp, 102 mana
1047: 53.9 dps, 4000 hp, 102 mana
1048: 53.9 dps, 4000 hp, 102 mana
1049: 53.8 dps, 4000 hp, 102 mana
1050: Fury of Ro tick
1050: 53.9 dps, 4000 hp, 143 mana
1051: 53.8 dps, 4000 hp, 143 mana
1052: 53.8 dps, 4000 hp, 143 mana
1053: 53.7 dps, 4000 hp, 143 mana
1054: 53.7 dps, 4000 hp, 143 mana
1055: 53.6 dps, 4000 hp, 143 mana
1056: Fury of Ro tick
1056: 53.7 dps, 4000 hp, 184 mana
1057: 53.7 dps, 4000 hp, 184 mana
1058: 53.6 dps, 4000 hp, 184 mana
1059: 53.6 dps, 4000 hp, 184 mana
1060: 53.5 dps, 4000 hp, 184 mana
1061: 53.5 dps, 4000 hp, 184 mana
1062: Fury of Ro tick
1062: 53.5 dps, 4000 hp, 225 mana
1063: 53.5 dps, 4000 hp, 225 mana
1064: 53.4 dps, 4000 hp, 225 mana
1065: 53.4 dps, 4000 hp, 225 mana
1066: 53.3 dps, 4000 hp, 225 mana
1067: 53.3 dps, 4000 hp, 225 mana
1068: Fury of Ro tick
1068: 53.4 dps, 4000 hp, 266 mana
1069: 53.3 dps, 4000 hp, 266 mana
1070: 53.3 dps, 4000 hp, 266 mana
1071: 53.2 dps, 4000 hp, 266 mana
1072: 53.2 dps, 4000 hp, 266 mana
1073: 53.1 dps, 4000 hp, 266 mana
1074: Fury of Ro tick
1074: 53.2 dps, 4000 hp, 307 mana
1075: 53.2 dps, 4000 hp, 307 mana
1076: 53.1 dps, 4000 hp, 307 mana
1077: 53.1 dps, 4000 hp, 307 mana
1078: 53.0 dps, 4000 hp, 307 mana
1079: 53.0 dps, 4000 hp, 307 mana
1080: Fury of Ro tick
1080: 53.0 dps, 4000 hp, 348 mana
1081: 53.0 dps, 4000 hp, 348 mana
1082: 52.9 dps, 4000 hp, 348 mana
1083: 52.9 dps, 4000 hp, 348 mana
1084: 52.8 dps, 4000 hp, 348 mana
1085: 52.8 dps, 4000 hp, 348 mana
1086: Fury of Ro tick
1086: startcast Swarming Death
1086: 52.9 dps, 4000 hp, 389 mana
1087: 52.8 dps, 4000 hp, 389 mana
1088: 52.8 dps, 4000 hp, 389 mana
1089: 52.7 dps, 4000 hp, 389 mana
1090: 52.7 dps, 4000 hp, 389 mana
1091: 52.6 dps, 4000 hp, 389 mana
1092: Fury of Ro tick
1092: finished casting Swarming Death
1092: 52.7 dps, 4000 hp, 95.5 mana
1093: 52.7 dps, 4000 hp, 95.5 mana
1094: 52.6 dps, 4000 hp, 95.5 mana
1095: 52.6 dps, 4000 hp, 95.5 mana
1096: 52.5 dps, 4000 hp, 95.5 mana
1097: 52.5 dps, 4000 hp, 95.5 mana
1098: Swarming Death tick
1098: Fury of Ro tick
1098: 52.8 dps, 4000 hp, 136.5 mana
1099: 52.7 dps, 4000 hp, 136.5 mana
1100: 52.7 dps, 4000 hp, 136.5 mana
1101: 52.6 dps, 4000 hp, 136.5 mana
1102: 52.6 dps, 4000 hp, 136.5 mana
1103: 52.5 dps, 4000 hp, 136.5 mana
1104: Swarming Death tick
1104: Fury of Ro tick
1104: 52.8 dps, 4000 hp, 177.5 mana
1105: 52.8 dps, 4000 hp, 177.5 mana
1106: 52.7 dps, 4000 hp, 177.5 mana
1107: 52.7 dps, 4000 hp, 177.5 mana
1108: 52.6 dps, 4000 hp, 177.5 mana
1109: 52.6 dps, 4000 hp, 177.5 mana
1110: Swarming Death tick
1110: Fury of Ro tick
1110: 52.9 dps, 4000 hp, 218.5 mana
1111: 52.8 dps, 4000 hp, 218.5 mana
1112: 52.8 dps, 4000 hp, 218.5 mana
1113: 52.7 dps, 4000 hp, 218.5 mana
1114: 52.7 dps, 4000 hp, 218.5 mana
1115: 52.6 dps, 4000 hp, 218.5 mana
1116: Swarming Death tick
1116: 52.8 dps, 4000 hp, 259.5 mana
1117: 52.8 dps, 4000 hp, 259.5 mana
1118: 52.7 dps, 4000 hp, 259.5 mana
1119: 52.7 dps, 4000 hp, 259.5 mana
1120: 52.6 dps, 4000 hp, 259.5 mana
1121: 52.6 dps, 4000 hp, 259.5 mana
1122: Swarming Death tick
1122: 52.7 dps, 4000 hp, 300.5 mana
1123: 52.7 dps, 4000 hp, 300.5 mana
1124: 52.6 dps, 4000 hp, 300.5 mana
1125: 52.6 dps, 4000 hp, 300.5 mana
1126: 52.6 dps, 4000 hp, 300.5 mana
1127: 52.5 dps, 4000 hp, 300.5 mana
1128: Swarming Death tick
1128: 52.7 dps, 4000 hp, 341.5 mana
1129: 52.6 dps, 4000 hp, 341.5 mana
1130: 52.6 dps, 4000 hp, 341.5 mana
1131: 52.5 dps, 4000 hp, 341.5 mana
1132: 52.5 dps, 4000 hp, 341.5 mana
1133: 52.4 dps, 4000 hp, 341.5 mana
1134: Swarming Death tick
1134: startcast Fury of Ro
1134: 52.6 dps, 4000 hp, 382.5 mana
1135: 52.6 dps, 4000 hp, 382.5 mana
1136: 52.5 dps, 4000 hp, 382.5 mana
1137: finished casting Fury of Ro
1137: 52.5 dps, 4000 hp, 85 mana
1138: 52.4 dps, 4000 hp, 85 mana
1139: 52.4 dps, 4000 hp, 85 mana
1140: Swarming Death tick
1140: Fury of Ro tick
1140: 52.7 dps, 4000 hp, 106 mana
1141: 52.6 dps, 4000 hp, 106 mana
1142: 52.6 dps, 4000 hp, 106 mana
1143: 52.5 dps, 4000 hp, 106 mana
1144: 52.5 dps, 4000 hp, 106 mana
1145: 52.4 dps, 4000 hp, 106 mana
1146: Fury of Ro tick
1146: 52.5 dps, 4000 hp, 147 mana
1147: 52.5 dps, 4000 hp, 147 mana
1148: 52.4 dps, 4000 hp, 147 mana
1149: 52.4 dps, 4000 hp, 147 mana
1150: 52.3 dps, 4000 hp, 147 mana
1151: 52.3 dps, 4000 hp, 147 mana
1152: Fury of Ro tick
1152: 52.4 dps, 4000 hp, 188 mana
1153: 52.3 dps, 4000 hp, 188 mana
1154: 52.3 dps, 4000 hp, 188 mana
1155: 52.2 dps, 4000 hp, 188 mana
1156: 52.2 dps, 4000 hp, 188 mana
1157: 52.1 dps, 4000 hp, 188 mana
1158: Fury of Ro tick
1158: 52.2 dps, 4000 hp, 229 mana
1159: 52.2 dps, 4000 hp, 229 mana
1160: 52.1 dps, 4000 hp, 229 mana
1161: 52.1 dps, 4000 hp, 229 mana
1162: 52.0 dps, 4000 hp, 229 mana
1163: 52.0 dps, 4000 hp, 229 mana
1164: Fury of Ro tick
1164: 52.1 dps, 4000 hp, 270 mana
1165: 52.0 dps, 4000 hp, 270 mana
1166: 52.0 dps, 4000 hp, 270 mana
1167: 51.9 dps, 4000 hp, 270 mana
1168: 51.9 dps, 4000 hp, 270 mana
1169: 51.8 dps, 4000 hp, 270 mana
1170: Fury of Ro tick
1170: 51.9 dps, 4000 hp, 311 mana
1171: 51.9 dps, 4000 hp, 311 mana
1172: 51.8 dps, 4000 hp, 311 mana
1173: 51.8 dps, 4000 hp, 311 mana
1174: 51.7 dps, 4000 hp, 311 mana
1175: 51.7 dps, 4000 hp, 311 mana
1176: Fury of Ro tick
1176: 51.8 dps, 4000 hp, 352 mana
1177: 51.7 dps, 4000 hp, 352 mana
1178: 51.7 dps, 4000 hp, 352 mana
1179: 51.6 dps, 4000 hp, 352 mana
1180: 51.6 dps, 4000 hp, 352 mana
1181: 51.5 dps, 4000 hp, 352 mana
1182: Fury of Ro tick
1182: startcast Swarming Death
1182: 51.6 dps, 4000 hp, 393 mana
1183: 51.6 dps, 4000 hp, 393 mana
1184: 51.5 dps, 4000 hp, 393 mana
1185: 51.5 dps, 4000 hp, 393 mana
1186: 51.4 dps, 4000 hp, 393 mana
1187: 51.4 dps, 4000 hp, 393 mana
1188: Fury of Ro tick
1188: finished casting Swarming Death
1188: 51.5 dps, 4000 hp, 99.5 mana
1189: 51.4 dps, 4000 hp, 99.5 mana
1190: 51.4 dps, 4000 hp, 99.5 mana
1191: 51.3 dps, 4000 hp, 99.5 mana
1192: 51.3 dps, 4000 hp, 99.5 mana
1193: 51.3 dps, 4000 hp, 99.5 mana
1194: Swarming Death tick
1194: Fury of Ro tick
1194: 51.5 dps, 4000 hp, 140.5 mana
1195: 51.5 dps, 4000 hp, 140.5 mana
1196: 51.5 dps, 4000 hp, 140.5 mana
1197: 51.4 dps, 4000 hp, 140.5 mana
1198: 51.4 dps, 4000 hp, 140.5 mana
1199: 51.3 dps, 4000 hp, 140.5 mana
1200: Swarming Death tick
1200: Fury of Ro tick
1200: 51.6 dps, 4000 hp, 181.5 mana
