99.03.16 17:29 B C:\My Documents\Web Pages\EQ\Mvqni52u.mp3 --> members.home.net /home/@p/k/h/jrube/Sounds Mvqni52u.mp3
99.03.16 19:18 B C:\My Documents\Web Pages\EQ\Charter.htm --> members.home.net /home/@p/k/h/jrube Charter.htm
99.03.18 20:41 B C:\My Documents\Web Pages\EQ\Charter.htm --> members.home.net /home/@p/k/h/jrube Charter.htm
99.03.21 15:35 B C:\My Documents\Web Pages\EQ\Charter.htm --> members.home.net /home/@p/k/h/jrube Charter.htm
99.03.21 15:40 B C:\My Documents\Web Pages\EQ\Charter.htm --> members.home.net /home/@p/k/h/jrube Charter.htm
99.12.20 23:29 B C:\My Documents\Web Pages\EQ\bard.gif --> members.home.net /jrube bard.gif
99.12.20 23:29 B C:\My Documents\Web Pages\EQ\druid.gif --> members.home.net /jrube druid.gif
99.12.20 23:29 B C:\My Documents\Web Pages\EQ\enchanter.gif --> members.home.net /jrube enchanter.gif
99.12.20 23:30 B C:\My Documents\Web Pages\EQ\magician.gif --> members.home.net /jrube magician.gif
99.12.20 23:33 B C:\My Documents\Web Pages\EQ\bard.gif --> members.home.net /jrube/Graphics bard.gif
99.12.20 23:34 B C:\My Documents\Web Pages\EQ\druid.gif --> members.home.net /jrube/Graphics druid.gif
99.12.20 23:34 B C:\My Documents\Web Pages\EQ\enchanter.gif --> members.home.net /jrube/Graphics enchanter.gif
99.12.20 23:34 B C:\My Documents\Web Pages\EQ\magician.gif --> members.home.net /jrube/Graphics magician.gif
99.12.20 23:34 B C:\My Documents\Web Pages\EQ\mithaniel_marr.gif --> members.home.net /jrube/Graphics mithaniel_marr.gif
99.12.20 23:34 B C:\My Documents\Web Pages\EQ\monk.gif --> members.home.net /jrube/Graphics monk.gif
99.12.20 23:34 B C:\My Documents\Web Pages\EQ\necromancer.gif --> members.home.net /jrube/Graphics necromancer.gif
99.12.20 23:34 B C:\My Documents\Web Pages\EQ\paladin.gif --> members.home.net /jrube/Graphics paladin.gif
99.12.20 23:34 B C:\My Documents\Web Pages\EQ\ranger.gif --> members.home.net /jrube/Graphics ranger.gif
99.12.20 23:34 B C:\My Documents\Web Pages\EQ\rogue.gif --> members.home.net /jrube/Graphics rogue.gif
99.12.20 23:34 B C:\My Documents\Web Pages\EQ\Sannur Vinur --> members.home.net /jrube/Graphics Sannur Vinur
99.12.20 23:34 B C:\My Documents\Web Pages\EQ\shadow.gif --> members.home.net /jrube/Graphics shadow.gif
99.12.20 23:34 B C:\My Documents\Web Pages\EQ\shaman.gif --> members.home.net /jrube/Graphics shaman.gif
99.12.20 23:34 B C:\My Documents\Web Pages\EQ\warrior.gif --> members.home.net /jrube/Graphics warrior.gif
99.12.20 23:34 B C:\My Documents\Web Pages\EQ\wizard.gif --> members.home.net /jrube/Graphics wizard.gif
99.12.20 23:50 B C:\My Documents\Web Pages\EQ\cleric.gif --> members.home.net /jrube/Graphics cleric.gif
99.12.21 01:23 B C:\My Documents\Web Pages\EQ\Contact.htm --> members.home.net /jrube Contact.htm
99.12.21 01:23 B C:\My Documents\Web Pages\EQ\index.html --> members.home.net /jrube index.html
99.12.21 01:23 B C:\My Documents\Web Pages\EQ\Members.htm --> members.home.net /jrube Members.htm
99.12.21 01:23 B C:\My Documents\Web Pages\EQ\Navbar.htm --> members.home.net /jrube Navbar.htm
99.12.21 01:23 B C:\My Documents\Web Pages\EQ\News.htm --> members.home.net /jrube News.htm
99.12.21 01:23 B C:\My Documents\Web Pages\EQ\Welcome.htm --> members.home.net /jrube Welcome.htm
99.12.21 01:27 B C:\My Documents\Web Pages\EQ\link.htm --> members.home.net /jrube link.htm
99.12.21 01:33 B C:\My Documents\Web Pages\EQ\Contact.htm --> members.home.net /jrube Contact.htm
99.12.21 01:33 B C:\My Documents\Web Pages\EQ\Navbar.htm --> members.home.net /jrube Navbar.htm
99.12.21 01:34 B C:\My Documents\Web Pages\EQ\Navbar.htm --> members.home.net /jrube Navbar.htm
99.12.21 01:35 B C:\My Documents\Web Pages\EQ\Navbar.htm --> members.home.net /jrube Navbar.htm
99.12.21 01:37 B C:\My Documents\Web Pages\EQ\Navbar.htm --> members.home.net /jrube Navbar.htm
99.12.21 01:44 B C:\My Documents\Web Pages\EQ\Welcome.htm --> members.home.net /jrube Welcome.htm
99.12.21 12:29 B C:\My Documents\Web Pages\EQ\Members.htm --> members.home.net /jrube Members.htm
99.12.21 12:29 B C:\My Documents\Web Pages\EQ\News.htm --> members.home.net /jrube News.htm
99.12.21 12:29 B C:\My Documents\Web Pages\EQ\Oreh.htm --> members.home.net /jrube Oreh.htm
99.12.21 12:33 B C:\My Documents\Web Pages\EQ\News.htm --> members.home.net /jrube News.htm
99.12.21 12:33 B C:\My Documents\Web Pages\EQ\Navbar.htm --> members.home.net /jrube Navbar.htm
99.12.21 12:34 B C:\My Documents\Web Pages\EQ\News.htm --> members.home.net /jrube News.htm
99.12.21 12:35 B C:\My Documents\Web Pages\EQ\News.htm --> members.home.net /jrube News.htm
99.12.21 12:36 B C:\My Documents\Web Pages\EQ\News.htm --> members.home.net /jrube News.htm
99.12.23 14:39 B C:\My Documents\Web Pages\EQ\Navbar.htm --> members.home.net /jrube Navbar.htm
99.12.23 14:39 B C:\My Documents\Web Pages\EQ\News.htm --> members.home.net /jrube News.htm
99.12.23 15:18 B C:\My Documents\Web Pages\EQ\Welcome.htm --> members.home.net /jrube Welcome.htm
99.12.23 15:21 B C:\My Documents\Web Pages\EQ\News.htm --> members.home.net /jrube News.htm
99.12.23 16:04 B C:\My Documents\Web Pages\EQ\Warrior.htm --> members.home.net /jrube Warrior.htm
99.12.23 16:08 B C:\My Documents\Web Pages\EQ\Welcome.htm --> members.home.net /jrube Welcome.htm
99.12.23 16:11 B C:\My Documents\Web Pages\EQ\Warrior.htm --> members.home.net /jrube Warrior.htm
99.12.23 16:11 B C:\My Documents\Web Pages\EQ\Warrior.htm --> members.home.net /jrube Warrior.htm
99.12.23 16:17 B C:\My Documents\Web Pages\EQ\Warrior.htm --> members.home.net /jrube Warrior.htm
99.12.23 16:21 B C:\My Documents\Web Pages\EQ\Warrior.htm --> members.home.net /jrube Warrior.htm
99.12.23 16:21 B C:\My Documents\Web Pages\EQ\Oreh.htm --> members.home.net /jrube Oreh.htm
99.12.27 12:43 B C:\My Documents\Web Pages\EQ\Contact.htm --> members.home.net /jrube Contact.htm
99.12.27 12:44 B C:\My Documents\Web Pages\EQ\Salerdar.htm --> members.home.net /jrube Salerdar.htm
99.12.27 13:05 B C:\My Documents\Web Pages\EQ\Briden.htm --> members.home.net /jrube Briden.htm
99.12.27 13:05 B C:\My Documents\Web Pages\EQ\Contact.htm --> members.home.net /jrube Contact.htm
99.12.27 13:05 B C:\My Documents\Web Pages\EQ\Emerelda.htm --> members.home.net /jrube Emerelda.htm
99.12.27 13:05 B C:\My Documents\Web Pages\EQ\Members.htm --> members.home.net /jrube Members.htm
99.12.27 13:05 B C:\My Documents\Web Pages\EQ\Moosius.htm --> members.home.net /jrube Moosius.htm
99.12.27 13:05 B C:\My Documents\Web Pages\EQ\Navbar.htm --> members.home.net /jrube Navbar.htm
99.12.27 13:05 B C:\My Documents\Web Pages\EQ\News.htm --> members.home.net /jrube News.htm
99.12.27 13:05 B C:\My Documents\Web Pages\EQ\Oreh.htm --> members.home.net /jrube Oreh.htm
99.12.27 13:05 B C:\My Documents\Web Pages\EQ\Salerdar.htm --> members.home.net /jrube Salerdar.htm
99.12.27 13:05 B C:\My Documents\Web Pages\EQ\Volrath.htm --> members.home.net /jrube Volrath.htm
99.12.27 13:06 B C:\My Documents\Web Pages\EQ\Welcome.htm --> members.home.net /jrube Welcome.htm
99.12.27 13:06 B C:\My Documents\Web Pages\EQ\Warrior.htm --> members.home.net /jrube Warrior.htm
99.12.27 13:06 B C:\My Documents\Web Pages\EQ\Welcome.htm --> members.home.net /jrube Welcome.htm
99.12.27 13:06 B C:\My Documents\Web Pages\EQ\Members.htm --> members.home.net /jrube Members.htm
99.12.27 21:07 B C:\My Documents\Web Pages\EQ\Members.htm --> members.home.net /jrube Members.htm
99.12.27 21:07 B C:\My Documents\Web Pages\EQ\Salerdar.htm --> members.home.net /jrube Salerdar.htm
99.12.28 18:44 B C:\My Documents\Web Pages\EQ\Helenae.htm --> members.home.net /jrube Helenae.htm
99.12.28 18:44 B C:\My Documents\Web Pages\EQ\Members.htm --> members.home.net /jrube Members.htm
99.12.28 18:44 B C:\My Documents\Web Pages\EQ\News.htm --> members.home.net /jrube News.htm
99.12.28 18:44 B C:\My Documents\Web Pages\EQ\Remiel.htm --> members.home.net /jrube Remiel.htm
99.12.30 18:40 B C:\My Documents\Web Pages\EQ\Emeralda.htm --> members.home.net /jrube Emeralda.htm
99.12.30 18:41 B C:\My Documents\Web Pages\EQ\Moosius.htm --> members.home.net /jrube Moosius.htm
99.12.30 18:41 B C:\My Documents\Web Pages\EQ\Navbar.htm --> members.home.net /jrube Navbar.htm
99.12.30 18:42 B C:\My Documents\Web Pages\EQ\Trackerly.htm --> members.home.net /jrube Trackerly.htm
99.12.30 18:42 B C:\My Documents\Web Pages\EQ\Members.htm --> members.home.net /jrube Members.htm
99.12.30 18:58 B C:\My Documents\Web Pages\EQ\Members.htm --> members.home.net /jrube Members.htm
99.12.30 18:59 B C:\My Documents\Web Pages\EQ\Members.htm --> members.home.net /jrube Members.htm
99.12.30 21:51 B C:\My Documents\Web Pages\EQ\Briden.htm --> members.home.net /jrube Briden.htm
99.12.30 21:51 B C:\My Documents\Web Pages\EQ\Contact.htm --> members.home.net /jrube Contact.htm
99.12.30 21:51 B C:\My Documents\Web Pages\EQ\Emeralda.htm --> members.home.net /jrube Emeralda.htm
99.12.30 21:51 B C:\My Documents\Web Pages\EQ\Helenae.htm --> members.home.net /jrube Helenae.htm
99.12.30 21:52 B C:\My Documents\Web Pages\EQ\index.html --> members.home.net /jrube index.html
99.12.30 21:52 B C:\My Documents\Web Pages\EQ\link.htm --> members.home.net /jrube link.htm
99.12.30 21:52 B C:\My Documents\Web Pages\EQ\Members.htm --> members.home.net /jrube Members.htm
99.12.30 21:52 B C:\My Documents\Web Pages\EQ\Moosius.htm --> members.home.net /jrube Moosius.htm
99.12.30 21:52 B C:\My Documents\Web Pages\EQ\Navbar.htm --> members.home.net /jrube Navbar.htm
99.12.30 21:52 B C:\My Documents\Web Pages\EQ\News.htm --> members.home.net /jrube News.htm
99.12.30 21:52 B C:\My Documents\Web Pages\EQ\Oreh.htm --> members.home.net /jrube Oreh.htm
99.12.30 21:52 B C:\My Documents\Web Pages\EQ\Pikel.htm --> members.home.net /jrube Pikel.htm
99.12.30 21:52 B C:\My Documents\Web Pages\EQ\Remiel.htm --> members.home.net /jrube Remiel.htm
99.12.30 21:52 B C:\My Documents\Web Pages\EQ\Salerdar.htm --> members.home.net /jrube Salerdar.htm
99.12.30 21:52 B C:\My Documents\Web Pages\EQ\Trackerly.htm --> members.home.net /jrube Trackerly.htm
99.12.30 21:52 B C:\My Documents\Web Pages\EQ\Volrath.htm --> members.home.net /jrube Volrath.htm
99.12.30 21:52 B C:\My Documents\Web Pages\EQ\Warrior.htm --> members.home.net /jrube Warrior.htm
99.12.30 21:52 B C:\My Documents\Web Pages\EQ\Welcome.htm --> members.home.net /jrube Welcome.htm
99.12.30 21:54 B C:\My Documents\Web Pages\EQ\Kalthanar.htm --> members.home.net /jrube Kalthanar.htm
99.12.31 11:34 B C:\My Documents\Web Pages\EQ\Avatarhood.htm --> members.home.net /jrube Avatarhood.htm
99.12.31 11:34 B C:\My Documents\Web Pages\EQ\Avatarhood.htm --> members.home.net /jrube Avatarhood.htm
99.12.31 12:20 B C:\My Documents\Web Pages\EQ\Avatarhood.htm --> members.home.net /jrube Avatarhood.htm
99.12.31 12:20 B C:\My Documents\Web Pages\EQ\Blnk Chrt.htm --> members.home.net /jrube Blnk Chrt.htm
99.12.31 12:20 B C:\My Documents\Web Pages\EQ\Briden.htm --> members.home.net /jrube Briden.htm
99.12.31 12:20 B C:\My Documents\Web Pages\EQ\Contact.htm --> members.home.net /jrube Contact.htm
99.12.31 12:20 B C:\My Documents\Web Pages\EQ\Emeralda.htm --> members.home.net /jrube Emeralda.htm
99.12.31 12:20 B C:\My Documents\Web Pages\EQ\Helenae.htm --> members.home.net /jrube Helenae.htm
99.12.31 12:20 B C:\My Documents\Web Pages\EQ\index.html --> members.home.net /jrube index.html
99.12.31 12:20 B C:\My Documents\Web Pages\EQ\Kalthanar.htm --> members.home.net /jrube Kalthanar.htm
99.12.31 12:20 B C:\My Documents\Web Pages\EQ\link.htm --> members.home.net /jrube link.htm
99.12.31 12:20 B C:\My Documents\Web Pages\EQ\Members.htm --> members.home.net /jrube Members.htm
99.12.31 12:20 B C:\My Documents\Web Pages\EQ\Moosius.htm --> members.home.net /jrube Moosius.htm
99.12.31 12:20 B C:\My Documents\Web Pages\EQ\Navbar.htm --> members.home.net /jrube Navbar.htm
99.12.31 12:20 B C:\My Documents\Web Pages\EQ\News.htm --> members.home.net /jrube News.htm
99.12.31 12:20 B C:\My Documents\Web Pages\EQ\Oreh.htm --> members.home.net /jrube Oreh.htm
99.12.31 12:20 B C:\My Documents\Web Pages\EQ\Pikel.htm --> members.home.net /jrube Pikel.htm
99.12.31 12:20 B C:\My Documents\Web Pages\EQ\Remiel.htm --> members.home.net /jrube Remiel.htm
99.12.31 12:20 B C:\My Documents\Web Pages\EQ\Salerdar.htm --> members.home.net /jrube Salerdar.htm
99.12.31 12:20 B C:\My Documents\Web Pages\EQ\Trackerly.htm --> members.home.net /jrube Trackerly.htm
99.12.31 12:20 B C:\My Documents\Web Pages\EQ\Volrath.htm --> members.home.net /jrube Volrath.htm
99.12.31 12:20 B C:\My Documents\Web Pages\EQ\Warrior.htm --> members.home.net /jrube Warrior.htm
99.12.31 12:20 B C:\My Documents\Web Pages\EQ\Welcome.htm --> members.home.net /jrube Welcome.htm
99.12.31 12:25 B C:\My Documents\Web Pages\EQ\Welcome.htm --> members.home.net /jrube Welcome.htm
99.12.31 12:26 B C:\My Documents\Web Pages\EQ\Members.htm --> members.home.net /jrube Members.htm
99.12.31 12:28 B C:\My Documents\Web Pages\EQ\Members.htm --> members.home.net /jrube Members.htm
99.12.31 12:29 B C:\My Documents\Web Pages\EQ\Members.htm --> members.home.net /jrube Members.htm
99.12.31 14:32 B C:\My Documents\Web Pages\EQ\zoom.gif --> members.home.net /jrube zoom.gif
99.12.31 18:13 B C:\My Documents\Web Pages\EQ\Members.htm --> members.home.net /jrube Members.htm
100.01.09 10:05 B C:\My Documents\Web Pages\EQ\Helenae.htm --> members.home.net /jrube Helenae.htm
100.01.09 10:35 B C:\My Documents\Web Pages\EQ\link.htm --> members.home.net /jrube link.htm
100.01.22 14:31 B C:\My Documents\Web Pages\EQ\Welcome.htm --> members.home.net /jrube Welcome.htm
100.01.22 14:32 B C:\My Documents\Web Pages\EQ\Welcome.htm --> members.home.net /jrube Welcome.htm
100.01.27 17:03 B C:\My Documents\Web Pages\EQ\Antoinette.htm --> members.home.net /jrube Antoinette.htm
100.01.27 17:03 B C:\My Documents\Web Pages\EQ\Avatarhood.htm --> members.home.net /jrube Avatarhood.htm
100.01.27 17:03 B C:\My Documents\Web Pages\EQ\Briden.htm --> members.home.net /jrube Briden.htm
100.01.27 17:03 B C:\My Documents\Web Pages\EQ\Contact.htm --> members.home.net /jrube Contact.htm
100.01.27 17:03 B C:\My Documents\Web Pages\EQ\Dorigen.htm --> members.home.net /jrube Dorigen.htm
100.01.27 17:03 B C:\My Documents\Web Pages\EQ\Emeralda.htm --> members.home.net /jrube Emeralda.htm
100.01.27 17:03 B C:\My Documents\Web Pages\EQ\Helenae.htm --> members.home.net /jrube Helenae.htm
100.01.27 17:03 B C:\My Documents\Web Pages\EQ\index.html --> members.home.net /jrube index.html
100.01.27 17:03 B C:\My Documents\Web Pages\EQ\Kalthanar.htm --> members.home.net /jrube Kalthanar.htm
100.01.27 17:03 B C:\My Documents\Web Pages\EQ\Kien.htm --> members.home.net /jrube Kien.htm
100.01.27 17:03 B C:\My Documents\Web Pages\EQ\Kildeg.htm --> members.home.net /jrube Kildeg.htm
100.01.27 17:03 B C:\My Documents\Web Pages\EQ\Legion.htm --> members.home.net /jrube Legion.htm
100.01.27 17:03 B C:\My Documents\Web Pages\EQ\Links.htm --> members.home.net /jrube Links.htm
100.01.27 17:03 B C:\My Documents\Web Pages\EQ\Members.htm --> members.home.net /jrube Members.htm
100.01.27 17:03 B C:\My Documents\Web Pages\EQ\Moosius.htm --> members.home.net /jrube Moosius.htm
100.01.27 17:03 B C:\My Documents\Web Pages\EQ\Navbar.htm --> members.home.net /jrube Navbar.htm
100.01.27 17:03 B C:\My Documents\Web Pages\EQ\News.htm --> members.home.net /jrube News.htm
100.01.27 17:03 B C:\My Documents\Web Pages\EQ\Oreh.htm --> members.home.net /jrube Oreh.htm
100.01.27 17:03 B C:\My Documents\Web Pages\EQ\Pikel.htm --> members.home.net /jrube Pikel.htm
100.01.27 17:03 B C:\My Documents\Web Pages\EQ\Remiel.htm --> members.home.net /jrube Remiel.htm
100.01.27 17:03 B C:\My Documents\Web Pages\EQ\Riztee.htm --> members.home.net /jrube Riztee.htm
100.01.27 17:03 B C:\My Documents\Web Pages\EQ\Salerdar.htm --> members.home.net /jrube Salerdar.htm
100.01.27 17:03 B C:\My Documents\Web Pages\EQ\Sirene.htm --> members.home.net /jrube Sirene.htm
100.01.27 17:03 B C:\My Documents\Web Pages\EQ\Suhui.htm --> members.home.net /jrube Suhui.htm
100.01.27 17:03 B C:\My Documents\Web Pages\EQ\Trackerly.htm --> members.home.net /jrube Trackerly.htm
100.01.27 17:03 B C:\My Documents\Web Pages\EQ\Volrath.htm --> members.home.net /jrube Volrath.htm
100.01.27 17:03 B C:\My Documents\Web Pages\EQ\Warrior.htm --> members.home.net /jrube Warrior.htm
100.01.27 17:03 B C:\My Documents\Web Pages\EQ\Welcome.htm --> members.home.net /jrube Welcome.htm
100.01.27 17:03 B C:\My Documents\Web Pages\EQ\Yvonne.htm --> members.home.net /jrube Yvonne.htm
100.01.27 17:03 B C:\My Documents\Web Pages\EQ\zoom.gif --> members.home.net /jrube zoom.gif
100.02.02 17:00 B C:\My Documents\Web Pages\EQ\Antoinette.htm --> members.home.net /jrube/Graphics Antoinette.htm
100.02.02 17:00 B C:\My Documents\Web Pages\EQ\Avatarhood.htm --> members.home.net /jrube/Graphics Avatarhood.htm
100.02.02 17:00 B C:\My Documents\Web Pages\EQ\Blnk Chrt.htm --> members.home.net /jrube/Graphics Blnk Chrt.htm
100.02.02 17:00 B C:\My Documents\Web Pages\EQ\Briden.htm --> members.home.net /jrube/Graphics Briden.htm
100.02.02 17:00 B C:\My Documents\Web Pages\EQ\Contact.htm --> members.home.net /jrube/Graphics Contact.htm
100.02.02 17:00 B C:\My Documents\Web Pages\EQ\Dorigen.htm --> members.home.net /jrube/Graphics Dorigen.htm
100.02.02 17:00 B C:\My Documents\Web Pages\EQ\Emeralda.htm --> members.home.net /jrube/Graphics Emeralda.htm
100.02.02 17:00 B C:\My Documents\Web Pages\EQ\Helenae.htm --> members.home.net /jrube/Graphics Helenae.htm
100.02.02 17:00 B C:\My Documents\Web Pages\EQ\Image2.jpg --> members.home.net /jrube/Graphics Image2.jpg
100.02.02 17:00 B C:\My Documents\Web Pages\EQ\index.html --> members.home.net /jrube/Graphics index.html
100.02.02 17:00 B C:\My Documents\Web Pages\EQ\Kalthanar.htm --> members.home.net /jrube/Graphics Kalthanar.htm
100.02.02 17:00 B C:\My Documents\Web Pages\EQ\Kien.htm --> members.home.net /jrube/Graphics Kien.htm
100.02.02 17:00 B C:\My Documents\Web Pages\EQ\Kildeg.htm --> members.home.net /jrube/Graphics Kildeg.htm
100.02.02 17:00 B C:\My Documents\Web Pages\EQ\Legion.htm --> members.home.net /jrube/Graphics Legion.htm
100.02.02 17:01 B C:\My Documents\Web Pages\EQ\Links.htm --> members.home.net /jrube/Graphics Links.htm
100.02.02 17:01 B C:\My Documents\Web Pages\EQ\memberBard.htm --> members.home.net /jrube/Graphics memberBard.htm
100.02.02 17:01 B C:\My Documents\Web Pages\EQ\memberCleric.htm --> members.home.net /jrube/Graphics memberCleric.htm
100.02.02 17:01 B C:\My Documents\Web Pages\EQ\memberDruid.htm --> members.home.net /jrube/Graphics memberDruid.htm
100.02.02 17:01 B C:\My Documents\Web Pages\EQ\memberEnchanter.htm --> members.home.net /jrube/Graphics memberEnchanter.htm
100.02.02 17:01 B C:\My Documents\Web Pages\EQ\memberMagician.htm --> members.home.net /jrube/Graphics memberMagician.htm
100.02.02 17:01 B C:\My Documents\Web Pages\EQ\memberMonk.htm --> members.home.net /jrube/Graphics memberMonk.htm
100.02.02 17:01 B C:\My Documents\Web Pages\EQ\memberNecromancer.htm --> members.home.net /jrube/Graphics memberNecromancer.htm
100.02.02 17:01 B C:\My Documents\Web Pages\EQ\memberPaladin.htm --> members.home.net /jrube/Graphics memberPaladin.htm
100.02.02 17:01 B C:\My Documents\Web Pages\EQ\memberRanger.htm --> members.home.net /jrube/Graphics memberRanger.htm
100.02.02 17:01 B C:\My Documents\Web Pages\EQ\memberRogue.htm --> members.home.net /jrube/Graphics memberRogue.htm
100.02.02 17:01 B C:\My Documents\Web Pages\EQ\Members.htm --> members.home.net /jrube/Graphics Members.htm
100.02.02 17:01 B C:\My Documents\Web Pages\EQ\memberShadowKnight.htm --> members.home.net /jrube/Graphics memberShadowKnight.htm
100.02.02 17:01 B C:\My Documents\Web Pages\EQ\memberShaman.htm --> members.home.net /jrube/Graphics memberShaman.htm
100.02.02 17:01 B C:\My Documents\Web Pages\EQ\memberWarrior.htm --> members.home.net /jrube/Graphics memberWarrior.htm
100.02.02 17:01 B C:\My Documents\Web Pages\EQ\memberWizard.htm --> members.home.net /jrube/Graphics memberWizard.htm
100.02.02 17:01 B C:\My Documents\Web Pages\EQ\Moosius.htm --> members.home.net /jrube/Graphics Moosius.htm
100.02.02 17:01 B C:\My Documents\Web Pages\EQ\Navbar.htm --> members.home.net /jrube/Graphics Navbar.htm
100.02.02 17:01 B C:\My Documents\Web Pages\EQ\News.htm --> members.home.net /jrube/Graphics News.htm
100.02.02 17:01 B C:\My Documents\Web Pages\EQ\Oreh.htm --> members.home.net /jrube/Graphics Oreh.htm
100.02.02 17:01 B C:\My Documents\Web Pages\EQ\Pikel.htm --> members.home.net /jrube/Graphics Pikel.htm
100.02.02 17:01 B C:\My Documents\Web Pages\EQ\Remiel.htm --> members.home.net /jrube/Graphics Remiel.htm
100.02.02 17:01 B C:\My Documents\Web Pages\EQ\Riztee.htm --> members.home.net /jrube/Graphics Riztee.htm
100.02.02 17:01 B C:\My Documents\Web Pages\EQ\Salerdar.htm --> members.home.net /jrube/Graphics Salerdar.htm
100.02.02 17:01 B C:\My Documents\Web Pages\EQ\Sirene.htm --> members.home.net /jrube/Graphics Sirene.htm
100.02.02 17:01 B C:\My Documents\Web Pages\EQ\Suhui.htm --> members.home.net /jrube/Graphics Suhui.htm
100.02.02 17:01 B C:\My Documents\Web Pages\EQ\Trackerly.htm --> members.home.net /jrube/Graphics Trackerly.htm
100.02.02 17:01 B C:\My Documents\Web Pages\EQ\Vandeg.htm --> members.home.net /jrube/Graphics Vandeg.htm
100.02.02 17:01 B C:\My Documents\Web Pages\EQ\Volrath.htm --> members.home.net /jrube/Graphics Volrath.htm
100.02.02 17:01 B C:\My Documents\Web Pages\EQ\Warrior.htm --> members.home.net /jrube/Graphics Warrior.htm
100.02.02 17:01 B C:\My Documents\Web Pages\EQ\Welcome.htm --> members.home.net /jrube/Graphics Welcome.htm
100.02.02 17:01 B C:\My Documents\Web Pages\EQ\WS_FTP.LOG --> members.home.net /jrube/Graphics WS_FTP.LOG
100.02.02 17:01 B C:\My Documents\Web Pages\EQ\Yvonne.htm --> members.home.net /jrube/Graphics Yvonne.htm
100.02.02 17:01 B C:\My Documents\Web Pages\EQ\zoom.gif --> members.home.net /jrube/Graphics zoom.gif
100.02.02 17:02 B C:\My Documents\Web Pages\EQ\Welcome.htm --> members.home.net /jrube/Graphics Welcome.htm
100.02.02 17:03 B C:\My Documents\Web Pages\EQ\Antoinette.htm --> members.home.net /jrube Antoinette.htm
100.02.02 17:03 B C:\My Documents\Web Pages\EQ\Avatarhood.htm --> members.home.net /jrube Avatarhood.htm
100.02.02 17:03 B C:\My Documents\Web Pages\EQ\Blnk Chrt.htm --> members.home.net /jrube Blnk Chrt.htm
100.02.02 17:03 B C:\My Documents\Web Pages\EQ\Briden.htm --> members.home.net /jrube Briden.htm
100.02.02 17:03 B C:\My Documents\Web Pages\EQ\Contact.htm --> members.home.net /jrube Contact.htm
100.02.02 17:03 B C:\My Documents\Web Pages\EQ\Dorigen.htm --> members.home.net /jrube Dorigen.htm
100.02.02 17:03 B C:\My Documents\Web Pages\EQ\Emeralda.htm --> members.home.net /jrube Emeralda.htm
100.02.02 17:03 B C:\My Documents\Web Pages\EQ\Helenae.htm --> members.home.net /jrube Helenae.htm
100.02.02 17:03 B C:\My Documents\Web Pages\EQ\Image2.jpg --> members.home.net /jrube Image2.jpg
100.02.02 17:03 B C:\My Documents\Web Pages\EQ\index.html --> members.home.net /jrube index.html
100.02.02 17:03 B C:\My Documents\Web Pages\EQ\Kalthanar.htm --> members.home.net /jrube Kalthanar.htm
100.02.02 17:03 B C:\My Documents\Web Pages\EQ\Kien.htm --> members.home.net /jrube Kien.htm
100.02.02 17:03 B C:\My Documents\Web Pages\EQ\Kildeg.htm --> members.home.net /jrube Kildeg.htm
100.02.02 17:03 B C:\My Documents\Web Pages\EQ\Legion.htm --> members.home.net /jrube Legion.htm
100.02.02 17:03 B C:\My Documents\Web Pages\EQ\Links.htm --> members.home.net /jrube Links.htm
100.02.02 17:03 B C:\My Documents\Web Pages\EQ\memberBard.htm --> members.home.net /jrube memberBard.htm
100.02.02 17:03 B C:\My Documents\Web Pages\EQ\memberCleric.htm --> members.home.net /jrube memberCleric.htm
100.02.02 17:03 B C:\My Documents\Web Pages\EQ\memberDruid.htm --> members.home.net /jrube memberDruid.htm
100.02.02 17:03 B C:\My Documents\Web Pages\EQ\memberEnchanter.htm --> members.home.net /jrube memberEnchanter.htm
100.02.02 17:03 B C:\My Documents\Web Pages\EQ\memberMagician.htm --> members.home.net /jrube memberMagician.htm
100.02.02 17:03 B C:\My Documents\Web Pages\EQ\memberMonk.htm --> members.home.net /jrube memberMonk.htm
100.02.02 17:03 B C:\My Documents\Web Pages\EQ\memberNecromancer.htm --> members.home.net /jrube memberNecromancer.htm
100.02.02 17:03 B C:\My Documents\Web Pages\EQ\memberPaladin.htm --> members.home.net /jrube memberPaladin.htm
100.02.02 17:03 B C:\My Documents\Web Pages\EQ\memberRanger.htm --> members.home.net /jrube memberRanger.htm
100.02.02 17:03 B C:\My Documents\Web Pages\EQ\memberRogue.htm --> members.home.net /jrube memberRogue.htm
100.02.02 17:03 B C:\My Documents\Web Pages\EQ\Members.htm --> members.home.net /jrube Members.htm
100.02.02 17:03 B C:\My Documents\Web Pages\EQ\memberShadowKnight.htm --> members.home.net /jrube memberShadowKnight.htm
100.02.02 17:03 B C:\My Documents\Web Pages\EQ\memberShaman.htm --> members.home.net /jrube memberShaman.htm
100.02.02 17:03 B C:\My Documents\Web Pages\EQ\memberWarrior.htm --> members.home.net /jrube memberWarrior.htm
100.02.02 17:03 B C:\My Documents\Web Pages\EQ\memberWizard.htm --> members.home.net /jrube memberWizard.htm
100.02.02 17:03 B C:\My Documents\Web Pages\EQ\Moosius.htm --> members.home.net /jrube Moosius.htm
100.02.02 17:03 B C:\My Documents\Web Pages\EQ\Navbar.htm --> members.home.net /jrube Navbar.htm
100.02.02 17:03 B C:\My Documents\Web Pages\EQ\News.htm --> members.home.net /jrube News.htm
100.02.02 17:03 B C:\My Documents\Web Pages\EQ\Oreh.htm --> members.home.net /jrube Oreh.htm
100.02.02 17:03 B C:\My Documents\Web Pages\EQ\Pikel.htm --> members.home.net /jrube Pikel.htm
100.02.02 17:03 B C:\My Documents\Web Pages\EQ\Remiel.htm --> members.home.net /jrube Remiel.htm
100.02.02 17:03 B C:\My Documents\Web Pages\EQ\Riztee.htm --> members.home.net /jrube Riztee.htm
100.02.02 17:03 B C:\My Documents\Web Pages\EQ\Salerdar.htm --> members.home.net /jrube Salerdar.htm
100.02.02 17:03 B C:\My Documents\Web Pages\EQ\Sirene.htm --> members.home.net /jrube Sirene.htm
100.02.02 17:03 B C:\My Documents\Web Pages\EQ\Suhui.htm --> members.home.net /jrube Suhui.htm
100.02.02 17:03 B C:\My Documents\Web Pages\EQ\Trackerly.htm --> members.home.net /jrube Trackerly.htm
100.02.02 17:03 B C:\My Documents\Web Pages\EQ\Vandeg.htm --> members.home.net /jrube Vandeg.htm
100.02.02 17:03 B C:\My Documents\Web Pages\EQ\Volrath.htm --> members.home.net /jrube Volrath.htm
100.02.02 17:03 B C:\My Documents\Web Pages\EQ\Warrior.htm --> members.home.net /jrube Warrior.htm
100.02.02 17:03 B C:\My Documents\Web Pages\EQ\Welcome.htm --> members.home.net /jrube Welcome.htm
