1: startcast turgurs
1: 0.0 dps, 4000 hp, 4000 mana
2: 0.0 dps, 4000 hp, 4000 mana
3: 0.0 dps, 4000 hp, 4000 mana
4: finished casting turgurs
4: 0.0 dps, 4000 hp, 3820 mana
5: 0.0 dps, 4000 hp, 3820 mana
6: turgurs tick
6: 0.0 dps, 4000 hp, 3829 mana
7: startcast superiorheal
7: 0.0 dps, 4000 hp, 3829 mana
8: 0.0 dps, 4000 hp, 3829 mana
9: 0.0 dps, 4000 hp, 3829 mana
10: 0.0 dps, 4000 hp, 3829 mana
11: superiorheal tick
11: finished casting superiorheal
11: 233.2 dps, 4000 hp, 3679 mana
12: turgurs tick
12: 213.8 dps, 4000 hp, 3688 mana
13: 197.3 dps, 4000 hp, 3688 mana
14: startcast superiorheal
14: 183.2 dps, 4000 hp, 3688 mana
15: 171.0 dps, 4000 hp, 3688 mana
16: 160.3 dps, 4000 hp, 3688 mana
17: 150.9 dps, 4000 hp, 3688 mana
18: turgurs tick
18: superiorheal tick
18: finished casting superiorheal
18: 285.0 dps, 4000 hp, 3547 mana
19: 270.0 dps, 4000 hp, 3547 mana
20: 256.5 dps, 4000 hp, 3547 mana
21: startcast superiorheal
21: 244.3 dps, 4000 hp, 3547 mana
22: 233.2 dps, 4000 hp, 3547 mana
23: 223.1 dps, 4000 hp, 3547 mana
24: turgurs tick
24: 213.8 dps, 4000 hp, 3556 mana
25: superiorheal tick
25: finished casting superiorheal
25: 307.8 dps, 4000 hp, 3406 mana
26: 296.0 dps, 4000 hp, 3406 mana
27: 285.0 dps, 4000 hp, 3406 mana
28: startcast superiorheal
28: 274.8 dps, 4000 hp, 3406 mana
29: 265.4 dps, 4000 hp, 3406 mana
30: turgurs tick
30: 256.5 dps, 4000 hp, 3415 mana
31: 248.2 dps, 4000 hp, 3415 mana
32: superiorheal tick
32: finished casting superiorheal
32: 320.7 dps, 4000 hp, 3265 mana
33: 310.9 dps, 4000 hp, 3265 mana
34: 301.8 dps, 4000 hp, 3265 mana
35: startcast superiorheal
35: 293.2 dps, 4000 hp, 3265 mana
36: turgurs tick
36: 285.0 dps, 4000 hp, 3274 mana
37: 277.3 dps, 4000 hp, 3274 mana
38: 270.0 dps, 4000 hp, 3274 mana
39: superiorheal tick
39: finished casting superiorheal
39: 328.9 dps, 4000 hp, 3124 mana
40: 320.7 dps, 4000 hp, 3124 mana
41: 312.8 dps, 4000 hp, 3124 mana
42: turgurs tick
42: startcast superiorheal
42: 305.4 dps, 4000 hp, 3133 mana
43: 298.3 dps, 4000 hp, 3133 mana
44: 291.5 dps, 4000 hp, 3133 mana
45: 285.0 dps, 4000 hp, 3133 mana
46: superiorheal tick
46: finished casting superiorheal
46: 334.6 dps, 4000 hp, 2983 mana
47: 327.5 dps, 4000 hp, 2983 mana
48: turgurs tick
48: 320.7 dps, 4000 hp, 2992 mana
49: startcast superiorheal
49: 314.1 dps, 4000 hp, 2992 mana
50: 307.8 dps, 4000 hp, 2992 mana
51: 301.8 dps, 4000 hp, 2992 mana
52: 296.0 dps, 4000 hp, 2992 mana
53: superiorheal tick
53: finished casting superiorheal
53: 338.8 dps, 4000 hp, 2842 mana
54: turgurs tick
54: 332.5 dps, 4000 hp, 2851 mana
55: 326.5 dps, 4000 hp, 2851 mana
56: startcast superiorheal
56: 320.7 dps, 4000 hp, 2851 mana
57: 315.0 dps, 4000 hp, 2851 mana
58: 309.6 dps, 4000 hp, 2851 mana
59: 304.3 dps, 4000 hp, 2851 mana
60: turgurs tick
60: superiorheal tick
60: finished casting superiorheal
60: 342.0 dps, 4000 hp, 2710 mana
61: 336.4 dps, 4000 hp, 2710 mana
62: 331.0 dps, 4000 hp, 2710 mana
63: startcast superiorheal
63: 325.7 dps, 4000 hp, 2710 mana
64: 320.7 dps, 4000 hp, 2710 mana
65: 315.7 dps, 4000 hp, 2710 mana
66: turgurs tick
66: 310.9 dps, 4000 hp, 2719 mana
67: superiorheal tick
67: finished casting superiorheal
67: 344.6 dps, 4000 hp, 2569 mana
68: 339.5 dps, 4000 hp, 2569 mana
69: 334.6 dps, 4000 hp, 2569 mana
70: cann5 tick
70: finished casting cann5
70: startcast cann5
70: 329.8 dps, 2076 hp, 3635 mana
71: startcast superiorheal
71: 325.2 dps, 2076 hp, 3635 mana
72: turgurs tick
72: 320.7 dps, 2095 hp, 3644 mana
73: 316.3 dps, 2095 hp, 3644 mana
74: 312.0 dps, 2095 hp, 3644 mana
75: superiorheal tick
75: finished casting superiorheal
75: 342.0 dps, 2095 hp, 3494 mana
76: 337.5 dps, 2095 hp, 3494 mana
77: 333.1 dps, 2095 hp, 3494 mana
78: turgurs tick
78: startcast superiorheal
78: 328.9 dps, 2114 hp, 3503 mana
79: 324.7 dps, 2114 hp, 3503 mana
80: 320.7 dps, 2114 hp, 3503 mana
81: 316.7 dps, 2114 hp, 3503 mana
82: superiorheal tick
82: finished casting superiorheal
82: 344.1 dps, 2114 hp, 3353 mana
83: 340.0 dps, 2114 hp, 3353 mana
84: turgurs tick
84: 335.9 dps, 2133 hp, 3362 mana
85: startcast superiorheal
85: 332.0 dps, 2133 hp, 3362 mana
86: 328.1 dps, 2133 hp, 3362 mana
87: 324.3 dps, 2133 hp, 3362 mana
88: 320.7 dps, 2133 hp, 3362 mana
89: superiorheal tick
89: finished casting superiorheal
89: 345.9 dps, 2133 hp, 3212 mana
90: turgurs tick
90: 342.0 dps, 2152 hp, 3221 mana
91: 338.3 dps, 2152 hp, 3221 mana
92: startcast superiorheal
92: 334.6 dps, 2152 hp, 3221 mana
93: 331.0 dps, 2152 hp, 3221 mana
94: 327.5 dps, 2152 hp, 3221 mana
95: 324.0 dps, 2152 hp, 3221 mana
96: turgurs tick
96: superiorheal tick
96: finished casting superiorheal
96: 347.4 dps, 2171 hp, 3080 mana
97: 343.8 dps, 2171 hp, 3080 mana
98: 340.3 dps, 2171 hp, 3080 mana
99: startcast superiorheal
99: 336.8 dps, 2171 hp, 3080 mana
100: 333.5 dps, 2171 hp, 3080 mana
101: 330.2 dps, 2171 hp, 3080 mana
102: turgurs tick
102: 326.9 dps, 2190 hp, 3089 mana
103: superiorheal tick
103: finished casting superiorheal
103: 348.7 dps, 2190 hp, 2939 mana
104: 345.3 dps, 2190 hp, 2939 mana
105: 342.0 dps, 2190 hp, 2939 mana
106: startcast superiorheal
106: 338.8 dps, 2190 hp, 2939 mana
107: 335.6 dps, 2190 hp, 2939 mana
108: turgurs tick
108: 332.5 dps, 2209 hp, 2948 mana
109: 329.5 dps, 2209 hp, 2948 mana
110: superiorheal tick
110: finished casting superiorheal
110: 349.8 dps, 2209 hp, 2798 mana
111: 346.6 dps, 2209 hp, 2798 mana
112: 343.6 dps, 2209 hp, 2798 mana
113: startcast superiorheal
113: 340.5 dps, 2209 hp, 2798 mana
114: turgurs tick
114: 337.5 dps, 2228 hp, 2807 mana
115: 334.6 dps, 2228 hp, 2807 mana
116: 331.7 dps, 2228 hp, 2807 mana
117: superiorheal tick
117: finished casting superiorheal
117: 350.8 dps, 2228 hp, 2657 mana
118: 347.8 dps, 2228 hp, 2657 mana
119: 344.9 dps, 2228 hp, 2657 mana
120: turgurs tick
120: startcast superiorheal
120: 342.0 dps, 2247 hp, 2666 mana
121: 339.2 dps, 2247 hp, 2666 mana
122: 336.4 dps, 2247 hp, 2666 mana
123: 333.7 dps, 2247 hp, 2666 mana
124: superiorheal tick
124: finished casting superiorheal
124: 351.7 dps, 2247 hp, 2516 mana
125: 348.9 dps, 2247 hp, 2516 mana
126: turgurs tick
126: 346.1 dps, 2266 hp, 2525 mana
127: startcast superiorheal
127: 343.4 dps, 2266 hp, 2525 mana
128: 340.7 dps, 2266 hp, 2525 mana
129: 338.0 dps, 2266 hp, 2525 mana
130: 335.4 dps, 2266 hp, 2525 mana
131: superiorheal tick
131: finished casting superiorheal
131: 352.5 dps, 2266 hp, 2375 mana
132: turgurs tick
132: 349.8 dps, 2285 hp, 2384 mana
133: 347.2 dps, 2285 hp, 2384 mana
134: startcast superiorheal
134: 344.6 dps, 2285 hp, 2384 mana
135: 342.0 dps, 2285 hp, 2384 mana
136: 339.5 dps, 2285 hp, 2384 mana
137: 337.0 dps, 2285 hp, 2384 mana
138: turgurs tick
138: superiorheal tick
138: finished casting superiorheal
138: 353.2 dps, 2304 hp, 2243 mana
139: 350.6 dps, 2304 hp, 2243 mana
140: 348.1 dps, 2304 hp, 2243 mana
141: startcast superiorheal
141: 345.7 dps, 2304 hp, 2243 mana
142: 343.2 dps, 2304 hp, 2243 mana
143: 340.8 dps, 2304 hp, 2243 mana
144: turgurs tick
144: 338.5 dps, 2323 hp, 2252 mana
145: superiorheal tick
145: finished casting superiorheal
145: 353.8 dps, 2323 hp, 2102 mana
146: 351.4 dps, 2323 hp, 2102 mana
147: 349.0 dps, 2323 hp, 2102 mana
148: startcast superiorheal
148: 346.6 dps, 2323 hp, 2102 mana
149: 344.3 dps, 2323 hp, 2102 mana
150: turgurs tick
150: 342.0 dps, 2342 hp, 2111 mana
151: 339.8 dps, 2342 hp, 2111 mana
152: superiorheal tick
152: finished casting superiorheal
152: 354.4 dps, 2342 hp, 1961 mana
153: 352.1 dps, 2342 hp, 1961 mana
154: 349.8 dps, 2342 hp, 1961 mana
155: startcast superiorheal
155: 347.5 dps, 2342 hp, 1961 mana
156: turgurs tick
156: 345.3 dps, 2361 hp, 1970 mana
157: 343.1 dps, 2361 hp, 1970 mana
158: 340.9 dps, 2361 hp, 1970 mana
159: superiorheal tick
159: finished casting superiorheal
159: 354.9 dps, 2361 hp, 1820 mana
160: 352.7 dps, 2361 hp, 1820 mana
161: 350.5 dps, 2361 hp, 1820 mana
162: turgurs tick
162: startcast superiorheal
162: 348.4 dps, 2380 hp, 1829 mana
163: 346.2 dps, 2380 hp, 1829 mana
164: 344.1 dps, 2380 hp, 1829 mana
165: 342.0 dps, 2380 hp, 1829 mana
166: superiorheal tick
166: finished casting superiorheal
166: 355.4 dps, 2380 hp, 1679 mana
167: 353.3 dps, 2380 hp, 1679 mana
168: turgurs tick
168: 351.2 dps, 2399 hp, 1688 mana
169: startcast superiorheal
169: 349.1 dps, 2399 hp, 1688 mana
170: 347.1 dps, 2399 hp, 1688 mana
171: 345.0 dps, 2399 hp, 1688 mana
172: 343.0 dps, 2399 hp, 1688 mana
173: superiorheal tick
173: finished casting superiorheal
173: 355.9 dps, 2399 hp, 1538 mana
174: turgurs tick
174: 353.8 dps, 2418 hp, 1547 mana
175: 351.8 dps, 2418 hp, 1547 mana
176: startcast superiorheal
176: 349.8 dps, 2418 hp, 1547 mana
177: 347.8 dps, 2418 hp, 1547 mana
178: 345.9 dps, 2418 hp, 1547 mana
179: 343.9 dps, 2418 hp, 1547 mana
180: turgurs tick
180: superiorheal tick
180: finished casting superiorheal
180: 356.3 dps, 2437 hp, 1406 mana
181: 354.3 dps, 2437 hp, 1406 mana
182: 352.4 dps, 2437 hp, 1406 mana
183: startcast superiorheal
183: 350.4 dps, 2437 hp, 1406 mana
184: 348.5 dps, 2437 hp, 1406 mana
185: 346.6 dps, 2437 hp, 1406 mana
186: turgurs tick
186: 344.8 dps, 2456 hp, 1415 mana
187: superiorheal tick
187: finished casting superiorheal
187: 356.7 dps, 2456 hp, 1265 mana
188: 354.8 dps, 2456 hp, 1265 mana
189: 352.9 dps, 2456 hp, 1265 mana
190: startcast superiorheal
190: 351.0 dps, 2456 hp, 1265 mana
191: 349.2 dps, 2456 hp, 1265 mana
192: turgurs tick
192: 347.4 dps, 2475 hp, 1274 mana
193: 345.6 dps, 2475 hp, 1274 mana
194: superiorheal tick
194: finished casting superiorheal
194: 357.0 dps, 2475 hp, 1124 mana
195: 355.2 dps, 2475 hp, 1124 mana
196: 353.4 dps, 2475 hp, 1124 mana
197: startcast superiorheal
197: 351.6 dps, 2475 hp, 1124 mana
198: turgurs tick
198: 349.8 dps, 2494 hp, 1133 mana
199: 348.0 dps, 2494 hp, 1133 mana
200: 346.3 dps, 2494 hp, 1133 mana
201: superiorheal tick
201: finished casting superiorheal
201: 357.3 dps, 2494 hp, 983 mana
202: 355.6 dps, 2494 hp, 983 mana
203: 353.8 dps, 2494 hp, 983 mana
204: turgurs tick
204: startcast superiorheal
204: 352.1 dps, 2513 hp, 992 mana
205: 350.4 dps, 2513 hp, 992 mana
206: 348.7 dps, 2513 hp, 992 mana
207: 347.0 dps, 2513 hp, 992 mana
208: superiorheal tick
208: finished casting superiorheal
208: 357.6 dps, 2513 hp, 842 mana
209: 355.9 dps, 2513 hp, 842 mana
210: turgurs tick
210: 354.2 dps, 2532 hp, 851 mana
211: startcast superiorheal
211: 352.6 dps, 2532 hp, 851 mana
212: 350.9 dps, 2532 hp, 851 mana
213: 349.3 dps, 2532 hp, 851 mana
214: 347.6 dps, 2532 hp, 851 mana
215: superiorheal tick
215: finished casting superiorheal
215: 357.9 dps, 2532 hp, 701 mana
216: turgurs tick
216: 356.3 dps, 2551 hp, 710 mana
217: 354.6 dps, 2551 hp, 710 mana
218: startcast superiorheal
218: 353.0 dps, 2551 hp, 710 mana
219: 351.4 dps, 2551 hp, 710 mana
220: 349.8 dps, 2551 hp, 710 mana
221: 348.2 dps, 2551 hp, 710 mana
222: turgurs tick
222: superiorheal tick
222: finished casting superiorheal
222: 358.2 dps, 2570 hp, 569 mana
223: 356.6 dps, 2570 hp, 569 mana
224: 355.0 dps, 2570 hp, 569 mana
225: startcast superiorheal
225: 353.4 dps, 2570 hp, 569 mana
226: 351.9 dps, 2570 hp, 569 mana
227: 350.3 dps, 2570 hp, 569 mana
228: turgurs tick
228: 348.8 dps, 2589 hp, 578 mana
229: superiorheal tick
229: finished casting superiorheal
229: 358.5 dps, 2589 hp, 428 mana
230: 356.9 dps, 2589 hp, 428 mana
231: 355.4 dps, 2589 hp, 428 mana
232: startcast superiorheal
232: 353.8 dps, 2589 hp, 428 mana
233: 352.3 dps, 2589 hp, 428 mana
234: turgurs tick
234: 350.8 dps, 2608 hp, 437 mana
235: 349.3 dps, 2608 hp, 437 mana
236: superiorheal tick
236: finished casting superiorheal
236: 358.7 dps, 2608 hp, 287 mana
237: 357.2 dps, 2608 hp, 287 mana
238: 355.7 dps, 2608 hp, 287 mana
239: startcast superiorheal
239: 354.2 dps, 2608 hp, 287 mana
240: turgurs tick
240: 352.7 dps, 2627 hp, 296 mana
241: 351.3 dps, 2627 hp, 296 mana
242: 349.8 dps, 2627 hp, 296 mana
243: superiorheal tick
243: finished casting superiorheal
243: 358.9 dps, 2627 hp, 146 mana
244: 357.4 dps, 2627 hp, 146 mana
245: 356.0 dps, 2627 hp, 146 mana
246: turgurs tick
246: startcast cann4
246: 354.5 dps, 2646 hp, 155 mana
247: 353.1 dps, 2646 hp, 155 mana
248: 351.7 dps, 2646 hp, 155 mana
249: cann4 tick
249: finished casting cann4
249: 350.3 dps, 2498 hp, 237 mana
250: 348.9 dps, 2498 hp, 237 mana
251: cann5 tick
251: finished casting cann5
251: startcast cann5
251: 347.5 dps, 574 hp, 1303 mana
252: turgurs tick
252: startcast torpor
252: 346.1 dps, 593 hp, 1312 mana
253: 344.7 dps, 593 hp, 1312 mana
254: 343.4 dps, 593 hp, 1312 mana
255: 342.0 dps, 593 hp, 1312 mana
256: finished casting torpor
256: 340.7 dps, 593 hp, 1192 mana
257: 339.4 dps, 593 hp, 1192 mana
258: torpor tick
258: turgurs tick
258: 338.0 dps, 912 hp, 1201 mana
259: startcast superiorheal
259: 336.7 dps, 912 hp, 1201 mana
260: 335.4 dps, 912 hp, 1201 mana
261: 334.2 dps, 912 hp, 1201 mana
262: 332.9 dps, 912 hp, 1201 mana
263: superiorheal tick
263: finished casting superiorheal
263: 341.4 dps, 912 hp, 1051 mana
264: torpor tick
264: turgurs tick
264: 340.1 dps, 1231 hp, 1060 mana
265: 338.8 dps, 1231 hp, 1060 mana
266: startcast superiorheal
266: 337.5 dps, 1231 hp, 1060 mana
267: 336.3 dps, 1231 hp, 1060 mana
268: 335.0 dps, 1231 hp, 1060 mana
269: 333.8 dps, 1231 hp, 1060 mana
270: torpor tick
270: turgurs tick
270: superiorheal tick
270: finished casting superiorheal
270: 342.0 dps, 1550 hp, 919 mana
271: 340.8 dps, 1550 hp, 919 mana
272: 339.5 dps, 1550 hp, 919 mana
273: startcast superiorheal
273: 338.3 dps, 1550 hp, 919 mana
274: 337.0 dps, 1550 hp, 919 mana
275: 335.8 dps, 1550 hp, 919 mana
276: torpor tick
276: turgurs tick
276: 334.6 dps, 1869 hp, 928 mana
277: superiorheal tick
277: finished casting superiorheal
277: 342.6 dps, 1869 hp, 778 mana
278: 341.4 dps, 1869 hp, 778 mana
279: 340.2 dps, 1869 hp, 778 mana
280: startcast superiorheal
280: 339.0 dps, 1869 hp, 778 mana
281: 337.8 dps, 1869 hp, 778 mana
282: torpor tick
282: turgurs tick
282: 336.6 dps, 2188 hp, 787 mana
283: 335.4 dps, 2188 hp, 787 mana
284: superiorheal tick
284: finished casting superiorheal
284: 343.2 dps, 2188 hp, 637 mana
285: 342.0 dps, 2188 hp, 637 mana
286: 340.8 dps, 2188 hp, 637 mana
287: startcast superiorheal
287: 339.6 dps, 2188 hp, 637 mana
288: torpor tick
288: turgurs tick
288: 338.5 dps, 2507 hp, 646 mana
289: 337.3 dps, 2507 hp, 646 mana
290: 336.1 dps, 2507 hp, 646 mana
291: superiorheal tick
291: finished casting superiorheal
291: 343.8 dps, 2507 hp, 496 mana
292: 342.6 dps, 2507 hp, 496 mana
293: 341.4 dps, 2507 hp, 496 mana
294: turgurs tick
294: startcast superiorheal
294: 340.3 dps, 2526 hp, 505 mana
295: 339.1 dps, 2526 hp, 505 mana
296: 338.0 dps, 2526 hp, 505 mana
297: 336.8 dps, 2526 hp, 505 mana
298: superiorheal tick
298: finished casting superiorheal
298: 344.3 dps, 2526 hp, 355 mana
299: 343.2 dps, 2526 hp, 355 mana
300: turgurs tick
300: 342.0 dps, 2545 hp, 364 mana
301: startcast superiorheal
301: 340.9 dps, 2545 hp, 364 mana
302: 339.8 dps, 2545 hp, 364 mana
303: 338.6 dps, 2545 hp, 364 mana
304: 337.5 dps, 2545 hp, 364 mana
305: superiorheal tick
305: finished casting superiorheal
305: 344.8 dps, 2545 hp, 214 mana
306: turgurs tick
306: 343.7 dps, 2564 hp, 223 mana
307: 342.6 dps, 2564 hp, 223 mana
308: startcast cann4
308: 341.5 dps, 2564 hp, 223 mana
309: 340.4 dps, 2564 hp, 223 mana
310: 339.3 dps, 2564 hp, 223 mana
311: cann4 tick
311: finished casting cann4
311: 338.2 dps, 2416 hp, 305 mana
312: turgurs tick
312: 337.1 dps, 2435 hp, 314 mana
313: startcast superiorheal
313: 336.0 dps, 2435 hp, 314 mana
314: 334.9 dps, 2435 hp, 314 mana
315: 333.9 dps, 2435 hp, 314 mana
316: 332.8 dps, 2435 hp, 314 mana
317: superiorheal tick
317: finished casting superiorheal
317: 339.9 dps, 2435 hp, 164 mana
318: turgurs tick
318: 338.8 dps, 2454 hp, 173 mana
319: 337.7 dps, 2454 hp, 173 mana
320: startcast cann4
320: 336.7 dps, 2454 hp, 173 mana
321: 335.6 dps, 2454 hp, 173 mana
322: 334.6 dps, 2454 hp, 173 mana
323: cann4 tick
323: finished casting cann4
323: 333.6 dps, 2306 hp, 255 mana
324: turgurs tick
324: 332.5 dps, 2325 hp, 264 mana
325: startcast superiorheal
325: 331.5 dps, 2325 hp, 264 mana
326: 330.5 dps, 2325 hp, 264 mana
327: 329.5 dps, 2325 hp, 264 mana
328: 328.5 dps, 2325 hp, 264 mana
329: superiorheal tick
329: finished casting superiorheal
329: 335.3 dps, 2325 hp, 114 mana
330: turgurs tick
330: 334.3 dps, 2344 hp, 123 mana
331: 333.2 dps, 2344 hp, 123 mana
332: startcast cann4
332: 332.2 dps, 2344 hp, 123 mana
333: 331.2 dps, 2344 hp, 123 mana
334: 330.3 dps, 2344 hp, 123 mana
335: cann4 tick
335: finished casting cann4
335: 329.3 dps, 2196 hp, 205 mana
336: turgurs tick
336: 328.3 dps, 2215 hp, 214 mana
337: startcast cann4
337: 327.3 dps, 2215 hp, 214 mana
338: 326.3 dps, 2215 hp, 214 mana
339: 325.4 dps, 2215 hp, 214 mana
340: cann4 tick
340: finished casting cann4
340: 324.4 dps, 2067 hp, 296 mana
341: 323.5 dps, 2067 hp, 296 mana
342: turgurs tick
342: startcast superiorheal
342: 322.5 dps, 2086 hp, 305 mana
343: 321.6 dps, 2086 hp, 305 mana
344: 320.6 dps, 2086 hp, 305 mana
345: 319.7 dps, 2086 hp, 305 mana
346: superiorheal tick
346: finished casting superiorheal
346: 326.2 dps, 2086 hp, 155 mana
347: 325.3 dps, 2086 hp, 155 mana
348: turgurs tick
348: 324.3 dps, 2105 hp, 164 mana
349: startcast cann4
349: 323.4 dps, 2105 hp, 164 mana
350: 322.5 dps, 2105 hp, 164 mana
351: 321.6 dps, 2105 hp, 164 mana
352: cann4 tick
352: finished casting cann4
352: 320.6 dps, 1957 hp, 246 mana
353: 319.7 dps, 1957 hp, 246 mana
354: turgurs tick
354: startcast torpor
354: 318.8 dps, 1976 hp, 255 mana
355: 317.9 dps, 1976 hp, 255 mana
356: 317.0 dps, 1976 hp, 255 mana
357: 316.2 dps, 1976 hp, 255 mana
358: finished casting torpor
358: 315.3 dps, 1976 hp, 135 mana
359: 314.4 dps, 1976 hp, 135 mana
360: torpor tick
360: turgurs tick
360: 313.5 dps, 2295 hp, 144 mana
361: startcast cann4
361: 312.7 dps, 2295 hp, 144 mana
362: 311.8 dps, 2295 hp, 144 mana
363: 310.9 dps, 2295 hp, 144 mana
364: cann4 tick
364: finished casting cann4
364: 310.1 dps, 2147 hp, 226 mana
365: 309.2 dps, 2147 hp, 226 mana
366: torpor tick
366: turgurs tick
366: startcast cann4
366: 308.4 dps, 2466 hp, 235 mana
367: 307.5 dps, 2466 hp, 235 mana
368: 306.7 dps, 2466 hp, 235 mana
369: cann4 tick
369: finished casting cann4
369: 305.9 dps, 2318 hp, 317 mana
370: 305.1 dps, 2318 hp, 317 mana
371: startcast superiorheal
371: 304.2 dps, 2318 hp, 317 mana
372: torpor tick
372: turgurs tick
372: 303.4 dps, 2637 hp, 326 mana
373: 302.6 dps, 2637 hp, 326 mana
374: 301.8 dps, 2637 hp, 326 mana
375: superiorheal tick
375: finished casting superiorheal
375: 307.8 dps, 2637 hp, 176 mana
376: 307.0 dps, 2637 hp, 176 mana
377: 306.2 dps, 2637 hp, 176 mana
378: torpor tick
378: turgurs tick
378: startcast cann4
378: 305.4 dps, 2956 hp, 185 mana
379: 304.6 dps, 2956 hp, 185 mana
380: 303.8 dps, 2956 hp, 185 mana
381: cann4 tick
381: finished casting cann4
381: 303.0 dps, 2808 hp, 267 mana
382: 302.2 dps, 2808 hp, 267 mana
383: startcast superiorheal
383: 301.4 dps, 2808 hp, 267 mana
384: torpor tick
384: turgurs tick
384: 300.6 dps, 3127 hp, 276 mana
385: 299.8 dps, 3127 hp, 276 mana
386: 299.1 dps, 3127 hp, 276 mana
387: superiorheal tick
387: finished casting superiorheal
387: 304.9 dps, 3127 hp, 126 mana
388: 304.1 dps, 3127 hp, 126 mana
389: 303.3 dps, 3127 hp, 126 mana
390: torpor tick
390: turgurs tick
390: startcast cann4
390: 302.6 dps, 3446 hp, 135 mana
391: 301.8 dps, 3446 hp, 135 mana
392: 301.0 dps, 3446 hp, 135 mana
393: cann4 tick
393: finished casting cann4
393: 300.3 dps, 3298 hp, 217 mana
394: 299.5 dps, 3298 hp, 217 mana
395: startcast cann4
395: 298.7 dps, 3298 hp, 217 mana
396: turgurs tick
396: 298.0 dps, 3317 hp, 226 mana
397: 297.2 dps, 3317 hp, 226 mana
398: cann4 tick
398: finished casting cann4
398: 296.5 dps, 3169 hp, 308 mana
399: 295.7 dps, 3169 hp, 308 mana
400: startcast superiorheal
400: 295.0 dps, 3169 hp, 308 mana
401: 294.3 dps, 3169 hp, 308 mana
402: turgurs tick
402: 293.5 dps, 3188 hp, 317 mana
403: 292.8 dps, 3188 hp, 317 mana
404: superiorheal tick
404: finished casting superiorheal
404: 298.4 dps, 3188 hp, 167 mana
405: 297.7 dps, 3188 hp, 167 mana
406: 297.0 dps, 3188 hp, 167 mana
407: startcast cann4
407: 296.2 dps, 3188 hp, 167 mana
408: turgurs tick
408: 295.5 dps, 3207 hp, 176 mana
409: 294.8 dps, 3207 hp, 176 mana
410: cann4 tick
410: finished casting cann4
410: 294.1 dps, 3059 hp, 258 mana
411: 293.3 dps, 3059 hp, 258 mana
412: startcast superiorheal
412: 292.6 dps, 3059 hp, 258 mana
413: 291.9 dps, 3059 hp, 258 mana
414: turgurs tick
414: 291.2 dps, 3078 hp, 267 mana
415: 290.5 dps, 3078 hp, 267 mana
416: superiorheal tick
416: finished casting superiorheal
416: 296.0 dps, 3078 hp, 117 mana
417: 295.3 dps, 3078 hp, 117 mana
418: 294.6 dps, 3078 hp, 117 mana
419: startcast cann4
419: 293.9 dps, 3078 hp, 117 mana
420: turgurs tick
420: 293.2 dps, 3097 hp, 126 mana
421: 292.5 dps, 3097 hp, 126 mana
422: cann4 tick
422: finished casting cann4
422: 291.8 dps, 2949 hp, 208 mana
423: 291.1 dps, 2949 hp, 208 mana
424: startcast cann4
424: 290.4 dps, 2949 hp, 208 mana
425: 289.7 dps, 2949 hp, 208 mana
426: turgurs tick
426: 289.0 dps, 2968 hp, 217 mana
427: cann4 tick
427: finished casting cann4
427: 288.4 dps, 2820 hp, 299 mana
428: 287.7 dps, 2820 hp, 299 mana
429: startcast superiorheal
429: 287.0 dps, 2820 hp, 299 mana
430: 286.3 dps, 2820 hp, 299 mana
431: 285.7 dps, 2820 hp, 299 mana
432: turgurs tick
432: 285.0 dps, 2839 hp, 308 mana
433: superiorheal tick
433: finished casting superiorheal
433: 290.3 dps, 2839 hp, 158 mana
434: 289.6 dps, 2839 hp, 158 mana
435: 289.0 dps, 2839 hp, 158 mana
436: cann5 tick
436: finished casting cann5
436: startcast cann5
436: 288.3 dps, 915 hp, 1224 mana
437: startcast turgurs
437: 287.6 dps, 915 hp, 1224 mana
438: 287.0 dps, 934 hp, 1233 mana
439: 286.3 dps, 934 hp, 1233 mana
440: finished casting turgurs
440: 285.7 dps, 934 hp, 1053 mana
441: 285.0 dps, 934 hp, 1053 mana
442: 284.4 dps, 934 hp, 1053 mana
443: startcast torpor
443: 283.7 dps, 934 hp, 1053 mana
444: turgurs tick
444: 283.1 dps, 953 hp, 1062 mana
445: 282.5 dps, 953 hp, 1062 mana
446: 281.8 dps, 953 hp, 1062 mana
447: finished casting torpor
447: 281.2 dps, 953 hp, 942 mana
448: 280.6 dps, 953 hp, 942 mana
449: 279.9 dps, 953 hp, 942 mana
450: torpor tick
450: turgurs tick
450: startcast superiorheal
450: 279.3 dps, 1272 hp, 951 mana
451: 278.7 dps, 1272 hp, 951 mana
452: 278.1 dps, 1272 hp, 951 mana
453: 277.5 dps, 1272 hp, 951 mana
454: superiorheal tick
454: finished casting superiorheal
454: 282.5 dps, 1272 hp, 801 mana
455: 281.9 dps, 1272 hp, 801 mana
456: torpor tick
456: turgurs tick
456: 281.3 dps, 1591 hp, 810 mana
457: startcast superiorheal
457: 280.7 dps, 1591 hp, 810 mana
458: 280.0 dps, 1591 hp, 810 mana
459: 279.4 dps, 1591 hp, 810 mana
460: 278.8 dps, 1591 hp, 810 mana
461: superiorheal tick
461: finished casting superiorheal
461: 283.8 dps, 1591 hp, 660 mana
462: torpor tick
462: turgurs tick
462: 283.2 dps, 1910 hp, 669 mana
463: 282.6 dps, 1910 hp, 669 mana
464: startcast superiorheal
464: 282.0 dps, 1910 hp, 669 mana
465: 281.3 dps, 1910 hp, 669 mana
466: 280.7 dps, 1910 hp, 669 mana
467: 280.1 dps, 1910 hp, 669 mana
468: torpor tick
468: turgurs tick
468: superiorheal tick
468: finished casting superiorheal
468: 285.0 dps, 2229 hp, 528 mana
469: 284.4 dps, 2229 hp, 528 mana
470: 283.8 dps, 2229 hp, 528 mana
471: startcast superiorheal
471: 283.2 dps, 2229 hp, 528 mana
472: 282.6 dps, 2229 hp, 528 mana
473: 282.0 dps, 2229 hp, 528 mana
474: torpor tick
474: turgurs tick
474: 281.4 dps, 2548 hp, 537 mana
475: superiorheal tick
475: finished casting superiorheal
475: 286.2 dps, 2548 hp, 387 mana
476: 285.6 dps, 2548 hp, 387 mana
477: 285.0 dps, 2548 hp, 387 mana
478: startcast superiorheal
478: 284.4 dps, 2548 hp, 387 mana
479: 283.8 dps, 2548 hp, 387 mana
480: torpor tick
480: turgurs tick
480: 283.2 dps, 2867 hp, 396 mana
481: 282.7 dps, 2867 hp, 396 mana
482: superiorheal tick
482: finished casting superiorheal
482: 287.4 dps, 2867 hp, 246 mana
483: 286.8 dps, 2867 hp, 246 mana
484: 286.2 dps, 2867 hp, 246 mana
485: startcast cann4
485: 285.6 dps, 2867 hp, 246 mana
486: turgurs tick
486: 285.0 dps, 2886 hp, 255 mana
487: 284.4 dps, 2886 hp, 255 mana
488: cann4 tick
488: finished casting cann4
488: 283.9 dps, 2738 hp, 337 mana
489: 283.3 dps, 2738 hp, 337 mana
490: startcast superiorheal
490: 282.7 dps, 2738 hp, 337 mana
491: 282.1 dps, 2738 hp, 337 mana
492: turgurs tick
492: 281.5 dps, 2757 hp, 346 mana
493: 281.0 dps, 2757 hp, 346 mana
494: superiorheal tick
494: finished casting superiorheal
494: 285.6 dps, 2757 hp, 196 mana
495: 285.0 dps, 2757 hp, 196 mana
496: 284.4 dps, 2757 hp, 196 mana
497: startcast cann4
497: 283.9 dps, 2757 hp, 196 mana
498: turgurs tick
498: 283.3 dps, 2776 hp, 205 mana
499: 282.7 dps, 2776 hp, 205 mana
500: cann4 tick
500: finished casting cann4
500: 282.2 dps, 2628 hp, 287 mana
501: 281.6 dps, 2628 hp, 287 mana
502: startcast superiorheal
502: 281.0 dps, 2628 hp, 287 mana
503: 280.5 dps, 2628 hp, 287 mana
504: turgurs tick
504: 279.9 dps, 2647 hp, 296 mana
505: 279.4 dps, 2647 hp, 296 mana
506: superiorheal tick
506: finished casting superiorheal
506: 283.9 dps, 2647 hp, 146 mana
507: 283.3 dps, 2647 hp, 146 mana
508: 282.8 dps, 2647 hp, 146 mana
509: startcast cann4
509: 282.2 dps, 2647 hp, 146 mana
510: turgurs tick
510: 281.7 dps, 2666 hp, 155 mana
511: 281.1 dps, 2666 hp, 155 mana
512: cann4 tick
512: finished casting cann4
512: 280.6 dps, 2518 hp, 237 mana
513: 280.0 dps, 2518 hp, 237 mana
514: startcast cann4
514: 279.5 dps, 2518 hp, 237 mana
515: 278.9 dps, 2518 hp, 237 mana
516: turgurs tick
516: 278.4 dps, 2537 hp, 246 mana
517: cann4 tick
517: finished casting cann4
517: 277.9 dps, 2389 hp, 328 mana
518: 277.3 dps, 2389 hp, 328 mana
519: startcast superiorheal
519: 276.8 dps, 2389 hp, 328 mana
520: 276.3 dps, 2389 hp, 328 mana
521: 275.7 dps, 2389 hp, 328 mana
522: turgurs tick
522: 275.2 dps, 2408 hp, 337 mana
523: superiorheal tick
523: finished casting superiorheal
523: 279.6 dps, 2408 hp, 187 mana
524: 279.0 dps, 2408 hp, 187 mana
525: 278.5 dps, 2408 hp, 187 mana
526: startcast cann4
526: 278.0 dps, 2408 hp, 187 mana
527: 277.5 dps, 2408 hp, 187 mana
528: turgurs tick
528: 276.9 dps, 2427 hp, 196 mana
529: cann4 tick
529: finished casting cann4
529: 276.4 dps, 2279 hp, 278 mana
530: 275.9 dps, 2279 hp, 278 mana
531: startcast superiorheal
531: 275.4 dps, 2279 hp, 278 mana
532: 274.8 dps, 2279 hp, 278 mana
533: 274.3 dps, 2279 hp, 278 mana
534: turgurs tick
534: 273.8 dps, 2298 hp, 287 mana
535: superiorheal tick
535: finished casting superiorheal
535: 278.1 dps, 2298 hp, 137 mana
536: 277.6 dps, 2298 hp, 137 mana
537: 277.1 dps, 2298 hp, 137 mana
538: startcast cann4
538: 276.5 dps, 2298 hp, 137 mana
539: 276.0 dps, 2298 hp, 137 mana
540: turgurs tick
540: 275.5 dps, 2317 hp, 146 mana
541: cann4 tick
541: finished casting cann4
541: 275.0 dps, 2169 hp, 228 mana
542: 274.5 dps, 2169 hp, 228 mana
543: startcast cann4
543: 274.0 dps, 2169 hp, 228 mana
544: 273.5 dps, 2169 hp, 228 mana
545: 273.0 dps, 2169 hp, 228 mana
546: turgurs tick
546: cann4 tick
546: finished casting cann4
546: 272.5 dps, 2040 hp, 319 mana
547: 272.0 dps, 2040 hp, 319 mana
548: startcast superiorheal
548: 271.5 dps, 2040 hp, 319 mana
549: 271.0 dps, 2040 hp, 319 mana
550: 270.5 dps, 2040 hp, 319 mana
551: 270.0 dps, 2040 hp, 319 mana
552: turgurs tick
552: superiorheal tick
552: finished casting superiorheal
552: 274.2 dps, 2059 hp, 178 mana
553: 273.7 dps, 2059 hp, 178 mana
554: 273.2 dps, 2059 hp, 178 mana
555: startcast cann4
555: 272.7 dps, 2059 hp, 178 mana
556: 272.2 dps, 2059 hp, 178 mana
557: 271.7 dps, 2059 hp, 178 mana
558: turgurs tick
558: cann4 tick
558: finished casting cann4
558: 271.2 dps, 1930 hp, 269 mana
559: 270.7 dps, 1930 hp, 269 mana
560: startcast torpor
560: 270.3 dps, 1930 hp, 269 mana
561: 269.8 dps, 1930 hp, 269 mana
562: 269.3 dps, 1930 hp, 269 mana
563: 268.8 dps, 1930 hp, 269 mana
564: turgurs tick
564: finished casting torpor
564: 268.3 dps, 1949 hp, 158 mana
565: 267.9 dps, 1949 hp, 158 mana
566: 267.4 dps, 1949 hp, 158 mana
567: startcast cann4
567: 266.9 dps, 1949 hp, 158 mana
568: 266.5 dps, 1949 hp, 158 mana
569: 266.0 dps, 1949 hp, 158 mana
570: torpor tick
570: turgurs tick
570: cann4 tick
570: finished casting cann4
570: 265.5 dps, 2120 hp, 249 mana
571: 265.1 dps, 2120 hp, 249 mana
572: startcast cann4
572: 264.6 dps, 2120 hp, 249 mana
573: 264.1 dps, 2120 hp, 249 mana
574: 263.7 dps, 2120 hp, 249 mana
575: cann4 tick
575: finished casting cann4
575: 263.2 dps, 1972 hp, 331 mana
576: torpor tick
576: turgurs tick
576: 262.8 dps, 2291 hp, 340 mana
577: startcast superiorheal
577: 262.3 dps, 2291 hp, 340 mana
578: 261.8 dps, 2291 hp, 340 mana
579: 261.4 dps, 2291 hp, 340 mana
580: 260.9 dps, 2291 hp, 340 mana
581: superiorheal tick
581: finished casting superiorheal
581: 264.9 dps, 2291 hp, 190 mana
582: torpor tick
582: turgurs tick
582: 264.5 dps, 2610 hp, 199 mana
583: 264.0 dps, 2610 hp, 199 mana
584: startcast cann4
584: 263.5 dps, 2610 hp, 199 mana
585: 263.1 dps, 2610 hp, 199 mana
586: 262.6 dps, 2610 hp, 199 mana
587: cann4 tick
587: finished casting cann4
587: 262.2 dps, 2462 hp, 281 mana
588: torpor tick
588: turgurs tick
588: 261.8 dps, 2781 hp, 290 mana
589: startcast superiorheal
589: 261.3 dps, 2781 hp, 290 mana
590: 260.9 dps, 2781 hp, 290 mana
591: 260.4 dps, 2781 hp, 290 mana
592: 260.0 dps, 2781 hp, 290 mana
593: superiorheal tick
593: finished casting superiorheal
593: 263.9 dps, 2781 hp, 140 mana
594: torpor tick
594: turgurs tick
594: 263.4 dps, 3100 hp, 149 mana
595: 263.0 dps, 3100 hp, 149 mana
596: startcast cann4
596: 262.5 dps, 3100 hp, 149 mana
597: 262.1 dps, 3100 hp, 149 mana
598: 261.7 dps, 3100 hp, 149 mana
599: cann4 tick
599: finished casting cann4
599: 261.2 dps, 2952 hp, 231 mana
600: torpor tick
600: turgurs tick
600: 260.8 dps, 3271 hp, 240 mana
601: startcast cann4
601: 260.4 dps, 3271 hp, 240 mana
602: 259.9 dps, 3271 hp, 240 mana
603: 259.5 dps, 3271 hp, 240 mana
604: cann4 tick
604: finished casting cann4
604: 259.1 dps, 3123 hp, 322 mana
605: 258.6 dps, 3123 hp, 322 mana
606: turgurs tick
606: startcast superiorheal
606: 258.2 dps, 3142 hp, 331 mana
607: 257.8 dps, 3142 hp, 331 mana
608: 257.4 dps, 3142 hp, 331 mana
609: 256.9 dps, 3142 hp, 331 mana
610: superiorheal tick
610: finished casting superiorheal
610: 260.7 dps, 3142 hp, 181 mana
611: 260.3 dps, 3142 hp, 181 mana
612: turgurs tick
612: 259.9 dps, 3161 hp, 190 mana
613: startcast cann4
613: 259.4 dps, 3161 hp, 190 mana
614: 259.0 dps, 3161 hp, 190 mana
615: 258.6 dps, 3161 hp, 190 mana
616: cann4 tick
616: finished casting cann4
616: 258.2 dps, 3013 hp, 272 mana
617: 257.8 dps, 3013 hp, 272 mana
618: turgurs tick
618: cann5 tick
618: finished casting cann5
618: startcast cann5
618: 257.4 dps, 1108 hp, 1347 mana
619: startcast torpor
619: 256.9 dps, 1108 hp, 1347 mana
620: 256.5 dps, 1108 hp, 1347 mana
621: 256.1 dps, 1108 hp, 1347 mana
622: 255.7 dps, 1108 hp, 1347 mana
623: finished casting torpor
623: 255.3 dps, 1108 hp, 1227 mana
624: torpor tick
624: turgurs tick
624: 254.9 dps, 1427 hp, 1236 mana
625: 254.5 dps, 1427 hp, 1236 mana
626: startcast superiorheal
626: 254.1 dps, 1427 hp, 1236 mana
627: 253.7 dps, 1427 hp, 1236 mana
628: 253.3 dps, 1427 hp, 1236 mana
629: 252.8 dps, 1427 hp, 1236 mana
630: torpor tick
630: turgurs tick
630: superiorheal tick
630: finished casting superiorheal
630: 256.5 dps, 1746 hp, 1095 mana
631: 256.1 dps, 1746 hp, 1095 mana
632: 255.7 dps, 1746 hp, 1095 mana
633: startcast superiorheal
633: 255.3 dps, 1746 hp, 1095 mana
634: 254.9 dps, 1746 hp, 1095 mana
635: 254.5 dps, 1746 hp, 1095 mana
636: torpor tick
636: turgurs tick
636: 254.1 dps, 2065 hp, 1104 mana
637: superiorheal tick
637: finished casting superiorheal
637: 257.7 dps, 2065 hp, 954 mana
638: 257.3 dps, 2065 hp, 954 mana
639: 256.9 dps, 2065 hp, 954 mana
640: startcast superiorheal
640: 256.5 dps, 2065 hp, 954 mana
641: 256.1 dps, 2065 hp, 954 mana
642: torpor tick
642: turgurs tick
642: 255.7 dps, 2384 hp, 963 mana
643: 255.3 dps, 2384 hp, 963 mana
644: superiorheal tick
644: finished casting superiorheal
644: 258.9 dps, 2384 hp, 813 mana
645: 258.5 dps, 2384 hp, 813 mana
646: 258.1 dps, 2384 hp, 813 mana
647: startcast superiorheal
647: 257.7 dps, 2384 hp, 813 mana
648: torpor tick
648: turgurs tick
648: 257.3 dps, 2703 hp, 822 mana
649: 256.9 dps, 2703 hp, 822 mana
650: 256.5 dps, 2703 hp, 822 mana
651: superiorheal tick
651: finished casting superiorheal
651: 260.1 dps, 2703 hp, 672 mana
652: 259.7 dps, 2703 hp, 672 mana
653: 259.3 dps, 2703 hp, 672 mana
654: torpor tick
654: turgurs tick
654: startcast superiorheal
654: 258.9 dps, 3022 hp, 681 mana
655: 258.5 dps, 3022 hp, 681 mana
656: 258.1 dps, 3022 hp, 681 mana
657: 257.7 dps, 3022 hp, 681 mana
658: superiorheal tick
658: finished casting superiorheal
658: 261.2 dps, 3022 hp, 531 mana
659: 260.8 dps, 3022 hp, 531 mana
660: turgurs tick
660: 260.4 dps, 3041 hp, 540 mana
661: startcast superiorheal
661: 260.0 dps, 3041 hp, 540 mana
662: 259.6 dps, 3041 hp, 540 mana
663: 259.2 dps, 3041 hp, 540 mana
664: 258.8 dps, 3041 hp, 540 mana
665: superiorheal tick
665: finished casting superiorheal
665: 262.3 dps, 3041 hp, 390 mana
666: turgurs tick
666: 261.9 dps, 3060 hp, 399 mana
667: 261.5 dps, 3060 hp, 399 mana
668: startcast superiorheal
668: 261.1 dps, 3060 hp, 399 mana
669: 260.7 dps, 3060 hp, 399 mana
670: 260.3 dps, 3060 hp, 399 mana
671: 260.0 dps, 3060 hp, 399 mana
672: turgurs tick
672: superiorheal tick
672: finished casting superiorheal
672: 263.4 dps, 3079 hp, 258 mana
673: 263.0 dps, 3079 hp, 258 mana
674: 262.6 dps, 3079 hp, 258 mana
675: startcast superiorheal
675: 262.2 dps, 3079 hp, 258 mana
676: 261.8 dps, 3079 hp, 258 mana
677: 261.4 dps, 3079 hp, 258 mana
678: turgurs tick
678: 261.1 dps, 3098 hp, 267 mana
679: superiorheal tick
679: finished casting superiorheal
679: 264.5 dps, 3098 hp, 117 mana
680: 264.1 dps, 3098 hp, 117 mana
681: 263.7 dps, 3098 hp, 117 mana
682: startcast cann4
682: 263.3 dps, 3098 hp, 117 mana
683: 262.9 dps, 3098 hp, 117 mana
684: turgurs tick
684: 262.5 dps, 3117 hp, 126 mana
685: cann4 tick
685: finished casting cann4
685: 262.1 dps, 2969 hp, 208 mana
686: 261.8 dps, 2969 hp, 208 mana
687: startcast cann4
687: 261.4 dps, 2969 hp, 208 mana
688: 261.0 dps, 2969 hp, 208 mana
689: 260.6 dps, 2969 hp, 208 mana
690: turgurs tick
690: cann4 tick
690: finished casting cann4
690: 260.2 dps, 2840 hp, 299 mana
691: 259.9 dps, 2840 hp, 299 mana
692: startcast superiorheal
692: 259.5 dps, 2840 hp, 299 mana
693: 259.1 dps, 2840 hp, 299 mana
694: 258.7 dps, 2840 hp, 299 mana
695: 258.4 dps, 2840 hp, 299 mana
696: turgurs tick
696: superiorheal tick
696: finished casting superiorheal
696: 261.7 dps, 2859 hp, 158 mana
697: 261.3 dps, 2859 hp, 158 mana
698: 260.9 dps, 2859 hp, 158 mana
699: startcast cann4
699: 260.6 dps, 2859 hp, 158 mana
700: 260.2 dps, 2859 hp, 158 mana
701: 259.8 dps, 2859 hp, 158 mana
702: turgurs tick
702: cann4 tick
702: finished casting cann4
702: 259.4 dps, 2730 hp, 249 mana
703: 259.1 dps, 2730 hp, 249 mana
704: startcast cann4
704: 258.7 dps, 2730 hp, 249 mana
705: 258.3 dps, 2730 hp, 249 mana
706: 258.0 dps, 2730 hp, 249 mana
707: cann4 tick
707: finished casting cann4
707: 257.6 dps, 2582 hp, 331 mana
708: turgurs tick
708: 257.2 dps, 2601 hp, 340 mana
709: startcast superiorheal
709: 256.9 dps, 2601 hp, 340 mana
710: 256.5 dps, 2601 hp, 340 mana
711: 256.2 dps, 2601 hp, 340 mana
712: 255.8 dps, 2601 hp, 340 mana
713: superiorheal tick
713: finished casting superiorheal
713: 259.0 dps, 2601 hp, 190 mana
714: turgurs tick
714: 258.7 dps, 2620 hp, 199 mana
715: 258.3 dps, 2620 hp, 199 mana
716: startcast cann4
716: 258.0 dps, 2620 hp, 199 mana
717: 257.6 dps, 2620 hp, 199 mana
718: 257.2 dps, 2620 hp, 199 mana
719: cann4 tick
719: finished casting cann4
719: 256.9 dps, 2472 hp, 281 mana
720: turgurs tick
720: 256.5 dps, 2491 hp, 290 mana
721: startcast superiorheal
721: 256.2 dps, 2491 hp, 290 mana
722: 255.8 dps, 2491 hp, 290 mana
723: 255.5 dps, 2491 hp, 290 mana
724: 255.1 dps, 2491 hp, 290 mana
725: superiorheal tick
725: finished casting superiorheal
725: 258.3 dps, 2491 hp, 140 mana
726: turgurs tick
726: 257.9 dps, 2510 hp, 149 mana
727: 257.6 dps, 2510 hp, 149 mana
728: startcast cann4
728: 257.2 dps, 2510 hp, 149 mana
729: 256.9 dps, 2510 hp, 149 mana
730: 256.5 dps, 2510 hp, 149 mana
731: cann4 tick
731: finished casting cann4
731: 256.2 dps, 2362 hp, 231 mana
732: turgurs tick
732: 255.8 dps, 2381 hp, 240 mana
733: startcast cann4
733: 255.5 dps, 2381 hp, 240 mana
734: 255.1 dps, 2381 hp, 240 mana
735: 254.8 dps, 2381 hp, 240 mana
736: cann4 tick
736: finished casting cann4
736: 254.4 dps, 2233 hp, 322 mana
737: 254.1 dps, 2233 hp, 322 mana
738: turgurs tick
738: startcast superiorheal
738: 253.7 dps, 2252 hp, 331 mana
739: 253.4 dps, 2252 hp, 331 mana
740: 253.1 dps, 2252 hp, 331 mana
741: 252.7 dps, 2252 hp, 331 mana
742: superiorheal tick
742: finished casting superiorheal
742: 255.8 dps, 2252 hp, 181 mana
743: 255.5 dps, 2252 hp, 181 mana
744: turgurs tick
744: 255.1 dps, 2271 hp, 190 mana
745: startcast cann4
745: 254.8 dps, 2271 hp, 190 mana
746: 254.5 dps, 2271 hp, 190 mana
747: 254.1 dps, 2271 hp, 190 mana
748: cann4 tick
748: finished casting cann4
748: 253.8 dps, 2123 hp, 272 mana
749: 253.4 dps, 2123 hp, 272 mana
750: turgurs tick
750: startcast superiorheal
750: 253.1 dps, 2142 hp, 281 mana
751: 252.8 dps, 2142 hp, 281 mana
752: 252.4 dps, 2142 hp, 281 mana
753: 252.1 dps, 2142 hp, 281 mana
754: superiorheal tick
754: finished casting superiorheal
754: 255.2 dps, 2142 hp, 131 mana
755: 254.8 dps, 2142 hp, 131 mana
756: turgurs tick
756: 254.5 dps, 2161 hp, 140 mana
757: startcast cann4
757: 254.1 dps, 2161 hp, 140 mana
758: 253.8 dps, 2161 hp, 140 mana
759: 253.5 dps, 2161 hp, 140 mana
760: cann4 tick
760: finished casting cann4
760: 253.1 dps, 2013 hp, 222 mana
761: 252.8 dps, 2013 hp, 222 mana
762: turgurs tick
762: startcast cann4
762: 252.5 dps, 2032 hp, 231 mana
763: 252.1 dps, 2032 hp, 231 mana
764: 251.8 dps, 2032 hp, 231 mana
765: cann4 tick
765: finished casting cann4
765: 251.5 dps, 1884 hp, 313 mana
766: 251.2 dps, 1884 hp, 313 mana
767: startcast torpor
767: 250.8 dps, 1884 hp, 313 mana
768: turgurs tick
768: 250.5 dps, 1903 hp, 322 mana
769: 250.2 dps, 1903 hp, 322 mana
770: 249.9 dps, 1903 hp, 322 mana
771: finished casting torpor
771: 249.5 dps, 1903 hp, 202 mana
772: 249.2 dps, 1903 hp, 202 mana
773: 248.9 dps, 1903 hp, 202 mana
774: torpor tick
774: turgurs tick
774: startcast cann4
774: 248.6 dps, 2222 hp, 211 mana
775: 248.2 dps, 2222 hp, 211 mana
776: 247.9 dps, 2222 hp, 211 mana
777: cann4 tick
777: finished casting cann4
777: 247.6 dps, 2074 hp, 293 mana
778: 247.3 dps, 2074 hp, 293 mana
779: startcast superiorheal
779: 247.0 dps, 2074 hp, 293 mana
780: torpor tick
780: turgurs tick
780: 246.7 dps, 2393 hp, 302 mana
781: 246.3 dps, 2393 hp, 302 mana
782: 246.0 dps, 2393 hp, 302 mana
783: superiorheal tick
783: finished casting superiorheal
783: 249.0 dps, 2393 hp, 152 mana
784: 248.7 dps, 2393 hp, 152 mana
785: 248.4 dps, 2393 hp, 152 mana
786: torpor tick
786: turgurs tick
786: startcast cann4
786: 248.0 dps, 2712 hp, 161 mana
787: 247.7 dps, 2712 hp, 161 mana
788: 247.4 dps, 2712 hp, 161 mana
789: cann4 tick
789: finished casting cann4
789: 247.1 dps, 2564 hp, 243 mana
790: 246.8 dps, 2564 hp, 243 mana
791: startcast cann4
791: 246.5 dps, 2564 hp, 243 mana
792: torpor tick
792: turgurs tick
792: 246.2 dps, 2883 hp, 252 mana
793: 245.8 dps, 2883 hp, 252 mana
794: cann4 tick
794: finished casting cann4
794: 245.5 dps, 2735 hp, 334 mana
795: 245.2 dps, 2735 hp, 334 mana
796: startcast superiorheal
796: 244.9 dps, 2735 hp, 334 mana
797: 244.6 dps, 2735 hp, 334 mana
798: torpor tick
798: turgurs tick
798: 244.3 dps, 3054 hp, 343 mana
799: 244.0 dps, 3054 hp, 343 mana
800: superiorheal tick
800: finished casting superiorheal
800: 246.9 dps, 3054 hp, 193 mana
801: 246.6 dps, 3054 hp, 193 mana
802: 246.3 dps, 3054 hp, 193 mana
803: cann5 tick
803: finished casting cann5
803: startcast cann5
803: 246.0 dps, 1130 hp, 1259 mana
804: torpor tick
804: turgurs tick
804: startcast torpor
804: 245.7 dps, 1449 hp, 1268 mana
805: 245.4 dps, 1449 hp, 1268 mana
806: 245.1 dps, 1449 hp, 1268 mana
807: 244.8 dps, 1449 hp, 1268 mana
808: finished casting torpor
808: 244.5 dps, 1449 hp, 1148 mana
809: 244.2 dps, 1449 hp, 1148 mana
810: torpor tick
810: turgurs tick
810: 243.9 dps, 1768 hp, 1157 mana
811: startcast superiorheal
811: 243.6 dps, 1768 hp, 1157 mana
812: 243.3 dps, 1768 hp, 1157 mana
813: 243.0 dps, 1768 hp, 1157 mana
814: 242.7 dps, 1768 hp, 1157 mana
815: superiorheal tick
815: finished casting superiorheal
815: 245.5 dps, 1768 hp, 1007 mana
816: torpor tick
816: turgurs tick
816: 245.2 dps, 2087 hp, 1016 mana
817: 244.9 dps, 2087 hp, 1016 mana
818: startcast superiorheal
818: 244.6 dps, 2087 hp, 1016 mana
819: 244.3 dps, 2087 hp, 1016 mana
820: 244.0 dps, 2087 hp, 1016 mana
821: 243.7 dps, 2087 hp, 1016 mana
822: torpor tick
822: turgurs tick
822: superiorheal tick
822: finished casting superiorheal
822: 246.5 dps, 2406 hp, 875 mana
823: 246.2 dps, 2406 hp, 875 mana
824: 245.9 dps, 2406 hp, 875 mana
825: startcast superiorheal
825: 245.6 dps, 2406 hp, 875 mana
826: 245.3 dps, 2406 hp, 875 mana
827: 245.0 dps, 2406 hp, 875 mana
828: torpor tick
828: turgurs tick
828: 244.7 dps, 2725 hp, 884 mana
829: superiorheal tick
829: finished casting superiorheal
829: 247.5 dps, 2725 hp, 734 mana
830: 247.2 dps, 2725 hp, 734 mana
831: 247.0 dps, 2725 hp, 734 mana
832: startcast superiorheal
832: 246.7 dps, 2725 hp, 734 mana
833: 246.4 dps, 2725 hp, 734 mana
834: torpor tick
834: turgurs tick
834: 246.1 dps, 3044 hp, 743 mana
835: 245.8 dps, 3044 hp, 743 mana
836: superiorheal tick
836: finished casting superiorheal
836: 248.5 dps, 3044 hp, 593 mana
837: 248.2 dps, 3044 hp, 593 mana
838: 247.9 dps, 3044 hp, 593 mana
839: startcast superiorheal
839: 247.7 dps, 3044 hp, 593 mana
840: torpor tick
840: turgurs tick
840: 247.4 dps, 3363 hp, 602 mana
841: 247.1 dps, 3363 hp, 602 mana
842: 246.8 dps, 3363 hp, 602 mana
843: superiorheal tick
843: finished casting superiorheal
843: 249.5 dps, 3363 hp, 452 mana
844: 249.2 dps, 3363 hp, 452 mana
845: 248.9 dps, 3363 hp, 452 mana
846: turgurs tick
846: startcast superiorheal
846: 248.6 dps, 3382 hp, 461 mana
847: 248.3 dps, 3382 hp, 461 mana
848: 248.1 dps, 3382 hp, 461 mana
849: 247.8 dps, 3382 hp, 461 mana
850: superiorheal tick
850: finished casting superiorheal
850: 250.5 dps, 3382 hp, 311 mana
851: 250.2 dps, 3382 hp, 311 mana
852: turgurs tick
852: 249.9 dps, 3401 hp, 320 mana
853: startcast superiorheal
853: 249.6 dps, 3401 hp, 320 mana
854: 249.3 dps, 3401 hp, 320 mana
855: 249.0 dps, 3401 hp, 320 mana
856: 248.7 dps, 3401 hp, 320 mana
857: superiorheal tick
857: finished casting superiorheal
857: 251.4 dps, 3401 hp, 170 mana
858: turgurs tick
858: 251.1 dps, 3420 hp, 179 mana
859: 250.8 dps, 3420 hp, 179 mana
860: startcast cann4
860: 250.6 dps, 3420 hp, 179 mana
861: 250.3 dps, 3420 hp, 179 mana
862: 250.0 dps, 3420 hp, 179 mana
863: cann4 tick
863: finished casting cann4
863: 249.7 dps, 3272 hp, 261 mana
864: turgurs tick
864: 249.4 dps, 3291 hp, 270 mana
865: startcast superiorheal
865: 249.1 dps, 3291 hp, 270 mana
866: 248.8 dps, 3291 hp, 270 mana
867: 248.5 dps, 3291 hp, 270 mana
868: 248.2 dps, 3291 hp, 270 mana
869: superiorheal tick
869: finished casting superiorheal
869: 250.9 dps, 3291 hp, 120 mana
870: turgurs tick
870: 250.6 dps, 3310 hp, 129 mana
871: 250.3 dps, 3310 hp, 129 mana
872: startcast cann4
872: 250.0 dps, 3310 hp, 129 mana
873: 249.8 dps, 3310 hp, 129 mana
874: 249.5 dps, 3310 hp, 129 mana
875: cann4 tick
875: finished casting cann4
875: 249.2 dps, 3162 hp, 211 mana
876: 248.9 dps, 3181 hp, 220 mana
877: startcast cann4
877: 248.6 dps, 3181 hp, 220 mana
878: 248.3 dps, 3181 hp, 220 mana
879: 248.1 dps, 3181 hp, 220 mana
880: cann4 tick
880: finished casting cann4
880: 247.8 dps, 3033 hp, 302 mana
881: 247.5 dps, 3033 hp, 302 mana
882: startcast turgurs
882: 247.2 dps, 3052 hp, 311 mana
883: 246.9 dps, 3052 hp, 311 mana
884: 246.7 dps, 3052 hp, 311 mana
885: finished casting turgurs
885: 246.4 dps, 3052 hp, 131 mana
886: 246.1 dps, 3052 hp, 131 mana
887: 245.8 dps, 3052 hp, 131 mana
888: turgurs tick
888: startcast cann4
888: 245.5 dps, 3071 hp, 140 mana
889: 245.3 dps, 3071 hp, 140 mana
890: 245.0 dps, 3071 hp, 140 mana
891: cann4 tick
891: finished casting cann4
891: 244.7 dps, 2923 hp, 222 mana
892: 244.4 dps, 2923 hp, 222 mana
893: startcast cann4
893: 244.2 dps, 2923 hp, 222 mana
894: turgurs tick
894: 243.9 dps, 2942 hp, 231 mana
895: 243.6 dps, 2942 hp, 231 mana
896: cann4 tick
896: finished casting cann4
896: 243.4 dps, 2794 hp, 313 mana
897: 243.1 dps, 2794 hp, 313 mana
898: startcast superiorheal
898: 242.8 dps, 2794 hp, 313 mana
899: 242.5 dps, 2794 hp, 313 mana
900: turgurs tick
900: 242.3 dps, 2813 hp, 322 mana
901: 242.0 dps, 2813 hp, 322 mana
902: superiorheal tick
902: finished casting superiorheal
902: 244.6 dps, 2813 hp, 172 mana
903: 244.3 dps, 2813 hp, 172 mana
904: 244.0 dps, 2813 hp, 172 mana
905: startcast cann4
905: 243.8 dps, 2813 hp, 172 mana
906: turgurs tick
906: 243.5 dps, 2832 hp, 181 mana
907: 243.2 dps, 2832 hp, 181 mana
908: cann4 tick
908: finished casting cann4
908: 243.0 dps, 2684 hp, 263 mana
909: 242.7 dps, 2684 hp, 263 mana
910: startcast superiorheal
910: 242.4 dps, 2684 hp, 263 mana
911: 242.2 dps, 2684 hp, 263 mana
912: turgurs tick
912: 241.9 dps, 2703 hp, 272 mana
913: 241.6 dps, 2703 hp, 272 mana
914: superiorheal tick
914: finished casting superiorheal
914: 244.2 dps, 2703 hp, 122 mana
915: 243.9 dps, 2703 hp, 122 mana
916: 243.6 dps, 2703 hp, 122 mana
917: startcast cann4
917: 243.4 dps, 2703 hp, 122 mana
918: turgurs tick
918: 243.1 dps, 2722 hp, 131 mana
919: 242.8 dps, 2722 hp, 131 mana
920: cann4 tick
920: finished casting cann4
920: 242.6 dps, 2574 hp, 213 mana
921: 242.3 dps, 2574 hp, 213 mana
922: startcast cann4
922: 242.1 dps, 2574 hp, 213 mana
923: 241.8 dps, 2574 hp, 213 mana
924: turgurs tick
924: 241.5 dps, 2593 hp, 222 mana
925: cann4 tick
925: finished casting cann4
925: 241.3 dps, 2445 hp, 304 mana
926: 241.0 dps, 2445 hp, 304 mana
927: startcast superiorheal
927: 240.7 dps, 2445 hp, 304 mana
928: 240.5 dps, 2445 hp, 304 mana
929: 240.2 dps, 2445 hp, 304 mana
930: turgurs tick
930: 240.0 dps, 2464 hp, 313 mana
931: superiorheal tick
931: finished casting superiorheal
931: 242.5 dps, 2464 hp, 163 mana
932: 242.2 dps, 2464 hp, 163 mana
933: 241.9 dps, 2464 hp, 163 mana
934: startcast cann4
934: 241.7 dps, 2464 hp, 163 mana
935: 241.4 dps, 2464 hp, 163 mana
936: turgurs tick
936: 241.2 dps, 2483 hp, 172 mana
937: cann4 tick
937: finished casting cann4
937: 240.9 dps, 2335 hp, 254 mana
938: 240.7 dps, 2335 hp, 254 mana
939: startcast superiorheal
939: 240.4 dps, 2335 hp, 254 mana
940: 240.1 dps, 2335 hp, 254 mana
941: 239.9 dps, 2335 hp, 254 mana
942: turgurs tick
942: 239.6 dps, 2354 hp, 263 mana
943: superiorheal tick
943: finished casting superiorheal
943: 242.1 dps, 2354 hp, 113 mana
944: 241.8 dps, 2354 hp, 113 mana
945: 241.6 dps, 2354 hp, 113 mana
946: startcast cann4
946: 241.3 dps, 2354 hp, 113 mana
947: 241.1 dps, 2354 hp, 113 mana
948: turgurs tick
948: 240.8 dps, 2373 hp, 122 mana
949: cann4 tick
949: finished casting cann4
949: 240.6 dps, 2225 hp, 204 mana
950: 240.3 dps, 2225 hp, 204 mana
951: startcast cann4
951: 240.1 dps, 2225 hp, 204 mana
952: 239.8 dps, 2225 hp, 204 mana
953: 239.6 dps, 2225 hp, 204 mana
954: turgurs tick
954: cann4 tick
954: finished casting cann4
954: 239.3 dps, 2096 hp, 295 mana
955: 239.1 dps, 2096 hp, 295 mana
956: startcast superiorheal
956: 238.8 dps, 2096 hp, 295 mana
957: 238.6 dps, 2096 hp, 295 mana
958: 238.3 dps, 2096 hp, 295 mana
959: 238.1 dps, 2096 hp, 295 mana
960: turgurs tick
960: superiorheal tick
960: finished casting superiorheal
960: 240.5 dps, 2115 hp, 154 mana
961: 240.2 dps, 2115 hp, 154 mana
962: 240.0 dps, 2115 hp, 154 mana
963: startcast cann4
963: 239.7 dps, 2115 hp, 154 mana
964: 239.5 dps, 2115 hp, 154 mana
965: 239.2 dps, 2115 hp, 154 mana
966: turgurs tick
966: cann4 tick
966: finished casting cann4
966: 239.0 dps, 1986 hp, 245 mana
967: 238.7 dps, 1986 hp, 245 mana
968: startcast torpor
968: 238.5 dps, 1986 hp, 245 mana
969: 238.3 dps, 1986 hp, 245 mana
970: 238.0 dps, 1986 hp, 245 mana
971: 237.8 dps, 1986 hp, 245 mana
972: turgurs tick
972: finished casting torpor
972: 237.5 dps, 2005 hp, 134 mana
973: 237.3 dps, 2005 hp, 134 mana
974: 237.0 dps, 2005 hp, 134 mana
975: startcast cann4
975: 236.8 dps, 2005 hp, 134 mana
976: 236.5 dps, 2005 hp, 134 mana
977: 236.3 dps, 2005 hp, 134 mana
978: torpor tick
978: turgurs tick
978: cann4 tick
978: finished casting cann4
978: 236.1 dps, 2176 hp, 225 mana
979: 235.8 dps, 2176 hp, 225 mana
980: startcast cann4
980: 235.6 dps, 2176 hp, 225 mana
981: 235.3 dps, 2176 hp, 225 mana
982: 235.1 dps, 2176 hp, 225 mana
983: cann4 tick
983: finished casting cann4
983: 234.9 dps, 2028 hp, 307 mana
984: torpor tick
984: turgurs tick
984: 234.6 dps, 2347 hp, 316 mana
985: cann5 tick
985: finished casting cann5
985: startcast cann5
985: 234.4 dps, 423 hp, 1382 mana
986: startcast superiorheal
986: 234.1 dps, 423 hp, 1382 mana
987: 233.9 dps, 423 hp, 1382 mana
988: 233.7 dps, 423 hp, 1382 mana
989: 233.4 dps, 423 hp, 1382 mana
990: torpor tick
990: turgurs tick
990: superiorheal tick
990: finished casting superiorheal
990: 235.8 dps, 742 hp, 1241 mana
991: 235.6 dps, 742 hp, 1241 mana
992: 235.3 dps, 742 hp, 1241 mana
993: startcast superiorheal
993: 235.1 dps, 742 hp, 1241 mana
994: 234.8 dps, 742 hp, 1241 mana
995: 234.6 dps, 742 hp, 1241 mana
996: torpor tick
996: turgurs tick
996: 234.4 dps, 1061 hp, 1250 mana
997: superiorheal tick
997: finished casting superiorheal
997: 236.7 dps, 1061 hp, 1100 mana
998: 236.5 dps, 1061 hp, 1100 mana
999: 236.2 dps, 1061 hp, 1100 mana
1000: startcast superiorheal
1000: 236.0 dps, 1061 hp, 1100 mana
1001: 235.8 dps, 1061 hp, 1100 mana
1002: torpor tick
1002: turgurs tick
1002: 235.5 dps, 1380 hp, 1109 mana
1003: 235.3 dps, 1380 hp, 1109 mana
1004: superiorheal tick
1004: finished casting superiorheal
1004: 237.6 dps, 1380 hp, 959 mana
1005: 237.4 dps, 1380 hp, 959 mana
1006: 237.1 dps, 1380 hp, 959 mana
1007: startcast superiorheal
1007: 236.9 dps, 1380 hp, 959 mana
1008: torpor tick
1008: turgurs tick
1008: 236.7 dps, 1699 hp, 968 mana
1009: 236.4 dps, 1699 hp, 968 mana
1010: 236.2 dps, 1699 hp, 968 mana
1011: superiorheal tick
1011: finished casting superiorheal
1011: 238.5 dps, 1699 hp, 818 mana
1012: 238.3 dps, 1699 hp, 818 mana
1013: 238.0 dps, 1699 hp, 818 mana
1014: turgurs tick
1014: startcast torpor
1014: 237.8 dps, 1718 hp, 827 mana
1015: 237.6 dps, 1718 hp, 827 mana
1016: 237.3 dps, 1718 hp, 827 mana
1017: 237.1 dps, 1718 hp, 827 mana
1018: finished casting torpor
1018: 236.9 dps, 1718 hp, 707 mana
1019: 236.6 dps, 1718 hp, 707 mana
1020: torpor tick
1020: turgurs tick
1020: 236.4 dps, 2037 hp, 716 mana
1021: startcast superiorheal
1021: 236.2 dps, 2037 hp, 716 mana
1022: 235.9 dps, 2037 hp, 716 mana
1023: 235.7 dps, 2037 hp, 716 mana
1024: 235.5 dps, 2037 hp, 716 mana
1025: superiorheal tick
1025: finished casting superiorheal
1025: 237.8 dps, 2037 hp, 566 mana
1026: torpor tick
1026: turgurs tick
1026: 237.5 dps, 2356 hp, 575 mana
1027: 237.3 dps, 2356 hp, 575 mana
1028: startcast superiorheal
1028: 237.1 dps, 2356 hp, 575 mana
1029: 236.8 dps, 2356 hp, 575 mana
1030: 236.6 dps, 2356 hp, 575 mana
1031: 236.4 dps, 2356 hp, 575 mana
1032: torpor tick
1032: turgurs tick
1032: superiorheal tick
1032: finished casting superiorheal
1032: 238.6 dps, 2675 hp, 434 mana
1033: 238.4 dps, 2675 hp, 434 mana
1034: 238.2 dps, 2675 hp, 434 mana
1035: startcast superiorheal
1035: 237.9 dps, 2675 hp, 434 mana
1036: 237.7 dps, 2675 hp, 434 mana
1037: 237.5 dps, 2675 hp, 434 mana
1038: torpor tick
1038: turgurs tick
1038: 237.2 dps, 2994 hp, 443 mana
1039: superiorheal tick
1039: finished casting superiorheal
1039: 239.5 dps, 2994 hp, 293 mana
1040: 239.3 dps, 2994 hp, 293 mana
1041: 239.0 dps, 2994 hp, 293 mana
1042: startcast superiorheal
1042: 238.8 dps, 2994 hp, 293 mana
1043: 238.6 dps, 2994 hp, 293 mana
1044: torpor tick
1044: turgurs tick
1044: 238.3 dps, 3313 hp, 302 mana
1045: 238.1 dps, 3313 hp, 302 mana
1046: superiorheal tick
1046: finished casting superiorheal
1046: 240.3 dps, 3313 hp, 152 mana
1047: 240.1 dps, 3313 hp, 152 mana
1048: 239.9 dps, 3313 hp, 152 mana
1049: startcast cann4
1049: 239.6 dps, 3313 hp, 152 mana
1050: torpor tick
1050: turgurs tick
1050: 239.4 dps, 3632 hp, 161 mana
1051: 239.2 dps, 3632 hp, 161 mana
1052: cann4 tick
1052: finished casting cann4
1052: 239.0 dps, 3484 hp, 243 mana
1053: 238.7 dps, 3484 hp, 243 mana
1054: startcast cann4
1054: 238.5 dps, 3484 hp, 243 mana
1055: 238.3 dps, 3484 hp, 243 mana
1056: turgurs tick
1056: 238.1 dps, 3503 hp, 252 mana
1057: cann4 tick
1057: finished casting cann4
1057: 237.8 dps, 3355 hp, 334 mana
1058: 237.6 dps, 3355 hp, 334 mana
1059: startcast superiorheal
1059: 237.4 dps, 3355 hp, 334 mana
1060: 237.2 dps, 3355 hp, 334 mana
1061: 236.9 dps, 3355 hp, 334 mana
1062: turgurs tick
1062: 236.7 dps, 3374 hp, 343 mana
1063: superiorheal tick
1063: finished casting superiorheal
1063: 238.9 dps, 3374 hp, 193 mana
1064: 238.7 dps, 3374 hp, 193 mana
1065: 238.5 dps, 3374 hp, 193 mana
1066: startcast cann4
1066: 238.2 dps, 3374 hp, 193 mana
1067: 238.0 dps, 3374 hp, 193 mana
1068: turgurs tick
1068: 237.8 dps, 3393 hp, 202 mana
1069: cann4 tick
1069: finished casting cann4
1069: 237.6 dps, 3245 hp, 284 mana
1070: 237.3 dps, 3245 hp, 284 mana
1071: startcast superiorheal
1071: 237.1 dps, 3245 hp, 284 mana
1072: 236.9 dps, 3245 hp, 284 mana
1073: 236.7 dps, 3245 hp, 284 mana
1074: turgurs tick
1074: 236.5 dps, 3264 hp, 293 mana
1075: superiorheal tick
1075: finished casting superiorheal
1075: 238.6 dps, 3264 hp, 143 mana
1076: 238.4 dps, 3264 hp, 143 mana
1077: 238.2 dps, 3264 hp, 143 mana
1078: startcast cann4
1078: 238.0 dps, 3264 hp, 143 mana
1079: 237.7 dps, 3264 hp, 143 mana
1080: turgurs tick
1080: 237.5 dps, 3283 hp, 152 mana
1081: cann4 tick
1081: finished casting cann4
1081: 237.3 dps, 3135 hp, 234 mana
1082: 237.1 dps, 3135 hp, 234 mana
1083: startcast cann4
1083: 236.9 dps, 3135 hp, 234 mana
1084: 236.6 dps, 3135 hp, 234 mana
1085: 236.4 dps, 3135 hp, 234 mana
1086: turgurs tick
1086: cann4 tick
1086: finished casting cann4
1086: 236.2 dps, 3006 hp, 325 mana
1087: 236.0 dps, 3006 hp, 325 mana
1088: startcast superiorheal
1088: 235.8 dps, 3006 hp, 325 mana
1089: 235.6 dps, 3006 hp, 325 mana
1090: 235.3 dps, 3006 hp, 325 mana
1091: 235.1 dps, 3006 hp, 325 mana
1092: turgurs tick
1092: superiorheal tick
1092: finished casting superiorheal
1092: 237.3 dps, 3025 hp, 184 mana
1093: 237.0 dps, 3025 hp, 184 mana
1094: 236.8 dps, 3025 hp, 184 mana
1095: startcast cann4
1095: 236.6 dps, 3025 hp, 184 mana
1096: 236.4 dps, 3025 hp, 184 mana
1097: 236.2 dps, 3025 hp, 184 mana
1098: turgurs tick
1098: cann4 tick
1098: finished casting cann4
1098: 236.0 dps, 2896 hp, 275 mana
1099: 235.7 dps, 2896 hp, 275 mana
1100: startcast superiorheal
1100: 235.5 dps, 2896 hp, 275 mana
1101: 235.3 dps, 2896 hp, 275 mana
1102: 235.1 dps, 2896 hp, 275 mana
1103: 234.9 dps, 2896 hp, 275 mana
1104: turgurs tick
1104: superiorheal tick
1104: finished casting superiorheal
1104: 237.0 dps, 2915 hp, 134 mana
1105: 236.8 dps, 2915 hp, 134 mana
1106: 236.6 dps, 2915 hp, 134 mana
1107: startcast cann4
1107: 236.4 dps, 2915 hp, 134 mana
1108: 236.1 dps, 2915 hp, 134 mana
1109: 235.9 dps, 2915 hp, 134 mana
1110: turgurs tick
1110: cann4 tick
1110: finished casting cann4
1110: 235.7 dps, 2786 hp, 225 mana
1111: 235.5 dps, 2786 hp, 225 mana
1112: startcast cann4
1112: 235.3 dps, 2786 hp, 225 mana
1113: 235.1 dps, 2786 hp, 225 mana
1114: 234.9 dps, 2786 hp, 225 mana
1115: cann4 tick
1115: finished casting cann4
1115: 234.7 dps, 2638 hp, 307 mana
1116: turgurs tick
1116: 234.5 dps, 2657 hp, 316 mana
1117: startcast superiorheal
1117: 234.2 dps, 2657 hp, 316 mana
1118: 234.0 dps, 2657 hp, 316 mana
1119: 233.8 dps, 2657 hp, 316 mana
1120: 233.6 dps, 2657 hp, 316 mana
1121: superiorheal tick
1121: finished casting superiorheal
1121: 235.7 dps, 2657 hp, 166 mana
1122: turgurs tick
1122: 235.5 dps, 2676 hp, 175 mana
1123: 235.3 dps, 2676 hp, 175 mana
1124: startcast cann4
1124: 235.1 dps, 2676 hp, 175 mana
1125: 234.9 dps, 2676 hp, 175 mana
1126: 234.6 dps, 2676 hp, 175 mana
1127: cann4 tick
1127: finished casting cann4
1127: 234.4 dps, 2528 hp, 257 mana
1128: turgurs tick
1128: 234.2 dps, 2547 hp, 266 mana
1129: startcast superiorheal
1129: 234.0 dps, 2547 hp, 266 mana
1130: 233.8 dps, 2547 hp, 266 mana
1131: 233.6 dps, 2547 hp, 266 mana
1132: 233.4 dps, 2547 hp, 266 mana
1133: superiorheal tick
1133: finished casting superiorheal
1133: 235.5 dps, 2547 hp, 116 mana
1134: turgurs tick
1134: 235.3 dps, 2566 hp, 125 mana
1135: 235.0 dps, 2566 hp, 125 mana
1136: startcast cann4
1136: 234.8 dps, 2566 hp, 125 mana
1137: 234.6 dps, 2566 hp, 125 mana
1138: 234.4 dps, 2566 hp, 125 mana
1139: cann4 tick
1139: finished casting cann4
1139: 234.2 dps, 2418 hp, 207 mana
1140: turgurs tick
1140: 234.0 dps, 2437 hp, 216 mana
1141: startcast cann4
1141: 233.8 dps, 2437 hp, 216 mana
1142: 233.6 dps, 2437 hp, 216 mana
1143: 233.4 dps, 2437 hp, 216 mana
1144: cann4 tick
1144: finished casting cann4
1144: 233.2 dps, 2289 hp, 298 mana
1145: 233.0 dps, 2289 hp, 298 mana
1146: turgurs tick
1146: startcast superiorheal
1146: 232.8 dps, 2308 hp, 307 mana
1147: 232.6 dps, 2308 hp, 307 mana
1148: 232.4 dps, 2308 hp, 307 mana
1149: 232.2 dps, 2308 hp, 307 mana
1150: superiorheal tick
1150: finished casting superiorheal
1150: 234.2 dps, 2308 hp, 157 mana
1151: 234.0 dps, 2308 hp, 157 mana
1152: turgurs tick
1152: 233.8 dps, 2327 hp, 166 mana
1153: startcast cann4
1153: 233.6 dps, 2327 hp, 166 mana
1154: 233.4 dps, 2327 hp, 166 mana
1155: 233.2 dps, 2327 hp, 166 mana
1156: cann4 tick
1156: finished casting cann4
1156: 233.0 dps, 2179 hp, 248 mana
1157: 232.8 dps, 2179 hp, 248 mana
1158: turgurs tick
1158: startcast superiorheal
1158: 232.6 dps, 2198 hp, 257 mana
1159: 232.4 dps, 2198 hp, 257 mana
1160: 232.2 dps, 2198 hp, 257 mana
1161: 232.0 dps, 2198 hp, 257 mana
1162: superiorheal tick
1162: finished casting superiorheal
1162: 234.0 dps, 2198 hp, 107 mana
1163: 233.8 dps, 2198 hp, 107 mana
1164: turgurs tick
1164: 233.6 dps, 2217 hp, 116 mana
1165: cann5 tick
1165: finished casting cann5
1165: startcast cann5
1165: 233.4 dps, 293 hp, 1182 mana
1166: startcast torpor
1166: 233.2 dps, 293 hp, 1182 mana
1167: 233.0 dps, 293 hp, 1182 mana
1168: 232.8 dps, 293 hp, 1182 mana
1169: 232.6 dps, 293 hp, 1182 mana
1170: turgurs tick
1170: finished casting torpor
1170: 232.4 dps, 312 hp, 1071 mana
1171: 232.2 dps, 312 hp, 1071 mana
1172: 232.0 dps, 312 hp, 1071 mana
1173: startcast superiorheal
1173: 231.8 dps, 312 hp, 1071 mana
1174: 231.6 dps, 312 hp, 1071 mana
1175: 231.4 dps, 312 hp, 1071 mana
1176: torpor tick
1176: turgurs tick
1176: 231.2 dps, 631 hp, 1080 mana
1177: superiorheal tick
1177: finished casting superiorheal
1177: 233.2 dps, 631 hp, 930 mana
1178: 233.0 dps, 631 hp, 930 mana
1179: 232.8 dps, 631 hp, 930 mana
1180: startcast superiorheal
1180: 232.6 dps, 631 hp, 930 mana
1181: 232.4 dps, 631 hp, 930 mana
1182: torpor tick
1182: turgurs tick
1182: 232.2 dps, 950 hp, 939 mana
1183: 232.0 dps, 950 hp, 939 mana
1184: superiorheal tick
1184: finished casting superiorheal
1184: 234.0 dps, 950 hp, 789 mana
1185: 233.8 dps, 950 hp, 789 mana
1186: 233.6 dps, 950 hp, 789 mana
1187: startcast superiorheal
1187: 233.4 dps, 950 hp, 789 mana
1188: torpor tick
1188: turgurs tick
1188: 233.2 dps, 1269 hp, 798 mana
1189: 233.0 dps, 1269 hp, 798 mana
1190: 232.8 dps, 1269 hp, 798 mana
1191: superiorheal tick
1191: finished casting superiorheal
1191: 234.8 dps, 1269 hp, 648 mana
1192: 234.6 dps, 1269 hp, 648 mana
1193: 234.4 dps, 1269 hp, 648 mana
1194: torpor tick
1194: turgurs tick
1194: startcast superiorheal
1194: 234.2 dps, 1588 hp, 657 mana
1195: 234.0 dps, 1588 hp, 657 mana
1196: 233.8 dps, 1588 hp, 657 mana
1197: 233.6 dps, 1588 hp, 657 mana
1198: superiorheal tick
1198: finished casting superiorheal
1198: 235.5 dps, 1588 hp, 507 mana
1199: 235.3 dps, 1588 hp, 507 mana
1200: torpor tick
1200: turgurs tick
1200: 235.1 dps, 1907 hp, 516 mana
