1: startcast judgement
1: 0.0 dps, 4000 hp, 4000 mana
2: 0.0 dps, 4000 hp, 4000 mana
3: 0.0 dps, 4000 hp, 4000 mana
4: 0.0 dps, 4000 hp, 4000 mana
5: 0.0 dps, 4000 hp, 4000 mana
6: 0.0 dps, 4000 hp, 4000 mana
7: judgement tick
7: finished casting judgement
7: 155.5 dps, 4000 hp, 3723.75 mana
8: 136.1 dps, 4000 hp, 3723.75 mana
9: 121.0 dps, 4000 hp, 3723.75 mana
10: 108.9 dps, 4000 hp, 3723.75 mana
11: 99.0 dps, 4000 hp, 3723.75 mana
12: 90.7 dps, 4000 hp, 3758.75 mana
13: 83.7 dps, 4000 hp, 3758.75 mana
14: startcast judgement
14: 77.8 dps, 4000 hp, 3758.75 mana
15: 72.6 dps, 4000 hp, 3758.75 mana
16: 68.0 dps, 4000 hp, 3758.75 mana
17: 64.0 dps, 4000 hp, 3758.75 mana
18: 60.5 dps, 4000 hp, 3773.75 mana
19: 57.3 dps, 4000 hp, 3773.75 mana
20: judgement tick
20: finished casting judgement
20: 108.9 dps, 4000 hp, 3497.5 mana
21: 103.7 dps, 4000 hp, 3497.5 mana
22: 99.0 dps, 4000 hp, 3497.5 mana
23: 94.7 dps, 4000 hp, 3497.5 mana
24: 90.7 dps, 4000 hp, 3532.5 mana
25: 87.1 dps, 4000 hp, 3532.5 mana
26: 83.7 dps, 4000 hp, 3532.5 mana
27: startcast judgement
27: 80.6 dps, 4000 hp, 3532.5 mana
28: 77.8 dps, 4000 hp, 3532.5 mana
29: 75.1 dps, 4000 hp, 3532.5 mana
30: 72.6 dps, 4000 hp, 3547.5 mana
31: 70.2 dps, 4000 hp, 3547.5 mana
32: 68.0 dps, 4000 hp, 3547.5 mana
33: judgement tick
33: finished casting judgement
33: 99.0 dps, 4000 hp, 3271.25 mana
34: 96.1 dps, 4000 hp, 3271.25 mana
35: 93.3 dps, 4000 hp, 3271.25 mana
36: 90.7 dps, 4000 hp, 3286.25 mana
37: 88.3 dps, 4000 hp, 3286.25 mana
38: 86.0 dps, 4000 hp, 3286.25 mana
39: 83.7 dps, 4000 hp, 3286.25 mana
40: startcast judgement
40: 81.7 dps, 4000 hp, 3286.25 mana
41: 79.7 dps, 4000 hp, 3286.25 mana
42: 77.8 dps, 4000 hp, 3301.25 mana
43: 76.0 dps, 4000 hp, 3301.25 mana
44: 74.2 dps, 4000 hp, 3301.25 mana
45: 72.6 dps, 4000 hp, 3301.25 mana
46: judgement tick
46: finished casting judgement
46: 94.7 dps, 4000 hp, 3025 mana
47: 92.7 dps, 4000 hp, 3025 mana
48: 90.7 dps, 4000 hp, 3040 mana
49: 88.9 dps, 4000 hp, 3040 mana
50: 87.1 dps, 4000 hp, 3040 mana
51: 85.4 dps, 4000 hp, 3040 mana
52: 83.7 dps, 4000 hp, 3040 mana
53: startcast judgement
53: 82.2 dps, 4000 hp, 3040 mana
54: 80.6 dps, 4000 hp, 3055 mana
55: 79.2 dps, 4000 hp, 3055 mana
56: 77.8 dps, 4000 hp, 3055 mana
57: 76.4 dps, 4000 hp, 3055 mana
58: 75.1 dps, 4000 hp, 3055 mana
59: judgement tick
59: finished casting judgement
59: 92.3 dps, 4000 hp, 2778.75 mana
60: 90.7 dps, 4000 hp, 2793.75 mana
61: 89.2 dps, 4000 hp, 2793.75 mana
62: 87.8 dps, 4000 hp, 2793.75 mana
63: 86.4 dps, 4000 hp, 2793.75 mana
64: 85.1 dps, 4000 hp, 2793.75 mana
65: 83.7 dps, 4000 hp, 2793.75 mana
66: startcast judgement
66: 82.5 dps, 4000 hp, 2828.75 mana
67: 81.2 dps, 4000 hp, 2828.75 mana
68: 80.1 dps, 4000 hp, 2828.75 mana
69: 78.9 dps, 4000 hp, 2828.75 mana
70: 77.8 dps, 4000 hp, 2828.75 mana
71: 76.7 dps, 4000 hp, 2828.75 mana
72: judgement tick
72: finished casting judgement
72: 90.7 dps, 4000 hp, 2567.5 mana
73: 89.5 dps, 4000 hp, 2567.5 mana
74: 88.3 dps, 4000 hp, 2567.5 mana
75: 87.1 dps, 4000 hp, 2567.5 mana
76: 86.0 dps, 4000 hp, 2567.5 mana
77: 84.8 dps, 4000 hp, 2567.5 mana
78: 83.7 dps, 4000 hp, 2602.5 mana
79: startcast judgement
79: 82.7 dps, 4000 hp, 2602.5 mana
80: 81.7 dps, 4000 hp, 2602.5 mana
81: 80.6 dps, 4000 hp, 2602.5 mana
82: 79.7 dps, 4000 hp, 2602.5 mana
83: 78.7 dps, 4000 hp, 2602.5 mana
84: 77.8 dps, 4000 hp, 2617.5 mana
85: judgement tick
85: finished casting judgement
85: 89.7 dps, 4000 hp, 2341.25 mana
86: 88.6 dps, 4000 hp, 2341.25 mana
87: 87.6 dps, 4000 hp, 2341.25 mana
88: 86.6 dps, 4000 hp, 2341.25 mana
89: 85.6 dps, 4000 hp, 2341.25 mana
90: 84.7 dps, 4000 hp, 2376.25 mana
91: 83.7 dps, 4000 hp, 2376.25 mana
92: startcast judgement
92: 82.8 dps, 4000 hp, 2376.25 mana
93: 81.9 dps, 4000 hp, 2376.25 mana
94: 81.1 dps, 4000 hp, 2376.25 mana
95: 80.2 dps, 4000 hp, 2376.25 mana
96: 79.4 dps, 4000 hp, 2391.25 mana
97: 78.6 dps, 4000 hp, 2391.25 mana
98: judgement tick
98: finished casting judgement
98: 88.9 dps, 4000 hp, 2115 mana
99: 88.0 dps, 4000 hp, 2115 mana
100: 87.1 dps, 4000 hp, 2115 mana
101: 86.2 dps, 4000 hp, 2115 mana
102: 85.4 dps, 4000 hp, 2150 mana
103: 84.6 dps, 4000 hp, 2150 mana
104: 83.7 dps, 4000 hp, 2150 mana
105: startcast judgement
105: 83.0 dps, 4000 hp, 2150 mana
106: 82.2 dps, 4000 hp, 2150 mana
107: 81.4 dps, 4000 hp, 2150 mana
108: 80.6 dps, 4000 hp, 2165 mana
109: 79.9 dps, 4000 hp, 2165 mana
110: 79.2 dps, 4000 hp, 2165 mana
111: judgement tick
111: finished casting judgement
111: 88.3 dps, 4000 hp, 1888.75 mana
112: 87.5 dps, 4000 hp, 1888.75 mana
113: 86.7 dps, 4000 hp, 1888.75 mana
114: 86.0 dps, 4000 hp, 1903.75 mana
115: 85.2 dps, 4000 hp, 1903.75 mana
116: 84.5 dps, 4000 hp, 1903.75 mana
117: 83.7 dps, 4000 hp, 1903.75 mana
118: startcast judgement
118: 83.0 dps, 4000 hp, 1903.75 mana
119: 82.3 dps, 4000 hp, 1903.75 mana
120: 81.7 dps, 4000 hp, 1918.75 mana
121: 81.0 dps, 4000 hp, 1918.75 mana
122: 80.3 dps, 4000 hp, 1918.75 mana
123: 79.7 dps, 4000 hp, 1918.75 mana
124: judgement tick
124: finished casting judgement
124: 87.8 dps, 4000 hp, 1642.5 mana
125: 87.1 dps, 4000 hp, 1642.5 mana
126: 86.4 dps, 4000 hp, 1657.5 mana
127: 85.7 dps, 4000 hp, 1657.5 mana
128: 85.1 dps, 4000 hp, 1657.5 mana
129: 84.4 dps, 4000 hp, 1657.5 mana
130: 83.7 dps, 4000 hp, 1657.5 mana
131: startcast judgement
131: 83.1 dps, 4000 hp, 1657.5 mana
132: 82.5 dps, 4000 hp, 1672.5 mana
133: 81.9 dps, 4000 hp, 1672.5 mana
134: 81.2 dps, 4000 hp, 1672.5 mana
135: 80.6 dps, 4000 hp, 1672.5 mana
136: 80.1 dps, 4000 hp, 1672.5 mana
137: judgement tick
137: finished casting judgement
137: 87.4 dps, 4000 hp, 1396.25 mana
138: 86.8 dps, 4000 hp, 1411.25 mana
139: 86.2 dps, 4000 hp, 1411.25 mana
140: 85.5 dps, 4000 hp, 1411.25 mana
141: 84.9 dps, 4000 hp, 1411.25 mana
142: 84.3 dps, 4000 hp, 1411.25 mana
143: 83.7 dps, 4000 hp, 1411.25 mana
144: startcast judgement
144: 83.2 dps, 4000 hp, 1446.25 mana
145: 82.6 dps, 4000 hp, 1446.25 mana
146: 82.0 dps, 4000 hp, 1446.25 mana
147: 81.5 dps, 4000 hp, 1446.25 mana
148: 80.9 dps, 4000 hp, 1446.25 mana
149: 80.4 dps, 4000 hp, 1446.25 mana
150: judgement tick
150: finished casting judgement
150: 87.1 dps, 4000 hp, 1185 mana
151: 86.5 dps, 4000 hp, 1185 mana
152: 86.0 dps, 4000 hp, 1185 mana
153: 85.4 dps, 4000 hp, 1185 mana
154: 84.8 dps, 4000 hp, 1185 mana
155: 84.3 dps, 4000 hp, 1185 mana
156: 83.7 dps, 4000 hp, 1220 mana
157: startcast judgement
157: 83.2 dps, 4000 hp, 1220 mana
158: 82.7 dps, 4000 hp, 1220 mana
159: 82.2 dps, 4000 hp, 1220 mana
160: 81.7 dps, 4000 hp, 1220 mana
161: 81.1 dps, 4000 hp, 1220 mana
162: 80.6 dps, 4000 hp, 1235 mana
163: judgement tick
163: finished casting judgement
163: 86.8 dps, 4000 hp, 958.75 mana
164: 86.3 dps, 4000 hp, 958.75 mana
165: 85.8 dps, 4000 hp, 958.75 mana
166: 85.3 dps, 4000 hp, 958.75 mana
167: 84.8 dps, 4000 hp, 958.75 mana
168: 84.2 dps, 4000 hp, 993.75 mana
169: 83.7 dps, 4000 hp, 993.75 mana
170: startcast judgement
170: 83.3 dps, 4000 hp, 993.75 mana
171: 82.8 dps, 4000 hp, 993.75 mana
172: 82.3 dps, 4000 hp, 993.75 mana
173: 81.8 dps, 4000 hp, 993.75 mana
174: 81.3 dps, 4000 hp, 1008.75 mana
175: 80.9 dps, 4000 hp, 1008.75 mana
176: judgement tick
176: finished casting judgement
176: 86.6 dps, 4000 hp, 732.5 mana
177: 86.1 dps, 4000 hp, 732.5 mana
178: 85.6 dps, 4000 hp, 732.5 mana
179: 85.2 dps, 4000 hp, 732.5 mana
180: 84.7 dps, 4000 hp, 767.5 mana
181: 84.2 dps, 4000 hp, 767.5 mana
182: 83.7 dps, 4000 hp, 767.5 mana
183: startcast judgement
183: 83.3 dps, 4000 hp, 767.5 mana
184: 82.8 dps, 4000 hp, 767.5 mana
185: 82.4 dps, 4000 hp, 767.5 mana
186: 81.9 dps, 4000 hp, 782.5 mana
187: 81.5 dps, 4000 hp, 782.5 mana
188: 81.1 dps, 4000 hp, 782.5 mana
189: judgement tick
189: finished casting judgement
189: 86.4 dps, 4000 hp, 506.25 mana
190: 86.0 dps, 4000 hp, 506.25 mana
191: 85.5 dps, 4000 hp, 506.25 mana
192: 85.1 dps, 4000 hp, 521.25 mana
193: 84.6 dps, 4000 hp, 521.25 mana
194: 84.2 dps, 4000 hp, 521.25 mana
195: 83.7 dps, 4000 hp, 521.25 mana
196: startcast judgement
196: 83.3 dps, 4000 hp, 521.25 mana
197: 82.9 dps, 4000 hp, 521.25 mana
198: 82.5 dps, 4000 hp, 536.25 mana
199: 82.1 dps, 4000 hp, 536.25 mana
200: 81.7 dps, 4000 hp, 536.25 mana
201: 81.2 dps, 4000 hp, 536.25 mana
202: judgement tick
202: finished casting judgement
202: 86.2 dps, 4000 hp, 260 mana
203: 85.8 dps, 4000 hp, 260 mana
204: 85.4 dps, 4000 hp, 275 mana
205: 85.0 dps, 4000 hp, 275 mana
206: 84.6 dps, 4000 hp, 275 mana
207: 84.2 dps, 4000 hp, 275 mana
208: 83.7 dps, 4000 hp, 275 mana
209: 83.3 dps, 4000 hp, 275 mana
210: 83.0 dps, 4000 hp, 310 mana
211: 82.6 dps, 4000 hp, 310 mana
212: 82.2 dps, 4000 hp, 310 mana
213: 81.8 dps, 4000 hp, 310 mana
214: 81.4 dps, 4000 hp, 310 mana
215: 81.0 dps, 4000 hp, 310 mana
216: startcast judgement
216: 80.6 dps, 4000 hp, 345 mana
217: 80.3 dps, 4000 hp, 345 mana
218: 79.9 dps, 4000 hp, 345 mana
219: 79.5 dps, 4000 hp, 345 mana
220: 79.2 dps, 4000 hp, 345 mana
221: 78.8 dps, 4000 hp, 345 mana
222: judgement tick
222: finished casting judgement
222: 83.4 dps, 4000 hp, 83.75 mana
223: 83.0 dps, 4000 hp, 83.75 mana
224: 82.6 dps, 4000 hp, 83.75 mana
225: 82.3 dps, 4000 hp, 83.75 mana
226: 81.9 dps, 4000 hp, 83.75 mana
227: 81.5 dps, 4000 hp, 83.75 mana
228: 81.2 dps, 4000 hp, 118.75 mana
229: 80.8 dps, 4000 hp, 118.75 mana
230: 80.5 dps, 4000 hp, 118.75 mana
231: 80.1 dps, 4000 hp, 118.75 mana
232: 79.8 dps, 4000 hp, 118.75 mana
233: 79.4 dps, 4000 hp, 118.75 mana
234: 79.1 dps, 4000 hp, 153.75 mana
235: 78.8 dps, 4000 hp, 153.75 mana
236: 78.4 dps, 4000 hp, 153.75 mana
237: 78.1 dps, 4000 hp, 153.75 mana
238: 77.8 dps, 4000 hp, 153.75 mana
239: 77.4 dps, 4000 hp, 153.75 mana
240: 77.1 dps, 4000 hp, 188.75 mana
241: 76.8 dps, 4000 hp, 188.75 mana
242: 76.5 dps, 4000 hp, 188.75 mana
243: 76.2 dps, 4000 hp, 188.75 mana
244: 75.9 dps, 4000 hp, 188.75 mana
245: 75.5 dps, 4000 hp, 188.75 mana
246: 75.2 dps, 4000 hp, 223.75 mana
247: 74.9 dps, 4000 hp, 223.75 mana
248: 74.6 dps, 4000 hp, 223.75 mana
249: 74.3 dps, 4000 hp, 223.75 mana
250: 74.0 dps, 4000 hp, 223.75 mana
251: 73.7 dps, 4000 hp, 223.75 mana
252: 73.4 dps, 4000 hp, 258.75 mana
253: 73.2 dps, 4000 hp, 258.75 mana
254: 72.9 dps, 4000 hp, 258.75 mana
255: 72.6 dps, 4000 hp, 258.75 mana
256: 72.3 dps, 4000 hp, 258.75 mana
257: 72.0 dps, 4000 hp, 258.75 mana
258: 71.7 dps, 4000 hp, 293.75 mana
259: 71.5 dps, 4000 hp, 293.75 mana
260: 71.2 dps, 4000 hp, 293.75 mana
261: 70.9 dps, 4000 hp, 293.75 mana
262: 70.6 dps, 4000 hp, 293.75 mana
263: 70.4 dps, 4000 hp, 293.75 mana
264: startcast judgement
264: 70.1 dps, 4000 hp, 328.75 mana
265: 69.8 dps, 4000 hp, 328.75 mana
266: 69.6 dps, 4000 hp, 328.75 mana
267: 69.3 dps, 4000 hp, 328.75 mana
268: 69.1 dps, 4000 hp, 328.75 mana
269: 68.8 dps, 4000 hp, 328.75 mana
270: judgement tick
270: finished casting judgement
270: 72.6 dps, 4000 hp, 67.5 mana
271: 72.3 dps, 4000 hp, 67.5 mana
272: 72.0 dps, 4000 hp, 67.5 mana
273: 71.8 dps, 4000 hp, 67.5 mana
274: 71.5 dps, 4000 hp, 67.5 mana
275: 71.3 dps, 4000 hp, 67.5 mana
276: 71.0 dps, 4000 hp, 102.5 mana
277: 70.7 dps, 4000 hp, 102.5 mana
278: 70.5 dps, 4000 hp, 102.5 mana
279: 70.2 dps, 4000 hp, 102.5 mana
280: 70.0 dps, 4000 hp, 102.5 mana
281: 69.7 dps, 4000 hp, 102.5 mana
282: 69.5 dps, 4000 hp, 137.5 mana
283: 69.2 dps, 4000 hp, 137.5 mana
284: 69.0 dps, 4000 hp, 137.5 mana
285: 68.8 dps, 4000 hp, 137.5 mana
286: 68.5 dps, 4000 hp, 137.5 mana
287: 68.3 dps, 4000 hp, 137.5 mana
288: 68.0 dps, 4000 hp, 172.5 mana
289: 67.8 dps, 4000 hp, 172.5 mana
290: 67.6 dps, 4000 hp, 172.5 mana
291: 67.3 dps, 4000 hp, 172.5 mana
292: 67.1 dps, 4000 hp, 172.5 mana
293: 66.9 dps, 4000 hp, 172.5 mana
294: 66.7 dps, 4000 hp, 207.5 mana
295: 66.4 dps, 4000 hp, 207.5 mana
296: 66.2 dps, 4000 hp, 207.5 mana
297: 66.0 dps, 4000 hp, 207.5 mana
298: 65.8 dps, 4000 hp, 207.5 mana
299: 65.5 dps, 4000 hp, 207.5 mana
300: 65.3 dps, 4000 hp, 242.5 mana
301: 65.1 dps, 4000 hp, 242.5 mana
302: 64.9 dps, 4000 hp, 242.5 mana
303: 64.7 dps, 4000 hp, 242.5 mana
304: 64.5 dps, 4000 hp, 242.5 mana
305: 64.3 dps, 4000 hp, 242.5 mana
306: 64.0 dps, 4000 hp, 277.5 mana
307: 63.8 dps, 4000 hp, 277.5 mana
308: 63.6 dps, 4000 hp, 277.5 mana
309: 63.4 dps, 4000 hp, 277.5 mana
310: 63.2 dps, 4000 hp, 277.5 mana
311: 63.0 dps, 4000 hp, 277.5 mana
312: 62.8 dps, 4000 hp, 312.5 mana
313: 62.6 dps, 4000 hp, 312.5 mana
314: 62.4 dps, 4000 hp, 312.5 mana
315: 62.2 dps, 4000 hp, 312.5 mana
316: 62.0 dps, 4000 hp, 312.5 mana
317: 61.8 dps, 4000 hp, 312.5 mana
318: startcast judgement
318: 61.6 dps, 4000 hp, 347.5 mana
319: 61.4 dps, 4000 hp, 347.5 mana
320: 61.2 dps, 4000 hp, 347.5 mana
321: 61.0 dps, 4000 hp, 347.5 mana
322: 60.9 dps, 4000 hp, 347.5 mana
323: 60.7 dps, 4000 hp, 347.5 mana
324: judgement tick
324: finished casting judgement
324: 63.8 dps, 4000 hp, 86.25 mana
325: 63.6 dps, 4000 hp, 86.25 mana
326: 63.5 dps, 4000 hp, 86.25 mana
327: 63.3 dps, 4000 hp, 86.25 mana
328: 63.1 dps, 4000 hp, 86.25 mana
329: 62.9 dps, 4000 hp, 86.25 mana
330: 62.7 dps, 4000 hp, 121.25 mana
331: 62.5 dps, 4000 hp, 121.25 mana
332: 62.3 dps, 4000 hp, 121.25 mana
333: 62.1 dps, 4000 hp, 121.25 mana
334: 61.9 dps, 4000 hp, 121.25 mana
335: 61.7 dps, 4000 hp, 121.25 mana
336: 61.6 dps, 4000 hp, 156.25 mana
337: 61.4 dps, 4000 hp, 156.25 mana
338: 61.2 dps, 4000 hp, 156.25 mana
339: 61.0 dps, 4000 hp, 156.25 mana
340: 60.8 dps, 4000 hp, 156.25 mana
341: 60.7 dps, 4000 hp, 156.25 mana
342: 60.5 dps, 4000 hp, 191.25 mana
343: 60.3 dps, 4000 hp, 191.25 mana
344: 60.1 dps, 4000 hp, 191.25 mana
345: 60.0 dps, 4000 hp, 191.25 mana
346: 59.8 dps, 4000 hp, 191.25 mana
347: 59.6 dps, 4000 hp, 191.25 mana
348: 59.4 dps, 4000 hp, 226.25 mana
349: 59.3 dps, 4000 hp, 226.25 mana
350: 59.1 dps, 4000 hp, 226.25 mana
351: 58.9 dps, 4000 hp, 226.25 mana
352: 58.8 dps, 4000 hp, 226.25 mana
353: 58.6 dps, 4000 hp, 226.25 mana
354: 58.4 dps, 4000 hp, 261.25 mana
355: 58.3 dps, 4000 hp, 261.25 mana
356: 58.1 dps, 4000 hp, 261.25 mana
357: 57.9 dps, 4000 hp, 261.25 mana
358: 57.8 dps, 4000 hp, 261.25 mana
359: 57.6 dps, 4000 hp, 261.25 mana
360: 57.5 dps, 4000 hp, 296.25 mana
361: 57.3 dps, 4000 hp, 296.25 mana
362: 57.1 dps, 4000 hp, 296.25 mana
363: 57.0 dps, 4000 hp, 296.25 mana
364: 56.8 dps, 4000 hp, 296.25 mana
365: 56.7 dps, 4000 hp, 296.25 mana
366: startcast judgement
366: 56.5 dps, 4000 hp, 331.25 mana
367: 56.4 dps, 4000 hp, 331.25 mana
368: 56.2 dps, 4000 hp, 331.25 mana
369: 56.1 dps, 4000 hp, 331.25 mana
370: 55.9 dps, 4000 hp, 331.25 mana
371: 55.8 dps, 4000 hp, 331.25 mana
372: judgement tick
372: finished casting judgement
372: 58.5 dps, 4000 hp, 70 mana
373: 58.4 dps, 4000 hp, 70 mana
374: 58.2 dps, 4000 hp, 70 mana
375: 58.1 dps, 4000 hp, 70 mana
376: 57.9 dps, 4000 hp, 70 mana
377: 57.8 dps, 4000 hp, 70 mana
378: 57.6 dps, 4000 hp, 105 mana
379: 57.5 dps, 4000 hp, 105 mana
380: 57.3 dps, 4000 hp, 105 mana
381: 57.2 dps, 4000 hp, 105 mana
382: 57.0 dps, 4000 hp, 105 mana
383: 56.9 dps, 4000 hp, 105 mana
384: 56.7 dps, 4000 hp, 140 mana
385: 56.6 dps, 4000 hp, 140 mana
386: 56.4 dps, 4000 hp, 140 mana
387: 56.3 dps, 4000 hp, 140 mana
388: 56.1 dps, 4000 hp, 140 mana
389: 56.0 dps, 4000 hp, 140 mana
390: 55.8 dps, 4000 hp, 175 mana
391: 55.7 dps, 4000 hp, 175 mana
392: 55.5 dps, 4000 hp, 175 mana
393: 55.4 dps, 4000 hp, 175 mana
394: 55.3 dps, 4000 hp, 175 mana
395: 55.1 dps, 4000 hp, 175 mana
396: 55.0 dps, 4000 hp, 210 mana
397: 54.8 dps, 4000 hp, 210 mana
398: 54.7 dps, 4000 hp, 210 mana
399: 54.6 dps, 4000 hp, 210 mana
400: 54.4 dps, 4000 hp, 210 mana
401: 54.3 dps, 4000 hp, 210 mana
402: 54.2 dps, 4000 hp, 245 mana
403: 54.0 dps, 4000 hp, 245 mana
404: 53.9 dps, 4000 hp, 245 mana
405: 53.8 dps, 4000 hp, 245 mana
406: 53.6 dps, 4000 hp, 245 mana
407: 53.5 dps, 4000 hp, 245 mana
408: 53.4 dps, 4000 hp, 280 mana
409: 53.2 dps, 4000 hp, 280 mana
410: 53.1 dps, 4000 hp, 280 mana
411: 53.0 dps, 4000 hp, 280 mana
412: 52.9 dps, 4000 hp, 280 mana
413: 52.7 dps, 4000 hp, 280 mana
414: 52.6 dps, 4000 hp, 315 mana
415: 52.5 dps, 4000 hp, 315 mana
416: 52.3 dps, 4000 hp, 315 mana
417: 52.2 dps, 4000 hp, 315 mana
418: 52.1 dps, 4000 hp, 315 mana
419: 52.0 dps, 4000 hp, 315 mana
420: startcast judgement
420: 51.8 dps, 4000 hp, 350 mana
421: 51.7 dps, 4000 hp, 350 mana
422: 51.6 dps, 4000 hp, 350 mana
423: 51.5 dps, 4000 hp, 350 mana
424: 51.4 dps, 4000 hp, 350 mana
425: 51.2 dps, 4000 hp, 350 mana
426: judgement tick
426: finished casting judgement
426: 53.7 dps, 4000 hp, 88.75 mana
427: 53.5 dps, 4000 hp, 88.75 mana
428: 53.4 dps, 4000 hp, 88.75 mana
429: 53.3 dps, 4000 hp, 88.75 mana
430: 53.2 dps, 4000 hp, 88.75 mana
431: 53.0 dps, 4000 hp, 88.75 mana
432: 52.9 dps, 4000 hp, 123.75 mana
433: 52.8 dps, 4000 hp, 123.75 mana
434: 52.7 dps, 4000 hp, 123.75 mana
435: 52.6 dps, 4000 hp, 123.75 mana
436: 52.4 dps, 4000 hp, 123.75 mana
437: 52.3 dps, 4000 hp, 123.75 mana
438: 52.2 dps, 4000 hp, 158.75 mana
439: 52.1 dps, 4000 hp, 158.75 mana
440: 52.0 dps, 4000 hp, 158.75 mana
441: 51.8 dps, 4000 hp, 158.75 mana
442: 51.7 dps, 4000 hp, 158.75 mana
443: 51.6 dps, 4000 hp, 158.75 mana
444: 51.5 dps, 4000 hp, 193.75 mana
445: 51.4 dps, 4000 hp, 193.75 mana
446: 51.3 dps, 4000 hp, 193.75 mana
447: 51.1 dps, 4000 hp, 193.75 mana
448: 51.0 dps, 4000 hp, 193.75 mana
449: 50.9 dps, 4000 hp, 193.75 mana
450: 50.8 dps, 4000 hp, 228.75 mana
451: 50.7 dps, 4000 hp, 228.75 mana
452: 50.6 dps, 4000 hp, 228.75 mana
453: 50.5 dps, 4000 hp, 228.75 mana
454: 50.4 dps, 4000 hp, 228.75 mana
455: 50.2 dps, 4000 hp, 228.75 mana
456: 50.1 dps, 4000 hp, 263.75 mana
457: 50.0 dps, 4000 hp, 263.75 mana
458: 49.9 dps, 4000 hp, 263.75 mana
459: 49.8 dps, 4000 hp, 263.75 mana
460: 49.7 dps, 4000 hp, 263.75 mana
461: 49.6 dps, 4000 hp, 263.75 mana
462: 49.5 dps, 4000 hp, 298.75 mana
463: 49.4 dps, 4000 hp, 298.75 mana
464: 49.3 dps, 4000 hp, 298.75 mana
465: 49.2 dps, 4000 hp, 298.75 mana
466: 49.1 dps, 4000 hp, 298.75 mana
467: 49.0 dps, 4000 hp, 298.75 mana
468: startcast judgement
468: 48.9 dps, 4000 hp, 333.75 mana
469: 48.7 dps, 4000 hp, 333.75 mana
470: 48.6 dps, 4000 hp, 333.75 mana
471: 48.5 dps, 4000 hp, 333.75 mana
472: 48.4 dps, 4000 hp, 333.75 mana
473: 48.3 dps, 4000 hp, 333.75 mana
474: judgement tick
474: finished casting judgement
474: 50.5 dps, 4000 hp, 72.5 mana
475: 50.4 dps, 4000 hp, 72.5 mana
476: 50.3 dps, 4000 hp, 72.5 mana
477: 50.2 dps, 4000 hp, 72.5 mana
478: 50.1 dps, 4000 hp, 72.5 mana
479: 50.0 dps, 4000 hp, 72.5 mana
480: 49.9 dps, 4000 hp, 107.5 mana
481: 49.8 dps, 4000 hp, 107.5 mana
482: 49.7 dps, 4000 hp, 107.5 mana
483: 49.6 dps, 4000 hp, 107.5 mana
484: 49.5 dps, 4000 hp, 107.5 mana
485: 49.4 dps, 4000 hp, 107.5 mana
486: 49.3 dps, 4000 hp, 142.5 mana
487: 49.2 dps, 4000 hp, 142.5 mana
488: 49.1 dps, 4000 hp, 142.5 mana
489: 49.0 dps, 4000 hp, 142.5 mana
490: 48.9 dps, 4000 hp, 142.5 mana
491: 48.8 dps, 4000 hp, 142.5 mana
492: 48.7 dps, 4000 hp, 177.5 mana
493: 48.6 dps, 4000 hp, 177.5 mana
494: 48.5 dps, 4000 hp, 177.5 mana
495: 48.4 dps, 4000 hp, 177.5 mana
496: 48.3 dps, 4000 hp, 177.5 mana
497: 48.2 dps, 4000 hp, 177.5 mana
498: 48.1 dps, 4000 hp, 212.5 mana
499: 48.0 dps, 4000 hp, 212.5 mana
500: 47.9 dps, 4000 hp, 212.5 mana
501: 47.8 dps, 4000 hp, 212.5 mana
502: 47.7 dps, 4000 hp, 212.5 mana
503: 47.6 dps, 4000 hp, 212.5 mana
504: 47.5 dps, 4000 hp, 247.5 mana
505: 47.4 dps, 4000 hp, 247.5 mana
506: 47.3 dps, 4000 hp, 247.5 mana
507: 47.2 dps, 4000 hp, 247.5 mana
508: 47.1 dps, 4000 hp, 247.5 mana
509: 47.1 dps, 4000 hp, 247.5 mana
510: 47.0 dps, 4000 hp, 282.5 mana
511: 46.9 dps, 4000 hp, 282.5 mana
512: 46.8 dps, 4000 hp, 282.5 mana
513: 46.7 dps, 4000 hp, 282.5 mana
514: 46.6 dps, 4000 hp, 282.5 mana
515: 46.5 dps, 4000 hp, 282.5 mana
516: 46.4 dps, 4000 hp, 317.5 mana
517: 46.3 dps, 4000 hp, 317.5 mana
518: 46.2 dps, 4000 hp, 317.5 mana
519: 46.2 dps, 4000 hp, 317.5 mana
520: 46.1 dps, 4000 hp, 317.5 mana
521: 46.0 dps, 4000 hp, 317.5 mana
522: startcast judgement
522: 45.9 dps, 4000 hp, 352.5 mana
523: 45.8 dps, 4000 hp, 352.5 mana
524: 45.7 dps, 4000 hp, 352.5 mana
525: 45.6 dps, 4000 hp, 352.5 mana
526: 45.5 dps, 4000 hp, 352.5 mana
527: 45.4 dps, 4000 hp, 352.5 mana
528: judgement tick
528: finished casting judgement
528: 47.4 dps, 4000 hp, 91.25 mana
529: 47.3 dps, 4000 hp, 91.25 mana
530: 47.2 dps, 4000 hp, 91.25 mana
531: 47.2 dps, 4000 hp, 91.25 mana
532: 47.1 dps, 4000 hp, 91.25 mana
533: 47.0 dps, 4000 hp, 91.25 mana
534: 46.9 dps, 4000 hp, 126.25 mana
535: 46.8 dps, 4000 hp, 126.25 mana
536: 46.7 dps, 4000 hp, 126.25 mana
537: 46.6 dps, 4000 hp, 126.25 mana
538: 46.5 dps, 4000 hp, 126.25 mana
539: 46.5 dps, 4000 hp, 126.25 mana
540: 46.4 dps, 4000 hp, 161.25 mana
541: 46.3 dps, 4000 hp, 161.25 mana
542: 46.2 dps, 4000 hp, 161.25 mana
543: 46.1 dps, 4000 hp, 161.25 mana
544: 46.0 dps, 4000 hp, 161.25 mana
545: 45.9 dps, 4000 hp, 161.25 mana
546: 45.9 dps, 4000 hp, 196.25 mana
547: 45.8 dps, 4000 hp, 196.25 mana
548: 45.7 dps, 4000 hp, 196.25 mana
549: 45.6 dps, 4000 hp, 196.25 mana
550: 45.5 dps, 4000 hp, 196.25 mana
551: 45.4 dps, 4000 hp, 196.25 mana
552: 45.4 dps, 4000 hp, 231.25 mana
553: 45.3 dps, 4000 hp, 231.25 mana
554: 45.2 dps, 4000 hp, 231.25 mana
555: 45.1 dps, 4000 hp, 231.25 mana
556: 45.0 dps, 4000 hp, 231.25 mana
557: 45.0 dps, 4000 hp, 231.25 mana
558: 44.9 dps, 4000 hp, 266.25 mana
559: 44.8 dps, 4000 hp, 266.25 mana
560: 44.7 dps, 4000 hp, 266.25 mana
561: 44.6 dps, 4000 hp, 266.25 mana
562: 44.6 dps, 4000 hp, 266.25 mana
563: 44.5 dps, 4000 hp, 266.25 mana
564: 44.4 dps, 4000 hp, 301.25 mana
565: 44.3 dps, 4000 hp, 301.25 mana
566: 44.2 dps, 4000 hp, 301.25 mana
567: 44.2 dps, 4000 hp, 301.25 mana
568: 44.1 dps, 4000 hp, 301.25 mana
569: 44.0 dps, 4000 hp, 301.25 mana
570: startcast judgement
570: 43.9 dps, 4000 hp, 336.25 mana
571: 43.9 dps, 4000 hp, 336.25 mana
572: 43.8 dps, 4000 hp, 336.25 mana
573: 43.7 dps, 4000 hp, 336.25 mana
574: 43.6 dps, 4000 hp, 336.25 mana
575: 43.5 dps, 4000 hp, 336.25 mana
576: judgement tick
576: finished casting judgement
576: 45.4 dps, 4000 hp, 75 mana
577: 45.3 dps, 4000 hp, 75 mana
578: 45.2 dps, 4000 hp, 75 mana
579: 45.1 dps, 4000 hp, 75 mana
580: 45.1 dps, 4000 hp, 75 mana
581: 45.0 dps, 4000 hp, 75 mana
582: 44.9 dps, 4000 hp, 110 mana
583: 44.8 dps, 4000 hp, 110 mana
584: 44.7 dps, 4000 hp, 110 mana
585: 44.7 dps, 4000 hp, 110 mana
586: 44.6 dps, 4000 hp, 110 mana
587: 44.5 dps, 4000 hp, 110 mana
588: 44.4 dps, 4000 hp, 145 mana
589: 44.4 dps, 4000 hp, 145 mana
590: 44.3 dps, 4000 hp, 145 mana
591: 44.2 dps, 4000 hp, 145 mana
592: 44.1 dps, 4000 hp, 145 mana
593: 44.1 dps, 4000 hp, 145 mana
594: 44.0 dps, 4000 hp, 180 mana
595: 43.9 dps, 4000 hp, 180 mana
596: 43.8 dps, 4000 hp, 180 mana
597: 43.8 dps, 4000 hp, 180 mana
598: 43.7 dps, 4000 hp, 180 mana
599: 43.6 dps, 4000 hp, 180 mana
600: 43.5 dps, 4000 hp, 215 mana
601: 43.5 dps, 4000 hp, 215 mana
602: 43.4 dps, 4000 hp, 215 mana
603: 43.3 dps, 4000 hp, 215 mana
604: 43.3 dps, 4000 hp, 215 mana
605: 43.2 dps, 4000 hp, 215 mana
606: 43.1 dps, 4000 hp, 250 mana
607: 43.0 dps, 4000 hp, 250 mana
608: 43.0 dps, 4000 hp, 250 mana
609: 42.9 dps, 4000 hp, 250 mana
610: 42.8 dps, 4000 hp, 250 mana
611: 42.8 dps, 4000 hp, 250 mana
612: 42.7 dps, 4000 hp, 285 mana
613: 42.6 dps, 4000 hp, 285 mana
614: 42.6 dps, 4000 hp, 285 mana
615: 42.5 dps, 4000 hp, 285 mana
616: 42.4 dps, 4000 hp, 285 mana
617: 42.3 dps, 4000 hp, 285 mana
618: 42.3 dps, 4000 hp, 320 mana
619: 42.2 dps, 4000 hp, 320 mana
620: 42.1 dps, 4000 hp, 320 mana
621: 42.1 dps, 4000 hp, 320 mana
622: 42.0 dps, 4000 hp, 320 mana
623: 41.9 dps, 4000 hp, 320 mana
624: startcast judgement
624: 41.9 dps, 4000 hp, 355 mana
625: 41.8 dps, 4000 hp, 355 mana
626: 41.7 dps, 4000 hp, 355 mana
627: 41.7 dps, 4000 hp, 355 mana
628: 41.6 dps, 4000 hp, 355 mana
629: 41.5 dps, 4000 hp, 355 mana
630: judgement tick
630: finished casting judgement
630: 43.2 dps, 4000 hp, 93.75 mana
631: 43.1 dps, 4000 hp, 93.75 mana
632: 43.1 dps, 4000 hp, 93.75 mana
633: 43.0 dps, 4000 hp, 93.75 mana
634: 42.9 dps, 4000 hp, 93.75 mana
635: 42.9 dps, 4000 hp, 93.75 mana
636: 42.8 dps, 4000 hp, 128.75 mana
637: 42.7 dps, 4000 hp, 128.75 mana
638: 42.7 dps, 4000 hp, 128.75 mana
639: 42.6 dps, 4000 hp, 128.75 mana
640: 42.5 dps, 4000 hp, 128.75 mana
641: 42.5 dps, 4000 hp, 128.75 mana
642: 42.4 dps, 4000 hp, 163.75 mana
643: 42.3 dps, 4000 hp, 163.75 mana
644: 42.3 dps, 4000 hp, 163.75 mana
645: 42.2 dps, 4000 hp, 163.75 mana
646: 42.1 dps, 4000 hp, 163.75 mana
647: 42.1 dps, 4000 hp, 163.75 mana
648: 42.0 dps, 4000 hp, 198.75 mana
649: 41.9 dps, 4000 hp, 198.75 mana
650: 41.9 dps, 4000 hp, 198.75 mana
651: 41.8 dps, 4000 hp, 198.75 mana
652: 41.7 dps, 4000 hp, 198.75 mana
653: 41.7 dps, 4000 hp, 198.75 mana
654: 41.6 dps, 4000 hp, 233.75 mana
655: 41.6 dps, 4000 hp, 233.75 mana
656: 41.5 dps, 4000 hp, 233.75 mana
657: 41.4 dps, 4000 hp, 233.75 mana
658: 41.4 dps, 4000 hp, 233.75 mana
659: 41.3 dps, 4000 hp, 233.75 mana
660: 41.2 dps, 4000 hp, 268.75 mana
661: 41.2 dps, 4000 hp, 268.75 mana
662: 41.1 dps, 4000 hp, 268.75 mana
663: 41.1 dps, 4000 hp, 268.75 mana
664: 41.0 dps, 4000 hp, 268.75 mana
665: 40.9 dps, 4000 hp, 268.75 mana
666: 40.9 dps, 4000 hp, 303.75 mana
667: 40.8 dps, 4000 hp, 303.75 mana
668: 40.7 dps, 4000 hp, 303.75 mana
669: 40.7 dps, 4000 hp, 303.75 mana
670: 40.6 dps, 4000 hp, 303.75 mana
671: 40.6 dps, 4000 hp, 303.75 mana
672: startcast judgement
672: 40.5 dps, 4000 hp, 338.75 mana
673: 40.4 dps, 4000 hp, 338.75 mana
674: 40.4 dps, 4000 hp, 338.75 mana
675: 40.3 dps, 4000 hp, 338.75 mana
676: 40.3 dps, 4000 hp, 338.75 mana
677: 40.2 dps, 4000 hp, 338.75 mana
678: judgement tick
678: finished casting judgement
678: 41.8 dps, 4000 hp, 77.5 mana
679: 41.7 dps, 4000 hp, 77.5 mana
680: 41.6 dps, 4000 hp, 77.5 mana
681: 41.6 dps, 4000 hp, 77.5 mana
682: 41.5 dps, 4000 hp, 77.5 mana
683: 41.4 dps, 4000 hp, 77.5 mana
684: 41.4 dps, 4000 hp, 112.5 mana
685: 41.3 dps, 4000 hp, 112.5 mana
686: 41.3 dps, 4000 hp, 112.5 mana
687: 41.2 dps, 4000 hp, 112.5 mana
688: 41.1 dps, 4000 hp, 112.5 mana
689: 41.1 dps, 4000 hp, 112.5 mana
690: 41.0 dps, 4000 hp, 147.5 mana
691: 41.0 dps, 4000 hp, 147.5 mana
692: 40.9 dps, 4000 hp, 147.5 mana
693: 40.8 dps, 4000 hp, 147.5 mana
694: 40.8 dps, 4000 hp, 147.5 mana
695: 40.7 dps, 4000 hp, 147.5 mana
696: 40.7 dps, 4000 hp, 182.5 mana
697: 40.6 dps, 4000 hp, 182.5 mana
698: 40.6 dps, 4000 hp, 182.5 mana
699: 40.5 dps, 4000 hp, 182.5 mana
700: 40.4 dps, 4000 hp, 182.5 mana
701: 40.4 dps, 4000 hp, 182.5 mana
702: 40.3 dps, 4000 hp, 217.5 mana
703: 40.3 dps, 4000 hp, 217.5 mana
704: 40.2 dps, 4000 hp, 217.5 mana
705: 40.2 dps, 4000 hp, 217.5 mana
706: 40.1 dps, 4000 hp, 217.5 mana
707: 40.0 dps, 4000 hp, 217.5 mana
708: 40.0 dps, 4000 hp, 252.5 mana
709: 39.9 dps, 4000 hp, 252.5 mana
710: 39.9 dps, 4000 hp, 252.5 mana
711: 39.8 dps, 4000 hp, 252.5 mana
712: 39.8 dps, 4000 hp, 252.5 mana
713: 39.7 dps, 4000 hp, 252.5 mana
714: 39.6 dps, 4000 hp, 287.5 mana
715: 39.6 dps, 4000 hp, 287.5 mana
716: 39.5 dps, 4000 hp, 287.5 mana
717: 39.5 dps, 4000 hp, 287.5 mana
718: 39.4 dps, 4000 hp, 287.5 mana
719: 39.4 dps, 4000 hp, 287.5 mana
720: 39.3 dps, 4000 hp, 322.5 mana
721: 39.3 dps, 4000 hp, 322.5 mana
722: 39.2 dps, 4000 hp, 322.5 mana
723: 39.2 dps, 4000 hp, 322.5 mana
724: 39.1 dps, 4000 hp, 322.5 mana
725: 39.0 dps, 4000 hp, 322.5 mana
726: startcast judgement
726: 39.0 dps, 4000 hp, 357.5 mana
727: 38.9 dps, 4000 hp, 357.5 mana
728: 38.9 dps, 4000 hp, 357.5 mana
729: 38.8 dps, 4000 hp, 357.5 mana
730: 38.8 dps, 4000 hp, 357.5 mana
731: 38.7 dps, 4000 hp, 357.5 mana
732: judgement tick
732: finished casting judgement
732: 40.2 dps, 4000 hp, 96.25 mana
733: 40.1 dps, 4000 hp, 96.25 mana
734: 40.0 dps, 4000 hp, 96.25 mana
735: 40.0 dps, 4000 hp, 96.25 mana
736: 39.9 dps, 4000 hp, 96.25 mana
737: 39.9 dps, 4000 hp, 96.25 mana
738: 39.8 dps, 4000 hp, 131.25 mana
739: 39.8 dps, 4000 hp, 131.25 mana
740: 39.7 dps, 4000 hp, 131.25 mana
741: 39.7 dps, 4000 hp, 131.25 mana
742: 39.6 dps, 4000 hp, 131.25 mana
743: 39.6 dps, 4000 hp, 131.25 mana
744: 39.5 dps, 4000 hp, 166.25 mana
745: 39.5 dps, 4000 hp, 166.25 mana
746: 39.4 dps, 4000 hp, 166.25 mana
747: 39.4 dps, 4000 hp, 166.25 mana
748: 39.3 dps, 4000 hp, 166.25 mana
749: 39.2 dps, 4000 hp, 166.25 mana
750: 39.2 dps, 4000 hp, 201.25 mana
751: 39.1 dps, 4000 hp, 201.25 mana
752: 39.1 dps, 4000 hp, 201.25 mana
753: 39.0 dps, 4000 hp, 201.25 mana
754: 39.0 dps, 4000 hp, 201.25 mana
755: 38.9 dps, 4000 hp, 201.25 mana
756: 38.9 dps, 4000 hp, 236.25 mana
757: 38.8 dps, 4000 hp, 236.25 mana
758: 38.8 dps, 4000 hp, 236.25 mana
759: 38.7 dps, 4000 hp, 236.25 mana
760: 38.7 dps, 4000 hp, 236.25 mana
761: 38.6 dps, 4000 hp, 236.25 mana
762: 38.6 dps, 4000 hp, 271.25 mana
763: 38.5 dps, 4000 hp, 271.25 mana
764: 38.5 dps, 4000 hp, 271.25 mana
765: 38.4 dps, 4000 hp, 271.25 mana
766: 38.4 dps, 4000 hp, 271.25 mana
767: 38.3 dps, 4000 hp, 271.25 mana
768: 38.3 dps, 4000 hp, 306.25 mana
769: 38.2 dps, 4000 hp, 306.25 mana
770: 38.2 dps, 4000 hp, 306.25 mana
771: 38.1 dps, 4000 hp, 306.25 mana
772: 38.1 dps, 4000 hp, 306.25 mana
773: 38.0 dps, 4000 hp, 306.25 mana
774: startcast judgement
774: 38.0 dps, 4000 hp, 341.25 mana
775: 37.9 dps, 4000 hp, 341.25 mana
776: 37.9 dps, 4000 hp, 341.25 mana
777: 37.8 dps, 4000 hp, 341.25 mana
778: 37.8 dps, 4000 hp, 341.25 mana
779: 37.7 dps, 4000 hp, 341.25 mana
780: judgement tick
780: finished casting judgement
780: 39.1 dps, 4000 hp, 80 mana
781: 39.0 dps, 4000 hp, 80 mana
782: 39.0 dps, 4000 hp, 80 mana
783: 38.9 dps, 4000 hp, 80 mana
784: 38.9 dps, 4000 hp, 80 mana
785: 38.8 dps, 4000 hp, 80 mana
786: 38.8 dps, 4000 hp, 115 mana
787: 38.7 dps, 4000 hp, 115 mana
788: 38.7 dps, 4000 hp, 115 mana
789: 38.6 dps, 4000 hp, 115 mana
790: 38.6 dps, 4000 hp, 115 mana
791: 38.5 dps, 4000 hp, 115 mana
792: 38.5 dps, 4000 hp, 150 mana
793: 38.4 dps, 4000 hp, 150 mana
794: 38.4 dps, 4000 hp, 150 mana
795: 38.3 dps, 4000 hp, 150 mana
796: 38.3 dps, 4000 hp, 150 mana
797: 38.2 dps, 4000 hp, 150 mana
798: 38.2 dps, 4000 hp, 185 mana
799: 38.2 dps, 4000 hp, 185 mana
800: 38.1 dps, 4000 hp, 185 mana
801: 38.1 dps, 4000 hp, 185 mana
802: 38.0 dps, 4000 hp, 185 mana
803: 38.0 dps, 4000 hp, 185 mana
804: 37.9 dps, 4000 hp, 220 mana
805: 37.9 dps, 4000 hp, 220 mana
806: 37.8 dps, 4000 hp, 220 mana
807: 37.8 dps, 4000 hp, 220 mana
808: 37.7 dps, 4000 hp, 220 mana
809: 37.7 dps, 4000 hp, 220 mana
810: 37.6 dps, 4000 hp, 255 mana
811: 37.6 dps, 4000 hp, 255 mana
812: 37.5 dps, 4000 hp, 255 mana
813: 37.5 dps, 4000 hp, 255 mana
814: 37.4 dps, 4000 hp, 255 mana
815: 37.4 dps, 4000 hp, 255 mana
816: 37.4 dps, 4000 hp, 290 mana
817: 37.3 dps, 4000 hp, 290 mana
818: 37.3 dps, 4000 hp, 290 mana
819: 37.2 dps, 4000 hp, 290 mana
820: 37.2 dps, 4000 hp, 290 mana
821: 37.1 dps, 4000 hp, 290 mana
822: startcast judgement
822: 37.1 dps, 4000 hp, 325 mana
823: 37.0 dps, 4000 hp, 325 mana
824: 37.0 dps, 4000 hp, 325 mana
825: 37.0 dps, 4000 hp, 325 mana
826: 36.9 dps, 4000 hp, 325 mana
827: 36.9 dps, 4000 hp, 325 mana
828: judgement tick
828: finished casting judgement
828: 38.1 dps, 4000 hp, 63.75 mana
829: 38.1 dps, 4000 hp, 63.75 mana
830: 38.0 dps, 4000 hp, 63.75 mana
831: 38.0 dps, 4000 hp, 63.75 mana
832: 37.9 dps, 4000 hp, 63.75 mana
833: 37.9 dps, 4000 hp, 63.75 mana
834: 37.9 dps, 4000 hp, 98.75 mana
835: 37.8 dps, 4000 hp, 98.75 mana
836: 37.8 dps, 4000 hp, 98.75 mana
837: 37.7 dps, 4000 hp, 98.75 mana
838: 37.7 dps, 4000 hp, 98.75 mana
839: 37.6 dps, 4000 hp, 98.75 mana
840: 37.6 dps, 4000 hp, 133.75 mana
841: 37.5 dps, 4000 hp, 133.75 mana
842: 37.5 dps, 4000 hp, 133.75 mana
843: 37.5 dps, 4000 hp, 133.75 mana
844: 37.4 dps, 4000 hp, 133.75 mana
845: 37.4 dps, 4000 hp, 133.75 mana
846: 37.3 dps, 4000 hp, 168.75 mana
847: 37.3 dps, 4000 hp, 168.75 mana
848: 37.2 dps, 4000 hp, 168.75 mana
849: 37.2 dps, 4000 hp, 168.75 mana
850: 37.1 dps, 4000 hp, 168.75 mana
851: 37.1 dps, 4000 hp, 168.75 mana
852: 37.1 dps, 4000 hp, 203.75 mana
853: 37.0 dps, 4000 hp, 203.75 mana
854: 37.0 dps, 4000 hp, 203.75 mana
855: 36.9 dps, 4000 hp, 203.75 mana
856: 36.9 dps, 4000 hp, 203.75 mana
857: 36.8 dps, 4000 hp, 203.75 mana
858: 36.8 dps, 4000 hp, 238.75 mana
859: 36.8 dps, 4000 hp, 238.75 mana
860: 36.7 dps, 4000 hp, 238.75 mana
861: 36.7 dps, 4000 hp, 238.75 mana
862: 36.6 dps, 4000 hp, 238.75 mana
863: 36.6 dps, 4000 hp, 238.75 mana
864: 36.5 dps, 4000 hp, 273.75 mana
865: 36.5 dps, 4000 hp, 273.75 mana
866: 36.5 dps, 4000 hp, 273.75 mana
867: 36.4 dps, 4000 hp, 273.75 mana
868: 36.4 dps, 4000 hp, 273.75 mana
869: 36.3 dps, 4000 hp, 273.75 mana
870: 36.3 dps, 4000 hp, 308.75 mana
871: 36.2 dps, 4000 hp, 308.75 mana
872: 36.2 dps, 4000 hp, 308.75 mana
873: 36.2 dps, 4000 hp, 308.75 mana
874: 36.1 dps, 4000 hp, 308.75 mana
875: 36.1 dps, 4000 hp, 308.75 mana
876: startcast judgement
876: 36.0 dps, 4000 hp, 343.75 mana
877: 36.0 dps, 4000 hp, 343.75 mana
878: 36.0 dps, 4000 hp, 343.75 mana
879: 35.9 dps, 4000 hp, 343.75 mana
880: 35.9 dps, 4000 hp, 343.75 mana
881: 35.8 dps, 4000 hp, 343.75 mana
882: judgement tick
882: finished casting judgement
882: 37.0 dps, 4000 hp, 82.5 mana
883: 37.0 dps, 4000 hp, 82.5 mana
884: 36.9 dps, 4000 hp, 82.5 mana
885: 36.9 dps, 4000 hp, 82.5 mana
886: 36.9 dps, 4000 hp, 82.5 mana
887: 36.8 dps, 4000 hp, 82.5 mana
888: 36.8 dps, 4000 hp, 117.5 mana
889: 36.7 dps, 4000 hp, 117.5 mana
890: 36.7 dps, 4000 hp, 117.5 mana
891: 36.7 dps, 4000 hp, 117.5 mana
892: 36.6 dps, 4000 hp, 117.5 mana
893: 36.6 dps, 4000 hp, 117.5 mana
894: 36.5 dps, 4000 hp, 152.5 mana
895: 36.5 dps, 4000 hp, 152.5 mana
896: 36.5 dps, 4000 hp, 152.5 mana
897: 36.4 dps, 4000 hp, 152.5 mana
898: 36.4 dps, 4000 hp, 152.5 mana
899: 36.3 dps, 4000 hp, 152.5 mana
900: 36.3 dps, 4000 hp, 187.5 mana
901: 36.3 dps, 4000 hp, 187.5 mana
902: 36.2 dps, 4000 hp, 187.5 mana
903: 36.2 dps, 4000 hp, 187.5 mana
904: 36.1 dps, 4000 hp, 187.5 mana
905: 36.1 dps, 4000 hp, 187.5 mana
906: 36.1 dps, 4000 hp, 222.5 mana
907: 36.0 dps, 4000 hp, 222.5 mana
908: 36.0 dps, 4000 hp, 222.5 mana
909: 35.9 dps, 4000 hp, 222.5 mana
910: 35.9 dps, 4000 hp, 222.5 mana
911: 35.9 dps, 4000 hp, 222.5 mana
912: 35.8 dps, 4000 hp, 257.5 mana
913: 35.8 dps, 4000 hp, 257.5 mana
914: 35.7 dps, 4000 hp, 257.5 mana
915: 35.7 dps, 4000 hp, 257.5 mana
916: 35.7 dps, 4000 hp, 257.5 mana
917: 35.6 dps, 4000 hp, 257.5 mana
918: 35.6 dps, 4000 hp, 292.5 mana
919: 35.5 dps, 4000 hp, 292.5 mana
920: 35.5 dps, 4000 hp, 292.5 mana
921: 35.5 dps, 4000 hp, 292.5 mana
922: 35.4 dps, 4000 hp, 292.5 mana
923: 35.4 dps, 4000 hp, 292.5 mana
924: startcast judgement
924: 35.3 dps, 4000 hp, 327.5 mana
925: 35.3 dps, 4000 hp, 327.5 mana
926: 35.3 dps, 4000 hp, 327.5 mana
927: 35.2 dps, 4000 hp, 327.5 mana
928: 35.2 dps, 4000 hp, 327.5 mana
929: 35.2 dps, 4000 hp, 327.5 mana
930: judgement tick
930: finished casting judgement
930: 36.3 dps, 4000 hp, 66.25 mana
931: 36.3 dps, 4000 hp, 66.25 mana
932: 36.2 dps, 4000 hp, 66.25 mana
933: 36.2 dps, 4000 hp, 66.25 mana
934: 36.1 dps, 4000 hp, 66.25 mana
935: 36.1 dps, 4000 hp, 66.25 mana
936: 36.1 dps, 4000 hp, 101.25 mana
937: 36.0 dps, 4000 hp, 101.25 mana
938: 36.0 dps, 4000 hp, 101.25 mana
939: 35.9 dps, 4000 hp, 101.25 mana
940: 35.9 dps, 4000 hp, 101.25 mana
941: 35.9 dps, 4000 hp, 101.25 mana
942: 35.8 dps, 4000 hp, 136.25 mana
943: 35.8 dps, 4000 hp, 136.25 mana
944: 35.8 dps, 4000 hp, 136.25 mana
945: 35.7 dps, 4000 hp, 136.25 mana
946: 35.7 dps, 4000 hp, 136.25 mana
947: 35.6 dps, 4000 hp, 136.25 mana
948: 35.6 dps, 4000 hp, 171.25 mana
949: 35.6 dps, 4000 hp, 171.25 mana
950: 35.5 dps, 4000 hp, 171.25 mana
951: 35.5 dps, 4000 hp, 171.25 mana
952: 35.5 dps, 4000 hp, 171.25 mana
953: 35.4 dps, 4000 hp, 171.25 mana
954: 35.4 dps, 4000 hp, 206.25 mana
955: 35.3 dps, 4000 hp, 206.25 mana
956: 35.3 dps, 4000 hp, 206.25 mana
957: 35.3 dps, 4000 hp, 206.25 mana
958: 35.2 dps, 4000 hp, 206.25 mana
959: 35.2 dps, 4000 hp, 206.25 mana
960: 35.2 dps, 4000 hp, 241.25 mana
961: 35.1 dps, 4000 hp, 241.25 mana
962: 35.1 dps, 4000 hp, 241.25 mana
963: 35.0 dps, 4000 hp, 241.25 mana
964: 35.0 dps, 4000 hp, 241.25 mana
965: 35.0 dps, 4000 hp, 241.25 mana
966: 34.9 dps, 4000 hp, 276.25 mana
967: 34.9 dps, 4000 hp, 276.25 mana
968: 34.9 dps, 4000 hp, 276.25 mana
969: 34.8 dps, 4000 hp, 276.25 mana
970: 34.8 dps, 4000 hp, 276.25 mana
971: 34.8 dps, 4000 hp, 276.25 mana
972: 34.7 dps, 4000 hp, 311.25 mana
973: 34.7 dps, 4000 hp, 311.25 mana
974: 34.7 dps, 4000 hp, 311.25 mana
975: 34.6 dps, 4000 hp, 311.25 mana
976: 34.6 dps, 4000 hp, 311.25 mana
977: 34.5 dps, 4000 hp, 311.25 mana
978: startcast judgement
978: 34.5 dps, 4000 hp, 346.25 mana
979: 34.5 dps, 4000 hp, 346.25 mana
980: 34.4 dps, 4000 hp, 346.25 mana
981: 34.4 dps, 4000 hp, 346.25 mana
982: 34.4 dps, 4000 hp, 346.25 mana
983: 34.3 dps, 4000 hp, 346.25 mana
984: judgement tick
984: finished casting judgement
984: 35.4 dps, 4000 hp, 85 mana
985: 35.4 dps, 4000 hp, 85 mana
986: 35.3 dps, 4000 hp, 85 mana
987: 35.3 dps, 4000 hp, 85 mana
988: 35.3 dps, 4000 hp, 85 mana
989: 35.2 dps, 4000 hp, 85 mana
990: 35.2 dps, 4000 hp, 120 mana
991: 35.2 dps, 4000 hp, 120 mana
992: 35.1 dps, 4000 hp, 120 mana
993: 35.1 dps, 4000 hp, 120 mana
994: 35.0 dps, 4000 hp, 120 mana
995: 35.0 dps, 4000 hp, 120 mana
996: 35.0 dps, 4000 hp, 155 mana
997: 34.9 dps, 4000 hp, 155 mana
998: 34.9 dps, 4000 hp, 155 mana
999: 34.9 dps, 4000 hp, 155 mana
1000: 34.8 dps, 4000 hp, 155 mana
1001: 34.8 dps, 4000 hp, 155 mana
1002: 34.8 dps, 4000 hp, 190 mana
1003: 34.7 dps, 4000 hp, 190 mana
1004: 34.7 dps, 4000 hp, 190 mana
1005: 34.7 dps, 4000 hp, 190 mana
1006: 34.6 dps, 4000 hp, 190 mana
1007: 34.6 dps, 4000 hp, 190 mana
1008: 34.6 dps, 4000 hp, 225 mana
1009: 34.5 dps, 4000 hp, 225 mana
1010: 34.5 dps, 4000 hp, 225 mana
1011: 34.5 dps, 4000 hp, 225 mana
1012: 34.4 dps, 4000 hp, 225 mana
1013: 34.4 dps, 4000 hp, 225 mana
1014: 34.4 dps, 4000 hp, 260 mana
1015: 34.3 dps, 4000 hp, 260 mana
1016: 34.3 dps, 4000 hp, 260 mana
1017: 34.3 dps, 4000 hp, 260 mana
1018: 34.2 dps, 4000 hp, 260 mana
1019: 34.2 dps, 4000 hp, 260 mana
1020: 34.2 dps, 4000 hp, 295 mana
1021: 34.1 dps, 4000 hp, 295 mana
1022: 34.1 dps, 4000 hp, 295 mana
1023: 34.1 dps, 4000 hp, 295 mana
1024: 34.0 dps, 4000 hp, 295 mana
1025: 34.0 dps, 4000 hp, 295 mana
1026: startcast judgement
1026: 34.0 dps, 4000 hp, 330 mana
1027: 33.9 dps, 4000 hp, 330 mana
1028: 33.9 dps, 4000 hp, 330 mana
1029: 33.9 dps, 4000 hp, 330 mana
1030: 33.8 dps, 4000 hp, 330 mana
1031: 33.8 dps, 4000 hp, 330 mana
1032: judgement tick
1032: finished casting judgement
1032: 34.8 dps, 4000 hp, 68.75 mana
1033: 34.8 dps, 4000 hp, 68.75 mana
1034: 34.7 dps, 4000 hp, 68.75 mana
1035: 34.7 dps, 4000 hp, 68.75 mana
1036: 34.7 dps, 4000 hp, 68.75 mana
1037: 34.6 dps, 4000 hp, 68.75 mana
1038: 34.6 dps, 4000 hp, 103.75 mana
1039: 34.6 dps, 4000 hp, 103.75 mana
1040: 34.5 dps, 4000 hp, 103.75 mana
1041: 34.5 dps, 4000 hp, 103.75 mana
1042: 34.5 dps, 4000 hp, 103.75 mana
1043: 34.4 dps, 4000 hp, 103.75 mana
1044: 34.4 dps, 4000 hp, 138.75 mana
1045: 34.4 dps, 4000 hp, 138.75 mana
1046: 34.3 dps, 4000 hp, 138.75 mana
1047: 34.3 dps, 4000 hp, 138.75 mana
1048: 34.3 dps, 4000 hp, 138.75 mana
1049: 34.2 dps, 4000 hp, 138.75 mana
1050: 34.2 dps, 4000 hp, 173.75 mana
1051: 34.2 dps, 4000 hp, 173.75 mana
1052: 34.2 dps, 4000 hp, 173.75 mana
1053: 34.1 dps, 4000 hp, 173.75 mana
1054: 34.1 dps, 4000 hp, 173.75 mana
1055: 34.1 dps, 4000 hp, 173.75 mana
1056: 34.0 dps, 4000 hp, 208.75 mana
1057: 34.0 dps, 4000 hp, 208.75 mana
1058: 34.0 dps, 4000 hp, 208.75 mana
1059: 33.9 dps, 4000 hp, 208.75 mana
1060: 33.9 dps, 4000 hp, 208.75 mana
1061: 33.9 dps, 4000 hp, 208.75 mana
1062: 33.8 dps, 4000 hp, 243.75 mana
1063: 33.8 dps, 4000 hp, 243.75 mana
1064: 33.8 dps, 4000 hp, 243.75 mana
1065: 33.7 dps, 4000 hp, 243.75 mana
1066: 33.7 dps, 4000 hp, 243.75 mana
1067: 33.7 dps, 4000 hp, 243.75 mana
1068: 33.6 dps, 4000 hp, 278.75 mana
1069: 33.6 dps, 4000 hp, 278.75 mana
1070: 33.6 dps, 4000 hp, 278.75 mana
1071: 33.5 dps, 4000 hp, 278.75 mana
1072: 33.5 dps, 4000 hp, 278.75 mana
1073: 33.5 dps, 4000 hp, 278.75 mana
1074: 33.5 dps, 4000 hp, 313.75 mana
1075: 33.4 dps, 4000 hp, 313.75 mana
1076: 33.4 dps, 4000 hp, 313.75 mana
1077: 33.4 dps, 4000 hp, 313.75 mana
1078: 33.3 dps, 4000 hp, 313.75 mana
1079: 33.3 dps, 4000 hp, 313.75 mana
1080: startcast judgement
1080: 33.3 dps, 4000 hp, 348.75 mana
1081: 33.2 dps, 4000 hp, 348.75 mana
1082: 33.2 dps, 4000 hp, 348.75 mana
1083: 33.2 dps, 4000 hp, 348.75 mana
1084: 33.1 dps, 4000 hp, 348.75 mana
1085: 33.1 dps, 4000 hp, 348.75 mana
1086: judgement tick
1086: finished casting judgement
1086: 34.1 dps, 4000 hp, 87.5 mana
1087: 34.1 dps, 4000 hp, 87.5 mana
1088: 34.0 dps, 4000 hp, 87.5 mana
1089: 34.0 dps, 4000 hp, 87.5 mana
1090: 34.0 dps, 4000 hp, 87.5 mana
1091: 33.9 dps, 4000 hp, 87.5 mana
1092: 33.9 dps, 4000 hp, 122.5 mana
1093: 33.9 dps, 4000 hp, 122.5 mana
1094: 33.8 dps, 4000 hp, 122.5 mana
1095: 33.8 dps, 4000 hp, 122.5 mana
1096: 33.8 dps, 4000 hp, 122.5 mana
1097: 33.7 dps, 4000 hp, 122.5 mana
1098: 33.7 dps, 4000 hp, 157.5 mana
1099: 33.7 dps, 4000 hp, 157.5 mana
1100: 33.7 dps, 4000 hp, 157.5 mana
1101: 33.6 dps, 4000 hp, 157.5 mana
1102: 33.6 dps, 4000 hp, 157.5 mana
1103: 33.6 dps, 4000 hp, 157.5 mana
1104: 33.5 dps, 4000 hp, 192.5 mana
1105: 33.5 dps, 4000 hp, 192.5 mana
1106: 33.5 dps, 4000 hp, 192.5 mana
1107: 33.4 dps, 4000 hp, 192.5 mana
1108: 33.4 dps, 4000 hp, 192.5 mana
1109: 33.4 dps, 4000 hp, 192.5 mana
1110: 33.3 dps, 4000 hp, 227.5 mana
1111: 33.3 dps, 4000 hp, 227.5 mana
1112: 33.3 dps, 4000 hp, 227.5 mana
1113: 33.3 dps, 4000 hp, 227.5 mana
1114: 33.2 dps, 4000 hp, 227.5 mana
1115: 33.2 dps, 4000 hp, 227.5 mana
1116: 33.2 dps, 4000 hp, 262.5 mana
1117: 33.1 dps, 4000 hp, 262.5 mana
1118: 33.1 dps, 4000 hp, 262.5 mana
1119: 33.1 dps, 4000 hp, 262.5 mana
1120: 33.1 dps, 4000 hp, 262.5 mana
1121: 33.0 dps, 4000 hp, 262.5 mana
1122: 33.0 dps, 4000 hp, 297.5 mana
1123: 33.0 dps, 4000 hp, 297.5 mana
1124: 32.9 dps, 4000 hp, 297.5 mana
1125: 32.9 dps, 4000 hp, 297.5 mana
1126: 32.9 dps, 4000 hp, 297.5 mana
1127: 32.8 dps, 4000 hp, 297.5 mana
1128: startcast judgement
1128: 32.8 dps, 4000 hp, 332.5 mana
1129: 32.8 dps, 4000 hp, 332.5 mana
1130: 32.8 dps, 4000 hp, 332.5 mana
1131: 32.7 dps, 4000 hp, 332.5 mana
1132: 32.7 dps, 4000 hp, 332.5 mana
1133: 32.7 dps, 4000 hp, 332.5 mana
1134: judgement tick
1134: finished casting judgement
1134: 33.6 dps, 4000 hp, 71.25 mana
1135: 33.6 dps, 4000 hp, 71.25 mana
1136: 33.5 dps, 4000 hp, 71.25 mana
1137: 33.5 dps, 4000 hp, 71.25 mana
1138: 33.5 dps, 4000 hp, 71.25 mana
1139: 33.5 dps, 4000 hp, 71.25 mana
1140: 33.4 dps, 4000 hp, 106.25 mana
1141: 33.4 dps, 4000 hp, 106.25 mana
1142: 33.4 dps, 4000 hp, 106.25 mana
1143: 33.3 dps, 4000 hp, 106.25 mana
1144: 33.3 dps, 4000 hp, 106.25 mana
1145: 33.3 dps, 4000 hp, 106.25 mana
1146: 33.3 dps, 4000 hp, 141.25 mana
1147: 33.2 dps, 4000 hp, 141.25 mana
1148: 33.2 dps, 4000 hp, 141.25 mana
1149: 33.2 dps, 4000 hp, 141.25 mana
1150: 33.1 dps, 4000 hp, 141.25 mana
1151: 33.1 dps, 4000 hp, 141.25 mana
1152: 33.1 dps, 4000 hp, 176.25 mana
1153: 33.0 dps, 4000 hp, 176.25 mana
1154: 33.0 dps, 4000 hp, 176.25 mana
1155: 33.0 dps, 4000 hp, 176.25 mana
1156: 33.0 dps, 4000 hp, 176.25 mana
1157: 32.9 dps, 4000 hp, 176.25 mana
1158: 32.9 dps, 4000 hp, 211.25 mana
1159: 32.9 dps, 4000 hp, 211.25 mana
1160: 32.8 dps, 4000 hp, 211.25 mana
1161: 32.8 dps, 4000 hp, 211.25 mana
1162: 32.8 dps, 4000 hp, 211.25 mana
1163: 32.8 dps, 4000 hp, 211.25 mana
1164: 32.7 dps, 4000 hp, 246.25 mana
1165: 32.7 dps, 4000 hp, 246.25 mana
1166: 32.7 dps, 4000 hp, 246.25 mana
1167: 32.7 dps, 4000 hp, 246.25 mana
1168: 32.6 dps, 4000 hp, 246.25 mana
1169: 32.6 dps, 4000 hp, 246.25 mana
1170: 32.6 dps, 4000 hp, 281.25 mana
1171: 32.5 dps, 4000 hp, 281.25 mana
1172: 32.5 dps, 4000 hp, 281.25 mana
1173: 32.5 dps, 4000 hp, 281.25 mana
1174: 32.5 dps, 4000 hp, 281.25 mana
1175: 32.4 dps, 4000 hp, 281.25 mana
1176: 32.4 dps, 4000 hp, 316.25 mana
1177: 32.4 dps, 4000 hp, 316.25 mana
1178: 32.3 dps, 4000 hp, 316.25 mana
1179: 32.3 dps, 4000 hp, 316.25 mana
1180: 32.3 dps, 4000 hp, 316.25 mana
1181: 32.3 dps, 4000 hp, 316.25 mana
1182: startcast judgement
1182: 32.2 dps, 4000 hp, 351.25 mana
1183: 32.2 dps, 4000 hp, 351.25 mana
1184: 32.2 dps, 4000 hp, 351.25 mana
1185: 32.2 dps, 4000 hp, 351.25 mana
1186: 32.1 dps, 4000 hp, 351.25 mana
1187: 32.1 dps, 4000 hp, 351.25 mana
1188: judgement tick
1188: finished casting judgement
1188: 33.0 dps, 4000 hp, 90 mana
1189: 33.0 dps, 4000 hp, 90 mana
1190: 32.9 dps, 4000 hp, 90 mana
1191: 32.9 dps, 4000 hp, 90 mana
1192: 32.9 dps, 4000 hp, 90 mana
1193: 32.9 dps, 4000 hp, 90 mana
1194: 32.8 dps, 4000 hp, 125 mana
1195: 32.8 dps, 4000 hp, 125 mana
1196: 32.8 dps, 4000 hp, 125 mana
1197: 32.7 dps, 4000 hp, 125 mana
1198: 32.7 dps, 4000 hp, 125 mana
1199: 32.7 dps, 4000 hp, 125 mana
1200: 32.7 dps, 4000 hp, 160 mana
