953070590::Drudge Ravener <a href="http://www.gameznet.com/ac/bestiary/drudgeravenr.htm">[More]</a>::Drudge::57::190::220::200::200::150::150::160::440::150::Any::Any::Fire/Cold::Casts level IV creature/war/life magics::Mt. Lethe, Direlands::admin
953070712::Bronze Amoredillo <a href="http://www.gameznet.com/ac/bestiary/bronzearmoredillo.html">[More]</a>::Amoredillo::17::120::140::90::60::60::50::100::280::50::Low::Piercing::Lightning::::::admin
953070978::Brown Amoredillo <a href="http://www.gameznet.com/ac/bestiary/brownarmoredillo.html">[More]</a>::Amoredillo::6::80::80::40::55::20::10::60::230::10::Low::Piercing::Lightning::::::admin
953071042::Freshwater Amoredillo::Amoredillo::17::130::130::75::70::70::70::105::280::70::Low::Piercing::Lightning::::::admin
953071295::Sandy Amoredillo <a href="http://www.gameznet.com/ac/bestiary/sandyarmoredillo.htm">[More]</a>::Amoredillo::15::120::150::60::60::60::40::115::300::40::Low::Piercing::Lightning::::::admin
953071344::Shore Amoredillo <a href="http://www.gameznet.com/ac/bestiary/shore_armoredillo.html">[More]</a>::Amoredillo::21::145::160::90::80::70::70::120::310::70::Low::Piercing::Lightning::::::admin
953071402::Spiky Amoredillo::Amoredillo::12::100::120::80::55::55::45::80::270::55::Low::Piercing::Lightning::::Reedshark Lair::admin
953071439::Spiney Amoredillo <a href="http://www.gameznet.com/ac/bestiary/spinyarmoredillo.html">[More]</a>::Amoredillo::5::60::70::40::45::20::10::45::220::10::Low::Piercing::Lightning::::::admin
953071501::Stony Amoredillo::Amoredillo::10::100::140::55::50::55::35::100::290::55::Low::Piercing::Lightning::::::admin
953083826::Auroch Bull <a href="http://www.gameznet.com/ac/bestiary/aurochbull.html">[More]</a>::Auroch::10::135::130::50::50::50::50::85::330::30::Any::Slashing::Lightning::::::admin
953083878::Auroch Cow <a href="http://www.gameznet.com/ac/bestiary/aurochcow.html">[More]</a>::Auroch::10::120::120::60::50::50::30::80::320::30::Any::Slashing::Lightning::::::admin
953084026::Auroch Fire Bull <a href="http://www.gameznet.com/ac/bestiary/auroch_fire_bull.html">[More]</a>::Auroch::14::150::140::60::60::60::70::100::480::70::Any::Slashing::Lightning::::::admin
953084103::Auroch Fire Cow <a href="http://www.gameznet.com/ac/bestiary/auroch_fire_cow.html">[More]</a>::Auroch::13::130::130::70::60::60::70::95::460::70::Any::Slashing::Lightning::::::admin
953084139::Auroch Fire Yearling::Auroch::9::90::100::60::50::60::50::70::300::60::Any::Slashing::Lightning::::::admin
953084174::Auroch Yearling <a href="http://www.gameznet.com/ac/bestiary/aurochyearling.html">[More]</a>::Auroch::6::80::90::50::40::40::20::55::290::20::Any::Slashing::Lightning::::::admin
953086722::Banderling Bandit <a href="http://www.gameznet.com/ac/bestiary/banderlingbandit.htm">[More]</a>::Banderling::11::95::85::100::95::30::30::83::235::30::Any::Slashing::Lightning::::::admin
953086778::Banderling Breeder <a href="http://www.gameznet.com/ac/bestiary/banderling_breeder.html">[More]</a>::Banderling::12::100::130::70::90::40::40::105::280::40::Any::Slashing::Lightning::::Small Ruin (Lin), Smuggler's Hideaway, Thieve's Galleries::admin
953086823::Banderling Captain <a href="http://www.gameznet.com/ac/bestiary/banderlincaptain.htm">[More]</a>::Banderling::14::100::90::100::100::40::45::90::240::45::Any::Slashing::Lightning::Limited Casting Ability::A Cave (Cragstone), Small Ruin (Lin), Smuggler's Hideaway::admin
953086859::Banderling Chief <a href="http://www.gameznet.com/ac/bestiary/banderlingchief.html">[More]</a>::Banderling::16::130::120::100::100::50::50::130::320::50::Any::Slashing::Lightning::Limited Casting Ability::::admin
953086897::Banderling Guard <a href="http://www.gameznet.com/ac/bestiary/banderlingguard.html">[More]</a>::Banderling::11::100::120::50::50::30::30::100::270::30::Any::Slashing::Lightning::::Dampo Caverns, Small Ruin (Lin), Mountain Keep, Smuggler's Hideaway, Thieve's Galleries::admin
953086936::Banderling Raider <a href="http://www.gameznet.com/ac/bestiary/banderlingraider.html">[More]</a>::Banderling::11::95::85::100::95::30::30::83::235::30::Any::Slashing::Lightning::::A Cave (Cragstone), Thieve's Galleries::admin
953087027::Banderling Raver <a href="http://www.gameznet.com/ac/bestiary/banderlingraver.html">[More]</a>::Banderling::12::110::110::85::110::20::20::105::260::20::Any::Slashing::Lightning::::Dampo Caverns, Small Ruin (Lin), Bandit Castle Prison, Smuggler's Hideaway::admin
953087053::Banderling Scout::Banderling::9::80::80::90::90::30::30::50::230::30::Any::Slashing::Lightning::::Dampo Caverns, A Cave (Cragstone), Small Ruin (Lin), Bandit Castle Prison, Mountain Keep, Thieve's Galleries::admin
953087085::Young Banderling <a href="http://www.gameznet.com/ac/bestiary/youngbanderling.html">[More]</a>::Banderling::5::50::50::50::50::25::20::30::150::20::Any::Slashing::Lightning::::Dampo Caverns, A Cave (Cragstone), Small Ruin (Lin), Smuggler's Hideaway, Thieve's Galleries::admin
953087138::Cow::Cow::2::20::20::20::20::20::20::20::30::20::Any::Slashing::Fire::::::admin
953087207::Drudge Lurker <a href="http://www.gameznet.com/ac/bestiary/drudgelurker.htm">[More</a>::Drudge::39::180::200::180::180::100::100::150::400::100::Any::Any::Fire::Casts level IV War Spells::Mt. Lethe, Direlands::admin
953087260::Drudge Prowler <a href="http://www.gameznet.com/ac/bestiary/drudgeprowler.html">[More]</a>::Drudge::4::30::40::60::45::30::20::45::90::20::Any::Slashing::Fire::::Eastham Sewers, Drudge Hideout, Holtburg Redoubt, Lythaway, Rithwic Crypt, Ruined Cave Outpost, Sea Temple Catacombs, Yaraq Tunnels::admin
953087320::Drudge Robber <a href="http://www.gameznet.com/ac/bestiary/drudgerobber.htm">[More]</a>::Drudge::4::50::40::60::45::25::15::40::30::15::Any::Slashing::Fire::::Drudge Hideout::admin
953087428::Drudge Skulker <a href="http://www.gameznet.com/ac/bestiary/drudgeskulker.html">[More]</a>::Drudge::2::20::30::25::30::25::15::20::80::15::Any::Slashing::Fire::::Eastham Sewers, Drudge Hideout, Holtburg Dungeon, Holtburg Redoubt, Lythaway, Old Warehouse, Rithwic Crypt, Ruined Cave Outpost, Sea Temple Catacombs, Yaraq Tunnels::admin
953087466::Drudge Slave <a href="http://www.gameznet.com/ac/bestiary/drudge_slave.html">[More]</a>::Drudge::8::45::60::110::60::50::30::60::120::60::Any::Slashing::Fire::::::admin
953087505::Drudge Slinker <a href="http://www.gameznet.com/ac/bestiary/drudgeslinker.html">[More]</a>::Drudge::4::20::30::50::55::25::15::25::80::15::Any::Slashing::Fire::::Eastham Sewers, Drudge Hideout, Holtburg Redoubt, Old Warehouse, Rithwic Crypt, Ruined Cave Outpost, Sea Temple Catacombs, Yaraq Tunnels::admin
953087553::Drudge Sneaker <a href="http://www.gameznet.com/ac/bestiary/drudgesneaker.html">[More]</a>::Drudge::4::30::35::50::35::30::15::33::85::15::Any::Slashing::Fire::::Eastham Sewers, Drudge Hideout, Holtburg Redoubt, Lythaway, Old Warehouse, Rithwic Crypt, Ruined Cave Outpost, Sea Temple Catacombs, Yaraq Tunnels::admin
953087636::Drudge Stalker <a href="http://www.gameznet.com/ac/bestiary/drudgestalker.html">[More]</a>::Drudge::51::220::220::180::230::90::90::160::440::90::Any::Any::Fire::Casts Level III/IV Spells::Mt. Lethe, Direlands::admin
953087745::Copper Golem <a href="http://www.gameznet.com/ac/bestiary/copper_golem.html">[More]</a>::Golem::28::110::150::50::30::100::95::125::300::295::Medium::Bludgeoning::Acid::Casts Level IV War/Creature Magic::::admin
953087793::Granite Golem <a href="http://www.gameznet.com/ac/bestiary/granite_golem.html">[More]</a>::Golem::33::100::200::60::40::61::60::240::300::210::Medium::Bludgeoning::Acid::Casts Level IV War/Creature Magic::Golem Burial Ground, Rocky Crypt::admin
953087896::Ice Golem <a href="http://www.gameznet.com/ac/bestiary/icegolem.html">[More]</a>::Golem::16::75::80::30::30::50::50::90::180::150::Medium::Bludgeoning::Fire::Casts Level II/III War/Creature Magic::::admin
953087957::Iron Golem <a href="http://www.gameznet.com/ac/bestiary/irongolem.html">[More]</a>::Golem::44::150::200::80::40::120::110::150::350::310::Medium::Bludgeoning::Acid::Casts Level V Spells::::admin
953088041::Limestone Golem <a href="http://www.gameznet.com/ac/bestiary/limestonegolem.htm">[More]</a>::Golem::15::70::100::20::25::40::70::80::200::220::Medium::Bludgeoning::Acid::Casts Level II Spells::Folthid Cellar, Dungeon Muddy, Golem Burial Ground::admin
953088152::Magma Golem <a href="http://www.gameznet.com/ac/bestiary/magma_golem.html">[More]</a>::Golem::103::250::300::150::150::150::150::200::240::350::Medium::Bludgeoning::Cold::Casts Level V Spells::Mt. Lethe::admin
953088221::Mud Golem <a href="http://www.gameznet.com/ac/bestiary/mudgolem.html">[More]</a>::Golem::10::50::40::120::120::50::50::40::140::150::Medium::Bludgeoning::Fire::Casts Level I/II Spells::Dungeon Muddy::admin
953088287::Obsidian Golem <a href="http://www.gameznet.com/ac/bestiary/obsidian_golem.html">[More]</a>::Golem::65::200::300::100::50::125::125::200::450::325::Medium::Bludgeoning::Acid::Casts Level V Spells::Mt. Lethe::admin
953088418::Sandstone Golem <a href="http://www.gameznet.com/ac/bestiary/sandstonegolem.html">[More]</a>::Golem::17::90::150::40::30::50::50::115::250::200::Medium::Bludgeoning::Acid::Casts Level III Spells::Dungeon Muddy, Golem Burial Ground, Rocky Crypt::admin
953088481::Water Golem <a href="http://www.gameznet.com/ac/bestiary/watergolem.html">[More]</a>::Golem::11::60::100::80::80::50::50::70::200::150::Medium::Piercing::Lightning::Casts Level I/II Spells::::admin
953088574::Wood Golem <a href="http://www.gameznet.com/ac/bestiary/wood_golem.html">[More]</a>::Golem::13::80::120::70::70::95::95::80::220::195::Medium::Bludgeoning::Fire::Casts Level I/II Spells::Folthid Cellar::admin
953088958::Ash Gromnie <a href="http://www.gameznet.com/ac/bestiary/ashgromnie.html">[More]</a>::Gromnie::18::100::100::140::140::70::50::50::90::100::Low::Any::Any::Very fast. Mages/archers beware::::admin
953089105::Azure Gromnie <a href="http://www.gameznet.com/ac/bestiary/azuregromnie.html">[More]</a>::Gromnie::8::85::85::40::70::60::50::48::85::50::Low::Any::Any::::Trothyr's Rest, Seaside Lair::admin
953089181::Ivory Gromnie <a href="http://www.gameznet.com/ac/bestiary/ivorygromnie.html">[More]</a>::Gromnie::8::75::90::90::50::20::30::60::90::30::Low::Any::Lightning::::::admin
953089234::Jade Gromnie <a href="http://www.gameznet.com/ac/bestiary/jade_gromnie.html">[More]</a>::Gromnie::10::75::75::110::100::30::20::68::75::20::Low::Any::Cold::::::admin
953089319::Rust Gromnie <a href="http://www.gameznet.com/ac/bestiary/rustgromnie.html">[More]</a>::Gromnie::6::75::80::40::70::20::10::45::80::10::Low::Any::Lightning::::Nevius Passage::admin
953089361::Swamp Gromnie <a href="http://www.gameznet.com/ac/bestiary/swampgromnie.html">[More]</a>::Gromnie::14::90::90::110::80::90::90::80::90::90::Low::Piercing::Cold::::::admin
953089565::K'nath D'nob <a href="http://gameznet.com/ac/bestiary/knathdnob.htm">[More]</a>::K'nath::11::60::130::130::25::75::75::65::130::75::Any::Any::Any::::::admin
953089803::K'nath T'aed <a href="http://gameznet.com/ac/bestiary/knathtaed.htm">[More]</a>::K'nath::15::70::180::150::20::90::90::90::180::90::Any::Any::Any::::::admin
953089838::K'nath Z'bog <a href="http://gameznet.com/ac/bestiary/knathzbog.htm">[More]</a>::K'nath::6::35::100::80::40::30::30::50::150::30::Any::Any::Any::::::admin
953089908::Amploth Lugian <a href="http://gameznet.com/ac/bestiary/amplothlugian.html">[More]</a>::Lugian::19::200::150::60::70::40::50::125::300::50::Any::Any::Lightning::::::admin
953089960::Gigas Lugian <a href="http://gameznet.com/ac/bestiary/gigaslugian.html">[More]</a>::Lugian::40::250::200::115::100::90::120::200::350::120::Any::Any::Lightning::::::admin
953089997::Laigus Lugian <a href="http://gameznet.com/ac/bestiary/laiguslugian.html">[More]</a>::Lugian::15::150::150::50::50::40::50::105::300::50::Any::Any::Lightning::::::admin
953090033::Lithos Lugian <a href="http://gameznet.com/ac/bestiary/lithoslugian.html">[More]</a>::Lugian::33::250::180::90::85::60::90::160::330::90::Any::Any::Lightning::::Bandit Castle Prison::admin
953090067::Obeloth Lugian <a href="http://gameznet.com/ac/bestiary/obelothlugian.html">[More]</a>::Lugian::30::225::200::80::75::55::85::150::350::85::Any::Any::Lightning::::::admin
953090172::Great Mattekar <a href="http://gameznet.com/ac/bestiary/great_mattekar.html">[More]</a>::Mattekar::18::115::125::125::135::60::80::73::325::80::Any::Piercing, Bludgeoning::Fire::::::admin
953090233::Hoary Mattekar <a href="http://gameznet.com/ac/bestiary/hoarymattekar.htm">[More]</a>::Mattekar::99::250::260::195::190::140::180::340::460::180::Any::Piercing, Bludgeoning::Fire::::::admin
953090310::Snowy Mattekar <a href="http://gameznet.com/ac/bestiary/snowymattekar.html">[More]</a>::Mattekar::15::110::115::120::110::50::60::68::315::60::Any::Piercing, Bludgeoning::Fire::::::admin
953090363::White Mattekar <a href="http://gameznet.com/ac/bestiary/whitemattekar.html">[More]</a>::Mattekar::12::100::110::100::80::30::50::65::310::50::Any::Piercing, Bludgeoning::Fire::::::admin
953090442::Mite Digger <a href="http://gameznet.com/ac/bestiary/mitesnippet.html">[More]</a>::Mite::8::50::80::70::70::50::40::60::230::40::Any::Piercing, Bludgeoning::Acid::::Mite Maze, North Glenden Prison::admin
953090500::Mite Matron::Mite::18::90::100::120::120::90::80::100::250::340::Any::Piercing, Bludgeoning::Acid::Casts Level III Spells::Mite Maze::admin
953090532::Mite Scamp::Mite::8::40::70::80::80::60::40::45::220::40::Any::Piercing, Bludgeoning::Acid::::Mite Maze, North Glenden Prison::admin
953090568::Mite Scion <a href="http://gameznet.com/ac/bestiary/mitescion.html">[More]</a>::Mite::5::40::40::60::60::40::20::25::140::20::Any::Piercing, Bludgeoning::Acid::::Mite Maze, Bandit Castle Prison, North Glenden Prison::admin
953090604::Mite Sentry <a href="http://gameznet.com/ac/bestiary/mitesentry.html">[More]</a>::Mite::12::85::100::90::90::50::50::80::250::50::Any::Piercing, Bludgeoning::Acid::::Mite Maze, North Glenden Prison::admin
953090664::Mite Snippet <a href="http://gameznet.com/ac/bestiary/mitesnippet.html">[More]</a>::Mite::12::20::40::35::40::40::20::20::140::20::Any::Piercing, Bludgeoning::Acid::::Mite Maze, North Glenden Prison::admin
953090697::Mite Squib <a href="http://gameznet.com/ac/bestiary/mitesquib.html">[More]</a>::Mite::12::80::90::100::100::60::50::75::240::50::Any::Piercing, Bludgeoning::Acid::::Mite Maze, North Glenden Prison::admin
953091142::Crude Monogua <a href="http://gameznet.com/ac/bestiary/crude_monogua.html">[More]</a>::Monogua::16::120::150::90::90::80::60::125::300::60::Any::Piercing::Cold::::::admin
953091175::Outcast Monogua <a href="http://gameznet.com/ac/bestiary/outcastmonogua.html">[More]</a>::Monogua::4::40::60::30::25::30::40::40::210::40::Any::Piercing::Cold::::::admin
953091229::Rough Monogua <a href="http://gameznet.com/ac/bestiary/roughmonogua.html">[More]</a>::Monogua::14::120::130::50::75::80::80::115::280::80::Any::Piercing::Cold::::::admin
953091278::Tremendous Monogua::Monogua::125::276::500::80::32::37::43::5250::600::43::Any::Piercing::Cold::::::admin
953091310::Wild Monogua <a href="http://gameznet.com/ac/bestiary/wild_monogua.html">[More]</a>::Monogua::21::170::160::100::100::90::90::130::310::90::Any::Piercing::Cold::::::admin
953091377::Greater Mu-Miyah <a href="http://gameznet.com/ac/bestiary/greatermumiyah.html">[More]</a>::Undead::16::145::80::80::80::75::75::80::280::75::Any::Slashing::Fire::::Mountain Keep::admin
953091415::Horrible Mu-Miyah::Undead::43::220::210::120::120::180::190::165::410::110::Any::Slashing::Fire::::::admin
953091450::Lesser Mu-Miyah <a href="http://gameznet.com/ac/bestiary/lessermumiyah.html">[More]</a>::Undead::10::100::90::60::60::55::55::65::290::55::Any::Slashing::Fire::::Grievous Vault::admin
953091549::Olthoi Noble <a href="http://gameznet.com/ac/bestiary/olthoinoble.htm">[More]</a>::Olthoi::126::300::400::230::150::250::150::300::550::150::Any::Bludgeoning::Fire::::::admin
953091592::Olthoi Nymph <a href="http://gameznet.com/ac/bestiary/olthoinymph.htm">[More]</a>::Olthoi::21::150::180::90::110::80::30::115::280::30::Any::Bludgeoning::Fire::::::admin
953091638::Olthoi Queen::Olthoi::126::300::415::315::220::300::300::308::565::30::Any::Bludgeoning::Fire::::::admin
953091669::Olthoi Soldier <a href="http://gameznet.com/ac/bestiary/olthoisoldier.htm">[More]</a>::Olthoi::65::300::300::130::130::100::50::200::450::50::Any::Bludgeoning::Fire::::::admin
953091705::Olthoi Worker <a href="http://gameznet.com/ac/bestiary/olthoiworker.htm">[More]</a>::Olthoi::60::250::330::110::120::100::30::215::480::30::Any::Bludgeoning::Fire::::::admin
953091761::Blue Phyntos Wasp <a href="http://gameznet.com/ac/bestiary/bluepynthoswasp.html">[More]</a>::Phyntos Wasp::5::25::50::80::80::30::10::30::150::10::Any::Bludgeoning::Cold::::Dungeon Muddy, ::admin
953091817::Gold Phyntos Wasp <a href="http://gameznet.com/ac/bestiary/gold_phyntos_wasp.html">[More]</a>::Phyntos Wasp::30::135::70::177::150::50::70::155::220::120::Any::Bludgeoning::Cold::Casts Level IV Spells::Direlands, Bandit Castle Prison, Mountain Keep::admin
953091905::Green Phyntos Wasp <a href="http://gameznet.com/ac/bestiary/greenphyntoswasp.html">[More]</a>::Phyntos Wasp::4::20::40::60::55::20::5::25::140::5::Any::Bludgeoning::Cold::::::admin
953091943::Mire Phyntos Wasp <a href="http://gameznet.com/ac/bestiary/mirephyntoswasp.html">[More]</a>::Phyntos Wasp::6::25::50::90::80::40::20::30::200::20::Any::Bludgeoning::Cold::::Dungeon Muddy, ::admin
953091985::Red Phyntos Wasp <a href="http://gameznet.com/ac/bestiary/mirephyntoswasp.html">[More]</a>::Phyntos Wasp::3::15::30::50::40::10::55::20::130::5::Any::Bludgeoning::Fire::::Reedshark Lair, Rithwic Crypt::admin
953092028::Black Rabbit <a href="http://gameznet.com/ac/bestiary/blackrabbit.html">[More]</a>::Rabbit::1::5::5::5::5::5::5::3::5::5::Low::Any::Any::::::admin
953092056::Brown Rabbit  <a href="http://gameznet.com/ac/bestiary/brownrabbit.html">[More]</a>::Rabbit::1::10::10::10::10::10::10::5::10::10::Low::Any::Any::::::admin
953092065::Desert Rabbit <a href="http://gameznet.com/ac/bestiary/desertrabbit.html">[More]</a>::Rabbit::1::10::10::10::10::10::10::5::10::10::Low::Any::Any::::::admin
953092111::White Rabbit <a href="http://gameznet.com/ac/bestiary/whiterabbit.htm">[More]</a>::Rabbit::136::300::300::300::300::300::300::250::300::300::Low::Any::Any::::::admin
953093058::Black Rat <a href="http://gameznet.com/ac/bestiary/blackrat.html">[More]</a>::Rat::9::30::50::100::120::70::60::30::150::60::Low::Piercing, Bludgeoning::Fire::::Hebian-To Sewers::admin
953093092::Brown Rat::Rat::5::25::30::70::70::40::20::20::130::20::Low::Piercing, Bludgeoning::Fire::::::admin
953093155::Desert Rat <a href="http://gameznet.com/ac/bestiary/desertrat.html">[More]</a>::Rat::13::50::120::90::80::100::100::80::240::100::Low::Any::Acid::Dangerous Elemental Attacks::Thasali::admin
953093205::Giant White Rat <a href="http://gameznet.com/ac/bestiary/giant_white_rat.html">[More]</a>::Rat::2::25::20::25::30::10::10::35::145::25::Low::Any::Any::::Bandit Castle Prison::admin
953093252::Grey Rat <a href="http://gameznet.com/ac/bestiary/greyrat.html">[More]</a>::Rat::3::20::20::50::50::30::15::15::120::15::Low::Piercing, Bludgeoning::Fire::::Dungeon of Shadows, Lakeside Lair::admin
953093302::Mountain Rat <a href="http://gameznet.com/ac/bestiary/mountainrat.html">[More]</a>::Rat::12::70::100::100::120::70::50::80::200::50::Low::Piercing, Bludgeoning::Lightning::::Nevius Passage::admin
953093358::Red Rat <a href="http://gameznet.com/ac/bestiary/redrat.html">[More]</a>::Rat::9::50::100::90::90::50::30::55::200::30::Low::Piercing, Bludgeoning::Fire::::Thasali::admin
953093385::Russet Rat <a href="http://gameznet.com/ac/bestiary/russetrat.html">[More]</a>::Rat::2::15::15::20::20::10::15::15::115::15::Low::Piercing, Bludgeoning::Fire::::::admin
953093459::Silver Rat <a href="http://gameznet.com/ac/bestiary/silverrat.htm">[More]</a>::Rat::26::100::120::250::190::100::100::90::240::100::Low::Piercing, Bludgeoning::Fire::Very fast. Deadly acid attacks.::Direlands::admin
953093492::Swamp Rat <a href="http://gameznet.com/ac/bestiary/swamprat.html">[More]</a>::Rat::12::70::120::80::100::70::50::80::240::50::Low::Piercing, Bludgeoning::Fire::::::admin
953093525::Tan Rat <a href="http://gameznet.com/ac/bestiary/tanrat.html">[More]</a>::Rat::2::15::15::20::20::10::15::15::115::15::Low::Piercing, Bludgeoning::Fire::::::admin
953093551::White Rat <a href="http://gameznet.com/ac/bestiary/whiterat.html">[More]</a>::Rat::1::10::10::20::20::10::10::10::115::10::Low::Piercing, Bludgeoning::Fire::::Holtburg Dungeon, Rithwic Crypt, White Rat Lair, White Rat Nest::admin
953093622::Adult Reedshark <a href="http://gameznet.com/ac/bestiary/adultreedshark.html">[More]</a>::Reedshark::10::75::100::75::80::50::35::60::300::35::Low::Bludgeoning::Acid::::Nevius Passage, Reedshark Lair::admin
953093652::Reedshark Elder <a href="http://gameznet.com/ac/bestiary/reedshark_elder.html">[More]</a>::Reedshark::12::85::100::85::100::55::50::60::300::50::Low::Bludgeoning::Acid::::Nevius Passage::admin
953093687::Reedshark Pup <a href="http://gameznet.com/ac/bestiary/reedsharkpup.html">[More]</a>::Reedshark::5::50::70::55::50::35::20::40::270::20::Low::Bludgeoning::Acid::::Nevius Passage, Reedshark Lair::admin
953093719::Veteran Reedshark <a href="http://gameznet.com/ac/bestiary/veteranreedshark.html">[More]</a>::Reedshark::12::85::100::85::100::55::50::60::300::50::Low::Bludgeoning::Acid::::Nevius Passage, Reedshark Lair::admin
953093809::Aste Sclavus <a href="http://gameznet.com/ac/bestiary/asteclavus.htm">[More]</a>::Sclavus::16::120::95::125::115::70::90::88::245::195::Any::Slashing::Cold::::::admin
953093842::Essa Sclavus <a href="http://gameznet.com/ac/bestiary/essasclavus.htm">[More]</a>::Sclavus::22::130::100::145::150::100::100::100::300::250::Any::Slashing::Cold::::::admin
953093877::Sata Sclavus <a href="http://gameznet.com/ac/bestiary/satasclavus.htm">[More]</a>::Sclavus::40::150::130::180::205::140::140::145::330::290::Any::Slashing::Cold::::::admin
953093920::Se Sclavus <a href="http://gameznet.com/ac/bestiary/sesclavus.htm">[More]</a>::Sclavus::14::110::90::115::125::60::60::85::240::160::Any::Slashing::Cold::::::admin
953093990::Shadow Child <a href="http://gameznet.com/ac/bestiary/shadowchild.html">[More]</a>::Shadow::12::80::100::70::110::50::10::100::250::210::Any::Slashing::Fire::::::admin
953094053::Shadow Lieutenant <a href="http://gameznet.com/ac/bestiary/shadowlt.html">[More]</a>::Shadow::61::170::200::190::210::160::200::190::450::600::Any::Slashing::Fire::Deadly Casters, resists magic::::admin
953094099::Shadow <a href="http://gameznet.com/ac/bestiary/shadow.html">[More]</a>::Shadow::30::110::135::150::170::130::60::138::335::360::Any::Slashing::Fire::Casts Level IV Spells::::admin
953094156::Shallows Lurker <a href="http://gameznet.com/ac/bestiary/shallowslurker.html">[More]</a>::Shallow::11::75::110::80::90::50::50::65::310::40::Any::Piercing::Fire::::::admin
953094188::Shallows Shark <a href="http://gameznet.com/ac/bestiary/shallowsshark.html">[More]</a>::Shallow::8::60::80::70::60::40::30::50::280::30::Any::Piercing::Fire::::::admin
953094251::Shallows Slayer <a href="http://gameznet.com/ac/bestiary/shallows_slayer.html">[More]</a>::Shallow::16::85::120::90::100::80::100::70::320::100::Any::Piercing::Fire::::::admin
953094301::Blood Shreth <a href="http://gameznet.com/ac/bestiary/bloodshreth.html">[More]</a>::Shreth::7::65::55::70::80::40::40::38::205::40::Any::Bludgeoning::Cold::::::admin
953094342::Carrion Shreth <a href="http://gameznet.com/ac/bestiary/carrionshreth.html">[More]</a>::Shreth::4::45::40::45::50::30::30::25::140::30::Any::Bludgeoning::Cold::::Eastham Sewers, Yaraq Tunnels::admin
953094384::Gnawer Shreth <a href="http://gameznet.com/ac/bestiary/gnawershreth.html">[More]</a>::Shreth::3::30::30::35::35::15::15::15::100::15::Any::Bludgeoning::Cold::::Eastham Sewers, Rithwic Crypt, Ruined Cave Outpost, Yaraq Tunnels::admin
953094420::Hunter Shreth <a href="http://gameznet.com/ac/bestiary/huntershreth.html">[More]</a>::Shreth::10::80::60::90::95::70::60::50::260::60::Any::Bludgeoning::Cold::::Dungeon of Shadows, Nevius Passage::admin
953094463::Vorous Shreth <a href="http://gameznet.com/ac/bestiary/voroushreth.html">[More]</a>::Shreth::14::130::90::100::110::80::65::65::340::65::Any::Bludgeoning::Cold::::::admin
953094527::Skeleton Captain::Skeleton::18::90::100::125::135::90::90::100::250::90::Any::Bludgeoning::Fire::Casts Level II/III Spells::Thasali::admin
953094578::Charred Miner <a href="http://gameznet.com/ac/bestiary/charredminer.htm">[More]</a>::Skeleton::11::60::65::95::110::80::80::73::215::80::Any::Bludgeoning::Fire::::Mt. Lethe::admin
953094635::Skeleton Lord::Skeleton::34::135::145::195::200::120::120::143::295::118::Any::Bludgeoning::Fire::Casts level IV spells::Direlands, Thasali::admin
953094673::Old Bones::Skeleton::4::25::30::35::40::35::40::25::180::40::Any::Bludgeoning::Fire::::::admin
953094705::Seared Guard <a href="http://gameznet.com/ac/bestiary/searedguard.htm">[More]</a>::Skeleton::18::95::100::125::135::90::90::100::250::90::Any::Bludgeoning::Fire::::Mt. Lethe::admin
953094731::Skeleton <a href="http://gameznet.com/ac/bestiary/skeleton.html">[More]</a>::Skeleton::5::25::30::55::65::35::40::45::180::40::Any::Bludgeoning::Fire::::Grievous Vault, Enkindled Souls, Nevius Passage, Thasali::admin
953094773::Skeleton Warrior <a href="http://gameznet.com/ac/bestiary/skeletonwarrior.htm">[More]</a>::Skeleton::12::60::65::95::110::80::80::73::215::80::Any::Bludgeoning::Fire::::Enkindled Souls, Grievous Vault, Thasali::admin
953094920::Tumerok Fighter <a href="http://gameznet.com/ac/bestiary/tumerokfighter.html">[More]</a>::Tumerok::10::80::85::80::80::50::50::78::170::50::Any::Any::Any::::Ancient Lighthouse, ::admin
953094955::Tumerok Gladiator <a href="http://gameznet.com/ac/bestiary/tumerokgladiator.htm">[More]</a>::Tumerok::27::150::165::170::145::90::90::123::330::90::Any::Any::Any::::Ancient Lighthouse, ::admin
953095003::High Tumerok <a href="http://gameznet.com/ac/bestiary/hightumerok.htm">[More]</a>::Tumerok::45::170::180::165::170::145::140::150::309::140::Any::Any::Any::::Ancient Lighthouse, ::admin
953095096::Tumerok High Priest <a href="http://gameznet.com/ac/bestiary/tumerokhighpriest.htm">[More]</a>::Tumerok::25::80::100::80::130::150::165::110::225::165::Any::Any::Any::Casts level III/IV Life/War Magic::Ancient Lighthouse, ::admin
953095133::Tumerok Officer <a href="http://gameznet.com/ac/bestiary/tumerok_officer.html">[More]</a>::Tumerok::18::100::100::100::150::60::60::110::200::60::Any::Any::Any::::Ancient Lighthouse, ::admin
953095176::Tumerok Overlord::Tumerok::111::250::300::250::275::200::270::230::300::500::Any::Any::Any::::::admin
953095207::Tumerok Priest <a href="http://gameznet.com/ac/bestiary/tumerok_priest.html">[More]</a>::Tumerok::17::80::70::75::120::110::130::85::170::130::Any::Any::Any::::Ancient Lighthouse, ::admin
953095236::Tumerok Scout::Tumerok::8::60::70::70::75::60::40::70::130::45::Any::Any::Any::::Ancient Lighthouse, ::admin
953095271::Tumerok Warrior <a href="http://gameznet.com/ac/bestiary/tumerok_warrior.html">[More]</a>::Tumerok::20::110::125::135::115::100::100::103::210::100::Any::Any::Any::::Ancient Lighthouse, ::admin
953095295::Tumerok Worker <a href="http://gameznet.com/ac/bestiary/tumerok_worker.html">[More]</a>::Tumerok::7::70::75::50::50::40::30::48::250::30::Any::Any::Any::::Ancient Lighthouse,::admin
953095350::Crimsonback Tusker <a href="http://gameznet.com/ac/bestiary/tuskercrimsonback.htm">[More]</a>::Tusker::24::200::160::70::100::20::30::110::310::30::Any::Piercing::Fire::::::admin
953095381::Female Tusker <a href="http://gameznet.com/ac/bestiary/femaletusker.htm">[More]</a>::Tusker::16::180::150::50::80::20::30::95::300::30::Any::Piercing::Fire::::::admin
953095410::Goldenback Tusker <a href="http://gameznet.com/ac/bestiary/goldenback_tusker.html">[More]</a>::Tusker::27::220::190::50::80::40::40::125::340::40::Any::Piercing::Fire::::::admin
953095450::Tusker Guard <a href="http://gameznet.com/ac/bestiary/tuskerguard.htm">[More]</a>::Tusker::126::350::250::300::200::140::160::375::400::160::Any::Piercing::Fire::::::admin
953095498::Male Tusker <a href="http://gameznet.com/ac/bestiary/maletusker.html">[More]</a>::Tusker::17::200::160::40::60::20::30::100::310::30::Any::Piercing::Fire::::Bandit Castle Prison::admin
953095586::Guardian of the Helm::Undead::20::120::125::95::90::120::120::113::275::270::Any::Bludgeoning::Fire::::Hall of the Helm::admin
953095723::Guardian of Lost Light <a href="http://gameznet.com/ac/bestiary/goll.html">[More]</a>::Undead::65::175::200::175::190::200::210::220::350::410::Any::Bludgeoning::Fire::Casts Level IV/V Spells::Hall of Lost Light::admin
953095852::Lich <a href="http://gameznet.com/ac/bestiary/lich.html">[More]</a>::Undead::20::120::125::95::90::120::120::113::275::270::Any::Slashing::Fire::Casts Level III Spells::Hall of Lost Light, Enkindled Souls, Grievous Vault, Hebian-To Sewers, Holtburg Dungeon, North Glenden Prison, Old Talisman, Trothyr's Rest::admin
953095893::Lich Lord <a href="http://gameznet.com/ac/bestiary/lichlord.html">[More]</a>::Undead::35::150::175::135::130::150::155::148::325::305::Any::Slashing::Fire::Casts Level IV Spells::Hall of Lost Light::admin
953095926::Lord Cambarth::Undead::36::150::175::135::130::150::155::148::325::305::Any::Slashing::Fire::::Mt. Lethe::admin
953096118::Undead <a href="http://gameznet.com/ac/bestiary/undeadmonster.html">[More]</a>::Undead::6::65::85::45::40::80::85::43::235::85::Any::Slashing::Fire::Casts Level II Spells::Bandit Castle Prison, Holtburg Dungeon, Old Talisman, Rithwic Crypt::admin
953096161::Geladite Acolyte <a href="http://gameznet.com/ac/bestiary/gelediteacolyte.htm">[More]</a>::Undead::25::120::125::95::90::120::120::113::275::270::Any::Bludgeoning::Fire::::::admin
953096190::Geladite Initiate <a href="http://gameznet.com/ac/bestiary/gelediteinitiate.htm">[More]</a>::Undead::9::65::85::45::40::80::85::43::235::85::Any::Bludgeoning::Fire::::::admin
953096240::Geladite Lord <a href="http://gameznet.com/ac/bestiary/geleditelord.htm">[More]</a>::Undead::47::150::175::135::130::150::155::178::325::305::Any::Bludgeoning::Fire::Casts Level IV Spells::::admin
953096294::Zombie <a href="http://gameznet.com/ac/bestiary/zombie.html">[More]</a>::Undead::11::80::110::55::50::95::95::75::260::145::Any::Slashing::Fire::Casts Level II Spells::Enkindled Souls, Bandit Castle Prison, Hall of Lost Light, Hebian-To Sewers, North Glenden Prison, Old Talisman::admin
953096395::Virindi Master::Virindi::49::30::150::180::220::250::150::145::150::550::Any::Any::Acid, Fire::Deadly spellcaster::::admin
953096434::Virindi Puppet <a href="http://www.gameznet.com/ac/bestiary/virindipuppet.html">[More]</a>::Virindi::36::150::150::150::150::150::150::115::150::350::Any::Any::Acid, Fire::Deadly spellcaster::Mt. Lethe::admin
953096472::Virindi Servant::Virindi::38::30::150::100::150::250::150::125::150::550::Any::Any::Acid, Fire::Deadly spellcaster::::admin
953096530::Dark Wisp <a href="http://gameznet.com/ac/bestiary/darkwisp.html">[More]</a>::Wisp::17::70::100::120::120::100::100::70::250::180::Any::Any::Lightning::Casts Level III/IV Spells::Mt. Lethe::admin
953096598::Ethereal Wisp <a href="http://gameznet.com/ac/bestiary/etherealwisp.html">[More]</a>::Wisp::5::15::30::50::60::40::30::20::80::50::Any::Slashing, Bludgeoning::Lightning::Casts Level I Spells::::admin
953096679::Ghost Wisp::Wisp::12::50::70::100::100::90::90::50::170::260::Any ::Any::Lightning::Casts Level III Spells::Green Mire Grave::admin
953096720::Shadow Wisp <a href="http://gameznet.com/ac/bestiary/shadowwisp.htm">[More]</a>::Wisp::15::30::35::50::35::180::180::78::235::280::Any ::Any::Lightning::Casts Level III Spells::::admin
953096758::Water Wisp <a href="http://gameznet.com/ac/bestiary/waterwisp.htm">[More]</a>::Wisp::8::25::50::60::70::70::70::30::120::110::Any ::Any::Lightning::Casts Level II Spells::Green Mire Grave::admin
953096809::Jibrit Zefir <a href="http://gameznet.com/ac/bestiary/jibritzefir.html">[More]</a>::Zefir::8::50::40::80::90::40::90::25::140::170::Any ::Bludgeoning::Cold::Casts Level II Spells::Mountain Halls, North Glenden Prison::admin
953096847::Kilif Zefir <a href="http://gameznet.com/ac/bestiary/kilifzefir.html">[More]</a>::Zefir::13::90::80::100::130::50::100::50::180::190::Any ::Bludgeoning::Cold::Casts Level II/III Spells::Mountain Halls::admin
953096897::Zofrit Zefir <a href="http://gameznet.com/ac/bestiary/zofrit_zefir.html">[More]</a>::Zefir::25::150::100::190::220::80::150::70::200::250::Any ::Bludgeoning::Cold::Casts Level III/IV Spells::Mountain Halls::admin
953153058::Barker Mosswart <a href="http://gameznet.com/ac/bestiary/barkermosswart.html">[More]</a>::Mosswart::11::120::100::65::90::60::50::80::250::50::Medium::Piercing, Bludgeoning::Fire::::Dungeon of Shadows, Folthid Cellar, Green Mire Grave::admin
953153125::Creeper Mosswart <a href="http://gameznet.com/ac/bestiary/creepermosswart.html">[More]</a>::Mosswart::6::40::60::50::50::50::40::40::210::40::Medium::Piercing, Bludgeoning::Fire::::Dungeon of Shadows, Lakeside Lair, Green Mire Grave::admin
953153172::Mosswart Feeder <a href="http://gameznet.com/ac/bestiary/mosswartfeeder.html">[More]</a>::Mosswart::6::50::70::50::50::40::30::55::220::30::Medium::Piercing, Bludgeoning::Fire::::Dungeon of Shadows, Lakeside Lair, Green Mire Grave::admin
953153298::Mosswart Mucker <a href="http://gameznet.com/ac/bestiary/mosswart_mucker.html">[More]</a>::Mosswart::11::120::100::65::90::60::50::80::250::50::Medium::Piercing, Bludgeoning::Fire::::Dungeon of Shadows, Folthid Cellar::admin
953153339::Mudlark Mosswart <a href="http://gameznet.com/ac/bestiary/mudlurk_mosswart.html">[More]</a>::Mosswart::11::95::90::85::95::60::50::75::240::50::Medium::Piercing, Bludgeoning::Fire::::Dungeon of Shadows, Folthid Cellar, Green Mire Grave::admin
953153394::Mosswart Shaman <a href="http://gameznet.com/ac/bestiary/mosswart_shaman.html">[More]</a>::Mosswart::15::120::100::90::90::110::100::80::250::100::Medium::Piercing, Bludgeoning::Fire::::Dungeon of Shadows, Folthid Cellar, Green Mire Grave::admin
953153430::Young Mosswart <a href="http://gameznet.com/ac/bestiary/youngmosswart.html">[More]</a>::Mosswart::4::35::30::40::30::40::40::25::180::40::Medium::Piercing, Bludgeoning::Fire::::Dungeon of Shadows, ::admin
953676803::Undead Miner <a href="http://gameznet.com/ac/bestiary/undeadminer.htm">[More]</a>::Undead::9::85::85::45::40::80::85::63::235::135::Any::Slashing::Fire::::::admin
953676877::The Great Work <a href="http://gameznet.com/ac/bestiary/thegreatwork.htm">[More]</a>::Unknown::126::300::300::300::150::350::350::701::800::2351::???::???::???::::::admin
954188853::Dark Revenant <a href="http://www.gameznet.com/ac/bestiary/darkrevenant.html">[More]</a>::Undead::115::230::270::240::220::275::275::285::420::575::Any::Slashing::Fire::Casts Level VI War Magic::::admin
954832206::<a href=http://gameznet.com/ac/bestiary/fragment.htm>Fragment</a>::Unknown::27::90::90::130::100::90::150::65::190::450::high::bludgeon::cold?::casts level 2 and 3 fire spells and fire vuln::::admin
954833787::Broken Fragment::Unknown::11::40::40::60::40::50::100::30::140::300::???::bludgeon::cold?::cast low level fire spells, very slow::::admin
960390672::Skeleton Bone Knight::Skeleton::64::190::185::250::235::190::200::223::335::300::::::::::::admin
960390883::Malus Shreth::Shreth::65::250::230::185::206::150::130::245::480::130::::::::::::admin
