950507817::Apothic Gloves::<a href="http://gameznet.com/eq/equipment/apothicgloves.html">More</a>::4::::::13::::7::::::::12::::::10::::::::::::::::::::::::::::::::::::yes::::yes::::yes::yes::::::yes::yes::::::::::admin
950507895::Basoon Haste Gauntlets::<a href="http://gameznet.com/eq/equipment/basoonhastegaunt.html">More</a>::0::5::::5::5::::::::25::::::::::::::0.1::::::::yes::::::::::::::::::::::::::::::::::::::::yes::::::::::admin
950507954::Blighted Gloves::<a href="http://gameznet.com/eq/equipment/blightedgloves.html">More</a>::4::::::10::::8::::::::12::::::10::::::0.4::::::::::::::::::::::::yes::::::::::yes::::yes::yes::::::::yes::::::::::admin
950508186::Bone Fingered Gloves::<a href="http://www.gameznet.com/eq/equipment/bonefingeredgloves.html">More</a>::3::::::3::::3::::::::::::::::::::0.4::::yes::yes::yes::yes::yes::yes::yes::::::::::::::::yes::yes::yes::yes::yes::yes::yes::yes::yes::yes::yes::yes::::admin
950508238::Carmine Gloves::<a href="http://gameznet.com/eq/equipment/carminegloves.html">More</a>::4::::::12::::7::::::::15::::::10::::::0.4::::::::::::::::::::::::::yes::::::::yes::::yes::yes::::::yes::yes::::::::::admin
950508295::Charred Gauntlets::<a href="http://gameznet.com/eq/equipment/charredgaunts.html">More</a>::7::::::3::::5::::::::::::::::::::4.5::::yes::::::yes::yes::yes::::yes::::::::::::::::yes::yes::yes::yes::yes::yes::yes::yes::yes::yes::yes::::admin
950508329::Crafted Gauntlets::<a href="http://gameznet.com/eq/equipment/craftedgauntlets.htm">More</a>::12::::::::::::::::::::::::::::::5.0::::yes::::::::::::::::::::::::::::yes::yes::yes::yes::yes::yes::yes::yes::yes::yes::yes::yes::::admin
950508387::Cryosilk Gloves::<a href="http://gameznet.com/eq/equipment/cryosilkgloves.html">More</a>::4::::::13::::7::::::::10::::::9::::::0.4::::::::::::::::::::::::yes::yes::yes::yes::::yes::::yes::yes::::::::yes::::::::::admin
950508433::Darkforge Gauntlets::<a href="http://gameznet.com/eq/equipment/dfgauntlets.html">More</a>::12::::::2::::::::::::::::::::::5::5.5::::::::::::yes::::::::::::::::::::::yes::::yes::::::::::yes::yes::yes::::::admin
950508498::Dark Mail Gauntlets::<a href="http://gameznet.com/eq/equipment/darkmailgaunts.html">More</a>::10::::::5::::::::::::50::::::::::::4.5::::yes::yes::::yes::yes::yes::yes::::::::::::::::yes::yes::yes::yes::yes::yes::yes::yes::yes::yes::yes::yes::::admin
950508539::Dusty Bloodstained Gloves::<a href="http://gameznet.com/eq/equipment/EQ-Dusty.Bloodstained.Gloves.html">More</a>::2::::::::::::::::::25::::::::::::0.4::::::::::::::::::::::::yes::yes::yes::yes::yes::yes::yes::yes::yes::yes::yes::yes::yes::yes::yes::yes::::admin
950508579::Elf Hide Gloves::<a href="http://gameznet.com/eq/equipment/EQ-Elf-Hide.Gloves.html">More</a>::4::::::5::5::::::::::::::::::::::1.0::::::yes::::yes::::::::::::::::::::::yes::yes::yes::yes::yes::yes::yes::yes::yes::yes::yes::yes::::admin
950508636::Ethereal Mist Gauntlets::<a href="http://gameznet.com/eq/equipment/ethmistgaunts.html">More</a>::12::::::5::::5::::::::::7::::::::::3.8::::::::::::::::::yes::::::::::::::::yes::yes::yes::yes::yes::yes::yes::yes::::::::::admin
950508670::Gauntlets of the Ardent::<a href="http://gameznet.com/eq/equipment/gauntsardent.html">More</a>::12::::::::5::::::::::::::5::::::::3.8::::::::::::::::::yes::::::::::::::::yes::yes::yes::yes::yes::yes::yes::yes::::::::::admin
950508717::Gauntlets of Fiery Might::<a href="http://gameznet.com/eq/equipment/gauntletsofmight.html">More</a>::10::7::7::7::::::::::::::::::7::7::::0.3::::yes::yes::yes::yes::yes::yes::yes::::::::::::::::yes::yes::yes::yes::yes::yes::yes::yes::yes::yes::yes::yes::::admin
950508771::Gauntlets of Ro::<a href="http://gameznet.com/eq/equipment/gauntletsro.html">More</a>::12::::::6::::::::::::::::::::10::::2.5::::::::::::::yes::::::::::::::::::::::yes::yes::::yes::::yes::yes::::::::::admin
950508820::Gloves of the Gatecaller::<a href="http://gameznet.com/eq/equipment/glovesofthegatecaller.html">More</a>::3::::::::::::::::::::::::::::::5.5::::::::::::::::::::::::yes::yes::yes::yes::yes::yes::yes::yes::yes::yes::yes::yes::yes::yes::yes::yes::::admin
950508860::Griffon Talon Gloves::<a href="http://gameznet.com/eq/equipment/griffon.talon.gloves.html">More</a>::4::2::::::::::::::::::::::::::::0.5::::yes::yes::yes::yes::yes::yes::yes::yes::yes::yes::yes::yes::yes::yes::yes::yes::yes::yes::yes::yes::yes::yes::yes::yes::yes::yes::::admin
950508908::Inbrued Platemail Gauntlets::<a href="http://gameznet.com/eq/equipment/imbruedgauntlets.html">More</a>::11::::::5::::::5::::10::::::::::::::3.8::::::::::yes::::::::::::::::::::::::::::::::yes::::::yes::::::yes::::admin
950508946::Imp Skin Gloves::<a href="http://gameznet.com/eq/equipment/impskingloves.html">More</a>::2::::::::::5::::::::10::::::::::::1.5::::yes::yes::yes::yes::yes::yes::yes::yes::yes::yes::yes::yes::yes::yes::yes::yes::yes::yes::yes::yes::yes::yes::yes::yes::yes::yes::::admin
950508995::Incandescent Gloves::<a href="http://gameznet.com/eq/equipment/incandescentgloves.html">More</a>::6::3::::::3::::::3::::3::::::::::::1.5::::::::::::::::::::::::::::yes::::::yes::::yes::yes::::::yes::yes::::::::::admin
950509051::Insidious Gloves::<a href="http://gameznet.com/eq/equipment/insidiousgloves.html">More</a>::4::::::10::::8::::2::::5::::::10::::::0.4::::::::::::::::::::::::::::yes::::::yes::::yes::yes::::::yes::yes::::::::::admin
950509103::Ivy Etched Gauntlets::<a href="http://gameznet.com/eq/equipment/ivyetchedgauntlets.html">More</a>::11::::::::::::::::::::7::7::::::::2.8::::::::::::::::yes::::::::::::::::::::::::::yes::::::yes::::::yes::::admin
950509170::Kedgemail Gauntlets::<a href="http://gameznet.com/eq/equipment/kedgegaunts.html">More</a>::11::3::::5::::::::::::25::::::::::::3.0::::::yes::::yes::yes::yes::yes::::::yes::::::::::yes::yes::yes::yes::yes::yes::yes::yes::yes::yes::yes::yes::::admin
950509207::Lupine Claw Gauntlets::<a href="http://gameznet.com/eq/equipment/lupinegauntlets.html">More</a>::4::::::3::3::::::::::::::::::::::1.0::::yes::yes::yes::yes::yes::yes::yes::yes::yes::yes::yes::yes::yes::yes::yes::yes::yes::yes::yes::yes::yes::yes::yes::yes::yes::yes::::admin
950509275::Lustrous Russet Gauntlets::<a href="http://gameznet.com/eq/equipment/lustrousgaunts.htm">More</a>::16::::5::5::::::::::50::::::::::::::3.8::::yes::::yes::yes::yes::yes::yes::yes::::yes::::::::::yes::yes::yes::yes::yes::yes::yes::yes::yes::yes::yes::yes::::admin
950509307::Indicolite Gauntlets::N/A::16::::5::5::::::::::50::::::::::::::3.8::::yes::::::::::::::::::::::::::::yes::yes::yes::yes::yes::yes::yes::yes::yes::yes::yes::yes::::admin
950509362::Ogre Butcher Gloves::<a href="http://www.gameznet.com/eq/equipment/ogrebutchergloves.html">More</a>::1::::::::::::::::::::::::25::25::::1.9::::yes::yes::yes::yes::yes::yes::yes::yes::yes::yes::::::::::::::::::::::::::::yes::yes::::::admin
950509401::Ravenscale Gloves::<a href="http://gameznet.com/eq/equipment/ravenscalegloves.html">More</a>::11::1::::1::::::::::::::::::::::3::2.8::::::yes::::::::::::::::::::::::::yes::yes::yes::yes::yes::yes::yes::yes::yes::yes::yes::yes::::admin
950509430::Rubicite Gauntlets::<a href="http://gameznet.com/eq/equipment/rubicitegauntlets.html">More</a>::11::::::::::::::::::::::::::::::2.8::::yes::yes::::yes::yes::yes::yes::yes::::yes::::::::::yes::yes::yes::yes::yes::yes::yes::yes::yes::yes::yes::yes::::admin
950509471::Rune Etched Gauntlets::<a href="http://gameznet.com/eq/equipment/runeetchedgauntlets.html">More</a>::11::5::::5::::::::::::20::7::::::::::3.8::::::::::::::::::::::yes::::::::::yes::::::::::::::::::yes::yes::::::admin
950509550::Shadowbound Gloves::<a href="http://gameznet.com/eq/equipment/shadowgloves.html">More</a>::6::3::::3::::::3::::::3::::::::::::0.7::::::::::::::::::::::::yes::::::::::yes::::yes::yes::::::::yes::::::::::admin
950509586::Shiny Silk Gloves::<a href="http://gameznet.com/eq/equipment/EQ-Shiny.Silk.Gloves.html">More</a>::4::::::::::::::::5::::::::::::::0.4::::yes::yes::yes::yes::yes::yes::yes::yes::yes::yes::yes::yes::yes::yes::yes::yes::yes::yes::yes::yes::yes::yes::yes::yes::yes::yes::::admin
950509639::Shiverback-hide Gloves::<a href="http://gameznet.com/eq/equipment/shivergloves.htm">More</a>::5::5::::9::::5::::::::::::::::::7::0.1::::::::yes::::::::::::::::::::::::::::::::::::::::yes::::::::::admin
950509683::Snakeskin Gloves::<a href="http://www.gameznet.com/eq/equipment/snakeskingloves.html">More</a>::4::::::3::::::::::::::::::::::::1.5::::yes::yes::yes::yes::yes::yes::yes::yes::yes::yes::::::::::yes::yes::yes::yes::yes::yes::yes::yes::yes::yes::yes::yes::::admin
950509712::Split Paw Hide Gloves::<a href="http://gameznet.com/eq/equipment/splitpawgloves.html">More</a>::4::::::3::::::2::::::::::::::::::2.0::::yes::yes::yes::yes::yes::yes::yes::yes::yes::yes::::::::::yes::yes::yes::yes::yes::yes::yes::yes::yes::yes::yes::yes::::admin
950509757::Thorny Vine Gauntlets::<a href="http://gameznet.com/eq/equipment/thornyvinegaunts.html">More</a>::11::9::::9::::::::::::::7::::::::::3.8::::::::::::::::yes::::::::::::::::::::::::::yes::::::yes::::::yes::::admin
950509798::Totemic Gauntlets::<a href="http://gameznet.com/eq/equipment/totemicgauntlets.html">More</a>::11::::::::::5::::::::::::5::::::::2.8::::::::::::::::::::::yes::::::::::yes::::::::::::::::::yes::yes::::::admin
950509832::Treant Fists::<a href="http://gameznet.com/eq/equipment/treantfists.html">More</a>::8::::3::::::::::::5::::::::::::::0.7::::::::::yes::::::::::::::::::::::::::::::::::::::yes::::::::::admin
950509886::Umbral Platemail Gauntlets::<a href="http://gameznet.com/eq/equipment/umbralgauntlets.html">More</a>::13::5::::::::5::::::::35::::10::::::::3.8::::::::::::yes::::::::::::::::::::::yes::::yes::::::::::yes::yes::yes::::::admin
950509936::Valorium Gauntlets::<a href="http://gameznet.com/eq/equipment/valgauntlets.html">More</a>::13::5::5::::::::5::::::::::::10::::::3.8::::::::::::::yes::::::::::::::::::::::yes::yes::::yes::::yes::yes::::::::::admin
950509983::Vermiculated Gloves::<a href="http://gameznet.com/eq/equipment/vermiculatedgloves.html">More</a>::6::::::13::::5::::::::::::::7::::::5.5::::::::::::::::::::yes::::::::::::::::::::::yes::yes::::yes::::::yes::::admin
950510044::White Satin Gloves::<a href="http://gameznet.com/eq/equipment/whitesatingloves.html">More</a>::4::::::::::::::::25::25::30::-5::-5::-5::-5::0.1::::yes::yes::yes::yes::yes::yes::yes::yes::yes::yes::yes::yes::yes::yes::yes::yes::yes::yes::yes::yes::yes::yes::yes::yes::yes::yes::::admin
950510120::Wind Etched Gauntlets of Ro::<a href="http://gameznet.com/eq/equipment/windetchedgauntsro.html">More</a>::14::5::6::4::::::2::::::::::::10::::::3.8::::::::::::::yes::::::::::::::::::yes::yes::yes::yes::yes::yes::yes::yes::yes::yes::yes::yes::::admin
950510181::Woven Shadow Gauntlets::<a href="http://gameznet.com/eq/equipment/wovenshgauntlets.html">More</a>::11::5::::5::::::::::::::::::::::10::3.8::::::yes::::::::::::::::::::::::::yes::yes::yes::::yes::yes::yes::::yes::::::yes::::admin
950510227::Wu's Fighting Gauntlets::<a href="http://gameznet.com/eq/equipment/wugauntlets.html">More</a>::4::::::::::::::::::::::::::::::0.1::::::::yes::::::::::::::::::::::::::::::::::::::::yes::::::::::admin
951860765::Black Silk Gloves::<a href="http://gameznet.com/eq/equipment/blacksilkgloves.html">More</a>::4::::::3::::::::::::::::::::::::1.5::::yes::yes::yes::yes::yes::yes::yes::::::::::::::::yes::yes::yes::yes::yes::yes::yes::yes::yes::yes::yes::yes::::admin
951879576::Golden Efreeti Gauntlets::<a href="http://www.gameznet.com/eq/equipment/goldenefreetigauntlets.html">More</a>::12::::::::::5::5::::::::::::10::::::3.8::::yes::yes::yes::yes::yes::yes::yes::yes::yes::yes::yes::yes::yes::yes::yes::yes::yes::yes::yes::yes::yes::yes::yes::yes::yes::yes::::admin
953618351::Lambent Gauntlets::<a href="http://gameznet.com/eq/equipment/lambentgauntlets.html">More</a>::12::::::5::::::::1::::::::::::::::2.8::::::::::yes::::::::::::::::::::::::::::::::yes::::::yes::::::yes::::admin
953844880::Indolite Gauntlets::<a href="http://www.gameznet.com/eq/equipment/indicogauntlets.html">More</a>::16::::5::5::::::::::50::::::::::::::3.8::::yes::::::::::::::::::::::::::::yes::yes::yes::yes::yes::yes::yes::yes::yes::yes::yes::yes::::admin
955656006::Tiger Hide Gloves::<a href="http://gameznet.com/eq/equipment/tigerhidegloves.html">More</a>::2::2::::2::::::::::::::::::::::::1.0::::yes::yes::yes::yes::yes::yes::yes::yes::yes::yes::yes::yes::yes::yes::yes::yes::yes::yes::yes::yes::yes::yes::yes::yes::yes::yes::yes::admin
956628607::Iksar Scaled Gloves::<a href="http://www.gameznet.com/eq/equipment/iksarscaledgloves.html">More</a>::10::3::::3::::::::::10::::::::::::::4.0::::yes::yes::yes::yes::yes::yes::yes::yes::yes::yes::::::::::yes::yes::::yes::::yes::::yes::yes::::::yes::yes::admin
956628650::Ruined Scale Gloves::<a href="http://www.gameznet.com/eq/equipment/ruinedscalegloves.html">More</a>::6::::::::::::::::::::::::::::::5.3::::yes::yes::yes::yes::yes::yes::yes::yes::yes::yes::::::::::yes::yes::::yes::::yes::::yes::yes::::::yes::yes::admin
956685771::Cobalt Gauntlets::<a href="http://gameznet.com/eq/equipment/cobaltgauntlets.html">More</a>::25::::::::::::::::::::::::::::::5.0::Reckless Strength::yes::::::::::::::::::::::::::::yes::yes::yes::yes::yes::yes::yes::yes::yes::yes::yes::yes::::admin
956693496::Tolan's Darkwood Gauntlets::<a href="http://www.gameznet.com/eq/equipment/tolansdarkwoodgaunts.html">More</a>::14::::::::::::::::::::::::::::::5.0::Snare::::::::::::::yes::::::::::::::::yes::yes::yes::yes::yes::yes::yes::yes::yes::yes::yes::yes::::admin
956742927::Deepwater Gauntlets::<a href="http://www.gameznet.com/eq/equipment/deepwatergauntlets.html">More</a>::16::::::::::::::::::::::::::::::5.0::Cancel Magic::::::::::::yes::::::::::::::::::yes::yes::yes::yes::yes::yes::yes::yes::yes::yes::yes::yes::::admin
956862244::Singing Steel Gauntlets::<a href="http://www.gameznet.com/eq/equipment/singingsteelgauntlets.html">More</a>::16::::::::::::::::::::::::::::::5.0::Enduring Breath::::::::yes::::::::::::::::::::::yes::yes::yes::yes::yes::yes::yes::yes::yes::yes::yes::yes::::admin
956871851::Jasarth Scale Gauntlets::<a href="http://www.gameznet.com/eq/equipment/jasartscalegauntlets.html">More</a>::10::::::::::::::::20::20::::::::::::0.8::::yes::::::::yes::yes::::yes::::yes::::::::::yes::yes::yes::yes::yes::yes::yes::yes::yes::yes::yes::yes::yes::admin
957044473::Jaundiced Bone Gauntlets::<a href="http://www.gameznet.com/eq/equipment/jaundicedbonegauntlets.html">More</a>::14::::::::::::::::::::::::::::::5.0::Deftness::::::::::::::::::::yes::::::::::yes::yes::yes::yes::yes::yes::yes::yes::yes::yes::yes::yes::::admin
957126088::Crescent Fighting Gloves::<a href="http://www.gameznet.com/eq/equipment/crescentfightinggloves.html">More</a>::3::::3::6::::::::::::::::::::2::::0.1::::::::yes::::::::::::::::::::::::::::::::::::::::::::::::yes::admin
957821609::Truesilver Mail Gloves::<a href="http://www.gameznet.com/eq/equipment/truesilvermailgloves.html">More</a>::12::::::::::::::::::::::::::::::2.5::::yes::yes::::yes::yes::yes::yes::yes::::::::::::::yes::yes::::::yes::yes::yes::yes::yes::::::yes::::admin
958159221::Goblin Sparring Gloves::<a href="http://www.gameznet.com/eq/equipment/goblinsparringgloves.html">More</a>::3::::::::::::::::::::::::::1::::0.4::::::::yes::::::::::::::::::::::::::::::::::::::::::::::::yes::admin
958682090::Sebilite Scale Gloves::<a href="http://gameznet.com/eq/equipment/sebilitescalegloves.html">More</a>::12::::::::4::4::::::::::::::2::::2::3.0::::yes::yes::::yes::::yes::yes::yes::::yes::::::::::::::yes::yes::yes::yes::yes::yes::yes::::::yes::yes::admin
959114769::Curscale Gloves::<a href="http://www.gameznet.com/eq/equipment/curscalegloves.html">More</a>::3::::::::::::::::::::::::::1::::0.4::::yes::yes::yes::yes::yes::yes::yes::yes::yes::yes::::::::::yes::yes::yes::yes::yes::yes::yes::yes::yes::yes::yes::yes::yes::admin
959452542::Donal's Gauntlets of Mourning::<a href="http://gameznet.com/eq/equipment/donal_gloves.html">More</a>::16::::::::::::::::::::::::::::::5.0::Armor of Faith::::::::::::::::yes::::::::::::::yes::yes::yes::yes::yes::yes::yes::yes::yes::yes::yes::yes::::admin
961270057::Blockcutter Gloves::<a href="http://www.gameznet.com/eq/equipment/blockcuttergloves.html">More</a>::0::3::::::::::3::::::::::::::::::0.5::::yes::yes::yes::yes::yes::yes::yes::yes::yes::yes::yes::yes::yes::yes::yes::yes::yes::yes::yes::yes::yes::yes::yes::yes::yes::yes::yes::admin
961270103::Kylong Wrist Guards::<a href="http://www.gameznet.com/eq/equipment/kylongwristguards.html">More</a>::9::4::::::::::::4::::::::::::::::1.5::::yes::yes::::yes::yes::yes::yes::yes::yes::yes::yes::yes::yes::yes::::yes::yes::yes::yes::yes::yes::yes::yes::::::yes::yes::admin
961445396::Mrylokar's Gauntlets::<a href="http://gameznet.com/eq/equipment/mrylokarsgauntlets.html">More</a>::14::::::::::::::::::::::::::::::5.0::Cancel Magic::::yes::::::::::::::::::::::::::yes::yes::yes::yes::yes::yes::yes::yes::yes::yes::yes::yes::::admin
