956342720::Strike::1::Evocation::12::1.5::DD::Magic::Does 5 points direct damage.::admin
956342752::Minor Healing::1::Alteration::10::1.0::Heal::N/A::Heals 10 points of damage::admin
956342816::Flash of Light::1::Divination::10::1.5::Special::Magic::Blinds your opponent. Cast, step back and you might lose him::admin
956342894::Courage::1::Abjuration::12::2.0::Buff::N/A::Adds 3+ armor class and 10+ hit points::admin
956343319::Cure Poison::1::Alteration::20::2.0::Cure::N/A::Attempts to cure a player of poison::admin
956343361::True North::1::Divination::5::2.0::Special::N/A::Turns you to face directly north::admin
956343407::Divine Aura::1::Abjuration::10::1.0::Special::N/A::Grants yourself invulnerability for 18 seconds. During this time you can not attack or cast::admin
956343453::Lull::1::Alteration::10::1.5::Calm::Magic::Attempts to lower your targets aggressiveness::admin
956343483::Spook the Dead::1::Alteration::10::2.0::Fear::Magic::Causes undead beings to run in fear::admin
956343535::Yaulp::1::Abjuration::5::0.5::Buff::N/A::Self only armor class and strength buff. Short duration::admin
956343611::Holy Armor::5::Abjuration::20::2.0::Buff::N/A::Adds 6 armor class::admin
956343662::Light Healing::5::Alteration::25::2.0::Heal::N/A::Heals 30 points of damage::admin
956343694::Gate::5::Alteration::70::5.0::Teleport::N/A::Returns you to your bound point::admin
956343728::Summon Drink::5::Conjuration::10::4.0::Summon::N/A::Summons water(No Rent Drink)::admin
956343753::Cure Blindness::5::Alteration::20::2.0::Cure::N/A::Cures a player of blindness::admin
956343773::Cure Disease::5::Alteration::20::2.0::Cure::N/A::Cures a player of disease::admin
956343842::Reckless Strength::5::Alteration::30::3.0::Buff::N/A::Adds up to 20 points of strength. Slowly reduces and goes negative::admin
956343868::Stun::5::Evocation::35::1.5::Stun::Magic::Stuns your opponent::admin
956343921::Ward Undead::5::Evocation::30::3.0::DD::Magic::Does up to 42 points of direct damage to undead beings::admin
956343959::Furor::5::Evocation::20::1.75::DD::Magic::Does 16+ points of direct damage::admin
956343996::Summon Food::9::Conjuration::10::4.0::Summon::N/A::Summons black bread(No Rent Food Item)::admin
956344029::Center::9::Abjuration::40::4.0::Buff::N/A::Adds 5 armor class and 45 hit points::admin
956344053::Sense the Dead::9::Divination::5::2.0::Sense::N/A::Points you towards the nearest undead being::admin
956344120::Invigor::9::Alteration::20::3.5::Special::N/A::Restores a players stamina::admin
956344191::Hammer of Wrath::9::Conjuration::50::4.0::Summon::N/A::Summons a dmg 6 delay 32 magical hammer(NO RENT)::admin
956344225::Endure Fire::9::Abjuration::20::2.5::Buff::N/A::Adds 20 fire resistance::admin
956344237::Endure Poison::9::Abjuration::20::2.5::Buff::N/A::Adds 20 poison resistance::admin
956344264::Fear::9::Alteration::40::3.5::Fear::Magic::Causes your opponent to run away in fear::admin
956344297::Root::9::Alteration::30::2.0::Root::Magic::Roots your opponent and prevents them from moving::admin
956344371::Word of Pain::9::Evocation::47::3.0::PBAE::Magic::Area effect spell which centers around the caster. Does up to 29 points of AE damage::admin
956344406::Soothe::9::Alteration::30::2.0::Calm::Magic::Lowers your targets aggressiveness(Calms)::admin
956344444::Healing::14::Alteration::60::3.0::Heal::N/A::Heals 85-100 points of damage::admin
956344501::Smite::14::Evocation::70::2.45::DD::Magic::Does 75 points of direct damage::admin
956344541::Bind Affinity::14::Alteration::100::6.0::Special::N/A::Binds you to a location. When you die you will appear here::admin
956344590::Cancel Magic::14::Alteration::30::3.5::Special::N/A::Cancels magical affects on a player or monster.::admin
956344609::Endure Cold::14::Abjuration::20::2.5::Buff::N/A::Adds 20 cold resistance::admin
956344618::Endure Disease::14::Abjuration::20::2.5::Buff::N/A::Adds 20 disease resistance::admin
956344644::Sense Summoned::14::Divination::5::2.0::Sense::N/A::Points you towards the nearest summoned being::admin
956344683::Expulse Undead::14::Evocation::60::2.75::DD::Magic::Does up to 94 points of direct damage to undead beings::admin
956344738::Halo of Light::14::Conjuration::40::5.0::Special::N/A::Summons a magical lightsource(No Rent)::admin
956344785::Invisibility vs. Undead::14::Divination::40::4.0::Invisibility::N/A::Renders a player invisible to undead beings::admin
956344826::Symbol of Transal::14::Abjuration::55::3.5::Buff::N/A::Adds 70 hit points. Reqs cats eye agate::admin
956344871::Yaulp II::19::Abjuration::15::0.5::Buff::N/A::Adds 20 strength and 9 armor class. Self Only::admin
956344909::Calm::19::Alteration::50::2.5::Calm::Magic::Lowers your targets aggressiveness(Calms)::admin
956344945::Daring::19::Abjuration::60::2.5::Buff::N/A::Adds 8 armor class and 85 hit points::admin
956344993::Holy Might::19::Evocation::60::2.0::Stun + DD::Magic::Does 30+ points of direct damage and stuns your opponent::admin
956345018::Endure Magic::19::Abjuration::40::2.5::Buff::N/A::Adds 20 to your magic resistance::admin
956345078::Ward Summoned::19::Evocation::30::3.0::DD::Magic::Does up to 42 points of direct damage to summoned beings::admin
956345115::Spirit Armor::19::Abjuration::75::6.0::Buff::N/A::Adds 12 armor class::admin
956345171::Word of Shadow::19::Evocation::85::2.75::PBAE::Magic::Area effect spell which centers around the caster. Does up to 58 points of AE damage::admin
956345213::Extinguish Fatigue::19::Alteration::35::3.5::Buff::N/A::Restores a players stamina::admin
956352928::Greater Healing::24::Alteration::150::3.75::Heal::N/A::Heals up to 300 points of damage::admin
956353020::Hammer of Striking::24::Conjuration::100::6.0::Summon::N/A::Summons a dmg 6 delay 29 magical hammer. Self Only/No Rent::admin
956353583::Counteract Poison::24::Alteration::50::4.0::Cure::N/A::Cures more powerful poisons::admin
956354258::Dismiss Undead::24::Evocation::90::3.3::DD::Magic::Does up to 162 pts direct damage to undead beings::admin
956354467::Inspire Fear::24::Alteration::80::4.0::Fear::Magic::Causes your opponent to run away in fear::admin
956354576::Wave of Fear::24::Alteration::90::4.5::Fear::Magic::Area affect fear spell::admin
956354737::Bravery::24::Abjuration::70::2.75::Buff::N/A::Adds 10 armor class and 120 hit points::admin
956354777::Symbol of Ryltan::24::Abjuration::111::4.0::Buff::N/A::Adds 160 hit points. Reqs Bloodstone::admin
992597909::Abundant Drink::29::Conjuration::25::4.0::Summon::N/A::Summons no rent drink::admin
992597989::Counteract Disease::29::Alteration::50::4.0::Cure::N/A::Cures disease::admin
992598058::Divine Barrier::29::Abjuration::100::2.0::N/A::N/A::Makes caster invincible for a period of time.::admin
992598153::Enstill::29::Alteration::60::2.5::Root::N/A::Roots your target.::admin
992598215::Expulse Summoned::29::Evocation::60::2.75::Direct Damage::Magic::Direct Damage to Summoned Creatures::admin
992598276::Guard::29::Abjuration::80::3.0::Buff::N/A::AC buff to target player.::admin
992598341::Imbue Black Pearl::29::Alteration::200::6.0::Enchant::N/A::Imbue a black pearl::admin
992598368::Imbue Black Sapphire::29::Alteration::200::6.0::Enchant::N/A::Imbue a black sapphire::admin
992598391::Imbue Diamond::29::Alteration::200::6.0::Enchant::N/A::Imbue a diamond::admin
992598411::Imbue Emerald::29::Alteration::200::6.0::Enchant::N/A::Imbue a emerald::admin
992598426::Imbue Opal::29::Alteration::200::6.0::Enchant::N/A::Imbue a opal::admin
992598439::Imbue Peridot::29::Alteration::200::6.0::Enchant::N/A::Imbue a peridot::admin
992598463::Imbue Plains Pebble::29::Alteration::200::6.0::Enchant::N/A::Imbue a plains pebble::admin
992598488::Imbue Rose Quartz::29::Alteration::200::6.0::Enchant::N/A::Imbue a rose quartz::admin
992598508::Imbue Ruby::29::Alteration::200::6.0::Enchant::N/A::Imbue a ruby::admin
992598520::Imbue Sapphire::29::Alteration::200::6.0::Enchant::N/A::Imbue a sapphire::admin
992598544::Imbue Topaz::29::Alteration::200::6.0::Enchant::N/A::Imbue a topaz::admin
992598597::Panic the Dead::29::Alteration::50::2.0::Fear::Magic::Undead Fear spell.::admin
992598653::Revive::29::Alteration::300::6.0::Fear::Magic::Returns target to their corpse, no exp is returned.::admin
992598716::Word of Spirit::29::Evocation::133::3.5::AoE::Magic::Magic based area of effect damage spell.::admin
992598754::Wrath::29::Evocation::145::3.5::Direct Damage::Magic::198 -  218 pts of direct damage to target NPC.::admin
