995933478::Rawhide Roman Leather Jerkin::Albion::Chest::4::10%::None::Leather::4.0::1::Various::Various::admin
995933498::Rawhide Roman Leather Leggings::Albion::Legs::4::10%::None::Leather::2.8::1::Various::Various::admin
995933523::Rawhide Roman Leather Sleeves::Albion::Arms::4::10%::None::Leather::2.4::1::Various::Various::admin
995933540::Rawhide Roman Leather Gloves::Albion::Hands::4::10%::None::Leather::1.6::1::Various::Various::admin
995933590::Rawhide Roman Leather Boots::Albion::Feet::4::10%::None::Leather::1.6::1::Various::Various::admin
995933613::Rawhide Roman Leather Helm::Albion::Head::4::10%::None::Leather::1.6::1::Various::Various::admin
995933843::Tanned Roman Leather Jerkin::Albion::Chest::10::10%::None::Leather::4.0::5::Various::Various::admin
995933861::Tanned Roman Leather Leggings::Albion::Legs::10::10%::None::Leather::2.8::5::Various::Various::admin
995933882::Tanned Roman Leather Sleeves::Albion::Arms::10::10%::None::Leather::2.4::5::Various::Various::admin
995933905::Tanned Roman Leather Gloves::Albion::Hands::10::10%::None::Leather::1.6::5::Various::Various::admin
995933925::Tanned Roman Leather Boots::Albion::Feet::10::10%::None::Leather::1.6::5::Various::Various::admin
995933941::Tanned Roman Leather Helm::Albion::Head::10::10%::None::Leather::1.6::5::Various::Various::admin
995933975::Cured Roman Leather Jerkin::Albion::Chest::20::10%::None::Leather::4.0::10::Various::Various::admin
995934001::Cured Roman Leather Leggings::Albion::Legs::20::10%::None::Leather::2.4::10::Various::Various::admin
995934027::Cured Roman Leather Sleeves::Albion::Arms::20::10%::None::Leather::1.6::10::Various::Various::admin
995934044::Cured Roman Leather Gloves::Albion::Hands::20::10%::None::Leather::1.6::10::Various::Various::admin
995934054::Cured Roman Leather Boots::Albion::Feet::20::10%::None::Leather::1.6::10::Various::Various::admin
995934061::Cured Roman Leather Helm::Albion::Head::20::10%::None::Leather::1.6::10::Various::Various::admin
995934089::Hard Roman Leather Jerkin::Albion::Chest::30::10%::None::Leather::4.0::15::Various::Various::admin
995934113::Hard Roman Leather Leggings::Albion::Legs::30::10%::None::Leather::2.8::15::Various::Various::admin
995934179::Hard Roman Leather Sleeves::Albion::Arms::30::10%::None::Leather::2.4::15::Various::Various::admin
995934189::Hard Roman Leather Gloves::Albion::Hands::30::10%::None::Leather::1.6::15::Various::Various::admin
995934197::Hard Roman Leather Boots::Albion::Feet::30::10%::None::Leather::1.6::15::Various::Various::admin
995934203::Hard Roman Leather Helm::Albion::Head::30::10%::None::Leather::1.6::15::Various::Various::admin
995934227::Rigid Roman Leather Jerkin::Albion::Chest::40::10%::None::Leather::4.0::20::Various::Various::admin
995934239::Rigid Roman Leather Leggings::Albion::Legs::40::10%::None::Leather::2.8::20::Various::Various::admin
995934251::Rigid Roman Leather Sleeves::Albion::Arms::40::10%::None::Leather::2.4::20::Various::Various::admin
995934261::Rigid Roman Leather Gloves::Albion::Hands::40::10%::None::Leather::1.6::20::Various::Various::admin
995934267::Rigid Roman Leather Boots::Albion::Feet::40::10%::None::Leather::1.6::20::Various::Various::admin
995934276::Rigid Roman Leather Helm::Albion::Head::40::10%::None::Leather::1.6::20::Various::Various::admin
995935139::Rawhide Brea Vest::Hibernia::Chest::4::10%::None::Leather::4.0::1::Various::Various::admin
995935159::Rawhide Brea Leggings::Hibernia::Legs::4::10%::None::Leather::2.8::1::Various::Various::admin
995935170::Rawhide Brea Sleeves::Hibernia::Arms::4::10%::None::Leather::2.4::1::Various::Various::admin
995935187::Rawhide Brea Gloves::Hibernia::Hands::4::10%::None::Leather::1.6::1::Various::Various::admin
995935194::Rawhide Brea Boots::Hibernia::Feet::4::10%::None::Leather::1.6::1::Various::Various::admin
995935200::Rawhide Brea Helm::Hibernia::Head::4::10%::None::Leather::1.6::1::Various::Various::admin
995935520::Tanned Brea Vest::Hibernia::Chest::10::10%::None::Leather::4.0::5::Various::Various::admin
995935530::Tanned Brea Leggings::Hibernia::Legs::10::10%::None::Leather::2.8::5::Various::Various::admin
995935539::Tanned Brea Sleeves::Hibernia::Arms::10::10%::None::Leather::2.4::5::Various::Various::admin
995935549::Tanned Brea Gloves::Hibernia::Hands::10::10%::None::Leather::1.6::5::Various::Various::admin
995935561::Tanned Brea Boots::Hibernia::Feet::10::10%::None::Leather::1.6::5::Various::Various::admin
995935568::Tanned Brea Helm::Hibernia::Head::10::10%::None::Leather::1.6::5::Various::Various::admin
995935650::Cured Brea Vest::Hibernia::Chest::20::10%::None::Leather::4.0::10::Various::Various::admin
995935669::Cured Brea Leggings::Hibernia::Legs::20::10%::None::Leather::2.8::10::Various::Various::admin
995935690::Cured Brea Sleeves::Hibernia::Arms::20::10%::None::Leather::2.4::10::Various::Various::admin
995935701::Cured Brea Gloves::Hibernia::Hands::20::10%::None::Leather::1.6::10::Various::Various::admin
995935711::Cured Brea Boots::Hibernia::Feet::20::10%::None::Leather::1.6::10::Various::Various::admin
995935717::Cured Brea Helm::Hibernia::Head::20::10%::None::Leather::1.6::10::Various::Various::admin
995935743::Hard Brea Vest::Hibernia::Chest::30::10%::None::Leather::4.0::15::Various::Various::admin
995935752::Hard Brea Leggings::Hibernia::Legs::30::10%::None::Leather::2.8::15::Various::Various::admin
995935761::Hard Brea Sleeves::Hibernia::Arms::30::10%::None::Leather::2.4::15::Various::Various::admin
995935775::Hard Brea Gloves::Hibernia::Hands::30::10%::None::Leather::1.6::15::Various::Various::admin
995935782::Hard Brea Boots::Hibernia::Feet::30::10%::None::Leather::1.6::15::Various::Various::admin
995935789::Hard Brea Helm::Hibernia::Head::30::10%::None::Leather::1.6::15::Various::Various::admin
995935809::Rigid Brea Vest::Hibernia::Chest::40::10%::None::Leather::4.0::20::Various::Various::admin
995935819::Rigid Brea Leggings::Hibernia::Legs::40::10%::None::Leather::2.8::20::Various::Various::admin
995935831::Rigid Brea Sleeves::Hibernia::Arms::40::10%::None::Leather::2.4::20::Various::Various::admin
995935840::Rigid Brea Gloves::Hibernia::Hands::40::10%::None::Leather::1.6::20::Various::Various::admin
995935848::Rigid Brea Boots::Hibernia::Feet::40::10%::None::Leather::1.6::20::Various::Various::admin
995935876::Rigid Brea Helm::Hibernia::Head::40::10%::None::Leather::1.6::20::Various::Various::admin
1000261121::<a href="http://gameznet.com/camelot/equipment/albion/back/gyrgscloak.shtml">Gyrg's Cloak</a>::Albion::Back::0::::+3 Quickness::Leather::2.0::5::Camelot Hills::<a href="http://gameznet.com/camelot/quest/albion/camelothills/searchforsil.shtml">Quest</a>::admin
1000261173::<a href="http://gameznet.com/camelot/equipment/albion/back/wolfpeltcloak.shtml">Wolf Pelt Cloak</a>::Albion::Back::0::::+1 Quickness, -1 Charisma::::2.0::2::Black Mountains South::<a href="http://gameznet.com/camelot/quest/albion/humberton/wolfpeltcloak.shtml">Quest</a>::admin
1000261245::<a href="http://gameznet.com/camelot/equipment/albion/feet/oakenboots.shtml">Oaken Boots</a>::Albion::Feet::20::34%::+7 Quickness::Plate::::12::Campacorentin::Oaken Knight::admin
1000261294::<a href="http://gameznet.com/camelot/equipment/albion/finger/brimstonering.shtml">Brimstone Ring</a>::Albion::Finger::5::::+3 Strength::::1.0::5::Camelot Hills::Demons::admin
1000261339::<a href="http://gameznet.com/camelot/equipment/albion/finger/faithboundring.shtml">Faithbound Ring</a>::Albion::Finger::0::::+2 Piety::::1.0::1::Black Mountains South::Skeletons::admin
1000261368::<a href="http://gameznet.com/camelot/equipment/albion/finger/slithstail.shtml">Slith's Tail</a>::Albion::Finger::0::::+2 Dexterity::::1.0::3::Black Mountains South::<a href="http://gameznet.com/camelot/quest/albion/blackmountsouth/huntforslith.shtml">Quest</a>::admin
1000261417::<a href="http://gameznet.com/camelot/equipment/albion/jewelry/harperspin.shtml">Harper's Pin</a>::Albion::Jewelry::0::::+5 Charisma::::0.8::5::Campacorentin::Druid::admin
1000261456::<a href="http://gameznet.com/camelot/equipment/albion/jewelry/skullshapedtotem.shtml">Skull Shaped Totem</a>::Albion::Jewelry::0::::+6 Constitution::::0.8::5::Campacorentin::Sylvan Goblin Magician::admin
1000261493::<a href="http://gameznet.com/camelot/equipment/albion/jewelry/snakecharm.shtml">Snake Charm</a>::Albion::Jewelry::0::::+2 Constitution::::0.8::5::Campacorentin::<a href="http://gameznet.com/camelot/quest/albion/lethantis/outcastormgarth.shtml">Quest</a>::admin
1000261554::<a href="http://gameznet.com/camelot/equipment/albion/neck/blessedpendant.shtml">Blessed Pendant</a>::Albion::Neck::0::::+1 Strength, +1 Chants::::1.5::7::Camelot City::<a href="http://gameznet.com/camelot/quest/albion/camelot/travelersway.shtml">Quest</a>::admin
1000261599::<a href="http://gameznet.com/camelot/equipment/albion/neck/bonecharmamulet.shtml">Bonecharm Amulet</a>::Albion::Neck::0::::+1 Strength, +2 Hit Points::::1.5::5::Black Mountains South, Camelot Hills, Salisbury Plains::Bandits::admin
1000261648::<a href="http://gameznet.com/camelot/equipment/albion/neck/silverchain.shtml">Silver Chain</a>::Albion::Neck::0::::+Hit Points, +Power::::0.0::5::Camelot Hills::Quest::admin
1000261698::<a href="http://gameznet.com/camelot/equipment/albion/neck/tatteredmoldycollar.shtml">Tattered Moldy Collar</a>::Albion::Neck::2::10%::::Leather::2.0::1::Black Mountains South, Camelot Hills::Spirit Hounds::admin
1000261795::<a href="http://gameznet.com/camelot/equipment/albion/waist/beltofanimation.shtml">Belt of Animation</a>::Albion::Waist::0::::+6 Hit Points::::0.3::5::Prydwen Keep::<a href="http://gameznet.com/camelot/quest/albion/prydwen/clericmulgrut.shtml">Quest</a>::admin
1000261929::<a href="http://gameznet.com/camelot/equipment/albion/wrist/agedleatherbaldric.shtml">Aged Leather Baldric</a>::Albion::Wrist::0::::+2 Strength::::::1::Camelot Hills::Skeletons::admin
1000261963::<a href="http://gameznet.com/camelot/equipment/albion/wrist/quicksilverbracer.shtml">Quicksilver Bracer</a>::Albion::Wrist::0::::+2 Quickness::::::8::Camelot Hills::<a href="http://gameznet.com/camelot/quest/albion/camelothills/fatherhugrath.shtml">Quest</a>::admin
1000262020::<a href="http://gameznet.com/camelot/equipment/hibernia/back/roanskin.shtml">Roan Skin</a>::Hibernia::Back::::::+2 Quickness, +Cold::::1.6::15::::Roan Maiden::admin
1000262226::<a href="http://gameznet.com/camelot/equipment/hibernia/finger/ringofcrossedswords.shtml">Ring of Crossed Swords</a>::Hibernia::Finger::::::+1 Strength, +3 Hit Points::::0.2::4::Howth::<a href="http://gameznet.com/camelot/quest/hibernia/howth/enchantedbandithunt.shtml">Quest</a>::admin
1000262287::<a href="http://gameznet.com/camelot/equipment/hibernia/hand/druidinitiategloves.shtml">Druid Initiate Gloves</a>::Hibernia::Hands::12::10%::+1 Empathy::Leather::1.6::5::::::admin
1000262335::<a href="http://gameznet.com/camelot/equipment/hibernia/hand/herointitiategloves.shtml">Hero Initiate Gloves</a>::Hibernia::Hands::12::19%::+1 Strength::Studded Leather::2.4::5::::::admin
1000262401::<a href="http://gameznet.com/camelot/equipment/midgard/arm/birksstrengthsleeves.shtml">Birk's Strength Sleeves</a>::Midgard::Arms::30::19%::+6 Strength::Studded Leather::3.6::15::Vale of Mularn::<a href="http://gameznet.com/camelot/bestiary/midgard/valueofmularn/birk.shtml">Birk</a>::admin
1000262461::<a href="http://gameznet.com/camelot/equipment/midgard/arm/snakeskinsleeves.shtml">Snake-Skin Sleeves</a>::Midgard::Arms::72::19%::+Strength, +Dexterity, +Poison Resistance::Studded Leather::3.6::35::Vanern Swamp::Hagbuis::admin
1000262510::<a href="http://gameznet.com/camelot/equipment/midgard/arm/studdedhideofmorra.shtml">Studded Hide of Morra</a>::Midgard::Arms::12::19%::+4 Strength::Studded Leather::2.4::7::Audliten::<a href="http://gameznet.com/camelot/quest/midgard/audliten/adeedofold.shtml">Quest</a>::admin
1000262838::<a href="http://gameznet.com/camelot/equipment/midgard/back/capeofthemotherwolf.shtml">Cape of the Mother Wolf</a>::Midgard::Back::15::::+4 Quickness::::2.0::15::East Svealand::<a href="http://gameznet.com/camelot/quest/midgard/eastsvealand/capeofthemotherwolf.shtml">Quest</a>::admin
1000262902::<a href="http://gameznet.com/camelot/equipment/midgard/back/cloakoffireresistance.shtml">Cloak of Fire Resistance</a>::Midgard::Back::::::+Fire::::2.0::18::West Svealand::Chaes::admin
1000262983::<a href="http://gameznet.com/camelot/equipment/midgard/back/dispositionalcloak.shtml">Dispositional Cloak</a>::Midgard::Back::::::-4 Constitution, +11 Quickness, +6 Evade::::::40::Skona Ravine::Captain Gruff::admin
1000263044::<a href="http://gameznet.com/camelot/equipment/midgard/back/drifspiritcloak.shtml">Driftspirit Cloak</a>::Midgard::Back::::::+Spirit::::2.0::15::Huginfell::<a href="http://gameznet.com/camelot/quest/midgard/huginfell/driftspiritcloak.shtml">Quest</a>::admin
1000263090::<a href="http://gameznet.com/camelot/equipment/midgard/back/flamecloak.shtml">Fire Cloak</a>::Midgard::Back::::::+3 Pie, +12 HP, +12% Fire::::2.0::26::Muspelheim::<a href="http://gameznet.com/camelot/bestiary/midgard/muspelheim/gokstorm.shtml">Gokstorm</a>::admin
1000263170::<a href="http://gameznet.com/camelot/equipment/midgard/back/heraldsfurlinedcloak.shtml">Herald's Fur-Lined Cloak</a>::Midgard::Back::::::+6 Str, +6% Wind/Void Resistance::::::35::Vanern Swamp::Habgui Ghouls::admin
1000263285::<a href="http://gameznet.com/camelot/equipment/midgard/back/hunterscloak.shtml">Hunter's Cloak</a>::Midgard::Back::::::+6 Dexterity::::2.0::7::?::?::admin
1000263357::<a href="http://gameznet.com/camelot/equipment/midgard/back/travelerscloak.shtml">Traveler's Cloak</a>::Midgard::Back::::::+3 Dexterity::::2.0::7::Jordheim::<a href="http://gameznet.com/camelot/quest/midgard/vasudheim/travellersway.shtml">Quest</a>::admin
1000263438::<a href="http://gameznet.com/camelot/equipment/midgard/chest/eirsblessedtunic.shtml">Eir's Blessed Tunic</a>::Midgard::Chest::60::27%::+5 Piety, +12 Hit Points::Chain::::25::Muspelheim::Fire Giants::admin
1000263597::<a href="http://gameznet.com/camelot/equipment/midgard/chest/forgedtendertunic.shtml">Forged Tender Tunic</a>::Midgard::Chest::70::10%::+9 Hit Points, +10% Fire Resist::Leather::::35::Vanern Swamp::Hagbui Fire Tender::admin
1000263645::<a href="http://gameznet.com/camelot/equipment/midgard/chest/goldstitchedtunic.shtml">Gold Stitched Tunic</a>::Midgard::Chest::15::0%::+Slash Resistance::Cloth::::15::Myrkwood::Mora Dancer::admin
1000263690::<a href="http://gameznet.com/camelot/equipment/midgard/chest/hrodeksbreastplate.shtml">Hrodek's Breastplate</a>::Midgard::Chest::54::27::::Chain::::25::Hrodek::Muspelheim::admin
1000263752::<a href="http://gameznet.com/camelot/equipment/midgard/chest/ornatestuddedvest.shtml">Ornate Studded Vest</a>::Midgard::Chest::24::19%::+2 Constitution, +9 Charisma::Studded Leather::4.0::15::Myrkwood::Mora Dancer::admin
1000263809::<a href="http://gameznet.com/camelot/equipment/midgard/chest/rubystuddedtunic.shtml">Ruby Studded Tunic</a>::Midgard::Chest::14::19%::+5 Hit Points::Studded Leather::5.0::10::Jordheim::<a href="http://gameznet.com/camelot/quest/midgard/vasudheim/travellersway.shtml">Quest</a>::admin
1000263904::<a href="http://gameznet.com/camelot/equipment/midgard/chest/runeembroidered%20Tunic.shtml">Rune Embroidered Tunic</a>::Midgard::Chest::31::0%::::Cloth::2.0::25::Skona Ravine::Wolfaur Headsmen::admin
1000263964::<a href="http://gameznet.com/camelot/equipment/midgard/chest/sharpfangjerkin.shtml">Sharpfang Jerkin</a>::Midgard::Chest::34::19%::+30 Hit Points::Studded Leather::6.0::20::Myrkwood::<a href="http://www.gameznet.com/camelot/bestiary/midgard/myrkwood/greatworg.shtml">Great Worg</a>::admin
1000264013::<a href="http://gameznet.com/camelot/equipment/midgard/chest/tomtejerkin.shtml">Tomte Jerkin</a>::Midgard::Chest::12::10%::::Leather::4.0::5::Audliten::<a href="http://gameznet.com/camelot/quest/midgard/audliten/tomtejerkin.shtml">Quest</a>::admin
1000264087::<a href="http://gameznet.com/camelot/equipment/midgard/feet/bearhideboots.shtml">Bear Hide Boots</a>::Midgard::Feet::14::10%::+4 Quickness::Leather::1.6::7::Haggerfel::<a href="http://gameznet.com/camelot/quest/midgard/haggerfal/simplemisgivings.shtml">Quest</a>::admin
1000264142::<a href="http://gameznet.com/camelot/equipment/midgard/feet/bootsofcatlikefooting.shtml">Boots of Cat-Like Footing</a>::Midgard::Feet::20::10%::+4 Dexterity::Leather::2.0::10::Gotar::<a href="http://gameznet.com/camelot/bestiary/midgard/gotar/tas.shtml">Tas</a>::admin
1000264183::<a href="http://gameznet.com/camelot/equipment/midgard/feet/bootsofloki.shtml">Boots of Loki</a>::Midgard::Feet::64::10%::::Leather::2.0::35::Skona Ravine::Thasia::admin
1000264227::<a href="http://gameznet.com/camelot/equipment/midgard/feet/oiledleatherboots.shtml">Oiled Leather Boots</a>::Midgard::Feet::10::10%::+1 Dexterity::Leather::::7::Gotar::Drowned Soul::admin
1000264269::<a href="http://gameznet.com/camelot/equipment/midgard/feet/thickenedclothboots.shtml">Thickened Cloth Boots</a>::Midgard::Feet::13::0%::+Dexterity/Quickness::Cloth::::15::Myrkwood::Mora Dancer::admin
1000264361::<a href="http://gameznet.com/camelot/equipment/midgard/feet/wileysboots.shtml">Wiley's Boots</a>::Midgard::Feet::20::10%::+3 Quickness::Leather::1.6::10::Huginfell::Mora Dancer::admin
1000264496::<a href="http://gameznet.com/camelot/equipment/midgard/finger/fimix.shtml">Fimix</a>::Midgard::Finger::::::+6 Dexterity::::0.5::15::East Svealand::<a href="http://gameznet.com/camelot/quest/midgard/eastsvealand/covetwiley.shtml">Quest</a>::admin
1000264534::<a href="http://gameznet.com/camelot/equipment/midgard/finger/flamecastring.shtml">Flamecast Ring</a>::Midgard::Finger::::::+Power, +Cold Resist::::0.7::25::Muspelheim::Bright Flame::admin
1000264599::<a href="http://gameznet.com/camelot/equipment/midgard/finger/illbane.shtml">Illbane</a>::Midgard::Finger::::::+6% Disease::::0.5::15::West Svealand::<a href="http://gameznet.com/camelot/bestiary/midgard/westsvea/swift.shtml">Swift</a>::admin
1000264663::<a href="http://gameznet.com/camelot/equipment/midgard/finger/obsidianring.shtml">Obsidian Ring</a>::Midgard::Finger::::::+2 Str/Con/Dex/Qui, +8 HP::::0.7::35::Vanern Swamp::Black Orm::admin
1000264728::<a href="http://gameznet.com/camelot/equipment/midgard/finger/ringofredhands.shtml">Ring of Redhands</a>::Midgard::Finger::::::+1 Quickness, +3 Hit Points::::0.5::5::West Svealand::Blodfelags::admin
1000265217::<a href="http://gameznet.com/camelot/equipment/midgard/finger/ringofsurefooting.shtml">Ring of Surefooting</a>::Midgard::Finger::::::+2 Dexterity::::0.5::10::Myrkwood::Svartalf Outcast::admin
1000265259::<a href="http://gameznet.com/camelot/equipment/midgard/finger/ringofthestalwartsoul.shtml">Ring of the Stalwart Soul</a>::Midgard::Finger::::::+2 Constitution, +2 Disease/Poison Resistance::::0.5::20::West Svealand::Blodfelags::admin
1000265296::<a href="http://gameznet.com/camelot/equipment/midgard/finger/watercastring.shtml">Watercast Ring</a>::Midgard::Finger::::::+Earth Resistance::::0.7::18::West Svealand::<a href="http://gameznet.com/camelot/quest/midgard/westsvealand/paranoidguard.shtml">Quest</a>::admin
1000265340::<a href="http://gameznet.com/camelot/equipment/midgard/hand/bonedgloves.shtml">Boned Gloves</a>::Midgard::Hands::44::19%::::Studded Leather::2.4::25::?::?::admin
1000265391::<a href="http://gameznet.com/camelot/equipment/midgard/hand/brightbrocadebowmansgloves.shtml">Bright Brocade Bowman's Gloves</a>::Midgard::Hands::12::19%::+3 Dexterity, +1 Composite Bow::Studded Leather::2.4::14::Jordheim::<a href="http://gameznet.com/camelot/quest/midgard/fortatla/huntfordurga.shtml">Quest</a>::admin
1000265477::<a href="http://gameznet.com/camelot/equipment/midgard/hand/gauntletsofstormrage.shtml">Gauntlets of Stormrage</a>::Midgard::Hands::60::27%::+4 Str, +3 Con/Dex, +2 Stormcalling::Chain::::30::Muspelheim::Fire Giant Watchmen::admin
1000265518::<a href="http://gameznet.com/camelot/equipment/midgard/hand/pillagersgauntlets.shtml">Pillager's Gauntlets</a>::Midgard::Hands::30::19%::+1 Parry, +12 Hit Points::Studded Leather::2.4::20::West Svealand::Blodfelags::admin
1000265598::<a href="http://gameznet.com/camelot/equipment/midgard/hand/warriorgauntletsoftyr.shtml">Warrior Gauntlets of Tyr</a>::Midgard::Hands::22::19%::+1 Dexterity::Studded Leather::2.4::14::Jordheim::<a href="http://gameznet.com/camelot/quest/midgard/jordheim/hillcathunt.shtml">Quest</a>::admin
1000329224::<a href="http://gameznet.com/camelot/equipment/midgard/head/bearmask.shtml">Bear Mask</a>::Midgard::Head::40::19%::?::Studded Leather::0.5::18::West Svealand::Pawper::admin
1000329325::<a href="http://gameznet.com/camelot/equipment/midgard/head/cervushelmet.shtml">Cervus</a>::Midgard::Head::64::27%::+6 Dex, +6 Qui, +10% Fire::Chain::::31::Muspelheim::<a href="http://gameznet.com/camelot/bestiary/midgard/muspelheim/lordfire.shtml">Lord Fire</a>::admin
1000329373::<a href="http://gameznet.com/camelot/equipment/midgard/head/crownofinsanity.shtml">Crown of Insanity</a>::Midgard::Head::46::19%::+5 Strength, +Mind Resistance, -10 Int/Cha::Studded Leather::5.0::26::Muspelheim::Strykel::admin
1000329415::<a href="http://gameznet.com/camelot/equipment/midgard/head/flamehelm.shtml">Flame Helm</a>::Midgard::Head::44::19%::+Fire Resist::Studded Leather::2.0::26::Huginfell::<a href="http://www.gameznet.com/camelot/quest/midgard/huginfell/livingwarning.shtml">Quest</a>::admin
1000329621::<a href="http://gameznet.com/camelot/equipment/midgard/head/helmoftheaki.shtml">Helm of the Aki</a>::Midgard::Head::34::27%::+4 Qui, +3 Cha::Chain::2.0::20::Huginfell::<a href="http://www.gameznet.com/camelot/quest/midgard/huginfell/protecthuginfell.shtml">Quest</a>::admin
1000330048::<a href="http://gameznet.com/camelot/equipment/midgard/head/primordialskullhelm.shtml">Primordial Skull Helm</a>::Midgard::Head::60::27%::+7 Pie, +4 Con, +4% Void Resist::Chain::::30::Skona Ravine::Werewolves::admin
1000330121::<a href="http://gameznet.com/camelot/equipment/midgard/head/snakeskinhelm.shtml">Snake-Skin Helm</a>::Midgard::Head::72::19%::+Piety, +Poison Resist::Studded Leather::::37::Vanern Swamp::Hagbuis::admin
1000330178::<a href="http://gameznet.com/camelot/equipment/midgard/head/stripehidehelm.shtml">Stripe Hide Helm</a>::Midgard::Head::50::10%::+15 Intelligence::Leather::::30::Skona Ravine::Stripe::admin
1000330297::<a href="http://gameznet.com/camelot/equipment/midgard/jewelry/glowingblackeye.shtml">Glowing Black Eye</a>::Midgard::Jewelry::::::+4 Piety, +Power::::0.3::35::Vanern Swamp::Black Orm::admin
1000330342::<a href="http://gameznet.com/camelot/equipment/midgard/jewelry/jewelofaugmentation.shtml">Jewel of Augmentation</a>::Midgard::Jewelry::::::+2 Pie, +2 Dex::::0.3::15::Myrkwood::Mora Dancer::admin
1000330372::<a href="http://gameznet.com/camelot/equipment/midgard/jewelry/stoneofthepious.shtml">Stone of the Pious</a>::Midgard::Jewelry::::::+5 Piety::::0.8::15::West Svealand::Old Smoke::admin
1000330476::<a href="http://gameznet.com/camelot/equipment/midgard/jewelry/willowheart.shtml">Willow Heart</a>::Midgard::Jewelry::::::+6 Constitution::::0.3::15::Myrkwood::<a href="http://www.gameznet.com/camelot/bestiary/midgard/myrkwood/salix.shtml">Salix</a>::admin
1000330534::<a href="http://gameznet.com/camelot/equipment/midgard/leg/berbenetleggings.shtml">Berbenet Leggings</a>::Midgard::Legs::36::19%::+3 Dexterity, +2 Quickness, +Crush Resist::Studded Leather::2.2::20::Mularn::<a href="http://gameznet.com/camelot/quest/midgard/mularn/eveningsemptymisgivings.shtml">Quest</a>::admin
1000330576::<a href="http://gameznet.com/camelot/equipment/midgard/leg/drakescaleleggings.shtml">Drakescale Leggings</a>::Midgard::Legs::58::19%::+9 Stamina::Studded Leather::::30::Muspelheim::Ember::admin
1000330614::<a href="http://gameznet.com/camelot/equipment/midgard/leg/oiledleatherleggings.shtml">Oiled Leather Leggings</a>::Midgard::Legs::18::10%::+3 Quickness, +2 Dexterity::Leather::2.5::10::Vale of Mularn::Vendo Shaman::admin
1000330665::<a href="http://gameznet.com/camelot/equipment/midgard/leg/serpenthideleggings.shtml">Serpent-Hide Leggings</a>::Midgard::Legs::72::19%::+8 Con. +2 Qui, +2% Poison Resist::Studded Leather::::40::Vanern Swamp::Hagbui Ghouls::admin
1000330716::<a href="http://gameznet.com/camelot/equipment/midgard/neck/toenecklace.shtml">Toe Necklace</a>::Midgard::Neck::::::+3 Piety::::::12::Huginfell::<a href="http://gameznet.com/camelot/quest/midgard/huginfell/wakingofthefallen.shtml">Quest</a>::admin
1000330747::<a href="http://gameznet.com/camelot/equipment/midgard/neck/wanestonejewelneck.shtml">Wanestone Jewel Necklace</a>::Midgard::Neck::::::+5 Strength::::::18::Jordheim::<a href="http://gameznet.com/camelot/quest/midgard/vasudheim/gokstadsjewel.shtml">Quest</a>::admin
1000330849::<a href="http://gameznet.com/camelot/equipment/midgard/neck/windchimes.shtml">Windchimes</a>::Midgard::Neck::::::+Wind Resist::::::::Gotar::Vidalf::admin
1000330968::<a href="http://gameznet.com/camelot/equipment/midgard/shields/fieryshield.shtml">Fiery Shield</a>::Midgard::Shields::::::+4 Pie, +2 Str, +2 Shield, +6% Fire::Small Shield::::22::Muspelheim::<a href="http://gameznet.com/camelot/bestiary/midgard/muspelheim/eld.shtml">Eld</a>::admin
1000331704::<a href="http://gameznet.com/camelot/equipment/midgard/waist/ghoulhairbelt.shtml">Ghoul Hair Belt</a>::Midgard::Waist::::::+6 Hit Points::::::5::Audliten::<a href="http://gameznet.com/camelot/quest/midgard/audliten/ghoulhairbelt.shtml">Quest</a>::admin
1000331741::<a href="http://gameznet.com/camelot/equipment/midgard/waist/silkstrandbelt.shtml">Silkstrands Belt</a>::Midgard::Waist::::::+Power::::0.3::10::Gotar::<a href="http://gameznet.com/camelot/bestiary/midgard/gotar/ick.shtml">Ick</a>::admin
1000331899::<a href="http://gameznet.com/camelot/equipment/midgard/waist/toebonebelt.shtml">Toe Bone Belt</a>::Midgard::Waist::::::+2 Str, Con, Dex, Qui, +HP::::1.0::16::Huginfell::<a href="http://gameznet.com/camelot/quest/midgard/huginfell/wakingofthefallen.shtml">Quest</a>::admin
1000331947::<a href="http://gameznet.com/camelot/equipment/midgard/wrist/braceletofdefense.shtml">Bracelet of Defense</a>::Midgard::Wrist::::::+6 Quickness, +3 Parry, +8% Bleed Resist::::::35::Skona Ravine::Fjalar::admin
1000332081::<a href="http://gameznet.com/camelot/equipment/midgard/wrist/flameimbuedbracelet.shtml">Flame Imbued Bracelet</a>::Midgard::Wrist::::::+Fire Resist::::::30::Muspelheim::Spirit of Flames::admin
1000332108::<a href="http://gameznet.com/camelot/equipment/midgard/wrist/trollishstonebracer.shtml">Trollish Stone Bracer</a>::Midgard::Wrist::::::+1 Sword, +8 Hit Points::::::25::Muspelheim::Mephitic Ghoul::admin
1001107022::<a href="http://gameznet.com/camelot/equipment/midgard/feet/blessedlokiboots.shtml">Blessed Loki Boots</a>::Midgard::Feet::12::10%::+2 Quickness::Leather::1.6::5::::::admin
1001371350::<a href="http://gameznet.com/camelot/equipment/midgard/wrist/tailofmorra.shtml">Tail of Morra</a>::Midgard::Wrist::::::+2 Strength, +1 Sword::::::7::Audliten::<a href="http://gameznet.com/camelot/quest/midgard/audliten/adeedofold.shtml">Quest</a>::admin
1001371401::<a href="http://gameznet.com/camelot/equipment/midgard/finger/ringofthestealthy.shtml">Ring of the Stealthy</a>::Midgard::Finger::5::0%::+1 Dexterity, +1 Stealth::Cloth::0.5::7::Fort Atla/Jordheim::<a href="http://gameznet.com/camelot/quest/midgard/vasudheim/travellersway.shtml">Quest</a>::admin
1001454482::<a href="http://gameznet.com/camelot/equipment/midgard/wrist/engravedbracer.shtml">Engraved Bracer</a>::Midgard::Wrist::::::+3 Hit Points::::::3::Myrkwood::Hobgoblin Snagger::admin
1001454550::<a href="http://gameznet.com/camelot/equipment/midgard/back/battlesingerscloak.shtml">Battlesinger's Cloak</a>::Midgard::Back::::::+1 Battlesongs::::2.0::5::::Trainer::admin
1001530642::<a href="http://gameznet.com/camelot/equipment/midgard/jewelry/reincarnatedormeye.shtml">Reincarnated Orm Eye</a>::Midgard::Jewelry::::::+45 Hit Points::::::45::Vanern Swamp::Reincarnated Orms::admin
1002061397::<a href="http://gameznet.com/camelot/equipment/midgard/head/smygashelm.shtml">Smyg's Helm</a>::Midgard::Head::22::19%::+5 Piety::Studded Leather::2.0::10::Mularn::<a href="http://gameznet.com/camelot/quest/midgard/mularn/smygasraid.shtml">Quest</a>::admin
1002061523::<a href="http://gameznet.com/camelot/equipment/midgard/jewelry/skullbonebrooch.shtml">Skullbone Brooch</a>::Midgard::Jewelry::::::+5 Constitution::::2.0::8::Audliten::<a href="http://gameznet.com/camelot/quest/midgard/audliten/adeedofold.shtml">Quest</a>::admin
1002061543::<a href="http://gameznet.com/camelot/equipment/midgard/neck/rasczelsbane.shtml">Rasczel's Bane</a>::Midgard::Neck::::::+6 Strength, +6 Hit Points::::::12::::Quest::admin
1002061588::<a href="http://gameznet.com/camelot/equipment/midgard/finger/ringofwisdom.shtml">Ring of Wisdom</a>::Midgard::Finger::::::+4 Piety::::0.5::10::Gotar::<a href="http://gameznet.com/camelot/bestiary/midgard/gotar/twitchclaw.shtml">Twitchclaw</a>::admin
1002063661::<a href="http://gameznet.com/camelot/equipment/albion/neck/beartoothcharm.shtml">Beartooth Charm</a>::Albion::Neck::::::+3 Strength::::::10::Ludlow::<a href="http://gameznet.com/camelot/quest/albion/ludlow/dunansbeartooth.shtml">Quest</a>::admin
1002063698::<a href="http://gameznet.com/camelot/equipment/midgard/head/eirscirclet.shtml">Eir's Circlet</a>::Midgard::Head::12::10%::+2 Piety::Leather::0.3::5::Trainer::Trainer::admin
1002314109::<a href="http://gameznet.com/camelot/equipment/albion/hand/tatteredfarmergloves.shtml">Tattered Farmer Gloves</a>::Albion::Hands::10::10%::+Hit Points::Leather::1.6::7::Camelot Hills::<a href="http://gameznet.com/camelot/bestiary/albion/camelothills/zombiefarmer.shtml">Zombie Farmer</a>::admin
1002596549::<a href="http://gameznet.com/camelot/equipment/hibernia/neck/medallionofthewarriorspirit.shtml">Medallion of the Warrior Spirit</a>::Hibernia::Neck::::::+2 Strength, +3 Hit Points::::::7::Tir Na Nog::<a href="http://gameznet.com/camelot/quest/hibernia/tirnanog/destructiveforces.shtml">Quest</a>::admin
1002596590::<a href="http://gameznet.com/camelot/equipment/hibernia/finger/ringofcrossedstaves.shtml">Ring of Crossed Staves</a>::Hibernia::Finger::::::+2 Intelligence, +3 Hit Points::::::4::Mag Mell::<a href="http://gameznet.com/camelot/quest/hibernia/magmell/summonersexpulsion.shtml">Quest</a>::admin
1002596663::<a href="http://gameznet.com/camelot/equipment/hibernia/shields/resilientoakshield.shtml">Resilient Oak Shield</a>::Hibernia::Small Shields::::::::::3.1::3::Lough Derg::Minor Changelling::admin
1002606865::<a href="http://gameznet.com/camelot/equipment/hibernia/wrist/bandedreedbracer.shtml">Banded Reed Bracer</a>::Hibernia::Wrist::::::+1 Constitution::::::1::::::admin
1002606892::<a href="http://gameznet.com/camelot/equipment/hibernia/arm/imbuedsleeves.shtml">Imbued Sleeves</a>::Hibernia::Arms::12::24%::::Chain::::7::::::admin
1002695221::<a href="http://gameznet.com/camelot/equipment/albion/leg/arawniteleggings.shtml">Arawnite Leggings</a>::Albion::Legs::68::27%::+8 Con, +2 Dex, +24 HP::Chain::::30::<a href="http://gameznet.com/camelot/zone/albion/snowdonnia.shtml">Snowdonia</a>::Arawnites::admin
1002695265::<a href="http://gameznet.com/camelot/equipment/hibernia/neck/commonerssymbol.shtml">Commoners Symbol</a>::Hibernia::Neck::::::+1 Charisma::::::13::Connacht/Lough Derg::Ghostly Siabra::admin
1002695305::<a href="http://gameznet.com/camelot/equipment/midgard/wrist/ornatebracer.shtml">Ornate Bracer</a>::Midgard::Wrist::::::+3 Cha, +3 Dex::::::15::<a href="http://gameznet.com/camelot/zone/midgard/myrkwoodforest.shtml">Myrkwood Forest</a>::Mora Dancer::admin
1002829772::<a href="http://gameznet.com/camelot/equipment/midgard/waist/oiledleatherbelt.shtml">Oiled Leather Belt</a>::Midgard::Waist::::::+1 Dexterity::::0.3::1::Gotar, Myrkwood::Fragile Skeletons::admin
1002829851::<a href="http://gameznet.com/camelot/equipment/midgard/back/dwarfskincloak.shtml">Dwarf-Skin Cloak</a>::Midgard::Back::::::+3 Constitution::::::10::Nisse's Lair::Random Tomtes::admin
1002829874::<a href="http://gameznet.com/camelot/equipment/midgard/finger/ringofhatred.shtml">Ring of Hatred</a>::Midgard::Finger::::::+2 Strength, +1 Dexterity::::0.1::10::Nisse's Lair::Random Tomtes::admin
1002829944::<a href="http://gameznet.com/camelot/equipment/midgard/finger/woodenband.shtml">Wooden Band</a>::Midgard::Finger::::::+1 Piety::::0.3::3::Gotar::Dryad Sprout::admin
1002913932::<a href="http://gameznet.com/camelot/equipment/hibernia/neck/sparrowpendant.shtml">Sparrow Pendant</a>::Hibernia::Neck::::::+1 Dexterity::::::1::Silvermine Mountains::Sandman::admin
1002914052::<a href="http://gameznet.com/camelot/equipment/midgard/wrist/bejeweledbracer.shtml">Bejeweled Bracer</a>::Midgard::Wrist::::::+2 Cha, +2 Dex::::0.5::15::Myrkwood::Mora Dancer::admin
1002914090::<a href="http://gameznet.com/camelot/equipment/midgard/wrist/bracerofmalevolence.shtml">Bracer of Malevolence</a>::Midgard::Wrist::::::+2 Con, +2 Pie::::::10::Nisse's Lair::Random Tomtes::admin
1002914135::<a href="http://gameznet.com/camelot/equipment/midgard/back/finenorsecloak.shtml">Fine Norse Cloak</a>::Midgard::Back::::::+3 Dexterity, +2 Quickness, +1 Stealth::::::11::Fort Atla/Jordheim::<a href="http://gameznet.com/camelot/quest/midgard/fortatla/gokstadsjewel.shtml">Quest</a>::admin
1002914170::<a href="http://gameznet.com/camelot/equipment/midgard/head/capofmindbending.shtml">Cap of Mindbending</a>::Midgard::Head::9::0%::+2 Piety::Cloth::::7::Jordheim::<a href="http://gameznet.com/camelot/quest/midgard/vasudheim/travellersway.shtml">Quest</a>::admin
1003004361::<a href="http://gameznet.com/camelot/equipment/albion/chest/mildewedtunic.shtml">Mildewed Tunic</a>::Albion::Chest::7::0%::+1 Intelligence::Cloth::::3::Camelot Hills::Puny Skeleton::admin
1003004404::<a href="http://gameznet.com/camelot/equipment/midgard/feet/bootsoftheagileevader.shtml">Boots of the Agile Evader</a>::Midgard::Feet::30::10%::+4 Dex, +3 Qui::Leather::1.6::15::Jordheim::<a href="http://gameznet.com/camelot/quest/midgard/jordheim/scoutargyle.shtml">Quest</a>::admin
1003004435::<a href="http://gameznet.com/camelot/equipment/midgard/leg/tomtestuddedleggings.shtml">Tomte Studded Leggings</a>::Midgard::Legs::18::19%::::Studded Leather::::10::Nisse's Lair::Random Tomtes::admin
1003004468::<a href="http://gameznet.com/camelot/equipment/midgard/neck/skaldsmedallion.shtml">Skald's Medallion</a>::Midgard::Neck::::::+1 Strength, +2 Battlesongs, +2 Charisma, +Power::::::11::Jordheim::Quest::admin
1003004510::<a href="http://gameznet.com/camelot/equipment/midgard/chest/strengthenedhauberk.shtml">Strengthened Hauberk</a>::Midgard::Chest::30::27%::+3 Str, +15 HP::Chain::::15::Jordheim::Quest::admin
1003093267::<a href="http://gameznet.com/camelot/equipment/albion/head/helmoftheforlorn.shtml">Helm of the Forlorn</a>::Albion::Head::26::27%::+9 HP, +2 Qui::Chain::3.2::12::Tomb of Mithra::Random Undead::admin
1003093294::<a href="http://gameznet.com/camelot/equipment/albion/leg/agedmithrianclothpants.shtml">Aged Mithrian Cloth Pants</a>::Albion::Leg::13::0%::::Cloth::::12::Tomb of Mithra::Random Undead::admin
1003093328::<a href="http://gameznet.com/camelot/equipment/midgard/wrist/bracerovalor.shtml">Bracer of Valor</a>::Midgard::Wrist::::::+2 Cha, +2 Dex, +2 Qui::::::15::West Svealand::Blodfelags::admin
1003093375::<a href="http://gameznet.com/camelot/equipment/midgard/leg/shadowedleggings.shtml">Shadowed Leggings</a>::Midgard::Leg::40::10%::+4 Con, +4 Dex, +9% Light::Leather::1.8::20::Jordheim::<a href="http://gameznet.com/camelot/quest/midgard/jordheim/ltsalurn.shtml">Quest</a>::admin
1003093476::<a href="http://gameznet.com/camelot/equipment/midgard/arm/warravagerssleevs.shtml">War Ravager's Sleeves</a>::Midgard::Arms::40::27%::+8 Str, +2 Dex::Chain::::20::Jordheim::Quest::admin
1003173923::<a href="http://gameznet.com/camelot/equipment/albion/feet/bootsoftheforlorn.shtml">Boots of the Forlorn</a>::Albion::Feet::24::27%::+5 Dex::Chain::3.2::10::Tomb of Mithra::Random Undead::admin
1003173961::<a href="http://gameznet.com/camelot/equipment/albion/chest/footmanschain.shtml">Footman's Chain</a>::Albion::Chest::24::27%::+1 Con, +1 Str::Chain::8.0::15::Avalon Marsh::Ghoul Footman::admin
1003173996::<a href="http://gameznet.com/camelot/equipment/midgard/wrist/beastfriendsbracer.shtml">Beastfriend's Bracer</a>::Midgard::Wrist::::::+2 Beastcraft, +2 Con::::::15::Jordheim::<a href="http://gameznet.com/camelot/quest/midgard/jordheim/scoutargyle.shtml">Quest</a>::admin
1003174024::<a href="http://gameznet.com/camelot/equipment/midgard/jewelry/ferventjewel.shtml">Fervent Jewel</a>::Midgard::Jewelry::::::+5 Con, +2 Dex::::::20::West Svealand::<a href="http://gameznet.com/camelot/quest/midgard/westsvealand/fervent.shtml">Quest</a>::admin
1003174113::<a href="http://gameznet.com/camelot/equipment/midgard/leg/thunderstridersleggings.shtml">Thunder-Strider's Leggings</a>::Midgard::Legs::40::27%::+7 Con, +3% Acid/Poison::Chain::::20::Jordheim::Quest::admin
1003174145::<a href="http://gameznet.com/camelot/equipment/midgard/finger/ringofhealth.shtml">Ring of Health</a>::Midgard::Finger::::::+2 Con, +2 Pie::::0.1::7::Jordheim::<a href="http://gameznet.com/camelot/quest/midgard/vasudheim/travellersway.shtml">Quest</a>::admin
1003174184::<a href="http://gameznet.com/camelot/equipment/midgard/shields/brittlebonetowershield.shtml">Brittle-Bone Tower Shield</a>::Midgard::Shields::::::+3 Str, +1 Shield::Large Shield::::10::Nisse's Lair::Nisse's Guards::admin
1003265005::<a href="http://gameznet.com/camelot/equipment/albion/waist/bonestuddedbelt.shtml">Bone Studded Belt</a>::Albion::Waist::::::+2 Str::::::10::Tomb of Mithra::Random Undead::admin
1003265041::<a href="http://gameznet.com/camelot/equipment/albion/hand/gauntletsoftheforlorn.shtml">Gauntlets of the Forlorn</a>::Albion::Hands::26::27%::+5 Qui::Chain::3.2::13::Tomb of Mithra::Random Undead::admin
1003265100::<a href="http://gameznet.com/camelot/equipment/albion/head/capofintelligence.shtml">Cap of Intelligence</a>::Albion::Head::::::+3 Intelligence::Cloth::::10::Snowdonia Station::<a href="http://gameznet.com/camelot/quest/albion/snowdoniastat/thinkingcap.shtml">Quest</a>::admin
1003265138::<a href="http://gameznet.com/camelot/equipment/albion/neck/fairycharm.shtml">Fairy Charm</a>::Albion::Neck::::::+1 Int, +1 Cha, -1 Str::::::10::Salisbury Plains::?::admin
1003265182::<a href="http://gameznet.com/camelot/equipment/albion/leg/leggingsoftheforlorn.shtml">Leggings of the Forlorn</a>::Albion::Legs::26::27%::+8 HP, +5 Con::Chain::3.2::13::Tomb of Mithra::Random Undead::admin
1003265203::<a href="http://gameznet.com/camelot/equipment/albion/chest/hauberkoftheforlorn.shtml">Hauberk of the Forlorn</a>::Albion::Chest::26::27%::+9 HP, +2 Str::Chain::8.0::13::Tomb of Mithra::Random Undead::admin
1003265253::<a href="http://gameznet.com/camelot/equipment/albion/neck/bonestuddednecklace.shtml">Bone Studded Necklace</a>::Albion::Neck::::::+2 Int::::::10::Tomb of Mithra::Random Undead::admin
1003265324::<a href="http://gameznet.com/camelot/equipment/albion/finger/bonering.shtml">Bone Ring</a>::Albion::Finger::::::+3 Str, +2 Con::::::15::Tomb of Mithra::Random Undead::admin
1003265355::<a href="http://gameznet.com/camelot/equipment/albion/arm/armsmanssleeves.shtml">Armsman's Sleeves</a>::Albion::Arms::14::27%::+6 HP, +3 Str::Chain::1.0::9::Trainer::Quest::admin
1003265388::<a href="http://gameznet.com/camelot/equipment/albion/chest/dustwalkershauberk.shtml">Dust-Walker's Hauberk</a>::Albion::Chest::42::27%::+21 HP::Chain::8.0::20::Keltoi Fogou::Random::admin
1003265435::<a href="http://gameznet.com/camelot/equipment/albion/chest/spidersilkenrobe.shtml">Spider Silken Robe</a>::Albion::Chest::18::0%::+3 Int, +3 Dex, +5 HP, +Power::Cloth::::17::Campacorentin Station::Quest::admin
1003265503::<a href="http://gameznet.com/camelot/equipment/midgard/neck/necklaceofpurification.shtml">Necklace of Purification</a>::Midgard::Neck::::::+2 Piety::::::10::Vale of Mularn::Wood-Ant Queen::admin
1003352525::<a href="http://gameznet.com/camelot/equipment/albion/jewelry/demonssoulgem.shtml">Demon's Soul Gem</a>::Albion::Jewelry::::::+3 Int::::::7::Camelot City::<a href="http://gameznet.com/camelot/quest/albion/camelot/travelersway.shtml">Quest</a>::admin
1003352655::<a href="http://gameznet.com/camelot/equipment/albion/finger/ringofrejuvination.shtml">Ring of Rejuvination</a>::Albion::Finger::::::+1 Rejuvination::::::7::Camelot City/Trainer::<a href="http://gameznet.com/camelot/quest/albion/camelot/travelersway.shtml">Quest</a>::admin
1003352772::<a href="http://gameznet.com/camelot/equipment/hibernia/wrist/etchedcrystalbracer.shtml">Etched Crystal Bracer</a>::Hibernia::Wrist::::::+2 Dex, +2 Qui::::::12::Connacht/Lough Derg::Ghostly Siabra::admin
1003352808::<a href="http://gameznet.com/camelot/equipment/hibernia/hand/siabrangloves.shtml">Siabran Gloves</a>::Hibernia::Hands::30::10%::+3 Qui, +3% Blood::Leather::1.6::15::Connacht/Lough Derg::Ghostly Siabra::admin
1003352862::<a href="http://gameznet.com/camelot/equipment/hibernia/back/naturesshroud.shtml">Nature's Shroud</a>::Hibernia::Back::::::+1 Con, +2 Dex::::::5::Tir Na Nog::Trainer::admin
1003352889::<a href="http://gameznet.com/camelot/equipment/hibernia/jewelry/jewelofspeed.shtml">Jewel of Speed</a>::Hibernia::Jewelry::::::+5 Qui::::::11::Tir Na Nog::Quest::admin
1003436360::<a href="http://gameznet.com/camelot/equipment/albion/back/cloakofshades.shtml">Cloak of Shades</a>::Albion::Back::::::+2 Stealth, +3 Hit Points::::2.0::12::Cotswold::<a href="http://gameznet.com/camelot/quest/albion/cotswold/cloakofshades.shtml">Quest</a>::admin
1003436413::<a href="http://gameznet.com/camelot/equipment/midgard/feet/foresthunterboots.shtml">Forest Hunter's Boots</a>::Midgard::Feet::40::19%::+3 Qui, +2 Stealth::Studded Leather::2.4::20::Jordheim::<a href="http://gameznet.com/camelot/quest/midgard/jordheim/ltsalurn.shtml">Quest</a>::admin
1003436451::<a href="http://gameznet.com/camelot/equipment/midgard/back/glimmeringmantle.shtml">Glimmering Mantle</a>::Midgard::Back::::::+5 Cha, +2 Qui, +Power::::2.0::25::Skona Ravine::Moss Maiden::admin
1003608461::<a href="http://gameznet.com/camelot/equipment/midgard/wrist/jeweledbracer.shtml">Jeweled Bracer</a>::Midgard::Wrist::::::+2 Str, +2 Cha::::::18::Myrkwood::Mora Dancer::admin
1003608529::<a href="http://gameznet.com/camelot/equipment/midgard/hand/warravagersgauntlets.shtml">War Ravager's Gauntlets</a>::Midgard::Hands::50::27%::?::Chain::::25::Jordheim::Quest::admin
1003608574::<a href="http://gameznet.com/camelot/equipment/midgard/jewelry/stoneofcoldfire.shtml">Stone of Coldfire</a>::Midgard::Jewelry::::::+5 Dex, +4 Qui, +9% Cold::::::25::Muspelheim::<a href="http://gameznet.com/camelot/bestiary/midgard/muspelheim/brika.shtml">Brika</a>::admin
1003608603::<a href="http://gameznet.com/camelot/equipment/midgard/finger/lightboundring.shtml">Lightbound Ring</a>::Midgard::Finger::::::+3 Str, +3 Con, +3 Dex::::::25::Muspelheim::Mephitic Ghouls::admin
1003608688::<a href="http://gameznet.com/camelot/equipment/midgard/arm/shiningsleevesofthedauntless.shtml">Shining Sleeves of the Dauntless</a>::Midgard::Arms::60::27%::+3 Con, +6% Cold::Chain::::30::Skona Ravine::Werewolves::admin
1003608747::<a href="http://gameznet.com/camelot/equipment/midgard/chest/brimstonebreastplate.shtml">Brimstone Breastplate</a>::Midgard::Chest::54::27%::+45 Hit Points::Chain::::25::Muspelheim::Charred Skeletal Commander::admin
1003608827::<a href="http://gameznet.com/camelot/equipment/midgard/chest/hrodeksbreastplate.shtml">Hrodek's Chain</a>::Midgard::Chest::52::27%::+Qui, +Dex, +HP::Chain::::25::Muspelheim::Hrodek::admin
1003608865::<a href="http://gameznet.com/camelot/equipment/midgard/chest/stormridershauberk.shtml">Stormrider's Hauberk</a>::Midgard::Chest::50::27%::+3 Str, +3 Con, +21 HP::Chain::::25::Jordheim::Quest::admin
1003608890::<a href="http://gameznet.com/camelot/equipment/midgard/chest/warravagershauberk.shtml">War Ravager's Hauberk</a>::Midgard::Chest::60::27%::+4 Str, +3 Con, +27 HP::Chain::::30::Jordheim::Quest::admin
1003811961::<a href="http://gameznet.com/camelot/equipment/albion/wrist/bracerofarms.shtml">Bracer of Arms</a>::Albion::Wrist::::::+1 Thrusting/Slashing/Crushing::::::20::Keltoi Fogou::Random::admin
1003811984::<a href="http://gameznet.com/camelot/equipment/albion/wrist/bracerofmagic.shtml">Bracer of Magic</a>::Albion::Wrist::::::+2 Fire Magic::::::20::Keltoi Fogou::Random::admin
1003812070::<a href="http://gameznet.com/camelot/equipment/albion/hand/vindicatorgauntlets.shtml">Vindicator Gauntlets</a>::Albion::Hands::42::34%::+7 Qui::Plate::::20::Keltoi Fogou::Random::admin
1003812091::<a href="http://gameznet.com/camelot/equipment/albion/arm/vindicatorvambraces.shtml">Vindicator Vambraces</a>::Albion::Arms::42::34%::+7 Str::Plate::::20::Keltoi Fogou::Random::admin
1003812127::<a href="http://gameznet.com/camelot/equipment/hibernia/finger/ringoftheamadan.shtml">Ring of the Amadan</a>::Hibernia::Finger::::::-4 Con, -4 Cha, +4 Emp, +4 Int::::::30::Emain Macha::Amadan Touched::admin
1003812170::<a href="http://gameznet.com/camelot/equipment/midgard/feet/shiningsbootsofthefrenzied.shtml">Shining Boots of the Frenzied</a>::Midgard::Feet::60::19%::+5 Dex, +4 Qui, +1 Evade, +1 Berserk::Studded Leather::::30::Muspelheim::Fire Giants::admin
1003812207::<a href="http://gameznet.com/camelot/equipment/midgard/jewelry/pulsatingjewelofanger.shtml">Pulsating Jewel of Anger</a>::Midgard::Jewelry::::::+3 Quickness::::::10::Nisse's Lair::Random Tomtes::admin
1003812230::<a href="http://gameznet.com/camelot/equipment/midgard/neck/tomtenecklaceofagitation.shtml">Tomte Necklace of Agitation</a>::Midgard::Neck::::::+9 HP::::::10::Nisse's Lair::Random Tomtes::admin
1003812264::<a href="http://gameznet.com/camelot/equipment/midgard/chest/sagaspinnersprotector.shtml">Saga Spinners Protector</a>::Midgard::Cheset::50::27%::+2 Battlesongs, +3 Con, +3 Str, +3 Dex.::Chain::::25::Jordheim::Quest::admin
1003812298::<a href="http://gameznet.com/camelot/equipment/albion/neck/necklaceofbrilliance.shtml">Necklace of Brilliance</a>::Albion::Neck::::::+6 Int::::::20::Keltoi Fogou::Random::admin
1003812314::<a href="http://gameznet.com/camelot/equipment/albion/neck/necklaceofthepious.shtml">Necklace of the Pious</a>::Albion::Neck::::::+6 Pie::::::20::Keltoi Fogou::Random::admin
1003812338::<a href="http://gameznet.com/camelot/equipment/albion/finger/rubyencrustedring.shtml">Ruby Encrusted Ring</a>::Albion::Finger::::::+4 Int::::::15::Campacorentin/Salisbury Plains::Pixies::admin
1003812422::<a href="http://gameznet.com/camelot/equipment/hibernia/feet/ireboots.shtml">Ire Boots</a>::Hibernia::Feet::40::19%::+8 Dexterity, +6% Electricity Resistance::Studded Leather::::20::Tir na Nog::Quest::admin
1003955369::<a href="http://gameznet.com/camelot/equipment/midgard/wrist/braceletofpacification.shtml">Bracelet of Pacification</a>::Midgard::Wrist::::::+4 Pie, +2 Pacification::::::20::Haggerfal::<a href="http://gameznet.com/camelot/quest/midgard/jordheim/seerepicquest-2.shtml">Quest</a>::admin
1003955414::<a href="http://gameznet.com/camelot/equipment/midgard/hand/gauntletsoftempest.shtml">Gauntlets of the Tempest</a>::Midgard::Hands::60::27%::+2 Stormcalling, +8 Str, +4 Qui::Chain::3.2::30::?::?::admin
1003955472::<a href="http://gameznet.com/camelot/equipment/midgard/leg/askafroaschainlegs.shtml">Askafroa's Chain Leggings</a>::Midgard::Legs::68::27%::+12 Con, +4% Cold/Fire/Earth Resistance::Chain::6.5::35::Skona Ravine::<a href="http://gameznet.com/camelot/bestiary/midgard/skona/askafroa.shtml">Askafroa</a>::admin
1003955510::<a href="http://gameznet.com/camelot/equipment/midgard/chest/askafroaschainhauberk.shtml">Askafroa's Chain Hauberk</a>::Midgard::Chest::68::27%::+36 HP, +4% Crush/Slash/Thrust Resist::Chain::::35::Skona Ravine::<a href="http://gameznet.com/camelot/bestiary/midgard/skona/askafroa.shtml">Askafroa</a>::admin
1003955548::<a href="http://gameznet.com/camelot/equipment/midgard/finger/boneclawringofmorra.shtml">Boneclaw Ring of Morra</a>::Midgard::Finger::::::+5 Pie::::2.0::7::Audliten::<a href="http://gameznet.com/camelot/quest/midgard/audliten/adeedofold.shtml">Quest</a>::admin
1003955591::<a href="http://gameznet.com/camelot/equipment/midgard/arm/hollowedchitinsleeves.shtml">Hollowed Chitin Sleeves</a>::Midgard::Arms::70::19%::+4 Str, +4 Qui::Studded Leather::::30::Vanern Swamp::Mud Crab::admin
1003955682::<a href="http://gameznet.com/camelot/equipment/midgard/arm/wyrmsleeves.shtml">Wyrm Sleeves</a>::Midgard::Arms::62::27%::+12 Str, +8% Fire Resist::Chain::4.8::30::Mularn::<a href="http://gameznet.com/camelot/quest/midgard/mularn/youngfirewyrmlord.shtml">Quest</a>::admin
1003956975::<a href="http://gameznet.com/camelot/equipment/albion/finger/ringofflight.shtml">Ring of Flight</a>::Albion::Finger::::::+3 Dex::::::7::Camelot City::<a href="http://gameznet.com/camelot/quest/albion/camelot/travelersway.shtml">Quest</a>::admin
1003957104::<a href="http://gameznet.com/camelot/equipment/albion/arm/sleevesofmight.shtml">Sleeves of Might</a>::Albion::Arms::14::19%::+3 Str, +6 HP::Studded Leather::2.0::7::Camelot City::<a href="http://gameznet.com/camelot/quest/albion/camelot/travelersway.shtml">Quest</a>::admin
1003957133::<a href="http://gameznet.com/camelot/equipment/albion/chest/studdedspidereyevest.shtml">Studded Spider Eye Vest</a>::Albion::Chest::28::19%::+2 Pie, +3 Qui, +9 HP, +Power::Studded Leather::6.0::14::?::Quest::admin
1003957168::<a href="http://gameznet.com/camelot/equipment/hibernia/finger/ivyring.shtml">Ivy Ring</a>::Hibernia::Finger::::::+1 Emp::::::3::Silvermine Mountains::Feccan::admin
1003957210::<a href="http://gameznet.com/camelot/equipment/midgard/jewelry/redcrystaleye.shtml">Red Crystal Eye</a>::Midgard::Jewelry::::::+1 Pie, +5% Void Resist::::::5::Vale of Mularn::Wood-Eaters::admin
1003957252::<a href="http://gameznet.com/camelot/equipment/midgard/neck/blesssedpendant.shtml">Blessed Pendant</a>::Midgard::Neck::::::+1 Aug, +1 Mend, +1 Pac::::::15::Jordheim::<a href="http://gameznet.com/camelot/quest/midgard/jordheim/seerepicquest.shtml">Quest</a>::admin
1003957286::<a href="http://gameznet.com/camelot/equipment/midgard/neck/bloodstainedbeadnecklace.shtml">Blood Stained Bead Necklace</a>::Midgard::Neck::::::+2 Dex, +4% Slash Resist::::::10::Nisse's Lair::Random Tomtes::admin
1003957318::<a href="http://gameznet.com/camelot/equipment/midgard/finger/ringofpiety.shtml">Ring of Piety</a>::Midgard::Finger::::::+3 Pie::::::11::Jordheim::<a href="http://gameznet.com/camelot/quest/midgard/vasudheim/darksongdirge.shtml">Quest</a>::admin
1003957395::<a href="http://gameznet.com/camelot/equipment/midgard/arm/mephiticleathersleeves.shtml">Mephitic Leather Sleeves</a>::Midgard::Arms::26::10%::+3 Str, +2 Qui::Leather::2.4::20::Nisse's Lair::Nisse's Guards::admin
1003957478::<a href="http://gameznet.com/camelot/equipment/hibernia/feet/bootsofagilemovement.shtml">Boots of Agile Movement</a>::Hibernia::Feet::30::10%::+7 Dex::Leather::::15::Connacht/Lough Derg::Ghostly Siabra::admin
1004036584::<a href="http://gameznet.com/camelot/equipment/albion/head/vindicatorhelm.shtml">Vindicator Helm</a>::Albion::Head::42::34%::+2 Str, +2 Con, +9 HP::Plate::::20::Keltoi Fogou::Random::admin
1004036628::<a href="http://gameznet.com/camelot/equipment/albion/leg/vindicatorgreaves.shtml">Vindicator Greaves</a>::Albion::Legs::42::34%::+7 Con::Plate::::20::Keltoi Fogou::Random::admin
1004036829::<a href="http://gameznet.com/camelot/equipment/hibernia/neck/gaudythinnecklace.shtml">Gaudy Thin Necklace</a>::Hibernia::Neck::::::+2 Dex, +2 Qui::::::10::Muire Tomb::Mummy Hags::admin
1004036873::<a href="http://gameznet.com/camelot/equipment/hibernia/finger/gaudysilverring.shtml">Gaudy Silver Ring</a>::Hibernia::Finger::::::+2 Str, +1 Blades::::::10::Muire Tomb::Mummy Hags::admin
1004036932::<a href="http://gameznet.com/camelot/equipment/hibernia/arm/macabreleathersleeves.shtml">Macabre Leather Sleeves</a>::Hibernia::Arms::22::10%::::Leather::2.4::10::Muire Tomb::Mummy Hags::admin
1004036968::<a href="http://gameznet.com/camelot/equipment/hibernia/chest/nobleleatherjerkin.shtml">Noble Leather Jerkin</a>::Hibernia::Chest::22::10%::+2 Dex, +6 HP::Leather::4.0::15::Muire Tomb::Suitor Spirit::admin
1004037001::<a href="http://gameznet.com/camelot/equipment/hibernia/chest/oldnoblesvest.shtml">Old Noble's Vest</a>::Hibernia::Chest::22::19%::::Studded Leather::6.0::10::Muire Tomb::Mummy Hags::admin
1004037030::<a href="http://gameznet.com/camelot/equipment/midgard/neck/necklaceofshamanicmagic.shtml">Necklace of Shamanic Magic</a>::Midgard::Neck::::::+4 Pie, +2 Cave::::::::Haggerfal::<a href="http://gameznet.com/camelot/quest/midgard/jordheim/seerepicquest-2.shtml">Quest</a>::admin
1004127568::<a href="http://gameznet.com/camelot/equipment/albion/neck/wispheartamulet.shtml">Wisp Heart Amulet</a>::Albion::Neck::::::+1 Int, +1 Power, +1 Wind::::::15::Salisbury Plains::Tomb Raider::admin
1004127622::<a href="http://gameznet.com/camelot/equipment/albion/arm/sleevesofthestoic.shtml">Sleeves of the Stoic</a>::Albion::Arms::30::34%::+6 Str, +2 Qui::Plate::5.0::15::Camelot::Quest::admin
1004127686::<a href="http://gameznet.com/camelot/equipment/albion/chest/vestofthevaliant.shtml">Vest of the Valiant</a>::Albion::Chest::40::27%::+4 Pie, +4% Bleed/Slash Resist::Chain::8.0::20::Camelot::Quest::admin
1004127721::<a href="http://gameznet.com/camelot/equipment/albion/chest/vindicatorsbreastplate.shtml">Vindicator's Breastplate</a>::Albion::Chest::42::34%::+3 Str, +12 HP::Plate::::20::Keltoi Fogou::Random::admin
1004127754::<a href="http://gameznet.com/camelot/equipment/hibernia/jewelry/heartofoak.shtml">Heart of Oak</a>::Hibernia::Jewelry::::::+8 HP::::::10::Connacht::Wind Ghoul::admin
1004127787::<a href="http://gameznet.com/camelot/equipment/hibernia/neck/braidedsilvernecklace.shtml">Braided Silver Necklace</a>::Hibernia::Neck::::::+1 Qui::::::10::Lough Derg::Spraggonal::admin
1004127821::<a href="http://gameznet.com/camelot/equipment/midgard/feet/crystalfurboots.shtml">Crystal Fur Boots</a>::Midgard::Feet::25::0%::::Cloth::0.8::25::Vendo Caves::Random::admin
1004127857::<a href="http://gameznet.com/camelot/equipment/midgard/feet/grizzledbearfurboots.shtml">Grizzled Fur Boots</a>::Midgard::Feet::30::0%::+5 Dex, +2 Qui, +9 HP::Cloth::0.8::30::Vendo Caves::Random Vendos::admin
1004127942::<a href="http://gameznet.com/camelot/equipment/midgard/wrist/skinflayersbracer.shtml">Skin-Flayer's Bracer</a>::Midgard::Wrist::::::+4 Dex, +2 Qui, +9 HP::::::30::Vendo Caves::Random Vendos::admin
1004128001::<a href="http://gameznet.com/camelot/equipment/midgard/neck/beartoothnecklace.shtml">Bear-Tooth Necklace</a>::Midgard::Neck::::::+3 Str, +3 Dex, +9 HP::::::30::Vendo Caves::Random Vendos::admin
1004128027::<a href="http://gameznet.com/camelot/equipment/midgard/shields/vendobladeblocker.shtml">Vendo Blade Blocker</a>::Midgard::Shields::::::+2 Str, +2 Dex, +2 Con, +1 Shield::::::30::Vendo Caves::Random Vendos::admin
1004213813::<a href="http://gameznet.com/camelot/equipment/albion/finger/keltoiforestring.shtml">Keltoi Forest Ring</a>::Albion::Finger::::::+4 Dex, +2 Str::::::20::Keltoi Fogou::Random::admin
1004213858::<a href="http://gameznet.com/camelot/equipment/midgard/feet/goldstitchedboots.shtml">Gold Stitched Boots</a>::Midgard::Feet::20::0%::+3 Dex, +2 Qui, +8% Earth Resist::Cloth::2.0::21::Skona Ravine::Dryad Blossum::admin
1004213992::<a href="http://gameznet.com/camelot/equipment/midgard/feet/runedmysticalboots.shtml">Runed Mystical Boots</a>::Midgard::Feet::15::0%::+3 Dex, +3 Qui, +4% Earth Resist::Cloth::::20::Jordheim::Quest::admin
1004214033::<a href="http://gameznet.com/camelot/equipment/midgard/back/bearskinmantle.shtml">Bear-Skin Mantle</a>::Midgard::Back::::::+2 Cha, +4 Qui, +3% Void/Mana Resist::::::25::Vendo Caves::Random Vendos::admin
1004214100::<a href="http://gameznet.com/camelot/equipment/midgard/head/capofthewiseneddead.shtml">Cap of the Wisened Dead</a>::Midgard::Head::31::0%::+5 Pie, +4 Power::Cloth::::30::Skona Ravine::Werewolves::admin
1004214142::<a href="http://gameznet.com/camelot/equipment/midgard/head/crescentcrown.shtml">Crescent Crown</a>::Midgard::Head::40::0%::+6 Pie, +2 Power::Cloth::::31::Jordheim::Quest::admin
1004214169::<a href="http://gameznet.com/camelot/equipment/midgard/leg/crustyfurpants.shtml">Crusty Fur Pants</a>::Midgard::Legs::23::0%::::Cloth::::25::Vendo Caves::Random Vendos::admin
1004214210::<a href="http://gameznet.com/camelot/equipment/midgard/finger/bearshamansring.shtml">Bear-Shaman's Ring</a>::Midgard::Finger::::::+4 Pie, +2 Power::::::25::Vendo Caves::Random Vendos::admin
1004214237::<a href="http://gameznet.com/camelot/equipment/midgard/finger/songspunring.shtml">Song-Spun Ring</a>::Midgard::Finger::::::+3 Str, +3 Qui::::::15::Jordheim::Quest::admin
1004214336::<a href="http://gameznet.com/camelot/equipment/midgard/chest/runeetchedhauberk.shtml">Rune Etched Hauberk</a>::Midgard::Chest::50::27%::+3 Pie, +3 Str, +2 Power, +9 HP::Chain::2.0::25::Haggerfal::<a href="http://gameznet.com/camelot/quest/midgard/haggerfal/decodingthemap.shtml">Quest</a>::admin
1004298131::<a href="http://gameznet.com/camelot/equipment/albion/feet/duskwalkersboots.shtml">Dusk-Walker's Boots</a>::Albion::Feet::42::27%::+5 Dex, +2 Qui::Chain::3.2::20::Keltoi Fogou::Random::admin
1004298245::<a href="http://gameznet.com/camelot/equipment/albion/feet/lionembossedboots.shtml">Lion Embossed Boots</a>::Albion::Feet::40::34%::+2 Dex, +2 Qui, +2 Str, +4% Elec. Resist::Plate::4.5::21::Llyn Barfog::Renegade Guard::admin
1004298336::<a href="http://gameznet.com/camelot/equipment/albion/wrist/fury.shtml">Fury</a>::Albion::Wrist::::::+2 Dual Wield, +6 HP::::0.7::15::Camelot City::Quest::admin
1004298355::<a href="http://gameznet.com/camelot/equipment/albion/wrist/might.shtml">Might</a>::Albion::Wrist::::::+5 Str::::0.7::11::Camelot City::Quest::admin
1004298423::<a href="http://gameznet.com/camelot/equipment/albion/hand/duskwalkersgauntlets.shtml">Dusk-Walker's Gauntlets</a>::Albion::Hands::42::27%::+3 Dex, +3 Pie, +2 Str::Chain::3.2::20::Keltoi Fogou::Random::admin
1004298458::<a href="http://gameznet.com/camelot/equipment/albion/head/duskwalkerscoif.shtml">Dusk-Walker's Coif</a>::Albion::Head::42::27%::+3 Pie, +2 Dex, +2 Qui::Chain::3.2::20::Keltoi Fogou::Random::admin
1004298483::<a href="http://gameznet.com/camelot/equipment/albion/leg/duskwalkersleggings.shtml">Dusk-Walker's Leggings</a>::Albion::Legs::42::27%::+7 Con::Chain::5.6::20::Keltoi Fogou::Random::admin
1004298531::<a href="http://gameznet.com/camelot/equipment/albion/arm/duskwalkersleeves.shtml">Dusk-Walker's Sleeves</a>::Albion::Arms::42::27%::+5 Str, +2 Pie::Chain::4.8::20::Keltoi Fogou::Random::admin
1004298566::<a href="http://gameznet.com/camelot/equipment/albion/jewelry/jeweloftheresilient.shtml">Jewel of the Resilient</a>::Albion::Jewelry::::::+25 HP::::::20::Keltoi Fogou::Random::admin
1004298630::<a href="http://gameznet.com/camelot/equipment/albion/shield/brandedkeltoishield.shtml">Branded Keltoi Shield</a>::Albion::Shields::::::+2 Con, +2 Qui::Small Shield::3.1::20::Keltoi Fogou::Random::admin
1004298686::<a href="http://gameznet.com/camelot/equipment/hibernia/neck/adeptcraftsmanpendant.shtml">Adept Craftsman Pendant</a>::Hibernia::Neck::::::+3 Cha, +2 Emp::::::12::Connacht::Ghostly Siabra::admin
1004298711::<a href="http://gameznet.com/camelot/equipment/hibernia/neck/neopytecraftsmanpendant.shtml">Neophyte Craftsman Pendant</a>::Hibernia::Neck::::::+1 Cha, +1 Emp::::::12::Connacht::Ghostly Siabra::admin
1004298745::<a href="http://gameznet.com/camelot/equipment/midgard/waist/dwarfskinbelt.shtml">Dwarf-Skin Belt</a>::Midgard::Waist::::::+5 Con, +6% Earth/Poison Resist::::::30::Vendo Caves::Random Vendos::admin
1004298767::<a href="http://gameznet.com/camelot/equipment/midgard/feet/rustedringmailboots.shtml">Rusted Ringmail Boots</a>::Midgard::Feet::50::27%::::Chain::::25::Vendo Caves::Random Vendos::admin
1004298812::<a href="http://gameznet.com/camelot/equipment/midgard/back/grizzlyskincloak.shtml">Grizzly Skin Cloak</a>::Midgard::Back::::::+4 Pie, +2 Str, +1 Battlesongs, +6% Cold Resist::::::30::Vendo Caves::Random Vendos::admin
1004298847::<a href="http://gameznet.com/camelot/equipment/midgard/back/mantleofthevalhallans.shtml">Mantle of the Valhallans</a>::Midgard::Back::::::+4 Con, +4 Str, +4% Fire/Light Resist::::2.0::30::Jordheim::Quest::admin
1004298887::<a href="http://gameznet.com/camelot/equipment/midgard/back/moonshadowcloak.shtml">Moonshadow Cloak</a>::Midgard::Back::::::+5 Qui, +4 Dex, +1 Crit Strike, +1 Stealth::::2.0::30::Jordheim::<a href="http://gameznet.com/camelot/quest/midgard/haggerfal/warofold.shtml">Quest</a>::admin
1004298924::<a href="http://gameznet.com/camelot/equipment/midgard/head/cavelurkershelm.shtml">Cave Lurker's Helm</a>::Midgard::Head::56::10%::+3 Str, +3 Dex, +3 Qui::Leather::1.6::30::Vendo Caves::Random Vendos::admin
1004298946::<a href="http://gameznet.com/camelot/equipment/midgard/arm/cavelurkersleeves.shtml">Cave Lurker's Sleeves</a>::Midgard::Arms::56::10%::+5 Str, +4 Qui::Leather::1.6::30::Vendo Caves::Random Vendos::admin
1004299022::<a href="http://gameznet.com/camelot/equipment/midgard/jewelry/shrunkenbearskull.shtml">Shrunken Bear Skull</a>::Midgard::Jewelry::::::+3 Str, +3 Con, +2 Beastcraft::::::30::Vendo Caves::Random Vendos::admin
1004299062::<a href="http://gameznet.com/camelot/equipment/midgard/shields/widowershield.shtml">Widower Shield</a>::Midgard::Shields::::::+3 Str, +3 Pie, +2 Shields::Small Shield::::25::Haggerfal::Quest::admin
1004299124::<a href="http://gameznet.com/camelot/equipment/midgard/chest/foresthuntersvest.shtml">Forest Hunter's Vest</a>::Midgard::Chest::50::19%::+3 Str, +3 Qui, +21 HP::Studded Leather::6.0::25::Jordheim::<a href="http://gameznet.com/camelot/quest/midgard/haggerfal/warofold.shtml">Quest</a>::admin
1004299159::<a href="http://gameznet.com/camelot/equipment/midgard/chest/shadowedvest.shtml">Shadowed Vest</a>::Midgard::Chest::50::10%::+6 Dex, +4 Qui, +12 HP::Leahter::6.0::25::Jordheim::<a href="http://gameznet.com/camelot/quest/midgard/haggerfal/warofold.shtml">Quest</a>::admin
1004386499::<a href="http://gameznet.com/camelot/equipment/albion/feet/bloodiedleatherboots.shtml">Bloodied Leather Boots</a>::Albion::Feet::40::10%::+4 Dex, +2 Qui, +1 Evade::Leather::1.5::20::Cornwall::Roman Centurion::admin
1004386532::<a href="http://gameznet.com/camelot/equipment/albion/hand/bloodiedleathergloves.shtml">Bloodied Leather Gloves</a>::Albion::Hands::40::10%::+3 Dex, +3 Qui, +2 Pie::Leather::1.6::20::Cornwall::Roman Centurion::admin
1004386562::<a href="http://gameznet.com/camelot/equipment/albion/head/bloodiedleatherhelmet.shtml">Bloodied Leather Helm</a>::Albion::Head::40::10%::+4 Pie, +8% Darkness Resist::Leather::1.2::20::Cornwall::Roman Centurion::admin
1004386654::<a href="http://gameznet.com/camelot/equipment/albion/leg/bloodiedleatherleggings.shtml">Bloodied Leather Leggings</a>::Albion::Legs::40::10%::+4 Con, +8% Poison::Leather::2.5::20::Cornwall::Roman Centurion::admin
1004386683::<a href="http://gameznet.com/camelot/equipment/albion/hand/shadowboundgloves.shtml">Shadowbound Gloves</a>::Albion::Hands::40::19%::+5 Str, +1 Slash, +1 Thrust::Studded Leather::2.0::20::Cornwall::Roman Centurion::admin
1004386718::<a href="http://gameznet.com/camelot/equipment/albion/wrist/romantacticianbracer.shtml">Roman Tactician Bracer</a>::Albion::Wrist::::::+2 Int, +2 Dex, +6 HP::::0.7::20::Cornwall::Roman Legionnaire::admin
1004386763::<a href="http://gameznet.com/camelot/equipment/albion/shield/singedfellwoodshield.shtml">Singed Fellwood Shield</a>::Albion::Shields::::::+4 Pie, +2 Shield, +7% Fire Resist::Large Shield::4.0::20::Cornwall::Roman Centurion::admin
1004386802::<a href="http://gameznet.com/camelot/equipment/midgard/hand/gauntletsoftheredhands.shtml">Gauntlets of the Redhands</a>::Midgard::Hands::46::27%::+4 Dex, +2 Qui, +8% Earth Resist::Chain::::23::Huginfell::<a href="http://gameznet.com/camelot/quest/midgard/huginfell/sugnhildsrevenge.shtml">Quest</a>::admin
1004386835::<a href="http://gameznet.com/camelot/equipment/midgard/jewelry/smallwarriorfigurine.shtml">Small Warrior Figurine</a>::Midgard::Jewelry::::::+3 Str, +2 Dex, +2 Qui::::::25::Muspelheim::Charred Skeletons::admin
1004386864::<a href="http://gameznet.com/camelot/equipment/midgard/leg/boneshardleggings.shtml">Bone Shard Leggings</a>::Midgard::Legs::44::19%::::Studded Leather::::25::Vendo Caves::Vendo Guards::admin
1004386895::<a href="http://gameznet.com/camelot/equipment/midgard/arm/boneshardsleeves.shtml">Bone Shard Sleeves</a>::Midgard::Arms::44::19%::::Studded Leather::::25::Vendo Caves::Vendo Guards::admin
1004474861::<a href="http://gameznet.com/camelot/equipment/albion/wrist/bonestuddedbracer.shtml">Bone Studded Bracer</a>::Albion::Wrist::::::+1 Qui, +1 Dex::::::10::Tomb of Mithra::Random Undead::admin
1004474901::<a href="http://gameznet.com/camelot/equipment/albion/back/cloakoftheapprentice.shtml">Cloak of the Apprentice</a>::Albion::Back::::::+1 Qui, +2 Power::::::12::Prydwen Keep/Salisbury Plains::<a href="http://gameznet.com/camelot/quest/albion/prydwen/guardingthestone.shtml">Quest</a>::admin
1004474926::<a href="http://gameznet.com/camelot/equipment/albion/back/moldedcloak.shtml">Molded Cloak</a>::Albion::Back::::::+2 Pie::::1.0::10::Tomb of Mithra::Random Undead::admin
1004474949::<a href="http://gameznet.com/camelot/equipment/albion/finger/ringoflongevity.shtml">Ring of Longevity</a>::Albion::Finger::::::+12 HP::::0.1::10::Tomb of Mithra::Random Undead::admin
1004474990::<a href="http://gameznet.com/camelot/equipment/midgard/wrist/etchedhagbuibracelet.shtml">Etched Hagbui Bracelet</a>::Midgard::Wrist::::::+3 Pie, +2 Power, +9 HP::::::35::Vanern Swamp::Hagbui Ghouls::admin
1004475079::<a href="http://gameznet.com/camelot/equipment/midgard/hand/serpenthidegauntlets.shtml">Serpent-Hide Gauntlets</a>::Midgard::Hands::72::19%::+5 Qui, +3 Dex, +1 Composite Bow::::::35::Vanern Swamp::Hagbui Ghouls::admin
1004475106::<a href="http://gameznet.com/camelot/equipment/midgard/leg/runedmysticalpants.shtml">Runed Mystical Pants</a>::Midgard::Legs::20::0%::+5 Con, +2 Power, +6% Cold Resist::Cloth::::20::Jordheim::Quest::admin
1004475170::<a href="http://gameznet.com/camelot/equipment/midgard/arm/thickenedclothsleeves.shtml">Thickened Cloth Sleeves</a>::Midgard::Arms::8::0%::+1 Con, +3 HP::Cloth::::3::Gotar/Myrkwood::Hobgoblin Snagger::admin
1004559387::<a href="http://gameznet.com/camelot/equipment/albion/jewelry/falconheadedpin.shtml">Falconheaded Pin</a>::Albion::Neck::::::+1 Dex, +1 Qui::::::7::Camelot City::<a href="http://gameznet.com/camelot/quest/albion/camelot/travelersway.shtml">Quest</a>::admin
1004559499::<a href="http://gameznet.com/camelot/equipment/albion/leg/leggingsofcomfort.shtml">Leggings of Comfort</a>::Albion::Legs::40::27%::+5 Qui, +8HP, +Power::Chain::::20::Camelot City::Quest::admin
1004559521::<a href="http://gameznet.com/camelot/equipment/albion/chest/chainshirtofcomfort.shtml">Chain Shirt of Comfort</a>::Albion::Chest::50::27%::+5 Str, +4 Con::Chain::::25::Camelot City::Quest::admin
1004559557::<a href="http://gameznet.com/camelot/equipment/albion/chest/ringedspiderchitintunic.shtml">Ringed Spider Chitin Tunic</a>::Albion::Chest::28::27%::+3 Str, +2 Qui, +9 HP::Chain::::14::Campacorentin::Quest::admin
1004559586::<a href="http://gameznet.com/camelot/equipment/hibernia/finger/ringofmaskedfaces.shtml'>Ring of Masked Faces</a>::Hibernia::Finger::::::+2 Dex, +3 HP::::::4::Howth::Quest::admin
1004559638::<a href="http://gameznet.com/camelot/equipment/midgard/waist/ceremonialbelt.shtml">Ceremonial Belt</a>::Midgard::Waist::::::+6 Dex, +15 HP::::::35::Vanern Swamp::Hagbui Ghouls::admin
1004559681::<a href="http://gameznet.com/camelot/equipment/midgard/jewelry/bulbouseye.shtml">Bulbous Eye</a>::Midgard::Jewelry::::::+4 Pie, +6% Body Resist, +8% Matter Resist::::::25::Haggerfal::<a href="http://gameznet.com/camelot/quest/midgard/haggerfal/bulbouseye.shtml">Quest</a>::admin
1004559733::<a href="http://gameznet.com/camelot/equipment/midgard/jewelry/nimhscurse.shtml">Nimh's Curse</a>::Midgard::Jewelry::::::-10 Pie, +5 Dex, +6% Mana/Void Resist::::::25::Fort Atla::<a href="http://gameznet.com/camelot/quest/midgard/fortatla/nimhssecret.shtml">Quest</a>::admin
1004559776::<a href="http://gameznet.com/camelot/equipment/midgard/neck/luminescentchoker.shtml">Luminescent Choker</a>::Midgard::Neck::::::+4 Pie, +4 Power, +9 HP::::::35::Skona Ravine::<a href="http://gameznet.com/camelot/bestiary/midgard/skona/bigpaw.shtml">Big Paw</a>::admin
1004559901::<a href="http://gameznet.com/camelot/equipment/midgard/arm/runedclaysleeves.shtml'>Runed Clay Sleeves</a>::Midgard::Arms::88::10%::+9 Str, +3 Con, +3 Dex::Leather::2.0::40::Vanern Swamp::Clay Jotuns::admin
1004652928::<a href="http://gameznet.com/camelot/equipment/albion/jewelry/coldclayidol.shtml">Cold Clay Idol</a>::Albion::Jewelry::::::+3 Str, +4% Bleed Resist::::::20::Salisbury Plains::?::admin
1004652973::<a href="http://gameznet.com/camelot/equipment/albion/shield/faithboundshield.shtml">Faithbound Shield</a>::Albion::Shields::::::+2 Str, +2 Con, +2 Power::Medium Shield::3.5::15::Camelot City::Quest::admin
1004653017::<a href="http://gameznet.com/camelot/equipment/albion/arm/resilientsleeves.shtml">Resilient Sleeves</a>::Albion::Arms::15::0%::+2 Str, +2 Con, +2 Power::Cloth::::20::Salisbury Plains::::admin
1004653082::<a href="http://gameznet.com/camelot/equipment/hibernia/chest/coralvest.shtml">Coral Vest</a>::Hibernia::Chest::46::19%::+4 Emp, +4 Qui, +9 HP::Studded Leather::::25::Connia's Well::Mermen::admin
1004653126::<a href="http://gameznet.com/camelot/equipment/midgard/hand/caveprowlersgauntlets.shtml">Cave Prowler's Gauntlets</a>::Midgard::Hands::59::19%::+3 Con, +3 Dex, +3 Qui::Studded Leather::2.4::30::Vendo Caves::Random::admin
1004653167::<a href="http://gameznet.com/camelot/equipment/midgard/hand/moonshonegloves.shtml">Moonshone Gloves</a>::Midgard::Hands::50::27%::+6 Pie, +2 Power, +6% Mana Resist::Chain::::25::Haggerfal::<a href="http://gameznet.com/camelot/quest/midgard/haggerfal/decodingthemap.shtml">Quest</a>::admin
1004653267::<a href="http://gameznet.com/camelot/equipment/midgard/finger/retainerssignetring.shtml">Retainer's Signet Ring</a>::Midgard::Finger::::::+3 Pie, +2 Pacification, +2 Augmentation::::::35::Vanern Swamp::Hagui Ghouls::admin
1004653316::<a href="http://gameznet.com/camelot/equipment/midgard/chest/boneshardjerkin.shtml">Bone Shard Jerkin</a>::Midgard::Chest::44::19%::::Studded Leather::::25::Vendo Caves::Random Vendos::admin
1004653368::<a href="http://gameznet.com/camelot/equipment/midgard/chest/serpenthidevest.shtml">Serpent-Hide Vest</a>::Midgard::Chest::72::19%::+2 Dex, +2 Qui, +2% Poison Resist, +8 HP::Studded Leather::::35::Vanern Swamp::Hagbui Ghouls::admin
1004653406::<a href="http://gameznet.com/camelot/equipment/midgard/arm/serpenthidesleeves.shtml">Serpent-Hide Sleeves</a>::Midgard::Arms::72::19%::+8 Str, +2 Dex, +2% Poison::Studded Leather::::35::Vanern Swamp::Hagbui Ghouls::admin
1004734813::<a href="http://gameznet.com/camelot/equipment/albion/waist/beltofthesteadfast.shtml">Belt of the Steadfast</a>::Albion::Waist::::::+1 Pie::::::7::Camelot::<a href="http://gameznet.com/camelot/quest/albion/camelot/travelersway.shtml">Quest</a>::admin
1004734855::<a href="http://gameznet.com/camelot/equipment/midgard/head/braidedsilksteelhelm.shtml">Braided Silksteel Helm</a>::Midgard::Head::74::10%::+3 Str, +3 Dex, +3 Qui, +1 Stealth::Leather::::35::Spindelhalla::Random::admin
1004734908::<a href="http://gameznet.com/camelot/equipment/midgard/arm/pillagersleeves.shtml">Pillagers Sleeves</a>::Midgard::Arms::18::19%::+2 Dex, +2 Str::Studded Leather::::12::Gotar/Skona Ravine::Perfidous Pooks::admin
1005940241::<a href="http://gameznet.com/camelot/equipment/midgard/neck/breathofwinter.shtml">Breath of Winter</a>::Midgard::Neck::::::+6 Pie, +4 Con, +2 Power, +6% Cold Resist::::::42::Skona Ravine::<a href="http://gameznet.com/camelot/bestiary/midgard/skona/nagoltooth.shtml">Nagoltooth</a>::admin
1005940296::<a href="http://gameznet.com/camelot/equipment/midgard/feet/dancingevaders.shtml">Dancing Evaders</a>::Midgard::Feet::78::10%::+10 Dex, +5 Evade::Leather::::42::Nalilten::<a href="http://gameznet.com/camelot/quest/midgard/nalilten/cargilasblessings.shtml">Quest</a>::admin
1005940330::<a href="http://gameznet.com/camelot/equipment/midgard/feet/latticedshadowboots.shtml">Latticed Shadow Boots</a>::Midgard::Feet::92::19%::+10 Dex, +2 Qui, +2% Poison/Disease Resist::Studded Leather::::45::Spindelhalla::Djupts::admin
1005940383::<a href="http://gameznet.com/camelot/equipment/midgard/feet/twilightmailboots.shtml">Twilight Mail Boots</a>::Midgard::Feet::92::27%::+6 Con, +6 Dex, +2 Qui, +4% Mana Resist::Chain::::45::Spindelhalla::Djupts::admin
1005940412::<a href="http://gameznet.com/camelot/equipment/midgard/hand/latticedshadowgauntlets.shtml">Latticed Shadow Gauntlets</a>::Midgard::Hands::92::19%::+4 Str, +4 Qui, +3 Left Axe, +3 Composite Bow::Studded Leather::::45::Spindelhalla::Djupts::admin
1005940594::<a href="http://gameznet.com/camelot/equipment/midgard/jewelry/elderrunedscroll.shtml">Elder Runed Scroll</a>::Midgard::Jewelry::::::+6 Pie, +2% Fire/Cold/Earth Resist::::::42::Vanern Swamp::Hagbui Shaman::admin
1005940667::<a href="http://gameznet.com/camelot/equipment/midgard/head/muddledfrogskincap.shtml">Muddled Frog-Skin Cap</a>::Midgard::Head::39::0%::+5 Pie, +4 Runecarving, +4 Summoning::Cloth::::42::Vanern Swamp::Hagbui Spirit/Runemaster::admin
1005940697::<a href="http://gameznet.com/camelot/equipment/midgard/neck/helscollar.shtml">Hel's Collar</a>::Midgard::Neck::::::+2 Pie::::::5::Trainer::Trainer::admin
1005940740::<a href="http://gameznet.com/camelot/equipment/midgard/finger/serpentbonering.shtml">Serpent-Bone Ring</a>::Midgard::Finger::::::+4 Pie, +4 Power::::1.0::40::Vanern Swamp::Hagbui Shaman::admin
1005940820::<a href="http://gameznet.com/camelot/equipment/midgard/finger/svartalfcraftedring.shtml">Svartalf Crafted Ring</a>::Midgard::Finger::::::+5 Str, +12 HP, +4% Slash Resist::::::::Spindelhalla::::admin
1005940899::<a href="http://gameznet.com/camelot/equipment/midgard/arm/latticedshadowsleeves.shtml">Latticed Shadow Sleeves</a>::Midgard::Arms::92::19%::+10 Str, +2 Con, +2% Cold/Fire Resist::Studded Leather::::45::Spindelhalla::Djupts::admin
1006193891::<a href="http://gameznet.com/camelot/equipment/midgard/feet/blazingboots.shtml">Blazing Boots</a>::Midgard::Feet::30::27%::+1 Qui, +1 Evade::Chain::3.0::15::Nisse's Lair::Random Tomtes::admin
1006193928::<a href="http://gameznet.com/camelot/equipment/midgard/hand/miscreantsgloves.shtml">Miscreant's Gloves</a>::Midgard::Hands::26::27%::+5 Qui::Chain::3.2::15::Nisse's Lair::Random Tomtes::admin
1006193968::<a href="http://gameznet.com/camelot/equipment/midgard/jewelry/shrunkenjeweledskull.shtml">Shrunken Jeweled Skull</a>::Midgard::Jewelry::::::+2 Qui, +6 HP::::0.5::14::Nisse's Lair::Random Tomtes::admin
1006293019::<a href="http://gameznet.com/camelot/equipment/midgard/wrist/bracerofthelostsoul.shtml">Bracer of the Lost Soul</a>::Midgard::Wrist::::::+2 Pie, +1 Summoning::::::14::Vale of Mularn::Vendos::admin
1006806938::<a href="http://gameznet.com/camelot/equipment/midgard/chest/miscreanthauberk.shtml">Miscreant Hauberk</a>::Midgard::Chest::26::27%::+3 Con, +2 Ste::Chain::8.0::18::Nisse's Lair::Nisse's Guards::admin
1006807001::<a href="http://gameznet.com/camelot/equipment/midgard/chest/ringedsilksteelhauberk.shtml">Ringed Steelsilk Hauberk</a>::Midgard::Chest::74::27%::+3 Con, +3 Pie, +3 Str::Chain::8.0::35::Spindelhalla::Svartalfs::admin
1007851087::<a href="http://gameznet.com/camelot/equipment/albion/feet/bootsofghostlylight.shtml">Boots of Ghostly Light</a>::Albion::Feet::92::10%::+5 Dex, +4% Electrical/Slash/Crush Resist::Leather::::44::Stonehenge Barrows::::admin
1007851130::<a href="http://gameznet.com/camelot/equipment/albion/waist/beltofdeathlymight.shtml">Belt of Deathly Might</a>::Albion::Waist::::::+6 Str, +21 HP::Leather::::42::Stonehenge Barrows::::admin
1007851165::<a href="http://gameznet.com/camelot/equipment/albion/hand/glovesofdelusionalpower.shtml">Gloves of Delusional Power</a>::Albion::Hands::42::0%::+4 Int, +4 Qui, +4% Poison/Thrust Resist::Cloth::::40::Stonehenge Barrows::::admin
1007851204::<a href="http://gameznet.com/camelot/equipment/albion/jewelry/ancientsacrificailgoblet.shtml">Ancient Sacrificial Goblet</a>::Albion::Jewelry::::::+4 Pie, +2 Rejuvination/Smiting/Enchantment::::::42::Stonehenge Barrows::::admin
1007851287::<a href="http://gameznet.com/camelot/equipment/albion/leg/runicravenbonelegs.shtml">Runic Ravenbone Leggings</a>::Albion::Legs::84::19%::+3 Dex, +3 Str, +21 HP::Studded Leather::::44::Stonehenge Barrows::::admin
1007851318::<a href="http://gameznet.com/camelot/equipment/albion/arm/corruptgreatheartsleeves.shtml">Corrupt Greatheart Sleeves</a>::Albion::Arms::92::27%::+6 Str, +6 Pie::Chain::::44::Stonehenge Barrows::::admin
1007851348::<a href="http://gameznet.com/camelot/equipment/albion/chest/scarletmailofthecovetous.shtml">Scarlet Mail of the Covetous</a>::Albion::Chest::84::27%::+3 Pie, +3 Qui, +3 Str, +4 Con::Chain::::44::Stonehenge Barrows::::admin
1007851377::<a href="http://gameznet.com/camelot/equipment/albion/chest/vestofthebalefuldead.shtml">Vest of the Baleful Dead</a>::Albion::Chest::92::19%::+2 Dex, +2 Str, +2 Qui, +24 HP::Studded Leather::::44::Stonehenge Barrows::::admin
1008013072::<a href="http://gameznet.com/camelot/equipment/albion/finger/ringoftheforgottenarcaneword.shtml">Ring of the Forgotten Arcane Word</a>::Albion::Finger::::::+2 Fire/Cold/Wind/Earth::::::41::Stonehenge Barrows::::admin
1008013113::<a href="http://gameznet.com/camelot/equipment/albion/chest/lustrousrobesofthedementia.shtml">Lustrous Robes of the Dementia</a>::Albion::Chest::84::10%::+6 Str, +18 HP::Leather::::41::Stonehenge Barrows::::admin
1008013151::<a href="http://gameznet.com/camelot/equipment/midgard/wrist/singedhollowchitin.shtml">Singed Hollow Chitin</a>::Midgard::Wrist::::::+5 Cha, +6% Fire/Mind Resist::::::35::Spindelhalla::Terra Crab::admin
1008013195::<a href="http://gameznet.com/camelot/equipment/midgard/head/ringedsilksteelcoif.shtml">Ringed Silksteel Coif</a>::Midgard::Head::74::27%::+6 Pie, +3 Qui, +2 Dex::Chain::::36::Spindelhalla::Svartalf Thrall::admin
