962666227::Arrow::Piercing::-::-::1-6::-::::admin
962666239::Bolt::Piercing::-::-::1-10::-::::admin
962666262::Battle Axe::Slashing::1::7::1-8::F,R,P,B::::admin
962666294::Dagger::Piercing::1::2::1-4::F,R,P,T,B,M,D::Throwing daggers are same stats::admin
962666382::Club::Bludgeoning::1::4::1-6::F,R,P,T,B,C,D::::admin
962666418::Flail::Bludgeoning::1::7::2-7::F,R,P,B,C::::admin
962666430::Mace::Bludgeoning::1::7::2-7::F,R,P,B,C::::admin
962666482::Throwing Axe::Slashing::1::4::1-6::F,R,P,B::::admin
962666502::Morning Star::Bludgeoning::1::7::2-8::F,R,P,B,C::::admin
962666543::Dart::Piercing::1::2::1-3::F,R,P,T,B,D,M::::admin
962666566::Halberd::Piercing/Slashing::2::9::1-10::F,R,P,B::::admin
962666599::Quarterstaff::Bludgeoning::2::4::1-6::F,R,P,T,B,C,D::::admin
962666621::Scimitar::Slashing::1::5::1-8::F,R,P,D,T,B::::admin
962666646::Sling Stone::Bludgeoning::1::-::2-5::-::::admin
962666720::Bastard Sword::Slashing::1::8::2-8::F,R,P,B::::admin
962666766::Long Sword::Slashing::1::5::1-8::F,R,P,T,B::::admin
962666787::Short Sword::Piercing::1::3::1-6::F,R,P,T,B::::admin
962666806::War Hammer::Bludgeoning::1::4::2-5::F,R,P,B::::admin
962666824::Spear::Piercing::2::6::1-6::F,R,P,B,D::::admin
962666848::Two-Handed Sword::Slashing::2::10::1-10::F,R,P,B::::admin
962667966::High Quality Morning Star::Bludgeoning::1::7::2-8::F,R,P,B,C::THAC0 +1::admin
962669012::War Hammer +1::Bludgeoning::1::3::3-6::F,R,P,C,B::THAC0 +1::admin
962669113::Morning Star +1::Bludgeoning::1::6::3-9::F,R,P,C,B::THAC0 +1::admin
962669620::Mage Dagger +1::Piercing::1::2::2-5::M::THAC0 +1::admin
962693749::Long Sword +1::Slashing::1::4::2-9::F,R,P,T,B::THACO +1::admin
962693982::Dazer::Bludgeoning::1::4::2-7::F,R,P,C,D,T,B::THACO +1::admin
962842000::Short Sword +1::Slashing::1::2::2-7::F,P,R,B,T::THACO +1::admin
962842140::The Giving Star::Blugeoning::1::4::5-11::F,P,R,B,C::THACO +3, Good alignments can't use::admin
962854464::Flaming Bastard Sword +1::Slashing::1::8::3-9::F,R,P,B::THACO +1, 25% chance of +2-6 dmg, Flaming appearance::admin
963299672::Spinesheath::Piercing::1::1::2-5::F,R,P,B,D,T,M::THACO +5::admin
963300084::Faith Killer::Slashing::1::5::3-10::F,R,P,B::THACO +2, +5% Magic Resistance. 5% Chance to dispel magic on a successful hit.::admin
963300161::Spear of the White Ash::Piercing::2::3::4-9::F,R,P,B,D::THACO +3, 5% of hits cause an additional 1-6 damage from the barbs on spearhead.::admin
963300208::Lonesome Road::Slashing::2::6::4-13::F,R,P,B,D::THACO +3, +1 Constitution::admin
963300278::Arrow of Fire::-::-::-::1-6::-::Save vs. Fire or does 1-6 additional points of fire damage.::admin
963512111::Charged Battle Axe +2::Slashing::1::7::3-10::F,R,P,B::THAC0 +2, 50% Chance of 1-3 electrical damage, 15% chance to stun your opponent::admin
963512142::High Quality Long Sword::Slashing::1::5::1-8::F,R,P,T,B::THAC0 +1::admin
963512195::Erevain's Broad Sword::Slashing::1::5::4-10::F,R,P,T,B::THACO +2, +2 Saves vs. Wands, +10% Acid Resistance::admin
963512324::Flaming Short Sword +1::Slashing::1::3::2-7::F,R,P,T,B::THAC0 +1, 50% Chance of doing 1-3 points of fire damage::admin
963512458::Presio's Dagger::Piercing::1::0::3-6::F,R,P,B,D,T,M::THAC0 +2, Save vs. Death or be poisoned::admin
963512545::Static Dagger::Piercing::1::2::2-5::F,R,P,B,D,T,M::THAC0 +1, 50% Chance of doing 1-3 additional points of electrical damage::admin
963512640::Kresselack's Sword::Slashing::2::8::2-11::F,R,P,B::THAC0 +1, +10% Cold Resistance::admin
964720623::Flaming Long Sword +2::Slashing::1::4::3-10(+1-3 fire damage)::F,R,P,B,T::THACO +2, +10% Fire Resistance, ::admin
964721063::Staff of Nature's Wrath::Bludgeoning::1::3::2-7::D::THAC0 +1, Can cast entangle or flame strike::admin
964721131::Morning Star +2: Hammer::Bludgeoning::1::6::4-10::F,R,P,B,C::THAC0 +2, 20% Chance of stunning target::admin
