124D5E

1:0:
0
0
15
0

1
view
1
<table border='1' bordercolor='black' cellspacing='0' cellpadding='0' :: width='300'>::<tr>::    <td bgcolor='0B131A'><font color='white' size='5'>$data[0]</font></td>::</tr>::<tr>::    <td bgcolor='0A2B34'><font color='white' size='3'><b>Location: </b></font>::    <i><font color='C8D1E0' size='3'></i>$data[1]</font></td>::</table>::
0



0
0
0
0

WHITE
WHITE
WHITE
1:0:
0

0



0
1
http://www.gamezportal.com/

1
1
0




English
white
white
C8D1E0
0,1
0
0
0
0
webdata_Weapons.pl
0
0

1
1
1
1

