1: startcast epic
1: 0.0 dps, 4000 hp, 4000 mana
2: 0.0 dps, 4000 hp, 4000 mana
3: 0.0 dps, 4000 hp, 4000 mana
4: 0.0 dps, 4000 hp, 4000 mana
5: 0.0 dps, 4000 hp, 4000 mana
6: 0.0 dps, 4000 hp, 4000 mana
7: 0.0 dps, 4000 hp, 4000 mana
8: 0.0 dps, 4000 hp, 4000 mana
9: 0.0 dps, 4000 hp, 4000 mana
10: finished casting epic
10: 0.0 dps, 4000 hp, 4000 mana
11: startcast nife
11: 0.0 dps, 4000 hp, 4000 mana
12: epic tick
12: 7.5 dps, 4000 hp, 4000 mana
13: 7.0 dps, 4000 hp, 4000 mana
14: 6.5 dps, 4000 hp, 4000 mana
15: 6.0 dps, 4000 hp, 4000 mana
16: finished casting nife
16: 5.7 dps, 4000 hp, 3638.75 mana
17: 5.3 dps, 4000 hp, 3638.75 mana
18: nife tick
18: epic tick
18: 22.9 dps, 4000 hp, 3647.75 mana
19: startcast eb
19: 21.7 dps, 4000 hp, 3647.75 mana
20: 20.6 dps, 4000 hp, 3647.75 mana
21: 19.6 dps, 4000 hp, 3647.75 mana
22: 18.7 dps, 4000 hp, 3647.75 mana
23: 17.9 dps, 4000 hp, 3647.75 mana
24: nife tick
24: epic tick
24: 30.5 dps, 4000 hp, 3656.75 mana
25: finished casting eb
25: 29.3 dps, 4000 hp, 3384.75 mana
26: 28.2 dps, 4000 hp, 3384.75 mana
27: 27.1 dps, 4000 hp, 3384.75 mana
28: startcast pox
28: 26.2 dps, 4000 hp, 3384.75 mana
29: 25.3 dps, 4000 hp, 3384.75 mana
30: nife tick
30: eb tick
30: epic tick
30: 40.4 dps, 4000 hp, 3393.75 mana
31: 39.1 dps, 4000 hp, 3393.75 mana
32: 37.9 dps, 4000 hp, 3393.75 mana
33: finished casting pox
33: 36.7 dps, 4000 hp, 3024 mana
34: 35.7 dps, 4000 hp, 3024 mana
35: 34.6 dps, 4000 hp, 3024 mana
36: pox tick
36: nife tick
36: eb tick
36: epic tick
36: startcast iceblast
36: 50.2 dps, 4000 hp, 3033 mana
37: 48.8 dps, 4000 hp, 3033 mana
38: 47.6 dps, 4000 hp, 3033 mana
39: 46.3 dps, 4000 hp, 3033 mana
40: 45.2 dps, 4000 hp, 3033 mana
41: 44.1 dps, 4000 hp, 3033 mana
42: pox tick
42: nife tick
42: eb tick
42: epic tick
42: iceblast tick
42: finished casting iceblast
42: 76.1 dps, 4000 hp, 2829.5 mana
43: 74.3 dps, 4000 hp, 2829.5 mana
44: 72.6 dps, 4000 hp, 2829.5 mana
45: startcast iceblast
45: 71.0 dps, 4000 hp, 2829.5 mana
46: 69.5 dps, 4000 hp, 2829.5 mana
47: 68.0 dps, 4000 hp, 2829.5 mana
48: pox tick
48: nife tick
48: eb tick
48: epic tick
48: 79.0 dps, 4000 hp, 2838.5 mana
49: 77.4 dps, 4000 hp, 2838.5 mana
50: 75.8 dps, 4000 hp, 2838.5 mana
51: iceblast tick
51: finished casting iceblast
51: 89.9 dps, 4000 hp, 2626 mana
52: 88.2 dps, 4000 hp, 2626 mana
53: 86.5 dps, 4000 hp, 2626 mana
54: pox tick
54: nife tick
54: eb tick
54: epic tick
54: cann5 tick
54: finished casting cann5
54: startcast cann5
54: startcast iceblast
54: 95.9 dps, 2076 hp, 3701 mana
55: 94.2 dps, 2076 hp, 3701 mana
56: 92.5 dps, 2076 hp, 3701 mana
57: 90.9 dps, 2076 hp, 3701 mana
58: 89.3 dps, 2076 hp, 3701 mana
59: 87.8 dps, 2076 hp, 3701 mana
60: pox tick
60: nife tick
60: eb tick
60: epic tick
60: iceblast tick
60: finished casting iceblast
60: 109.5 dps, 2095 hp, 3497.5 mana
61: 107.7 dps, 2095 hp, 3497.5 mana
62: 106.0 dps, 2095 hp, 3497.5 mana
63: startcast iceblast
63: 104.3 dps, 2095 hp, 3497.5 mana
64: 102.7 dps, 2095 hp, 3497.5 mana
65: 101.1 dps, 2095 hp, 3497.5 mana
66: pox tick
66: nife tick
66: eb tick
66: epic tick
66: 108.6 dps, 2114 hp, 3506.5 mana
67: 106.9 dps, 2114 hp, 3506.5 mana
68: 105.4 dps, 2114 hp, 3506.5 mana
69: iceblast tick
69: finished casting iceblast
69: 115.3 dps, 2114 hp, 3294 mana
70: 113.7 dps, 2114 hp, 3294 mana
71: 112.1 dps, 2114 hp, 3294 mana
72: pox tick
72: eb tick
72: epic tick
72: startcast nife
72: 115.6 dps, 2133 hp, 3303 mana
73: 114.0 dps, 2133 hp, 3303 mana
74: 112.5 dps, 2133 hp, 3303 mana
75: 111.0 dps, 2133 hp, 3303 mana
76: 109.5 dps, 2133 hp, 3303 mana
77: finished casting nife
77: 108.1 dps, 2133 hp, 2941.75 mana
78: pox tick
78: nife tick
78: eb tick
78: epic tick
78: 114.3 dps, 2152 hp, 2950.75 mana
79: 112.9 dps, 2152 hp, 2950.75 mana
80: startcast eb
80: 111.5 dps, 2152 hp, 2950.75 mana
81: 110.1 dps, 2152 hp, 2950.75 mana
82: 108.8 dps, 2152 hp, 2950.75 mana
83: 107.4 dps, 2152 hp, 2950.75 mana
84: pox tick
84: nife tick
84: epic tick
84: 111.4 dps, 2171 hp, 2959.75 mana
85: 110.0 dps, 2171 hp, 2959.75 mana
86: finished casting eb
86: 108.8 dps, 2171 hp, 2687.75 mana
87: 107.5 dps, 2171 hp, 2687.75 mana
88: 106.3 dps, 2171 hp, 2687.75 mana
89: startcast iceblast
89: 105.1 dps, 2171 hp, 2687.75 mana
90: pox tick
90: nife tick
90: eb tick
90: epic tick
90: 110.5 dps, 2190 hp, 2696.75 mana
91: 109.3 dps, 2190 hp, 2696.75 mana
92: 108.1 dps, 2190 hp, 2696.75 mana
93: 107.0 dps, 2190 hp, 2696.75 mana
94: 105.8 dps, 2190 hp, 2696.75 mana
95: iceblast tick
95: finished casting iceblast
95: 113.1 dps, 2190 hp, 2484.25 mana
96: pox tick
96: nife tick
96: eb tick
96: 117.2 dps, 2209 hp, 2493.25 mana
97: 116.0 dps, 2209 hp, 2493.25 mana
98: startcast epic
98: 114.8 dps, 2209 hp, 2493.25 mana
99: 113.6 dps, 2209 hp, 2493.25 mana
100: 112.5 dps, 2209 hp, 2493.25 mana
101: 111.4 dps, 2209 hp, 2493.25 mana
102: pox tick
102: nife tick
102: eb tick
102: 115.2 dps, 2228 hp, 2502.25 mana
103: 114.1 dps, 2228 hp, 2502.25 mana
104: 113.0 dps, 2228 hp, 2502.25 mana
105: 111.9 dps, 2228 hp, 2502.25 mana
106: 110.9 dps, 2228 hp, 2502.25 mana
107: finished casting epic
107: 109.8 dps, 2228 hp, 2502.25 mana
108: pox tick
108: nife tick
108: eb tick
108: epic tick
108: startcast iceblast
108: 114.3 dps, 2247 hp, 2511.25 mana
109: 113.3 dps, 2247 hp, 2511.25 mana
110: 112.2 dps, 2247 hp, 2511.25 mana
111: 111.2 dps, 2247 hp, 2511.25 mana
112: 110.2 dps, 2247 hp, 2511.25 mana
113: 109.3 dps, 2247 hp, 2511.25 mana
114: pox tick
114: nife tick
114: eb tick
114: epic tick
114: iceblast tick
114: finished casting iceblast
114: 120.5 dps, 2266 hp, 2307.75 mana
115: 119.4 dps, 2266 hp, 2307.75 mana
116: 118.4 dps, 2266 hp, 2307.75 mana
117: startcast iceblast
117: 117.4 dps, 2266 hp, 2307.75 mana
118: 116.4 dps, 2266 hp, 2307.75 mana
119: 115.4 dps, 2266 hp, 2307.75 mana
120: pox tick
120: nife tick
120: eb tick
120: epic tick
120: 119.4 dps, 2285 hp, 2316.75 mana
121: 118.4 dps, 2285 hp, 2316.75 mana
122: 117.5 dps, 2285 hp, 2316.75 mana
123: iceblast tick
123: finished casting iceblast
123: 123.0 dps, 2285 hp, 2104.25 mana
124: 122.0 dps, 2285 hp, 2104.25 mana
125: 121.0 dps, 2285 hp, 2104.25 mana
126: pox tick
126: nife tick
126: eb tick
126: epic tick
126: startcast nife
126: 124.8 dps, 2304 hp, 2113.25 mana
127: 123.8 dps, 2304 hp, 2113.25 mana
128: 122.8 dps, 2304 hp, 2113.25 mana
129: 121.9 dps, 2304 hp, 2113.25 mana
130: 120.9 dps, 2304 hp, 2113.25 mana
131: finished casting nife
131: 120.0 dps, 2304 hp, 1752 mana
132: pox tick
132: nife tick
132: eb tick
132: epic tick
132: 123.6 dps, 2323 hp, 1761 mana
133: 122.7 dps, 2323 hp, 1761 mana
134: startcast iceblast
134: 121.7 dps, 2323 hp, 1761 mana
135: 120.8 dps, 2323 hp, 1761 mana
136: 120.0 dps, 2323 hp, 1761 mana
137: 119.1 dps, 2323 hp, 1761 mana
138: pox tick
138: nife tick
138: eb tick
138: epic tick
138: 122.5 dps, 2342 hp, 1770 mana
139: 121.6 dps, 2342 hp, 1770 mana
140: iceblast tick
140: finished casting iceblast
140: 126.5 dps, 2342 hp, 1557.5 mana
141: 125.6 dps, 2342 hp, 1557.5 mana
142: 124.7 dps, 2342 hp, 1557.5 mana
143: startcast eb
143: 123.8 dps, 2342 hp, 1557.5 mana
144: pox tick
144: nife tick
144: epic tick
144: 126.0 dps, 2361 hp, 1566.5 mana
145: 125.1 dps, 2361 hp, 1566.5 mana
146: 124.2 dps, 2361 hp, 1566.5 mana
147: 123.4 dps, 2361 hp, 1566.5 mana
148: 122.6 dps, 2361 hp, 1566.5 mana
149: finished casting eb
149: 121.7 dps, 2361 hp, 1294.5 mana
150: pox tick
150: nife tick
150: eb tick
150: epic tick
150: 124.9 dps, 2380 hp, 1303.5 mana
151: 124.1 dps, 2380 hp, 1303.5 mana
152: startcast iceblast
152: 123.3 dps, 2380 hp, 1303.5 mana
153: 122.5 dps, 2380 hp, 1303.5 mana
154: 121.7 dps, 2380 hp, 1303.5 mana
155: 120.9 dps, 2380 hp, 1303.5 mana
156: pox tick
156: nife tick
156: eb tick
156: epic tick
156: 123.9 dps, 2399 hp, 1312.5 mana
157: 123.1 dps, 2399 hp, 1312.5 mana
158: iceblast tick
158: finished casting iceblast
158: 127.4 dps, 2399 hp, 1100 mana
159: 126.6 dps, 2399 hp, 1100 mana
160: 125.8 dps, 2399 hp, 1100 mana
161: startcast pox
161: 125.0 dps, 2399 hp, 1100 mana
162: nife tick
162: eb tick
162: epic tick
162: 127.2 dps, 2418 hp, 1109 mana
163: 126.4 dps, 2418 hp, 1109 mana
164: 125.6 dps, 2418 hp, 1109 mana
165: 124.9 dps, 2418 hp, 1109 mana
166: finished casting pox
166: 124.1 dps, 2418 hp, 739.25 mana
167: 123.4 dps, 2418 hp, 739.25 mana
168: pox tick
168: nife tick
168: eb tick
168: epic tick
168: 126.2 dps, 2437 hp, 748.25 mana
169: startcast iceblast
169: 125.4 dps, 2437 hp, 748.25 mana
170: 124.7 dps, 2437 hp, 748.25 mana
171: 124.0 dps, 2437 hp, 748.25 mana
172: 123.2 dps, 2437 hp, 748.25 mana
173: 122.5 dps, 2437 hp, 748.25 mana
174: pox tick
174: nife tick
174: eb tick
174: epic tick
174: 125.2 dps, 2456 hp, 757.25 mana
175: iceblast tick
175: finished casting iceblast
175: 129.1 dps, 2456 hp, 544.75 mana
176: 128.3 dps, 2456 hp, 544.75 mana
177: 127.6 dps, 2456 hp, 544.75 mana
178: startcast iceblast
178: 126.9 dps, 2456 hp, 544.75 mana
179: 126.2 dps, 2456 hp, 544.75 mana
180: pox tick
180: nife tick
180: eb tick
180: epic tick
180: 128.8 dps, 2475 hp, 553.75 mana
181: 128.1 dps, 2475 hp, 553.75 mana
182: 127.4 dps, 2475 hp, 553.75 mana
183: 126.7 dps, 2475 hp, 553.75 mana
184: iceblast tick
184: finished casting iceblast
184: 130.3 dps, 2475 hp, 341.25 mana
185: 129.6 dps, 2475 hp, 341.25 mana
186: pox tick
186: eb tick
186: epic tick
186: 130.9 dps, 2494 hp, 350.25 mana
187: startcast epic
187: 130.2 dps, 2494 hp, 350.25 mana
188: 129.5 dps, 2494 hp, 350.25 mana
189: 128.8 dps, 2494 hp, 350.25 mana
190: 128.1 dps, 2494 hp, 350.25 mana
191: 127.4 dps, 2494 hp, 350.25 mana
192: pox tick
192: eb tick
192: 128.2 dps, 2513 hp, 359.25 mana
193: 127.5 dps, 2513 hp, 359.25 mana
194: 126.9 dps, 2513 hp, 359.25 mana
195: 126.2 dps, 2513 hp, 359.25 mana
196: finished casting epic
196: 125.6 dps, 2513 hp, 359.25 mana
197: startcast cann4
197: 124.9 dps, 2513 hp, 359.25 mana
198: pox tick
198: eb tick
198: epic tick
198: 126.2 dps, 2532 hp, 368.25 mana
199: 125.5 dps, 2532 hp, 368.25 mana
200: cann4 tick
200: finished casting cann4
200: 124.9 dps, 2384 hp, 450.25 mana
201: 124.3 dps, 2384 hp, 450.25 mana
202: startcast nife
202: 123.7 dps, 2384 hp, 450.25 mana
203: 123.0 dps, 2384 hp, 450.25 mana
204: pox tick
204: epic tick
204: 123.5 dps, 2403 hp, 459.25 mana
205: 122.9 dps, 2403 hp, 459.25 mana
206: 122.3 dps, 2403 hp, 459.25 mana
207: finished casting nife
207: 121.7 dps, 2403 hp, 98 mana
208: 121.1 dps, 2403 hp, 98 mana
209: 120.5 dps, 2403 hp, 98 mana
210: pox tick
210: nife tick
210: epic tick
210: startcast cann4
210: 122.0 dps, 2422 hp, 107 mana
211: 121.4 dps, 2422 hp, 107 mana
212: 120.9 dps, 2422 hp, 107 mana
213: cann4 tick
213: finished casting cann4
213: 120.3 dps, 2274 hp, 189 mana
214: 119.7 dps, 2274 hp, 189 mana
215: startcast cann4
215: 119.2 dps, 2274 hp, 189 mana
216: pox tick
216: nife tick
216: epic tick
216: 120.6 dps, 2293 hp, 198 mana
217: 120.1 dps, 2293 hp, 198 mana
218: cann4 tick
218: finished casting cann4
218: 119.5 dps, 2145 hp, 280 mana
219: 119.0 dps, 2145 hp, 280 mana
220: startcast cann4
220: 118.4 dps, 2145 hp, 280 mana
221: 117.9 dps, 2145 hp, 280 mana
222: pox tick
222: nife tick
222: epic tick
222: 119.3 dps, 2164 hp, 289 mana
223: cann4 tick
223: finished casting cann4
223: 118.8 dps, 2016 hp, 371 mana
224: 118.3 dps, 2016 hp, 371 mana
225: startcast eb
225: 117.8 dps, 2016 hp, 371 mana
226: 117.2 dps, 2016 hp, 371 mana
227: 116.7 dps, 2016 hp, 371 mana
228: pox tick
228: nife tick
228: epic tick
228: 118.1 dps, 2035 hp, 380 mana
229: 117.6 dps, 2035 hp, 380 mana
230: 117.1 dps, 2035 hp, 380 mana
231: finished casting eb
231: 116.6 dps, 2035 hp, 108 mana
232: 116.1 dps, 2035 hp, 108 mana
233: 115.6 dps, 2035 hp, 108 mana
234: pox tick
234: nife tick
234: eb tick
234: epic tick
234: cann5 tick
234: finished casting cann5
234: startcast cann5
234: startcast iceblast
234: 117.6 dps, 130 hp, 1183 mana
235: 117.1 dps, 130 hp, 1183 mana
236: 116.6 dps, 130 hp, 1183 mana
237: 116.1 dps, 130 hp, 1183 mana
238: 115.7 dps, 130 hp, 1183 mana
239: 115.2 dps, 130 hp, 1183 mana
240: pox tick
240: nife tick
240: eb tick
240: epic tick
240: iceblast tick
240: finished casting iceblast
240: 120.5 dps, 149 hp, 979.5 mana
241: 120.0 dps, 149 hp, 979.5 mana
242: 119.5 dps, 149 hp, 979.5 mana
243: startcast torpor
243: 119.0 dps, 149 hp, 979.5 mana
244: 118.5 dps, 149 hp, 979.5 mana
245: 118.0 dps, 149 hp, 979.5 mana
246: pox tick
246: nife tick
246: eb tick
246: epic tick
246: 120.0 dps, 168 hp, 988.5 mana
247: finished casting torpor
247: 119.5 dps, 168 hp, 818.5 mana
248: 119.0 dps, 168 hp, 818.5 mana
249: 118.5 dps, 168 hp, 818.5 mana
250: startcast iceblast
250: 118.0 dps, 168 hp, 818.5 mana
251: 117.6 dps, 168 hp, 818.5 mana
252: torpor tick
252: pox tick
252: nife tick
252: eb tick
252: epic tick
252: 119.5 dps, 487 hp, 827.5 mana
253: 119.0 dps, 487 hp, 827.5 mana
254: 118.5 dps, 487 hp, 827.5 mana
255: 118.1 dps, 487 hp, 827.5 mana
256: iceblast tick
256: finished casting iceblast
256: 120.7 dps, 487 hp, 615 mana
257: 120.2 dps, 487 hp, 615 mana
258: torpor tick
258: pox tick
258: nife tick
258: eb tick
258: epic tick
258: 122.1 dps, 806 hp, 624 mana
259: startcast nife
259: 121.6 dps, 806 hp, 624 mana
260: 121.1 dps, 806 hp, 624 mana
261: 120.7 dps, 806 hp, 624 mana
262: 120.2 dps, 806 hp, 624 mana
263: 119.7 dps, 806 hp, 624 mana
264: torpor tick
264: pox tick
264: eb tick
264: epic tick
264: finished casting nife
264: 120.7 dps, 1125 hp, 271.75 mana
265: 120.2 dps, 1125 hp, 271.75 mana
266: 119.8 dps, 1125 hp, 271.75 mana
267: startcast cann4
267: 119.3 dps, 1125 hp, 271.75 mana
268: 118.9 dps, 1125 hp, 271.75 mana
269: 118.4 dps, 1125 hp, 271.75 mana
270: torpor tick
270: pox tick
270: nife tick
270: eb tick
270: epic tick
270: cann4 tick
270: finished casting cann4
270: 120.2 dps, 1296 hp, 362.75 mana
271: 119.7 dps, 1296 hp, 362.75 mana
272: startcast cann4
272: 119.3 dps, 1296 hp, 362.75 mana
273: 118.9 dps, 1296 hp, 362.75 mana
274: 118.4 dps, 1296 hp, 362.75 mana
275: cann4 tick
275: finished casting cann4
275: 118.0 dps, 1148 hp, 444.75 mana
276: torpor tick
276: pox tick
276: nife tick
276: eb tick
276: epic tick
276: 119.7 dps, 1467 hp, 453.75 mana
277: startcast epic
277: 119.3 dps, 1467 hp, 453.75 mana
278: 118.9 dps, 1467 hp, 453.75 mana
279: 118.4 dps, 1467 hp, 453.75 mana
280: 118.0 dps, 1467 hp, 453.75 mana
281: 117.6 dps, 1467 hp, 453.75 mana
282: torpor tick
282: pox tick
282: nife tick
282: eb tick
282: 119.0 dps, 1786 hp, 462.75 mana
283: 118.6 dps, 1786 hp, 462.75 mana
284: 118.1 dps, 1786 hp, 462.75 mana
285: 117.7 dps, 1786 hp, 462.75 mana
286: finished casting epic
286: 117.3 dps, 1786 hp, 462.75 mana
287: startcast torpor
287: 116.9 dps, 1786 hp, 462.75 mana
288: pox tick
288: nife tick
288: epic tick
288: 118.0 dps, 1805 hp, 471.75 mana
289: 117.6 dps, 1805 hp, 471.75 mana
290: 117.2 dps, 1805 hp, 471.75 mana
291: finished casting torpor
291: 116.8 dps, 1805 hp, 301.75 mana
292: 116.4 dps, 1805 hp, 301.75 mana
293: 116.0 dps, 1805 hp, 301.75 mana
294: torpor tick
294: nife tick
294: epic tick
294: startcast cann4
294: 116.7 dps, 2124 hp, 310.75 mana
295: 116.3 dps, 2124 hp, 310.75 mana
296: 115.9 dps, 2124 hp, 310.75 mana
297: cann4 tick
297: finished casting cann4
297: 115.5 dps, 1976 hp, 392.75 mana
298: 115.1 dps, 1976 hp, 392.75 mana
299: startcast eb
299: 114.7 dps, 1976 hp, 392.75 mana
300: torpor tick
300: nife tick
300: epic tick
300: 115.4 dps, 2295 hp, 401.75 mana
301: 115.0 dps, 2295 hp, 401.75 mana
302: 114.7 dps, 2295 hp, 401.75 mana
303: 114.3 dps, 2295 hp, 401.75 mana
304: 113.9 dps, 2295 hp, 401.75 mana
305: finished casting eb
305: 113.5 dps, 2295 hp, 129.75 mana
306: torpor tick
306: nife tick
306: eb tick
306: epic tick
306: 114.7 dps, 2614 hp, 138.75 mana
307: 114.4 dps, 2614 hp, 138.75 mana
308: startcast cann4
308: 114.0 dps, 2614 hp, 138.75 mana
309: 113.6 dps, 2614 hp, 138.75 mana
310: 113.3 dps, 2614 hp, 138.75 mana
311: cann4 tick
311: finished casting cann4
311: 112.9 dps, 2466 hp, 220.75 mana
312: torpor tick
312: nife tick
312: eb tick
312: epic tick
312: 114.1 dps, 2785 hp, 229.75 mana
313: startcast cann4
313: 113.7 dps, 2785 hp, 229.75 mana
314: 113.3 dps, 2785 hp, 229.75 mana
315: 113.0 dps, 2785 hp, 229.75 mana
316: cann4 tick
316: finished casting cann4
316: 112.6 dps, 2637 hp, 311.75 mana
317: 112.3 dps, 2637 hp, 311.75 mana
318: torpor tick
318: nife tick
318: eb tick
318: epic tick
318: startcast cann4
318: 113.4 dps, 2956 hp, 320.75 mana
319: 113.1 dps, 2956 hp, 320.75 mana
320: 112.7 dps, 2956 hp, 320.75 mana
321: cann4 tick
321: finished casting cann4
321: 112.4 dps, 2808 hp, 402.75 mana
322: 112.0 dps, 2808 hp, 402.75 mana
323: startcast cann4
323: 111.7 dps, 2808 hp, 402.75 mana
324: torpor tick
324: eb tick
324: epic tick
324: 112.1 dps, 3127 hp, 411.75 mana
325: 111.7 dps, 3127 hp, 411.75 mana
326: cann4 tick
326: finished casting cann4
326: 111.4 dps, 2979 hp, 493.75 mana
327: 111.1 dps, 2979 hp, 493.75 mana
328: startcast nife
328: 110.7 dps, 2979 hp, 493.75 mana
329: 110.4 dps, 2979 hp, 493.75 mana
330: eb tick
330: epic tick
330: 110.8 dps, 2998 hp, 502.75 mana
331: 110.5 dps, 2998 hp, 502.75 mana
332: 110.1 dps, 2998 hp, 502.75 mana
333: finished casting nife
333: 109.8 dps, 2998 hp, 141.5 mana
334: 109.5 dps, 2998 hp, 141.5 mana
335: 109.2 dps, 2998 hp, 141.5 mana
336: nife tick
336: eb tick
336: epic tick
336: startcast cann4
336: 110.3 dps, 3017 hp, 150.5 mana
337: 109.9 dps, 3017 hp, 150.5 mana
338: 109.6 dps, 3017 hp, 150.5 mana
339: cann4 tick
339: finished casting cann4
339: 109.3 dps, 2869 hp, 232.5 mana
340: 109.0 dps, 2869 hp, 232.5 mana
341: startcast cann4
341: 108.6 dps, 2869 hp, 232.5 mana
342: nife tick
342: eb tick
342: epic tick
342: 109.7 dps, 2888 hp, 241.5 mana
343: 109.4 dps, 2888 hp, 241.5 mana
344: cann4 tick
344: finished casting cann4
344: 109.1 dps, 2740 hp, 323.5 mana
345: 108.8 dps, 2740 hp, 323.5 mana
346: startcast cann4
346: 108.5 dps, 2740 hp, 323.5 mana
347: 108.1 dps, 2740 hp, 323.5 mana
348: nife tick
348: eb tick
348: epic tick
348: 109.2 dps, 2759 hp, 332.5 mana
349: cann4 tick
349: finished casting cann4
349: 108.9 dps, 2611 hp, 414.5 mana
350: 108.6 dps, 2611 hp, 414.5 mana
351: startcast cann4
351: 108.3 dps, 2611 hp, 414.5 mana
352: 108.0 dps, 2611 hp, 414.5 mana
353: 107.7 dps, 2611 hp, 414.5 mana
354: nife tick
354: eb tick
354: epic tick
354: cann4 tick
354: finished casting cann4
354: 108.7 dps, 2482 hp, 505.5 mana
355: 108.4 dps, 2482 hp, 505.5 mana
356: startcast eb
356: 108.1 dps, 2482 hp, 505.5 mana
357: 107.8 dps, 2482 hp, 505.5 mana
358: 107.5 dps, 2482 hp, 505.5 mana
359: 107.2 dps, 2482 hp, 505.5 mana
360: nife tick
360: epic tick
360: 107.8 dps, 2501 hp, 514.5 mana
361: 107.5 dps, 2501 hp, 514.5 mana
362: finished casting eb
362: 107.2 dps, 2501 hp, 242.5 mana
363: 106.9 dps, 2501 hp, 242.5 mana
364: 106.6 dps, 2501 hp, 242.5 mana
365: startcast cann4
365: 106.3 dps, 2501 hp, 242.5 mana
366: nife tick
366: eb tick
366: epic tick
366: 107.3 dps, 2520 hp, 251.5 mana
367: 107.0 dps, 2520 hp, 251.5 mana
368: cann4 tick
368: finished casting cann4
368: 106.8 dps, 2372 hp, 333.5 mana
369: 106.5 dps, 2372 hp, 333.5 mana
370: startcast epic
370: 106.2 dps, 2372 hp, 333.5 mana
371: 105.9 dps, 2372 hp, 333.5 mana
372: nife tick
372: eb tick
372: 106.6 dps, 2391 hp, 342.5 mana
373: 106.4 dps, 2391 hp, 342.5 mana
374: 106.1 dps, 2391 hp, 342.5 mana
375: 105.8 dps, 2391 hp, 342.5 mana
376: 105.5 dps, 2391 hp, 342.5 mana
377: 105.2 dps, 2391 hp, 342.5 mana
378: nife tick
378: eb tick
378: 106.0 dps, 2410 hp, 351.5 mana
379: finished casting epic
379: 105.7 dps, 2410 hp, 351.5 mana
380: startcast cann4
380: 105.4 dps, 2410 hp, 351.5 mana
381: 105.2 dps, 2410 hp, 351.5 mana
382: 104.9 dps, 2410 hp, 351.5 mana
383: cann4 tick
383: finished casting cann4
383: 104.6 dps, 2262 hp, 433.5 mana
384: nife tick
384: eb tick
384: epic tick
384: 105.6 dps, 2281 hp, 442.5 mana
385: startcast nife
385: 105.3 dps, 2281 hp, 442.5 mana
386: 105.0 dps, 2281 hp, 442.5 mana
387: 104.8 dps, 2281 hp, 442.5 mana
388: 104.5 dps, 2281 hp, 442.5 mana
389: 104.2 dps, 2281 hp, 442.5 mana
390: eb tick
390: epic tick
390: finished casting nife
390: 104.6 dps, 2300 hp, 90.25 mana
391: 104.3 dps, 2300 hp, 90.25 mana
392: 104.1 dps, 2300 hp, 90.25 mana
393: startcast cann4
393: 103.8 dps, 2300 hp, 90.25 mana
394: 103.5 dps, 2300 hp, 90.25 mana
395: 103.3 dps, 2300 hp, 90.25 mana
396: nife tick
396: eb tick
396: epic tick
396: cann4 tick
396: finished casting cann4
396: 104.2 dps, 2171 hp, 181.25 mana
397: 104.0 dps, 2171 hp, 181.25 mana
398: startcast cann4
398: 103.7 dps, 2171 hp, 181.25 mana
399: 103.4 dps, 2171 hp, 181.25 mana
400: 103.2 dps, 2171 hp, 181.25 mana
401: cann4 tick
401: finished casting cann4
401: 102.9 dps, 2023 hp, 263.25 mana
402: nife tick
402: eb tick
402: epic tick
402: 103.9 dps, 2042 hp, 272.25 mana
403: startcast cann4
403: 103.6 dps, 2042 hp, 272.25 mana
404: 103.3 dps, 2042 hp, 272.25 mana
405: 103.1 dps, 2042 hp, 272.25 mana
406: cann4 tick
406: finished casting cann4
406: 102.8 dps, 1894 hp, 354.25 mana
407: 102.6 dps, 1894 hp, 354.25 mana
408: nife tick
408: eb tick
408: epic tick
408: startcast torpor
408: 103.5 dps, 1913 hp, 363.25 mana
409: 103.2 dps, 1913 hp, 363.25 mana
410: 103.0 dps, 1913 hp, 363.25 mana
411: 102.7 dps, 1913 hp, 363.25 mana
412: finished casting torpor
412: 102.5 dps, 1913 hp, 193.25 mana
413: 102.2 dps, 1913 hp, 193.25 mana
414: torpor tick
414: nife tick
414: eb tick
414: epic tick
414: 103.2 dps, 2232 hp, 202.25 mana
415: cann5 tick
415: finished casting cann5
415: startcast cann5
415: startcast iceblast
415: 102.9 dps, 308 hp, 1268.25 mana
416: 102.7 dps, 308 hp, 1268.25 mana
417: 102.4 dps, 308 hp, 1268.25 mana
418: 102.2 dps, 308 hp, 1268.25 mana
419: 101.9 dps, 308 hp, 1268.25 mana
420: torpor tick
420: nife tick
420: epic tick
420: 102.5 dps, 627 hp, 1277.25 mana
421: iceblast tick
421: finished casting iceblast
421: 104.1 dps, 627 hp, 1064.75 mana
422: 103.8 dps, 627 hp, 1064.75 mana
423: 103.6 dps, 627 hp, 1064.75 mana
424: startcast eb
424: 103.4 dps, 627 hp, 1064.75 mana
425: 103.1 dps, 627 hp, 1064.75 mana
426: torpor tick
426: nife tick
426: epic tick
426: 103.6 dps, 946 hp, 1073.75 mana
427: 103.4 dps, 946 hp, 1073.75 mana
428: 103.1 dps, 946 hp, 1073.75 mana
429: 102.9 dps, 946 hp, 1073.75 mana
430: finished casting eb
430: 102.7 dps, 946 hp, 801.75 mana
431: 102.4 dps, 946 hp, 801.75 mana
432: torpor tick
432: nife tick
432: eb tick
432: epic tick
432: 103.3 dps, 1265 hp, 810.75 mana
433: startcast pox
433: 103.1 dps, 1265 hp, 810.75 mana
434: 102.8 dps, 1265 hp, 810.75 mana
435: 102.6 dps, 1265 hp, 810.75 mana
436: 102.4 dps, 1265 hp, 810.75 mana
437: 102.1 dps, 1265 hp, 810.75 mana
438: torpor tick
438: nife tick
438: eb tick
438: epic tick
438: finished casting pox
438: 103.0 dps, 1584 hp, 450 mana
439: 102.7 dps, 1584 hp, 450 mana
440: 102.5 dps, 1584 hp, 450 mana
441: startcast cann4
441: 102.3 dps, 1584 hp, 450 mana
442: 102.0 dps, 1584 hp, 450 mana
443: 101.8 dps, 1584 hp, 450 mana
444: torpor tick
444: pox tick
444: nife tick
444: eb tick
444: epic tick
444: cann4 tick
444: finished casting cann4
444: 102.9 dps, 1755 hp, 541 mana
445: 102.7 dps, 1755 hp, 541 mana
446: startcast torpor
446: 102.5 dps, 1755 hp, 541 mana
447: 102.2 dps, 1755 hp, 541 mana
448: 102.0 dps, 1755 hp, 541 mana
449: 101.8 dps, 1755 hp, 541 mana
450: pox tick
450: eb tick
450: epic tick
450: finished casting torpor
450: 102.4 dps, 1774 hp, 380 mana
451: 102.1 dps, 1774 hp, 380 mana
452: 101.9 dps, 1774 hp, 380 mana
453: startcast cann4
453: 101.7 dps, 1774 hp, 380 mana
454: 101.5 dps, 1774 hp, 380 mana
455: 101.2 dps, 1774 hp, 380 mana
456: torpor tick
456: pox tick
456: eb tick
456: epic tick
456: cann4 tick
456: finished casting cann4
456: 101.8 dps, 1945 hp, 471 mana
457: 101.6 dps, 1945 hp, 471 mana
458: startcast nife
458: 101.4 dps, 1945 hp, 471 mana
459: 101.1 dps, 1945 hp, 471 mana
460: 100.9 dps, 1945 hp, 471 mana
461: 100.7 dps, 1945 hp, 471 mana
462: torpor tick
462: pox tick
462: eb tick
462: epic tick
462: 101.3 dps, 2264 hp, 480 mana
463: finished casting nife
463: 101.1 dps, 2264 hp, 118.75 mana
464: 100.8 dps, 2264 hp, 118.75 mana
465: 100.6 dps, 2264 hp, 118.75 mana
466: startcast epic
466: 100.4 dps, 2264 hp, 118.75 mana
467: 100.2 dps, 2264 hp, 118.75 mana
468: torpor tick
468: pox tick
468: nife tick
468: eb tick
468: 101.1 dps, 2583 hp, 127.75 mana
469: 100.8 dps, 2583 hp, 127.75 mana
470: 100.6 dps, 2583 hp, 127.75 mana
471: 100.4 dps, 2583 hp, 127.75 mana
472: 100.2 dps, 2583 hp, 127.75 mana
473: 100.0 dps, 2583 hp, 127.75 mana
474: torpor tick
474: pox tick
474: nife tick
474: eb tick
474: 100.8 dps, 2902 hp, 136.75 mana
475: finished casting epic
475: 100.6 dps, 2902 hp, 136.75 mana
476: startcast cann4
476: 100.4 dps, 2902 hp, 136.75 mana
477: 100.2 dps, 2902 hp, 136.75 mana
478: 100.0 dps, 2902 hp, 136.75 mana
479: cann4 tick
479: finished casting cann4
479: 99.8 dps, 2754 hp, 218.75 mana
480: torpor tick
480: pox tick
480: nife tick
480: eb tick
480: epic tick
480: 100.8 dps, 3073 hp, 227.75 mana
481: startcast cann4
481: 100.6 dps, 3073 hp, 227.75 mana
482: 100.4 dps, 3073 hp, 227.75 mana
483: 100.2 dps, 3073 hp, 227.75 mana
484: cann4 tick
484: finished casting cann4
484: 100.0 dps, 2925 hp, 309.75 mana
485: 99.8 dps, 2925 hp, 309.75 mana
486: torpor tick
486: pox tick
486: nife tick
486: epic tick
486: startcast cann4
486: 100.5 dps, 3244 hp, 318.75 mana
487: 100.3 dps, 3244 hp, 318.75 mana
488: 100.1 dps, 3244 hp, 318.75 mana
489: cann4 tick
489: finished casting cann4
489: 99.9 dps, 3096 hp, 400.75 mana
490: 99.7 dps, 3096 hp, 400.75 mana
491: startcast eb
491: 99.5 dps, 3096 hp, 400.75 mana
492: pox tick
492: nife tick
492: epic tick
492: 100.1 dps, 3115 hp, 409.75 mana
493: 99.9 dps, 3115 hp, 409.75 mana
494: 99.7 dps, 3115 hp, 409.75 mana
495: 99.5 dps, 3115 hp, 409.75 mana
496: 99.3 dps, 3115 hp, 409.75 mana
497: finished casting eb
497: 99.1 dps, 3115 hp, 137.75 mana
498: pox tick
498: nife tick
498: eb tick
498: epic tick
498: 100.1 dps, 3134 hp, 146.75 mana
499: 99.9 dps, 3134 hp, 146.75 mana
500: startcast cann4
500: 99.7 dps, 3134 hp, 146.75 mana
501: 99.5 dps, 3134 hp, 146.75 mana
502: 99.3 dps, 3134 hp, 146.75 mana
503: cann4 tick
503: finished casting cann4
503: 99.1 dps, 2986 hp, 228.75 mana
504: pox tick
504: nife tick
504: eb tick
504: epic tick
504: 100.1 dps, 3005 hp, 237.75 mana
505: startcast cann4
505: 99.9 dps, 3005 hp, 237.75 mana
506: 99.7 dps, 3005 hp, 237.75 mana
507: 99.5 dps, 3005 hp, 237.75 mana
508: cann4 tick
508: finished casting cann4
508: 99.3 dps, 2857 hp, 319.75 mana
509: 99.1 dps, 2857 hp, 319.75 mana
510: pox tick
510: nife tick
510: eb tick
510: epic tick
510: startcast cann4
510: 100.1 dps, 2876 hp, 328.75 mana
511: 99.9 dps, 2876 hp, 328.75 mana
512: 99.7 dps, 2876 hp, 328.75 mana
513: cann4 tick
513: finished casting cann4
513: 99.5 dps, 2728 hp, 410.75 mana
514: 99.3 dps, 2728 hp, 410.75 mana
515: startcast cann4
515: 99.1 dps, 2728 hp, 410.75 mana
516: pox tick
516: nife tick
516: eb tick
516: epic tick
516: 100.1 dps, 2747 hp, 419.75 mana
517: 99.9 dps, 2747 hp, 419.75 mana
518: cann4 tick
518: finished casting cann4
518: 99.7 dps, 2599 hp, 501.75 mana
519: 99.5 dps, 2599 hp, 501.75 mana
520: startcast nife
520: 99.3 dps, 2599 hp, 501.75 mana
521: 99.1 dps, 2599 hp, 501.75 mana
522: pox tick
522: eb tick
522: epic tick
522: 99.6 dps, 2618 hp, 510.75 mana
523: 99.4 dps, 2618 hp, 510.75 mana
524: 99.3 dps, 2618 hp, 510.75 mana
525: finished casting nife
525: 99.1 dps, 2618 hp, 149.5 mana
526: 98.9 dps, 2618 hp, 149.5 mana
527: 98.7 dps, 2618 hp, 149.5 mana
528: pox tick
528: nife tick
528: eb tick
528: epic tick
528: startcast cann4
528: 99.6 dps, 2637 hp, 158.5 mana
529: 99.4 dps, 2637 hp, 158.5 mana
530: 99.3 dps, 2637 hp, 158.5 mana
531: cann4 tick
531: finished casting cann4
531: 99.1 dps, 2489 hp, 240.5 mana
532: 98.9 dps, 2489 hp, 240.5 mana
533: startcast cann4
533: 98.7 dps, 2489 hp, 240.5 mana
534: pox tick
534: nife tick
534: eb tick
534: epic tick
534: 99.6 dps, 2508 hp, 249.5 mana
535: 99.4 dps, 2508 hp, 249.5 mana
536: cann4 tick
536: finished casting cann4
536: 99.3 dps, 2360 hp, 331.5 mana
537: 99.1 dps, 2360 hp, 331.5 mana
538: startcast cann4
538: 98.9 dps, 2360 hp, 331.5 mana
539: 98.7 dps, 2360 hp, 331.5 mana
540: pox tick
540: nife tick
540: eb tick
540: epic tick
540: 99.6 dps, 2379 hp, 340.5 mana
541: cann4 tick
541: finished casting cann4
541: 99.4 dps, 2231 hp, 422.5 mana
542: 99.3 dps, 2231 hp, 422.5 mana
543: startcast cann4
543: 99.1 dps, 2231 hp, 422.5 mana
544: 98.9 dps, 2231 hp, 422.5 mana
545: 98.7 dps, 2231 hp, 422.5 mana
546: pox tick
546: nife tick
546: eb tick
546: epic tick
546: cann4 tick
546: finished casting cann4
546: 99.6 dps, 2102 hp, 513.5 mana
547: 99.4 dps, 2102 hp, 513.5 mana
548: startcast eb
548: 99.3 dps, 2102 hp, 513.5 mana
549: 99.1 dps, 2102 hp, 513.5 mana
550: 98.9 dps, 2102 hp, 513.5 mana
551: 98.7 dps, 2102 hp, 513.5 mana
552: pox tick
552: nife tick
552: epic tick
552: 99.3 dps, 2121 hp, 522.5 mana
553: 99.1 dps, 2121 hp, 522.5 mana
554: finished casting eb
554: 99.0 dps, 2121 hp, 250.5 mana
555: 98.8 dps, 2121 hp, 250.5 mana
556: 98.6 dps, 2121 hp, 250.5 mana
557: startcast cann4
557: 98.4 dps, 2121 hp, 250.5 mana
558: pox tick
558: nife tick
558: eb tick
558: epic tick
558: 99.3 dps, 2140 hp, 259.5 mana
559: 99.1 dps, 2140 hp, 259.5 mana
560: cann4 tick
560: finished casting cann4
560: 99.0 dps, 1992 hp, 341.5 mana
561: 98.8 dps, 1992 hp, 341.5 mana
562: startcast torpor
562: 98.6 dps, 1992 hp, 341.5 mana
563: 98.4 dps, 1992 hp, 341.5 mana
564: pox tick
564: nife tick
564: eb tick
564: 99.2 dps, 2011 hp, 350.5 mana
565: 99.0 dps, 2011 hp, 350.5 mana
566: finished casting torpor
566: 98.8 dps, 2011 hp, 180.5 mana
567: 98.6 dps, 2011 hp, 180.5 mana
568: 98.5 dps, 2011 hp, 180.5 mana
569: startcast epic
569: 98.3 dps, 2011 hp, 180.5 mana
570: torpor tick
570: nife tick
570: eb tick
570: 98.8 dps, 2330 hp, 189.5 mana
571: 98.6 dps, 2330 hp, 189.5 mana
572: 98.5 dps, 2330 hp, 189.5 mana
573: 98.3 dps, 2330 hp, 189.5 mana
574: 98.1 dps, 2330 hp, 189.5 mana
575: 97.9 dps, 2330 hp, 189.5 mana
576: torpor tick
576: nife tick
576: eb tick
576: 98.4 dps, 2649 hp, 198.5 mana
577: 98.3 dps, 2649 hp, 198.5 mana
578: finished casting epic
578: 98.1 dps, 2649 hp, 198.5 mana
579: startcast cann4
579: 97.9 dps, 2649 hp, 198.5 mana
580: 97.8 dps, 2649 hp, 198.5 mana
581: 97.6 dps, 2649 hp, 198.5 mana
582: torpor tick
582: eb tick
582: epic tick
582: cann4 tick
582: finished casting cann4
582: 97.9 dps, 2820 hp, 289.5 mana
583: 97.7 dps, 2820 hp, 289.5 mana
584: startcast cann4
584: 97.5 dps, 2820 hp, 289.5 mana
585: 97.4 dps, 2820 hp, 289.5 mana
586: 97.2 dps, 2820 hp, 289.5 mana
587: cann4 tick
587: finished casting cann4
587: 97.0 dps, 2672 hp, 371.5 mana
588: torpor tick
588: eb tick
588: epic tick
588: 97.3 dps, 2991 hp, 380.5 mana
589: startcast cann4
589: 97.1 dps, 2991 hp, 380.5 mana
590: 96.9 dps, 2991 hp, 380.5 mana
591: 96.8 dps, 2991 hp, 380.5 mana
592: cann4 tick
592: finished casting cann4
592: 96.6 dps, 2843 hp, 462.5 mana
593: 96.5 dps, 2843 hp, 462.5 mana
594: torpor tick
594: eb tick
594: epic tick
594: startcast nife
594: 96.7 dps, 3162 hp, 471.5 mana
595: 96.6 dps, 3162 hp, 471.5 mana
596: 96.4 dps, 3162 hp, 471.5 mana
597: 96.2 dps, 3162 hp, 471.5 mana
598: 96.1 dps, 3162 hp, 471.5 mana
599: finished casting nife
599: 95.9 dps, 3162 hp, 110.25 mana
600: torpor tick
600: nife tick
600: eb tick
600: epic tick
600: 96.5 dps, 3481 hp, 119.25 mana
601: 96.4 dps, 3481 hp, 119.25 mana
602: cann5 tick
602: finished casting cann5
602: startcast cann5
602: startcast iceblast
602: 96.2 dps, 1557 hp, 1185.25 mana
603: 96.1 dps, 1557 hp, 1185.25 mana
604: 95.9 dps, 1557 hp, 1185.25 mana
605: 95.7 dps, 1557 hp, 1185.25 mana
606: nife tick
606: eb tick
606: epic tick
606: 96.4 dps, 1576 hp, 1194.25 mana
607: 96.2 dps, 1576 hp, 1194.25 mana
608: iceblast tick
608: finished casting iceblast
608: 97.4 dps, 1576 hp, 981.75 mana
609: 97.2 dps, 1576 hp, 981.75 mana
610: 97.1 dps, 1576 hp, 981.75 mana
611: startcast torpor
611: 96.9 dps, 1576 hp, 981.75 mana
612: nife tick
612: epic tick
612: 97.3 dps, 1595 hp, 990.75 mana
613: 97.1 dps, 1595 hp, 990.75 mana
614: 96.9 dps, 1595 hp, 990.75 mana
615: finished casting torpor
615: 96.8 dps, 1595 hp, 820.75 mana
616: 96.6 dps, 1595 hp, 820.75 mana
617: 96.5 dps, 1595 hp, 820.75 mana
618: torpor tick
618: nife tick
618: epic tick
618: startcast eb
618: 96.8 dps, 1914 hp, 829.75 mana
619: 96.7 dps, 1914 hp, 829.75 mana
620: 96.5 dps, 1914 hp, 829.75 mana
621: 96.4 dps, 1914 hp, 829.75 mana
622: 96.2 dps, 1914 hp, 829.75 mana
623: 96.1 dps, 1914 hp, 829.75 mana
624: torpor tick
624: nife tick
624: epic tick
624: finished casting eb
624: 96.4 dps, 2233 hp, 566.75 mana
625: 96.3 dps, 2233 hp, 566.75 mana
626: 96.1 dps, 2233 hp, 566.75 mana
627: startcast pox
627: 96.0 dps, 2233 hp, 566.75 mana
628: 95.8 dps, 2233 hp, 566.75 mana
629: 95.7 dps, 2233 hp, 566.75 mana
630: torpor tick
630: nife tick
630: eb tick
630: epic tick
630: 96.3 dps, 2552 hp, 575.75 mana
631: 96.1 dps, 2552 hp, 575.75 mana
632: finished casting pox
632: 96.0 dps, 2552 hp, 206 mana
633: 95.8 dps, 2552 hp, 206 mana
634: 95.7 dps, 2552 hp, 206 mana
635: startcast cann4
635: 95.5 dps, 2552 hp, 206 mana
636: torpor tick
636: pox tick
636: nife tick
636: eb tick
636: epic tick
636: 96.3 dps, 2871 hp, 215 mana
637: 96.1 dps, 2871 hp, 215 mana
638: cann4 tick
638: finished casting cann4
638: 96.0 dps, 2723 hp, 297 mana
639: 95.8 dps, 2723 hp, 297 mana
640: startcast cann4
640: 95.7 dps, 2723 hp, 297 mana
641: 95.5 dps, 2723 hp, 297 mana
642: torpor tick
642: pox tick
642: nife tick
642: eb tick
642: epic tick
642: 96.3 dps, 3042 hp, 306 mana
643: cann4 tick
643: finished casting cann4
643: 96.2 dps, 2894 hp, 388 mana
644: 96.0 dps, 2894 hp, 388 mana
645: startcast cann4
645: 95.9 dps, 2894 hp, 388 mana
646: 95.7 dps, 2894 hp, 388 mana
647: 95.6 dps, 2894 hp, 388 mana
648: torpor tick
648: pox tick
648: nife tick
648: eb tick
648: epic tick
648: cann4 tick
648: finished casting cann4
648: 96.3 dps, 3065 hp, 479 mana
649: 96.2 dps, 3065 hp, 479 mana
650: startcast nife
650: 96.0 dps, 3065 hp, 479 mana
651: 95.9 dps, 3065 hp, 479 mana
652: 95.8 dps, 3065 hp, 479 mana
653: 95.6 dps, 3065 hp, 479 mana
654: pox tick
654: eb tick
654: epic tick
654: 96.0 dps, 3084 hp, 488 mana
655: finished casting nife
655: 95.9 dps, 3084 hp, 126.75 mana
656: 95.7 dps, 3084 hp, 126.75 mana
657: 95.6 dps, 3084 hp, 126.75 mana
658: startcast cann4
658: 95.4 dps, 3084 hp, 126.75 mana
659: 95.3 dps, 3084 hp, 126.75 mana
660: pox tick
660: nife tick
660: eb tick
660: epic tick
660: 96.0 dps, 3103 hp, 135.75 mana
661: cann4 tick
661: finished casting cann4
661: 95.9 dps, 2955 hp, 217.75 mana
662: 95.8 dps, 2955 hp, 217.75 mana
663: startcast epic
663: 95.6 dps, 2955 hp, 217.75 mana
664: 95.5 dps, 2955 hp, 217.75 mana
665: 95.3 dps, 2955 hp, 217.75 mana
666: pox tick
666: nife tick
666: eb tick
666: 95.9 dps, 2974 hp, 226.75 mana
667: 95.8 dps, 2974 hp, 226.75 mana
668: 95.6 dps, 2974 hp, 226.75 mana
669: 95.5 dps, 2974 hp, 226.75 mana
670: 95.4 dps, 2974 hp, 226.75 mana
671: 95.2 dps, 2974 hp, 226.75 mana
672: pox tick
672: nife tick
672: eb tick
672: finished casting epic
672: 95.8 dps, 2993 hp, 235.75 mana
673: startcast cann4
673: 95.7 dps, 2993 hp, 235.75 mana
674: 95.5 dps, 2993 hp, 235.75 mana
675: 95.4 dps, 2993 hp, 235.75 mana
676: cann4 tick
676: finished casting cann4
676: 95.3 dps, 2845 hp, 317.75 mana
677: 95.1 dps, 2845 hp, 317.75 mana
678: pox tick
678: nife tick
678: eb tick
678: epic tick
678: startcast eb
678: 95.9 dps, 2864 hp, 326.75 mana
679: 95.7 dps, 2864 hp, 326.75 mana
680: 95.6 dps, 2864 hp, 326.75 mana
681: 95.4 dps, 2864 hp, 326.75 mana
682: 95.3 dps, 2864 hp, 326.75 mana
683: 95.2 dps, 2864 hp, 326.75 mana
684: pox tick
684: nife tick
684: epic tick
684: finished casting eb
684: 95.7 dps, 2883 hp, 63.75 mana
685: 95.5 dps, 2883 hp, 63.75 mana
686: 95.4 dps, 2883 hp, 63.75 mana
687: startcast cann4
687: 95.2 dps, 2883 hp, 63.75 mana
688: 95.1 dps, 2883 hp, 63.75 mana
689: 95.0 dps, 2883 hp, 63.75 mana
690: pox tick
690: nife tick
690: eb tick
690: epic tick
690: cann4 tick
690: finished casting cann4
690: 95.7 dps, 2754 hp, 154.75 mana
691: 95.5 dps, 2754 hp, 154.75 mana
692: startcast cann4
692: 95.4 dps, 2754 hp, 154.75 mana
693: 95.3 dps, 2754 hp, 154.75 mana
694: 95.1 dps, 2754 hp, 154.75 mana
695: cann4 tick
695: finished casting cann4
695: 95.0 dps, 2606 hp, 236.75 mana
696: pox tick
696: nife tick
696: eb tick
696: epic tick
696: 95.7 dps, 2625 hp, 245.75 mana
697: startcast cann4
697: 95.6 dps, 2625 hp, 245.75 mana
698: 95.4 dps, 2625 hp, 245.75 mana
699: 95.3 dps, 2625 hp, 245.75 mana
700: cann4 tick
700: finished casting cann4
700: 95.2 dps, 2477 hp, 327.75 mana
701: 95.0 dps, 2477 hp, 327.75 mana
702: pox tick
702: nife tick
702: eb tick
702: epic tick
702: startcast cann4
702: 95.7 dps, 2496 hp, 336.75 mana
703: 95.6 dps, 2496 hp, 336.75 mana
704: 95.5 dps, 2496 hp, 336.75 mana
705: cann4 tick
705: finished casting cann4
705: 95.3 dps, 2348 hp, 418.75 mana
706: 95.2 dps, 2348 hp, 418.75 mana
707: startcast cann4
707: 95.1 dps, 2348 hp, 418.75 mana
708: pox tick
708: nife tick
708: eb tick
708: epic tick
708: 95.8 dps, 2367 hp, 427.75 mana
709: 95.6 dps, 2367 hp, 427.75 mana
710: cann4 tick
710: finished casting cann4
710: 95.5 dps, 2219 hp, 509.75 mana
711: 95.4 dps, 2219 hp, 509.75 mana
712: startcast nife
712: 95.2 dps, 2219 hp, 509.75 mana
713: 95.1 dps, 2219 hp, 509.75 mana
714: pox tick
714: eb tick
714: epic tick
714: 95.5 dps, 2238 hp, 518.75 mana
715: 95.3 dps, 2238 hp, 518.75 mana
716: 95.2 dps, 2238 hp, 518.75 mana
717: finished casting nife
717: 95.1 dps, 2238 hp, 157.5 mana
718: 94.9 dps, 2238 hp, 157.5 mana
719: 94.8 dps, 2238 hp, 157.5 mana
720: pox tick
720: nife tick
720: eb tick
720: epic tick
720: startcast cann4
720: 95.5 dps, 2257 hp, 166.5 mana
721: 95.4 dps, 2257 hp, 166.5 mana
722: 95.2 dps, 2257 hp, 166.5 mana
723: cann4 tick
723: finished casting cann4
723: 95.1 dps, 2109 hp, 248.5 mana
724: 95.0 dps, 2109 hp, 248.5 mana
725: startcast cann4
725: 94.8 dps, 2109 hp, 248.5 mana
726: pox tick
726: nife tick
726: eb tick
726: epic tick
726: 95.5 dps, 2128 hp, 257.5 mana
727: 95.4 dps, 2128 hp, 257.5 mana
728: cann4 tick
728: finished casting cann4
728: 95.3 dps, 1980 hp, 339.5 mana
729: 95.1 dps, 1980 hp, 339.5 mana
730: startcast torpor
730: 95.0 dps, 1980 hp, 339.5 mana
731: 94.9 dps, 1980 hp, 339.5 mana
732: pox tick
732: nife tick
732: eb tick
732: epic tick
732: 95.6 dps, 1999 hp, 348.5 mana
733: 95.4 dps, 1999 hp, 348.5 mana
734: finished casting torpor
734: 95.3 dps, 1999 hp, 178.5 mana
735: 95.2 dps, 1999 hp, 178.5 mana
736: 95.0 dps, 1999 hp, 178.5 mana
737: startcast cann4
737: 94.9 dps, 1999 hp, 178.5 mana
738: torpor tick
738: pox tick
738: nife tick
738: eb tick
738: epic tick
738: 95.6 dps, 2318 hp, 187.5 mana
739: 95.5 dps, 2318 hp, 187.5 mana
740: cann4 tick
740: finished casting cann4
740: 95.3 dps, 2170 hp, 269.5 mana
741: 95.2 dps, 2170 hp, 269.5 mana
742: startcast cann4
742: 95.1 dps, 2170 hp, 269.5 mana
743: 95.0 dps, 2170 hp, 269.5 mana
744: torpor tick
744: pox tick
744: nife tick
744: epic tick
744: 95.4 dps, 2489 hp, 278.5 mana
745: cann4 tick
745: finished casting cann4
745: 95.3 dps, 2341 hp, 360.5 mana
746: 95.2 dps, 2341 hp, 360.5 mana
747: startcast eb
747: 95.0 dps, 2341 hp, 360.5 mana
748: 94.9 dps, 2341 hp, 360.5 mana
749: 94.8 dps, 2341 hp, 360.5 mana
750: torpor tick
750: pox tick
750: nife tick
750: epic tick
750: 95.2 dps, 2660 hp, 369.5 mana
751: 95.1 dps, 2660 hp, 369.5 mana
752: 95.0 dps, 2660 hp, 369.5 mana
753: finished casting eb
753: 94.9 dps, 2660 hp, 97.5 mana
754: 94.7 dps, 2660 hp, 97.5 mana
755: 94.6 dps, 2660 hp, 97.5 mana
756: torpor tick
756: pox tick
756: nife tick
756: eb tick
756: epic tick
756: startcast epic
756: 95.3 dps, 2979 hp, 106.5 mana
757: 95.1 dps, 2979 hp, 106.5 mana
758: 95.0 dps, 2979 hp, 106.5 mana
759: 94.9 dps, 2979 hp, 106.5 mana
760: 94.8 dps, 2979 hp, 106.5 mana
761: 94.6 dps, 2979 hp, 106.5 mana
762: torpor tick
762: nife tick
762: eb tick
762: 95.0 dps, 3298 hp, 115.5 mana
763: 94.9 dps, 3298 hp, 115.5 mana
764: 94.8 dps, 3298 hp, 115.5 mana
765: finished casting epic
765: 94.6 dps, 3298 hp, 115.5 mana
766: startcast cann4
766: 94.5 dps, 3298 hp, 115.5 mana
767: 94.4 dps, 3298 hp, 115.5 mana
768: torpor tick
768: nife tick
768: eb tick
768: epic tick
768: 94.9 dps, 3617 hp, 124.5 mana
769: cann4 tick
769: finished casting cann4
769: 94.8 dps, 3469 hp, 206.5 mana
770: 94.7 dps, 3469 hp, 206.5 mana
771: startcast cann4
771: 94.5 dps, 3469 hp, 206.5 mana
772: 94.4 dps, 3469 hp, 206.5 mana
773: 94.3 dps, 3469 hp, 206.5 mana
774: eb tick
774: epic tick
774: cann4 tick
774: finished casting cann4
774: 94.5 dps, 3340 hp, 297.5 mana
775: 94.4 dps, 3340 hp, 297.5 mana
776: startcast cann4
776: 94.2 dps, 3340 hp, 297.5 mana
777: 94.1 dps, 3340 hp, 297.5 mana
778: 94.0 dps, 3340 hp, 297.5 mana
779: cann4 tick
779: finished casting cann4
779: 93.9 dps, 3192 hp, 379.5 mana
780: eb tick
780: epic tick
780: 94.1 dps, 3211 hp, 388.5 mana
781: startcast cann4
781: 94.0 dps, 3211 hp, 388.5 mana
782: 93.8 dps, 3211 hp, 388.5 mana
783: 93.7 dps, 3211 hp, 388.5 mana
784: cann4 tick
784: finished casting cann4
784: 93.6 dps, 3063 hp, 470.5 mana
785: 93.5 dps, 3063 hp, 470.5 mana
786: eb tick
786: epic tick
786: cann5 tick
786: finished casting cann5
786: startcast cann5
786: startcast iceblast
786: 93.7 dps, 1158 hp, 1545.5 mana
787: 93.6 dps, 1158 hp, 1545.5 mana
788: 93.4 dps, 1158 hp, 1545.5 mana
789: 93.3 dps, 1158 hp, 1545.5 mana
790: 93.2 dps, 1158 hp, 1545.5 mana
791: 93.1 dps, 1158 hp, 1545.5 mana
792: eb tick
792: epic tick
792: iceblast tick
792: finished casting iceblast
792: 94.3 dps, 1177 hp, 1342 mana
793: 94.2 dps, 1177 hp, 1342 mana
794: 94.1 dps, 1177 hp, 1342 mana
795: startcast torpor
795: 93.9 dps, 1177 hp, 1342 mana
796: 93.8 dps, 1177 hp, 1342 mana
797: 93.7 dps, 1177 hp, 1342 mana
798: eb tick
798: epic tick
798: 93.9 dps, 1196 hp, 1351 mana
799: finished casting torpor
799: 93.8 dps, 1196 hp, 1181 mana
800: 93.7 dps, 1196 hp, 1181 mana
801: 93.5 dps, 1196 hp, 1181 mana
802: startcast nife
802: 93.4 dps, 1196 hp, 1181 mana
803: 93.3 dps, 1196 hp, 1181 mana
804: torpor tick
804: eb tick
804: epic tick
804: 93.5 dps, 1515 hp, 1190 mana
805: 93.4 dps, 1515 hp, 1190 mana
806: 93.3 dps, 1515 hp, 1190 mana
807: finished casting nife
807: 93.2 dps, 1515 hp, 828.75 mana
808: 93.0 dps, 1515 hp, 828.75 mana
809: 92.9 dps, 1515 hp, 828.75 mana
810: torpor tick
810: nife tick
810: epic tick
810: startcast eb
810: 93.2 dps, 1834 hp, 837.75 mana
811: 93.1 dps, 1834 hp, 837.75 mana
812: 93.0 dps, 1834 hp, 837.75 mana
813: 92.9 dps, 1834 hp, 837.75 mana
814: 92.7 dps, 1834 hp, 837.75 mana
815: 92.6 dps, 1834 hp, 837.75 mana
816: torpor tick
816: nife tick
816: epic tick
816: finished casting eb
816: 92.9 dps, 2153 hp, 574.75 mana
817: 92.8 dps, 2153 hp, 574.75 mana
818: 92.7 dps, 2153 hp, 574.75 mana
819: startcast pox
819: 92.6 dps, 2153 hp, 574.75 mana
820: 92.5 dps, 2153 hp, 574.75 mana
821: 92.3 dps, 2153 hp, 574.75 mana
822: torpor tick
822: nife tick
822: eb tick
822: epic tick
822: 92.8 dps, 2472 hp, 583.75 mana
823: 92.7 dps, 2472 hp, 583.75 mana
824: finished casting pox
824: 92.6 dps, 2472 hp, 214 mana
825: 92.5 dps, 2472 hp, 214 mana
826: 92.4 dps, 2472 hp, 214 mana
827: startcast cann4
827: 92.3 dps, 2472 hp, 214 mana
828: torpor tick
828: pox tick
828: nife tick
828: eb tick
828: epic tick
828: 92.9 dps, 2791 hp, 223 mana
829: 92.8 dps, 2791 hp, 223 mana
830: cann4 tick
830: finished casting cann4
830: 92.6 dps, 2643 hp, 305 mana
831: 92.5 dps, 2643 hp, 305 mana
832: startcast cann4
832: 92.4 dps, 2643 hp, 305 mana
833: 92.3 dps, 2643 hp, 305 mana
834: torpor tick
834: pox tick
834: nife tick
834: eb tick
834: epic tick
834: 92.9 dps, 2962 hp, 314 mana
835: cann4 tick
835: finished casting cann4
835: 92.8 dps, 2814 hp, 396 mana
836: 92.7 dps, 2814 hp, 396 mana
837: startcast cann4
837: 92.6 dps, 2814 hp, 396 mana
838: 92.5 dps, 2814 hp, 396 mana
839: 92.4 dps, 2814 hp, 396 mana
840: pox tick
840: nife tick
840: eb tick
840: epic tick
840: cann4 tick
840: finished casting cann4
840: 93.0 dps, 2685 hp, 487 mana
841: 92.8 dps, 2685 hp, 487 mana
842: startcast cann4
842: 92.7 dps, 2685 hp, 487 mana
843: 92.6 dps, 2685 hp, 487 mana
844: 92.5 dps, 2685 hp, 487 mana
845: cann4 tick
845: finished casting cann4
845: 92.4 dps, 2537 hp, 569 mana
846: pox tick
846: nife tick
846: eb tick
846: epic tick
846: 93.0 dps, 2556 hp, 578 mana
847: startcast epic
847: 92.9 dps, 2556 hp, 578 mana
848: 92.8 dps, 2556 hp, 578 mana
849: 92.7 dps, 2556 hp, 578 mana
850: 92.6 dps, 2556 hp, 578 mana
851: 92.4 dps, 2556 hp, 578 mana
852: pox tick
852: nife tick
852: eb tick
852: 92.9 dps, 2575 hp, 587 mana
853: 92.8 dps, 2575 hp, 587 mana
854: 92.7 dps, 2575 hp, 587 mana
855: 92.6 dps, 2575 hp, 587 mana
856: finished casting epic
856: 92.5 dps, 2575 hp, 587 mana
857: startcast iceblast
857: 92.4 dps, 2575 hp, 587 mana
858: pox tick
858: nife tick
858: eb tick
858: epic tick
858: 93.0 dps, 2594 hp, 596 mana
859: 92.9 dps, 2594 hp, 596 mana
860: 92.8 dps, 2594 hp, 596 mana
861: 92.7 dps, 2594 hp, 596 mana
862: 92.5 dps, 2594 hp, 596 mana
863: iceblast tick
863: finished casting iceblast
863: 93.4 dps, 2594 hp, 383.5 mana
864: pox tick
864: eb tick
864: epic tick
864: 93.7 dps, 2613 hp, 392.5 mana
865: 93.6 dps, 2613 hp, 392.5 mana
866: startcast cann4
866: 93.5 dps, 2613 hp, 392.5 mana
867: 93.3 dps, 2613 hp, 392.5 mana
868: 93.2 dps, 2613 hp, 392.5 mana
869: cann4 tick
869: finished casting cann4
869: 93.1 dps, 2465 hp, 474.5 mana
870: pox tick
870: eb tick
870: epic tick
870: 93.4 dps, 2484 hp, 483.5 mana
871: startcast nife
871: 93.3 dps, 2484 hp, 483.5 mana
872: 93.2 dps, 2484 hp, 483.5 mana
873: 93.1 dps, 2484 hp, 483.5 mana
874: 93.0 dps, 2484 hp, 483.5 mana
875: 92.9 dps, 2484 hp, 483.5 mana
876: pox tick
876: epic tick
876: finished casting nife
876: 93.0 dps, 2503 hp, 131.25 mana
877: 92.9 dps, 2503 hp, 131.25 mana
878: 92.8 dps, 2503 hp, 131.25 mana
879: startcast cann4
879: 92.7 dps, 2503 hp, 131.25 mana
880: 92.6 dps, 2503 hp, 131.25 mana
881: 92.5 dps, 2503 hp, 131.25 mana
882: pox tick
882: nife tick
882: epic tick
882: cann4 tick
882: finished casting cann4
882: 92.9 dps, 2374 hp, 222.25 mana
883: 92.8 dps, 2374 hp, 222.25 mana
884: startcast cann4
884: 92.7 dps, 2374 hp, 222.25 mana
885: 92.6 dps, 2374 hp, 222.25 mana
886: 92.5 dps, 2374 hp, 222.25 mana
887: cann4 tick
887: finished casting cann4
887: 92.4 dps, 2226 hp, 304.25 mana
888: pox tick
888: nife tick
888: epic tick
888: 92.8 dps, 2245 hp, 313.25 mana
889: startcast cann4
889: 92.7 dps, 2245 hp, 313.25 mana
890: 92.6 dps, 2245 hp, 313.25 mana
891: 92.5 dps, 2245 hp, 313.25 mana
892: cann4 tick
892: finished casting cann4
892: 92.3 dps, 2097 hp, 395.25 mana
893: 92.2 dps, 2097 hp, 395.25 mana
894: pox tick
894: nife tick
894: epic tick
894: startcast eb
894: 92.6 dps, 2116 hp, 404.25 mana
895: 92.5 dps, 2116 hp, 404.25 mana
896: 92.4 dps, 2116 hp, 404.25 mana
897: 92.3 dps, 2116 hp, 404.25 mana
898: 92.2 dps, 2116 hp, 404.25 mana
899: 92.1 dps, 2116 hp, 404.25 mana
900: pox tick
900: nife tick
900: epic tick
900: finished casting eb
900: 92.5 dps, 2135 hp, 141.25 mana
901: 92.4 dps, 2135 hp, 141.25 mana
902: 92.3 dps, 2135 hp, 141.25 mana
903: startcast cann4
903: 92.2 dps, 2135 hp, 141.25 mana
904: 92.1 dps, 2135 hp, 141.25 mana
905: 92.0 dps, 2135 hp, 141.25 mana
906: pox tick
906: nife tick
906: eb tick
906: epic tick
906: cann4 tick
906: finished casting cann4
906: 92.5 dps, 2006 hp, 232.25 mana
907: 92.4 dps, 2006 hp, 232.25 mana
908: startcast cann4
908: 92.3 dps, 2006 hp, 232.25 mana
909: 92.2 dps, 2006 hp, 232.25 mana
910: 92.1 dps, 2006 hp, 232.25 mana
911: cann4 tick
911: finished casting cann4
911: 92.0 dps, 1858 hp, 314.25 mana
912: pox tick
912: nife tick
912: eb tick
912: epic tick
912: 92.6 dps, 1877 hp, 323.25 mana
913: startcast torpor
913: 92.5 dps, 1877 hp, 323.25 mana
914: 92.4 dps, 1877 hp, 323.25 mana
915: 92.3 dps, 1877 hp, 323.25 mana
916: 92.2 dps, 1877 hp, 323.25 mana
917: finished casting torpor
917: 92.1 dps, 1877 hp, 153.25 mana
918: torpor tick
918: pox tick
918: nife tick
918: eb tick
918: epic tick
918: 92.6 dps, 2196 hp, 162.25 mana
919: 92.5 dps, 2196 hp, 162.25 mana
920: startcast cann4
920: 92.4 dps, 2196 hp, 162.25 mana
921: 92.3 dps, 2196 hp, 162.25 mana
922: 92.2 dps, 2196 hp, 162.25 mana
923: cann4 tick
923: finished casting cann4
923: 92.1 dps, 2048 hp, 244.25 mana
924: torpor tick
924: pox tick
924: nife tick
924: eb tick
924: epic tick
924: 92.7 dps, 2367 hp, 253.25 mana
925: startcast cann4
925: 92.6 dps, 2367 hp, 253.25 mana
926: 92.5 dps, 2367 hp, 253.25 mana
927: 92.4 dps, 2367 hp, 253.25 mana
928: cann4 tick
928: finished casting cann4
928: 92.3 dps, 2219 hp, 335.25 mana
929: 92.2 dps, 2219 hp, 335.25 mana
930: torpor tick
930: pox tick
930: nife tick
930: eb tick
930: epic tick
930: startcast cann4
930: 92.7 dps, 2538 hp, 344.25 mana
931: 92.6 dps, 2538 hp, 344.25 mana
932: 92.5 dps, 2538 hp, 344.25 mana
933: cann4 tick
933: finished casting cann4
933: 92.4 dps, 2390 hp, 426.25 mana
934: 92.3 dps, 2390 hp, 426.25 mana
935: startcast nife
935: 92.2 dps, 2390 hp, 426.25 mana
936: torpor tick
936: pox tick
936: eb tick
936: epic tick
936: 92.5 dps, 2709 hp, 435.25 mana
937: 92.4 dps, 2709 hp, 435.25 mana
938: 92.3 dps, 2709 hp, 435.25 mana
939: 92.2 dps, 2709 hp, 435.25 mana
940: finished casting nife
940: 92.1 dps, 2709 hp, 74 mana
941: 92.0 dps, 2709 hp, 74 mana
942: torpor tick
942: pox tick
942: nife tick
942: eb tick
942: 92.5 dps, 3028 hp, 83 mana
943: startcast epic
943: 92.4 dps, 3028 hp, 83 mana
944: 92.3 dps, 3028 hp, 83 mana
945: 92.2 dps, 3028 hp, 83 mana
946: 92.1 dps, 3028 hp, 83 mana
947: 92.0 dps, 3028 hp, 83 mana
948: torpor tick
948: pox tick
948: nife tick
948: eb tick
948: 92.4 dps, 3347 hp, 92 mana
949: 92.3 dps, 3347 hp, 92 mana
950: 92.2 dps, 3347 hp, 92 mana
951: 92.1 dps, 3347 hp, 92 mana
952: finished casting epic
952: 92.0 dps, 3347 hp, 92 mana
953: startcast cann4
953: 91.9 dps, 3347 hp, 92 mana
954: nife tick
954: eb tick
954: epic tick
954: 92.3 dps, 3366 hp, 101 mana
955: 92.2 dps, 3366 hp, 101 mana
956: cann4 tick
956: finished casting cann4
956: 92.1 dps, 3218 hp, 183 mana
957: 92.0 dps, 3218 hp, 183 mana
958: startcast cann4
958: 91.9 dps, 3218 hp, 183 mana
959: 91.8 dps, 3218 hp, 183 mana
960: nife tick
960: epic tick
960: 92.1 dps, 3237 hp, 192 mana
961: cann4 tick
961: finished casting cann4
961: 92.0 dps, 3089 hp, 274 mana
962: 91.9 dps, 3089 hp, 274 mana
963: startcast cann4
963: 91.8 dps, 3089 hp, 274 mana
964: 91.7 dps, 3089 hp, 274 mana
965: 91.6 dps, 3089 hp, 274 mana
966: nife tick
966: epic tick
966: cann4 tick
966: finished casting cann4
966: 91.8 dps, 2960 hp, 365 mana
967: 91.7 dps, 2960 hp, 365 mana
968: cann5 tick
968: finished casting cann5
968: startcast cann5
968: startcast iceblast
968: 91.6 dps, 1036 hp, 1431 mana
969: 91.6 dps, 1036 hp, 1431 mana
970: 91.5 dps, 1036 hp, 1431 mana
971: 91.4 dps, 1036 hp, 1431 mana
972: nife tick
972: epic tick
972: 91.6 dps, 1055 hp, 1440 mana
973: 91.5 dps, 1055 hp, 1440 mana
974: iceblast tick
974: finished casting iceblast
974: 92.2 dps, 1055 hp, 1227.5 mana
975: 92.1 dps, 1055 hp, 1227.5 mana
976: 92.0 dps, 1055 hp, 1227.5 mana
977: startcast torpor
977: 91.9 dps, 1055 hp, 1227.5 mana
978: nife tick
978: epic tick
978: 92.2 dps, 1074 hp, 1236.5 mana
979: 92.1 dps, 1074 hp, 1236.5 mana
980: 92.0 dps, 1074 hp, 1236.5 mana
981: finished casting torpor
981: 91.9 dps, 1074 hp, 1066.5 mana
982: 91.8 dps, 1074 hp, 1066.5 mana
983: 91.7 dps, 1074 hp, 1066.5 mana
984: torpor tick
984: nife tick
984: epic tick
984: startcast eb
984: 91.9 dps, 1393 hp, 1075.5 mana
985: 91.9 dps, 1393 hp, 1075.5 mana
986: 91.8 dps, 1393 hp, 1075.5 mana
987: 91.7 dps, 1393 hp, 1075.5 mana
988: 91.6 dps, 1393 hp, 1075.5 mana
989: 91.5 dps, 1393 hp, 1075.5 mana
990: torpor tick
990: nife tick
990: epic tick
990: finished casting eb
990: 91.7 dps, 1712 hp, 812.5 mana
991: 91.6 dps, 1712 hp, 812.5 mana
992: 91.5 dps, 1712 hp, 812.5 mana
993: startcast nife
993: 91.4 dps, 1712 hp, 812.5 mana
994: 91.3 dps, 1712 hp, 812.5 mana
995: 91.3 dps, 1712 hp, 812.5 mana
996: torpor tick
996: eb tick
996: epic tick
996: 91.4 dps, 2031 hp, 821.5 mana
997: 91.3 dps, 2031 hp, 821.5 mana
998: finished casting nife
998: 91.2 dps, 2031 hp, 460.25 mana
999: 91.1 dps, 2031 hp, 460.25 mana
1000: 91.0 dps, 2031 hp, 460.25 mana
1001: startcast pox
1001: 91.0 dps, 2031 hp, 460.25 mana
1002: torpor tick
1002: nife tick
1002: eb tick
1002: epic tick
1002: 91.3 dps, 2350 hp, 469.25 mana
1003: 91.3 dps, 2350 hp, 469.25 mana
1004: 91.2 dps, 2350 hp, 469.25 mana
1005: 91.1 dps, 2350 hp, 469.25 mana
1006: finished casting pox
1006: 91.0 dps, 2350 hp, 99.5 mana
1007: 90.9 dps, 2350 hp, 99.5 mana
1008: torpor tick
1008: pox tick
1008: nife tick
1008: eb tick
1008: epic tick
1008: 91.4 dps, 2669 hp, 108.5 mana
1009: startcast cann4
1009: 91.3 dps, 2669 hp, 108.5 mana
1010: 91.2 dps, 2669 hp, 108.5 mana
1011: 91.1 dps, 2669 hp, 108.5 mana
1012: cann4 tick
1012: finished casting cann4
1012: 91.0 dps, 2521 hp, 190.5 mana
1013: 90.9 dps, 2521 hp, 190.5 mana
1014: torpor tick
1014: pox tick
1014: nife tick
1014: eb tick
1014: epic tick
1014: startcast cann4
1014: 91.4 dps, 2840 hp, 199.5 mana
1015: 91.3 dps, 2840 hp, 199.5 mana
1016: 91.3 dps, 2840 hp, 199.5 mana
1017: cann4 tick
1017: finished casting cann4
1017: 91.2 dps, 2692 hp, 281.5 mana
1018: 91.1 dps, 2692 hp, 281.5 mana
1019: startcast cann4
1019: 91.0 dps, 2692 hp, 281.5 mana
1020: pox tick
1020: nife tick
1020: eb tick
1020: epic tick
1020: 91.5 dps, 2711 hp, 290.5 mana
1021: 91.4 dps, 2711 hp, 290.5 mana
1022: cann4 tick
1022: finished casting cann4
1022: 91.3 dps, 2563 hp, 372.5 mana
1023: 91.2 dps, 2563 hp, 372.5 mana
1024: startcast cann4
1024: 91.1 dps, 2563 hp, 372.5 mana
1025: 91.0 dps, 2563 hp, 372.5 mana
1026: pox tick
1026: nife tick
1026: eb tick
1026: epic tick
1026: 91.5 dps, 2582 hp, 381.5 mana
1027: cann4 tick
1027: finished casting cann4
1027: 91.4 dps, 2434 hp, 463.5 mana
1028: 91.3 dps, 2434 hp, 463.5 mana
1029: startcast cann4
1029: 91.3 dps, 2434 hp, 463.5 mana
1030: 91.2 dps, 2434 hp, 463.5 mana
1031: 91.1 dps, 2434 hp, 463.5 mana
1032: pox tick
1032: nife tick
1032: eb tick
1032: epic tick
1032: cann4 tick
1032: finished casting cann4
1032: 91.6 dps, 2305 hp, 554.5 mana
1033: 91.5 dps, 2305 hp, 554.5 mana
1034: startcast epic
1034: 91.4 dps, 2305 hp, 554.5 mana
1035: 91.3 dps, 2305 hp, 554.5 mana
1036: 91.2 dps, 2305 hp, 554.5 mana
1037: 91.1 dps, 2305 hp, 554.5 mana
1038: pox tick
1038: nife tick
1038: eb tick
1038: 91.5 dps, 2324 hp, 563.5 mana
1039: 91.4 dps, 2324 hp, 563.5 mana
1040: 91.3 dps, 2324 hp, 563.5 mana
1041: 91.3 dps, 2324 hp, 563.5 mana
1042: 91.2 dps, 2324 hp, 563.5 mana
1043: finished casting epic
1043: 91.1 dps, 2324 hp, 563.5 mana
1044: pox tick
1044: nife tick
1044: eb tick
1044: epic tick
1044: startcast eb
1044: 91.6 dps, 2343 hp, 572.5 mana
1045: 91.5 dps, 2343 hp, 572.5 mana
1046: 91.4 dps, 2343 hp, 572.5 mana
1047: 91.3 dps, 2343 hp, 572.5 mana
1048: 91.2 dps, 2343 hp, 572.5 mana
1049: 91.1 dps, 2343 hp, 572.5 mana
1050: pox tick
1050: nife tick
1050: epic tick
1050: finished casting eb
1050: 91.5 dps, 2362 hp, 309.5 mana
1051: 91.4 dps, 2362 hp, 309.5 mana
1052: 91.3 dps, 2362 hp, 309.5 mana
1053: startcast cann4
1053: 91.2 dps, 2362 hp, 309.5 mana
1054: 91.1 dps, 2362 hp, 309.5 mana
1055: 91.0 dps, 2362 hp, 309.5 mana
1056: pox tick
1056: eb tick
1056: epic tick
1056: cann4 tick
1056: finished casting cann4
1056: 91.3 dps, 2233 hp, 400.5 mana
1057: 91.2 dps, 2233 hp, 400.5 mana
1058: startcast cann4
1058: 91.1 dps, 2233 hp, 400.5 mana
1059: 91.0 dps, 2233 hp, 400.5 mana
1060: 90.9 dps, 2233 hp, 400.5 mana
1061: cann4 tick
1061: finished casting cann4
1061: 90.9 dps, 2085 hp, 482.5 mana
1062: pox tick
1062: eb tick
1062: epic tick
1062: 91.1 dps, 2104 hp, 491.5 mana
1063: startcast nife
1063: 91.0 dps, 2104 hp, 491.5 mana
1064: 90.9 dps, 2104 hp, 491.5 mana
1065: 90.9 dps, 2104 hp, 491.5 mana
1066: 90.8 dps, 2104 hp, 491.5 mana
1067: 90.7 dps, 2104 hp, 491.5 mana
1068: pox tick
1068: eb tick
1068: epic tick
1068: finished casting nife
1068: 90.9 dps, 2123 hp, 139.25 mana
1069: 90.9 dps, 2123 hp, 139.25 mana
1070: 90.8 dps, 2123 hp, 139.25 mana
1071: startcast cann4
1071: 90.7 dps, 2123 hp, 139.25 mana
1072: 90.6 dps, 2123 hp, 139.25 mana
1073: 90.5 dps, 2123 hp, 139.25 mana
1074: pox tick
1074: nife tick
1074: eb tick
1074: epic tick
1074: cann4 tick
1074: finished casting cann4
1074: 91.0 dps, 1994 hp, 230.25 mana
1075: 90.9 dps, 1994 hp, 230.25 mana
1076: startcast torpor
1076: 90.8 dps, 1994 hp, 230.25 mana
1077: 90.7 dps, 1994 hp, 230.25 mana
1078: 90.6 dps, 1994 hp, 230.25 mana
1079: 90.6 dps, 1994 hp, 230.25 mana
1080: pox tick
1080: nife tick
1080: eb tick
1080: epic tick
1080: finished casting torpor
1080: 91.0 dps, 2013 hp, 69.25 mana
1081: 90.9 dps, 2013 hp, 69.25 mana
1082: 90.9 dps, 2013 hp, 69.25 mana
1083: startcast cann4
1083: 90.8 dps, 2013 hp, 69.25 mana
1084: 90.7 dps, 2013 hp, 69.25 mana
1085: 90.6 dps, 2013 hp, 69.25 mana
1086: torpor tick
1086: pox tick
1086: nife tick
1086: eb tick
1086: epic tick
1086: cann4 tick
1086: finished casting cann4
1086: 91.1 dps, 2184 hp, 160.25 mana
1087: 91.0 dps, 2184 hp, 160.25 mana
1088: startcast cann4
1088: 90.9 dps, 2184 hp, 160.25 mana
1089: 90.8 dps, 2184 hp, 160.25 mana
1090: 90.7 dps, 2184 hp, 160.25 mana
1091: cann4 tick
1091: finished casting cann4
1091: 90.7 dps, 2036 hp, 242.25 mana
1092: torpor tick
1092: pox tick
1092: nife tick
1092: eb tick
1092: epic tick
1092: 91.1 dps, 2355 hp, 251.25 mana
1093: startcast cann4
1093: 91.0 dps, 2355 hp, 251.25 mana
1094: 91.0 dps, 2355 hp, 251.25 mana
1095: 90.9 dps, 2355 hp, 251.25 mana
1096: cann4 tick
1096: finished casting cann4
1096: 90.8 dps, 2207 hp, 333.25 mana
1097: 90.7 dps, 2207 hp, 333.25 mana
1098: torpor tick
1098: pox tick
1098: nife tick
1098: eb tick
1098: epic tick
1098: startcast cann4
1098: 91.2 dps, 2526 hp, 342.25 mana
1099: 91.1 dps, 2526 hp, 342.25 mana
1100: 91.0 dps, 2526 hp, 342.25 mana
1101: cann4 tick
1101: finished casting cann4
1101: 90.9 dps, 2378 hp, 424.25 mana
1102: 90.8 dps, 2378 hp, 424.25 mana
1103: startcast cann4
1103: 90.8 dps, 2378 hp, 424.25 mana
1104: torpor tick
1104: pox tick
1104: nife tick
1104: eb tick
1104: epic tick
1104: 91.2 dps, 2697 hp, 433.25 mana
1105: 91.1 dps, 2697 hp, 433.25 mana
1106: cann4 tick
1106: finished casting cann4
1106: 91.0 dps, 2549 hp, 515.25 mana
1107: 91.0 dps, 2549 hp, 515.25 mana
1108: startcast eb
1108: 90.9 dps, 2549 hp, 515.25 mana
1109: 90.8 dps, 2549 hp, 515.25 mana
1110: torpor tick
1110: pox tick
1110: nife tick
1110: epic tick
1110: 91.1 dps, 2868 hp, 524.25 mana
1111: 91.0 dps, 2868 hp, 524.25 mana
1112: 90.9 dps, 2868 hp, 524.25 mana
1113: 90.9 dps, 2868 hp, 524.25 mana
1114: finished casting eb
1114: 90.8 dps, 2868 hp, 252.25 mana
1115: 90.7 dps, 2868 hp, 252.25 mana
1116: torpor tick
1116: pox tick
1116: nife tick
1116: eb tick
1116: epic tick
1116: 91.2 dps, 3187 hp, 261.25 mana
1117: startcast cann4
1117: 91.1 dps, 3187 hp, 261.25 mana
1118: 91.0 dps, 3187 hp, 261.25 mana
1119: 90.9 dps, 3187 hp, 261.25 mana
1120: cann4 tick
1120: finished casting cann4
1120: 90.8 dps, 3039 hp, 343.25 mana
1121: 90.7 dps, 3039 hp, 343.25 mana
1122: pox tick
1122: nife tick
1122: eb tick
1122: epic tick
1122: startcast epic
1122: 91.2 dps, 3058 hp, 352.25 mana
1123: 91.1 dps, 3058 hp, 352.25 mana
1124: 91.0 dps, 3058 hp, 352.25 mana
1125: 91.0 dps, 3058 hp, 352.25 mana
1126: 90.9 dps, 3058 hp, 352.25 mana
1127: 90.8 dps, 3058 hp, 352.25 mana
1128: pox tick
1128: eb tick
1128: 91.0 dps, 3077 hp, 361.25 mana
1129: 90.9 dps, 3077 hp, 361.25 mana
1130: 90.8 dps, 3077 hp, 361.25 mana
1131: finished casting epic
1131: 90.7 dps, 3077 hp, 361.25 mana
1132: startcast cann4
1132: 90.6 dps, 3077 hp, 361.25 mana
1133: 90.6 dps, 3077 hp, 361.25 mana
1134: eb tick
1134: epic tick
1134: 90.7 dps, 3096 hp, 370.25 mana
1135: cann4 tick
1135: finished casting cann4
1135: 90.6 dps, 2948 hp, 452.25 mana
1136: 90.5 dps, 2948 hp, 452.25 mana
1137: startcast nife
1137: 90.5 dps, 2948 hp, 452.25 mana
1138: 90.4 dps, 2948 hp, 452.25 mana
1139: 90.3 dps, 2948 hp, 452.25 mana
1140: eb tick
1140: epic tick
1140: 90.4 dps, 2967 hp, 461.25 mana
1141: 90.4 dps, 2967 hp, 461.25 mana
1142: finished casting nife
1142: 90.3 dps, 2967 hp, 100 mana
1143: 90.2 dps, 2967 hp, 100 mana
1144: 90.1 dps, 2967 hp, 100 mana
1145: startcast cann4
1145: 90.0 dps, 2967 hp, 100 mana
1146: nife tick
1146: eb tick
1146: epic tick
1146: 90.4 dps, 2986 hp, 109 mana
1147: 90.3 dps, 2986 hp, 109 mana
1148: cann4 tick
1148: finished casting cann4
1148: 90.2 dps, 2838 hp, 191 mana
1149: 90.1 dps, 2838 hp, 191 mana
1150: cann5 tick
1150: finished casting cann5
1150: startcast cann5
1150: startcast iceblast
1150: 90.1 dps, 914 hp, 1257 mana
1151: 90.0 dps, 914 hp, 1257 mana
1152: nife tick
1152: eb tick
1152: epic tick
1152: 90.3 dps, 933 hp, 1266 mana
1153: 90.2 dps, 933 hp, 1266 mana
1154: 90.2 dps, 933 hp, 1266 mana
1155: 90.1 dps, 933 hp, 1266 mana
1156: iceblast tick
1156: finished casting iceblast
1156: 90.7 dps, 933 hp, 1053.5 mana
1157: 90.6 dps, 933 hp, 1053.5 mana
1158: nife tick
1158: eb tick
1158: epic tick
1158: 91.0 dps, 952 hp, 1062.5 mana
1159: startcast torpor
1159: 90.9 dps, 952 hp, 1062.5 mana
1160: 90.8 dps, 952 hp, 1062.5 mana
1161: 90.7 dps, 952 hp, 1062.5 mana
1162: 90.6 dps, 952 hp, 1062.5 mana
1163: finished casting torpor
1163: 90.6 dps, 952 hp, 892.5 mana
1164: torpor tick
1164: nife tick
1164: eb tick
1164: epic tick
1164: 90.9 dps, 1271 hp, 901.5 mana
1165: 90.8 dps, 1271 hp, 901.5 mana
1166: startcast eb
1166: 90.7 dps, 1271 hp, 901.5 mana
1167: 90.7 dps, 1271 hp, 901.5 mana
1168: 90.6 dps, 1271 hp, 901.5 mana
1169: 90.5 dps, 1271 hp, 901.5 mana
1170: torpor tick
1170: nife tick
1170: epic tick
1170: 90.7 dps, 1590 hp, 910.5 mana
1171: 90.6 dps, 1590 hp, 910.5 mana
1172: finished casting eb
1172: 90.5 dps, 1590 hp, 638.5 mana
1173: 90.5 dps, 1590 hp, 638.5 mana
1174: 90.4 dps, 1590 hp, 638.5 mana
1175: startcast pox
1175: 90.3 dps, 1590 hp, 638.5 mana
1176: torpor tick
1176: nife tick
1176: eb tick
1176: epic tick
1176: 90.6 dps, 1909 hp, 647.5 mana
1177: 90.6 dps, 1909 hp, 647.5 mana
1178: 90.5 dps, 1909 hp, 647.5 mana
1179: 90.4 dps, 1909 hp, 647.5 mana
1180: finished casting pox
1180: 90.3 dps, 1909 hp, 277.75 mana
1181: 90.3 dps, 1909 hp, 277.75 mana
1182: torpor tick
1182: pox tick
1182: nife tick
1182: eb tick
1182: epic tick
1182: 90.7 dps, 2228 hp, 286.75 mana
1183: startcast cann4
1183: 90.6 dps, 2228 hp, 286.75 mana
1184: 90.5 dps, 2228 hp, 286.75 mana
1185: 90.5 dps, 2228 hp, 286.75 mana
1186: cann4 tick
1186: finished casting cann4
1186: 90.4 dps, 2080 hp, 368.75 mana
1187: 90.3 dps, 2080 hp, 368.75 mana
1188: torpor tick
1188: pox tick
1188: nife tick
1188: eb tick
1188: epic tick
1188: startcast cann4
1188: 90.7 dps, 2399 hp, 377.75 mana
1189: 90.7 dps, 2399 hp, 377.75 mana
1190: 90.6 dps, 2399 hp, 377.75 mana
1191: cann4 tick
1191: finished casting cann4
1191: 90.5 dps, 2251 hp, 459.75 mana
1192: 90.4 dps, 2251 hp, 459.75 mana
1193: startcast cann4
1193: 90.4 dps, 2251 hp, 459.75 mana
1194: torpor tick
1194: pox tick
1194: nife tick
1194: eb tick
1194: epic tick
1194: 90.8 dps, 2570 hp, 468.75 mana
1195: 90.7 dps, 2570 hp, 468.75 mana
1196: cann4 tick
1196: finished casting cann4
1196: 90.6 dps, 2422 hp, 550.75 mana
1197: 90.5 dps, 2422 hp, 550.75 mana
1198: startcast nife
1198: 90.5 dps, 2422 hp, 550.75 mana
1199: 90.4 dps, 2422 hp, 550.75 mana
1200: pox tick
1200: eb tick
1200: epic tick
1200: 90.6 dps, 2441 hp, 559.75 mana
