957295071::Lull::1::Alteration::10::1.5::Calm::Magic::Reduces a monsters frenzy radius.::admin
957295264::Minor Illusion::1::Divination::10::3.0::Illusion::N/A::Gives the caster the illusion of a nearby object.::admin
957295390::Minor Shielding::1::Abjuration::10::2.5::Buff::N/A::Adds AC, MR, and HP to the caster.::admin
957295549::Pendrils Animation::1::Conjuration::12::1.5::Pet::N/A::Summons a 1-2 pet.  Reqs Tiny Dagger.::admin
957295723::Reclaim Energy::1::Conjuration::5::2.5::Special::N/A::Destroys your pet for some mana back.::admin
957295855::Shallow Breath::1::Alteration::7::1.5::DD + Debuff::Magic::Deals 4 damage and reduces agility and strength by 5.::admin
957295927::Strengthen::1::Alteration::10::2.0::Buff::N/A::Increases target strength by 10.::admin
957296048::Taper Enchantment::1::Abjuration::5::3.0::Debuff::N/A::Cancel Magic::admin
957296184::True North::1::Divination::5::2.0::Detect::N/A::Points caster North.::admin
957296276::Weaken::1::Alteration::8::1.5::Debuff::Magic::Decreases target strength by 15.::admin
957394010::Color Flux::4::Divination::25::1.0::AOE Stun::Magic::Stuns all monsters around caster.::admin
957394065::Enfeeblement::4::Alteration::20::1.8::Debuff::Magic::Lowers target Strength.::admin
957394125::Fear::4::Alteration::40::3.5::Fear::Magic::Causes target to run away for a short while.::admin
957394188::Gate::4::Alteration::70::5.0::Teleport::N/A::Returns the caster to thier bind point.::admin
957394248::Haze::4::Abjuration::25::2.0::Buff::N/A::Increases target AC.::admin
957394295::Illusion: Half-Elf::4::Divination::10::3.0::Illusion::N/A::Changes your form to look like a Half-Elf.::admin
957394314::Illusion: Human::4::Divination::10::3.0::Illusion::N/A::Changes your form to look like a Human.::admin
957394351::Invisibility::4::Divination::30::5.0::Invis::N/A::Makes you invisible to all but undead.::admin
957394444::Juli's Animation::4::Conjuration::24::2.0::Pet::N/A::Summons a 3-5 pet.  Reqs Tiny Dagger.::admin
957394482::Mesmerize::4::Conjuration::20::2.5::Calm::Magic::Distracts target and wipes aggressor list.::admin
957394540::Suffocating Sphere::4::Alteration::20::1.75::DOT + Debuff::Magic::2-10 dmg DOT.  Decreases Strength and Agility by 10.::admin
957394582::Tashan::4::Abjuration::10::1.0::Debuff::Poison::Lowers your targets Magic Resistance.::admin
957394641::Alliance::8::Alteration::35::3.5::Buff::N/A::Increases your faction with your target and its allies.::admin
957394683::Bind Sight::8::Divination::15::4.0::Sight::N/A::See through your targets eyes.::admin
957394752::Cancel Magic::8::Abjuration::30::3.5::Debuff::Magic::Removes spells cast on target.::admin
957394812::Chaotic Feedback::8::Evocation::45::2.1::DD + Stun::Magic::Direct Damage and target Stun.::admin
957394871::Enchant: Silver::8::Alteration::60::6.0::Special::N/A::Enchants a Silver Bar.::admin
957394934::Eye of Confusion::8::Alteration::25::3.0::Debuff::Magic::Blinds your target.::admin
957394983::Illusion: Gnome::8::Divination::10::3.0::Illusion::N/A::Changes your form to look like a Gnome.::admin
957395003::Illusion: Wood-Elf::8::Divination::10::3.0::Illusion::N/A::Changes your form to look like a Wood-Elf.::admin
957395053::Lesser Shielding::8::Abjuration::25::4.0::Buff::N/A::Increases casters HP, AC, and MR.::admin
957395122::Mircyl's Animation::8::Conjuration::45::3.0::Pet::N/A::Summons a 7-9 pet.  Reqs Tiny Dagger.::admin
957395168::Root::8::Alteration::30::2.0::Root::N/A::Stops your target from moving.::admin
957395218::See Invisible::8::Divination::25::2.0::Sight::N/A::Allows you to see invisible or hidden targets.::admin
957395253::Sentinel::8::Divination::25::2.5::Sight::N/A::Notifies you of movement in the area.::admin
957395290::Soothe::8::Alteration::30::2.0::Calm::N/A::Lowers targets frenzy radius.::admin
957467680::Bind Affinity::12::Alteration::100::6.0::Special::N/A::Sets targets bind location.::admin
957467719::Charm::12::Alteration::60::2.4::Charm::Magic::Turns target into a commandable pet.::admin
957467761::Choke::12::Alteration::50::2.2::DOT + Debuff::Magic::20 DD, 60 DOT in 5 ticks.  Lower Strength and Agil by 10.::admin
957467811::Enduring Breath::12::Alteration::35::4.0::Special::N/A::Allows target to breath underwater.::admin
957467854::Ebbing Stength::12::Alteration::35::2.0::Debuff::Magic::Lowers target Strength by 20-25.::admin
957467899::Illusion: Dark-Elf::12::Divination::30::3.0::Illusion::N/A::Changes target form to look like a Dark-Elf.::admin
957467923::Illusion: Erudite::12::Divination::30::3.0::Illusion::N/A::Changes target form to look like a Erudite.::admin
957467940::Illusion: Halfling::12::Divination::30::3.0::Illusion::N/A::Changes target form to look like a Halfling.::admin
957467958::Illusion: High Elf::12::Divination::30::3.0::Illusion::N/A::Changes target form to look like a High-Elf.::admin
957468002::Kilan's Animation::12::Conjuration::65::4.0::Pet::N/A::Summons a 11-13 pet.  Reqs Tiny Dagger.::admin
957468056::Languid Pace::12::Alteration::50::2.25::Debuff::Magic::Slows target attack speed.::admin
957468111::Memory Blur::12::Alteration::40::2.5::Calm::Magic::Wipes targets aggressor list.::admin
957468147::Mist::12::Abjuration::30::3.0::Buff::N/A::Increases target AC.::admin
957468261::Serpent Sight::12::Divination::30::5.0::Sight::N/A::Gives target infravision.::admin
957468309::Thicken Mana::12::Divination::200::6.0::Summon::N/A::Summons a vial of viscous mana.::admin
957468399::Whirl Till Your Hurl::12::Alteration::55::2.5::Stun::Magic::Stuns target preventing movement and combat.::admin
957468509::Breeze::16::Alteration::35::2.5::Buff::N/A::Increases targets mana regeneration rate.::admin
957468569::Chase the Moon::16::Alteration::70::3.5::Fear::Magic::Causes target to run away for a short time.::admin
957468637::Disempower::16::Alteration::45::2.25::Debuff::N/A::Reduces target Strength, Stamina, and Agility.::admin
957468848::Enchant: Electrum::16::Alteration::75::6.0::Special::N/A::Enchants an Electrum Bar.::admin
957468909::Enthrall::16::Conjuration::50::2.5::Calm::Magic::Distracts target and wipes aggressor list.::admin
957468975::Identify::16::Divination::50::5.0::Special::N/A::Gives a full description of the item you ID.::admin
957469014::Illusion: Barbarian::16::Divination::30::3.0::Illusion::N/A::Changes your form to look like a Barbarian.::admin
957469053::Illusion: Dwarf::16::Divination::30::3.0::Illusion::N/A::Changes your form to look like a Dwarf.::admin
957469073::Illusion: Tree::16::Divination::30::3.0::Illusion::N/A::Changes your form to look like a Tree.::admin
957469142::Invisibility vs. Undead::16::Divination::40::4.0::Invis::N/A::Makes you invisible to only undead creatures.::admin
957469302::Levitate::16::Alteration::30::3.0::Special::N/A::Allows you to float above the ground.::admin
957469399::Mesmerisation::16::Conjuration::70::3.0::AOE Stun::Magic::Stuns all opponents in a Radius around the target.::admin
957469509::Quickness::16::Alteration::80::3.1::Buff::N/A::Increases targets attack speed.::admin
957469558::Rune I::16::Abjuration::41::3.5::Buff::N/A::Creates a damage absorbing sheild around the caster.::admin
957469608::Sanity Warp::16::Evocation::75::2.75::DD + Stun::Magic::Causes Direct Damage and Stun on the target.::admin
957469675::Shalee's Animation::16::Conjuration::85::5.0::Pet::N/A::Summons a 15-17 pet.  Reqs Tiny Dagger.::admin
957469722::Shielding::16::Abjuration::50::5.0::Buff::N/A::Increases casters HP, AC, and MR.::admin
957469987::Benevolence::20::Alteration::50::4.0::Buff::N/A::Increases faction with target.::admin
957470662::Berserker Strength::20::Alteration::45::3.0::Buff::N/A::Adds strength and abosrbing damage shield to target while lowering his/her agility.::admin
957478976::Calm::20::Alteration::50::2.5::Calm::Magic::Lowers target frenzy radius.::admin
957479030::Cloud::20::Abjuration::40::4.0::Buff::N/A::Increases target AC.::admin
957479078::Color Shift::20::Divination::40::1.5::PBAE Stun::Magic::Stuns all attackers around caster.::admin
957479129::Crystallize Mana::20::Divination::400::6.0::Summon::N/A::Summons a Vial of Cloudy Mana.::admin
957479196::Endure Magic::20::Abjuration::40::2.5::Buff::N/A::Increases targets Magic Resistance.::admin
957479250::Feckless Might::20::Alteration::45::2.5::Debuff::Magic::Reduces targets strength.::admin
957479321::Illusion: Iksar::20::Divination::50::3.0::Illusion::N/A::Changes target form to look like an Iksar.::admin
957479335::Illusion: Ogre::20::Divination::50::3.0::Illusion::N/A::Changes target form to look like an Ogre.::admin
957479356::Illusion: Troll::20::Divination::100::3.0::Illusion::N/A::Changes target form to look like a Troll.::admin
957479391::Shifting Sight::20::Divination::30::4.0::Sight::N/A::See through target eyes with Infravision.::admin
957479444::Sisna's Animation::20::Conjuration::105::6.0::Pet::N/A::Summons a 19-21 pet.  Reqs Tiny Dagger.::admin
957479494::Sympathetic Aura::20::Alteration::40::5.0::Buff::N/A::Increases targets charisma.::admin
957479534::Tashani::20::Abjuration::20::1.0::Debuff::Poison::Lowers targets Magic Resistance.::admin
957479604::Alacrity::24::Alteration::115::4.0::Buff::N/A::Speeds up targets attack speed.::admin
957479649::Beguile::24::Alteration::120::3.5::Charm::Magic::Turns target into a commandable pet.::admin
957479694::Chaos Flux::24::Evocation::100::3.5::DD + Stun::Magic::Direct Damage and target Stun.::admin
957479743::Enchant: Gold::24::Alteration::240::6.0::Special::N/A::Enchants one gold bar.::admin
957479786::Illusion: Earth Elemental::24::Divination::50::3.0::Illusion::N/A::Changes your form to look like an Earth Elemental.::admin
957479807::Illusion: Skeleton::24::Divination::50::3.0::Illusion::N/A::Changes your form to look like an Skeleton.::admin
957479852::Invigor::24::Alteration::20::3.5::Regen::N/A::Increases targets fatigue return rate.::admin
957479902::Major Shielding::24::Abjuration::80::5.0::Buff::N/A::Increases casters HP, AC, and MR.::admin
957479929::Rune II::24::Abjuration::83::4.0::Buff::N/A::Gives target an absorbing damage shield.::admin
957479996::Sagar's Animation::24::Conjuration::130::7.0::Pet::N/A::Summons a 23-25 pet.  Reqs Tiny Dagger.::admin
957480042::Strip Enchantment::24::Abjuration::70::3.5::Debuff::Magic::Removes up to 4 enchantments from your target.::admin
957480085::Tepid Deeds::24::Alteration::100::3.5::Debuff::Magic::Reduces targets attack speed.::admin
958706481.000001::Augmentation::29::Alteration::90::5::Buff::N/A::Increases a target's melee stats.::admin
958706481.001001::Clarify Mana::29::Alteration::600::6::Summon::N/A::Not in the game yet.::admin
958706481.002001::Clarity::29::Alteration::70::3.1::Buff::N/A::Increases targets mana regeneration rate.::admin
958706481.003001::Curse of the Simple Mind::29::Alteration::35::2::Debuff::Magic::Lowers your targets intelligence.::admin
958706481.004001::Dyn's Dizzying Draught::29::Alteration::150::3::Stun::Magic::Stuns your target.::admin
958706481.005001::Enstill ::29::Alteration::60::2.5::Root::Magic::Prevents your target from moving around.::admin
958706481.006001::Feedback::29::Abjuration::75::4::Thorns::N/A::Damage shield.::admin
958706481.007001::Illusion: Air Elemental::29::Divination::50::3::Illusion::N/A::Changes your form to look like an Air Elemental::admin
958706481.008001::Illusion: Water Elemental::29::Divination::50::3::Illusion::N/A::Changes your form to look like an Water Elemental.::admin
958706481.009001::Listless Power::29::Alteration::90::2.75::Debuff::Magic::Lowers targets strength.::admin
958706481.010001::Nullify Magic::29::Abjuration::50::4.5::Debuff::Magic::Removes 2 enchantments from your target.::admin
958706481.011001::Obscure ::29::Abjuration::50::3::Buff::N/A::Increases your targets AC.::admin
958706481.012002::Suffocate  ::29::Alteration::100::3.5::DOT + Debuff::Magic::"Damage over Time, and lowers target strength."::admin
958706481.013002::Uleen`s Animation  ::29::Conjuration::150::8::Pet::N/A::Summons a 28-30 pet.  Reqs Tiny Dagger.::admin
958706481.014002::Ultravision  ::29::Divination::55::5::Sight::N/A::Gives your target the ability to see with ultravision.::admin
958706481.015002::Anarchy::34::Evocation::160::4.6::DD + Stun::Magic::Direct Damage and Stuns your target.::admin
958706481.016002::Boltran's Animation ::34::Conjuration::125::9::Pet::N/A::Summons a 33-35 pet.  Reqs Tiny Dagger.::admin
958706481.017002::Cast Sight  ::34::Divination::45::4::Sight::N/A::See through your targets eyes with ultravision.::admin
958706481.018002::Enchant: Platinum ::34::Alteration::340::6::Special::N/A::Enchants a single platnium bar.::admin
958706481.019002::Entrance  ::34::Conjuration::85::2.5::Calm::Magic::Distracts your target and wipes aggressor list.::admin
958706481.020002::Greater Shielding ::34::Abjuration::120::6::Buff::N/A::"Increases the casters HP, AC, and MR."::admin
958706481.021002::Illusion: Fire Elemental ::34::Divination::70::3::Illusion::N/A::Changes your form to look like a Fire Elemental.::admin
958706481.022002::Insepid Weakness  ::34::Alteration::80::3::Debuff::Magic::Lowers target strength.::admin
958706481.023002::Mana Sieve  ::34::Alteration::150::3::Drain::Magic::Drains some of your targets mana.::admin
958706481.024002::Radiant Visage ::34::Divination::65::5::Buff::N/A::Increases your targets Charisma.::admin
958706481.025002::Rune III  ::34::Alteration::149::4.5::Buff::N/A::Gives your target an absorbing damage shield and some AC.::admin
958706481.026002::Aany's Animation  ::39::Conjuration::200::10::Pet::N/A::Summons a 38-40 pet.  Reqs Tiny Dagger.::admin
958706481.027002::Cajoling Whispers ::39::Alteration::195::5.5::Charm::Magic::Turns your target into a commandable pet.::admin
958706481.028002::Celerity ::39::Alteration::185::8::Buff::N/A::Increases your targets attack speed.::admin
958706481.029002::Distill Mana ::39::Alteration::800::6::Summon::N/A::Not in the game yet.::admin
958706481.030002::Gravity Flux  ::39::Alteration::337::5.9::AOE DD::Magic::Area Effect Direct Damage spell.::admin
958706481.031002::Illusion: Drybone ::39::Divination::70::3::Illusion::N/A::Changes your form to look like a Drybone Skeleton.::admin
958706481.032002::Illusion: Spirit Wolf  ::39::Divination::70::3::Illusion::N/A::Changes your form to look like a Wolf.::admin
958706481.033002::Immobilize  ::39::Alteration::80::1.75::Root::Magic::Prevents your target from moving around.::admin
958706481.034003::Insight::39::Alteration::125::4.25::Buff::N/A::Increases your targets Wisdom.::admin
958706481.035003::Invoke Fear ::39::Alteration::120::2.5::Fear::Magic::Causes your target to run away in fear.::admin
958706481.036003::Mind Wipe ::39::Alteration::100::4.5::Calm::Magic::Area Effect aggressor list wipe. (Memory Blur)::admin
958706481.037003::Pacify  ::39::Alteration::100::3::Calm::Magic::Lowers your targets attack radius.::admin
958706481.038003::Rampage::39::Alteration::90::3::Buff::N/A::Increases your targets melee skills.::admin
958706481.039003::Resist Magic::39::Abjuration::85::4.5::Buff::N/A::Increases your targets Magic Resistance.::admin
958706481.040003::Shade::39::Abjuration::90::6::Buff::N/A::Increases your targets AC.::admin
958706481.041003::Arch Shielding ::44::Abjuration::200::12::Buff::N/A::"Increases the casters HP, AC, and MR."::admin
958706481.042003::Brilliance::44::Alteration::125::4.25::Buff::N/A::Increases your targets Intelligence.::admin
958706481.043003::Color Skew::44::Alteration::60::2::AOE Stun::Magic::Area Effect Stun around the caster.::admin
958706481.044003::Discordant Mind  ::44::Evocation::240::6.1::DD + Stun::Magic::Direct Damage and target Stun.::admin
958706481.045003::Extinguish Fatigue  ::44::Alteration::35::3.5::Special::N/A::Fully restores all of your targets fatigue.::admin
958706481.046003::Illusion: Werewolf ::44::Divination::90::3::Illusion::N/A::Changes your form to look like that of a Werewolf.::admin
958706481.047003::Incapacitate  ::44::Alteration::150::3.25::Debuff::Magic::Lowers your targets strength and agility.::admin
958706481.048003::Pillage Enchantment  ::44::Abjuration::70::3.5::Debuff::Magic::Removes all enchantments from your target.::admin
958706481.049003::Rune IV  ::44::Abjuration::236::5::Buff::N/A::Gives your target an absorbing damage shield and some AC.::admin
958706481.050003::Shiftless Deeds ::44::Alteration::200::6::Debuff::Magic::Lowers your targets attack speed.::admin
958706481.051003::Tashania ::44::Abjuration::30::1::Debuff::Poison::Lowers your targets Magic Resistance.::admin
958706481.052003::Weakness ::44::Alteration::120::3.5::Debuff::Magic::Lowers your targets strength.::admin
958706481.053003::Yeogreff's Animation ::44::Conjuration::250::11::Pet::N/A::Summons a level 43-45 pet.  Reqs Tiny Dagger.::admin
958706481.054003::Adorning Grace ::49::Alteration::110::5::Buff::N/A::Increases your targets Charisma.::admin
958706481.055004::Allure::49::Alteration::245::6::Charm::Magic::Turns your target into a commandable pet.::admin
958706481.056004::Berserker Spirit::49::Alteration::150::3::Buff::N/A::Adds strength and absorbing damage sheild to your target while reducing their agility.::admin
958706481.057004::Blanket of Forgetfulness  ::49::Alteration::175::4::Calm::N/A::Unresistable Area Effect aggresor list wipe.::admin
958706481.058004::Dazzle ::49::Conjuration::125::2.5::Stun::Magic::Mesmerizes your target.  (Stuns them).::admin
958706481.059004::Gasping Embrace ::49::Alteration::200::6.1::DoT + Debuff::Magic::Damage over Time and lowers targets strength.::admin
958706481.060004::Group Resist Magic::49::Abjuration::200::6::Buff::N/A::Increases everyone in your groups Magic Resistance.::admin
958706481.061004::Kintaz's Animation::49::Conjuration::300::12::Pet::N/A::Summons a 48-50 pet.  Reqs Tiny Dagger.::admin
958706481.062004::Paralyzing Earth ::49::Alteration::100::2.5::Root::Magic::Prevents your target from moving around.::admin
958706481.063004::Purify Mana::49::Alteration::1000::6::Summon::N/A::Not in the game yet.::admin
958706481.064004::Reoccurring Amnesia ::49::Alteration::100::3::Calm::Magic::Constant aggressor list wipe.::admin
958706481.065004::Shadow::49::Abjuration::70::7::Buff::N/A::Increases your targets AC.::admin
958706481.066004::Swift Like The Wind::49::Alteration::250::8::Buff::N/A::Majorly increases your targets attack speed.::admin
958965613.000001::Collaboration::51::Alteration::75::3.5::Buff::Magic::Increases NPC Faction.::admin
958965613.001001::Theft of Thought::51::Alteration::25::2::Drain::Magic::Target Mana Tap.::admin
958965613.002001::Wake of Tranquility::51::Alteration::300::4.5::AE Calm::Magic::Area Effect Lull.::admin
958965613.003001::Boon of the Clear Mind::52::Alteration::175::3.5::Regen::N/A::Group Clarity.::admin
958965613.004001::Color Slant::52::Divination::125::1.5::AE Stun + Drain::Magic::Area Effect Stun and Mana Drain.::admin
958965613.005001::Fascination ::52::Conjuration::200::3::AE Calm::Magic::Area Effect Enthrall.::admin
958965613.006001::Rune V::52::Abjuration::350::5::Buff::N/A::Absorbing Damage Shield.::admin
958965613.007001::Aanya's Quickening::53::Alteration::275::4::Buff::N/A::Increases target Attack Speed.::admin
958965613.008001::Boltran's Agacerie ::53::Alteration::400::4::Charm::Magic::Charms target.::admin
958965613.009001::Cripple  ::53::Alteration::225::2.5::Debuff::Magic::Debuffs Major Melee Stats.::admin
958965613.010001::Recant Magic ::53::Abjuration::150::3::Debuff::Magic::Reoccurring Pillage Enchantment.::admin
958965613.011001::Clarity II::54::Alteration::125::3.5::Regen::N/A::Increase Mana Regneration Rate.::admin
958965613.012002::Dementia::54::Evocation::250::6::DD::Magic::Direct Damage.::admin
958965613.013002::Glamour of Kintaz::54::Conjuration::350::2.5::Calm::Magic::Mesmerises your target.::admin
958965613.014002::Shield of the Magi::54::Abjuration::300::12::Buff::N/A::"Increases caster's HP, AC, and MR."::admin
958965613.015002::Largarn's Lamentation::55::Evocation::120::2.5::Stun + Drain::Magic::Stuns target and lowers their mana.::admin
958965613.016002::Memory Flux::55::Alteration::350::2.5::Calm::Magic::Memory Blur.::admin
958965613.017002::Wind of Tishani::55::Abjuration::45::1::AE Debuff::N/A::Area Effect MR Debuff.::admin
958965613.018002::Zumaik's Animation::55::Conjuration::350::12::Pet::N/A::Summons a 54-56 pet.  Reqs. Tiny Dagger.::admin
958965613.019002::Augment::56::Alteration::200::5::Buff::N/A::Increases target Attack Speed.::admin
958965613.020002::Overwhelming Splendour::56::Alteration::175::5::Buff::N/A::Increases targets Charisma.::admin
958965613.021002::Torment of Argli::56::Alteration::150::2.5::DOT + Debuff::Magic::"Damage over Time and lowers target mana, intel and wisdom."::admin
958965613.022002::Trepidation::56::Alteration::200::2.5::Fear::Magic::Make target run away.::admin
958965613.023002::Enlightenment::57::Alteration::200::4.5::Buff::N/A::Increases targets intel and wisdom.::admin
958965613.024002::Forlorn Deeds::57::Alteration::225::6::Debuff::Magic::Slows target attack speed.::admin
958965613.025002::Tashanian::57::Abjuration::40::1::Debuff::N/A::Majorly decreases targets MR.::admin
958965613.026002::Umbra::57::Abjuration::80::7::Buff::N/A::Increases target AC.::admin
958965613.027002::Bedlam::58::Alteration::200::3::Buff::N/A::Gives target an absorbing damage shield and str buff.::admin
958965613.028002::Fetter::58::Alteration::75::1.75::Root::Magic::Prevent target movement.::admin
958965613.029002::Wonderous Rapidity::58::Alteration::325::7::Buff::N/A::Increases target attack speed.::admin
958965613.030002::Asphyxiate::59::Alteration::250::6::DOT + DD + Debuff::Magic::"Damage over Time and DD, also lowers target str and agility."::admin
958965613.031002::Gift of Pure Thought::59::Alteration::350::4::Regen::N/A::Group Clarity II.::admin
958965613.032002::Rapture::59::Conjuration::500::2.5::Calm::Magic::Mesmerises your target.::admin
958965613.033002::Dictate::60::Alteration::750::5::Charm::Magic::Set duration charm spell.::admin
958965613.034003::Visions of Grandeur::60::Alteration::275::6::Buff::N/A::Major melee buff spell.::admin
958965613.035003::Wind of Tishanian::60::Abjuration::70::1::AE Debuff::N/A::Area Effect MR Debuff.::admin
