954448186::Al-Arqas to Samsur::32.6S 14.4E::2.7S 18.9E::::admin
954448595::Al-Jalima to Khayyaban::7.5N 5.0E::::::admin
954490345::Al-Jalima to Tou-Tou::7.1N 4.5E::30.7S 94.1E::::admin
954490429::Ancient Town Portal to Heartland::61.9 N 39.7E::22.1N 36.5E::::admin
954490471::Arwic to Al-Jalima::33.9N 56.5E::6.1N 6.1E::::admin
954490510::Arwic to Tou-Tou::33.3N 56.9E::30.7S 94.1E::::admin
954490604::Carved Caves to Cragstone::70.4E 34.5W::26.0N 48.2E::::admin
954490645::Colier to Holtburg::57.5N 37.7E::41.3N 33.3E::::admin
954490729::Cragstone to Hebian-To::25.4N 47.9E::38.6S 82.1E::::admin
954490765::Cragstone to Isle of Tears::25.3N 49.9E::22.2N 51.9E::::admin
954490798::Cragstone to Zaikhal::26.4N 48.6E::14.3N 1.3E::::admin
954490856::Dryreach to South Direlands::8.1S 74.5E::40.3S 54.7W::::admin
954490894::Eotensfang to Bandit Castle::42.4N 60.5E::65.0N 49.3E::::admin
954490948::Glendon Wood to North Direlands::20.9N 25.9E::24.4E 52.8W::::admin
954491015::Hebian-To to Cragstone::39.4S 81.3E::24.5N 47.1E::::admin
954491057::Hebian-To to Qalaba'r::40.7S 81.9E::73.9S 18.9E::::admin
954495216::Holtburg to Glendon Wood::36.7N 29.1E::28.5N 26.1E::::admin
954495252::Holtburg to Rithwic::40.8N 34.0E::9.9N 59.1E::::admin
954495306::Isle of Tears to Cragstone::22.2N 51.9E::25.7N 48.7E::::admin
954495345::Khayyaban to Al-Jalima::48.1N 24.6E::6.1N 6.1E::::admin
954495391::Khayyaban to Lin::47.7S 25.0E::53.9S 74.1E::::admin
954495482::Lin to Khayyaban ::54.9S 73.1E::48.3S 26.1E::::admin
954495551::Lin to Tou-Tou::54.0S 73.9E::30.4S 94.7E::::admin
954495589::Lytelthorpe to Holtburg::1.7N 49.9E::41.3N 33.3E::::admin
954495621::Lytelthorpe to Rithwic::2.3N 52.0E::9.3N 58.9E::::admin
954495667::Mayoi to South Direlands::62.2S 77.1E::84.3S 34.7W::12+::admin
954495770::Mount Alphus to Alpine Valley::19.5N 16.9E::19.7N 15.7E::::admin
954495824::Mount Alphus to Mountain Base::19.5N 17.5E::18.9N 16.5E::::admin
954495874::Mount Alphus to South Zabool::19.7N 17.9E::20.5N 18.1E::::admin
954495911::Mountain Shortcut to Arwic::40.9N 55.8E::33.3N 57.1E::::admin
954495945::Nanto to Yanshi::52.7S 80.3E::12.6S 47.5E::::admin
954496278::North Direlands to Glendon Wood::21.8N 51.6W::28.9N 26.3E::::admin
954496383::North Direlands to Tufa::54.1N 37.2W::15.5S 6.1E::::admin
954496421::North Direlands to Westward::68.7N 23.2W::70.9N 29.9W::::admin
954496464::Obisidian Hills to Black Hill::62.2S 50.5W::62.4S 52.3W::::admin
954496526::Obisidian Hill to Small Hill Base::62.1S 50.4W::62.0S 50.0W::::admin
954496583::Qalaba'r to Hebian-To::73.2S 18.2E::40.3S 82.9E::::admin
954496633::Qalaba'r to Zaikhal::77.3S 19.8E::13.1N 0.9E::::admin
954496678::Rithwic to Holtburg::10.2N 57.4E::42.9N 34.5E::::admin
954496704::Rithwic to Lytelthorpe::9.6N 60.0E::1.3N 51.7E::::admin
954496734::Rithwic to Shoushi::11.0N 59.3E::34.7S 72.7E::::admin
954496825::Samsur to Holtburg::1.6S 18.4E::41.8N 33.7E::::admin
954496856::Samsur to Yaraq::3.8S 18.6E::21.5S 1.6W::::admin
954496892::Shoushi to Eastham::34.4S 64.7E::17.8N 64.3E::::admin
954496922::Shoushi to Nanto::32.3S 71.7E::51.5S 81.3E::::admin
954496950::Shoushi to Yanshi::34.9S 74.4E::12.6S 47.3E::::admin
954497004::Smuggler's Island to Smuggler's Fort::29.0S 91.7E::29.6S 91.3E::::admin
954497088::South Direlands to Heartland::57.1S 68.9W::22.6N 37.2E::::admin
954497119::South Direlands to Hebian-To::88.2S 64.6W::39.1S 83.2E::::admin
954497157::South Direlands to Isle of Tears::85.0S 47.9W::22.1N 51.7E::::admin
954497186::South Direlands to Mayoi::86.2S 0.7W::62.7S 81.3E::::admin
954497227::South Direlands to Zaikhal::82.3S 45.7W::13.7N 0.6E::::admin
954497268::Stonehold to Heartland::68.9N 21.3W::22.1N 36.5E::::admin
954497301::Tou-Tou to Arwic::27.8S 95.4E::33.4N 57.1E::::admin
954497329::Tou-Tou to Lin::28.0S 95.4E::53.9S 74.1E::::admin
954497382::Yanshi to Shoushi::14.7S 46.6E::32.4S 72.9E::::admin
954497407::Yanshi to Yaraq::12.1S 46.3E::21.1S 1.1W::::admin
954497439::Yaraq to Al-Arqas::22.8S 0.7W::31.5S 12.5E::::admin
954497470::Yaraq to Samsur::23.0S 0.2W::2.7S 19.0E::::admin
954497506::Zaikhal to Cragstone::14.8N 0.7E::26.1N 48.1E::::admin
954497531::Zaikhal to Cragstone::14.7N 0.7W::75.0S 19.6E::::admin
954826831::Qalaba'r Beach to Hilltop::72.6s 13.9e::32.8n 34.7e::::admin
954826976::Qalaba'r Beach to North Desert Ridge::72.6s 13.9e::5.6s 40.0e::::admin
954828783::Crater Lake to Sho Roadside::64.8n 13.6e::28.3s 67.7e::::admin
954828832::Crater Lake to Hilltop::64.8n 13.6e::32.8n 34.7e::::admin
