959037003.000001::Chant of Battle::1::Percussion::0::3::Buff::N/A::Group::"Increase AC, Str, Dex.  "::admin
959037003.001001::Chords of Dissonance::2::String::0::3::DOT::Magic::AE::Damage Over Time.::admin
959037003.002001::Jaxan`s Jig o` Vigor::3::Percussion::0::3::Regen::N/A::Group::Stamina Regeneration.  ::admin
959037003.003001::Lyssa`s Locating Lyric::4::Singing::0::3::Special::N/A::Self::Corpse Location Song.  ::admin
959037003.004001::Selo`s Accelerando::5::Percussion::0::3::Buff::N/A::Group::Increased Movement Rate. ::admin
959037003.005001::Hymn of Restoration::6::String::0::3::Heal::N/A::Group::Heal. ::admin
959037003.006001::Jonthan's Whistling Warsong::7::Singing::0::3::Buff::N/A::Self::"Haste, Str, AC.  "::admin
959037003.007001::Kelin`s Lugubrious Lament::8::String::0::3::Calm::Magic::Target::Lull.  ::admin
959037003.008001::Elemental Rhythms::9::Percussion::0::3::Buff::N/A::Group::"Increase MR, FR, CR, AC.  "::admin
959037003.009001::Anthem de Arms::10::Singing::0::3::Buff::N/A::Group::"Haste, Strength.  "::admin
959037003.010001::Cinda`s Charismatic Carillon::11::Wind::0::3::Buff::Magic::Target::Alliance.  ::admin
959037003.011001::Brusco`s Boastful Bellow::12::Singing::0::3::DD::Magic::Target::Direct Damage.  ::admin
959037003.012002::Purifying Rhythms::13::Percussion::0::3::Buff::N/A::Group::"Increase MR, PR, DR, AC.  "::admin
959037003.013002::Lyssa`s Cataloging Libretto::14::Singing::0::3::Special::N/A::Target::Identify.  ::admin
959037003.014002::Kelin`s Lucid Lullaby::15::String::0::3::Calm::Magic::AE::Enthrall.  ::admin
959037003.015002::Tarew`s Aquatic Ayre::16::Wind::0::3::Buff::N/A::Group::Enduring Breath.  ::admin
959037003.016002::Guardian Rhythms::17::Percussion::0::3::Buff::N/A::Group::"Increase MR, AC.  "::admin
959037003.017002::Denon`s Disruptive Discord::18::Brass::0::3::DOT + Debuff::Magic::AE::"Damage Over Time, Lower AC.  "::admin
959037003.018002::Shauri`s Sonorous Clouding::19::Wind::0::3::Invis::N/A::Group::Invisibility.  ::admin
959037003.019002::Largo`s Melodic Binding::20::Singing::0::3::Debuff::Magic::AE::"Slow, Lower AC.  "::admin
959037003.020002::Melanie`s Mellifluous Motion::21::Wind::0::3::Teleport::N/A::Group::Short Range Teleport.  ::admin
959037003.021002::Alenia`s Disenchanting Melody::22::String::0::3::Debuff::N/A::Group::Cancel Magic.  ::admin
959037003.022002::Selo`s Consonant Chain::23::Singing::0::3::Debuff::Magic::Target::"Slow Movement, Attack.  "::admin
959037003.023002::Lyssa`s Veracious Concord::24::Wind::0::3::Sight::N/A::Group::"See Invis, Ultravision.  "::admin
959037003.024002::Psalm of Warmth::25::Singing::0::3::Buff::Fire::Group::"Increase CR, Dmg Shield.  "::admin
959037003.025002::Angstlich`s Appalling Screech::26::Brass::0::3::Fear::Magic::AE::Fear.  ::admin
959037003.026002::Solon's Song of the Sirens::27::Wind::0::3::Charm::Magic::Target::Charm NPC.  ::admin
959037003.027002::Crission`s Pixie Strike::28::Wind::0::3::Calm::Magic::Target::"Mesmerise, Lower MR.  "::admin
959037003.028002::Psalm of Vitality::29::Singing::0::3::Buff::N/A::Group::Increase DR.  ::admin
959037003.029002::Fufil`s Curtailing Chant::30::Percussion::0::3::DOT + Debuff::Magic::Target::"Damage Over Time, Reduce MR and AC.  "::admin
959037003.030002::Agilmente`s Aria of Eagles::31::Wind::0::3::Special::N/A::Group::Levitation.  ::admin
959037003.031002::Cassindra`s Chorus of Clarity::32::Singing::0::3::Regen::N/A::Group::Mana Restoration.  ::admin
959037003.032002::Psalm of Cooling::33::Singing::0::3::Buff::Cold::Group::"Increase FR, Dmg Shield.  "::admin
959037003.033002::Lyssa`s Solidarity of Vision::34::Wind::0::3::Sight::N/A::Target::Bind Sight.  ::admin
959037003.034003::Denon`s Dissension::35::Brass::0::3::Drain::Magic::AE::Mana Drain.  ::admin
959037003.035003::Vilia`s Verses of Celerity::36::Singing::0::3::Buff::N/A::Group::"Haste, Agility.  "::admin
959037003.036003::Psalm of Purity::37::Singing::0::3::Buff::N/A::Group::"Increase PR, AC.  "::admin
959037003.037003::Tuyen`s Chant of Flame::38::Percussion::0::3::DOT + Debuff::Fire::Target::"Damage Over Time, Lower FR.  "::admin
959037003.038003::Solon's Bewitching Bravura::39::Wind::20::3::Charm::Magic::Target::Charm. ::admin
959037003.039003::Syvelian`s Anti-Magic Aria::40::Singing::0::3::Debuff::N/A::Target::Cancel Magic.  ::admin
959037003.040003::Psalm of Mystic Shielding::41::Singing::0::3::Buff::N/A::Group::Increase MR.::admin
959037003.041003::McVaxius` Berserker Crescendo::42::Brass::0::3::Buff::N/A::Group::"Haste, Strength.  "::admin
959037003.042003::Denon`s Desperate Dirge::43::Singing::800::3::DD::Magic::AE::Direct Damage.  ::admin
959037003.043003::Cassindra`s Elegy::44::Singing::0::3::Buff::N/A::Group::"Increase Wis, Int.  "::admin
959037003.044003::Jonthan's Provocation::45::Brass::0::3::Buff::N/A::Target::"Haste, Strength, Absorb Dmg Shield, ATK.  "::admin
959037003.045003::Tuyen`s Chant of Frost::46::Percussion::0::3::DOT + Debuff::Cold::Target::"Damage Over Time, Lower CR.  "::admin
959037003.046003::Niv`s Melody of Preservation::47::String::0::3::Buff::N/A::Group::"Increase Str and Atk, Heal, Absorb Spell Dmg.  "::admin
959037003.047003::Selo`s Chords of Cessation::48::String::0::3::DOT + Debuff::Magic::AE::"Damage Over Time, Slow.  "::admin
959037003.048003::***There is no level 49 bard song***::49::N/A::N/A::N/A::N/A::N/A::N/A::N/A::admin
959037003.049003::Verses of Victory::50::Singing::0::3::Buff::N/A::Group::"Haste, Str, Agi.  "::admin
959037003.050003::Selo's Song of Travel  ::51::Percussion::0::3::Buff + Sight::N/A::Group::"Increase Movement Speed, Invisibility, See Invisible, Levitate "::admin
959037003.051003::Largo's Absonant Binding ::51::Singing::0::3::Debuff::Magic::Target::"Decrease AC, Attack Speed, Movement, Agility "::admin
959037003.052003::Nillipus' March of the Wee ::52::Percussion::0::3::Buff::N/A::Group::"AC, Agility, Absorb Damage "::admin
959037003.053003::Song of Twilight::53::Wind::0::3::Calm + Debuff::Magic::Target::"Mesmerize, Decrease MR  "::admin
959037003.054003::Vilia's Chorus of Celerity ::54::Singing::0::3::Buff::N/A::Group::Increases Attack Speed::admin
959037003.055004::Selo's Assonait Strane::54::String::0::3::Debuff::Magic::AE::"Slow Movement, Attack  "::admin
959037003.056004::Cantana of Replenishment  ::55::String::0::3::Regen::N/A::Group::"Heal, Mana Regeneration  "::admin
959037003.057004::Brusco's Bombastic Bellow ::55::Singing::0::3::Stun + Regen::Magic::Target::"Stun, Heal  "::admin
959037003.058004::Song of Highsun  ::56::Wind::0::3::Debuff + Teleport::N/A::Target::"Stun, Cancel Magic, and Self Shadow Step  "::admin
959037003.059004::Song of Midnight::56::Brass::0::3::Fear + DD::Magic::AE::"Fear, Increase Movement, Direct Damage  "::admin
959037003.060004::Mcvaxius' Rousing Rondo::57::Brass::0::3::Buff::Fire::Group::"Haste, Strength, ATK, Damage Shield "::admin
959037003.061004::Cassindra's Insipid Ditty::57::String::0::3::Drain::Magic::Target::"Decrease Mana, Int, Wis  "::admin
959037003.062004::Niv's Harmonic::58::Singing::0::3::Buff::N/A::Group::Increase Armor Class::admin
959037003.063004::Jonthan's Inspiration ::58::Brass::0::3::Buff::N/A::Target::"Haste, Strength, Absorb Dmg Shield, ATK  "::admin
959037003.064004::Denon's Bereavement  ::59::String::0::3::DD + Debuff::Poison::AE::"Poison, DD, Stun, Decrease MR "::admin
959037003.065004::Solon's Charismatic Concord ::59::Singing::0::3::Buff::N/A::Group::Increases Charisma  ::admin
959037003.066004::Kazumi's Note of Preservation  ::60::Wind::0::3::Special::N/A::Group::30 second invincibility::admin
959037003.067004::Angstlich's Assonance::60::Brass::0::3::Debuff::Magic::Target::"Decrease Attack Speed, DoT"::admin
959110698::Song of Dawn::53::Wind::0::3::Calm::N/A::Self::Lowers the bard down on the mob's attack list.::admin
