1: startcast CH
1: 0.0 dps, 4000 hp, 4000 mana
2: 0.0 dps, 4000 hp, 4000 mana
3: 0.0 dps, 4000 hp, 4000 mana
4: 0.0 dps, 4000 hp, 4000 mana
5: 0.0 dps, 4000 hp, 4000 mana
6: 0.0 dps, 4000 hp, 4000 mana
7: 0.0 dps, 4000 hp, 4000 mana
8: 0.0 dps, 4000 hp, 4000 mana
9: 0.0 dps, 4000 hp, 4000 mana
10: 0.0 dps, 4000 hp, 4000 mana
11: CH tick
11: finished casting CH
11: 363.6 dps, 4000 hp, 3760 mana
12: 333.3 dps, 4000 hp, 3775 mana
13: 307.7 dps, 4000 hp, 3775 mana
14: startcast CH
14: 285.7 dps, 4000 hp, 3775 mana
15: 266.7 dps, 4000 hp, 3775 mana
16: 250.0 dps, 4000 hp, 3775 mana
17: 235.3 dps, 4000 hp, 3775 mana
18: 222.2 dps, 4000 hp, 3790 mana
19: 210.5 dps, 4000 hp, 3790 mana
20: 200.0 dps, 4000 hp, 3790 mana
21: 190.5 dps, 4000 hp, 3790 mana
22: 181.8 dps, 4000 hp, 3790 mana
23: 173.9 dps, 4000 hp, 3790 mana
24: CH tick
24: finished casting CH
24: 333.3 dps, 4000 hp, 3565 mana
25: 320.0 dps, 4000 hp, 3565 mana
26: 307.7 dps, 4000 hp, 3565 mana
27: startcast CH
27: 296.3 dps, 4000 hp, 3565 mana
28: 285.7 dps, 4000 hp, 3565 mana
29: 275.9 dps, 4000 hp, 3565 mana
30: 266.7 dps, 4000 hp, 3580 mana
31: 258.1 dps, 4000 hp, 3580 mana
32: 250.0 dps, 4000 hp, 3580 mana
33: 242.4 dps, 4000 hp, 3580 mana
34: 235.3 dps, 4000 hp, 3580 mana
35: 228.6 dps, 4000 hp, 3580 mana
36: 222.2 dps, 4000 hp, 3595 mana
37: CH tick
37: finished casting CH
37: 324.3 dps, 4000 hp, 3355 mana
38: 315.8 dps, 4000 hp, 3355 mana
39: 307.7 dps, 4000 hp, 3355 mana
40: startcast CH
40: 300.0 dps, 4000 hp, 3355 mana
41: 292.7 dps, 4000 hp, 3355 mana
42: 285.7 dps, 4000 hp, 3370 mana
43: 279.1 dps, 4000 hp, 3370 mana
44: 272.7 dps, 4000 hp, 3370 mana
45: 266.7 dps, 4000 hp, 3370 mana
46: 260.9 dps, 4000 hp, 3370 mana
47: 255.3 dps, 4000 hp, 3370 mana
48: 250.0 dps, 4000 hp, 3385 mana
49: 244.9 dps, 4000 hp, 3385 mana
50: CH tick
50: finished casting CH
50: 320.0 dps, 4000 hp, 3145 mana
51: 313.7 dps, 4000 hp, 3145 mana
52: 307.7 dps, 4000 hp, 3145 mana
53: startcast CH
53: 301.9 dps, 4000 hp, 3145 mana
54: 296.3 dps, 4000 hp, 3160 mana
55: 290.9 dps, 4000 hp, 3160 mana
56: 285.7 dps, 4000 hp, 3160 mana
57: 280.7 dps, 4000 hp, 3160 mana
58: 275.9 dps, 4000 hp, 3160 mana
59: 271.2 dps, 4000 hp, 3160 mana
60: 266.7 dps, 4000 hp, 3175 mana
61: 262.3 dps, 4000 hp, 3175 mana
62: 258.1 dps, 4000 hp, 3175 mana
63: CH tick
63: finished casting CH
63: 317.5 dps, 4000 hp, 2935 mana
64: 312.5 dps, 4000 hp, 2935 mana
65: 307.7 dps, 4000 hp, 2935 mana
66: startcast CH
66: 303.0 dps, 4000 hp, 2950 mana
67: 298.5 dps, 4000 hp, 2950 mana
68: 294.1 dps, 4000 hp, 2950 mana
69: 289.9 dps, 4000 hp, 2950 mana
70: 285.7 dps, 4000 hp, 2950 mana
71: 281.7 dps, 4000 hp, 2950 mana
72: 277.8 dps, 4000 hp, 2965 mana
73: 274.0 dps, 4000 hp, 2965 mana
74: 270.3 dps, 4000 hp, 2965 mana
75: 266.7 dps, 4000 hp, 2965 mana
76: CH tick
76: finished casting CH
76: 315.8 dps, 4000 hp, 2725 mana
77: 311.7 dps, 4000 hp, 2725 mana
78: 307.7 dps, 4000 hp, 2740 mana
79: startcast CH
79: 303.8 dps, 4000 hp, 2740 mana
80: 300.0 dps, 4000 hp, 2740 mana
81: 296.3 dps, 4000 hp, 2740 mana
82: 292.7 dps, 4000 hp, 2740 mana
83: 289.2 dps, 4000 hp, 2740 mana
84: 285.7 dps, 4000 hp, 2755 mana
85: 282.4 dps, 4000 hp, 2755 mana
86: 279.1 dps, 4000 hp, 2755 mana
87: 275.9 dps, 4000 hp, 2755 mana
88: 272.7 dps, 4000 hp, 2755 mana
89: CH tick
89: finished casting CH
89: 314.6 dps, 4000 hp, 2515 mana
90: 311.1 dps, 4000 hp, 2530 mana
91: 307.7 dps, 4000 hp, 2530 mana
92: startcast CH
92: 304.3 dps, 4000 hp, 2530 mana
93: 301.1 dps, 4000 hp, 2530 mana
94: 297.9 dps, 4000 hp, 2530 mana
95: 294.7 dps, 4000 hp, 2530 mana
96: 291.7 dps, 4000 hp, 2545 mana
97: 288.7 dps, 4000 hp, 2545 mana
98: 285.7 dps, 4000 hp, 2545 mana
99: 282.8 dps, 4000 hp, 2545 mana
100: 280.0 dps, 4000 hp, 2545 mana
101: 277.2 dps, 4000 hp, 2545 mana
102: CH tick
102: finished casting CH
102: 313.7 dps, 4000 hp, 2320 mana
103: 310.7 dps, 4000 hp, 2320 mana
104: 307.7 dps, 4000 hp, 2320 mana
105: startcast CH
105: 304.8 dps, 4000 hp, 2320 mana
106: 301.9 dps, 4000 hp, 2320 mana
107: 299.1 dps, 4000 hp, 2320 mana
108: 296.3 dps, 4000 hp, 2335 mana
109: 293.6 dps, 4000 hp, 2335 mana
110: 290.9 dps, 4000 hp, 2335 mana
111: 288.3 dps, 4000 hp, 2335 mana
112: 285.7 dps, 4000 hp, 2335 mana
113: 283.2 dps, 4000 hp, 2335 mana
114: 280.7 dps, 4000 hp, 2350 mana
115: CH tick
115: finished casting CH
115: 313.0 dps, 4000 hp, 2110 mana
116: 310.3 dps, 4000 hp, 2110 mana
117: 307.7 dps, 4000 hp, 2110 mana
118: startcast CH
118: 305.1 dps, 4000 hp, 2110 mana
119: 302.5 dps, 4000 hp, 2110 mana
120: 300.0 dps, 4000 hp, 2125 mana
121: 297.5 dps, 4000 hp, 2125 mana
122: 295.1 dps, 4000 hp, 2125 mana
123: 292.7 dps, 4000 hp, 2125 mana
124: 290.3 dps, 4000 hp, 2125 mana
125: 288.0 dps, 4000 hp, 2125 mana
126: 285.7 dps, 4000 hp, 2140 mana
127: 283.5 dps, 4000 hp, 2140 mana
128: CH tick
128: finished casting CH
128: 312.5 dps, 4000 hp, 1900 mana
129: 310.1 dps, 4000 hp, 1900 mana
130: 307.7 dps, 4000 hp, 1900 mana
131: startcast CH
131: 305.3 dps, 4000 hp, 1900 mana
132: 303.0 dps, 4000 hp, 1915 mana
133: 300.8 dps, 4000 hp, 1915 mana
134: 298.5 dps, 4000 hp, 1915 mana
135: 296.3 dps, 4000 hp, 1915 mana
136: 294.1 dps, 4000 hp, 1915 mana
137: 292.0 dps, 4000 hp, 1915 mana
138: 289.9 dps, 4000 hp, 1930 mana
139: 287.8 dps, 4000 hp, 1930 mana
140: 285.7 dps, 4000 hp, 1930 mana
141: CH tick
141: finished casting CH
141: 312.1 dps, 4000 hp, 1690 mana
142: 309.9 dps, 4000 hp, 1690 mana
143: 307.7 dps, 4000 hp, 1690 mana
144: startcast CH
144: 305.6 dps, 4000 hp, 1705 mana
145: 303.4 dps, 4000 hp, 1705 mana
146: 301.4 dps, 4000 hp, 1705 mana
147: 299.3 dps, 4000 hp, 1705 mana
148: 297.3 dps, 4000 hp, 1705 mana
149: 295.3 dps, 4000 hp, 1705 mana
150: 293.3 dps, 4000 hp, 1720 mana
151: 291.4 dps, 4000 hp, 1720 mana
152: 289.5 dps, 4000 hp, 1720 mana
153: 287.6 dps, 4000 hp, 1720 mana
154: CH tick
154: finished casting CH
154: 311.7 dps, 4000 hp, 1480 mana
155: 309.7 dps, 4000 hp, 1480 mana
156: 307.7 dps, 4000 hp, 1495 mana
157: startcast CH
157: 305.7 dps, 4000 hp, 1495 mana
158: 303.8 dps, 4000 hp, 1495 mana
159: 301.9 dps, 4000 hp, 1495 mana
160: 300.0 dps, 4000 hp, 1495 mana
161: 298.1 dps, 4000 hp, 1495 mana
162: 296.3 dps, 4000 hp, 1510 mana
163: 294.5 dps, 4000 hp, 1510 mana
164: 292.7 dps, 4000 hp, 1510 mana
165: 290.9 dps, 4000 hp, 1510 mana
166: 289.2 dps, 4000 hp, 1510 mana
167: CH tick
167: finished casting CH
167: 311.4 dps, 4000 hp, 1270 mana
168: 309.5 dps, 4000 hp, 1285 mana
169: 307.7 dps, 4000 hp, 1285 mana
170: startcast CH
170: 305.9 dps, 4000 hp, 1285 mana
171: 304.1 dps, 4000 hp, 1285 mana
172: 302.3 dps, 4000 hp, 1285 mana
173: 300.6 dps, 4000 hp, 1285 mana
174: 298.9 dps, 4000 hp, 1300 mana
175: 297.1 dps, 4000 hp, 1300 mana
176: 295.5 dps, 4000 hp, 1300 mana
177: 293.8 dps, 4000 hp, 1300 mana
178: 292.1 dps, 4000 hp, 1300 mana
179: 290.5 dps, 4000 hp, 1300 mana
180: CH tick
180: finished casting CH
180: 311.1 dps, 4000 hp, 1075 mana
181: 309.4 dps, 4000 hp, 1075 mana
182: 307.7 dps, 4000 hp, 1075 mana
183: startcast CH
183: 306.0 dps, 4000 hp, 1075 mana
184: 304.3 dps, 4000 hp, 1075 mana
185: 302.7 dps, 4000 hp, 1075 mana
186: 301.1 dps, 4000 hp, 1090 mana
187: 299.5 dps, 4000 hp, 1090 mana
188: 297.9 dps, 4000 hp, 1090 mana
189: 296.3 dps, 4000 hp, 1090 mana
190: 294.7 dps, 4000 hp, 1090 mana
191: 293.2 dps, 4000 hp, 1090 mana
192: 291.7 dps, 4000 hp, 1105 mana
193: CH tick
193: finished casting CH
193: 310.9 dps, 4000 hp, 865 mana
194: 309.3 dps, 4000 hp, 865 mana
195: 307.7 dps, 4000 hp, 865 mana
196: startcast CH
196: 306.1 dps, 4000 hp, 865 mana
197: 304.6 dps, 4000 hp, 865 mana
198: 303.0 dps, 4000 hp, 880 mana
199: 301.5 dps, 4000 hp, 880 mana
200: 300.0 dps, 4000 hp, 880 mana
201: 298.5 dps, 4000 hp, 880 mana
202: 297.0 dps, 4000 hp, 880 mana
203: 295.6 dps, 4000 hp, 880 mana
204: 294.1 dps, 4000 hp, 895 mana
205: 292.7 dps, 4000 hp, 895 mana
206: CH tick
206: finished casting CH
206: 310.7 dps, 4000 hp, 655 mana
207: 309.2 dps, 4000 hp, 655 mana
208: 307.7 dps, 4000 hp, 655 mana
209: startcast CH
209: 306.2 dps, 4000 hp, 655 mana
210: 304.8 dps, 4000 hp, 670 mana
211: 303.3 dps, 4000 hp, 670 mana
212: 301.9 dps, 4000 hp, 670 mana
213: 300.5 dps, 4000 hp, 670 mana
214: 299.1 dps, 4000 hp, 670 mana
215: 297.7 dps, 4000 hp, 670 mana
216: 296.3 dps, 4000 hp, 685 mana
217: 294.9 dps, 4000 hp, 685 mana
218: 293.6 dps, 4000 hp, 685 mana
219: CH tick
219: finished casting CH
219: 310.5 dps, 4000 hp, 445 mana
220: 309.1 dps, 4000 hp, 445 mana
221: 307.7 dps, 4000 hp, 445 mana
222: startcast CH
222: 306.3 dps, 4000 hp, 460 mana
223: 304.9 dps, 4000 hp, 460 mana
224: 303.6 dps, 4000 hp, 460 mana
225: 302.2 dps, 4000 hp, 460 mana
226: 300.9 dps, 4000 hp, 460 mana
227: 299.6 dps, 4000 hp, 460 mana
228: 298.2 dps, 4000 hp, 475 mana
229: 296.9 dps, 4000 hp, 475 mana
230: 295.7 dps, 4000 hp, 475 mana
231: 294.4 dps, 4000 hp, 475 mana
232: CH tick
232: finished casting CH
232: 310.3 dps, 4000 hp, 235 mana
233: 309.0 dps, 4000 hp, 235 mana
234: 307.7 dps, 4000 hp, 250 mana
235: 306.4 dps, 4000 hp, 250 mana
236: 305.1 dps, 4000 hp, 250 mana
237: 303.8 dps, 4000 hp, 250 mana
238: 302.5 dps, 4000 hp, 250 mana
239: 301.3 dps, 4000 hp, 250 mana
240: 300.0 dps, 4000 hp, 285 mana
241: 298.8 dps, 4000 hp, 285 mana
242: 297.5 dps, 4000 hp, 285 mana
243: 296.3 dps, 4000 hp, 285 mana
244: 295.1 dps, 4000 hp, 285 mana
245: 293.9 dps, 4000 hp, 285 mana
246: 292.7 dps, 4000 hp, 320 mana
247: 291.5 dps, 4000 hp, 320 mana
248: 290.3 dps, 4000 hp, 320 mana
249: 289.2 dps, 4000 hp, 320 mana
250: 288.0 dps, 4000 hp, 320 mana
251: 286.9 dps, 4000 hp, 320 mana
252: 285.7 dps, 4000 hp, 355 mana
253: 284.6 dps, 4000 hp, 355 mana
254: 283.5 dps, 4000 hp, 355 mana
255: 282.4 dps, 4000 hp, 355 mana
256: 281.2 dps, 4000 hp, 355 mana
257: 280.2 dps, 4000 hp, 355 mana
258: 279.1 dps, 4000 hp, 390 mana
259: 278.0 dps, 4000 hp, 390 mana
260: 276.9 dps, 4000 hp, 390 mana
261: 275.9 dps, 4000 hp, 390 mana
262: 274.8 dps, 4000 hp, 390 mana
263: 273.8 dps, 4000 hp, 390 mana
264: startcast CH
264: 272.7 dps, 4000 hp, 425 mana
265: 271.7 dps, 4000 hp, 425 mana
266: 270.7 dps, 4000 hp, 425 mana
267: 269.7 dps, 4000 hp, 425 mana
268: 268.7 dps, 4000 hp, 425 mana
269: 267.7 dps, 4000 hp, 425 mana
270: 266.7 dps, 4000 hp, 440 mana
271: 265.7 dps, 4000 hp, 440 mana
272: 264.7 dps, 4000 hp, 440 mana
273: 263.7 dps, 4000 hp, 440 mana
274: CH tick
274: finished casting CH
274: 277.4 dps, 4000 hp, 200 mana
275: 276.4 dps, 4000 hp, 200 mana
276: 275.4 dps, 4000 hp, 215 mana
277: 274.4 dps, 4000 hp, 215 mana
278: 273.4 dps, 4000 hp, 215 mana
279: 272.4 dps, 4000 hp, 215 mana
280: 271.4 dps, 4000 hp, 215 mana
281: 270.5 dps, 4000 hp, 215 mana
282: 269.5 dps, 4000 hp, 250 mana
283: 268.6 dps, 4000 hp, 250 mana
284: 267.6 dps, 4000 hp, 250 mana
285: 266.7 dps, 4000 hp, 250 mana
286: 265.7 dps, 4000 hp, 250 mana
287: 264.8 dps, 4000 hp, 250 mana
288: 263.9 dps, 4000 hp, 285 mana
289: 263.0 dps, 4000 hp, 285 mana
290: 262.1 dps, 4000 hp, 285 mana
291: 261.2 dps, 4000 hp, 285 mana
292: 260.3 dps, 4000 hp, 285 mana
293: 259.4 dps, 4000 hp, 285 mana
294: 258.5 dps, 4000 hp, 320 mana
295: 257.6 dps, 4000 hp, 320 mana
296: 256.8 dps, 4000 hp, 320 mana
297: 255.9 dps, 4000 hp, 320 mana
298: 255.0 dps, 4000 hp, 320 mana
299: 254.2 dps, 4000 hp, 320 mana
300: 253.3 dps, 4000 hp, 355 mana
301: 252.5 dps, 4000 hp, 355 mana
302: 251.7 dps, 4000 hp, 355 mana
303: 250.8 dps, 4000 hp, 355 mana
304: 250.0 dps, 4000 hp, 355 mana
305: 249.2 dps, 4000 hp, 355 mana
306: 248.4 dps, 4000 hp, 390 mana
307: 247.6 dps, 4000 hp, 390 mana
308: 246.8 dps, 4000 hp, 390 mana
309: 246.0 dps, 4000 hp, 390 mana
310: 245.2 dps, 4000 hp, 390 mana
311: 244.4 dps, 4000 hp, 390 mana
312: startcast CH
312: 243.6 dps, 4000 hp, 425 mana
313: 242.8 dps, 4000 hp, 425 mana
314: 242.0 dps, 4000 hp, 425 mana
315: 241.3 dps, 4000 hp, 425 mana
316: 240.5 dps, 4000 hp, 425 mana
317: 239.7 dps, 4000 hp, 425 mana
318: 239.0 dps, 4000 hp, 440 mana
319: 238.2 dps, 4000 hp, 440 mana
320: 237.5 dps, 4000 hp, 440 mana
321: 236.8 dps, 4000 hp, 440 mana
322: CH tick
322: finished casting CH
322: 248.4 dps, 4000 hp, 200 mana
323: 247.7 dps, 4000 hp, 200 mana
324: 246.9 dps, 4000 hp, 215 mana
325: 246.2 dps, 4000 hp, 215 mana
326: 245.4 dps, 4000 hp, 215 mana
327: 244.6 dps, 4000 hp, 215 mana
328: 243.9 dps, 4000 hp, 215 mana
329: 243.2 dps, 4000 hp, 215 mana
330: 242.4 dps, 4000 hp, 250 mana
331: 241.7 dps, 4000 hp, 250 mana
332: 241.0 dps, 4000 hp, 250 mana
333: 240.2 dps, 4000 hp, 250 mana
334: 239.5 dps, 4000 hp, 250 mana
335: 238.8 dps, 4000 hp, 250 mana
336: 238.1 dps, 4000 hp, 285 mana
337: 237.4 dps, 4000 hp, 285 mana
338: 236.7 dps, 4000 hp, 285 mana
339: 236.0 dps, 4000 hp, 285 mana
340: 235.3 dps, 4000 hp, 285 mana
341: 234.6 dps, 4000 hp, 285 mana
342: 233.9 dps, 4000 hp, 320 mana
343: 233.2 dps, 4000 hp, 320 mana
344: 232.6 dps, 4000 hp, 320 mana
345: 231.9 dps, 4000 hp, 320 mana
346: 231.2 dps, 4000 hp, 320 mana
347: 230.5 dps, 4000 hp, 320 mana
348: 229.9 dps, 4000 hp, 355 mana
349: 229.2 dps, 4000 hp, 355 mana
350: 228.6 dps, 4000 hp, 355 mana
351: 227.9 dps, 4000 hp, 355 mana
352: 227.3 dps, 4000 hp, 355 mana
353: 226.6 dps, 4000 hp, 355 mana
354: 226.0 dps, 4000 hp, 390 mana
355: 225.4 dps, 4000 hp, 390 mana
356: 224.7 dps, 4000 hp, 390 mana
357: 224.1 dps, 4000 hp, 390 mana
358: 223.5 dps, 4000 hp, 390 mana
359: 222.8 dps, 4000 hp, 390 mana
360: startcast CH
360: 222.2 dps, 4000 hp, 425 mana
361: 221.6 dps, 4000 hp, 425 mana
362: 221.0 dps, 4000 hp, 425 mana
363: 220.4 dps, 4000 hp, 425 mana
364: 219.8 dps, 4000 hp, 425 mana
365: 219.2 dps, 4000 hp, 425 mana
366: 218.6 dps, 4000 hp, 440 mana
367: 218.0 dps, 4000 hp, 440 mana
368: 217.4 dps, 4000 hp, 440 mana
369: 216.8 dps, 4000 hp, 440 mana
370: CH tick
370: finished casting CH
370: 227.0 dps, 4000 hp, 200 mana
371: 226.4 dps, 4000 hp, 200 mana
372: 225.8 dps, 4000 hp, 215 mana
373: 225.2 dps, 4000 hp, 215 mana
374: 224.6 dps, 4000 hp, 215 mana
375: 224.0 dps, 4000 hp, 215 mana
376: 223.4 dps, 4000 hp, 215 mana
377: 222.8 dps, 4000 hp, 215 mana
378: 222.2 dps, 4000 hp, 250 mana
379: 221.6 dps, 4000 hp, 250 mana
380: 221.1 dps, 4000 hp, 250 mana
381: 220.5 dps, 4000 hp, 250 mana
382: 219.9 dps, 4000 hp, 250 mana
383: 219.3 dps, 4000 hp, 250 mana
384: 218.8 dps, 4000 hp, 285 mana
385: 218.2 dps, 4000 hp, 285 mana
386: 217.6 dps, 4000 hp, 285 mana
387: 217.1 dps, 4000 hp, 285 mana
388: 216.5 dps, 4000 hp, 285 mana
389: 215.9 dps, 4000 hp, 285 mana
390: 215.4 dps, 4000 hp, 320 mana
391: 214.8 dps, 4000 hp, 320 mana
392: 214.3 dps, 4000 hp, 320 mana
393: 213.7 dps, 4000 hp, 320 mana
394: 213.2 dps, 4000 hp, 320 mana
395: 212.7 dps, 4000 hp, 320 mana
396: 212.1 dps, 4000 hp, 355 mana
397: 211.6 dps, 4000 hp, 355 mana
398: 211.1 dps, 4000 hp, 355 mana
399: 210.5 dps, 4000 hp, 355 mana
400: 210.0 dps, 4000 hp, 355 mana
401: 209.5 dps, 4000 hp, 355 mana
402: 209.0 dps, 4000 hp, 390 mana
403: 208.4 dps, 4000 hp, 390 mana
404: 207.9 dps, 4000 hp, 390 mana
405: 207.4 dps, 4000 hp, 390 mana
406: 206.9 dps, 4000 hp, 390 mana
407: 206.4 dps, 4000 hp, 390 mana
408: startcast CH
408: 205.9 dps, 4000 hp, 425 mana
409: 205.4 dps, 4000 hp, 425 mana
410: 204.9 dps, 4000 hp, 425 mana
411: 204.4 dps, 4000 hp, 425 mana
412: 203.9 dps, 4000 hp, 425 mana
413: 203.4 dps, 4000 hp, 425 mana
414: 202.9 dps, 4000 hp, 440 mana
415: 202.4 dps, 4000 hp, 440 mana
416: 201.9 dps, 4000 hp, 440 mana
417: 201.4 dps, 4000 hp, 440 mana
418: CH tick
418: finished casting CH
418: 210.5 dps, 4000 hp, 200 mana
419: 210.0 dps, 4000 hp, 200 mana
420: 209.5 dps, 4000 hp, 215 mana
421: 209.0 dps, 4000 hp, 215 mana
422: 208.5 dps, 4000 hp, 215 mana
423: 208.0 dps, 4000 hp, 215 mana
424: 207.5 dps, 4000 hp, 215 mana
425: 207.1 dps, 4000 hp, 215 mana
426: 206.6 dps, 4000 hp, 250 mana
427: 206.1 dps, 4000 hp, 250 mana
428: 205.6 dps, 4000 hp, 250 mana
429: 205.1 dps, 4000 hp, 250 mana
430: 204.7 dps, 4000 hp, 250 mana
431: 204.2 dps, 4000 hp, 250 mana
432: 203.7 dps, 4000 hp, 285 mana
433: 203.2 dps, 4000 hp, 285 mana
434: 202.8 dps, 4000 hp, 285 mana
435: 202.3 dps, 4000 hp, 285 mana
436: 201.8 dps, 4000 hp, 285 mana
437: 201.4 dps, 4000 hp, 285 mana
438: 200.9 dps, 4000 hp, 320 mana
439: 200.5 dps, 4000 hp, 320 mana
440: 200.0 dps, 4000 hp, 320 mana
441: 199.5 dps, 4000 hp, 320 mana
442: 199.1 dps, 4000 hp, 320 mana
443: 198.6 dps, 4000 hp, 320 mana
444: 198.2 dps, 4000 hp, 355 mana
445: 197.8 dps, 4000 hp, 355 mana
446: 197.3 dps, 4000 hp, 355 mana
447: 196.9 dps, 4000 hp, 355 mana
448: 196.4 dps, 4000 hp, 355 mana
449: 196.0 dps, 4000 hp, 355 mana
450: 195.6 dps, 4000 hp, 390 mana
451: 195.1 dps, 4000 hp, 390 mana
452: 194.7 dps, 4000 hp, 390 mana
453: 194.3 dps, 4000 hp, 390 mana
454: 193.8 dps, 4000 hp, 390 mana
455: 193.4 dps, 4000 hp, 390 mana
456: startcast CH
456: 193.0 dps, 4000 hp, 425 mana
457: 192.6 dps, 4000 hp, 425 mana
458: 192.1 dps, 4000 hp, 425 mana
459: 191.7 dps, 4000 hp, 425 mana
460: 191.3 dps, 4000 hp, 425 mana
461: 190.9 dps, 4000 hp, 425 mana
462: 190.5 dps, 4000 hp, 440 mana
463: 190.1 dps, 4000 hp, 440 mana
464: 189.7 dps, 4000 hp, 440 mana
465: 189.2 dps, 4000 hp, 440 mana
466: CH tick
466: finished casting CH
466: 197.4 dps, 4000 hp, 200 mana
467: 197.0 dps, 4000 hp, 200 mana
468: 196.6 dps, 4000 hp, 215 mana
469: 196.2 dps, 4000 hp, 215 mana
470: 195.7 dps, 4000 hp, 215 mana
471: 195.3 dps, 4000 hp, 215 mana
472: 194.9 dps, 4000 hp, 215 mana
473: 194.5 dps, 4000 hp, 215 mana
474: 194.1 dps, 4000 hp, 250 mana
475: 193.7 dps, 4000 hp, 250 mana
476: 193.3 dps, 4000 hp, 250 mana
477: 192.9 dps, 4000 hp, 250 mana
478: 192.5 dps, 4000 hp, 250 mana
479: 192.1 dps, 4000 hp, 250 mana
480: 191.7 dps, 4000 hp, 285 mana
481: 191.3 dps, 4000 hp, 285 mana
482: 190.9 dps, 4000 hp, 285 mana
483: 190.5 dps, 4000 hp, 285 mana
484: 190.1 dps, 4000 hp, 285 mana
485: 189.7 dps, 4000 hp, 285 mana
486: 189.3 dps, 4000 hp, 320 mana
487: 188.9 dps, 4000 hp, 320 mana
488: 188.5 dps, 4000 hp, 320 mana
489: 188.1 dps, 4000 hp, 320 mana
490: 187.8 dps, 4000 hp, 320 mana
491: 187.4 dps, 4000 hp, 320 mana
492: 187.0 dps, 4000 hp, 355 mana
493: 186.6 dps, 4000 hp, 355 mana
494: 186.2 dps, 4000 hp, 355 mana
495: 185.9 dps, 4000 hp, 355 mana
496: 185.5 dps, 4000 hp, 355 mana
497: 185.1 dps, 4000 hp, 355 mana
498: 184.7 dps, 4000 hp, 390 mana
499: 184.4 dps, 4000 hp, 390 mana
500: 184.0 dps, 4000 hp, 390 mana
501: 183.6 dps, 4000 hp, 390 mana
502: 183.3 dps, 4000 hp, 390 mana
503: 182.9 dps, 4000 hp, 390 mana
504: startcast CH
504: 182.5 dps, 4000 hp, 425 mana
505: 182.2 dps, 4000 hp, 425 mana
506: 181.8 dps, 4000 hp, 425 mana
507: 181.5 dps, 4000 hp, 425 mana
508: 181.1 dps, 4000 hp, 425 mana
509: 180.7 dps, 4000 hp, 425 mana
510: 180.4 dps, 4000 hp, 440 mana
511: 180.0 dps, 4000 hp, 440 mana
512: 179.7 dps, 4000 hp, 440 mana
513: 179.3 dps, 4000 hp, 440 mana
514: CH tick
514: finished casting CH
514: 186.8 dps, 4000 hp, 200 mana
515: 186.4 dps, 4000 hp, 200 mana
516: 186.0 dps, 4000 hp, 215 mana
517: 185.7 dps, 4000 hp, 215 mana
518: 185.3 dps, 4000 hp, 215 mana
519: 185.0 dps, 4000 hp, 215 mana
520: 184.6 dps, 4000 hp, 215 mana
521: 184.3 dps, 4000 hp, 215 mana
522: 183.9 dps, 4000 hp, 250 mana
523: 183.6 dps, 4000 hp, 250 mana
524: 183.2 dps, 4000 hp, 250 mana
525: 182.9 dps, 4000 hp, 250 mana
526: 182.5 dps, 4000 hp, 250 mana
527: 182.2 dps, 4000 hp, 250 mana
528: 181.8 dps, 4000 hp, 285 mana
529: 181.5 dps, 4000 hp, 285 mana
530: 181.1 dps, 4000 hp, 285 mana
531: 180.8 dps, 4000 hp, 285 mana
532: 180.5 dps, 4000 hp, 285 mana
533: 180.1 dps, 4000 hp, 285 mana
534: 179.8 dps, 4000 hp, 320 mana
535: 179.4 dps, 4000 hp, 320 mana
536: 179.1 dps, 4000 hp, 320 mana
537: 178.8 dps, 4000 hp, 320 mana
538: 178.4 dps, 4000 hp, 320 mana
539: 178.1 dps, 4000 hp, 320 mana
540: 177.8 dps, 4000 hp, 355 mana
541: 177.4 dps, 4000 hp, 355 mana
542: 177.1 dps, 4000 hp, 355 mana
543: 176.8 dps, 4000 hp, 355 mana
544: 176.5 dps, 4000 hp, 355 mana
545: 176.1 dps, 4000 hp, 355 mana
546: 175.8 dps, 4000 hp, 390 mana
547: 175.5 dps, 4000 hp, 390 mana
548: 175.2 dps, 4000 hp, 390 mana
549: 174.9 dps, 4000 hp, 390 mana
550: 174.5 dps, 4000 hp, 390 mana
551: 174.2 dps, 4000 hp, 390 mana
552: startcast CH
552: 173.9 dps, 4000 hp, 425 mana
553: 173.6 dps, 4000 hp, 425 mana
554: 173.3 dps, 4000 hp, 425 mana
555: 173.0 dps, 4000 hp, 425 mana
556: 172.7 dps, 4000 hp, 425 mana
557: 172.4 dps, 4000 hp, 425 mana
558: 172.0 dps, 4000 hp, 440 mana
559: 171.7 dps, 4000 hp, 440 mana
560: 171.4 dps, 4000 hp, 440 mana
561: 171.1 dps, 4000 hp, 440 mana
562: CH tick
562: finished casting CH
562: 177.9 dps, 4000 hp, 200 mana
563: 177.6 dps, 4000 hp, 200 mana
564: 177.3 dps, 4000 hp, 215 mana
565: 177.0 dps, 4000 hp, 215 mana
566: 176.7 dps, 4000 hp, 215 mana
567: 176.4 dps, 4000 hp, 215 mana
568: 176.1 dps, 4000 hp, 215 mana
569: 175.7 dps, 4000 hp, 215 mana
570: 175.4 dps, 4000 hp, 250 mana
571: 175.1 dps, 4000 hp, 250 mana
572: 174.8 dps, 4000 hp, 250 mana
573: 174.5 dps, 4000 hp, 250 mana
574: 174.2 dps, 4000 hp, 250 mana
575: 173.9 dps, 4000 hp, 250 mana
576: 173.6 dps, 4000 hp, 285 mana
577: 173.3 dps, 4000 hp, 285 mana
578: 173.0 dps, 4000 hp, 285 mana
579: 172.7 dps, 4000 hp, 285 mana
580: 172.4 dps, 4000 hp, 285 mana
581: 172.1 dps, 4000 hp, 285 mana
582: 171.8 dps, 4000 hp, 320 mana
583: 171.5 dps, 4000 hp, 320 mana
584: 171.2 dps, 4000 hp, 320 mana
585: 170.9 dps, 4000 hp, 320 mana
586: 170.6 dps, 4000 hp, 320 mana
587: 170.4 dps, 4000 hp, 320 mana
588: 170.1 dps, 4000 hp, 355 mana
589: 169.8 dps, 4000 hp, 355 mana
590: 169.5 dps, 4000 hp, 355 mana
591: 169.2 dps, 4000 hp, 355 mana
592: 168.9 dps, 4000 hp, 355 mana
593: 168.6 dps, 4000 hp, 355 mana
594: 168.4 dps, 4000 hp, 390 mana
595: 168.1 dps, 4000 hp, 390 mana
596: 167.8 dps, 4000 hp, 390 mana
597: 167.5 dps, 4000 hp, 390 mana
598: 167.2 dps, 4000 hp, 390 mana
599: 166.9 dps, 4000 hp, 390 mana
600: startcast CH
600: 166.7 dps, 4000 hp, 425 mana
601: 166.4 dps, 4000 hp, 425 mana
602: 166.1 dps, 4000 hp, 425 mana
603: 165.8 dps, 4000 hp, 425 mana
604: 165.6 dps, 4000 hp, 425 mana
605: 165.3 dps, 4000 hp, 425 mana
606: 165.0 dps, 4000 hp, 440 mana
607: 164.7 dps, 4000 hp, 440 mana
608: 164.5 dps, 4000 hp, 440 mana
609: 164.2 dps, 4000 hp, 440 mana
610: CH tick
610: finished casting CH
610: 170.5 dps, 4000 hp, 200 mana
611: 170.2 dps, 4000 hp, 200 mana
612: 169.9 dps, 4000 hp, 215 mana
613: 169.7 dps, 4000 hp, 215 mana
614: 169.4 dps, 4000 hp, 215 mana
615: 169.1 dps, 4000 hp, 215 mana
616: 168.8 dps, 4000 hp, 215 mana
617: 168.6 dps, 4000 hp, 215 mana
618: 168.3 dps, 4000 hp, 250 mana
619: 168.0 dps, 4000 hp, 250 mana
620: 167.7 dps, 4000 hp, 250 mana
621: 167.5 dps, 4000 hp, 250 mana
622: 167.2 dps, 4000 hp, 250 mana
623: 166.9 dps, 4000 hp, 250 mana
624: 166.7 dps, 4000 hp, 285 mana
625: 166.4 dps, 4000 hp, 285 mana
626: 166.1 dps, 4000 hp, 285 mana
627: 165.9 dps, 4000 hp, 285 mana
628: 165.6 dps, 4000 hp, 285 mana
629: 165.3 dps, 4000 hp, 285 mana
630: 165.1 dps, 4000 hp, 320 mana
631: 164.8 dps, 4000 hp, 320 mana
632: 164.6 dps, 4000 hp, 320 mana
633: 164.3 dps, 4000 hp, 320 mana
634: 164.0 dps, 4000 hp, 320 mana
635: 163.8 dps, 4000 hp, 320 mana
636: 163.5 dps, 4000 hp, 355 mana
637: 163.3 dps, 4000 hp, 355 mana
638: 163.0 dps, 4000 hp, 355 mana
639: 162.8 dps, 4000 hp, 355 mana
640: 162.5 dps, 4000 hp, 355 mana
641: 162.2 dps, 4000 hp, 355 mana
642: 162.0 dps, 4000 hp, 390 mana
643: 161.7 dps, 4000 hp, 390 mana
644: 161.5 dps, 4000 hp, 390 mana
645: 161.2 dps, 4000 hp, 390 mana
646: 161.0 dps, 4000 hp, 390 mana
647: 160.7 dps, 4000 hp, 390 mana
648: startcast CH
648: 160.5 dps, 4000 hp, 425 mana
649: 160.2 dps, 4000 hp, 425 mana
650: 160.0 dps, 4000 hp, 425 mana
651: 159.8 dps, 4000 hp, 425 mana
652: 159.5 dps, 4000 hp, 425 mana
653: 159.3 dps, 4000 hp, 425 mana
654: 159.0 dps, 4000 hp, 440 mana
655: 158.8 dps, 4000 hp, 440 mana
656: 158.5 dps, 4000 hp, 440 mana
657: 158.3 dps, 4000 hp, 440 mana
658: CH tick
658: finished casting CH
658: 164.1 dps, 4000 hp, 200 mana
659: 163.9 dps, 4000 hp, 200 mana
660: 163.6 dps, 4000 hp, 215 mana
661: 163.4 dps, 4000 hp, 215 mana
662: 163.1 dps, 4000 hp, 215 mana
663: 162.9 dps, 4000 hp, 215 mana
664: 162.7 dps, 4000 hp, 215 mana
665: 162.4 dps, 4000 hp, 215 mana
666: 162.2 dps, 4000 hp, 250 mana
667: 161.9 dps, 4000 hp, 250 mana
668: 161.7 dps, 4000 hp, 250 mana
669: 161.4 dps, 4000 hp, 250 mana
670: 161.2 dps, 4000 hp, 250 mana
671: 161.0 dps, 4000 hp, 250 mana
672: 160.7 dps, 4000 hp, 285 mana
673: 160.5 dps, 4000 hp, 285 mana
674: 160.2 dps, 4000 hp, 285 mana
675: 160.0 dps, 4000 hp, 285 mana
676: 159.8 dps, 4000 hp, 285 mana
677: 159.5 dps, 4000 hp, 285 mana
678: 159.3 dps, 4000 hp, 320 mana
679: 159.1 dps, 4000 hp, 320 mana
680: 158.8 dps, 4000 hp, 320 mana
681: 158.6 dps, 4000 hp, 320 mana
682: 158.4 dps, 4000 hp, 320 mana
683: 158.1 dps, 4000 hp, 320 mana
684: 157.9 dps, 4000 hp, 355 mana
685: 157.7 dps, 4000 hp, 355 mana
686: 157.4 dps, 4000 hp, 355 mana
687: 157.2 dps, 4000 hp, 355 mana
688: 157.0 dps, 4000 hp, 355 mana
689: 156.7 dps, 4000 hp, 355 mana
690: 156.5 dps, 4000 hp, 390 mana
691: 156.3 dps, 4000 hp, 390 mana
692: 156.1 dps, 4000 hp, 390 mana
693: 155.8 dps, 4000 hp, 390 mana
694: 155.6 dps, 4000 hp, 390 mana
695: 155.4 dps, 4000 hp, 390 mana
696: startcast CH
696: 155.2 dps, 4000 hp, 425 mana
697: 154.9 dps, 4000 hp, 425 mana
698: 154.7 dps, 4000 hp, 425 mana
699: 154.5 dps, 4000 hp, 425 mana
700: 154.3 dps, 4000 hp, 425 mana
701: 154.1 dps, 4000 hp, 425 mana
702: 153.8 dps, 4000 hp, 440 mana
703: 153.6 dps, 4000 hp, 440 mana
704: 153.4 dps, 4000 hp, 440 mana
705: 153.2 dps, 4000 hp, 440 mana
706: CH tick
706: finished casting CH
706: 158.6 dps, 4000 hp, 200 mana
707: 158.4 dps, 4000 hp, 200 mana
708: 158.2 dps, 4000 hp, 215 mana
709: 158.0 dps, 4000 hp, 215 mana
710: 157.7 dps, 4000 hp, 215 mana
711: 157.5 dps, 4000 hp, 215 mana
712: 157.3 dps, 4000 hp, 215 mana
713: 157.1 dps, 4000 hp, 215 mana
714: 156.9 dps, 4000 hp, 250 mana
715: 156.6 dps, 4000 hp, 250 mana
716: 156.4 dps, 4000 hp, 250 mana
717: 156.2 dps, 4000 hp, 250 mana
718: 156.0 dps, 4000 hp, 250 mana
719: 155.8 dps, 4000 hp, 250 mana
720: 155.6 dps, 4000 hp, 285 mana
721: 155.3 dps, 4000 hp, 285 mana
722: 155.1 dps, 4000 hp, 285 mana
723: 154.9 dps, 4000 hp, 285 mana
724: 154.7 dps, 4000 hp, 285 mana
725: 154.5 dps, 4000 hp, 285 mana
726: 154.3 dps, 4000 hp, 320 mana
727: 154.1 dps, 4000 hp, 320 mana
728: 153.8 dps, 4000 hp, 320 mana
729: 153.6 dps, 4000 hp, 320 mana
730: 153.4 dps, 4000 hp, 320 mana
731: 153.2 dps, 4000 hp, 320 mana
732: 153.0 dps, 4000 hp, 355 mana
733: 152.8 dps, 4000 hp, 355 mana
734: 152.6 dps, 4000 hp, 355 mana
735: 152.4 dps, 4000 hp, 355 mana
736: 152.2 dps, 4000 hp, 355 mana
737: 152.0 dps, 4000 hp, 355 mana
738: 151.8 dps, 4000 hp, 390 mana
739: 151.6 dps, 4000 hp, 390 mana
740: 151.4 dps, 4000 hp, 390 mana
741: 151.1 dps, 4000 hp, 390 mana
742: 150.9 dps, 4000 hp, 390 mana
743: 150.7 dps, 4000 hp, 390 mana
744: startcast CH
744: 150.5 dps, 4000 hp, 425 mana
745: 150.3 dps, 4000 hp, 425 mana
746: 150.1 dps, 4000 hp, 425 mana
747: 149.9 dps, 4000 hp, 425 mana
748: 149.7 dps, 4000 hp, 425 mana
749: 149.5 dps, 4000 hp, 425 mana
750: 149.3 dps, 4000 hp, 440 mana
751: 149.1 dps, 4000 hp, 440 mana
752: 148.9 dps, 4000 hp, 440 mana
753: 148.7 dps, 4000 hp, 440 mana
754: CH tick
754: finished casting CH
754: 153.8 dps, 4000 hp, 200 mana
755: 153.6 dps, 4000 hp, 200 mana
756: 153.4 dps, 4000 hp, 215 mana
757: 153.2 dps, 4000 hp, 215 mana
758: 153.0 dps, 4000 hp, 215 mana
759: 152.8 dps, 4000 hp, 215 mana
760: 152.6 dps, 4000 hp, 215 mana
761: 152.4 dps, 4000 hp, 215 mana
762: 152.2 dps, 4000 hp, 250 mana
763: 152.0 dps, 4000 hp, 250 mana
764: 151.8 dps, 4000 hp, 250 mana
765: 151.6 dps, 4000 hp, 250 mana
766: 151.4 dps, 4000 hp, 250 mana
767: 151.2 dps, 4000 hp, 250 mana
768: 151.0 dps, 4000 hp, 285 mana
769: 150.8 dps, 4000 hp, 285 mana
770: 150.6 dps, 4000 hp, 285 mana
771: 150.5 dps, 4000 hp, 285 mana
772: 150.3 dps, 4000 hp, 285 mana
773: 150.1 dps, 4000 hp, 285 mana
774: 149.9 dps, 4000 hp, 320 mana
775: 149.7 dps, 4000 hp, 320 mana
776: 149.5 dps, 4000 hp, 320 mana
777: 149.3 dps, 4000 hp, 320 mana
778: 149.1 dps, 4000 hp, 320 mana
779: 148.9 dps, 4000 hp, 320 mana
780: 148.7 dps, 4000 hp, 355 mana
781: 148.5 dps, 4000 hp, 355 mana
782: 148.3 dps, 4000 hp, 355 mana
783: 148.1 dps, 4000 hp, 355 mana
784: 148.0 dps, 4000 hp, 355 mana
785: 147.8 dps, 4000 hp, 355 mana
786: 147.6 dps, 4000 hp, 390 mana
787: 147.4 dps, 4000 hp, 390 mana
788: 147.2 dps, 4000 hp, 390 mana
789: 147.0 dps, 4000 hp, 390 mana
790: 146.8 dps, 4000 hp, 390 mana
791: 146.6 dps, 4000 hp, 390 mana
792: startcast CH
792: 146.5 dps, 4000 hp, 425 mana
793: 146.3 dps, 4000 hp, 425 mana
794: 146.1 dps, 4000 hp, 425 mana
795: 145.9 dps, 4000 hp, 425 mana
796: 145.7 dps, 4000 hp, 425 mana
797: 145.5 dps, 4000 hp, 425 mana
798: 145.4 dps, 4000 hp, 440 mana
799: 145.2 dps, 4000 hp, 440 mana
800: 145.0 dps, 4000 hp, 440 mana
801: 144.8 dps, 4000 hp, 440 mana
802: CH tick
802: finished casting CH
802: 149.6 dps, 4000 hp, 200 mana
803: 149.4 dps, 4000 hp, 200 mana
804: 149.3 dps, 4000 hp, 215 mana
805: 149.1 dps, 4000 hp, 215 mana
806: 148.9 dps, 4000 hp, 215 mana
807: 148.7 dps, 4000 hp, 215 mana
808: 148.5 dps, 4000 hp, 215 mana
809: 148.3 dps, 4000 hp, 215 mana
810: 148.1 dps, 4000 hp, 250 mana
811: 148.0 dps, 4000 hp, 250 mana
812: 147.8 dps, 4000 hp, 250 mana
813: 147.6 dps, 4000 hp, 250 mana
814: 147.4 dps, 4000 hp, 250 mana
815: 147.2 dps, 4000 hp, 250 mana
816: 147.1 dps, 4000 hp, 285 mana
817: 146.9 dps, 4000 hp, 285 mana
818: 146.7 dps, 4000 hp, 285 mana
819: 146.5 dps, 4000 hp, 285 mana
820: 146.3 dps, 4000 hp, 285 mana
821: 146.2 dps, 4000 hp, 285 mana
822: 146.0 dps, 4000 hp, 320 mana
823: 145.8 dps, 4000 hp, 320 mana
824: 145.6 dps, 4000 hp, 320 mana
825: 145.5 dps, 4000 hp, 320 mana
826: 145.3 dps, 4000 hp, 320 mana
827: 145.1 dps, 4000 hp, 320 mana
828: 144.9 dps, 4000 hp, 355 mana
829: 144.8 dps, 4000 hp, 355 mana
830: 144.6 dps, 4000 hp, 355 mana
831: 144.4 dps, 4000 hp, 355 mana
832: 144.2 dps, 4000 hp, 355 mana
833: 144.1 dps, 4000 hp, 355 mana
834: 143.9 dps, 4000 hp, 390 mana
835: 143.7 dps, 4000 hp, 390 mana
836: 143.5 dps, 4000 hp, 390 mana
837: 143.4 dps, 4000 hp, 390 mana
838: 143.2 dps, 4000 hp, 390 mana
839: 143.0 dps, 4000 hp, 390 mana
840: startcast CH
840: 142.9 dps, 4000 hp, 425 mana
841: 142.7 dps, 4000 hp, 425 mana
842: 142.5 dps, 4000 hp, 425 mana
843: 142.3 dps, 4000 hp, 425 mana
844: 142.2 dps, 4000 hp, 425 mana
845: 142.0 dps, 4000 hp, 425 mana
846: 141.8 dps, 4000 hp, 440 mana
847: 141.7 dps, 4000 hp, 440 mana
848: 141.5 dps, 4000 hp, 440 mana
849: 141.3 dps, 4000 hp, 440 mana
850: CH tick
850: finished casting CH
850: 145.9 dps, 4000 hp, 200 mana
851: 145.7 dps, 4000 hp, 200 mana
852: 145.5 dps, 4000 hp, 215 mana
853: 145.4 dps, 4000 hp, 215 mana
854: 145.2 dps, 4000 hp, 215 mana
855: 145.0 dps, 4000 hp, 215 mana
856: 144.9 dps, 4000 hp, 215 mana
857: 144.7 dps, 4000 hp, 215 mana
858: 144.5 dps, 4000 hp, 250 mana
859: 144.4 dps, 4000 hp, 250 mana
860: 144.2 dps, 4000 hp, 250 mana
861: 144.0 dps, 4000 hp, 250 mana
862: 143.9 dps, 4000 hp, 250 mana
863: 143.7 dps, 4000 hp, 250 mana
864: 143.5 dps, 4000 hp, 285 mana
865: 143.4 dps, 4000 hp, 285 mana
866: 143.2 dps, 4000 hp, 285 mana
867: 143.0 dps, 4000 hp, 285 mana
868: 142.9 dps, 4000 hp, 285 mana
869: 142.7 dps, 4000 hp, 285 mana
870: 142.5 dps, 4000 hp, 320 mana
871: 142.4 dps, 4000 hp, 320 mana
872: 142.2 dps, 4000 hp, 320 mana
873: 142.0 dps, 4000 hp, 320 mana
874: 141.9 dps, 4000 hp, 320 mana
875: 141.7 dps, 4000 hp, 320 mana
876: 141.6 dps, 4000 hp, 355 mana
877: 141.4 dps, 4000 hp, 355 mana
878: 141.2 dps, 4000 hp, 355 mana
879: 141.1 dps, 4000 hp, 355 mana
880: 140.9 dps, 4000 hp, 355 mana
881: 140.7 dps, 4000 hp, 355 mana
882: 140.6 dps, 4000 hp, 390 mana
883: 140.4 dps, 4000 hp, 390 mana
884: 140.3 dps, 4000 hp, 390 mana
885: 140.1 dps, 4000 hp, 390 mana
886: 140.0 dps, 4000 hp, 390 mana
887: 139.8 dps, 4000 hp, 390 mana
888: startcast CH
888: 139.6 dps, 4000 hp, 425 mana
889: 139.5 dps, 4000 hp, 425 mana
890: 139.3 dps, 4000 hp, 425 mana
891: 139.2 dps, 4000 hp, 425 mana
892: 139.0 dps, 4000 hp, 425 mana
893: 138.9 dps, 4000 hp, 425 mana
894: 138.7 dps, 4000 hp, 440 mana
895: 138.5 dps, 4000 hp, 440 mana
896: 138.4 dps, 4000 hp, 440 mana
897: 138.2 dps, 4000 hp, 440 mana
898: CH tick
898: finished casting CH
898: 142.5 dps, 4000 hp, 200 mana
899: 142.4 dps, 4000 hp, 200 mana
900: 142.2 dps, 4000 hp, 215 mana
901: 142.1 dps, 4000 hp, 215 mana
902: 141.9 dps, 4000 hp, 215 mana
903: 141.7 dps, 4000 hp, 215 mana
904: 141.6 dps, 4000 hp, 215 mana
905: 141.4 dps, 4000 hp, 215 mana
906: 141.3 dps, 4000 hp, 250 mana
907: 141.1 dps, 4000 hp, 250 mana
908: 141.0 dps, 4000 hp, 250 mana
909: 140.8 dps, 4000 hp, 250 mana
910: 140.7 dps, 4000 hp, 250 mana
911: 140.5 dps, 4000 hp, 250 mana
912: 140.4 dps, 4000 hp, 285 mana
913: 140.2 dps, 4000 hp, 285 mana
914: 140.0 dps, 4000 hp, 285 mana
915: 139.9 dps, 4000 hp, 285 mana
916: 139.7 dps, 4000 hp, 285 mana
917: 139.6 dps, 4000 hp, 285 mana
918: 139.4 dps, 4000 hp, 320 mana
919: 139.3 dps, 4000 hp, 320 mana
920: 139.1 dps, 4000 hp, 320 mana
921: 139.0 dps, 4000 hp, 320 mana
922: 138.8 dps, 4000 hp, 320 mana
923: 138.7 dps, 4000 hp, 320 mana
924: 138.5 dps, 4000 hp, 355 mana
925: 138.4 dps, 4000 hp, 355 mana
926: 138.2 dps, 4000 hp, 355 mana
927: 138.1 dps, 4000 hp, 355 mana
928: 137.9 dps, 4000 hp, 355 mana
929: 137.8 dps, 4000 hp, 355 mana
930: 137.6 dps, 4000 hp, 390 mana
931: 137.5 dps, 4000 hp, 390 mana
932: 137.3 dps, 4000 hp, 390 mana
933: 137.2 dps, 4000 hp, 390 mana
934: 137.0 dps, 4000 hp, 390 mana
935: 136.9 dps, 4000 hp, 390 mana
936: startcast CH
936: 136.8 dps, 4000 hp, 425 mana
937: 136.6 dps, 4000 hp, 425 mana
938: 136.5 dps, 4000 hp, 425 mana
939: 136.3 dps, 4000 hp, 425 mana
940: 136.2 dps, 4000 hp, 425 mana
941: 136.0 dps, 4000 hp, 425 mana
942: 135.9 dps, 4000 hp, 440 mana
943: 135.7 dps, 4000 hp, 440 mana
944: 135.6 dps, 4000 hp, 440 mana
945: 135.4 dps, 4000 hp, 440 mana
946: CH tick
946: finished casting CH
946: 139.5 dps, 4000 hp, 200 mana
947: 139.4 dps, 4000 hp, 200 mana
948: 139.2 dps, 4000 hp, 215 mana
949: 139.1 dps, 4000 hp, 215 mana
950: 138.9 dps, 4000 hp, 215 mana
951: 138.8 dps, 4000 hp, 215 mana
952: 138.7 dps, 4000 hp, 215 mana
953: 138.5 dps, 4000 hp, 215 mana
954: 138.4 dps, 4000 hp, 250 mana
955: 138.2 dps, 4000 hp, 250 mana
956: 138.1 dps, 4000 hp, 250 mana
957: 137.9 dps, 4000 hp, 250 mana
958: 137.8 dps, 4000 hp, 250 mana
959: 137.6 dps, 4000 hp, 250 mana
960: 137.5 dps, 4000 hp, 285 mana
961: 137.4 dps, 4000 hp, 285 mana
962: 137.2 dps, 4000 hp, 285 mana
963: 137.1 dps, 4000 hp, 285 mana
964: 136.9 dps, 4000 hp, 285 mana
965: 136.8 dps, 4000 hp, 285 mana
966: 136.6 dps, 4000 hp, 320 mana
967: 136.5 dps, 4000 hp, 320 mana
968: 136.4 dps, 4000 hp, 320 mana
969: 136.2 dps, 4000 hp, 320 mana
970: 136.1 dps, 4000 hp, 320 mana
971: 135.9 dps, 4000 hp, 320 mana
972: 135.8 dps, 4000 hp, 355 mana
973: 135.7 dps, 4000 hp, 355 mana
974: 135.5 dps, 4000 hp, 355 mana
975: 135.4 dps, 4000 hp, 355 mana
976: 135.2 dps, 4000 hp, 355 mana
977: 135.1 dps, 4000 hp, 355 mana
978: 135.0 dps, 4000 hp, 390 mana
979: 134.8 dps, 4000 hp, 390 mana
980: 134.7 dps, 4000 hp, 390 mana
981: 134.6 dps, 4000 hp, 390 mana
982: 134.4 dps, 4000 hp, 390 mana
983: 134.3 dps, 4000 hp, 390 mana
984: startcast CH
984: 134.1 dps, 4000 hp, 425 mana
985: 134.0 dps, 4000 hp, 425 mana
986: 133.9 dps, 4000 hp, 425 mana
987: 133.7 dps, 4000 hp, 425 mana
988: 133.6 dps, 4000 hp, 425 mana
989: 133.5 dps, 4000 hp, 425 mana
990: 133.3 dps, 4000 hp, 440 mana
991: 133.2 dps, 4000 hp, 440 mana
992: 133.1 dps, 4000 hp, 440 mana
993: 132.9 dps, 4000 hp, 440 mana
994: CH tick
994: finished casting CH
994: 136.8 dps, 4000 hp, 200 mana
995: 136.7 dps, 4000 hp, 200 mana
996: 136.5 dps, 4000 hp, 215 mana
997: 136.4 dps, 4000 hp, 215 mana
998: 136.3 dps, 4000 hp, 215 mana
999: 136.1 dps, 4000 hp, 215 mana
1000: 136.0 dps, 4000 hp, 215 mana
1001: 135.9 dps, 4000 hp, 215 mana
1002: 135.7 dps, 4000 hp, 250 mana
1003: 135.6 dps, 4000 hp, 250 mana
1004: 135.5 dps, 4000 hp, 250 mana
1005: 135.3 dps, 4000 hp, 250 mana
1006: 135.2 dps, 4000 hp, 250 mana
1007: 135.1 dps, 4000 hp, 250 mana
1008: 134.9 dps, 4000 hp, 285 mana
1009: 134.8 dps, 4000 hp, 285 mana
1010: 134.7 dps, 4000 hp, 285 mana
1011: 134.5 dps, 4000 hp, 285 mana
1012: 134.4 dps, 4000 hp, 285 mana
1013: 134.3 dps, 4000 hp, 285 mana
1014: 134.1 dps, 4000 hp, 320 mana
1015: 134.0 dps, 4000 hp, 320 mana
1016: 133.9 dps, 4000 hp, 320 mana
1017: 133.7 dps, 4000 hp, 320 mana
1018: 133.6 dps, 4000 hp, 320 mana
1019: 133.5 dps, 4000 hp, 320 mana
1020: 133.3 dps, 4000 hp, 355 mana
1021: 133.2 dps, 4000 hp, 355 mana
1022: 133.1 dps, 4000 hp, 355 mana
1023: 132.9 dps, 4000 hp, 355 mana
1024: 132.8 dps, 4000 hp, 355 mana
1025: 132.7 dps, 4000 hp, 355 mana
1026: 132.6 dps, 4000 hp, 390 mana
1027: 132.4 dps, 4000 hp, 390 mana
1028: 132.3 dps, 4000 hp, 390 mana
1029: 132.2 dps, 4000 hp, 390 mana
1030: 132.0 dps, 4000 hp, 390 mana
1031: 131.9 dps, 4000 hp, 390 mana
1032: startcast CH
1032: 131.8 dps, 4000 hp, 425 mana
1033: 131.7 dps, 4000 hp, 425 mana
1034: 131.5 dps, 4000 hp, 425 mana
1035: 131.4 dps, 4000 hp, 425 mana
1036: 131.3 dps, 4000 hp, 425 mana
1037: 131.1 dps, 4000 hp, 425 mana
1038: 131.0 dps, 4000 hp, 440 mana
1039: 130.9 dps, 4000 hp, 440 mana
1040: 130.8 dps, 4000 hp, 440 mana
1041: 130.6 dps, 4000 hp, 440 mana
1042: CH tick
1042: finished casting CH
1042: 134.4 dps, 4000 hp, 200 mana
1043: 134.2 dps, 4000 hp, 200 mana
1044: 134.1 dps, 4000 hp, 215 mana
1045: 134.0 dps, 4000 hp, 215 mana
1046: 133.8 dps, 4000 hp, 215 mana
1047: 133.7 dps, 4000 hp, 215 mana
1048: 133.6 dps, 4000 hp, 215 mana
1049: 133.5 dps, 4000 hp, 215 mana
1050: 133.3 dps, 4000 hp, 250 mana
1051: 133.2 dps, 4000 hp, 250 mana
1052: 133.1 dps, 4000 hp, 250 mana
1053: 133.0 dps, 4000 hp, 250 mana
1054: 132.8 dps, 4000 hp, 250 mana
1055: 132.7 dps, 4000 hp, 250 mana
1056: 132.6 dps, 4000 hp, 285 mana
1057: 132.5 dps, 4000 hp, 285 mana
1058: 132.3 dps, 4000 hp, 285 mana
1059: 132.2 dps, 4000 hp, 285 mana
1060: 132.1 dps, 4000 hp, 285 mana
1061: 132.0 dps, 4000 hp, 285 mana
1062: 131.8 dps, 4000 hp, 320 mana
1063: 131.7 dps, 4000 hp, 320 mana
1064: 131.6 dps, 4000 hp, 320 mana
1065: 131.5 dps, 4000 hp, 320 mana
1066: 131.3 dps, 4000 hp, 320 mana
1067: 131.2 dps, 4000 hp, 320 mana
1068: 131.1 dps, 4000 hp, 355 mana
1069: 131.0 dps, 4000 hp, 355 mana
1070: 130.8 dps, 4000 hp, 355 mana
1071: 130.7 dps, 4000 hp, 355 mana
1072: 130.6 dps, 4000 hp, 355 mana
1073: 130.5 dps, 4000 hp, 355 mana
1074: 130.4 dps, 4000 hp, 390 mana
1075: 130.2 dps, 4000 hp, 390 mana
1076: 130.1 dps, 4000 hp, 390 mana
1077: 130.0 dps, 4000 hp, 390 mana
1078: 129.9 dps, 4000 hp, 390 mana
1079: 129.7 dps, 4000 hp, 390 mana
1080: startcast CH
1080: 129.6 dps, 4000 hp, 425 mana
1081: 129.5 dps, 4000 hp, 425 mana
1082: 129.4 dps, 4000 hp, 425 mana
1083: 129.3 dps, 4000 hp, 425 mana
1084: 129.2 dps, 4000 hp, 425 mana
1085: 129.0 dps, 4000 hp, 425 mana
1086: 128.9 dps, 4000 hp, 440 mana
1087: 128.8 dps, 4000 hp, 440 mana
1088: 128.7 dps, 4000 hp, 440 mana
1089: 128.6 dps, 4000 hp, 440 mana
1090: CH tick
1090: finished casting CH
1090: 132.1 dps, 4000 hp, 200 mana
1091: 132.0 dps, 4000 hp, 200 mana
1092: 131.9 dps, 4000 hp, 215 mana
1093: 131.7 dps, 4000 hp, 215 mana
1094: 131.6 dps, 4000 hp, 215 mana
1095: 131.5 dps, 4000 hp, 215 mana
1096: 131.4 dps, 4000 hp, 215 mana
1097: 131.3 dps, 4000 hp, 215 mana
1098: 131.1 dps, 4000 hp, 250 mana
1099: 131.0 dps, 4000 hp, 250 mana
1100: 130.9 dps, 4000 hp, 250 mana
1101: 130.8 dps, 4000 hp, 250 mana
1102: 130.7 dps, 4000 hp, 250 mana
1103: 130.6 dps, 4000 hp, 250 mana
1104: 130.4 dps, 4000 hp, 285 mana
1105: 130.3 dps, 4000 hp, 285 mana
1106: 130.2 dps, 4000 hp, 285 mana
1107: 130.1 dps, 4000 hp, 285 mana
1108: 130.0 dps, 4000 hp, 285 mana
1109: 129.8 dps, 4000 hp, 285 mana
1110: 129.7 dps, 4000 hp, 320 mana
1111: 129.6 dps, 4000 hp, 320 mana
1112: 129.5 dps, 4000 hp, 320 mana
1113: 129.4 dps, 4000 hp, 320 mana
1114: 129.3 dps, 4000 hp, 320 mana
1115: 129.1 dps, 4000 hp, 320 mana
1116: 129.0 dps, 4000 hp, 355 mana
1117: 128.9 dps, 4000 hp, 355 mana
1118: 128.8 dps, 4000 hp, 355 mana
1119: 128.7 dps, 4000 hp, 355 mana
1120: 128.6 dps, 4000 hp, 355 mana
1121: 128.5 dps, 4000 hp, 355 mana
1122: 128.3 dps, 4000 hp, 390 mana
1123: 128.2 dps, 4000 hp, 390 mana
1124: 128.1 dps, 4000 hp, 390 mana
1125: 128.0 dps, 4000 hp, 390 mana
1126: 127.9 dps, 4000 hp, 390 mana
1127: 127.8 dps, 4000 hp, 390 mana
1128: startcast CH
1128: 127.7 dps, 4000 hp, 425 mana
1129: 127.5 dps, 4000 hp, 425 mana
1130: 127.4 dps, 4000 hp, 425 mana
1131: 127.3 dps, 4000 hp, 425 mana
1132: 127.2 dps, 4000 hp, 425 mana
1133: 127.1 dps, 4000 hp, 425 mana
1134: 127.0 dps, 4000 hp, 440 mana
1135: 126.9 dps, 4000 hp, 440 mana
1136: 126.8 dps, 4000 hp, 440 mana
1137: 126.6 dps, 4000 hp, 440 mana
1138: CH tick
1138: finished casting CH
1138: 130.1 dps, 4000 hp, 200 mana
1139: 129.9 dps, 4000 hp, 200 mana
1140: 129.8 dps, 4000 hp, 215 mana
1141: 129.7 dps, 4000 hp, 215 mana
1142: 129.6 dps, 4000 hp, 215 mana
1143: 129.5 dps, 4000 hp, 215 mana
1144: 129.4 dps, 4000 hp, 215 mana
1145: 129.3 dps, 4000 hp, 215 mana
1146: 129.1 dps, 4000 hp, 250 mana
1147: 129.0 dps, 4000 hp, 250 mana
1148: 128.9 dps, 4000 hp, 250 mana
1149: 128.8 dps, 4000 hp, 250 mana
1150: 128.7 dps, 4000 hp, 250 mana
1151: 128.6 dps, 4000 hp, 250 mana
1152: 128.5 dps, 4000 hp, 285 mana
1153: 128.4 dps, 4000 hp, 285 mana
1154: 128.2 dps, 4000 hp, 285 mana
1155: 128.1 dps, 4000 hp, 285 mana
1156: 128.0 dps, 4000 hp, 285 mana
1157: 127.9 dps, 4000 hp, 285 mana
1158: 127.8 dps, 4000 hp, 320 mana
1159: 127.7 dps, 4000 hp, 320 mana
1160: 127.6 dps, 4000 hp, 320 mana
1161: 127.5 dps, 4000 hp, 320 mana
1162: 127.4 dps, 4000 hp, 320 mana
1163: 127.3 dps, 4000 hp, 320 mana
1164: 127.1 dps, 4000 hp, 355 mana
1165: 127.0 dps, 4000 hp, 355 mana
1166: 126.9 dps, 4000 hp, 355 mana
1167: 126.8 dps, 4000 hp, 355 mana
1168: 126.7 dps, 4000 hp, 355 mana
1169: 126.6 dps, 4000 hp, 355 mana
1170: 126.5 dps, 4000 hp, 390 mana
1171: 126.4 dps, 4000 hp, 390 mana
1172: 126.3 dps, 4000 hp, 390 mana
1173: 126.2 dps, 4000 hp, 390 mana
1174: 126.1 dps, 4000 hp, 390 mana
1175: 126.0 dps, 4000 hp, 390 mana
1176: startcast CH
1176: 125.9 dps, 4000 hp, 425 mana
1177: 125.7 dps, 4000 hp, 425 mana
1178: 125.6 dps, 4000 hp, 425 mana
1179: 125.5 dps, 4000 hp, 425 mana
1180: 125.4 dps, 4000 hp, 425 mana
1181: 125.3 dps, 4000 hp, 425 mana
1182: 125.2 dps, 4000 hp, 440 mana
1183: 125.1 dps, 4000 hp, 440 mana
1184: 125.0 dps, 4000 hp, 440 mana
1185: 124.9 dps, 4000 hp, 440 mana
1186: CH tick
1186: finished casting CH
1186: 128.2 dps, 4000 hp, 200 mana
1187: 128.1 dps, 4000 hp, 200 mana
1188: 127.9 dps, 4000 hp, 215 mana
1189: 127.8 dps, 4000 hp, 215 mana
1190: 127.7 dps, 4000 hp, 215 mana
1191: 127.6 dps, 4000 hp, 215 mana
1192: 127.5 dps, 4000 hp, 215 mana
1193: 127.4 dps, 4000 hp, 215 mana
1194: 127.3 dps, 4000 hp, 250 mana
1195: 127.2 dps, 4000 hp, 250 mana
1196: 127.1 dps, 4000 hp, 250 mana
1197: 127.0 dps, 4000 hp, 250 mana
1198: 126.9 dps, 4000 hp, 250 mana
1199: 126.8 dps, 4000 hp, 250 mana
1200: 126.7 dps, 4000 hp, 285 mana
