1: startcast iceblast
1: 0.0 dps, 4000 hp, 4000 mana
2: 0.0 dps, 4000 hp, 4000 mana
3: 0.0 dps, 4000 hp, 4000 mana
4: 0.0 dps, 4000 hp, 4000 mana
5: 0.0 dps, 4000 hp, 4000 mana
6: 0.0 dps, 4000 hp, 4000 mana
7: iceblast tick
7: finished casting iceblast
7: 113.5 dps, 4000 hp, 3787.5 mana
8: 99.3 dps, 4000 hp, 3787.5 mana
9: 88.3 dps, 4000 hp, 3787.5 mana
10: startcast iceblast
10: 79.4 dps, 4000 hp, 3787.5 mana
11: 72.2 dps, 4000 hp, 3787.5 mana
12: 66.2 dps, 4000 hp, 3796.5 mana
13: 61.1 dps, 4000 hp, 3796.5 mana
14: 56.7 dps, 4000 hp, 3796.5 mana
15: 53.0 dps, 4000 hp, 3796.5 mana
16: iceblast tick
16: finished casting iceblast
16: 99.3 dps, 4000 hp, 3584 mana
17: 93.5 dps, 4000 hp, 3584 mana
18: 88.3 dps, 4000 hp, 3593 mana
19: startcast iceblast
19: 83.6 dps, 4000 hp, 3593 mana
20: 79.4 dps, 4000 hp, 3593 mana
21: 75.7 dps, 4000 hp, 3593 mana
22: 72.2 dps, 4000 hp, 3593 mana
23: 69.1 dps, 4000 hp, 3593 mana
24: 66.2 dps, 4000 hp, 3602 mana
25: iceblast tick
25: finished casting iceblast
25: 95.3 dps, 4000 hp, 3389.5 mana
26: 91.7 dps, 4000 hp, 3389.5 mana
27: 88.3 dps, 4000 hp, 3389.5 mana
28: startcast iceblast
28: 85.1 dps, 4000 hp, 3389.5 mana
29: 82.2 dps, 4000 hp, 3389.5 mana
30: 79.4 dps, 4000 hp, 3398.5 mana
31: 76.9 dps, 4000 hp, 3398.5 mana
32: 74.5 dps, 4000 hp, 3398.5 mana
33: 72.2 dps, 4000 hp, 3398.5 mana
34: iceblast tick
34: finished casting iceblast
34: 93.5 dps, 4000 hp, 3186 mana
35: 90.8 dps, 4000 hp, 3186 mana
36: 88.3 dps, 4000 hp, 3195 mana
37: startcast iceblast
37: 85.9 dps, 4000 hp, 3195 mana
38: 83.6 dps, 4000 hp, 3195 mana
39: 81.5 dps, 4000 hp, 3195 mana
40: 79.4 dps, 4000 hp, 3195 mana
41: 77.5 dps, 4000 hp, 3195 mana
42: 75.7 dps, 4000 hp, 3204 mana
43: iceblast tick
43: finished casting iceblast
43: 92.4 dps, 4000 hp, 2991.5 mana
44: 90.3 dps, 4000 hp, 2991.5 mana
45: 88.3 dps, 4000 hp, 2991.5 mana
46: startcast iceblast
46: 86.4 dps, 4000 hp, 2991.5 mana
47: 84.5 dps, 4000 hp, 2991.5 mana
48: 82.8 dps, 4000 hp, 3000.5 mana
49: 81.1 dps, 4000 hp, 3000.5 mana
50: 79.4 dps, 4000 hp, 3000.5 mana
51: 77.9 dps, 4000 hp, 3000.5 mana
52: iceblast tick
52: finished casting iceblast
52: 91.7 dps, 4000 hp, 2788 mana
53: 89.9 dps, 4000 hp, 2788 mana
54: 88.3 dps, 4000 hp, 2797 mana
55: startcast iceblast
55: 86.7 dps, 4000 hp, 2797 mana
56: 85.1 dps, 4000 hp, 2797 mana
57: 83.6 dps, 4000 hp, 2797 mana
58: 82.2 dps, 4000 hp, 2797 mana
59: 80.8 dps, 4000 hp, 2797 mana
60: 79.4 dps, 4000 hp, 2806 mana
61: iceblast tick
61: finished casting iceblast
61: 91.2 dps, 4000 hp, 2593.5 mana
62: 89.7 dps, 4000 hp, 2593.5 mana
63: 88.3 dps, 4000 hp, 2593.5 mana
64: cann5 tick
64: finished casting cann5
64: startcast cann5
64: 86.9 dps, 2076 hp, 3659.5 mana
65: startcast iceblast
65: 85.6 dps, 2076 hp, 3659.5 mana
66: 84.3 dps, 2095 hp, 3668.5 mana
67: 83.0 dps, 2095 hp, 3668.5 mana
68: 81.8 dps, 2095 hp, 3668.5 mana
69: 80.6 dps, 2095 hp, 3668.5 mana
70: 79.4 dps, 2095 hp, 3668.5 mana
71: iceblast tick
71: finished casting iceblast
71: 89.5 dps, 2095 hp, 3456 mana
72: 88.3 dps, 2114 hp, 3465 mana
73: 87.1 dps, 2114 hp, 3465 mana
74: startcast iceblast
74: 85.9 dps, 2114 hp, 3465 mana
75: 84.7 dps, 2114 hp, 3465 mana
76: 83.6 dps, 2114 hp, 3465 mana
77: 82.5 dps, 2114 hp, 3465 mana
78: 81.5 dps, 2133 hp, 3474 mana
79: 80.5 dps, 2133 hp, 3474 mana
80: iceblast tick
80: finished casting iceblast
80: 89.4 dps, 2133 hp, 3261.5 mana
81: 88.3 dps, 2133 hp, 3261.5 mana
82: 87.2 dps, 2133 hp, 3261.5 mana
83: startcast iceblast
83: 86.1 dps, 2133 hp, 3261.5 mana
84: 85.1 dps, 2152 hp, 3270.5 mana
85: 84.1 dps, 2152 hp, 3270.5 mana
86: 83.1 dps, 2152 hp, 3270.5 mana
87: 82.2 dps, 2152 hp, 3270.5 mana
88: 81.3 dps, 2152 hp, 3270.5 mana
89: iceblast tick
89: finished casting iceblast
89: 89.3 dps, 2152 hp, 3058 mana
90: 88.3 dps, 2171 hp, 3067 mana
91: 87.3 dps, 2171 hp, 3067 mana
92: startcast iceblast
92: 86.4 dps, 2171 hp, 3067 mana
93: 85.4 dps, 2171 hp, 3067 mana
94: 84.5 dps, 2171 hp, 3067 mana
95: 83.6 dps, 2171 hp, 3067 mana
96: 82.8 dps, 2190 hp, 3076 mana
97: 81.9 dps, 2190 hp, 3076 mana
98: iceblast tick
98: finished casting iceblast
98: 89.2 dps, 2190 hp, 2863.5 mana
99: 88.3 dps, 2190 hp, 2863.5 mana
100: 87.4 dps, 2190 hp, 2863.5 mana
101: startcast iceblast
101: 86.5 dps, 2190 hp, 2863.5 mana
102: 85.7 dps, 2209 hp, 2872.5 mana
103: 84.8 dps, 2209 hp, 2872.5 mana
104: 84.0 dps, 2209 hp, 2872.5 mana
105: 83.2 dps, 2209 hp, 2872.5 mana
106: 82.4 dps, 2209 hp, 2872.5 mana
107: iceblast tick
107: finished casting iceblast
107: 89.1 dps, 2209 hp, 2660 mana
108: 88.3 dps, 2228 hp, 2669 mana
109: 87.5 dps, 2228 hp, 2669 mana
110: startcast iceblast
110: 86.7 dps, 2228 hp, 2669 mana
111: 85.9 dps, 2228 hp, 2669 mana
112: 85.1 dps, 2228 hp, 2669 mana
113: 84.4 dps, 2228 hp, 2669 mana
114: 83.6 dps, 2247 hp, 2678 mana
115: 82.9 dps, 2247 hp, 2678 mana
116: iceblast tick
116: finished casting iceblast
116: 89.0 dps, 2247 hp, 2465.5 mana
117: 88.3 dps, 2247 hp, 2465.5 mana
118: 87.5 dps, 2247 hp, 2465.5 mana
119: startcast iceblast
119: 86.8 dps, 2247 hp, 2465.5 mana
120: 86.1 dps, 2266 hp, 2474.5 mana
121: 85.4 dps, 2266 hp, 2474.5 mana
122: 84.7 dps, 2266 hp, 2474.5 mana
123: 84.0 dps, 2266 hp, 2474.5 mana
124: 83.3 dps, 2266 hp, 2474.5 mana
125: iceblast tick
125: finished casting iceblast
125: 89.0 dps, 2266 hp, 2262 mana
126: 88.3 dps, 2285 hp, 2271 mana
127: 87.6 dps, 2285 hp, 2271 mana
128: startcast iceblast
128: 86.9 dps, 2285 hp, 2271 mana
129: 86.2 dps, 2285 hp, 2271 mana
130: 85.6 dps, 2285 hp, 2271 mana
131: 84.9 dps, 2285 hp, 2271 mana
132: 84.3 dps, 2304 hp, 2280 mana
133: 83.6 dps, 2304 hp, 2280 mana
134: iceblast tick
134: finished casting iceblast
134: 88.9 dps, 2304 hp, 2067.5 mana
135: 88.3 dps, 2304 hp, 2067.5 mana
136: 87.6 dps, 2304 hp, 2067.5 mana
137: startcast iceblast
137: 87.0 dps, 2304 hp, 2067.5 mana
138: 86.4 dps, 2323 hp, 2076.5 mana
139: 85.7 dps, 2323 hp, 2076.5 mana
140: 85.1 dps, 2323 hp, 2076.5 mana
141: 84.5 dps, 2323 hp, 2076.5 mana
142: 83.9 dps, 2323 hp, 2076.5 mana
143: iceblast tick
143: finished casting iceblast
143: 88.9 dps, 2323 hp, 1864 mana
144: 88.3 dps, 2342 hp, 1873 mana
145: 87.7 dps, 2342 hp, 1873 mana
146: startcast iceblast
146: 87.1 dps, 2342 hp, 1873 mana
147: 86.5 dps, 2342 hp, 1873 mana
148: 85.9 dps, 2342 hp, 1873 mana
149: 85.3 dps, 2342 hp, 1873 mana
150: 84.7 dps, 2361 hp, 1882 mana
151: 84.2 dps, 2361 hp, 1882 mana
152: iceblast tick
152: finished casting iceblast
152: 88.9 dps, 2361 hp, 1669.5 mana
153: 88.3 dps, 2361 hp, 1669.5 mana
154: 87.7 dps, 2361 hp, 1669.5 mana
155: startcast iceblast
155: 87.1 dps, 2361 hp, 1669.5 mana
156: 86.6 dps, 2380 hp, 1678.5 mana
157: 86.0 dps, 2380 hp, 1678.5 mana
158: 85.5 dps, 2380 hp, 1678.5 mana
159: 84.9 dps, 2380 hp, 1678.5 mana
160: 84.4 dps, 2380 hp, 1678.5 mana
161: iceblast tick
161: finished casting iceblast
161: 88.8 dps, 2380 hp, 1466 mana
162: 88.3 dps, 2399 hp, 1475 mana
163: 87.7 dps, 2399 hp, 1475 mana
164: startcast iceblast
164: 87.2 dps, 2399 hp, 1475 mana
165: 86.7 dps, 2399 hp, 1475 mana
166: 86.1 dps, 2399 hp, 1475 mana
167: 85.6 dps, 2399 hp, 1475 mana
168: 85.1 dps, 2418 hp, 1484 mana
169: 84.6 dps, 2418 hp, 1484 mana
170: iceblast tick
170: finished casting iceblast
170: 88.8 dps, 2418 hp, 1271.5 mana
171: 88.3 dps, 2418 hp, 1271.5 mana
172: 87.8 dps, 2418 hp, 1271.5 mana
173: startcast iceblast
173: 87.3 dps, 2418 hp, 1271.5 mana
174: 86.8 dps, 2437 hp, 1280.5 mana
175: 86.3 dps, 2437 hp, 1280.5 mana
176: 85.8 dps, 2437 hp, 1280.5 mana
177: 85.3 dps, 2437 hp, 1280.5 mana
178: 84.8 dps, 2437 hp, 1280.5 mana
179: iceblast tick
179: finished casting iceblast
179: 88.8 dps, 2437 hp, 1068 mana
180: 88.3 dps, 2456 hp, 1077 mana
181: 87.8 dps, 2456 hp, 1077 mana
182: startcast iceblast
182: 87.3 dps, 2456 hp, 1077 mana
183: 86.8 dps, 2456 hp, 1077 mana
184: 86.4 dps, 2456 hp, 1077 mana
185: 85.9 dps, 2456 hp, 1077 mana
186: 85.4 dps, 2475 hp, 1086 mana
187: 85.0 dps, 2475 hp, 1086 mana
188: iceblast tick
188: finished casting iceblast
188: 88.7 dps, 2475 hp, 873.5 mana
189: 88.3 dps, 2475 hp, 873.5 mana
190: 87.8 dps, 2475 hp, 873.5 mana
191: startcast iceblast
191: 87.4 dps, 2475 hp, 873.5 mana
192: 86.9 dps, 2494 hp, 882.5 mana
193: 86.4 dps, 2494 hp, 882.5 mana
194: 86.0 dps, 2494 hp, 882.5 mana
195: 85.6 dps, 2494 hp, 882.5 mana
196: 85.1 dps, 2494 hp, 882.5 mana
197: iceblast tick
197: finished casting iceblast
197: 88.7 dps, 2494 hp, 670 mana
198: 88.3 dps, 2513 hp, 679 mana
199: 87.8 dps, 2513 hp, 679 mana
200: startcast iceblast
200: 87.4 dps, 2513 hp, 679 mana
201: 87.0 dps, 2513 hp, 679 mana
202: 86.5 dps, 2513 hp, 679 mana
203: 86.1 dps, 2513 hp, 679 mana
204: 85.7 dps, 2532 hp, 688 mana
205: 85.3 dps, 2532 hp, 688 mana
206: iceblast tick
206: finished casting iceblast
206: 88.7 dps, 2532 hp, 475.5 mana
207: 88.3 dps, 2532 hp, 475.5 mana
208: 87.9 dps, 2532 hp, 475.5 mana
209: startcast iceblast
209: 87.4 dps, 2532 hp, 475.5 mana
210: 87.0 dps, 2551 hp, 484.5 mana
211: 86.6 dps, 2551 hp, 484.5 mana
212: 86.2 dps, 2551 hp, 484.5 mana
213: 85.8 dps, 2551 hp, 484.5 mana
214: 85.4 dps, 2551 hp, 484.5 mana
215: iceblast tick
215: finished casting iceblast
215: 88.7 dps, 2551 hp, 272 mana
216: 88.3 dps, 2570 hp, 281 mana
217: 87.9 dps, 2570 hp, 281 mana
218: startcast iceblast
218: 87.5 dps, 2570 hp, 281 mana
219: 87.1 dps, 2570 hp, 281 mana
220: 86.7 dps, 2570 hp, 281 mana
221: 86.3 dps, 2570 hp, 281 mana
222: 85.9 dps, 2589 hp, 290 mana
223: 85.5 dps, 2589 hp, 290 mana
224: iceblast tick
224: finished casting iceblast
224: 88.7 dps, 2589 hp, 77.5 mana
225: 88.3 dps, 2589 hp, 77.5 mana
226: 87.9 dps, 2589 hp, 77.5 mana
227: startcast cann4
227: 87.5 dps, 2589 hp, 77.5 mana
228: 87.1 dps, 2608 hp, 86.5 mana
229: 86.7 dps, 2608 hp, 86.5 mana
230: cann4 tick
230: finished casting cann4
230: 86.4 dps, 2460 hp, 168.5 mana
231: 86.0 dps, 2460 hp, 168.5 mana
232: startcast cann4
232: 85.6 dps, 2460 hp, 168.5 mana
233: 85.2 dps, 2460 hp, 168.5 mana
234: 84.9 dps, 2479 hp, 177.5 mana
235: cann4 tick
235: finished casting cann4
235: 84.5 dps, 2331 hp, 259.5 mana
236: 84.2 dps, 2331 hp, 259.5 mana
237: startcast iceblast
237: 83.8 dps, 2331 hp, 259.5 mana
238: 83.5 dps, 2331 hp, 259.5 mana
239: 83.1 dps, 2331 hp, 259.5 mana
240: 82.8 dps, 2350 hp, 268.5 mana
241: 82.4 dps, 2350 hp, 268.5 mana
242: 82.1 dps, 2350 hp, 268.5 mana
243: iceblast tick
243: finished casting iceblast
243: 85.0 dps, 2350 hp, 56 mana
244: 84.7 dps, 2350 hp, 56 mana
245: 84.3 dps, 2350 hp, 56 mana
246: cann5 tick
246: finished casting cann5
246: startcast cann5
246: 84.0 dps, 445 hp, 1131 mana
247: startcast torpor
247: 83.6 dps, 445 hp, 1131 mana
248: 83.3 dps, 445 hp, 1131 mana
249: 83.0 dps, 445 hp, 1131 mana
250: 82.6 dps, 445 hp, 1131 mana
251: finished casting torpor
251: 82.3 dps, 445 hp, 961 mana
252: torpor tick
252: 82.0 dps, 764 hp, 970 mana
253: 81.6 dps, 764 hp, 970 mana
254: startcast iceblast
254: 81.3 dps, 764 hp, 970 mana
255: 81.0 dps, 764 hp, 970 mana
256: 80.7 dps, 764 hp, 970 mana
257: 80.4 dps, 764 hp, 970 mana
258: torpor tick
258: 80.1 dps, 1083 hp, 979 mana
259: 79.8 dps, 1083 hp, 979 mana
260: iceblast tick
260: finished casting iceblast
260: 82.5 dps, 1083 hp, 766.5 mana
261: 82.2 dps, 1083 hp, 766.5 mana
262: 81.9 dps, 1083 hp, 766.5 mana
263: startcast iceblast
263: 81.6 dps, 1083 hp, 766.5 mana
264: torpor tick
264: 81.3 dps, 1402 hp, 775.5 mana
265: 80.9 dps, 1402 hp, 775.5 mana
266: 80.6 dps, 1402 hp, 775.5 mana
267: 80.3 dps, 1402 hp, 775.5 mana
268: 80.0 dps, 1402 hp, 775.5 mana
269: iceblast tick
269: finished casting iceblast
269: 82.7 dps, 1402 hp, 563 mana
270: torpor tick
270: 82.4 dps, 1721 hp, 572 mana
271: 82.1 dps, 1721 hp, 572 mana
272: startcast iceblast
272: 81.8 dps, 1721 hp, 572 mana
273: 81.5 dps, 1721 hp, 572 mana
274: 81.2 dps, 1721 hp, 572 mana
275: 80.9 dps, 1721 hp, 572 mana
276: torpor tick
276: 80.6 dps, 2040 hp, 581 mana
277: 80.3 dps, 2040 hp, 581 mana
278: iceblast tick
278: finished casting iceblast
278: 82.9 dps, 2040 hp, 368.5 mana
279: 82.6 dps, 2040 hp, 368.5 mana
280: 82.3 dps, 2040 hp, 368.5 mana
281: startcast iceblast
281: 82.0 dps, 2040 hp, 368.5 mana
282: torpor tick
282: 81.7 dps, 2359 hp, 377.5 mana
283: 81.4 dps, 2359 hp, 377.5 mana
284: 81.1 dps, 2359 hp, 377.5 mana
285: 80.8 dps, 2359 hp, 377.5 mana
286: 80.6 dps, 2359 hp, 377.5 mana
287: iceblast tick
287: finished casting iceblast
287: 83.0 dps, 2359 hp, 165 mana
288: 82.8 dps, 2378 hp, 174 mana
289: 82.5 dps, 2378 hp, 174 mana
290: startcast cann4
290: 82.2 dps, 2378 hp, 174 mana
291: 81.9 dps, 2378 hp, 174 mana
292: 81.6 dps, 2378 hp, 174 mana
293: cann4 tick
293: finished casting cann4
293: 81.3 dps, 2230 hp, 256 mana
294: 81.1 dps, 2249 hp, 265 mana
295: startcast iceblast
295: 80.8 dps, 2249 hp, 265 mana
296: 80.5 dps, 2249 hp, 265 mana
297: 80.2 dps, 2249 hp, 265 mana
298: 80.0 dps, 2249 hp, 265 mana
299: 79.7 dps, 2249 hp, 265 mana
300: 79.4 dps, 2268 hp, 274 mana
301: iceblast tick
301: finished casting iceblast
301: 81.8 dps, 2268 hp, 61.5 mana
302: 81.6 dps, 2268 hp, 61.5 mana
303: 81.3 dps, 2268 hp, 61.5 mana
304: startcast cann4
304: 81.0 dps, 2268 hp, 61.5 mana
305: 80.7 dps, 2268 hp, 61.5 mana
306: 80.5 dps, 2287 hp, 70.5 mana
307: cann4 tick
307: finished casting cann4
307: 80.2 dps, 2139 hp, 152.5 mana
308: 80.0 dps, 2139 hp, 152.5 mana
309: startcast cann4
309: 79.7 dps, 2139 hp, 152.5 mana
310: 79.4 dps, 2139 hp, 152.5 mana
311: 79.2 dps, 2139 hp, 152.5 mana
312: cann4 tick
312: finished casting cann4
312: 78.9 dps, 2010 hp, 243.5 mana
313: 78.7 dps, 2010 hp, 243.5 mana
314: startcast cann4
314: 78.4 dps, 2010 hp, 243.5 mana
315: 78.2 dps, 2010 hp, 243.5 mana
316: 77.9 dps, 2010 hp, 243.5 mana
317: cann4 tick
317: finished casting cann4
317: 77.7 dps, 1862 hp, 325.5 mana
318: 77.4 dps, 1881 hp, 334.5 mana
319: startcast torpor
319: 77.2 dps, 1881 hp, 334.5 mana
320: 77.0 dps, 1881 hp, 334.5 mana
321: 76.7 dps, 1881 hp, 334.5 mana
322: 76.5 dps, 1881 hp, 334.5 mana
323: finished casting torpor
323: 76.2 dps, 1881 hp, 164.5 mana
324: torpor tick
324: 76.0 dps, 2200 hp, 173.5 mana
325: 75.8 dps, 2200 hp, 173.5 mana
326: startcast cann4
326: 75.5 dps, 2200 hp, 173.5 mana
327: 75.3 dps, 2200 hp, 173.5 mana
328: 75.1 dps, 2200 hp, 173.5 mana
329: cann4 tick
329: finished casting cann4
329: 74.9 dps, 2052 hp, 255.5 mana
330: torpor tick
330: 74.6 dps, 2371 hp, 264.5 mana
331: startcast iceblast
331: 74.4 dps, 2371 hp, 264.5 mana
332: 74.2 dps, 2371 hp, 264.5 mana
333: 74.0 dps, 2371 hp, 264.5 mana
334: 73.7 dps, 2371 hp, 264.5 mana
335: 73.5 dps, 2371 hp, 264.5 mana
336: torpor tick
336: 73.3 dps, 2690 hp, 273.5 mana
337: iceblast tick
337: finished casting iceblast
337: 75.4 dps, 2690 hp, 61 mana
338: 75.2 dps, 2690 hp, 61 mana
339: 75.0 dps, 2690 hp, 61 mana
340: startcast cann4
340: 74.8 dps, 2690 hp, 61 mana
341: 74.6 dps, 2690 hp, 61 mana
342: torpor tick
342: 74.3 dps, 3009 hp, 70 mana
343: cann4 tick
343: finished casting cann4
343: 74.1 dps, 2861 hp, 152 mana
344: 73.9 dps, 2861 hp, 152 mana
345: startcast cann4
345: 73.7 dps, 2861 hp, 152 mana
346: 73.5 dps, 2861 hp, 152 mana
347: 73.3 dps, 2861 hp, 152 mana
348: torpor tick
348: cann4 tick
348: finished casting cann4
348: 73.1 dps, 3032 hp, 243 mana
349: 72.8 dps, 3032 hp, 243 mana
350: startcast cann4
350: 72.6 dps, 3032 hp, 243 mana
351: 72.4 dps, 3032 hp, 243 mana
352: 72.2 dps, 3032 hp, 243 mana
353: cann4 tick
353: finished casting cann4
353: 72.0 dps, 2884 hp, 325 mana
354: torpor tick
354: 71.8 dps, 3203 hp, 334 mana
355: startcast iceblast
355: 71.6 dps, 3203 hp, 334 mana
356: 71.4 dps, 3203 hp, 334 mana
357: 71.2 dps, 3203 hp, 334 mana
358: 71.0 dps, 3203 hp, 334 mana
359: 70.8 dps, 3203 hp, 334 mana
360: 70.6 dps, 3222 hp, 343 mana
361: iceblast tick
361: finished casting iceblast
361: 72.6 dps, 3222 hp, 130.5 mana
362: 72.4 dps, 3222 hp, 130.5 mana
363: 72.2 dps, 3222 hp, 130.5 mana
364: startcast cann4
364: 72.0 dps, 3222 hp, 130.5 mana
365: 71.8 dps, 3222 hp, 130.5 mana
366: 71.6 dps, 3241 hp, 139.5 mana
367: cann4 tick
367: finished casting cann4
367: 71.4 dps, 3093 hp, 221.5 mana
368: 71.2 dps, 3093 hp, 221.5 mana
369: startcast cann4
369: 71.1 dps, 3093 hp, 221.5 mana
370: 70.9 dps, 3093 hp, 221.5 mana
371: 70.7 dps, 3093 hp, 221.5 mana
372: cann4 tick
372: finished casting cann4
372: 70.5 dps, 2964 hp, 312.5 mana
373: 70.3 dps, 2964 hp, 312.5 mana
374: startcast iceblast
374: 70.1 dps, 2964 hp, 312.5 mana
375: 69.9 dps, 2964 hp, 312.5 mana
376: 69.7 dps, 2964 hp, 312.5 mana
377: 69.5 dps, 2964 hp, 312.5 mana
378: 69.4 dps, 2983 hp, 321.5 mana
379: 69.2 dps, 2983 hp, 321.5 mana
380: iceblast tick
380: finished casting iceblast
380: 71.1 dps, 2983 hp, 109 mana
381: 70.9 dps, 2983 hp, 109 mana
382: 70.7 dps, 2983 hp, 109 mana
383: startcast cann4
383: 70.5 dps, 2983 hp, 109 mana
384: 70.3 dps, 3002 hp, 118 mana
385: 70.2 dps, 3002 hp, 118 mana
386: cann4 tick
386: finished casting cann4
386: 70.0 dps, 2854 hp, 200 mana
387: 69.8 dps, 2854 hp, 200 mana
388: startcast cann4
388: 69.6 dps, 2854 hp, 200 mana
389: 69.4 dps, 2854 hp, 200 mana
390: 69.3 dps, 2873 hp, 209 mana
391: cann4 tick
391: finished casting cann4
391: 69.1 dps, 2725 hp, 291 mana
392: 68.9 dps, 2725 hp, 291 mana
393: startcast iceblast
393: 68.7 dps, 2725 hp, 291 mana
394: 68.6 dps, 2725 hp, 291 mana
395: 68.4 dps, 2725 hp, 291 mana
396: 68.2 dps, 2744 hp, 300 mana
397: 68.0 dps, 2744 hp, 300 mana
398: 67.9 dps, 2744 hp, 300 mana
399: iceblast tick
399: finished casting iceblast
399: 69.7 dps, 2744 hp, 87.5 mana
400: 69.5 dps, 2744 hp, 87.5 mana
401: 69.3 dps, 2744 hp, 87.5 mana
402: startcast cann4
402: 69.2 dps, 2763 hp, 96.5 mana
403: 69.0 dps, 2763 hp, 96.5 mana
404: 68.8 dps, 2763 hp, 96.5 mana
405: cann4 tick
405: finished casting cann4
405: 68.7 dps, 2615 hp, 178.5 mana
406: 68.5 dps, 2615 hp, 178.5 mana
407: startcast cann4
407: 68.3 dps, 2615 hp, 178.5 mana
408: 68.2 dps, 2634 hp, 187.5 mana
409: 68.0 dps, 2634 hp, 187.5 mana
410: cann4 tick
410: finished casting cann4
410: 67.8 dps, 2486 hp, 269.5 mana
411: 67.7 dps, 2486 hp, 269.5 mana
412: startcast iceblast
412: 67.5 dps, 2486 hp, 269.5 mana
413: 67.3 dps, 2486 hp, 269.5 mana
414: 67.2 dps, 2505 hp, 278.5 mana
415: 67.0 dps, 2505 hp, 278.5 mana
416: 66.8 dps, 2505 hp, 278.5 mana
417: 66.7 dps, 2505 hp, 278.5 mana
418: iceblast tick
418: finished casting iceblast
418: 68.4 dps, 2505 hp, 66 mana
419: 68.3 dps, 2505 hp, 66 mana
420: 68.1 dps, 2524 hp, 75 mana
421: startcast cann4
421: 67.9 dps, 2524 hp, 75 mana
422: 67.8 dps, 2524 hp, 75 mana
423: 67.6 dps, 2524 hp, 75 mana
424: cann4 tick
424: finished casting cann4
424: 67.5 dps, 2376 hp, 157 mana
425: 67.3 dps, 2376 hp, 157 mana
426: cann5 tick
426: finished casting cann5
426: startcast cann5
426: 67.1 dps, 471 hp, 1232 mana
427: startcast torpor
427: 67.0 dps, 471 hp, 1232 mana
428: 66.8 dps, 471 hp, 1232 mana
429: 66.7 dps, 471 hp, 1232 mana
430: 66.5 dps, 471 hp, 1232 mana
431: finished casting torpor
431: 66.4 dps, 471 hp, 1062 mana
432: torpor tick
432: 66.2 dps, 790 hp, 1071 mana
433: 66.1 dps, 790 hp, 1071 mana
434: startcast iceblast
434: 65.9 dps, 790 hp, 1071 mana
435: 65.7 dps, 790 hp, 1071 mana
436: 65.6 dps, 790 hp, 1071 mana
437: 65.4 dps, 790 hp, 1071 mana
438: torpor tick
438: 65.3 dps, 1109 hp, 1080 mana
439: 65.2 dps, 1109 hp, 1080 mana
440: iceblast tick
440: finished casting iceblast
440: 66.8 dps, 1109 hp, 867.5 mana
441: 66.7 dps, 1109 hp, 867.5 mana
442: 66.5 dps, 1109 hp, 867.5 mana
443: startcast iceblast
443: 66.4 dps, 1109 hp, 867.5 mana
444: torpor tick
444: 66.2 dps, 1428 hp, 876.5 mana
445: 66.1 dps, 1428 hp, 876.5 mana
446: 65.9 dps, 1428 hp, 876.5 mana
447: 65.8 dps, 1428 hp, 876.5 mana
448: 65.6 dps, 1428 hp, 876.5 mana
449: iceblast tick
449: finished casting iceblast
449: 67.2 dps, 1428 hp, 664 mana
450: torpor tick
450: 67.1 dps, 1747 hp, 673 mana
451: 66.9 dps, 1747 hp, 673 mana
452: startcast iceblast
452: 66.8 dps, 1747 hp, 673 mana
453: 66.6 dps, 1747 hp, 673 mana
454: 66.5 dps, 1747 hp, 673 mana
455: 66.4 dps, 1747 hp, 673 mana
456: torpor tick
456: 66.2 dps, 2066 hp, 682 mana
457: 66.1 dps, 2066 hp, 682 mana
458: iceblast tick
458: finished casting iceblast
458: 67.7 dps, 2066 hp, 469.5 mana
459: 67.5 dps, 2066 hp, 469.5 mana
460: 67.4 dps, 2066 hp, 469.5 mana
461: startcast iceblast
461: 67.2 dps, 2066 hp, 469.5 mana
462: torpor tick
462: 67.1 dps, 2385 hp, 478.5 mana
463: 66.9 dps, 2385 hp, 478.5 mana
464: 66.8 dps, 2385 hp, 478.5 mana
465: 66.6 dps, 2385 hp, 478.5 mana
466: 66.5 dps, 2385 hp, 478.5 mana
467: iceblast tick
467: finished casting iceblast
467: 68.0 dps, 2385 hp, 266 mana
468: 67.9 dps, 2404 hp, 275 mana
469: 67.8 dps, 2404 hp, 275 mana
470: startcast iceblast
470: 67.6 dps, 2404 hp, 275 mana
471: 67.5 dps, 2404 hp, 275 mana
472: 67.3 dps, 2404 hp, 275 mana
473: 67.2 dps, 2404 hp, 275 mana
474: 67.0 dps, 2423 hp, 284 mana
475: 66.9 dps, 2423 hp, 284 mana
476: iceblast tick
476: finished casting iceblast
476: 68.4 dps, 2423 hp, 71.5 mana
477: 68.3 dps, 2423 hp, 71.5 mana
478: 68.1 dps, 2423 hp, 71.5 mana
479: startcast cann4
479: 68.0 dps, 2423 hp, 71.5 mana
480: 67.9 dps, 2442 hp, 80.5 mana
481: 67.7 dps, 2442 hp, 80.5 mana
482: cann4 tick
482: finished casting cann4
482: 67.6 dps, 2294 hp, 162.5 mana
483: 67.4 dps, 2294 hp, 162.5 mana
484: startcast cann4
484: 67.3 dps, 2294 hp, 162.5 mana
485: 67.2 dps, 2294 hp, 162.5 mana
486: 67.0 dps, 2313 hp, 171.5 mana
487: cann4 tick
487: finished casting cann4
487: 66.9 dps, 2165 hp, 253.5 mana
488: 66.7 dps, 2165 hp, 253.5 mana
489: startcast iceblast
489: 66.6 dps, 2165 hp, 253.5 mana
490: 66.5 dps, 2165 hp, 253.5 mana
491: 66.3 dps, 2165 hp, 253.5 mana
492: 66.2 dps, 2184 hp, 262.5 mana
493: 66.1 dps, 2184 hp, 262.5 mana
494: 65.9 dps, 2184 hp, 262.5 mana
495: iceblast tick
495: finished casting iceblast
495: 67.4 dps, 2184 hp, 50 mana
496: 67.3 dps, 2184 hp, 50 mana
497: 67.1 dps, 2184 hp, 50 mana
498: startcast cann4
498: 67.0 dps, 2203 hp, 59 mana
499: 66.9 dps, 2203 hp, 59 mana
500: 66.7 dps, 2203 hp, 59 mana
501: cann4 tick
501: finished casting cann4
501: 66.6 dps, 2055 hp, 141 mana
502: 66.5 dps, 2055 hp, 141 mana
503: startcast cann4
503: 66.3 dps, 2055 hp, 141 mana
504: 66.2 dps, 2074 hp, 150 mana
505: 66.1 dps, 2074 hp, 150 mana
506: cann4 tick
506: finished casting cann4
506: 65.9 dps, 1926 hp, 232 mana
507: 65.8 dps, 1926 hp, 232 mana
508: startcast torpor
508: 65.7 dps, 1926 hp, 232 mana
509: 65.6 dps, 1926 hp, 232 mana
510: 65.4 dps, 1945 hp, 241 mana
511: 65.3 dps, 1945 hp, 241 mana
512: finished casting torpor
512: 65.2 dps, 1945 hp, 71 mana
513: 65.0 dps, 1945 hp, 71 mana
514: 64.9 dps, 1945 hp, 71 mana
515: startcast cann4
515: 64.8 dps, 1945 hp, 71 mana
516: torpor tick
516: 64.7 dps, 2264 hp, 80 mana
517: 64.5 dps, 2264 hp, 80 mana
518: cann4 tick
518: finished casting cann4
518: 64.4 dps, 2116 hp, 162 mana
519: 64.3 dps, 2116 hp, 162 mana
520: startcast cann4
520: 64.2 dps, 2116 hp, 162 mana
521: 64.0 dps, 2116 hp, 162 mana
522: torpor tick
522: 63.9 dps, 2435 hp, 171 mana
523: cann4 tick
523: finished casting cann4
523: 63.8 dps, 2287 hp, 253 mana
524: 63.7 dps, 2287 hp, 253 mana
525: startcast iceblast
525: 63.6 dps, 2287 hp, 253 mana
526: 63.4 dps, 2287 hp, 253 mana
527: 63.3 dps, 2287 hp, 253 mana
528: torpor tick
528: 63.2 dps, 2606 hp, 262 mana
529: 63.1 dps, 2606 hp, 262 mana
530: 63.0 dps, 2606 hp, 262 mana
531: iceblast tick
531: finished casting iceblast
531: 64.3 dps, 2606 hp, 49.5 mana
532: 64.2 dps, 2606 hp, 49.5 mana
533: 64.1 dps, 2606 hp, 49.5 mana
534: torpor tick
534: startcast cann4
534: 64.0 dps, 2925 hp, 58.5 mana
535: 63.9 dps, 2925 hp, 58.5 mana
536: 63.7 dps, 2925 hp, 58.5 mana
537: cann4 tick
537: finished casting cann4
537: 63.6 dps, 2777 hp, 140.5 mana
538: 63.5 dps, 2777 hp, 140.5 mana
539: startcast cann4
539: 63.4 dps, 2777 hp, 140.5 mana
540: torpor tick
540: 63.3 dps, 3096 hp, 149.5 mana
541: 63.1 dps, 3096 hp, 149.5 mana
542: cann4 tick
542: finished casting cann4
542: 63.0 dps, 2948 hp, 231.5 mana
543: 62.9 dps, 2948 hp, 231.5 mana
544: startcast cann4
544: 62.8 dps, 2948 hp, 231.5 mana
545: 62.7 dps, 2948 hp, 231.5 mana
546: torpor tick
546: 62.6 dps, 3267 hp, 240.5 mana
547: cann4 tick
547: finished casting cann4
547: 62.5 dps, 3119 hp, 322.5 mana
548: 62.3 dps, 3119 hp, 322.5 mana
549: startcast iceblast
549: 62.2 dps, 3119 hp, 322.5 mana
550: 62.1 dps, 3119 hp, 322.5 mana
551: 62.0 dps, 3119 hp, 322.5 mana
552: 61.9 dps, 3138 hp, 331.5 mana
553: 61.8 dps, 3138 hp, 331.5 mana
554: 61.7 dps, 3138 hp, 331.5 mana
555: iceblast tick
555: finished casting iceblast
555: 63.0 dps, 3138 hp, 119 mana
556: 62.9 dps, 3138 hp, 119 mana
557: 62.8 dps, 3138 hp, 119 mana
558: startcast cann4
558: 62.6 dps, 3157 hp, 128 mana
559: 62.5 dps, 3157 hp, 128 mana
560: 62.4 dps, 3157 hp, 128 mana
561: cann4 tick
561: finished casting cann4
561: 62.3 dps, 3009 hp, 210 mana
562: 62.2 dps, 3009 hp, 210 mana
563: startcast cann4
563: 62.1 dps, 3009 hp, 210 mana
564: 62.0 dps, 3028 hp, 219 mana
565: 61.9 dps, 3028 hp, 219 mana
566: cann4 tick
566: finished casting cann4
566: 61.8 dps, 2880 hp, 301 mana
567: 61.7 dps, 2880 hp, 301 mana
568: startcast iceblast
568: 61.5 dps, 2880 hp, 301 mana
569: 61.4 dps, 2880 hp, 301 mana
570: 61.3 dps, 2899 hp, 310 mana
571: 61.2 dps, 2899 hp, 310 mana
572: 61.1 dps, 2899 hp, 310 mana
573: 61.0 dps, 2899 hp, 310 mana
574: iceblast tick
574: finished casting iceblast
574: 62.3 dps, 2899 hp, 97.5 mana
575: 62.2 dps, 2899 hp, 97.5 mana
576: 62.1 dps, 2918 hp, 106.5 mana
577: startcast cann4
577: 62.0 dps, 2918 hp, 106.5 mana
578: 61.9 dps, 2918 hp, 106.5 mana
579: 61.7 dps, 2918 hp, 106.5 mana
580: cann4 tick
580: finished casting cann4
580: 61.6 dps, 2770 hp, 188.5 mana
581: 61.5 dps, 2770 hp, 188.5 mana
582: startcast cann4
582: 61.4 dps, 2789 hp, 197.5 mana
583: 61.3 dps, 2789 hp, 197.5 mana
584: 61.2 dps, 2789 hp, 197.5 mana
585: cann4 tick
585: finished casting cann4
585: 61.1 dps, 2641 hp, 279.5 mana
586: 61.0 dps, 2641 hp, 279.5 mana
587: startcast iceblast
587: 60.9 dps, 2641 hp, 279.5 mana
588: 60.8 dps, 2660 hp, 288.5 mana
589: 60.7 dps, 2660 hp, 288.5 mana
590: 60.6 dps, 2660 hp, 288.5 mana
591: 60.5 dps, 2660 hp, 288.5 mana
592: 60.4 dps, 2660 hp, 288.5 mana
593: iceblast tick
593: finished casting iceblast
593: 61.6 dps, 2660 hp, 76 mana
594: 61.5 dps, 2679 hp, 85 mana
595: 61.4 dps, 2679 hp, 85 mana
596: startcast cann4
596: 61.3 dps, 2679 hp, 85 mana
597: 61.2 dps, 2679 hp, 85 mana
598: 61.1 dps, 2679 hp, 85 mana
599: cann4 tick
599: finished casting cann4
599: 61.0 dps, 2531 hp, 167 mana
600: 60.9 dps, 2550 hp, 176 mana
601: startcast cann4
601: 60.8 dps, 2550 hp, 176 mana
602: 60.7 dps, 2550 hp, 176 mana
603: 60.6 dps, 2550 hp, 176 mana
604: cann4 tick
604: finished casting cann4
604: 60.5 dps, 2402 hp, 258 mana
605: 60.4 dps, 2402 hp, 258 mana
606: cann5 tick
606: finished casting cann5
606: startcast cann5
606: 60.3 dps, 497 hp, 1333 mana
607: startcast torpor
607: 60.2 dps, 497 hp, 1333 mana
608: 60.1 dps, 497 hp, 1333 mana
609: 60.0 dps, 497 hp, 1333 mana
610: 59.9 dps, 497 hp, 1333 mana
611: finished casting torpor
611: 59.8 dps, 497 hp, 1163 mana
612: torpor tick
612: 59.7 dps, 816 hp, 1172 mana
613: 59.6 dps, 816 hp, 1172 mana
614: startcast iceblast
614: 59.5 dps, 816 hp, 1172 mana
615: 59.4 dps, 816 hp, 1172 mana
616: 59.3 dps, 816 hp, 1172 mana
617: 59.2 dps, 816 hp, 1172 mana
618: torpor tick
618: 59.1 dps, 1135 hp, 1181 mana
619: 59.0 dps, 1135 hp, 1181 mana
620: iceblast tick
620: finished casting iceblast
620: 60.2 dps, 1135 hp, 968.5 mana
621: 60.1 dps, 1135 hp, 968.5 mana
622: 60.0 dps, 1135 hp, 968.5 mana
623: startcast iceblast
623: 59.9 dps, 1135 hp, 968.5 mana
624: torpor tick
624: 59.8 dps, 1454 hp, 977.5 mana
625: 59.7 dps, 1454 hp, 977.5 mana
626: 59.6 dps, 1454 hp, 977.5 mana
627: 59.6 dps, 1454 hp, 977.5 mana
628: 59.5 dps, 1454 hp, 977.5 mana
629: iceblast tick
629: finished casting iceblast
629: 60.6 dps, 1454 hp, 765 mana
630: torpor tick
630: 60.5 dps, 1773 hp, 774 mana
631: 60.4 dps, 1773 hp, 774 mana
632: startcast iceblast
632: 60.3 dps, 1773 hp, 774 mana
633: 60.2 dps, 1773 hp, 774 mana
634: 60.1 dps, 1773 hp, 774 mana
635: 60.1 dps, 1773 hp, 774 mana
636: torpor tick
636: 60.0 dps, 2092 hp, 783 mana
637: 59.9 dps, 2092 hp, 783 mana
638: iceblast tick
638: finished casting iceblast
638: 61.0 dps, 2092 hp, 570.5 mana
639: 60.9 dps, 2092 hp, 570.5 mana
640: 60.8 dps, 2092 hp, 570.5 mana
641: startcast iceblast
641: 60.7 dps, 2092 hp, 570.5 mana
642: torpor tick
642: 60.6 dps, 2411 hp, 579.5 mana
643: 60.5 dps, 2411 hp, 579.5 mana
644: 60.4 dps, 2411 hp, 579.5 mana
645: 60.4 dps, 2411 hp, 579.5 mana
646: 60.3 dps, 2411 hp, 579.5 mana
647: iceblast tick
647: finished casting iceblast
647: 61.4 dps, 2411 hp, 367 mana
648: 61.3 dps, 2430 hp, 376 mana
649: 61.2 dps, 2430 hp, 376 mana
650: startcast iceblast
650: 61.1 dps, 2430 hp, 376 mana
651: 61.0 dps, 2430 hp, 376 mana
652: 60.9 dps, 2430 hp, 376 mana
653: 60.8 dps, 2430 hp, 376 mana
654: 60.7 dps, 2449 hp, 385 mana
655: 60.6 dps, 2449 hp, 385 mana
656: iceblast tick
656: finished casting iceblast
656: 61.8 dps, 2449 hp, 172.5 mana
657: 61.7 dps, 2449 hp, 172.5 mana
658: 61.6 dps, 2449 hp, 172.5 mana
659: startcast cann4
659: 61.5 dps, 2449 hp, 172.5 mana
660: 61.4 dps, 2468 hp, 181.5 mana
661: 61.3 dps, 2468 hp, 181.5 mana
662: cann4 tick
662: finished casting cann4
662: 61.2 dps, 2320 hp, 263.5 mana
663: 61.1 dps, 2320 hp, 263.5 mana
664: startcast iceblast
664: 61.0 dps, 2320 hp, 263.5 mana
665: 60.9 dps, 2320 hp, 263.5 mana
666: 60.8 dps, 2339 hp, 272.5 mana
667: 60.7 dps, 2339 hp, 272.5 mana
668: 60.7 dps, 2339 hp, 272.5 mana
669: 60.6 dps, 2339 hp, 272.5 mana
670: iceblast tick
670: finished casting iceblast
670: 61.7 dps, 2339 hp, 60 mana
671: 61.6 dps, 2339 hp, 60 mana
672: 61.5 dps, 2358 hp, 69 mana
673: startcast cann4
673: 61.4 dps, 2358 hp, 69 mana
674: 61.3 dps, 2358 hp, 69 mana
675: 61.2 dps, 2358 hp, 69 mana
676: cann4 tick
676: finished casting cann4
676: 61.1 dps, 2210 hp, 151 mana
677: 61.0 dps, 2210 hp, 151 mana
678: startcast cann4
678: 60.9 dps, 2229 hp, 160 mana
679: 60.8 dps, 2229 hp, 160 mana
680: 60.8 dps, 2229 hp, 160 mana
681: cann4 tick
681: finished casting cann4
681: 60.7 dps, 2081 hp, 242 mana
682: 60.6 dps, 2081 hp, 242 mana
683: startcast cann4
683: 60.5 dps, 2081 hp, 242 mana
684: 60.4 dps, 2100 hp, 251 mana
685: 60.3 dps, 2100 hp, 251 mana
686: cann4 tick
686: finished casting cann4
686: 60.2 dps, 1952 hp, 333 mana
687: 60.1 dps, 1952 hp, 333 mana
688: startcast torpor
688: 60.0 dps, 1952 hp, 333 mana
689: 60.0 dps, 1952 hp, 333 mana
690: 59.9 dps, 1971 hp, 342 mana
691: 59.8 dps, 1971 hp, 342 mana
692: finished casting torpor
692: 59.7 dps, 1971 hp, 172 mana
693: 59.6 dps, 1971 hp, 172 mana
694: 59.5 dps, 1971 hp, 172 mana
695: startcast cann4
695: 59.4 dps, 1971 hp, 172 mana
696: torpor tick
696: 59.4 dps, 2290 hp, 181 mana
697: 59.3 dps, 2290 hp, 181 mana
698: cann4 tick
698: finished casting cann4
698: 59.2 dps, 2142 hp, 263 mana
699: 59.1 dps, 2142 hp, 263 mana
700: startcast iceblast
700: 59.0 dps, 2142 hp, 263 mana
701: 58.9 dps, 2142 hp, 263 mana
702: torpor tick
702: 58.8 dps, 2461 hp, 272 mana
703: 58.8 dps, 2461 hp, 272 mana
704: 58.7 dps, 2461 hp, 272 mana
705: 58.6 dps, 2461 hp, 272 mana
706: iceblast tick
706: finished casting iceblast
706: 59.6 dps, 2461 hp, 59.5 mana
707: 59.6 dps, 2461 hp, 59.5 mana
708: torpor tick
708: 59.5 dps, 2780 hp, 68.5 mana
709: startcast cann4
709: 59.4 dps, 2780 hp, 68.5 mana
710: 59.3 dps, 2780 hp, 68.5 mana
711: 59.2 dps, 2780 hp, 68.5 mana
712: cann4 tick
712: finished casting cann4
712: 59.1 dps, 2632 hp, 150.5 mana
713: 59.1 dps, 2632 hp, 150.5 mana
714: torpor tick
714: startcast cann4
714: 59.0 dps, 2951 hp, 159.5 mana
715: 58.9 dps, 2951 hp, 159.5 mana
716: 58.8 dps, 2951 hp, 159.5 mana
717: cann4 tick
717: finished casting cann4
717: 58.7 dps, 2803 hp, 241.5 mana
718: 58.6 dps, 2803 hp, 241.5 mana
719: startcast cann4
719: 58.6 dps, 2803 hp, 241.5 mana
720: torpor tick
720: 58.5 dps, 3122 hp, 250.5 mana
721: 58.4 dps, 3122 hp, 250.5 mana
722: cann4 tick
722: finished casting cann4
722: 58.3 dps, 2974 hp, 332.5 mana
723: 58.2 dps, 2974 hp, 332.5 mana
724: startcast iceblast
724: 58.2 dps, 2974 hp, 332.5 mana
725: 58.1 dps, 2974 hp, 332.5 mana
726: torpor tick
726: 58.0 dps, 3293 hp, 341.5 mana
727: 57.9 dps, 3293 hp, 341.5 mana
728: 57.8 dps, 3293 hp, 341.5 mana
729: 57.8 dps, 3293 hp, 341.5 mana
730: iceblast tick
730: finished casting iceblast
730: 58.8 dps, 3293 hp, 129 mana
731: 58.7 dps, 3293 hp, 129 mana
732: 58.6 dps, 3312 hp, 138 mana
733: startcast cann4
733: 58.5 dps, 3312 hp, 138 mana
734: 58.4 dps, 3312 hp, 138 mana
735: 58.4 dps, 3312 hp, 138 mana
736: cann4 tick
736: finished casting cann4
736: 58.3 dps, 3164 hp, 220 mana
737: 58.2 dps, 3164 hp, 220 mana
738: startcast cann4
738: 58.1 dps, 3183 hp, 229 mana
739: 58.1 dps, 3183 hp, 229 mana
740: 58.0 dps, 3183 hp, 229 mana
741: cann4 tick
741: finished casting cann4
741: 57.9 dps, 3035 hp, 311 mana
742: 57.8 dps, 3035 hp, 311 mana
743: startcast iceblast
743: 57.7 dps, 3035 hp, 311 mana
744: 57.7 dps, 3054 hp, 320 mana
745: 57.6 dps, 3054 hp, 320 mana
746: 57.5 dps, 3054 hp, 320 mana
747: 57.4 dps, 3054 hp, 320 mana
748: 57.4 dps, 3054 hp, 320 mana
749: iceblast tick
749: finished casting iceblast
749: 58.3 dps, 3054 hp, 107.5 mana
750: 58.3 dps, 3073 hp, 116.5 mana
751: 58.2 dps, 3073 hp, 116.5 mana
752: startcast cann4
752: 58.1 dps, 3073 hp, 116.5 mana
753: 58.0 dps, 3073 hp, 116.5 mana
754: 58.0 dps, 3073 hp, 116.5 mana
755: cann4 tick
755: finished casting cann4
755: 57.9 dps, 2925 hp, 198.5 mana
756: 57.8 dps, 2944 hp, 207.5 mana
757: startcast cann4
757: 57.7 dps, 2944 hp, 207.5 mana
758: 57.6 dps, 2944 hp, 207.5 mana
759: 57.6 dps, 2944 hp, 207.5 mana
760: cann4 tick
760: finished casting cann4
760: 57.5 dps, 2796 hp, 289.5 mana
761: 57.4 dps, 2796 hp, 289.5 mana
762: startcast iceblast
762: 57.3 dps, 2815 hp, 298.5 mana
763: 57.3 dps, 2815 hp, 298.5 mana
764: 57.2 dps, 2815 hp, 298.5 mana
765: 57.1 dps, 2815 hp, 298.5 mana
766: 57.0 dps, 2815 hp, 298.5 mana
767: 57.0 dps, 2815 hp, 298.5 mana
768: iceblast tick
768: finished casting iceblast
768: 57.9 dps, 2834 hp, 95 mana
769: 57.9 dps, 2834 hp, 95 mana
770: 57.8 dps, 2834 hp, 95 mana
771: startcast cann4
771: 57.7 dps, 2834 hp, 95 mana
772: 57.6 dps, 2834 hp, 95 mana
773: 57.6 dps, 2834 hp, 95 mana
774: cann4 tick
774: finished casting cann4
774: 57.5 dps, 2705 hp, 186 mana
775: 57.4 dps, 2705 hp, 186 mana
776: startcast cann4
776: 57.3 dps, 2705 hp, 186 mana
777: 57.3 dps, 2705 hp, 186 mana
778: 57.2 dps, 2705 hp, 186 mana
779: cann4 tick
779: finished casting cann4
779: 57.1 dps, 2557 hp, 268 mana
780: 57.0 dps, 2576 hp, 277 mana
781: startcast iceblast
781: 57.0 dps, 2576 hp, 277 mana
782: 56.9 dps, 2576 hp, 277 mana
783: 56.8 dps, 2576 hp, 277 mana
784: 56.7 dps, 2576 hp, 277 mana
785: 56.7 dps, 2576 hp, 277 mana
786: 56.6 dps, 2595 hp, 286 mana
787: iceblast tick
787: finished casting iceblast
787: 57.5 dps, 2595 hp, 73.5 mana
788: 57.5 dps, 2595 hp, 73.5 mana
789: 57.4 dps, 2595 hp, 73.5 mana
790: cann5 tick
790: finished casting cann5
790: startcast cann5
790: 57.3 dps, 671 hp, 1139.5 mana
791: startcast torpor
791: 57.3 dps, 671 hp, 1139.5 mana
792: 57.2 dps, 690 hp, 1148.5 mana
793: 57.1 dps, 690 hp, 1148.5 mana
794: 57.0 dps, 690 hp, 1148.5 mana
795: finished casting torpor
795: 57.0 dps, 690 hp, 978.5 mana
796: 56.9 dps, 690 hp, 978.5 mana
797: 56.8 dps, 690 hp, 978.5 mana
798: torpor tick
798: startcast iceblast
798: 56.7 dps, 1009 hp, 987.5 mana
799: 56.7 dps, 1009 hp, 987.5 mana
800: 56.6 dps, 1009 hp, 987.5 mana
801: 56.5 dps, 1009 hp, 987.5 mana
802: 56.5 dps, 1009 hp, 987.5 mana
803: 56.4 dps, 1009 hp, 987.5 mana
804: torpor tick
804: iceblast tick
804: finished casting iceblast
804: 57.3 dps, 1328 hp, 784 mana
805: 57.2 dps, 1328 hp, 784 mana
806: 57.2 dps, 1328 hp, 784 mana
807: startcast iceblast
807: 57.1 dps, 1328 hp, 784 mana
808: 57.0 dps, 1328 hp, 784 mana
809: 57.0 dps, 1328 hp, 784 mana
810: torpor tick
810: 56.9 dps, 1647 hp, 793 mana
811: 56.8 dps, 1647 hp, 793 mana
812: 56.7 dps, 1647 hp, 793 mana
813: iceblast tick
813: finished casting iceblast
813: 57.7 dps, 1647 hp, 580.5 mana
814: 57.6 dps, 1647 hp, 580.5 mana
815: 57.5 dps, 1647 hp, 580.5 mana
816: torpor tick
816: startcast iceblast
816: 57.4 dps, 1966 hp, 589.5 mana
817: 57.4 dps, 1966 hp, 589.5 mana
818: 57.3 dps, 1966 hp, 589.5 mana
819: 57.2 dps, 1966 hp, 589.5 mana
820: 57.2 dps, 1966 hp, 589.5 mana
821: 57.1 dps, 1966 hp, 589.5 mana
822: torpor tick
822: iceblast tick
822: finished casting iceblast
822: 58.0 dps, 2285 hp, 386 mana
823: 57.9 dps, 2285 hp, 386 mana
824: 57.9 dps, 2285 hp, 386 mana
825: startcast iceblast
825: 57.8 dps, 2285 hp, 386 mana
826: 57.7 dps, 2285 hp, 386 mana
827: 57.6 dps, 2285 hp, 386 mana
828: torpor tick
828: 57.6 dps, 2604 hp, 395 mana
829: 57.5 dps, 2604 hp, 395 mana
830: 57.4 dps, 2604 hp, 395 mana
831: iceblast tick
831: finished casting iceblast
831: 58.3 dps, 2604 hp, 182.5 mana
832: 58.2 dps, 2604 hp, 182.5 mana
833: 58.2 dps, 2604 hp, 182.5 mana
834: startcast cann4
834: 58.1 dps, 2623 hp, 191.5 mana
835: 58.0 dps, 2623 hp, 191.5 mana
836: 58.0 dps, 2623 hp, 191.5 mana
837: cann4 tick
837: finished casting cann4
837: 57.9 dps, 2475 hp, 273.5 mana
838: 57.8 dps, 2475 hp, 273.5 mana
839: startcast iceblast
839: 57.8 dps, 2475 hp, 273.5 mana
840: 57.7 dps, 2494 hp, 282.5 mana
841: 57.6 dps, 2494 hp, 282.5 mana
842: 57.6 dps, 2494 hp, 282.5 mana
843: 57.5 dps, 2494 hp, 282.5 mana
844: 57.4 dps, 2494 hp, 282.5 mana
845: iceblast tick
845: finished casting iceblast
845: 58.3 dps, 2494 hp, 70 mana
846: 58.2 dps, 2513 hp, 79 mana
847: 58.2 dps, 2513 hp, 79 mana
848: startcast cann4
848: 58.1 dps, 2513 hp, 79 mana
849: 58.0 dps, 2513 hp, 79 mana
850: 57.9 dps, 2513 hp, 79 mana
851: cann4 tick
851: finished casting cann4
851: 57.9 dps, 2365 hp, 161 mana
852: 57.8 dps, 2384 hp, 170 mana
853: startcast cann4
853: 57.7 dps, 2384 hp, 170 mana
854: 57.7 dps, 2384 hp, 170 mana
855: 57.6 dps, 2384 hp, 170 mana
856: cann4 tick
856: finished casting cann4
856: 57.5 dps, 2236 hp, 252 mana
857: 57.5 dps, 2236 hp, 252 mana
858: startcast iceblast
858: 57.4 dps, 2255 hp, 261 mana
859: 57.3 dps, 2255 hp, 261 mana
860: 57.3 dps, 2255 hp, 261 mana
861: 57.2 dps, 2255 hp, 261 mana
862: 57.1 dps, 2255 hp, 261 mana
863: 57.1 dps, 2255 hp, 261 mana
864: iceblast tick
864: finished casting iceblast
864: 57.9 dps, 2274 hp, 57.5 mana
865: 57.9 dps, 2274 hp, 57.5 mana
866: 57.8 dps, 2274 hp, 57.5 mana
867: startcast cann4
867: 57.7 dps, 2274 hp, 57.5 mana
868: 57.7 dps, 2274 hp, 57.5 mana
869: 57.6 dps, 2274 hp, 57.5 mana
870: cann4 tick
870: finished casting cann4
870: 57.5 dps, 2145 hp, 148.5 mana
871: 57.5 dps, 2145 hp, 148.5 mana
872: startcast cann4
872: 57.4 dps, 2145 hp, 148.5 mana
873: 57.3 dps, 2145 hp, 148.5 mana
874: 57.3 dps, 2145 hp, 148.5 mana
875: cann4 tick
875: finished casting cann4
875: 57.2 dps, 1997 hp, 230.5 mana
876: 57.1 dps, 2016 hp, 239.5 mana
877: startcast cann4
877: 57.1 dps, 2016 hp, 239.5 mana
878: 57.0 dps, 2016 hp, 239.5 mana
879: 56.9 dps, 2016 hp, 239.5 mana
880: cann4 tick
880: finished casting cann4
880: 56.9 dps, 1868 hp, 321.5 mana
881: 56.8 dps, 1868 hp, 321.5 mana
882: startcast torpor
882: 56.7 dps, 1887 hp, 330.5 mana
883: 56.7 dps, 1887 hp, 330.5 mana
884: 56.6 dps, 1887 hp, 330.5 mana
885: 56.6 dps, 1887 hp, 330.5 mana
886: finished casting torpor
886: 56.5 dps, 1887 hp, 160.5 mana
887: 56.4 dps, 1887 hp, 160.5 mana
888: torpor tick
888: 56.4 dps, 2206 hp, 169.5 mana
889: startcast cann4
889: 56.3 dps, 2206 hp, 169.5 mana
890: 56.2 dps, 2206 hp, 169.5 mana
891: 56.2 dps, 2206 hp, 169.5 mana
892: cann4 tick
892: finished casting cann4
892: 56.1 dps, 2058 hp, 251.5 mana
893: 56.0 dps, 2058 hp, 251.5 mana
894: torpor tick
894: startcast iceblast
894: 56.0 dps, 2377 hp, 260.5 mana
895: 55.9 dps, 2377 hp, 260.5 mana
896: 55.9 dps, 2377 hp, 260.5 mana
897: 55.8 dps, 2377 hp, 260.5 mana
898: 55.7 dps, 2377 hp, 260.5 mana
899: 55.7 dps, 2377 hp, 260.5 mana
900: torpor tick
900: iceblast tick
900: finished casting iceblast
900: 56.5 dps, 2696 hp, 57 mana
901: 56.4 dps, 2696 hp, 57 mana
902: 56.4 dps, 2696 hp, 57 mana
903: startcast cann4
903: 56.3 dps, 2696 hp, 57 mana
904: 56.2 dps, 2696 hp, 57 mana
905: 56.2 dps, 2696 hp, 57 mana
906: torpor tick
906: cann4 tick
906: finished casting cann4
906: 56.1 dps, 2867 hp, 148 mana
907: 56.1 dps, 2867 hp, 148 mana
908: startcast cann4
908: 56.0 dps, 2867 hp, 148 mana
909: 55.9 dps, 2867 hp, 148 mana
910: 55.9 dps, 2867 hp, 148 mana
911: cann4 tick
911: finished casting cann4
911: 55.8 dps, 2719 hp, 230 mana
912: torpor tick
912: 55.8 dps, 3038 hp, 239 mana
913: startcast cann4
913: 55.7 dps, 3038 hp, 239 mana
914: 55.6 dps, 3038 hp, 239 mana
915: 55.6 dps, 3038 hp, 239 mana
916: cann4 tick
916: finished casting cann4
916: 55.5 dps, 2890 hp, 321 mana
917: 55.4 dps, 2890 hp, 321 mana
918: torpor tick
918: startcast iceblast
918: 55.4 dps, 3209 hp, 330 mana
919: 55.3 dps, 3209 hp, 330 mana
920: 55.3 dps, 3209 hp, 330 mana
921: 55.2 dps, 3209 hp, 330 mana
922: 55.1 dps, 3209 hp, 330 mana
923: 55.1 dps, 3209 hp, 330 mana
924: iceblast tick
924: finished casting iceblast
924: 55.9 dps, 3228 hp, 126.5 mana
925: 55.8 dps, 3228 hp, 126.5 mana
926: 55.8 dps, 3228 hp, 126.5 mana
927: startcast cann4
927: 55.7 dps, 3228 hp, 126.5 mana
928: 55.6 dps, 3228 hp, 126.5 mana
929: 55.6 dps, 3228 hp, 126.5 mana
930: cann4 tick
930: finished casting cann4
930: 55.5 dps, 3099 hp, 217.5 mana
931: 55.5 dps, 3099 hp, 217.5 mana
932: startcast cann4
932: 55.4 dps, 3099 hp, 217.5 mana
933: 55.3 dps, 3099 hp, 217.5 mana
934: 55.3 dps, 3099 hp, 217.5 mana
935: cann4 tick
935: finished casting cann4
935: 55.2 dps, 2951 hp, 299.5 mana
936: 55.2 dps, 2970 hp, 308.5 mana
937: startcast iceblast
937: 55.1 dps, 2970 hp, 308.5 mana
938: 55.1 dps, 2970 hp, 308.5 mana
939: 55.0 dps, 2970 hp, 308.5 mana
940: 54.9 dps, 2970 hp, 308.5 mana
941: 54.9 dps, 2970 hp, 308.5 mana
942: 54.8 dps, 2989 hp, 317.5 mana
943: iceblast tick
943: finished casting iceblast
943: 55.6 dps, 2989 hp, 105 mana
944: 55.5 dps, 2989 hp, 105 mana
945: 55.5 dps, 2989 hp, 105 mana
946: startcast cann4
946: 55.4 dps, 2989 hp, 105 mana
947: 55.4 dps, 2989 hp, 105 mana
948: 55.3 dps, 3008 hp, 114 mana
949: cann4 tick
949: finished casting cann4
949: 55.3 dps, 2860 hp, 196 mana
950: 55.2 dps, 2860 hp, 196 mana
951: startcast cann4
951: 55.1 dps, 2860 hp, 196 mana
952: 55.1 dps, 2860 hp, 196 mana
953: 55.0 dps, 2860 hp, 196 mana
954: cann4 tick
954: finished casting cann4
954: 55.0 dps, 2731 hp, 287 mana
955: 54.9 dps, 2731 hp, 287 mana
956: startcast iceblast
956: 54.8 dps, 2731 hp, 287 mana
957: 54.8 dps, 2731 hp, 287 mana
958: 54.7 dps, 2731 hp, 287 mana
959: 54.7 dps, 2731 hp, 287 mana
960: 54.6 dps, 2750 hp, 296 mana
961: 54.6 dps, 2750 hp, 296 mana
962: iceblast tick
962: finished casting iceblast
962: 55.3 dps, 2750 hp, 83.5 mana
963: 55.3 dps, 2750 hp, 83.5 mana
964: 55.2 dps, 2750 hp, 83.5 mana
965: startcast cann4
965: 55.2 dps, 2750 hp, 83.5 mana
966: 55.1 dps, 2769 hp, 92.5 mana
967: 55.0 dps, 2769 hp, 92.5 mana
968: cann4 tick
968: finished casting cann4
968: 55.0 dps, 2621 hp, 174.5 mana
969: 54.9 dps, 2621 hp, 174.5 mana
970: cann5 tick
970: finished casting cann5
970: startcast cann5
970: 54.9 dps, 697 hp, 1240.5 mana
971: startcast torpor
971: 54.8 dps, 697 hp, 1240.5 mana
972: 54.8 dps, 716 hp, 1249.5 mana
973: 54.7 dps, 716 hp, 1249.5 mana
974: 54.7 dps, 716 hp, 1249.5 mana
975: finished casting torpor
975: 54.6 dps, 716 hp, 1079.5 mana
976: 54.5 dps, 716 hp, 1079.5 mana
977: 54.5 dps, 716 hp, 1079.5 mana
978: torpor tick
978: startcast iceblast
978: 54.4 dps, 1035 hp, 1088.5 mana
979: 54.4 dps, 1035 hp, 1088.5 mana
980: 54.3 dps, 1035 hp, 1088.5 mana
981: 54.3 dps, 1035 hp, 1088.5 mana
982: 54.2 dps, 1035 hp, 1088.5 mana
983: 54.2 dps, 1035 hp, 1088.5 mana
984: torpor tick
984: iceblast tick
984: finished casting iceblast
984: 54.9 dps, 1354 hp, 885 mana
985: 54.8 dps, 1354 hp, 885 mana
986: 54.8 dps, 1354 hp, 885 mana
987: startcast iceblast
987: 54.7 dps, 1354 hp, 885 mana
988: 54.7 dps, 1354 hp, 885 mana
989: 54.6 dps, 1354 hp, 885 mana
990: torpor tick
990: 54.6 dps, 1673 hp, 894 mana
991: 54.5 dps, 1673 hp, 894 mana
992: 54.5 dps, 1673 hp, 894 mana
993: iceblast tick
993: finished casting iceblast
993: 55.2 dps, 1673 hp, 681.5 mana
994: 55.1 dps, 1673 hp, 681.5 mana
995: 55.1 dps, 1673 hp, 681.5 mana
996: torpor tick
996: startcast iceblast
996: 55.0 dps, 1992 hp, 690.5 mana
997: 55.0 dps, 1992 hp, 690.5 mana
998: 54.9 dps, 1992 hp, 690.5 mana
999: 54.9 dps, 1992 hp, 690.5 mana
1000: 54.8 dps, 1992 hp, 690.5 mana
1001: 54.8 dps, 1992 hp, 690.5 mana
1002: torpor tick
1002: iceblast tick
1002: finished casting iceblast
1002: 55.5 dps, 2311 hp, 487 mana
1003: 55.4 dps, 2311 hp, 487 mana
1004: 55.4 dps, 2311 hp, 487 mana
1005: startcast iceblast
1005: 55.3 dps, 2311 hp, 487 mana
1006: 55.3 dps, 2311 hp, 487 mana
1007: 55.2 dps, 2311 hp, 487 mana
1008: torpor tick
1008: 55.2 dps, 2630 hp, 496 mana
1009: 55.1 dps, 2630 hp, 496 mana
1010: 55.1 dps, 2630 hp, 496 mana
1011: iceblast tick
1011: finished casting iceblast
1011: 55.8 dps, 2630 hp, 283.5 mana
1012: 55.7 dps, 2630 hp, 283.5 mana
1013: 55.7 dps, 2630 hp, 283.5 mana
1014: startcast iceblast
1014: 55.6 dps, 2649 hp, 292.5 mana
1015: 55.6 dps, 2649 hp, 292.5 mana
1016: 55.5 dps, 2649 hp, 292.5 mana
1017: 55.5 dps, 2649 hp, 292.5 mana
1018: 55.4 dps, 2649 hp, 292.5 mana
1019: 55.4 dps, 2649 hp, 292.5 mana
1020: iceblast tick
1020: finished casting iceblast
1020: 56.1 dps, 2668 hp, 89 mana
1021: 56.0 dps, 2668 hp, 89 mana
1022: 56.0 dps, 2668 hp, 89 mana
1023: startcast cann4
1023: 55.9 dps, 2668 hp, 89 mana
1024: 55.9 dps, 2668 hp, 89 mana
1025: 55.8 dps, 2668 hp, 89 mana
1026: cann4 tick
1026: finished casting cann4
1026: 55.8 dps, 2539 hp, 180 mana
1027: 55.7 dps, 2539 hp, 180 mana
1028: startcast cann4
1028: 55.6 dps, 2539 hp, 180 mana
1029: 55.6 dps, 2539 hp, 180 mana
1030: 55.5 dps, 2539 hp, 180 mana
1031: cann4 tick
1031: finished casting cann4
1031: 55.5 dps, 2391 hp, 262 mana
1032: 55.4 dps, 2410 hp, 271 mana
1033: startcast iceblast
1033: 55.4 dps, 2410 hp, 271 mana
1034: 55.3 dps, 2410 hp, 271 mana
1035: 55.3 dps, 2410 hp, 271 mana
1036: 55.2 dps, 2410 hp, 271 mana
1037: 55.2 dps, 2410 hp, 271 mana
1038: 55.1 dps, 2429 hp, 280 mana
1039: iceblast tick
1039: finished casting iceblast
1039: 55.8 dps, 2429 hp, 67.5 mana
1040: 55.8 dps, 2429 hp, 67.5 mana
1041: 55.7 dps, 2429 hp, 67.5 mana
1042: startcast cann4
1042: 55.7 dps, 2429 hp, 67.5 mana
1043: 55.6 dps, 2429 hp, 67.5 mana
1044: 55.6 dps, 2448 hp, 76.5 mana
1045: cann4 tick
1045: finished casting cann4
1045: 55.5 dps, 2300 hp, 158.5 mana
1046: 55.4 dps, 2300 hp, 158.5 mana
1047: startcast cann4
1047: 55.4 dps, 2300 hp, 158.5 mana
1048: 55.3 dps, 2300 hp, 158.5 mana
1049: 55.3 dps, 2300 hp, 158.5 mana
1050: cann4 tick
1050: finished casting cann4
1050: 55.2 dps, 2171 hp, 249.5 mana
1051: 55.2 dps, 2171 hp, 249.5 mana
1052: startcast cann4
1052: 55.1 dps, 2171 hp, 249.5 mana
1053: 55.1 dps, 2171 hp, 249.5 mana
1054: 55.0 dps, 2171 hp, 249.5 mana
1055: cann4 tick
1055: finished casting cann4
1055: 55.0 dps, 2023 hp, 331.5 mana
1056: 54.9 dps, 2042 hp, 340.5 mana
1057: startcast iceblast
1057: 54.9 dps, 2042 hp, 340.5 mana
1058: 54.8 dps, 2042 hp, 340.5 mana
1059: 54.8 dps, 2042 hp, 340.5 mana
1060: 54.7 dps, 2042 hp, 340.5 mana
1061: 54.7 dps, 2042 hp, 340.5 mana
1062: 54.6 dps, 2061 hp, 349.5 mana
1063: iceblast tick
1063: finished casting iceblast
1063: 55.3 dps, 2061 hp, 137 mana
1064: 55.3 dps, 2061 hp, 137 mana
1065: 55.2 dps, 2061 hp, 137 mana
1066: startcast cann4
1066: 55.2 dps, 2061 hp, 137 mana
1067: 55.1 dps, 2061 hp, 137 mana
1068: 55.0 dps, 2080 hp, 146 mana
1069: cann4 tick
1069: finished casting cann4
1069: 55.0 dps, 1932 hp, 228 mana
1070: 54.9 dps, 1932 hp, 228 mana
1071: startcast torpor
1071: 54.9 dps, 1932 hp, 228 mana
1072: 54.8 dps, 1932 hp, 228 mana
1073: 54.8 dps, 1932 hp, 228 mana
1074: 54.7 dps, 1951 hp, 237 mana
1075: finished casting torpor
1075: 54.7 dps, 1951 hp, 67 mana
1076: 54.6 dps, 1951 hp, 67 mana
1077: 54.6 dps, 1951 hp, 67 mana
1078: startcast cann4
1078: 54.5 dps, 1951 hp, 67 mana
1079: 54.5 dps, 1951 hp, 67 mana
1080: torpor tick
1080: 54.4 dps, 2270 hp, 76 mana
1081: cann4 tick
1081: finished casting cann4
1081: 54.4 dps, 2122 hp, 158 mana
1082: 54.3 dps, 2122 hp, 158 mana
1083: startcast cann4
1083: 54.3 dps, 2122 hp, 158 mana
1084: 54.2 dps, 2122 hp, 158 mana
1085: 54.2 dps, 2122 hp, 158 mana
1086: torpor tick
1086: cann4 tick
1086: finished casting cann4
1086: 54.1 dps, 2293 hp, 249 mana
1087: 54.1 dps, 2293 hp, 249 mana
1088: startcast cann4
1088: 54.0 dps, 2293 hp, 249 mana
1089: 54.0 dps, 2293 hp, 249 mana
1090: 53.9 dps, 2293 hp, 249 mana
1091: cann4 tick
1091: finished casting cann4
1091: 53.9 dps, 2145 hp, 331 mana
1092: torpor tick
1092: 53.8 dps, 2464 hp, 340 mana
1093: startcast iceblast
1093: 53.8 dps, 2464 hp, 340 mana
1094: 53.7 dps, 2464 hp, 340 mana
1095: 53.7 dps, 2464 hp, 340 mana
1096: 53.6 dps, 2464 hp, 340 mana
1097: 53.6 dps, 2464 hp, 340 mana
1098: torpor tick
1098: 53.5 dps, 2783 hp, 349 mana
1099: iceblast tick
1099: finished casting iceblast
1099: 54.2 dps, 2783 hp, 136.5 mana
1100: 54.2 dps, 2783 hp, 136.5 mana
1101: 54.1 dps, 2783 hp, 136.5 mana
1102: startcast cann4
1102: 54.1 dps, 2783 hp, 136.5 mana
1103: 54.0 dps, 2783 hp, 136.5 mana
1104: torpor tick
1104: 54.0 dps, 3102 hp, 145.5 mana
1105: cann4 tick
1105: finished casting cann4
1105: 53.9 dps, 2954 hp, 227.5 mana
1106: 53.9 dps, 2954 hp, 227.5 mana
1107: startcast cann4
1107: 53.8 dps, 2954 hp, 227.5 mana
1108: 53.8 dps, 2954 hp, 227.5 mana
1109: 53.7 dps, 2954 hp, 227.5 mana
1110: torpor tick
1110: cann4 tick
1110: finished casting cann4
1110: 53.7 dps, 3125 hp, 318.5 mana
1111: 53.6 dps, 3125 hp, 318.5 mana
1112: startcast iceblast
1112: 53.6 dps, 3125 hp, 318.5 mana
1113: 53.5 dps, 3125 hp, 318.5 mana
1114: 53.5 dps, 3125 hp, 318.5 mana
1115: 53.4 dps, 3125 hp, 318.5 mana
1116: 53.4 dps, 3144 hp, 327.5 mana
1117: 53.3 dps, 3144 hp, 327.5 mana
1118: iceblast tick
1118: finished casting iceblast
1118: 54.0 dps, 3144 hp, 115 mana
1119: 54.0 dps, 3144 hp, 115 mana
1120: 53.9 dps, 3144 hp, 115 mana
1121: startcast cann4
1121: 53.9 dps, 3144 hp, 115 mana
1122: 53.8 dps, 3163 hp, 124 mana
1123: 53.8 dps, 3163 hp, 124 mana
1124: cann4 tick
1124: finished casting cann4
1124: 53.7 dps, 3015 hp, 206 mana
1125: 53.7 dps, 3015 hp, 206 mana
1126: startcast cann4
1126: 53.6 dps, 3015 hp, 206 mana
1127: 53.6 dps, 3015 hp, 206 mana
1128: 53.5 dps, 3034 hp, 215 mana
1129: cann4 tick
1129: finished casting cann4
1129: 53.5 dps, 2886 hp, 297 mana
1130: 53.4 dps, 2886 hp, 297 mana
1131: startcast iceblast
1131: 53.4 dps, 2886 hp, 297 mana
1132: 53.3 dps, 2886 hp, 297 mana
1133: 53.3 dps, 2886 hp, 297 mana
1134: 53.2 dps, 2905 hp, 306 mana
1135: 53.2 dps, 2905 hp, 306 mana
1136: 53.2 dps, 2905 hp, 306 mana
1137: iceblast tick
1137: finished casting iceblast
1137: 53.8 dps, 2905 hp, 93.5 mana
1138: 53.8 dps, 2905 hp, 93.5 mana
1139: 53.7 dps, 2905 hp, 93.5 mana
1140: startcast cann4
1140: 53.7 dps, 2924 hp, 102.5 mana
1141: 53.6 dps, 2924 hp, 102.5 mana
1142: 53.6 dps, 2924 hp, 102.5 mana
1143: cann4 tick
1143: finished casting cann4
1143: 53.5 dps, 2776 hp, 184.5 mana
1144: 53.5 dps, 2776 hp, 184.5 mana
1145: startcast cann4
1145: 53.4 dps, 2776 hp, 184.5 mana
1146: 53.4 dps, 2795 hp, 193.5 mana
1147: 53.3 dps, 2795 hp, 193.5 mana
1148: cann4 tick
1148: finished casting cann4
1148: 53.3 dps, 2647 hp, 275.5 mana
1149: 53.2 dps, 2647 hp, 275.5 mana
1150: cann5 tick
1150: finished casting cann5
1150: startcast cann5
1150: 53.2 dps, 723 hp, 1341.5 mana
1151: startcast torpor
1151: 53.1 dps, 723 hp, 1341.5 mana
1152: 53.1 dps, 742 hp, 1350.5 mana
1153: 53.1 dps, 742 hp, 1350.5 mana
1154: 53.0 dps, 742 hp, 1350.5 mana
1155: finished casting torpor
1155: 53.0 dps, 742 hp, 1180.5 mana
1156: 52.9 dps, 742 hp, 1180.5 mana
1157: 52.9 dps, 742 hp, 1180.5 mana
1158: torpor tick
1158: startcast iceblast
1158: 52.8 dps, 1061 hp, 1189.5 mana
1159: 52.8 dps, 1061 hp, 1189.5 mana
1160: 52.7 dps, 1061 hp, 1189.5 mana
1161: 52.7 dps, 1061 hp, 1189.5 mana
1162: 52.6 dps, 1061 hp, 1189.5 mana
1163: 52.6 dps, 1061 hp, 1189.5 mana
1164: torpor tick
1164: iceblast tick
1164: finished casting iceblast
1164: 53.2 dps, 1380 hp, 986 mana
1165: 53.2 dps, 1380 hp, 986 mana
1166: 53.1 dps, 1380 hp, 986 mana
1167: startcast iceblast
1167: 53.1 dps, 1380 hp, 986 mana
1168: 53.1 dps, 1380 hp, 986 mana
1169: 53.0 dps, 1380 hp, 986 mana
1170: torpor tick
1170: 53.0 dps, 1699 hp, 995 mana
1171: 52.9 dps, 1699 hp, 995 mana
1172: 52.9 dps, 1699 hp, 995 mana
1173: iceblast tick
1173: finished casting iceblast
1173: 53.5 dps, 1699 hp, 782.5 mana
1174: 53.5 dps, 1699 hp, 782.5 mana
1175: 53.4 dps, 1699 hp, 782.5 mana
1176: torpor tick
1176: startcast iceblast
1176: 53.4 dps, 2018 hp, 791.5 mana
1177: 53.3 dps, 2018 hp, 791.5 mana
1178: 53.3 dps, 2018 hp, 791.5 mana
1179: 53.2 dps, 2018 hp, 791.5 mana
1180: 53.2 dps, 2018 hp, 791.5 mana
1181: 53.1 dps, 2018 hp, 791.5 mana
1182: torpor tick
1182: iceblast tick
1182: finished casting iceblast
1182: 53.8 dps, 2337 hp, 588 mana
1183: 53.7 dps, 2337 hp, 588 mana
1184: 53.7 dps, 2337 hp, 588 mana
1185: startcast iceblast
1185: 53.6 dps, 2337 hp, 588 mana
1186: 53.6 dps, 2337 hp, 588 mana
1187: 53.5 dps, 2337 hp, 588 mana
1188: torpor tick
1188: 53.5 dps, 2656 hp, 597 mana
1189: 53.5 dps, 2656 hp, 597 mana
1190: 53.4 dps, 2656 hp, 597 mana
1191: iceblast tick
1191: finished casting iceblast
1191: 54.0 dps, 2656 hp, 384.5 mana
1192: 54.0 dps, 2656 hp, 384.5 mana
1193: 53.9 dps, 2656 hp, 384.5 mana
1194: startcast iceblast
1194: 53.9 dps, 2675 hp, 393.5 mana
1195: 53.9 dps, 2675 hp, 393.5 mana
1196: 53.8 dps, 2675 hp, 393.5 mana
1197: 53.8 dps, 2675 hp, 393.5 mana
1198: 53.7 dps, 2675 hp, 393.5 mana
1199: 53.7 dps, 2675 hp, 393.5 mana
1200: iceblast tick
1200: finished casting iceblast
1200: 54.3 dps, 2694 hp, 190 mana
