1: startcast Nature's Wrath
1: 0.0 dps, 4000 hp, 4000 mana
2: 0.0 dps, 4000 hp, 4000 mana
3: 0.0 dps, 4000 hp, 4000 mana
4: 0.0 dps, 4000 hp, 4000 mana
5: 0.0 dps, 4000 hp, 4000 mana
6: 0.0 dps, 4000 hp, 4000 mana
7: 0.0 dps, 4000 hp, 4000 mana
8: 0.0 dps, 4000 hp, 4000 mana
9: 0.0 dps, 4000 hp, 4000 mana
10: finished casting Nature's Wrath
10: 0.0 dps, 4000 hp, 4000 mana
11: startcast wingeddeath
11: 0.0 dps, 4000 hp, 4000 mana
12: Nature's Wrath tick
12: 4.6 dps, 4000 hp, 4000 mana
13: 4.2 dps, 4000 hp, 4000 mana
14: 3.9 dps, 4000 hp, 4000 mana
15: 3.7 dps, 4000 hp, 4000 mana
16: finished casting wingeddeath
16: 3.4 dps, 4000 hp, 3702.5 mana
17: 3.2 dps, 4000 hp, 3702.5 mana
18: Nature's Wrath tick
18: wingeddeath tick
18: 14.1 dps, 4000 hp, 3720.5 mana
19: startcast moonfire
19: 13.3 dps, 4000 hp, 3720.5 mana
20: 12.7 dps, 4000 hp, 3720.5 mana
21: 12.0 dps, 4000 hp, 3720.5 mana
22: 11.5 dps, 4000 hp, 3720.5 mana
23: 11.0 dps, 4000 hp, 3720.5 mana
24: Nature's Wrath tick
24: wingeddeath tick
24: 18.8 dps, 4000 hp, 3738.5 mana
25: moonfire tick
25: finished casting moonfire
25: 72.2 dps, 4000 hp, 3466.5 mana
26: 69.4 dps, 4000 hp, 3466.5 mana
27: 66.8 dps, 4000 hp, 3466.5 mana
28: startcast moonfire
28: 64.4 dps, 4000 hp, 3466.5 mana
29: 62.2 dps, 4000 hp, 3466.5 mana
30: Nature's Wrath tick
30: wingeddeath tick
30: 66.8 dps, 4000 hp, 3484.5 mana
31: 64.6 dps, 4000 hp, 3484.5 mana
32: 62.6 dps, 4000 hp, 3484.5 mana
33: 60.7 dps, 4000 hp, 3484.5 mana
34: moonfire tick
34: finished casting moonfire
34: 98.7 dps, 4000 hp, 3212.5 mana
35: 95.9 dps, 4000 hp, 3212.5 mana
36: Nature's Wrath tick
36: wingeddeath tick
36: 98.7 dps, 4000 hp, 3230.5 mana
37: startcast moonfire
37: 96.1 dps, 4000 hp, 3230.5 mana
38: 93.5 dps, 4000 hp, 3230.5 mana
39: 91.1 dps, 4000 hp, 3230.5 mana
40: 88.9 dps, 4000 hp, 3230.5 mana
41: 86.7 dps, 4000 hp, 3230.5 mana
42: Nature's Wrath tick
42: wingeddeath tick
42: 89.3 dps, 4000 hp, 3248.5 mana
43: moonfire tick
43: finished casting moonfire
43: 118.7 dps, 4000 hp, 2976.5 mana
44: 116.0 dps, 4000 hp, 2976.5 mana
45: 113.5 dps, 4000 hp, 2976.5 mana
46: startcast moonfire
46: 111.0 dps, 4000 hp, 2976.5 mana
47: 108.6 dps, 4000 hp, 2976.5 mana
48: Nature's Wrath tick
48: wingeddeath tick
48: 110.5 dps, 4000 hp, 2994.5 mana
49: 108.2 dps, 4000 hp, 2994.5 mana
50: 106.1 dps, 4000 hp, 2994.5 mana
51: 104.0 dps, 4000 hp, 2994.5 mana
52: moonfire tick
52: finished casting moonfire
52: 128.0 dps, 4000 hp, 2722.5 mana
53: 125.6 dps, 4000 hp, 2722.5 mana
54: Nature's Wrath tick
54: wingeddeath tick
54: 126.9 dps, 4000 hp, 2740.5 mana
55: startcast moonfire
55: 124.6 dps, 4000 hp, 2740.5 mana
56: 122.4 dps, 4000 hp, 2740.5 mana
57: 120.3 dps, 4000 hp, 2740.5 mana
58: 118.2 dps, 4000 hp, 2740.5 mana
59: 116.2 dps, 4000 hp, 2740.5 mana
60: Nature's Wrath tick
60: wingeddeath tick
60: 117.6 dps, 4000 hp, 2758.5 mana
61: moonfire tick
61: finished casting moonfire
61: 137.8 dps, 4000 hp, 2486.5 mana
62: 135.6 dps, 4000 hp, 2486.5 mana
63: 133.4 dps, 4000 hp, 2486.5 mana
64: startcast moonfire
64: 131.4 dps, 4000 hp, 2486.5 mana
65: 129.3 dps, 4000 hp, 2486.5 mana
66: Nature's Wrath tick
66: wingeddeath tick
66: 130.4 dps, 4000 hp, 2504.5 mana
67: 128.4 dps, 4000 hp, 2504.5 mana
68: 126.5 dps, 4000 hp, 2504.5 mana
69: 124.7 dps, 4000 hp, 2504.5 mana
70: moonfire tick
70: finished casting moonfire
70: 142.3 dps, 4000 hp, 2232.5 mana
71: 140.3 dps, 4000 hp, 2232.5 mana
72: Nature's Wrath tick
72: wingeddeath tick
72: 141.1 dps, 4000 hp, 2250.5 mana
73: startcast moonfire
73: 139.1 dps, 4000 hp, 2250.5 mana
74: 137.2 dps, 4000 hp, 2250.5 mana
75: 135.4 dps, 4000 hp, 2250.5 mana
76: 133.6 dps, 4000 hp, 2250.5 mana
77: 131.9 dps, 4000 hp, 2250.5 mana
78: Nature's Wrath tick
78: wingeddeath tick
78: 132.7 dps, 4000 hp, 2268.5 mana
79: moonfire tick
79: finished casting moonfire
79: 148.2 dps, 4000 hp, 1996.5 mana
80: 146.3 dps, 4000 hp, 1996.5 mana
81: 144.5 dps, 4000 hp, 1996.5 mana
82: startcast wingeddeath
82: 142.8 dps, 4000 hp, 1996.5 mana
83: 141.1 dps, 4000 hp, 1996.5 mana
84: Nature's Wrath tick
84: 140.0 dps, 4000 hp, 2014.5 mana
85: 138.4 dps, 4000 hp, 2014.5 mana
86: 136.8 dps, 4000 hp, 2014.5 mana
87: finished casting wingeddeath
87: 135.2 dps, 4000 hp, 1717 mana
88: 133.7 dps, 4000 hp, 1717 mana
89: 132.2 dps, 4000 hp, 1717 mana
90: Nature's Wrath tick
90: wingeddeath tick
90: startcast moonfire
90: 132.9 dps, 4000 hp, 1735 mana
91: 131.4 dps, 4000 hp, 1735 mana
92: 130.0 dps, 4000 hp, 1735 mana
93: 128.6 dps, 4000 hp, 1735 mana
94: 127.2 dps, 4000 hp, 1735 mana
95: 125.9 dps, 4000 hp, 1735 mana
96: Nature's Wrath tick
96: wingeddeath tick
96: moonfire tick
96: finished casting moonfire
96: 140.8 dps, 4000 hp, 1481 mana
97: 139.3 dps, 4000 hp, 1481 mana
98: 137.9 dps, 4000 hp, 1481 mana
99: startcast moonfire
99: 136.5 dps, 4000 hp, 1481 mana
100: 135.1 dps, 4000 hp, 1481 mana
101: 133.8 dps, 4000 hp, 1481 mana
102: Nature's Wrath tick
102: wingeddeath tick
102: 134.4 dps, 4000 hp, 1499 mana
103: 133.1 dps, 4000 hp, 1499 mana
104: 131.8 dps, 4000 hp, 1499 mana
105: moonfire tick
105: finished casting moonfire
105: 143.5 dps, 4000 hp, 1227 mana
106: 142.1 dps, 4000 hp, 1227 mana
107: 140.8 dps, 4000 hp, 1227 mana
108: Nature's Wrath tick
108: wingeddeath tick
108: startcast moonfire
108: 141.3 dps, 4000 hp, 1245 mana
109: 140.0 dps, 4000 hp, 1245 mana
110: 138.7 dps, 4000 hp, 1245 mana
111: 137.5 dps, 4000 hp, 1245 mana
112: 136.3 dps, 4000 hp, 1245 mana
113: 135.1 dps, 4000 hp, 1245 mana
114: Nature's Wrath tick
114: wingeddeath tick
114: moonfire tick
114: finished casting moonfire
114: 147.5 dps, 4000 hp, 991 mana
115: 146.2 dps, 4000 hp, 991 mana
116: 144.9 dps, 4000 hp, 991 mana
117: startcast moonfire
117: 143.7 dps, 4000 hp, 991 mana
118: 142.5 dps, 4000 hp, 991 mana
119: 141.3 dps, 4000 hp, 991 mana
120: Nature's Wrath tick
120: wingeddeath tick
120: 141.8 dps, 4000 hp, 1009 mana
121: 140.6 dps, 4000 hp, 1009 mana
122: 139.4 dps, 4000 hp, 1009 mana
123: moonfire tick
123: finished casting moonfire
123: 149.3 dps, 4000 hp, 737 mana
124: 148.1 dps, 4000 hp, 737 mana
125: 146.9 dps, 4000 hp, 737 mana
126: Nature's Wrath tick
126: wingeddeath tick
126: startcast moonfire
126: 147.3 dps, 4000 hp, 755 mana
127: 146.2 dps, 4000 hp, 755 mana
128: 145.0 dps, 4000 hp, 755 mana
129: 143.9 dps, 4000 hp, 755 mana
130: 142.8 dps, 4000 hp, 755 mana
131: 141.7 dps, 4000 hp, 755 mana
132: Nature's Wrath tick
132: wingeddeath tick
132: moonfire tick
132: finished casting moonfire
132: 152.4 dps, 4000 hp, 501 mana
133: 151.2 dps, 4000 hp, 501 mana
134: 150.1 dps, 4000 hp, 501 mana
135: startcast moonfire
135: 149.0 dps, 4000 hp, 501 mana
136: 147.9 dps, 4000 hp, 501 mana
137: 146.8 dps, 4000 hp, 501 mana
138: Nature's Wrath tick
138: wingeddeath tick
138: 147.2 dps, 4000 hp, 519 mana
139: 146.1 dps, 4000 hp, 519 mana
140: 145.1 dps, 4000 hp, 519 mana
141: moonfire tick
141: finished casting moonfire
141: 153.7 dps, 4000 hp, 247 mana
142: 152.6 dps, 4000 hp, 247 mana
143: 151.5 dps, 4000 hp, 247 mana
144: Nature's Wrath tick
144: wingeddeath tick
144: 151.8 dps, 4000 hp, 265 mana
145: 150.8 dps, 4000 hp, 265 mana
146: 149.8 dps, 4000 hp, 265 mana
147: 148.7 dps, 4000 hp, 265 mana
148: 147.7 dps, 4000 hp, 265 mana
149: 146.7 dps, 4000 hp, 265 mana
150: Nature's Wrath tick
150: wingeddeath tick
150: 147.1 dps, 4000 hp, 303 mana
151: 146.1 dps, 4000 hp, 303 mana
152: 145.1 dps, 4000 hp, 303 mana
153: 144.2 dps, 4000 hp, 303 mana
154: 143.3 dps, 4000 hp, 303 mana
155: 142.3 dps, 4000 hp, 303 mana
156: Nature's Wrath tick
156: startcast moonfire
156: 141.8 dps, 4000 hp, 341 mana
157: 140.9 dps, 4000 hp, 341 mana
158: 140.0 dps, 4000 hp, 341 mana
159: 139.1 dps, 4000 hp, 341 mana
160: 138.2 dps, 4000 hp, 341 mana
161: 137.4 dps, 4000 hp, 341 mana
162: Nature's Wrath tick
162: moonfire tick
162: finished casting moonfire
162: 145.2 dps, 4000 hp, 87 mana
163: 144.3 dps, 4000 hp, 87 mana
164: 143.4 dps, 4000 hp, 87 mana
165: 142.6 dps, 4000 hp, 87 mana
166: 141.7 dps, 4000 hp, 87 mana
167: 140.9 dps, 4000 hp, 87 mana
168: Nature's Wrath tick
168: 140.4 dps, 4000 hp, 125 mana
169: 139.5 dps, 4000 hp, 125 mana
170: 138.7 dps, 4000 hp, 125 mana
171: 137.9 dps, 4000 hp, 125 mana
172: 137.1 dps, 4000 hp, 125 mana
173: 136.3 dps, 4000 hp, 125 mana
174: Nature's Wrath tick
174: 135.8 dps, 4000 hp, 163 mana
175: 135.1 dps, 4000 hp, 163 mana
176: 134.3 dps, 4000 hp, 163 mana
177: 133.5 dps, 4000 hp, 163 mana
178: 132.8 dps, 4000 hp, 163 mana
179: 132.0 dps, 4000 hp, 163 mana
180: Nature's Wrath tick
180: 131.6 dps, 4000 hp, 201 mana
181: 130.9 dps, 4000 hp, 201 mana
182: 130.2 dps, 4000 hp, 201 mana
183: 129.5 dps, 4000 hp, 201 mana
184: 128.8 dps, 4000 hp, 201 mana
185: 128.1 dps, 4000 hp, 201 mana
186: Nature's Wrath tick
186: startcast Nature's Wrath
186: 127.7 dps, 4000 hp, 239 mana
187: 127.0 dps, 4000 hp, 239 mana
188: 126.3 dps, 4000 hp, 239 mana
189: 125.6 dps, 4000 hp, 239 mana
190: 125.0 dps, 4000 hp, 239 mana
191: 124.3 dps, 4000 hp, 239 mana
192: 123.7 dps, 4000 hp, 257 mana
193: 123.0 dps, 4000 hp, 257 mana
194: 122.4 dps, 4000 hp, 257 mana
195: finished casting Nature's Wrath
195: 121.8 dps, 4000 hp, 257 mana
196: 121.2 dps, 4000 hp, 257 mana
197: 120.5 dps, 4000 hp, 257 mana
198: Nature's Wrath tick
198: 120.2 dps, 4000 hp, 295 mana
199: 119.6 dps, 4000 hp, 295 mana
200: 119.0 dps, 4000 hp, 295 mana
201: 118.4 dps, 4000 hp, 295 mana
202: 117.8 dps, 4000 hp, 295 mana
203: 117.2 dps, 4000 hp, 295 mana
204: Nature's Wrath tick
204: startcast moonfire
204: 116.9 dps, 4000 hp, 333 mana
205: 116.4 dps, 4000 hp, 333 mana
206: 115.8 dps, 4000 hp, 333 mana
207: 115.2 dps, 4000 hp, 333 mana
208: 114.7 dps, 4000 hp, 333 mana
209: 114.1 dps, 4000 hp, 333 mana
210: Nature's Wrath tick
210: moonfire tick
210: finished casting moonfire
210: 120.3 dps, 4000 hp, 79 mana
211: 119.7 dps, 4000 hp, 79 mana
212: 119.2 dps, 4000 hp, 79 mana
213: 118.6 dps, 4000 hp, 79 mana
214: 118.1 dps, 4000 hp, 79 mana
215: 117.5 dps, 4000 hp, 79 mana
216: Nature's Wrath tick
216: 117.2 dps, 4000 hp, 117 mana
217: 116.7 dps, 4000 hp, 117 mana
218: 116.1 dps, 4000 hp, 117 mana
219: 115.6 dps, 4000 hp, 117 mana
220: 115.1 dps, 4000 hp, 117 mana
221: 114.6 dps, 4000 hp, 117 mana
222: Nature's Wrath tick
222: 114.3 dps, 4000 hp, 155 mana
223: 113.8 dps, 4000 hp, 155 mana
224: 113.3 dps, 4000 hp, 155 mana
225: 112.8 dps, 4000 hp, 155 mana
226: 112.3 dps, 4000 hp, 155 mana
227: 111.8 dps, 4000 hp, 155 mana
228: Nature's Wrath tick
228: 111.5 dps, 4000 hp, 193 mana
229: 111.0 dps, 4000 hp, 193 mana
230: 110.6 dps, 4000 hp, 193 mana
231: 110.1 dps, 4000 hp, 193 mana
232: 109.6 dps, 4000 hp, 193 mana
233: 109.1 dps, 4000 hp, 193 mana
234: Nature's Wrath tick
234: 108.9 dps, 4000 hp, 231 mana
235: 108.4 dps, 4000 hp, 231 mana
236: 108.0 dps, 4000 hp, 231 mana
237: 107.5 dps, 4000 hp, 231 mana
238: 107.1 dps, 4000 hp, 231 mana
239: 106.6 dps, 4000 hp, 231 mana
240: Nature's Wrath tick
240: 106.4 dps, 4000 hp, 269 mana
241: 106.0 dps, 4000 hp, 269 mana
242: 105.5 dps, 4000 hp, 269 mana
243: 105.1 dps, 4000 hp, 269 mana
244: 104.7 dps, 4000 hp, 269 mana
245: 104.2 dps, 4000 hp, 269 mana
246: Nature's Wrath tick
246: 104.0 dps, 4000 hp, 307 mana
247: 103.6 dps, 4000 hp, 307 mana
248: 103.2 dps, 4000 hp, 307 mana
249: 102.8 dps, 4000 hp, 307 mana
250: 102.4 dps, 4000 hp, 307 mana
251: 102.0 dps, 4000 hp, 307 mana
252: Nature's Wrath tick
252: startcast moonfire
252: 101.8 dps, 4000 hp, 345 mana
253: 101.4 dps, 4000 hp, 345 mana
254: 101.0 dps, 4000 hp, 345 mana
255: 100.6 dps, 4000 hp, 345 mana
256: 100.2 dps, 4000 hp, 345 mana
257: 99.8 dps, 4000 hp, 345 mana
258: Nature's Wrath tick
258: moonfire tick
258: finished casting moonfire
258: 104.9 dps, 4000 hp, 91 mana
259: 104.5 dps, 4000 hp, 91 mana
260: 104.1 dps, 4000 hp, 91 mana
261: 103.7 dps, 4000 hp, 91 mana
262: 103.3 dps, 4000 hp, 91 mana
263: 102.9 dps, 4000 hp, 91 mana
264: Nature's Wrath tick
264: 102.7 dps, 4000 hp, 129 mana
265: 102.3 dps, 4000 hp, 129 mana
266: 101.9 dps, 4000 hp, 129 mana
267: 101.5 dps, 4000 hp, 129 mana
268: 101.2 dps, 4000 hp, 129 mana
269: 100.8 dps, 4000 hp, 129 mana
270: Nature's Wrath tick
270: 100.6 dps, 4000 hp, 167 mana
271: 100.3 dps, 4000 hp, 167 mana
272: 99.9 dps, 4000 hp, 167 mana
273: 99.5 dps, 4000 hp, 167 mana
274: 99.2 dps, 4000 hp, 167 mana
275: 98.8 dps, 4000 hp, 167 mana
276: Nature's Wrath tick
276: 98.6 dps, 4000 hp, 205 mana
277: 98.3 dps, 4000 hp, 205 mana
278: 97.9 dps, 4000 hp, 205 mana
279: 97.6 dps, 4000 hp, 205 mana
280: 97.2 dps, 4000 hp, 205 mana
281: 96.9 dps, 4000 hp, 205 mana
282: Nature's Wrath tick
282: 96.7 dps, 4000 hp, 243 mana
283: 96.4 dps, 4000 hp, 243 mana
284: 96.0 dps, 4000 hp, 243 mana
285: 95.7 dps, 4000 hp, 243 mana
286: 95.4 dps, 4000 hp, 243 mana
287: 95.0 dps, 4000 hp, 243 mana
288: Nature's Wrath tick
288: 94.9 dps, 4000 hp, 281 mana
289: 94.6 dps, 4000 hp, 281 mana
290: 94.3 dps, 4000 hp, 281 mana
291: 93.9 dps, 4000 hp, 281 mana
292: 93.6 dps, 4000 hp, 281 mana
293: 93.3 dps, 4000 hp, 281 mana
294: Nature's Wrath tick
294: 93.2 dps, 4000 hp, 319 mana
295: 92.8 dps, 4000 hp, 319 mana
296: 92.5 dps, 4000 hp, 319 mana
297: 92.2 dps, 4000 hp, 319 mana
298: 91.9 dps, 4000 hp, 319 mana
299: 91.6 dps, 4000 hp, 319 mana
300: Nature's Wrath tick
300: startcast wingeddeath
300: 91.5 dps, 4000 hp, 357 mana
301: 91.2 dps, 4000 hp, 357 mana
302: 90.9 dps, 4000 hp, 357 mana
303: 90.6 dps, 4000 hp, 357 mana
304: 90.3 dps, 4000 hp, 357 mana
305: finished casting wingeddeath
305: 90.0 dps, 4000 hp, 59.5 mana
306: Nature's Wrath tick
306: wingeddeath tick
306: 90.3 dps, 4000 hp, 77.5 mana
307: 90.0 dps, 4000 hp, 77.5 mana
308: 89.7 dps, 4000 hp, 77.5 mana
309: 89.5 dps, 4000 hp, 77.5 mana
310: 89.2 dps, 4000 hp, 77.5 mana
311: 88.9 dps, 4000 hp, 77.5 mana
312: Nature's Wrath tick
312: wingeddeath tick
312: 89.2 dps, 4000 hp, 115.5 mana
313: 88.9 dps, 4000 hp, 115.5 mana
314: 88.7 dps, 4000 hp, 115.5 mana
315: 88.4 dps, 4000 hp, 115.5 mana
316: 88.1 dps, 4000 hp, 115.5 mana
317: 87.8 dps, 4000 hp, 115.5 mana
318: Nature's Wrath tick
318: wingeddeath tick
318: 88.2 dps, 4000 hp, 153.5 mana
319: 87.9 dps, 4000 hp, 153.5 mana
320: 87.6 dps, 4000 hp, 153.5 mana
321: 87.3 dps, 4000 hp, 153.5 mana
322: 87.1 dps, 4000 hp, 153.5 mana
323: 86.8 dps, 4000 hp, 153.5 mana
324: Nature's Wrath tick
324: wingeddeath tick
324: 87.1 dps, 4000 hp, 191.5 mana
325: 86.9 dps, 4000 hp, 191.5 mana
326: 86.6 dps, 4000 hp, 191.5 mana
327: 86.3 dps, 4000 hp, 191.5 mana
328: 86.1 dps, 4000 hp, 191.5 mana
329: 85.8 dps, 4000 hp, 191.5 mana
330: Nature's Wrath tick
330: wingeddeath tick
330: 86.2 dps, 4000 hp, 229.5 mana
331: 85.9 dps, 4000 hp, 229.5 mana
332: 85.6 dps, 4000 hp, 229.5 mana
333: 85.4 dps, 4000 hp, 229.5 mana
334: 85.1 dps, 4000 hp, 229.5 mana
335: 84.9 dps, 4000 hp, 229.5 mana
336: Nature's Wrath tick
336: wingeddeath tick
336: 85.2 dps, 4000 hp, 267.5 mana
337: 85.0 dps, 4000 hp, 267.5 mana
338: 84.7 dps, 4000 hp, 267.5 mana
339: 84.5 dps, 4000 hp, 267.5 mana
340: 84.2 dps, 4000 hp, 267.5 mana
341: 84.0 dps, 4000 hp, 267.5 mana
342: Nature's Wrath tick
342: wingeddeath tick
342: 84.3 dps, 4000 hp, 305.5 mana
343: 84.0 dps, 4000 hp, 305.5 mana
344: 83.8 dps, 4000 hp, 305.5 mana
345: 83.6 dps, 4000 hp, 305.5 mana
346: 83.3 dps, 4000 hp, 305.5 mana
347: 83.1 dps, 4000 hp, 305.5 mana
348: Nature's Wrath tick
348: wingeddeath tick
348: startcast moonfire
348: 83.4 dps, 4000 hp, 343.5 mana
349: 83.2 dps, 4000 hp, 343.5 mana
350: 82.9 dps, 4000 hp, 343.5 mana
351: 82.7 dps, 4000 hp, 343.5 mana
352: 82.5 dps, 4000 hp, 343.5 mana
353: 82.2 dps, 4000 hp, 343.5 mana
354: Nature's Wrath tick
354: wingeddeath tick
354: moonfire tick
354: finished casting moonfire
354: 86.4 dps, 4000 hp, 89.5 mana
355: 86.1 dps, 4000 hp, 89.5 mana
356: 85.9 dps, 4000 hp, 89.5 mana
357: 85.7 dps, 4000 hp, 89.5 mana
358: 85.4 dps, 4000 hp, 89.5 mana
359: 85.2 dps, 4000 hp, 89.5 mana
360: Nature's Wrath tick
360: wingeddeath tick
360: 85.5 dps, 4000 hp, 127.5 mana
361: 85.3 dps, 4000 hp, 127.5 mana
362: 85.0 dps, 4000 hp, 127.5 mana
363: 84.8 dps, 4000 hp, 127.5 mana
364: 84.6 dps, 4000 hp, 127.5 mana
365: 84.3 dps, 4000 hp, 127.5 mana
366: Nature's Wrath tick
366: wingeddeath tick
366: 84.6 dps, 4000 hp, 165.5 mana
367: 84.4 dps, 4000 hp, 165.5 mana
368: 84.2 dps, 4000 hp, 165.5 mana
369: 83.9 dps, 4000 hp, 165.5 mana
370: 83.7 dps, 4000 hp, 165.5 mana
371: 83.5 dps, 4000 hp, 165.5 mana
372: Nature's Wrath tick
372: startcast Nature's Wrath
372: 83.4 dps, 4000 hp, 203.5 mana
373: 83.2 dps, 4000 hp, 203.5 mana
374: 83.0 dps, 4000 hp, 203.5 mana
375: 82.7 dps, 4000 hp, 203.5 mana
376: 82.5 dps, 4000 hp, 203.5 mana
377: 82.3 dps, 4000 hp, 203.5 mana
378: 82.1 dps, 4000 hp, 221.5 mana
379: 81.9 dps, 4000 hp, 221.5 mana
380: 81.7 dps, 4000 hp, 221.5 mana
381: finished casting Nature's Wrath
381: 81.4 dps, 4000 hp, 221.5 mana
382: 81.2 dps, 4000 hp, 221.5 mana
383: 81.0 dps, 4000 hp, 221.5 mana
384: Nature's Wrath tick
384: 80.9 dps, 4000 hp, 259.5 mana
385: 80.7 dps, 4000 hp, 259.5 mana
386: 80.5 dps, 4000 hp, 259.5 mana
387: 80.3 dps, 4000 hp, 259.5 mana
388: 80.1 dps, 4000 hp, 259.5 mana
389: 79.9 dps, 4000 hp, 259.5 mana
390: Nature's Wrath tick
390: 79.8 dps, 4000 hp, 297.5 mana
391: 79.6 dps, 4000 hp, 297.5 mana
392: 79.4 dps, 4000 hp, 297.5 mana
393: 79.2 dps, 4000 hp, 297.5 mana
394: 79.0 dps, 4000 hp, 297.5 mana
395: 78.8 dps, 4000 hp, 297.5 mana
396: Nature's Wrath tick
396: startcast moonfire
396: 78.8 dps, 4000 hp, 335.5 mana
397: 78.6 dps, 4000 hp, 335.5 mana
398: 78.4 dps, 4000 hp, 335.5 mana
399: 78.2 dps, 4000 hp, 335.5 mana
400: 78.0 dps, 4000 hp, 335.5 mana
401: 77.8 dps, 4000 hp, 335.5 mana
402: Nature's Wrath tick
402: moonfire tick
402: finished casting moonfire
402: 81.1 dps, 4000 hp, 81.5 mana
403: 80.9 dps, 4000 hp, 81.5 mana
404: 80.7 dps, 4000 hp, 81.5 mana
405: 80.5 dps, 4000 hp, 81.5 mana
406: 80.3 dps, 4000 hp, 81.5 mana
407: 80.1 dps, 4000 hp, 81.5 mana
408: Nature's Wrath tick
408: 80.0 dps, 4000 hp, 119.5 mana
409: 79.8 dps, 4000 hp, 119.5 mana
410: 79.7 dps, 4000 hp, 119.5 mana
411: 79.5 dps, 4000 hp, 119.5 mana
412: 79.3 dps, 4000 hp, 119.5 mana
413: 79.1 dps, 4000 hp, 119.5 mana
414: Nature's Wrath tick
414: 79.0 dps, 4000 hp, 157.5 mana
415: 78.8 dps, 4000 hp, 157.5 mana
416: 78.6 dps, 4000 hp, 157.5 mana
417: 78.4 dps, 4000 hp, 157.5 mana
418: 78.3 dps, 4000 hp, 157.5 mana
419: 78.1 dps, 4000 hp, 157.5 mana
420: Nature's Wrath tick
420: 78.0 dps, 4000 hp, 195.5 mana
421: 77.8 dps, 4000 hp, 195.5 mana
422: 77.6 dps, 4000 hp, 195.5 mana
423: 77.5 dps, 4000 hp, 195.5 mana
424: 77.3 dps, 4000 hp, 195.5 mana
425: 77.1 dps, 4000 hp, 195.5 mana
426: Nature's Wrath tick
426: 77.0 dps, 4000 hp, 233.5 mana
427: 76.9 dps, 4000 hp, 233.5 mana
428: 76.7 dps, 4000 hp, 233.5 mana
429: 76.5 dps, 4000 hp, 233.5 mana
430: 76.3 dps, 4000 hp, 233.5 mana
431: 76.2 dps, 4000 hp, 233.5 mana
432: Nature's Wrath tick
432: 76.1 dps, 4000 hp, 271.5 mana
433: 75.9 dps, 4000 hp, 271.5 mana
434: 75.8 dps, 4000 hp, 271.5 mana
435: 75.6 dps, 4000 hp, 271.5 mana
436: 75.4 dps, 4000 hp, 271.5 mana
437: 75.2 dps, 4000 hp, 271.5 mana
438: Nature's Wrath tick
438: 75.2 dps, 4000 hp, 309.5 mana
439: 75.0 dps, 4000 hp, 309.5 mana
440: 74.8 dps, 4000 hp, 309.5 mana
441: 74.7 dps, 4000 hp, 309.5 mana
442: 74.5 dps, 4000 hp, 309.5 mana
443: 74.3 dps, 4000 hp, 309.5 mana
444: Nature's Wrath tick
444: startcast moonfire
444: 74.3 dps, 4000 hp, 347.5 mana
445: 74.1 dps, 4000 hp, 347.5 mana
446: 74.0 dps, 4000 hp, 347.5 mana
447: 73.8 dps, 4000 hp, 347.5 mana
448: 73.6 dps, 4000 hp, 347.5 mana
449: 73.5 dps, 4000 hp, 347.5 mana
450: Nature's Wrath tick
450: moonfire tick
450: finished casting moonfire
450: 76.4 dps, 4000 hp, 93.5 mana
451: 76.3 dps, 4000 hp, 93.5 mana
452: 76.1 dps, 4000 hp, 93.5 mana
453: 75.9 dps, 4000 hp, 93.5 mana
454: 75.8 dps, 4000 hp, 93.5 mana
455: 75.6 dps, 4000 hp, 93.5 mana
456: Nature's Wrath tick
456: 75.6 dps, 4000 hp, 131.5 mana
457: 75.4 dps, 4000 hp, 131.5 mana
458: 75.2 dps, 4000 hp, 131.5 mana
459: 75.1 dps, 4000 hp, 131.5 mana
460: 74.9 dps, 4000 hp, 131.5 mana
461: 74.7 dps, 4000 hp, 131.5 mana
462: Nature's Wrath tick
462: 74.7 dps, 4000 hp, 169.5 mana
463: 74.5 dps, 4000 hp, 169.5 mana
464: 74.4 dps, 4000 hp, 169.5 mana
465: 74.2 dps, 4000 hp, 169.5 mana
466: 74.0 dps, 4000 hp, 169.5 mana
467: 73.9 dps, 4000 hp, 169.5 mana
468: Nature's Wrath tick
468: 73.8 dps, 4000 hp, 207.5 mana
469: 73.7 dps, 4000 hp, 207.5 mana
470: 73.5 dps, 4000 hp, 207.5 mana
471: 73.4 dps, 4000 hp, 207.5 mana
472: 73.2 dps, 4000 hp, 207.5 mana
473: 73.1 dps, 4000 hp, 207.5 mana
474: Nature's Wrath tick
474: 73.0 dps, 4000 hp, 245.5 mana
475: 72.9 dps, 4000 hp, 245.5 mana
476: 72.7 dps, 4000 hp, 245.5 mana
477: 72.6 dps, 4000 hp, 245.5 mana
478: 72.4 dps, 4000 hp, 245.5 mana
479: 72.3 dps, 4000 hp, 245.5 mana
480: Nature's Wrath tick
480: 72.2 dps, 4000 hp, 283.5 mana
481: 72.1 dps, 4000 hp, 283.5 mana
482: 71.9 dps, 4000 hp, 283.5 mana
483: 71.8 dps, 4000 hp, 283.5 mana
484: 71.6 dps, 4000 hp, 283.5 mana
485: 71.5 dps, 4000 hp, 283.5 mana
486: Nature's Wrath tick
486: startcast moonfire
486: 71.5 dps, 4000 hp, 321.5 mana
487: 71.3 dps, 4000 hp, 321.5 mana
488: 71.2 dps, 4000 hp, 321.5 mana
489: 71.0 dps, 4000 hp, 321.5 mana
490: 70.9 dps, 4000 hp, 321.5 mana
491: 70.7 dps, 4000 hp, 321.5 mana
492: Nature's Wrath tick
492: moonfire tick
492: finished casting moonfire
492: 73.4 dps, 4000 hp, 67.5 mana
493: 73.3 dps, 4000 hp, 67.5 mana
494: 73.1 dps, 4000 hp, 67.5 mana
495: 73.0 dps, 4000 hp, 67.5 mana
496: 72.9 dps, 4000 hp, 67.5 mana
497: 72.7 dps, 4000 hp, 67.5 mana
498: Nature's Wrath tick
498: 72.7 dps, 4000 hp, 105.5 mana
499: 72.5 dps, 4000 hp, 105.5 mana
500: 72.4 dps, 4000 hp, 105.5 mana
501: 72.2 dps, 4000 hp, 105.5 mana
502: 72.1 dps, 4000 hp, 105.5 mana
503: 71.9 dps, 4000 hp, 105.5 mana
504: Nature's Wrath tick
504: 71.9 dps, 4000 hp, 143.5 mana
505: 71.8 dps, 4000 hp, 143.5 mana
506: 71.6 dps, 4000 hp, 143.5 mana
507: 71.5 dps, 4000 hp, 143.5 mana
508: 71.3 dps, 4000 hp, 143.5 mana
509: 71.2 dps, 4000 hp, 143.5 mana
510: Nature's Wrath tick
510: 71.2 dps, 4000 hp, 181.5 mana
511: 71.0 dps, 4000 hp, 181.5 mana
512: 70.9 dps, 4000 hp, 181.5 mana
513: 70.8 dps, 4000 hp, 181.5 mana
514: 70.6 dps, 4000 hp, 181.5 mana
515: 70.5 dps, 4000 hp, 181.5 mana
516: Nature's Wrath tick
516: 70.5 dps, 4000 hp, 219.5 mana
517: 70.3 dps, 4000 hp, 219.5 mana
518: 70.2 dps, 4000 hp, 219.5 mana
519: 70.0 dps, 4000 hp, 219.5 mana
520: 69.9 dps, 4000 hp, 219.5 mana
521: 69.8 dps, 4000 hp, 219.5 mana
522: Nature's Wrath tick
522: 69.8 dps, 4000 hp, 257.5 mana
523: 69.6 dps, 4000 hp, 257.5 mana
524: 69.5 dps, 4000 hp, 257.5 mana
525: 69.4 dps, 4000 hp, 257.5 mana
526: 69.2 dps, 4000 hp, 257.5 mana
527: 69.1 dps, 4000 hp, 257.5 mana
528: Nature's Wrath tick
528: 69.1 dps, 4000 hp, 295.5 mana
529: 68.9 dps, 4000 hp, 295.5 mana
530: 68.8 dps, 4000 hp, 295.5 mana
531: 68.7 dps, 4000 hp, 295.5 mana
532: 68.5 dps, 4000 hp, 295.5 mana
533: 68.4 dps, 4000 hp, 295.5 mana
534: Nature's Wrath tick
534: startcast moonfire
534: 68.4 dps, 4000 hp, 333.5 mana
535: 68.3 dps, 4000 hp, 333.5 mana
536: 68.1 dps, 4000 hp, 333.5 mana
537: 68.0 dps, 4000 hp, 333.5 mana
538: 67.9 dps, 4000 hp, 333.5 mana
539: 67.8 dps, 4000 hp, 333.5 mana
540: Nature's Wrath tick
540: moonfire tick
540: finished casting moonfire
540: 70.2 dps, 4000 hp, 79.5 mana
541: 70.1 dps, 4000 hp, 79.5 mana
542: 70.0 dps, 4000 hp, 79.5 mana
543: 69.9 dps, 4000 hp, 79.5 mana
544: 69.7 dps, 4000 hp, 79.5 mana
545: 69.6 dps, 4000 hp, 79.5 mana
546: Nature's Wrath tick
546: 69.6 dps, 4000 hp, 117.5 mana
547: 69.4 dps, 4000 hp, 117.5 mana
548: 69.3 dps, 4000 hp, 117.5 mana
549: 69.2 dps, 4000 hp, 117.5 mana
550: 69.1 dps, 4000 hp, 117.5 mana
551: 68.9 dps, 4000 hp, 117.5 mana
552: Nature's Wrath tick
552: 68.9 dps, 4000 hp, 155.5 mana
553: 68.8 dps, 4000 hp, 155.5 mana
554: 68.7 dps, 4000 hp, 155.5 mana
555: 68.5 dps, 4000 hp, 155.5 mana
556: 68.4 dps, 4000 hp, 155.5 mana
557: 68.3 dps, 4000 hp, 155.5 mana
558: Nature's Wrath tick
558: startcast Nature's Wrath
558: 68.3 dps, 4000 hp, 193.5 mana
559: 68.1 dps, 4000 hp, 193.5 mana
560: 68.0 dps, 4000 hp, 193.5 mana
561: 67.9 dps, 4000 hp, 193.5 mana
562: 67.8 dps, 4000 hp, 193.5 mana
563: 67.7 dps, 4000 hp, 193.5 mana
564: 67.5 dps, 4000 hp, 211.5 mana
565: 67.4 dps, 4000 hp, 211.5 mana
566: 67.3 dps, 4000 hp, 211.5 mana
567: finished casting Nature's Wrath
567: 67.2 dps, 4000 hp, 211.5 mana
568: 67.1 dps, 4000 hp, 211.5 mana
569: 66.9 dps, 4000 hp, 211.5 mana
570: Nature's Wrath tick
570: 66.9 dps, 4000 hp, 249.5 mana
571: 66.8 dps, 4000 hp, 249.5 mana
572: 66.7 dps, 4000 hp, 249.5 mana
573: 66.6 dps, 4000 hp, 249.5 mana
574: 66.5 dps, 4000 hp, 249.5 mana
575: 66.3 dps, 4000 hp, 249.5 mana
576: Nature's Wrath tick
576: 66.3 dps, 4000 hp, 287.5 mana
577: 66.2 dps, 4000 hp, 287.5 mana
578: 66.1 dps, 4000 hp, 287.5 mana
579: 66.0 dps, 4000 hp, 287.5 mana
580: 65.9 dps, 4000 hp, 287.5 mana
581: 65.8 dps, 4000 hp, 287.5 mana
582: Nature's Wrath tick
582: startcast moonfire
582: 65.7 dps, 4000 hp, 325.5 mana
583: 65.6 dps, 4000 hp, 325.5 mana
584: 65.5 dps, 4000 hp, 325.5 mana
585: 65.4 dps, 4000 hp, 325.5 mana
586: 65.3 dps, 4000 hp, 325.5 mana
587: 65.2 dps, 4000 hp, 325.5 mana
588: Nature's Wrath tick
588: moonfire tick
588: finished casting moonfire
588: 67.5 dps, 4000 hp, 71.5 mana
589: 67.3 dps, 4000 hp, 71.5 mana
590: 67.2 dps, 4000 hp, 71.5 mana
591: 67.1 dps, 4000 hp, 71.5 mana
592: 67.0 dps, 4000 hp, 71.5 mana
593: 66.9 dps, 4000 hp, 71.5 mana
594: Nature's Wrath tick
594: 66.9 dps, 4000 hp, 109.5 mana
595: 66.8 dps, 4000 hp, 109.5 mana
596: 66.6 dps, 4000 hp, 109.5 mana
597: 66.5 dps, 4000 hp, 109.5 mana
598: 66.4 dps, 4000 hp, 109.5 mana
599: 66.3 dps, 4000 hp, 109.5 mana
600: Nature's Wrath tick
600: 66.3 dps, 4000 hp, 147.5 mana
601: 66.2 dps, 4000 hp, 147.5 mana
602: 66.1 dps, 4000 hp, 147.5 mana
603: 66.0 dps, 4000 hp, 147.5 mana
604: 65.9 dps, 4000 hp, 147.5 mana
605: 65.7 dps, 4000 hp, 147.5 mana
606: Nature's Wrath tick
606: 65.7 dps, 4000 hp, 185.5 mana
607: 65.6 dps, 4000 hp, 185.5 mana
608: 65.5 dps, 4000 hp, 185.5 mana
609: 65.4 dps, 4000 hp, 185.5 mana
610: 65.3 dps, 4000 hp, 185.5 mana
611: 65.2 dps, 4000 hp, 185.5 mana
612: Nature's Wrath tick
612: 65.2 dps, 4000 hp, 223.5 mana
613: 65.1 dps, 4000 hp, 223.5 mana
614: 65.0 dps, 4000 hp, 223.5 mana
615: 64.9 dps, 4000 hp, 223.5 mana
616: 64.8 dps, 4000 hp, 223.5 mana
617: 64.6 dps, 4000 hp, 223.5 mana
618: Nature's Wrath tick
618: 64.6 dps, 4000 hp, 261.5 mana
619: 64.5 dps, 4000 hp, 261.5 mana
620: 64.4 dps, 4000 hp, 261.5 mana
621: 64.3 dps, 4000 hp, 261.5 mana
622: 64.2 dps, 4000 hp, 261.5 mana
623: 64.1 dps, 4000 hp, 261.5 mana
624: Nature's Wrath tick
624: 64.1 dps, 4000 hp, 299.5 mana
625: 64.0 dps, 4000 hp, 299.5 mana
626: 63.9 dps, 4000 hp, 299.5 mana
627: 63.8 dps, 4000 hp, 299.5 mana
628: 63.7 dps, 4000 hp, 299.5 mana
629: 63.6 dps, 4000 hp, 299.5 mana
630: Nature's Wrath tick
630: startcast moonfire
630: 63.6 dps, 4000 hp, 337.5 mana
631: 63.5 dps, 4000 hp, 337.5 mana
632: 63.4 dps, 4000 hp, 337.5 mana
633: 63.3 dps, 4000 hp, 337.5 mana
634: 63.2 dps, 4000 hp, 337.5 mana
635: 63.1 dps, 4000 hp, 337.5 mana
636: Nature's Wrath tick
636: moonfire tick
636: finished casting moonfire
636: 65.2 dps, 4000 hp, 83.5 mana
637: 65.1 dps, 4000 hp, 83.5 mana
638: 65.0 dps, 4000 hp, 83.5 mana
639: 64.9 dps, 4000 hp, 83.5 mana
640: 64.8 dps, 4000 hp, 83.5 mana
641: 64.7 dps, 4000 hp, 83.5 mana
642: Nature's Wrath tick
642: 64.7 dps, 4000 hp, 121.5 mana
643: 64.6 dps, 4000 hp, 121.5 mana
644: 64.5 dps, 4000 hp, 121.5 mana
645: 64.4 dps, 4000 hp, 121.5 mana
646: 64.3 dps, 4000 hp, 121.5 mana
647: 64.2 dps, 4000 hp, 121.5 mana
648: Nature's Wrath tick
648: 64.2 dps, 4000 hp, 159.5 mana
649: 64.1 dps, 4000 hp, 159.5 mana
650: 64.0 dps, 4000 hp, 159.5 mana
651: 63.9 dps, 4000 hp, 159.5 mana
652: 63.8 dps, 4000 hp, 159.5 mana
653: 63.7 dps, 4000 hp, 159.5 mana
654: Nature's Wrath tick
654: 63.6 dps, 4000 hp, 197.5 mana
655: 63.6 dps, 4000 hp, 197.5 mana
656: 63.5 dps, 4000 hp, 197.5 mana
657: 63.4 dps, 4000 hp, 197.5 mana
658: 63.3 dps, 4000 hp, 197.5 mana
659: 63.2 dps, 4000 hp, 197.5 mana
660: Nature's Wrath tick
660: 63.2 dps, 4000 hp, 235.5 mana
661: 63.1 dps, 4000 hp, 235.5 mana
662: 63.0 dps, 4000 hp, 235.5 mana
663: 62.9 dps, 4000 hp, 235.5 mana
664: 62.8 dps, 4000 hp, 235.5 mana
665: 62.7 dps, 4000 hp, 235.5 mana
666: Nature's Wrath tick
666: 62.7 dps, 4000 hp, 273.5 mana
667: 62.6 dps, 4000 hp, 273.5 mana
668: 62.5 dps, 4000 hp, 273.5 mana
669: 62.4 dps, 4000 hp, 273.5 mana
670: 62.3 dps, 4000 hp, 273.5 mana
671: 62.2 dps, 4000 hp, 273.5 mana
672: Nature's Wrath tick
672: 62.2 dps, 4000 hp, 311.5 mana
673: 62.1 dps, 4000 hp, 311.5 mana
674: 62.0 dps, 4000 hp, 311.5 mana
675: 61.9 dps, 4000 hp, 311.5 mana
676: 61.8 dps, 4000 hp, 311.5 mana
677: 61.7 dps, 4000 hp, 311.5 mana
678: Nature's Wrath tick
678: startcast moonfire
678: 61.7 dps, 4000 hp, 349.5 mana
679: 61.6 dps, 4000 hp, 349.5 mana
680: 61.5 dps, 4000 hp, 349.5 mana
681: 61.4 dps, 4000 hp, 349.5 mana
682: 61.4 dps, 4000 hp, 349.5 mana
683: 61.3 dps, 4000 hp, 349.5 mana
684: Nature's Wrath tick
684: moonfire tick
684: finished casting moonfire
684: 63.2 dps, 4000 hp, 95.5 mana
685: 63.1 dps, 4000 hp, 95.5 mana
686: 63.1 dps, 4000 hp, 95.5 mana
687: 63.0 dps, 4000 hp, 95.5 mana
688: 62.9 dps, 4000 hp, 95.5 mana
689: 62.8 dps, 4000 hp, 95.5 mana
690: Nature's Wrath tick
690: 62.8 dps, 4000 hp, 133.5 mana
691: 62.7 dps, 4000 hp, 133.5 mana
692: 62.6 dps, 4000 hp, 133.5 mana
693: 62.5 dps, 4000 hp, 133.5 mana
694: 62.4 dps, 4000 hp, 133.5 mana
695: 62.3 dps, 4000 hp, 133.5 mana
696: Nature's Wrath tick
696: 62.3 dps, 4000 hp, 171.5 mana
697: 62.2 dps, 4000 hp, 171.5 mana
698: 62.1 dps, 4000 hp, 171.5 mana
699: 62.0 dps, 4000 hp, 171.5 mana
700: 61.9 dps, 4000 hp, 171.5 mana
701: 61.9 dps, 4000 hp, 171.5 mana
702: Nature's Wrath tick
702: 61.9 dps, 4000 hp, 209.5 mana
703: 61.8 dps, 4000 hp, 209.5 mana
704: 61.7 dps, 4000 hp, 209.5 mana
705: 61.6 dps, 4000 hp, 209.5 mana
706: 61.5 dps, 4000 hp, 209.5 mana
707: 61.4 dps, 4000 hp, 209.5 mana
708: Nature's Wrath tick
708: 61.4 dps, 4000 hp, 247.5 mana
709: 61.3 dps, 4000 hp, 247.5 mana
710: 61.2 dps, 4000 hp, 247.5 mana
711: 61.1 dps, 4000 hp, 247.5 mana
712: 61.1 dps, 4000 hp, 247.5 mana
713: 61.0 dps, 4000 hp, 247.5 mana
714: Nature's Wrath tick
714: 61.0 dps, 4000 hp, 285.5 mana
715: 60.9 dps, 4000 hp, 285.5 mana
716: 60.8 dps, 4000 hp, 285.5 mana
717: 60.7 dps, 4000 hp, 285.5 mana
718: 60.6 dps, 4000 hp, 285.5 mana
719: 60.5 dps, 4000 hp, 285.5 mana
720: Nature's Wrath tick
720: startcast moonfire
720: 60.5 dps, 4000 hp, 323.5 mana
721: 60.4 dps, 4000 hp, 323.5 mana
722: 60.4 dps, 4000 hp, 323.5 mana
723: 60.3 dps, 4000 hp, 323.5 mana
724: 60.2 dps, 4000 hp, 323.5 mana
725: 60.1 dps, 4000 hp, 323.5 mana
726: Nature's Wrath tick
726: moonfire tick
726: finished casting moonfire
726: 62.0 dps, 4000 hp, 69.5 mana
727: 61.9 dps, 4000 hp, 69.5 mana
728: 61.8 dps, 4000 hp, 69.5 mana
729: 61.7 dps, 4000 hp, 69.5 mana
730: 61.6 dps, 4000 hp, 69.5 mana
731: 61.5 dps, 4000 hp, 69.5 mana
732: Nature's Wrath tick
732: 61.5 dps, 4000 hp, 107.5 mana
733: 61.5 dps, 4000 hp, 107.5 mana
734: 61.4 dps, 4000 hp, 107.5 mana
735: 61.3 dps, 4000 hp, 107.5 mana
736: 61.2 dps, 4000 hp, 107.5 mana
737: 61.1 dps, 4000 hp, 107.5 mana
738: Nature's Wrath tick
738: 61.1 dps, 4000 hp, 145.5 mana
739: 61.0 dps, 4000 hp, 145.5 mana
740: 60.9 dps, 4000 hp, 145.5 mana
741: 60.9 dps, 4000 hp, 145.5 mana
742: 60.8 dps, 4000 hp, 145.5 mana
743: 60.7 dps, 4000 hp, 145.5 mana
744: Nature's Wrath tick
744: startcast Nature's Wrath
744: 60.7 dps, 4000 hp, 183.5 mana
745: 60.6 dps, 4000 hp, 183.5 mana
746: 60.5 dps, 4000 hp, 183.5 mana
747: 60.5 dps, 4000 hp, 183.5 mana
748: 60.4 dps, 4000 hp, 183.5 mana
749: 60.3 dps, 4000 hp, 183.5 mana
750: 60.2 dps, 4000 hp, 201.5 mana
751: 60.1 dps, 4000 hp, 201.5 mana
752: 60.1 dps, 4000 hp, 201.5 mana
753: finished casting Nature's Wrath
753: 60.0 dps, 4000 hp, 201.5 mana
754: 59.9 dps, 4000 hp, 201.5 mana
755: 59.8 dps, 4000 hp, 201.5 mana
756: Nature's Wrath tick
756: 59.8 dps, 4000 hp, 239.5 mana
757: 59.7 dps, 4000 hp, 239.5 mana
758: 59.6 dps, 4000 hp, 239.5 mana
759: 59.6 dps, 4000 hp, 239.5 mana
760: 59.5 dps, 4000 hp, 239.5 mana
761: 59.4 dps, 4000 hp, 239.5 mana
762: Nature's Wrath tick
762: 59.4 dps, 4000 hp, 277.5 mana
763: 59.3 dps, 4000 hp, 277.5 mana
764: 59.3 dps, 4000 hp, 277.5 mana
765: 59.2 dps, 4000 hp, 277.5 mana
766: 59.1 dps, 4000 hp, 277.5 mana
767: 59.0 dps, 4000 hp, 277.5 mana
768: Nature's Wrath tick
768: 59.0 dps, 4000 hp, 315.5 mana
769: 58.9 dps, 4000 hp, 315.5 mana
770: 58.9 dps, 4000 hp, 315.5 mana
771: 58.8 dps, 4000 hp, 315.5 mana
772: 58.7 dps, 4000 hp, 315.5 mana
773: 58.6 dps, 4000 hp, 315.5 mana
774: Nature's Wrath tick
774: startcast wingeddeath
774: 58.6 dps, 4000 hp, 353.5 mana
775: 58.6 dps, 4000 hp, 353.5 mana
776: 58.5 dps, 4000 hp, 353.5 mana
777: 58.4 dps, 4000 hp, 353.5 mana
778: 58.3 dps, 4000 hp, 353.5 mana
779: finished casting wingeddeath
779: 58.3 dps, 4000 hp, 56 mana
780: Nature's Wrath tick
780: wingeddeath tick
780: 58.4 dps, 4000 hp, 74 mana
781: 58.4 dps, 4000 hp, 74 mana
782: 58.3 dps, 4000 hp, 74 mana
783: 58.2 dps, 4000 hp, 74 mana
784: 58.1 dps, 4000 hp, 74 mana
785: 58.1 dps, 4000 hp, 74 mana
786: Nature's Wrath tick
786: wingeddeath tick
786: 58.2 dps, 4000 hp, 112 mana
787: 58.2 dps, 4000 hp, 112 mana
788: 58.1 dps, 4000 hp, 112 mana
789: 58.0 dps, 4000 hp, 112 mana
790: 57.9 dps, 4000 hp, 112 mana
791: 57.9 dps, 4000 hp, 112 mana
792: Nature's Wrath tick
792: wingeddeath tick
792: 58.0 dps, 4000 hp, 150 mana
793: 58.0 dps, 4000 hp, 150 mana
794: 57.9 dps, 4000 hp, 150 mana
795: 57.8 dps, 4000 hp, 150 mana
796: 57.8 dps, 4000 hp, 150 mana
797: 57.7 dps, 4000 hp, 150 mana
798: Nature's Wrath tick
798: wingeddeath tick
798: 57.9 dps, 4000 hp, 188 mana
799: 57.8 dps, 4000 hp, 188 mana
800: 57.7 dps, 4000 hp, 188 mana
801: 57.6 dps, 4000 hp, 188 mana
802: 57.6 dps, 4000 hp, 188 mana
803: 57.5 dps, 4000 hp, 188 mana
804: Nature's Wrath tick
804: wingeddeath tick
804: 57.7 dps, 4000 hp, 226 mana
805: 57.6 dps, 4000 hp, 226 mana
806: 57.5 dps, 4000 hp, 226 mana
807: 57.5 dps, 4000 hp, 226 mana
808: 57.4 dps, 4000 hp, 226 mana
809: 57.3 dps, 4000 hp, 226 mana
810: Nature's Wrath tick
810: wingeddeath tick
810: 57.5 dps, 4000 hp, 264 mana
811: 57.4 dps, 4000 hp, 264 mana
812: 57.3 dps, 4000 hp, 264 mana
813: 57.3 dps, 4000 hp, 264 mana
814: 57.2 dps, 4000 hp, 264 mana
815: 57.1 dps, 4000 hp, 264 mana
816: Nature's Wrath tick
816: wingeddeath tick
816: 57.3 dps, 4000 hp, 302 mana
817: 57.2 dps, 4000 hp, 302 mana
818: 57.2 dps, 4000 hp, 302 mana
819: 57.1 dps, 4000 hp, 302 mana
820: 57.0 dps, 4000 hp, 302 mana
821: 57.0 dps, 4000 hp, 302 mana
822: Nature's Wrath tick
822: wingeddeath tick
822: startcast moonfire
822: 57.1 dps, 4000 hp, 340 mana
823: 57.1 dps, 4000 hp, 340 mana
824: 57.0 dps, 4000 hp, 340 mana
825: 56.9 dps, 4000 hp, 340 mana
826: 56.9 dps, 4000 hp, 340 mana
827: 56.8 dps, 4000 hp, 340 mana
828: Nature's Wrath tick
828: wingeddeath tick
828: moonfire tick
828: finished casting moonfire
828: 58.6 dps, 4000 hp, 86 mana
829: 58.5 dps, 4000 hp, 86 mana
830: 58.4 dps, 4000 hp, 86 mana
831: 58.4 dps, 4000 hp, 86 mana
832: 58.3 dps, 4000 hp, 86 mana
833: 58.2 dps, 4000 hp, 86 mana
834: Nature's Wrath tick
834: wingeddeath tick
834: 58.4 dps, 4000 hp, 124 mana
835: 58.3 dps, 4000 hp, 124 mana
836: 58.3 dps, 4000 hp, 124 mana
837: 58.2 dps, 4000 hp, 124 mana
838: 58.1 dps, 4000 hp, 124 mana
839: 58.1 dps, 4000 hp, 124 mana
840: Nature's Wrath tick
840: wingeddeath tick
840: 58.2 dps, 4000 hp, 162 mana
841: 58.2 dps, 4000 hp, 162 mana
842: 58.1 dps, 4000 hp, 162 mana
843: 58.0 dps, 4000 hp, 162 mana
844: 57.9 dps, 4000 hp, 162 mana
845: 57.9 dps, 4000 hp, 162 mana
846: Nature's Wrath tick
846: 57.9 dps, 4000 hp, 200 mana
847: 57.8 dps, 4000 hp, 200 mana
848: 57.7 dps, 4000 hp, 200 mana
849: 57.7 dps, 4000 hp, 200 mana
850: 57.6 dps, 4000 hp, 200 mana
851: 57.5 dps, 4000 hp, 200 mana
852: Nature's Wrath tick
852: 57.5 dps, 4000 hp, 238 mana
853: 57.5 dps, 4000 hp, 238 mana
854: 57.4 dps, 4000 hp, 238 mana
855: 57.3 dps, 4000 hp, 238 mana
856: 57.3 dps, 4000 hp, 238 mana
857: 57.2 dps, 4000 hp, 238 mana
858: Nature's Wrath tick
858: 57.2 dps, 4000 hp, 276 mana
859: 57.1 dps, 4000 hp, 276 mana
860: 57.1 dps, 4000 hp, 276 mana
861: 57.0 dps, 4000 hp, 276 mana
862: 56.9 dps, 4000 hp, 276 mana
863: 56.9 dps, 4000 hp, 276 mana
864: Nature's Wrath tick
864: 56.9 dps, 4000 hp, 314 mana
865: 56.8 dps, 4000 hp, 314 mana
866: 56.7 dps, 4000 hp, 314 mana
867: 56.7 dps, 4000 hp, 314 mana
868: 56.6 dps, 4000 hp, 314 mana
869: 56.5 dps, 4000 hp, 314 mana
870: Nature's Wrath tick
870: startcast wingeddeath
870: 56.5 dps, 4000 hp, 352 mana
871: 56.5 dps, 4000 hp, 352 mana
872: 56.4 dps, 4000 hp, 352 mana
873: 56.3 dps, 4000 hp, 352 mana
874: 56.3 dps, 4000 hp, 352 mana
875: finished casting wingeddeath
875: 56.2 dps, 4000 hp, 54.5 mana
876: Nature's Wrath tick
876: wingeddeath tick
876: 56.4 dps, 4000 hp, 72.5 mana
877: 56.3 dps, 4000 hp, 72.5 mana
878: 56.2 dps, 4000 hp, 72.5 mana
879: 56.2 dps, 4000 hp, 72.5 mana
880: 56.1 dps, 4000 hp, 72.5 mana
881: 56.1 dps, 4000 hp, 72.5 mana
882: Nature's Wrath tick
882: wingeddeath tick
882: 56.2 dps, 4000 hp, 110.5 mana
883: 56.1 dps, 4000 hp, 110.5 mana
884: 56.1 dps, 4000 hp, 110.5 mana
885: 56.0 dps, 4000 hp, 110.5 mana
886: 56.0 dps, 4000 hp, 110.5 mana
887: 55.9 dps, 4000 hp, 110.5 mana
888: Nature's Wrath tick
888: wingeddeath tick
888: 56.1 dps, 4000 hp, 148.5 mana
889: 56.0 dps, 4000 hp, 148.5 mana
890: 55.9 dps, 4000 hp, 148.5 mana
891: 55.9 dps, 4000 hp, 148.5 mana
892: 55.8 dps, 4000 hp, 148.5 mana
893: 55.7 dps, 4000 hp, 148.5 mana
894: Nature's Wrath tick
894: wingeddeath tick
894: 55.9 dps, 4000 hp, 186.5 mana
895: 55.8 dps, 4000 hp, 186.5 mana
896: 55.8 dps, 4000 hp, 186.5 mana
897: 55.7 dps, 4000 hp, 186.5 mana
898: 55.7 dps, 4000 hp, 186.5 mana
899: 55.6 dps, 4000 hp, 186.5 mana
900: Nature's Wrath tick
900: wingeddeath tick
900: 55.7 dps, 4000 hp, 224.5 mana
901: 55.7 dps, 4000 hp, 224.5 mana
902: 55.6 dps, 4000 hp, 224.5 mana
903: 55.6 dps, 4000 hp, 224.5 mana
904: 55.5 dps, 4000 hp, 224.5 mana
905: 55.4 dps, 4000 hp, 224.5 mana
906: Nature's Wrath tick
906: wingeddeath tick
906: 55.6 dps, 4000 hp, 262.5 mana
907: 55.5 dps, 4000 hp, 262.5 mana
908: 55.5 dps, 4000 hp, 262.5 mana
909: 55.4 dps, 4000 hp, 262.5 mana
910: 55.4 dps, 4000 hp, 262.5 mana
911: 55.3 dps, 4000 hp, 262.5 mana
912: Nature's Wrath tick
912: wingeddeath tick
912: 55.4 dps, 4000 hp, 300.5 mana
913: 55.4 dps, 4000 hp, 300.5 mana
914: 55.3 dps, 4000 hp, 300.5 mana
915: 55.3 dps, 4000 hp, 300.5 mana
916: 55.2 dps, 4000 hp, 300.5 mana
917: 55.1 dps, 4000 hp, 300.5 mana
918: Nature's Wrath tick
918: wingeddeath tick
918: startcast moonfire
918: 55.3 dps, 4000 hp, 338.5 mana
919: 55.2 dps, 4000 hp, 338.5 mana
920: 55.2 dps, 4000 hp, 338.5 mana
921: 55.1 dps, 4000 hp, 338.5 mana
922: 55.1 dps, 4000 hp, 338.5 mana
923: 55.0 dps, 4000 hp, 338.5 mana
924: Nature's Wrath tick
924: wingeddeath tick
924: moonfire tick
924: finished casting moonfire
924: 56.6 dps, 4000 hp, 84.5 mana
925: 56.6 dps, 4000 hp, 84.5 mana
926: 56.5 dps, 4000 hp, 84.5 mana
927: 56.4 dps, 4000 hp, 84.5 mana
928: 56.4 dps, 4000 hp, 84.5 mana
929: 56.3 dps, 4000 hp, 84.5 mana
930: Nature's Wrath tick
930: wingeddeath tick
930: startcast Nature's Wrath
930: 56.5 dps, 4000 hp, 122.5 mana
931: 56.4 dps, 4000 hp, 122.5 mana
932: 56.3 dps, 4000 hp, 122.5 mana
933: 56.3 dps, 4000 hp, 122.5 mana
934: 56.2 dps, 4000 hp, 122.5 mana
935: 56.2 dps, 4000 hp, 122.5 mana
936: wingeddeath tick
936: 56.3 dps, 4000 hp, 140.5 mana
937: 56.2 dps, 4000 hp, 140.5 mana
938: 56.1 dps, 4000 hp, 140.5 mana
939: finished casting Nature's Wrath
939: 56.1 dps, 4000 hp, 140.5 mana
940: 56.0 dps, 4000 hp, 140.5 mana
941: 56.0 dps, 4000 hp, 140.5 mana
942: Nature's Wrath tick
942: 56.0 dps, 4000 hp, 178.5 mana
943: 55.9 dps, 4000 hp, 178.5 mana
944: 55.8 dps, 4000 hp, 178.5 mana
945: 55.8 dps, 4000 hp, 178.5 mana
946: 55.7 dps, 4000 hp, 178.5 mana
947: 55.7 dps, 4000 hp, 178.5 mana
948: Nature's Wrath tick
948: 55.7 dps, 4000 hp, 216.5 mana
949: 55.6 dps, 4000 hp, 216.5 mana
950: 55.5 dps, 4000 hp, 216.5 mana
951: 55.5 dps, 4000 hp, 216.5 mana
952: 55.4 dps, 4000 hp, 216.5 mana
953: 55.4 dps, 4000 hp, 216.5 mana
954: Nature's Wrath tick
954: 55.4 dps, 4000 hp, 254.5 mana
955: 55.3 dps, 4000 hp, 254.5 mana
956: 55.3 dps, 4000 hp, 254.5 mana
957: 55.2 dps, 4000 hp, 254.5 mana
958: 55.1 dps, 4000 hp, 254.5 mana
959: 55.1 dps, 4000 hp, 254.5 mana
960: Nature's Wrath tick
960: 55.1 dps, 4000 hp, 292.5 mana
961: 55.0 dps, 4000 hp, 292.5 mana
962: 55.0 dps, 4000 hp, 292.5 mana
963: 54.9 dps, 4000 hp, 292.5 mana
964: 54.9 dps, 4000 hp, 292.5 mana
965: 54.8 dps, 4000 hp, 292.5 mana
966: Nature's Wrath tick
966: startcast moonfire
966: 54.8 dps, 4000 hp, 330.5 mana
967: 54.7 dps, 4000 hp, 330.5 mana
968: 54.7 dps, 4000 hp, 330.5 mana
969: 54.6 dps, 4000 hp, 330.5 mana
970: 54.6 dps, 4000 hp, 330.5 mana
971: 54.5 dps, 4000 hp, 330.5 mana
972: Nature's Wrath tick
972: moonfire tick
972: finished casting moonfire
972: 55.9 dps, 4000 hp, 76.5 mana
973: 55.9 dps, 4000 hp, 76.5 mana
974: 55.8 dps, 4000 hp, 76.5 mana
975: 55.7 dps, 4000 hp, 76.5 mana
976: 55.7 dps, 4000 hp, 76.5 mana
977: 55.6 dps, 4000 hp, 76.5 mana
978: Nature's Wrath tick
978: 55.6 dps, 4000 hp, 114.5 mana
979: 55.6 dps, 4000 hp, 114.5 mana
980: 55.5 dps, 4000 hp, 114.5 mana
981: 55.5 dps, 4000 hp, 114.5 mana
982: 55.4 dps, 4000 hp, 114.5 mana
983: 55.3 dps, 4000 hp, 114.5 mana
984: Nature's Wrath tick
984: 55.3 dps, 4000 hp, 152.5 mana
985: 55.3 dps, 4000 hp, 152.5 mana
986: 55.2 dps, 4000 hp, 152.5 mana
987: 55.2 dps, 4000 hp, 152.5 mana
988: 55.1 dps, 4000 hp, 152.5 mana
989: 55.1 dps, 4000 hp, 152.5 mana
990: Nature's Wrath tick
990: 55.1 dps, 4000 hp, 190.5 mana
991: 55.0 dps, 4000 hp, 190.5 mana
992: 54.9 dps, 4000 hp, 190.5 mana
993: 54.9 dps, 4000 hp, 190.5 mana
994: 54.8 dps, 4000 hp, 190.5 mana
995: 54.8 dps, 4000 hp, 190.5 mana
996: Nature's Wrath tick
996: 54.8 dps, 4000 hp, 228.5 mana
997: 54.7 dps, 4000 hp, 228.5 mana
998: 54.7 dps, 4000 hp, 228.5 mana
999: 54.6 dps, 4000 hp, 228.5 mana
1000: 54.6 dps, 4000 hp, 228.5 mana
1001: 54.5 dps, 4000 hp, 228.5 mana
1002: Nature's Wrath tick
1002: 54.5 dps, 4000 hp, 266.5 mana
1003: 54.5 dps, 4000 hp, 266.5 mana
1004: 54.4 dps, 4000 hp, 266.5 mana
1005: 54.3 dps, 4000 hp, 266.5 mana
1006: 54.3 dps, 4000 hp, 266.5 mana
1007: 54.2 dps, 4000 hp, 266.5 mana
1008: Nature's Wrath tick
1008: 54.2 dps, 4000 hp, 304.5 mana
1009: 54.2 dps, 4000 hp, 304.5 mana
1010: 54.1 dps, 4000 hp, 304.5 mana
1011: 54.1 dps, 4000 hp, 304.5 mana
1012: 54.0 dps, 4000 hp, 304.5 mana
1013: 54.0 dps, 4000 hp, 304.5 mana
1014: Nature's Wrath tick
1014: startcast moonfire
1014: 54.0 dps, 4000 hp, 342.5 mana
1015: 53.9 dps, 4000 hp, 342.5 mana
1016: 53.9 dps, 4000 hp, 342.5 mana
1017: 53.8 dps, 4000 hp, 342.5 mana
1018: 53.8 dps, 4000 hp, 342.5 mana
1019: 53.7 dps, 4000 hp, 342.5 mana
1020: Nature's Wrath tick
1020: moonfire tick
1020: finished casting moonfire
1020: 55.0 dps, 4000 hp, 88.5 mana
1021: 55.0 dps, 4000 hp, 88.5 mana
1022: 54.9 dps, 4000 hp, 88.5 mana
1023: 54.9 dps, 4000 hp, 88.5 mana
1024: 54.8 dps, 4000 hp, 88.5 mana
1025: 54.8 dps, 4000 hp, 88.5 mana
1026: Nature's Wrath tick
1026: 54.8 dps, 4000 hp, 126.5 mana
1027: 54.7 dps, 4000 hp, 126.5 mana
1028: 54.7 dps, 4000 hp, 126.5 mana
1029: 54.6 dps, 4000 hp, 126.5 mana
1030: 54.6 dps, 4000 hp, 126.5 mana
1031: 54.5 dps, 4000 hp, 126.5 mana
1032: Nature's Wrath tick
1032: 54.5 dps, 4000 hp, 164.5 mana
1033: 54.5 dps, 4000 hp, 164.5 mana
1034: 54.4 dps, 4000 hp, 164.5 mana
1035: 54.3 dps, 4000 hp, 164.5 mana
1036: 54.3 dps, 4000 hp, 164.5 mana
1037: 54.2 dps, 4000 hp, 164.5 mana
1038: Nature's Wrath tick
1038: 54.2 dps, 4000 hp, 202.5 mana
1039: 54.2 dps, 4000 hp, 202.5 mana
1040: 54.1 dps, 4000 hp, 202.5 mana
1041: 54.1 dps, 4000 hp, 202.5 mana
1042: 54.0 dps, 4000 hp, 202.5 mana
1043: 54.0 dps, 4000 hp, 202.5 mana
1044: Nature's Wrath tick
1044: 54.0 dps, 4000 hp, 240.5 mana
1045: 53.9 dps, 4000 hp, 240.5 mana
1046: 53.9 dps, 4000 hp, 240.5 mana
1047: 53.8 dps, 4000 hp, 240.5 mana
1048: 53.8 dps, 4000 hp, 240.5 mana
1049: 53.7 dps, 4000 hp, 240.5 mana
1050: Nature's Wrath tick
1050: 53.7 dps, 4000 hp, 278.5 mana
1051: 53.7 dps, 4000 hp, 278.5 mana
1052: 53.6 dps, 4000 hp, 278.5 mana
1053: 53.6 dps, 4000 hp, 278.5 mana
1054: 53.5 dps, 4000 hp, 278.5 mana
1055: 53.5 dps, 4000 hp, 278.5 mana
1056: Nature's Wrath tick
1056: 53.5 dps, 4000 hp, 316.5 mana
1057: 53.4 dps, 4000 hp, 316.5 mana
1058: 53.4 dps, 4000 hp, 316.5 mana
1059: 53.3 dps, 4000 hp, 316.5 mana
1060: 53.3 dps, 4000 hp, 316.5 mana
1061: 53.2 dps, 4000 hp, 316.5 mana
1062: Nature's Wrath tick
1062: startcast wingeddeath
1062: 53.2 dps, 4000 hp, 354.5 mana
1063: 53.2 dps, 4000 hp, 354.5 mana
1064: 53.1 dps, 4000 hp, 354.5 mana
1065: 53.1 dps, 4000 hp, 354.5 mana
1066: 53.0 dps, 4000 hp, 354.5 mana
1067: finished casting wingeddeath
1067: 53.0 dps, 4000 hp, 57 mana
1068: Nature's Wrath tick
1068: wingeddeath tick
1068: 53.1 dps, 4000 hp, 75 mana
1069: 53.1 dps, 4000 hp, 75 mana
1070: 53.0 dps, 4000 hp, 75 mana
1071: 53.0 dps, 4000 hp, 75 mana
1072: 52.9 dps, 4000 hp, 75 mana
1073: 52.9 dps, 4000 hp, 75 mana
1074: Nature's Wrath tick
1074: wingeddeath tick
1074: 53.0 dps, 4000 hp, 113 mana
1075: 52.9 dps, 4000 hp, 113 mana
1076: 52.9 dps, 4000 hp, 113 mana
1077: 52.8 dps, 4000 hp, 113 mana
1078: 52.8 dps, 4000 hp, 113 mana
1079: 52.8 dps, 4000 hp, 113 mana
1080: Nature's Wrath tick
1080: wingeddeath tick
1080: 52.9 dps, 4000 hp, 151 mana
1081: 52.8 dps, 4000 hp, 151 mana
1082: 52.8 dps, 4000 hp, 151 mana
1083: 52.7 dps, 4000 hp, 151 mana
1084: 52.7 dps, 4000 hp, 151 mana
1085: 52.6 dps, 4000 hp, 151 mana
1086: Nature's Wrath tick
1086: wingeddeath tick
1086: 52.8 dps, 4000 hp, 189 mana
1087: 52.7 dps, 4000 hp, 189 mana
1088: 52.7 dps, 4000 hp, 189 mana
1089: 52.6 dps, 4000 hp, 189 mana
1090: 52.6 dps, 4000 hp, 189 mana
1091: 52.5 dps, 4000 hp, 189 mana
1092: Nature's Wrath tick
1092: wingeddeath tick
1092: 52.7 dps, 4000 hp, 227 mana
1093: 52.6 dps, 4000 hp, 227 mana
1094: 52.6 dps, 4000 hp, 227 mana
1095: 52.5 dps, 4000 hp, 227 mana
1096: 52.5 dps, 4000 hp, 227 mana
1097: 52.4 dps, 4000 hp, 227 mana
1098: Nature's Wrath tick
1098: wingeddeath tick
1098: 52.6 dps, 4000 hp, 265 mana
1099: 52.5 dps, 4000 hp, 265 mana
1100: 52.5 dps, 4000 hp, 265 mana
1101: 52.4 dps, 4000 hp, 265 mana
1102: 52.4 dps, 4000 hp, 265 mana
1103: 52.3 dps, 4000 hp, 265 mana
1104: Nature's Wrath tick
1104: wingeddeath tick
1104: 52.5 dps, 4000 hp, 303 mana
1105: 52.4 dps, 4000 hp, 303 mana
1106: 52.4 dps, 4000 hp, 303 mana
1107: 52.3 dps, 4000 hp, 303 mana
1108: 52.3 dps, 4000 hp, 303 mana
1109: 52.2 dps, 4000 hp, 303 mana
1110: Nature's Wrath tick
1110: wingeddeath tick
1110: startcast moonfire
1110: 52.3 dps, 4000 hp, 341 mana
1111: 52.3 dps, 4000 hp, 341 mana
1112: 52.3 dps, 4000 hp, 341 mana
1113: 52.2 dps, 4000 hp, 341 mana
1114: 52.2 dps, 4000 hp, 341 mana
1115: 52.1 dps, 4000 hp, 341 mana
1116: Nature's Wrath tick
1116: wingeddeath tick
1116: moonfire tick
1116: finished casting moonfire
1116: 53.5 dps, 4000 hp, 87 mana
1117: 53.4 dps, 4000 hp, 87 mana
1118: 53.4 dps, 4000 hp, 87 mana
1119: startcast Nature's Wrath
1119: 53.3 dps, 4000 hp, 87 mana
1120: 53.3 dps, 4000 hp, 87 mana
1121: 53.2 dps, 4000 hp, 87 mana
1122: wingeddeath tick
1122: 53.3 dps, 4000 hp, 105 mana
1123: 53.3 dps, 4000 hp, 105 mana
1124: 53.2 dps, 4000 hp, 105 mana
1125: 53.2 dps, 4000 hp, 105 mana
1126: 53.1 dps, 4000 hp, 105 mana
1127: 53.1 dps, 4000 hp, 105 mana
1128: wingeddeath tick
1128: finished casting Nature's Wrath
1128: 53.1 dps, 4000 hp, 123 mana
1129: 53.1 dps, 4000 hp, 123 mana
1130: 53.0 dps, 4000 hp, 123 mana
1131: 53.0 dps, 4000 hp, 123 mana
1132: 53.0 dps, 4000 hp, 123 mana
1133: 52.9 dps, 4000 hp, 123 mana
1134: Nature's Wrath tick
1134: 52.9 dps, 4000 hp, 161 mana
1135: 52.9 dps, 4000 hp, 161 mana
1136: 52.8 dps, 4000 hp, 161 mana
1137: 52.8 dps, 4000 hp, 161 mana
1138: 52.7 dps, 4000 hp, 161 mana
1139: 52.7 dps, 4000 hp, 161 mana
1140: Nature's Wrath tick
1140: 52.7 dps, 4000 hp, 199 mana
1141: 52.6 dps, 4000 hp, 199 mana
1142: 52.6 dps, 4000 hp, 199 mana
1143: 52.5 dps, 4000 hp, 199 mana
1144: 52.5 dps, 4000 hp, 199 mana
1145: 52.4 dps, 4000 hp, 199 mana
1146: Nature's Wrath tick
1146: 52.5 dps, 4000 hp, 237 mana
1147: 52.4 dps, 4000 hp, 237 mana
1148: 52.4 dps, 4000 hp, 237 mana
1149: 52.3 dps, 4000 hp, 237 mana
1150: 52.3 dps, 4000 hp, 237 mana
1151: 52.2 dps, 4000 hp, 237 mana
1152: Nature's Wrath tick
1152: 52.2 dps, 4000 hp, 275 mana
1153: 52.2 dps, 4000 hp, 275 mana
1154: 52.1 dps, 4000 hp, 275 mana
1155: 52.1 dps, 4000 hp, 275 mana
1156: 52.0 dps, 4000 hp, 275 mana
1157: 52.0 dps, 4000 hp, 275 mana
1158: Nature's Wrath tick
1158: 52.0 dps, 4000 hp, 313 mana
1159: 52.0 dps, 4000 hp, 313 mana
1160: 51.9 dps, 4000 hp, 313 mana
1161: 51.9 dps, 4000 hp, 313 mana
1162: 51.8 dps, 4000 hp, 313 mana
1163: 51.8 dps, 4000 hp, 313 mana
1164: Nature's Wrath tick
1164: startcast wingeddeath
1164: 51.8 dps, 4000 hp, 351 mana
1165: 51.7 dps, 4000 hp, 351 mana
1166: 51.7 dps, 4000 hp, 351 mana
1167: 51.6 dps, 4000 hp, 351 mana
1168: 51.6 dps, 4000 hp, 351 mana
1169: finished casting wingeddeath
1169: 51.6 dps, 4000 hp, 53.5 mana
1170: Nature's Wrath tick
1170: wingeddeath tick
1170: 51.7 dps, 4000 hp, 71.5 mana
1171: 51.6 dps, 4000 hp, 71.5 mana
1172: 51.6 dps, 4000 hp, 71.5 mana
1173: 51.6 dps, 4000 hp, 71.5 mana
1174: 51.5 dps, 4000 hp, 71.5 mana
1175: 51.5 dps, 4000 hp, 71.5 mana
1176: Nature's Wrath tick
1176: wingeddeath tick
1176: 51.6 dps, 4000 hp, 109.5 mana
1177: 51.5 dps, 4000 hp, 109.5 mana
1178: 51.5 dps, 4000 hp, 109.5 mana
1179: 51.5 dps, 4000 hp, 109.5 mana
1180: 51.4 dps, 4000 hp, 109.5 mana
1181: 51.4 dps, 4000 hp, 109.5 mana
1182: Nature's Wrath tick
1182: wingeddeath tick
1182: 51.5 dps, 4000 hp, 147.5 mana
1183: 51.5 dps, 4000 hp, 147.5 mana
1184: 51.4 dps, 4000 hp, 147.5 mana
1185: 51.4 dps, 4000 hp, 147.5 mana
1186: 51.3 dps, 4000 hp, 147.5 mana
1187: 51.3 dps, 4000 hp, 147.5 mana
1188: Nature's Wrath tick
1188: wingeddeath tick
1188: 51.4 dps, 4000 hp, 185.5 mana
1189: 51.4 dps, 4000 hp, 185.5 mana
1190: 51.3 dps, 4000 hp, 185.5 mana
1191: 51.3 dps, 4000 hp, 185.5 mana
1192: 51.2 dps, 4000 hp, 185.5 mana
1193: 51.2 dps, 4000 hp, 185.5 mana
1194: Nature's Wrath tick
1194: wingeddeath tick
1194: 51.3 dps, 4000 hp, 223.5 mana
1195: 51.3 dps, 4000 hp, 223.5 mana
1196: 51.2 dps, 4000 hp, 223.5 mana
1197: 51.2 dps, 4000 hp, 223.5 mana
1198: 51.1 dps, 4000 hp, 223.5 mana
1199: 51.1 dps, 4000 hp, 223.5 mana
1200: Nature's Wrath tick
1200: wingeddeath tick
1200: 51.2 dps, 4000 hp, 261.5 mana
