111::Delete Me::::::::::::::::::::::::::::::::::::::::::::::::::::::::::::::::::::::::::::::::::::::::::::admin
952287857::Abalone Gorget::<a href="http://gameznet.com/eq/equipment/abalonegorget.html">More</a>::8::::::::::::9::::::::::::::::::4.0::::yes::::::yes::yes::yes::::yes::::::::::::::yes::yes::yes::yes::yes::yes::yes::yes::yes::yes::yes::yes::::admin
952287922::Amulet of Necropotence::<a href="http://gameznet.com/eq/equipment/amuletofnecropotence.html">More</a>::0::::::::::13::::::-100::::::::::::10::0.1::Illusion: Skeleton::::::::::::::::::::::yes::yes::yes::yes::::yes::::yes::yes::::::yes::yes::::::::::admin
952287969::Amulet of Petrified Erudite Heart::<a href="http://gameznet.com/eq/equipment/heartamulet.html">More</a>::2::::::::::5::::::::15::::::::::::0.2::::::::::yes::::::::::::::yes::yes::yes::yes::yes::yes::yes::yes::yes::yes::yes::yes::yes::yes::yes::yes::::admin
952288027::Anti Poison Amulet::<a href="http://www.gameznet.com/eq/equipment/antipoisonamulet.html">More</a>::0::::::::::::::::::::::::::15::::0.1::::yes::yes::yes::yes::yes::yes::yes::yes::yes::yes::yes::yes::yes::yes::yes::yes::yes::yes::yes::yes::yes::yes::yes::yes::yes::yes::::admin
952288071::Aviak Charm::<a href="http://www.gameznet.com/eq/equipment/aviakcharm.html">More</a>::0::::::2::::::1::::::::::::::2::::0.1::::yes::yes::yes::yes::yes::yes::yes::yes::yes::yes::yes::yes::yes::yes::yes::yes::yes::yes::yes::yes::yes::yes::yes::yes::yes::yes::::admin
952288105::Beartooth Necklace::<a href="http://gameznet.com/eq/equipment/beartoothneck.html">More</a>::0::::3::::::::::::10::::::::::::::0.2::::yes::yes::yes::yes::yes::yes::yes::yes::yes::yes::yes::yes::yes::yes::yes::yes::yes::yes::yes::yes::yes::yes::yes::yes::yes::yes::::admin
952288136::Black Iron Medallion::<a href="http://gameznet.com/eq/equipment/EQ-Black.Iron.Medallion.html">More</a>::0::::::::::3::3::::::::::::::::::0.1::::yes::yes::yes::yes::yes::yes::yes::yes::yes::yes::yes::yes::yes::yes::yes::yes::yes::yes::yes::yes::yes::yes::yes::yes::yes::yes::::admin
952288185::Cape of the Midnight Mist::<a href="http://gameznet.com/eq/equipment/capemidnightmist.html">More</a>::2::5::::::::::::::::::::::::::7::0.1::::::::::yes::::::::yes::yes::yes::yes::yes::yes::yes::yes::yes::yes::yes::yes::yes::yes::yes::yes::yes::yes::yes::::admin
952288229::Chipped Bone Collar::<a href="http://www.gameznet.com/eq/equipment/chippedbonecollar.html">More</a>::4::::::::::::::::10::10::::::::::::2.0::::yes::yes::yes::yes::yes::yes::yes::yes::yes::yes::yes::yes::yes::yes::yes::yes::yes::yes::yes::yes::yes::yes::yes::yes::yes::yes::::admin
952288262::Chrysoberyl Talisman::<a href="http://gameznet.com/eq/equipment/chrystalisman.html">More</a>::5::::::::::::3::::::20::::::::::::1.0::::yes::yes::yes::yes::yes::yes::yes::yes::yes::yes::yes::yes::yes::yes::yes::yes::yes::yes::yes::yes::yes::yes::yes::yes::yes::yes::::admin
952288302::Collar of Neshika::<a href="http://gameznet.com/eq/equipment/collarofneshika.html">More</a>::4::::9::::::::::::::::::::::::::1.5::::::::yes::::::::::::::::::::::::::::::::::::::::yes::::::::::admin
952288345::Collar of Undead Protection::<a href="http://gameznet.com/eq/equipment/undeadcollar.html">More</a>::5::::::::::::::::::::::::7::7::::0.1::::yes::yes::yes::yes::yes::yes::yes::yes::yes::yes::yes::yes::yes::yes::yes::yes::yes::yes::yes::yes::yes::yes::yes::yes::yes::yes::::admin
952288386::Cyclops Charm::<a href="http://gameznet.com/eq/equipment/cyclopscharm.html">More</a>::3::3::::::::::::::::::::::::::::0.1::::::::::::::::yes::::::::::::::::::::::::::yes::::::yes::::::yes::::admin
952288422::Electrum Hematite Choker::<a href="http://gameznet.com/eq/equipment/EQ-Electrum.Hematite.Choker.html">More</a>::0::::::::::::::::::::2::::::::::0.1::::yes::yes::yes::yes::yes::yes::yes::yes::yes::yes::yes::yes::yes::yes::yes::yes::yes::yes::yes::yes::yes::yes::yes::yes::yes::yes::::admin
952288465::Electrum Opal Amulet::<a href="http://gameznet.com/eq/equipment/elecopalamulet.html">More</a>::0::::4::::3::::::::::::::::::::::0.1::::yes::yes::yes::yes::yes::yes::yes::yes::yes::yes::yes::yes::yes::yes::yes::yes::yes::yes::yes::yes::yes::yes::yes::yes::yes::yes::::admin
952288509::Etched Ivory Charm::<a href="http://gameznet.com/eq/equipment/eivorycharm.html">More</a>::5::2::::::::2::2::::::::::::::::::0.5::::yes::yes::yes::yes::yes::yes::yes::yes::yes::yes::::::::::yes::yes::yes::yes::yes::yes::yes::yes::yes::yes::yes::yes::::admin
952288540::Golden Black Pearl Choker::<a href="http://www.gameznet.com/eq/equipment/goldbpearlchoker.html">More</a>::0::::::7::7::::::::::::::::::::::0.1::::yes::yes::yes::yes::yes::yes::yes::yes::yes::yes::yes::yes::yes::yes::yes::yes::yes::yes::yes::yes::yes::yes::yes::yes::yes::yes::::admin
952288565::Golden Opal Amulet::<a href="http://gameznet.com/eq/equipment/goldenopalamulet.html">More</a>::0::::9::::6::::::::::::::::::::::0.1::::yes::yes::yes::yes::yes::yes::yes::yes::yes::yes::yes::yes::yes::yes::yes::yes::yes::yes::yes::yes::yes::yes::yes::yes::yes::yes::::admin
952288593::Golden Star Amulet::<a href="http://www.gameznet.com/eq/equipment/goldstaramulet.html">More</a>::0::::::::::4::::::::::::::::::::0.1::::yes::yes::yes::yes::yes::yes::yes::yes::yes::yes::yes::yes::yes::yes::yes::yes::yes::yes::yes::yes::yes::yes::yes::yes::yes::yes::::admin
952288623::Gypsy Medallion::<a href="http://www.gameznet.com/eq/equipment/gypsymedallion.html">More</a>::2::::::::::::::9::::::::::10::::::0.1::::yes::yes::yes::yes::yes::yes::yes::yes::yes::yes::yes::yes::yes::yes::yes::yes::yes::yes::yes::yes::yes::yes::yes::yes::yes::yes::::admin
952288670::Heartstone Amulet::<a href="http://gameznet.com/eq/equipment/heartstoneamulet.html">More</a>::5::::::::::::::9::::::::::::::::1.0::Beguile Undead::::::::::::::::::::::yes::yes::yes::yes::yes::yes::yes::yes::yes::yes::yes::yes::yes::yes::yes::yes::::admin
952288714::Iron Leash Collar::<a href="http://gameznet.com/eq/equipment/ironleashcollar.html">More</a>::4::5::::-3::::::::::::::::::::::::3.5::::yes::yes::yes::yes::yes::yes::yes::yes::::yes::::::::::yes::yes::yes::yes::yes::yes::yes::yes::yes::yes::yes::yes::::admin
952288762::Labyrinth Talisman::<a href="http://gameznet.com/eq/equipment/labrinthtalisman.html">More</a>::5::::3::::::::3::::::::::::::::::0.2::::yes::yes::yes::yes::yes::yes::yes::yes::yes::yes::yes::yes::yes::yes::yes::yes::yes::yes::yes::yes::yes::yes::yes::yes::yes::yes::::admin
952288796::Medal of Merit::<a href="http://gameznet.com/eq/equipment/medalofmerit.htm">More</a>::0::::::::::::::5::::::::::::::::0.1::::yes::yes::yes::yes::yes::yes::yes::yes::yes::yes::yes::yes::yes::yes::yes::yes::yes::yes::yes::yes::yes::yes::yes::yes::yes::yes::::admin
952288816::Order of Thunder::<a href="http://gameznet.com/eq/equipment/orderofthunder.html">More</a>::0::::::::::::::5::::::::::::::::0.1::::yes::yes::yes::yes::yes::yes::yes::yes::yes::yes::yes::yes::yes::yes::yes::yes::yes::yes::yes::yes::yes::yes::yes::yes::yes::yes::::admin
952288853::Pendant of Salvation::<a href="http://gameznet.com/eq/equipment/pendantsalvation.html">More</a>::4::::::::3::::::::15::::::::::::::0.1::Divine Aura::yes::yes::yes::yes::yes::yes::yes::yes::yes::yes::yes::yes::yes::yes::yes::yes::yes::yes::yes::yes::yes::yes::yes::yes::yes::yes::::admin
952288895::Polished Mithril Torque::<a href="http://gameznet.com/eq/equipment/polishedmithriltorque.html">More</a>::7::::::::::13::13::::::::::::::::::4.0::::yes::yes::yes::yes::yes::yes::yes::::::::::::::::yes::yes::yes::yes::yes::yes::yes::yes::yes::yes::yes::yes::::admin
952288946::Pulsating Hyacinth Telesm::<a href="http://gameznet.com/eq/equipment/hyacinthtalisman.html">More</a>::0::::::::7::7::::::::::::::::::::0.3::::::::::::yes::::::::::::yes::::::::yes::yes::yes::yes::yes::yes::yes::yes::yes::yes::yes::yes::::admin
952288985::Sapphire Platinum Necklace::<a href="http://gameznet.com/eq/equipment/sapplatnecklace.html">More</a>::0::7::::::::7::::::::::::::::::::0.1::::yes::yes::yes::yes::yes::yes::yes::yes::yes::yes::yes::yes::yes::yes::yes::yes::yes::yes::yes::yes::yes::yes::yes::yes::yes::yes::::admin
952289014::Serpent Insignia Collar::<a href="http://gameznet.com/eq/equipment/EQ-Serpent.Insignia.Collar.html">More</a>::0::::::::::::::::::::5::5::5::5::5::0.1::::yes::yes::yes::yes::yes::yes::yes::yes::yes::yes::yes::yes::yes::yes::yes::yes::yes::yes::yes::yes::yes::yes::yes::yes::yes::yes::::admin
952289044::Beaded Slime Necklace::<a href="http://gameznet.com/eq/equipment/slimenecklace.html">More</a>::0::::::::::5::::::::::::::::::::0.2::::yes::yes::yes::yes::yes::yes::yes::yes::yes::yes::yes::yes::yes::yes::yes::yes::yes::yes::yes::yes::yes::yes::yes::yes::yes::yes::::admin
952289127::Spiked Collar::<a href="http://gameznet.com/eq/equipment/spikedcollar.html">More</a>::3::3::::::::::::::::::::::::::::::::yes::yes::yes::yes::yes::yes::yes::yes::yes::yes::::::::::yes::yes::yes::yes::yes::yes::yes::yes::yes::yes::yes::yes::::admin
952289160::Split Paw Tooth Necklace::<a href="http://gameznet.com/eq/equipment/splitpawneck.html">More</a>::2::::::::::::::5::::::::::::5::::0.2::::yes::yes::yes::yes::yes::yes::yes::yes::yes::yes::yes::yes::yes::yes::yes::yes::yes::yes::yes::yes::yes::yes::yes::yes::yes::yes::::admin
952289197::Studded Leather Collar::<a href="http://gameznet.com/eq/equipment/EQ-Studded.Leather.Collar.html">More</a>::3::1::1::::::::::::::::::::::::::0.5::::yes::yes::yes::yes::yes::yes::yes::yes::yes::yes::::::::::yes::yes::yes::yes::yes::yes::yes::yes::yes::yes::yes::yes::::admin
952289270::Topaz Silver Necklace::<a href="http://gameznet.com/eq/equipment/EQ-Topaz.Silver.Necklace.html">More</a>::0::::::::::::::::::::::::4::::::0.1::::yes::yes::yes::yes::yes::yes::yes::yes::yes::yes::yes::yes::yes::yes::yes::yes::yes::yes::yes::yes::yes::yes::yes::yes::yes::yes::::admin
952289303::Velvet Choker::<a href="http://www.gameznet.com/eq/equipment/velvetchoker.html">More</a>::3::::::::::::::::5::::::::::::::0.5::::::::::yes::::::::yes::yes::yes::yes::yes::yes::yes::yes::yes::yes::yes::yes::yes::yes::yes::yes::yes::yes::yes::::admin
952289345::White Gold Necklace::<a href="http://gameznet.com/eq/equipment/whitegoldneck.html">More</a>::0::::::::::::::5::::::7::7::::::7::::::yes::yes::yes::yes::yes::yes::yes::yes::yes::yes::yes::yes::yes::yes::yes::yes::yes::yes::yes::yes::yes::yes::yes::yes::yes::yes::::admin
952289401::Wispy Choker of Vigor::<a href="http://gameznet.com/eq/equipment/wispychokervigor.html">More</a>::5::9::::9::3::::::::20::::::::::::::0.1::::::yes::::::::::::::::::::::::::yes::yes::yes::yes::yes::yes::yes::yes::yes::yes::yes::yes::::admin
952509569::Sphinx Eye Amulet::<a href="http://www.gameznet.com/eq/equipment/sphinxeyeamulet.html">More</a>::8::7::::::::14::3::3::::25::::::::::::0.1::Ultravision::::::::::yes::::::::::::::::::::yes::yes::yes::yes::yes::yes::yes::yes::yes::yes::yes::yes::::admin
952895862::Golden Locket::<a href="http://gameznet.com/eq/equipment/goldenlocket.html">More</a>::2::::::::::::::3::::::::::::::::0.3::::yes::yes::yes::yes::yes::yes::yes::yes::yes::yes::yes::yes::yes::yes::yes::yes::yes::yes::yes::yes::yes::yes::yes::yes::yes::yes::::admin
952992326::Drake Fang Amulet::<a href="http://gameznet.com/eq/equipment/drakefangamulet.html">More</a>::2::::::::::::6::2::::10::10::::::::5::0.1::::::::::::::::::::::yes::::::::::yes::yes::yes::yes::yes::yes::yes::yes::yes::yes::yes::yes::::admin
952992371::Griffon Talon Necklace::<a href="http://gameznet.com/eq/equipment/griffontalonnecklace.html">More</a>::4::4::4::::::::5::::::::5::5::::::::0.1::::::::::::::::yes::::::::::::::::yes::yes::yes::yes::yes::yes::yes::yes::yes::yes::yes::yes::::admin
953844644::Black Sapphire Platinum Necklace::<a href="http://www.gameznet.com/eq/equipment/blacksapplatneck.html">More</a>::0::::::::::::::::55::55::::::::::::0.1::::yes::yes::yes::yes::yes::yes::yes::yes::yes::yes::yes::yes::yes::yes::yes::yes::yes::yes::yes::yes::yes::yes::yes::yes::yes::yes::::admin
954535177::Glowing Bone Collar::<a href="http://gameznet.com/eq/equipment/glowingbonecollar.html">More</a>::5::::::::::::::::25::25::::::::::::0.4::::yes::yes::yes::yes::yes::yes::yes::yes::yes::yes::yes::yes::yes::yes::yes::yes::yes::yes::yes::yes::yes::yes::yes::yes::yes::yes::::admin
955481888::Finely Crafted Amulet::<a href="http://www.gameznet.com/eq/equipment/finelycraftedamulet.html">More</a>::2::1::::::::1::1::::::::::::::::::10.0::::::::::::yes::::::::::::::::::::yes::yes::yes::yes::yes::yes::yes::yes::yes::yes::yes::yes::yes::admin
955515666::Fishbone Necklace::<a href="http://gameznet.com/eq/equipment/fishbonenecklace.html">More</a>::3::::::::2::::::::::::::::::::::0.5::::yes::yes::yes::yes::yes::yes::yes::yes::yes::yes::yes::yes::yes::yes::yes::::yes::::yes::yes::yes::yes::yes::::::yes::::admin
955528089::Bone Talisman::<a href="http://gameznet.com/eq/equipment/bonetalisman.html">More</a>::0::::::::::::4::::::::::::::::10::0.1::::yes::yes::yes::yes::::yes::yes::yes::yes::yes::::yes::yes::yes::yes::::yes::::yes::yes::yes::yes::yes::::::yes::::admin
955564349::Initiate Symbol of Innoruuk::<a href="http://www.gameznet.com/eq/equipment/initiatesymbolinnoruuk.html">More</a>::3::::::::::::1::::::3::::::::::::0.1::Weaken::::::::::::::::yes::::yes::::::::::::yes::::::::::::::yes::::yes::::::admin
955871138::Inlaid Choker::<a href="http://gameznet.com/eq/equipment/inlaidchoker.html">More</a>::6::::::::2::::::::10::::::::::::::0.2::::::yes::::::::::::::::::::::::::yes::yes::yes::yes::yes::yes::yes::yes::yes::yes::yes::yes::yes::admin
956257087::Gold White Pendant::<a href="http://www.gameznet.com/eq/equipment/goldwhitependant.html">More</a>::2::::::::::5::::::::50::::::::::::0.1::::::::::::::::::::::::::::::yes::yes::yes::yes::yes::yes::yes::yes::yes::yes::yes::yes::yes::yes::admin
956474716::Runed Wind Amulet::<a href="http://gameznet.com/eq/equipment/runedwindamulet.html">More</a>::6::7::::::7::::::::40::::::::::::::0.1::::yes::::::::::::::::::::::::::::yes::yes::yes::yes::yes::yes::yes::yes::yes::yes::yes::yes::yes::admin
956514940::Disciple Symbol of Innoruuk::<a href="http://gameznet.com/eq/equipment/disciplesymbolinnoruuk.html">More</a>::5::::::::::1::2::::::7::::::::::::0.1::Siphon Strength::::::::::::::::yes::::yes::::::::::::yes::::::::::::::yes::::yes::::::admin
956685620::Fire Seared Gorget::<a href="http://gameznet.com/eq/equipment/firesearedgorget.html">More</a>::7::::::::::::::::::::10::::::::::1.0::::yes::yes::yes::yes::yes::yes::yes::yes::yes::yes::yes::yes::yes::yes::yes::yes::yes::yes::yes::yes::yes::yes::yes::yes::yes::yes::yes::admin
956952992::Ivory Imbued Collar::<a href="http://www.gameznet.com/eq/equipment/ivoryimbuedcollar.html">More</a>::8::::::::::::5::::::100::2::2::10::10::2::3.5::::::::::::::::::::::yes::::::::::yes::yes::yes::yes::yes::yes::yes::yes::yes::yes::yes::yes::yes::admin
957044416::Bone Amulet of Blade Turning::<a href="http://www.gameznet.com/eq/equipment/boneamuletofbladeturning.html">More</a>::2::::::::::::6::::::10::::::::::::0.1::Guard::::::::::::::::yes::yes::yes::::::::::yes::yes::yes::yes::yes::yes::yes::yes::yes::yes::yes::yes::yes::admin
957125883::Choker of Majdd::<a href="http://www.gameznet.com/eq/equipment/chokerofmajdd.html">More</a>::4::::::::::5::::::::::::::::::::0.1::See Invisible::yes::yes::yes::yes::yes::yes::yes::yes::yes::yes::yes::yes::yes::yes::yes::yes::yes::yes::yes::yes::yes::yes::yes::yes::yes::yes::yes::admin
957217519::Hangman's Noose::<a href="http://www.gameznet.com/eq/equipment/hangmansnoose.html">More</a>::5::::::::::::::::::::::::::::::0.1::Haste::yes::yes::yes::yes::yes::yes::yes::yes::yes::yes::yes::yes::yes::yes::yes::yes::yes::yes::yes::yes::yes::yes::yes::yes::yes::yes::yes::admin
957217577::Necklace of Superiority::<a href="http://www.gameznet.com/eq/equipment/necklaceofsuperiority.html">More</a>::5::5::5::5::5::5::5::5::10::::5::5::5::5::5::0.1::::yes::yes::yes::yes::yes::yes::yes::yes::yes::yes::yes::yes::yes::yes::yes::yes::yes::yes::yes::yes::yes::yes::yes::yes::yes::yes::yes::admin
957386788::Burynaibane Charm::<a href="http://www.gameznet.com/eq/equipment/burynaibanecharm.html">More</a>::2::::::::::::::::::::::::2::2::::0.1::::yes::yes::yes::yes::yes::yes::yes::yes::yes::yes::yes::yes::yes::yes::yes::yes::yes::yes::yes::yes::yes::yes::yes::yes::yes::yes::yes::admin
957475402::Sabretooth Amulet::<a href="http://www.gameznet.com/eq/equipment/sabretoothamulet.html">More</a>::4::::5::::::5::::::::::::::::::15::0.4::See Invisible::::::::::::::::::::yes::::::::::yes::yes::yes::yes::yes::yes::yes::yes::yes::yes::yes::yes::yes::admin
957559631::Sarnak Arcane Fetish::<a href="http://www.gameznet.com/eq/equipment/sarnakarcanefetish.html">More</a>::2::::::2::::6::::5::::::::::::::::0.1::::yes::yes::yes::yes::yes::yes::yes::yes::yes::yes::yes::yes::yes::yes::yes::yes::yes::yes::yes::yes::yes::yes::yes::yes::yes::yes::yes::admin
958248462::Goblin Soul Caller::<a href="http://www.gameznet.com/eq/equipment/goblinsoulcaller.html">More</a>::0::::::::::::5::::::::::::::::10::3.5::::::::::::::::::yes::::::::::::::yes::yes::yes::yes::yes::yes::yes::yes::yes::yes::yes::yes::yes::admin
958682189::Sebilite Scale Neckguard::<a href="http://gameznet.com/eq/equipment/sebilitescaleneckguard.html">More</a>::8::::::::::::::::::40::::2::::2::::1.5::::yes::yes::::yes::::yes::yes::yes::::yes::::::::::::::yes::yes::yes::yes::yes::yes::yes::::::yes::yes::admin
959035198::Fang Amulet of Calling::<a href="http://www.gameznet.com/eq/equipment/fangamuletofcalling.html">More</a>::6::::::::::::2::::::15::::::::::::0.1::Companion Spirit::::::::::::::::::::yes::::::::::yes::yes::yes::yes::yes::yes::yes::yes::yes::yes::yes::yes::yes::admin
961270241::Necklace of Defiance::<a href="http://www.gameznet.com/eq/equipment/necklaceofdefiance.html">More</a>::8::::::::::::::::::::::::::::::0.5::::yes::yes::yes::::yes::yes::yes::::::::::::::::yes::yes::yes::yes::yes::yes::yes::yes::yes::yes::yes::yes::yes::admin
962057965::Initiate Symbol of Bertoxxulous::<a href="http://www.gameznet.com/eq/equipment/initiatesymbolofbertoxxulous.html">More</a>::3::::::::::::1::::::3::::::::::::0.1::Disease Cloud::::::::::::::::yes::::::::::::::yes::yes::yes::yes::yes::yes::yes::yes::yes::yes::yes::yes::yes::admin
