1: startcast turgurs
1: 0.0 dps, 4000 hp, 4000 mana
2: 0.0 dps, 4000 hp, 4000 mana
3: 0.0 dps, 4000 hp, 4000 mana
4: finished casting turgurs
4: 0.0 dps, 4000 hp, 3850 mana
5: 0.0 dps, 4000 hp, 3850 mana
6: turgurs tick
6: 0.0 dps, 4000 hp, 3859 mana
7: startcast quiescence
7: 0.0 dps, 4000 hp, 3859 mana
8: 0.0 dps, 4000 hp, 3859 mana
9: 0.0 dps, 4000 hp, 3859 mana
10: 0.0 dps, 4000 hp, 3859 mana
11: finished casting quiescence
11: 0.0 dps, 4000 hp, 3739 mana
12: quiescence tick
12: turgurs tick
12: 100.0 dps, 4000 hp, 3748 mana
13: 92.3 dps, 4000 hp, 3748 mana
14: startcast miniCH
14: 85.7 dps, 4000 hp, 3748 mana
15: 80.0 dps, 4000 hp, 3748 mana
16: 75.0 dps, 4000 hp, 3748 mana
17: 70.6 dps, 4000 hp, 3748 mana
18: quiescence tick
18: turgurs tick
18: 133.3 dps, 4000 hp, 3757 mana
19: 126.3 dps, 4000 hp, 3757 mana
20: 120.0 dps, 4000 hp, 3757 mana
21: 114.3 dps, 4000 hp, 3757 mana
22: 109.1 dps, 4000 hp, 3757 mana
23: 104.3 dps, 4000 hp, 3757 mana
24: quiescence tick
24: turgurs tick
24: miniCH tick
24: finished casting miniCH
24: 475.0 dps, 4000 hp, 3526 mana
25: 456.0 dps, 4000 hp, 3526 mana
26: 438.5 dps, 4000 hp, 3526 mana
27: startcast miniCH
27: 422.2 dps, 4000 hp, 3526 mana
28: 407.1 dps, 4000 hp, 3526 mana
29: 393.1 dps, 4000 hp, 3526 mana
30: quiescence tick
30: turgurs tick
30: 420.0 dps, 4000 hp, 3535 mana
31: 406.5 dps, 4000 hp, 3535 mana
32: 393.8 dps, 4000 hp, 3535 mana
33: 381.8 dps, 4000 hp, 3535 mana
34: 370.6 dps, 4000 hp, 3535 mana
35: 360.0 dps, 4000 hp, 3535 mana
36: quiescence tick
36: turgurs tick
36: 383.3 dps, 4000 hp, 3544 mana
37: miniCH tick
37: finished casting miniCH
37: 583.8 dps, 4000 hp, 3304 mana
38: 568.4 dps, 4000 hp, 3304 mana
39: 553.8 dps, 4000 hp, 3304 mana
40: startcast miniCH
40: 540.0 dps, 4000 hp, 3304 mana
41: 526.8 dps, 4000 hp, 3304 mana
42: quiescence tick
42: turgurs tick
42: 542.9 dps, 4000 hp, 3313 mana
43: 530.2 dps, 4000 hp, 3313 mana
44: 518.2 dps, 4000 hp, 3313 mana
45: 506.7 dps, 4000 hp, 3313 mana
46: 495.7 dps, 4000 hp, 3313 mana
47: 485.1 dps, 4000 hp, 3313 mana
48: turgurs tick
48: 475.0 dps, 4000 hp, 3322 mana
49: 465.3 dps, 4000 hp, 3322 mana
50: miniCH tick
50: finished casting miniCH
50: 612.0 dps, 4000 hp, 3082 mana
51: 600.0 dps, 4000 hp, 3082 mana
52: 588.5 dps, 4000 hp, 3082 mana
53: startcast quiescence
53: 577.4 dps, 4000 hp, 3082 mana
54: turgurs tick
54: 566.7 dps, 4000 hp, 3091 mana
55: 556.4 dps, 4000 hp, 3091 mana
56: 546.4 dps, 4000 hp, 3091 mana
57: finished casting quiescence
57: 536.8 dps, 4000 hp, 2971 mana
58: 527.6 dps, 4000 hp, 2971 mana
59: 518.6 dps, 4000 hp, 2971 mana
60: quiescence tick
60: turgurs tick
60: startcast miniCH
60: 530.0 dps, 4000 hp, 2980 mana
61: 521.3 dps, 4000 hp, 2980 mana
62: 512.9 dps, 4000 hp, 2980 mana
63: 504.8 dps, 4000 hp, 2980 mana
64: 496.9 dps, 4000 hp, 2980 mana
65: 489.2 dps, 4000 hp, 2980 mana
66: quiescence tick
66: turgurs tick
66: 500.0 dps, 4000 hp, 2989 mana
67: 492.5 dps, 4000 hp, 2989 mana
68: 485.3 dps, 4000 hp, 2989 mana
69: 478.3 dps, 4000 hp, 2989 mana
70: miniCH tick
70: finished casting miniCH
70: 582.9 dps, 4000 hp, 2749 mana
71: 574.6 dps, 4000 hp, 2749 mana
72: quiescence tick
72: turgurs tick
72: 583.3 dps, 4000 hp, 2758 mana
73: startcast miniCH
73: 575.3 dps, 4000 hp, 2758 mana
74: 567.6 dps, 4000 hp, 2758 mana
75: 560.0 dps, 4000 hp, 2758 mana
76: 552.6 dps, 4000 hp, 2758 mana
77: 545.5 dps, 4000 hp, 2758 mana
78: quiescence tick
78: turgurs tick
78: 553.8 dps, 4000 hp, 2767 mana
79: 546.8 dps, 4000 hp, 2767 mana
80: 540.0 dps, 4000 hp, 2767 mana
81: 533.3 dps, 4000 hp, 2767 mana
82: 526.8 dps, 4000 hp, 2767 mana
83: miniCH tick
83: finished casting miniCH
83: 614.5 dps, 4000 hp, 2527 mana
84: quiescence tick
84: turgurs tick
84: 621.4 dps, 4000 hp, 2536 mana
85: 614.1 dps, 4000 hp, 2536 mana
86: cann5 tick
86: finished casting cann5
86: startcast cann5
86: 607.0 dps, 2076 hp, 3602 mana
87: startcast miniCH
87: 600.0 dps, 2076 hp, 3602 mana
88: 593.2 dps, 2076 hp, 3602 mana
89: 586.5 dps, 2076 hp, 3602 mana
90: quiescence tick
90: turgurs tick
90: 593.3 dps, 2095 hp, 3611 mana
91: 586.8 dps, 2095 hp, 3611 mana
92: 580.4 dps, 2095 hp, 3611 mana
93: 574.2 dps, 2095 hp, 3611 mana
94: 568.1 dps, 2095 hp, 3611 mana
95: 562.1 dps, 2095 hp, 3611 mana
96: turgurs tick
96: 556.2 dps, 2114 hp, 3620 mana
97: miniCH tick
97: finished casting miniCH
97: 630.9 dps, 2114 hp, 3380 mana
98: 624.5 dps, 2114 hp, 3380 mana
99: 618.2 dps, 2114 hp, 3380 mana
100: startcast quiescence
100: 612.0 dps, 2114 hp, 3380 mana
101: 605.9 dps, 2114 hp, 3380 mana
102: turgurs tick
102: 600.0 dps, 2133 hp, 3389 mana
103: 594.2 dps, 2133 hp, 3389 mana
104: finished casting quiescence
104: 588.5 dps, 2133 hp, 3269 mana
105: 582.9 dps, 2133 hp, 3269 mana
106: 577.4 dps, 2133 hp, 3269 mana
107: startcast miniCH
107: 572.0 dps, 2133 hp, 3269 mana
108: quiescence tick
108: turgurs tick
108: 577.8 dps, 2152 hp, 3278 mana
109: 572.5 dps, 2152 hp, 3278 mana
110: 567.3 dps, 2152 hp, 3278 mana
111: 562.2 dps, 2152 hp, 3278 mana
112: 557.1 dps, 2152 hp, 3278 mana
113: 552.2 dps, 2152 hp, 3278 mana
114: quiescence tick
114: turgurs tick
114: 557.9 dps, 2171 hp, 3287 mana
115: 553.0 dps, 2171 hp, 3287 mana
116: 548.3 dps, 2171 hp, 3287 mana
117: miniCH tick
117: finished casting miniCH
117: 610.3 dps, 2171 hp, 3047 mana
118: 605.1 dps, 2171 hp, 3047 mana
119: 600.0 dps, 2171 hp, 3047 mana
120: quiescence tick
120: turgurs tick
120: startcast miniCH
120: 605.0 dps, 2190 hp, 3056 mana
121: 600.0 dps, 2190 hp, 3056 mana
122: 595.1 dps, 2190 hp, 3056 mana
123: 590.2 dps, 2190 hp, 3056 mana
124: 585.5 dps, 2190 hp, 3056 mana
125: 580.8 dps, 2190 hp, 3056 mana
126: quiescence tick
126: turgurs tick
126: 585.7 dps, 2209 hp, 3065 mana
127: 581.1 dps, 2209 hp, 3065 mana
128: 576.6 dps, 2209 hp, 3065 mana
129: 572.1 dps, 2209 hp, 3065 mana
130: miniCH tick
130: finished casting miniCH
130: 627.7 dps, 2209 hp, 2825 mana
131: 622.9 dps, 2209 hp, 2825 mana
132: quiescence tick
132: turgurs tick
132: 627.3 dps, 2228 hp, 2834 mana
133: startcast miniCH
133: 622.6 dps, 2228 hp, 2834 mana
134: 617.9 dps, 2228 hp, 2834 mana
135: 613.3 dps, 2228 hp, 2834 mana
136: 608.8 dps, 2228 hp, 2834 mana
137: 604.4 dps, 2228 hp, 2834 mana
138: quiescence tick
138: turgurs tick
138: 608.7 dps, 2247 hp, 2843 mana
139: 604.3 dps, 2247 hp, 2843 mana
140: 600.0 dps, 2247 hp, 2843 mana
141: 595.7 dps, 2247 hp, 2843 mana
142: 591.5 dps, 2247 hp, 2843 mana
143: miniCH tick
143: finished casting miniCH
143: 642.0 dps, 2247 hp, 2603 mana
144: turgurs tick
144: 637.5 dps, 2266 hp, 2612 mana
145: 633.1 dps, 2266 hp, 2612 mana
146: startcast quiescence
146: 628.8 dps, 2266 hp, 2612 mana
147: 624.5 dps, 2266 hp, 2612 mana
148: 620.3 dps, 2266 hp, 2612 mana
149: 616.1 dps, 2266 hp, 2612 mana
150: turgurs tick
150: finished casting quiescence
150: 612.0 dps, 2285 hp, 2501 mana
151: 607.9 dps, 2285 hp, 2501 mana
152: 603.9 dps, 2285 hp, 2501 mana
153: startcast miniCH
153: 600.0 dps, 2285 hp, 2501 mana
154: 596.1 dps, 2285 hp, 2501 mana
155: 592.3 dps, 2285 hp, 2501 mana
156: quiescence tick
156: turgurs tick
156: 596.2 dps, 2304 hp, 2510 mana
157: 592.4 dps, 2304 hp, 2510 mana
158: 588.6 dps, 2304 hp, 2510 mana
159: 584.9 dps, 2304 hp, 2510 mana
160: 581.2 dps, 2304 hp, 2510 mana
161: 577.6 dps, 2304 hp, 2510 mana
162: quiescence tick
162: turgurs tick
162: 581.5 dps, 2323 hp, 2519 mana
163: miniCH tick
163: finished casting miniCH
163: 625.8 dps, 2323 hp, 2279 mana
164: 622.0 dps, 2323 hp, 2279 mana
165: 618.2 dps, 2323 hp, 2279 mana
166: startcast miniCH
166: 614.5 dps, 2323 hp, 2279 mana
167: 610.8 dps, 2323 hp, 2279 mana
168: quiescence tick
168: turgurs tick
168: 614.3 dps, 2342 hp, 2288 mana
169: 610.7 dps, 2342 hp, 2288 mana
170: 607.1 dps, 2342 hp, 2288 mana
171: 603.5 dps, 2342 hp, 2288 mana
172: 600.0 dps, 2342 hp, 2288 mana
173: 596.5 dps, 2342 hp, 2288 mana
174: quiescence tick
174: turgurs tick
174: 600.0 dps, 2361 hp, 2297 mana
175: 596.6 dps, 2361 hp, 2297 mana
176: miniCH tick
176: finished casting miniCH
176: 637.5 dps, 2361 hp, 2057 mana
177: 633.9 dps, 2361 hp, 2057 mana
178: 630.3 dps, 2361 hp, 2057 mana
179: startcast miniCH
179: 626.8 dps, 2361 hp, 2057 mana
180: quiescence tick
180: turgurs tick
180: 630.0 dps, 2380 hp, 2066 mana
181: 626.5 dps, 2380 hp, 2066 mana
182: 623.1 dps, 2380 hp, 2066 mana
183: 619.7 dps, 2380 hp, 2066 mana
184: 616.3 dps, 2380 hp, 2066 mana
185: 613.0 dps, 2380 hp, 2066 mana
186: quiescence tick
186: turgurs tick
186: 616.1 dps, 2399 hp, 2075 mana
187: 612.8 dps, 2399 hp, 2075 mana
188: 609.6 dps, 2399 hp, 2075 mana
189: miniCH tick
189: finished casting miniCH
189: 647.6 dps, 2399 hp, 1835 mana
190: 644.2 dps, 2399 hp, 1835 mana
191: 640.8 dps, 2399 hp, 1835 mana
192: turgurs tick
192: startcast quiescence
192: 637.5 dps, 2418 hp, 1844 mana
193: 634.2 dps, 2418 hp, 1844 mana
194: 630.9 dps, 2418 hp, 1844 mana
195: 627.7 dps, 2418 hp, 1844 mana
196: finished casting quiescence
196: 624.5 dps, 2418 hp, 1724 mana
197: 621.3 dps, 2418 hp, 1724 mana
198: quiescence tick
198: turgurs tick
198: 624.2 dps, 2437 hp, 1733 mana
199: startcast miniCH
199: 621.1 dps, 2437 hp, 1733 mana
200: 618.0 dps, 2437 hp, 1733 mana
201: 614.9 dps, 2437 hp, 1733 mana
202: 611.9 dps, 2437 hp, 1733 mana
203: 608.9 dps, 2437 hp, 1733 mana
204: quiescence tick
204: turgurs tick
204: 611.8 dps, 2456 hp, 1742 mana
205: 608.8 dps, 2456 hp, 1742 mana
206: 605.8 dps, 2456 hp, 1742 mana
207: 602.9 dps, 2456 hp, 1742 mana
208: 600.0 dps, 2456 hp, 1742 mana
209: miniCH tick
209: finished casting miniCH
209: 634.4 dps, 2456 hp, 1502 mana
210: quiescence tick
210: turgurs tick
210: 637.1 dps, 2475 hp, 1511 mana
211: 634.1 dps, 2475 hp, 1511 mana
212: startcast miniCH
212: 631.1 dps, 2475 hp, 1511 mana
213: 628.2 dps, 2475 hp, 1511 mana
214: 625.2 dps, 2475 hp, 1511 mana
215: 622.3 dps, 2475 hp, 1511 mana
216: quiescence tick
216: turgurs tick
216: 625.0 dps, 2494 hp, 1520 mana
217: 622.1 dps, 2494 hp, 1520 mana
218: 619.3 dps, 2494 hp, 1520 mana
219: 616.4 dps, 2494 hp, 1520 mana
220: 613.6 dps, 2494 hp, 1520 mana
221: 610.9 dps, 2494 hp, 1520 mana
222: quiescence tick
222: turgurs tick
222: miniCH tick
222: finished casting miniCH
222: 648.6 dps, 2513 hp, 1289 mana
223: 645.7 dps, 2513 hp, 1289 mana
224: 642.9 dps, 2513 hp, 1289 mana
225: startcast miniCH
225: 640.0 dps, 2513 hp, 1289 mana
226: 637.2 dps, 2513 hp, 1289 mana
227: 634.4 dps, 2513 hp, 1289 mana
228: quiescence tick
228: turgurs tick
228: 636.8 dps, 2532 hp, 1298 mana
229: 634.1 dps, 2532 hp, 1298 mana
230: 631.3 dps, 2532 hp, 1298 mana
231: 628.6 dps, 2532 hp, 1298 mana
232: 625.9 dps, 2532 hp, 1298 mana
233: 623.2 dps, 2532 hp, 1298 mana
234: turgurs tick
234: 620.5 dps, 2551 hp, 1307 mana
235: miniCH tick
235: finished casting miniCH
235: 651.1 dps, 2551 hp, 1067 mana
236: 648.3 dps, 2551 hp, 1067 mana
237: 645.6 dps, 2551 hp, 1067 mana
238: startcast quiescence
238: 642.9 dps, 2551 hp, 1067 mana
239: 640.2 dps, 2551 hp, 1067 mana
240: turgurs tick
240: 637.5 dps, 2570 hp, 1076 mana
241: 634.9 dps, 2570 hp, 1076 mana
242: finished casting quiescence
242: 632.2 dps, 2570 hp, 956 mana
243: 629.6 dps, 2570 hp, 956 mana
244: 627.0 dps, 2570 hp, 956 mana
245: startcast miniCH
245: 624.5 dps, 2570 hp, 956 mana
246: quiescence tick
246: turgurs tick
246: 626.8 dps, 2589 hp, 965 mana
247: 624.3 dps, 2589 hp, 965 mana
248: 621.8 dps, 2589 hp, 965 mana
249: 619.3 dps, 2589 hp, 965 mana
250: 616.8 dps, 2589 hp, 965 mana
251: 614.3 dps, 2589 hp, 965 mana
252: quiescence tick
252: turgurs tick
252: 616.7 dps, 2608 hp, 974 mana
253: 614.2 dps, 2608 hp, 974 mana
254: 611.8 dps, 2608 hp, 974 mana
255: miniCH tick
255: finished casting miniCH
255: 640.0 dps, 2608 hp, 734 mana
256: 637.5 dps, 2608 hp, 734 mana
257: 635.0 dps, 2608 hp, 734 mana
258: quiescence tick
258: turgurs tick
258: startcast miniCH
258: 637.2 dps, 2627 hp, 743 mana
259: 634.7 dps, 2627 hp, 743 mana
260: 632.3 dps, 2627 hp, 743 mana
261: 629.9 dps, 2627 hp, 743 mana
262: 627.5 dps, 2627 hp, 743 mana
263: 625.1 dps, 2627 hp, 743 mana
264: quiescence tick
264: turgurs tick
264: 627.3 dps, 2646 hp, 752 mana
265: 624.9 dps, 2646 hp, 752 mana
266: 622.6 dps, 2646 hp, 752 mana
267: 620.2 dps, 2646 hp, 752 mana
268: miniCH tick
268: finished casting miniCH
268: 647.0 dps, 2646 hp, 512 mana
269: 644.6 dps, 2646 hp, 512 mana
270: quiescence tick
270: turgurs tick
270: 646.7 dps, 2665 hp, 521 mana
271: cann5 tick
271: finished casting cann5
271: startcast cann5
271: 644.3 dps, 741 hp, 1587 mana
272: startcast torpor
272: 641.9 dps, 741 hp, 1587 mana
273: 639.6 dps, 741 hp, 1587 mana
274: 637.2 dps, 741 hp, 1587 mana
275: 634.9 dps, 741 hp, 1587 mana
276: quiescence tick
276: turgurs tick
276: finished casting torpor
276: 637.0 dps, 760 hp, 1476 mana
277: 634.7 dps, 760 hp, 1476 mana
278: 632.4 dps, 760 hp, 1476 mana
279: startcast quiescence
279: 630.1 dps, 760 hp, 1476 mana
280: 627.9 dps, 760 hp, 1476 mana
281: 625.6 dps, 760 hp, 1476 mana
282: torpor tick
282: turgurs tick
282: 623.4 dps, 1079 hp, 1485 mana
283: finished casting quiescence
283: 621.2 dps, 1079 hp, 1365 mana
284: 619.0 dps, 1079 hp, 1365 mana
285: 616.8 dps, 1079 hp, 1365 mana
286: startcast miniCH
286: 614.7 dps, 1079 hp, 1365 mana
287: 612.5 dps, 1079 hp, 1365 mana
288: torpor tick
288: quiescence tick
288: turgurs tick
288: 614.6 dps, 1398 hp, 1374 mana
289: 612.5 dps, 1398 hp, 1374 mana
290: 610.3 dps, 1398 hp, 1374 mana
291: 608.2 dps, 1398 hp, 1374 mana
292: 606.2 dps, 1398 hp, 1374 mana
293: 604.1 dps, 1398 hp, 1374 mana
294: torpor tick
294: quiescence tick
294: turgurs tick
294: 606.1 dps, 1717 hp, 1383 mana
295: 604.1 dps, 1717 hp, 1383 mana
296: miniCH tick
296: finished casting miniCH
296: 628.4 dps, 1717 hp, 1143 mana
297: 626.3 dps, 1717 hp, 1143 mana
298: 624.2 dps, 1717 hp, 1143 mana
299: startcast miniCH
299: 622.1 dps, 1717 hp, 1143 mana
300: torpor tick
300: quiescence tick
300: turgurs tick
300: 624.0 dps, 2036 hp, 1152 mana
301: 621.9 dps, 2036 hp, 1152 mana
302: 619.9 dps, 2036 hp, 1152 mana
303: 617.8 dps, 2036 hp, 1152 mana
304: 615.8 dps, 2036 hp, 1152 mana
305: 613.8 dps, 2036 hp, 1152 mana
306: torpor tick
306: quiescence tick
306: turgurs tick
306: 615.7 dps, 2355 hp, 1161 mana
307: 613.7 dps, 2355 hp, 1161 mana
308: 611.7 dps, 2355 hp, 1161 mana
309: miniCH tick
309: finished casting miniCH
309: 635.0 dps, 2355 hp, 921 mana
310: 632.9 dps, 2355 hp, 921 mana
311: 630.9 dps, 2355 hp, 921 mana
312: torpor tick
312: quiescence tick
312: turgurs tick
312: startcast miniCH
312: 632.7 dps, 2674 hp, 930 mana
313: 630.7 dps, 2674 hp, 930 mana
314: 628.7 dps, 2674 hp, 930 mana
315: 626.7 dps, 2674 hp, 930 mana
316: 624.7 dps, 2674 hp, 930 mana
317: 622.7 dps, 2674 hp, 930 mana
318: quiescence tick
318: turgurs tick
318: 624.5 dps, 2693 hp, 939 mana
319: 622.6 dps, 2693 hp, 939 mana
320: 620.6 dps, 2693 hp, 939 mana
321: 618.7 dps, 2693 hp, 939 mana
322: miniCH tick
322: finished casting miniCH
322: 641.0 dps, 2693 hp, 699 mana
323: 639.0 dps, 2693 hp, 699 mana
324: turgurs tick
324: 637.0 dps, 2712 hp, 708 mana
325: startcast quiescence
325: 635.1 dps, 2712 hp, 708 mana
326: 633.1 dps, 2712 hp, 708 mana
327: 631.2 dps, 2712 hp, 708 mana
328: 629.3 dps, 2712 hp, 708 mana
329: finished casting quiescence
329: 627.4 dps, 2712 hp, 588 mana
330: quiescence tick
330: turgurs tick
330: 629.1 dps, 2731 hp, 597 mana
331: 627.2 dps, 2731 hp, 597 mana
332: startcast miniCH
332: 625.3 dps, 2731 hp, 597 mana
333: 623.4 dps, 2731 hp, 597 mana
334: 621.6 dps, 2731 hp, 597 mana
335: 619.7 dps, 2731 hp, 597 mana
336: quiescence tick
336: turgurs tick
336: 621.4 dps, 2750 hp, 606 mana
337: 619.6 dps, 2750 hp, 606 mana
338: 617.8 dps, 2750 hp, 606 mana
339: 615.9 dps, 2750 hp, 606 mana
340: 614.1 dps, 2750 hp, 606 mana
341: 612.3 dps, 2750 hp, 606 mana
342: quiescence tick
342: turgurs tick
342: miniCH tick
342: finished casting miniCH
342: 636.8 dps, 2769 hp, 375 mana
343: 635.0 dps, 2769 hp, 375 mana
344: 633.1 dps, 2769 hp, 375 mana
345: startcast cann4
345: 631.3 dps, 2769 hp, 375 mana
346: 629.5 dps, 2769 hp, 375 mana
347: 627.7 dps, 2769 hp, 375 mana
348: quiescence tick
348: turgurs tick
348: cann4 tick
348: finished casting cann4
348: 629.3 dps, 2640 hp, 466 mana
349: 627.5 dps, 2640 hp, 466 mana
350: startcast miniCH
350: 625.7 dps, 2640 hp, 466 mana
351: 623.9 dps, 2640 hp, 466 mana
352: 622.2 dps, 2640 hp, 466 mana
353: 620.4 dps, 2640 hp, 466 mana
354: quiescence tick
354: turgurs tick
354: 622.0 dps, 2659 hp, 475 mana
355: 620.3 dps, 2659 hp, 475 mana
356: 618.5 dps, 2659 hp, 475 mana
357: 616.8 dps, 2659 hp, 475 mana
358: 615.1 dps, 2659 hp, 475 mana
359: 613.4 dps, 2659 hp, 475 mana
360: quiescence tick
360: turgurs tick
360: miniCH tick
360: finished casting miniCH
360: 636.7 dps, 2678 hp, 244 mana
361: 634.9 dps, 2678 hp, 244 mana
362: 633.1 dps, 2678 hp, 244 mana
363: startcast quiescence
363: 631.4 dps, 2678 hp, 244 mana
364: 629.7 dps, 2678 hp, 244 mana
365: 627.9 dps, 2678 hp, 244 mana
366: turgurs tick
366: 626.2 dps, 2697 hp, 253 mana
367: finished casting quiescence
367: 624.5 dps, 2697 hp, 133 mana
368: 622.8 dps, 2697 hp, 133 mana
369: 621.1 dps, 2697 hp, 133 mana
370: startcast cann4
370: 619.5 dps, 2697 hp, 133 mana
371: 617.8 dps, 2697 hp, 133 mana
372: quiescence tick
372: turgurs tick
372: 619.4 dps, 2716 hp, 142 mana
373: cann4 tick
373: finished casting cann4
373: 617.7 dps, 2568 hp, 224 mana
374: 616.0 dps, 2568 hp, 224 mana
375: startcast cann4
375: 614.4 dps, 2568 hp, 224 mana
376: 612.8 dps, 2568 hp, 224 mana
377: 611.1 dps, 2568 hp, 224 mana
378: quiescence tick
378: turgurs tick
378: cann4 tick
378: finished casting cann4
378: 612.7 dps, 2439 hp, 315 mana
379: 611.1 dps, 2439 hp, 315 mana
380: startcast cann4
380: 609.5 dps, 2439 hp, 315 mana
381: 607.9 dps, 2439 hp, 315 mana
382: 606.3 dps, 2439 hp, 315 mana
383: cann4 tick
383: finished casting cann4
383: 604.7 dps, 2291 hp, 397 mana
384: quiescence tick
384: turgurs tick
384: 606.2 dps, 2310 hp, 406 mana
385: startcast miniCH
385: 604.7 dps, 2310 hp, 406 mana
386: 603.1 dps, 2310 hp, 406 mana
387: 601.6 dps, 2310 hp, 406 mana
388: 600.0 dps, 2310 hp, 406 mana
389: 598.5 dps, 2310 hp, 406 mana
390: quiescence tick
390: turgurs tick
390: 600.0 dps, 2329 hp, 415 mana
391: 598.5 dps, 2329 hp, 415 mana
392: 596.9 dps, 2329 hp, 415 mana
393: 595.4 dps, 2329 hp, 415 mana
394: 593.9 dps, 2329 hp, 415 mana
395: miniCH tick
395: finished casting miniCH
395: 612.2 dps, 2329 hp, 175 mana
396: quiescence tick
396: turgurs tick
396: 613.6 dps, 2348 hp, 184 mana
397: 612.1 dps, 2348 hp, 184 mana
398: startcast cann4
398: 610.6 dps, 2348 hp, 184 mana
399: 609.0 dps, 2348 hp, 184 mana
400: 607.5 dps, 2348 hp, 184 mana
401: cann4 tick
401: finished casting cann4
401: 606.0 dps, 2200 hp, 266 mana
402: quiescence tick
402: turgurs tick
402: 607.5 dps, 2219 hp, 275 mana
403: startcast quiescence
403: 606.0 dps, 2219 hp, 275 mana
404: 604.5 dps, 2219 hp, 275 mana
405: 603.0 dps, 2219 hp, 275 mana
406: 601.5 dps, 2219 hp, 275 mana
407: finished casting quiescence
407: 600.0 dps, 2219 hp, 155 mana
408: quiescence tick
408: turgurs tick
408: 601.5 dps, 2238 hp, 164 mana
409: 600.0 dps, 2238 hp, 164 mana
410: startcast cann4
410: 598.5 dps, 2238 hp, 164 mana
411: 597.1 dps, 2238 hp, 164 mana
412: 595.6 dps, 2238 hp, 164 mana
413: cann4 tick
413: finished casting cann4
413: 594.2 dps, 2090 hp, 246 mana
414: quiescence tick
414: turgurs tick
414: 595.7 dps, 2109 hp, 255 mana
415: startcast cann4
415: 594.2 dps, 2109 hp, 255 mana
416: 592.8 dps, 2109 hp, 255 mana
417: 591.4 dps, 2109 hp, 255 mana
418: cann4 tick
418: finished casting cann4
418: 590.0 dps, 1961 hp, 337 mana
419: 588.5 dps, 1961 hp, 337 mana
420: quiescence tick
420: turgurs tick
420: startcast torpor
420: 590.0 dps, 1980 hp, 346 mana
421: 588.6 dps, 1980 hp, 346 mana
422: 587.2 dps, 1980 hp, 346 mana
423: 585.8 dps, 1980 hp, 346 mana
424: finished casting torpor
424: 584.4 dps, 1980 hp, 226 mana
425: 583.1 dps, 1980 hp, 226 mana
426: torpor tick
426: quiescence tick
426: turgurs tick
426: 584.5 dps, 2299 hp, 235 mana
427: startcast cann4
427: 583.1 dps, 2299 hp, 235 mana
428: 581.8 dps, 2299 hp, 235 mana
429: 580.4 dps, 2299 hp, 235 mana
430: cann4 tick
430: finished casting cann4
430: 579.1 dps, 2151 hp, 317 mana
431: 577.7 dps, 2151 hp, 317 mana
432: torpor tick
432: quiescence tick
432: turgurs tick
432: startcast turgurs
432: 579.2 dps, 2470 hp, 326 mana
433: 577.8 dps, 2470 hp, 326 mana
434: 576.5 dps, 2470 hp, 326 mana
435: finished casting turgurs
435: 575.2 dps, 2470 hp, 176 mana
436: 573.9 dps, 2470 hp, 176 mana
437: 572.5 dps, 2470 hp, 176 mana
438: torpor tick
438: quiescence tick
438: turgurs tick
438: startcast cann4
438: 574.0 dps, 2789 hp, 185 mana
439: 572.7 dps, 2789 hp, 185 mana
440: 571.4 dps, 2789 hp, 185 mana
441: cann4 tick
441: finished casting cann4
441: 570.1 dps, 2641 hp, 267 mana
442: 568.8 dps, 2641 hp, 267 mana
443: startcast quiescence
443: 567.5 dps, 2641 hp, 267 mana
444: torpor tick
444: turgurs tick
444: 566.2 dps, 2960 hp, 276 mana
445: 564.9 dps, 2960 hp, 276 mana
446: 563.7 dps, 2960 hp, 276 mana
447: finished casting quiescence
447: 562.4 dps, 2960 hp, 156 mana
448: 561.2 dps, 2960 hp, 156 mana
449: 559.9 dps, 2960 hp, 156 mana
450: torpor tick
450: quiescence tick
450: turgurs tick
450: startcast cann4
450: 561.3 dps, 3279 hp, 165 mana
451: 560.1 dps, 3279 hp, 165 mana
452: 558.8 dps, 3279 hp, 165 mana
453: cann4 tick
453: finished casting cann4
453: 557.6 dps, 3131 hp, 247 mana
454: 556.4 dps, 3131 hp, 247 mana
455: cann5 tick
455: finished casting cann5
455: startcast cann5
455: 555.2 dps, 1207 hp, 1313 mana
456: torpor tick
456: quiescence tick
456: turgurs tick
456: startcast torpor
456: 556.6 dps, 1526 hp, 1322 mana
457: 555.4 dps, 1526 hp, 1322 mana
458: 554.1 dps, 1526 hp, 1322 mana
459: 552.9 dps, 1526 hp, 1322 mana
460: finished casting torpor
460: 551.7 dps, 1526 hp, 1202 mana
461: 550.5 dps, 1526 hp, 1202 mana
462: torpor tick
462: quiescence tick
462: turgurs tick
462: 551.9 dps, 1845 hp, 1211 mana
463: startcast miniCH
463: 550.8 dps, 1845 hp, 1211 mana
464: 549.6 dps, 1845 hp, 1211 mana
465: 548.4 dps, 1845 hp, 1211 mana
466: 547.2 dps, 1845 hp, 1211 mana
467: 546.0 dps, 1845 hp, 1211 mana
468: torpor tick
468: quiescence tick
468: turgurs tick
468: 547.4 dps, 2164 hp, 1220 mana
469: 546.3 dps, 2164 hp, 1220 mana
470: 545.1 dps, 2164 hp, 1220 mana
471: 543.9 dps, 2164 hp, 1220 mana
472: 542.8 dps, 2164 hp, 1220 mana
473: miniCH tick
473: finished casting miniCH
473: 558.1 dps, 2164 hp, 980 mana
474: torpor tick
474: quiescence tick
474: turgurs tick
474: 559.5 dps, 2483 hp, 989 mana
475: 558.3 dps, 2483 hp, 989 mana
476: startcast miniCH
476: 557.1 dps, 2483 hp, 989 mana
477: 556.0 dps, 2483 hp, 989 mana
478: 554.8 dps, 2483 hp, 989 mana
479: 553.7 dps, 2483 hp, 989 mana
480: torpor tick
480: quiescence tick
480: turgurs tick
480: 555.0 dps, 2802 hp, 998 mana
481: 553.8 dps, 2802 hp, 998 mana
482: 552.7 dps, 2802 hp, 998 mana
483: 551.6 dps, 2802 hp, 998 mana
484: 550.4 dps, 2802 hp, 998 mana
485: 549.3 dps, 2802 hp, 998 mana
486: torpor tick
486: turgurs tick
486: miniCH tick
486: finished casting miniCH
486: 564.2 dps, 3121 hp, 767 mana
487: 563.0 dps, 3121 hp, 767 mana
488: 561.9 dps, 3121 hp, 767 mana
489: startcast quiescence
489: 560.7 dps, 3121 hp, 767 mana
490: 559.6 dps, 3121 hp, 767 mana
491: 558.5 dps, 3121 hp, 767 mana
492: torpor tick
492: turgurs tick
492: 557.3 dps, 3440 hp, 776 mana
493: finished casting quiescence
493: 556.2 dps, 3440 hp, 656 mana
494: 555.1 dps, 3440 hp, 656 mana
495: 553.9 dps, 3440 hp, 656 mana
496: startcast miniCH
496: 552.8 dps, 3440 hp, 656 mana
497: 551.7 dps, 3440 hp, 656 mana
498: quiescence tick
498: turgurs tick
498: 553.0 dps, 3459 hp, 665 mana
499: 551.9 dps, 3459 hp, 665 mana
500: 550.8 dps, 3459 hp, 665 mana
501: 549.7 dps, 3459 hp, 665 mana
502: 548.6 dps, 3459 hp, 665 mana
503: 547.5 dps, 3459 hp, 665 mana
504: quiescence tick
504: turgurs tick
504: 548.8 dps, 3478 hp, 674 mana
505: 547.7 dps, 3478 hp, 674 mana
506: miniCH tick
506: finished casting miniCH
506: 562.1 dps, 3478 hp, 434 mana
507: 560.9 dps, 3478 hp, 434 mana
508: 559.8 dps, 3478 hp, 434 mana
509: startcast miniCH
509: 558.7 dps, 3478 hp, 434 mana
510: quiescence tick
510: turgurs tick
510: 560.0 dps, 3497 hp, 443 mana
511: 558.9 dps, 3497 hp, 443 mana
512: 557.8 dps, 3497 hp, 443 mana
513: 556.7 dps, 3497 hp, 443 mana
514: 555.6 dps, 3497 hp, 443 mana
515: 554.6 dps, 3497 hp, 443 mana
516: quiescence tick
516: turgurs tick
516: 555.8 dps, 3516 hp, 452 mana
517: 554.7 dps, 3516 hp, 452 mana
518: 553.7 dps, 3516 hp, 452 mana
519: miniCH tick
519: finished casting miniCH
519: 567.6 dps, 3516 hp, 212 mana
520: 566.5 dps, 3516 hp, 212 mana
521: 565.5 dps, 3516 hp, 212 mana
522: quiescence tick
522: turgurs tick
522: startcast cann4
522: 566.7 dps, 3535 hp, 221 mana
523: 565.6 dps, 3535 hp, 221 mana
524: 564.5 dps, 3535 hp, 221 mana
525: cann4 tick
525: finished casting cann4
525: 563.4 dps, 3387 hp, 303 mana
526: 562.4 dps, 3387 hp, 303 mana
527: startcast cann4
527: 561.3 dps, 3387 hp, 303 mana
528: quiescence tick
528: turgurs tick
528: 562.5 dps, 3406 hp, 312 mana
529: 561.4 dps, 3406 hp, 312 mana
530: cann4 tick
530: finished casting cann4
530: 560.4 dps, 3258 hp, 394 mana
531: 559.3 dps, 3258 hp, 394 mana
532: startcast quiescence
532: 558.3 dps, 3258 hp, 394 mana
533: 557.2 dps, 3258 hp, 394 mana
534: turgurs tick
534: 556.2 dps, 3277 hp, 403 mana
535: 555.1 dps, 3277 hp, 403 mana
536: finished casting quiescence
536: 554.1 dps, 3277 hp, 283 mana
537: 553.1 dps, 3277 hp, 283 mana
538: 552.0 dps, 3277 hp, 283 mana
539: startcast cann4
539: 551.0 dps, 3277 hp, 283 mana
540: quiescence tick
540: turgurs tick
540: 552.2 dps, 3296 hp, 292 mana
541: 551.2 dps, 3296 hp, 292 mana
542: cann4 tick
542: finished casting cann4
542: 550.2 dps, 3148 hp, 374 mana
543: 549.2 dps, 3148 hp, 374 mana
544: startcast cann4
544: 548.2 dps, 3148 hp, 374 mana
545: 547.2 dps, 3148 hp, 374 mana
546: quiescence tick
546: turgurs tick
546: 548.4 dps, 3167 hp, 383 mana
547: cann4 tick
547: finished casting cann4
547: 547.3 dps, 3019 hp, 465 mana
548: 546.4 dps, 3019 hp, 465 mana
549: startcast miniCH
549: 545.4 dps, 3019 hp, 465 mana
550: 544.4 dps, 3019 hp, 465 mana
551: 543.4 dps, 3019 hp, 465 mana
552: quiescence tick
552: turgurs tick
552: 544.6 dps, 3038 hp, 474 mana
553: 543.6 dps, 3038 hp, 474 mana
554: 542.6 dps, 3038 hp, 474 mana
555: 541.6 dps, 3038 hp, 474 mana
556: 540.6 dps, 3038 hp, 474 mana
557: 539.7 dps, 3038 hp, 474 mana
558: quiescence tick
558: turgurs tick
558: 540.9 dps, 3057 hp, 483 mana
559: miniCH tick
559: finished casting miniCH
559: 553.8 dps, 3057 hp, 243 mana
560: 552.9 dps, 3057 hp, 243 mana
561: 551.9 dps, 3057 hp, 243 mana
562: startcast cann4
562: 550.9 dps, 3057 hp, 243 mana
563: 549.9 dps, 3057 hp, 243 mana
564: quiescence tick
564: turgurs tick
564: 551.1 dps, 3076 hp, 252 mana
565: cann4 tick
565: finished casting cann4
565: 550.1 dps, 2928 hp, 334 mana
566: 549.1 dps, 2928 hp, 334 mana
567: startcast cann4
567: 548.1 dps, 2928 hp, 334 mana
568: 547.2 dps, 2928 hp, 334 mana
569: 546.2 dps, 2928 hp, 334 mana
570: quiescence tick
570: turgurs tick
570: cann4 tick
570: finished casting cann4
570: 547.4 dps, 2799 hp, 425 mana
571: 546.4 dps, 2799 hp, 425 mana
572: startcast quiescence
572: 545.5 dps, 2799 hp, 425 mana
573: 544.5 dps, 2799 hp, 425 mana
574: 543.6 dps, 2799 hp, 425 mana
575: 542.6 dps, 2799 hp, 425 mana
576: turgurs tick
576: finished casting quiescence
576: 541.7 dps, 2818 hp, 314 mana
577: 540.7 dps, 2818 hp, 314 mana
578: 539.8 dps, 2818 hp, 314 mana
579: startcast cann4
579: 538.9 dps, 2818 hp, 314 mana
580: 537.9 dps, 2818 hp, 314 mana
581: 537.0 dps, 2818 hp, 314 mana
582: quiescence tick
582: turgurs tick
582: cann4 tick
582: finished casting cann4
582: 538.1 dps, 2689 hp, 405 mana
583: 537.2 dps, 2689 hp, 405 mana
584: startcast miniCH
584: 536.3 dps, 2689 hp, 405 mana
585: 535.4 dps, 2689 hp, 405 mana
586: 534.5 dps, 2689 hp, 405 mana
587: 533.6 dps, 2689 hp, 405 mana
588: quiescence tick
588: turgurs tick
588: 534.7 dps, 2708 hp, 414 mana
589: 533.8 dps, 2708 hp, 414 mana
590: 532.9 dps, 2708 hp, 414 mana
591: 532.0 dps, 2708 hp, 414 mana
592: 531.1 dps, 2708 hp, 414 mana
593: 530.2 dps, 2708 hp, 414 mana
594: quiescence tick
594: turgurs tick
594: miniCH tick
594: finished casting miniCH
594: 544.4 dps, 2727 hp, 183 mana
595: 543.5 dps, 2727 hp, 183 mana
596: 542.6 dps, 2727 hp, 183 mana
597: startcast cann4
597: 541.7 dps, 2727 hp, 183 mana
598: 540.8 dps, 2727 hp, 183 mana
599: 539.9 dps, 2727 hp, 183 mana
600: quiescence tick
600: turgurs tick
600: cann4 tick
600: finished casting cann4
600: 541.0 dps, 2598 hp, 274 mana
601: 540.1 dps, 2598 hp, 274 mana
602: startcast cann4
602: 539.2 dps, 2598 hp, 274 mana
603: 538.3 dps, 2598 hp, 274 mana
604: 537.4 dps, 2598 hp, 274 mana
605: cann4 tick
605: finished casting cann4
605: 536.5 dps, 2450 hp, 356 mana
606: quiescence tick
606: turgurs tick
606: 537.6 dps, 2469 hp, 365 mana
607: startcast cann4
607: 536.7 dps, 2469 hp, 365 mana
608: 535.9 dps, 2469 hp, 365 mana
609: 535.0 dps, 2469 hp, 365 mana
610: cann4 tick
610: finished casting cann4
610: 534.1 dps, 2321 hp, 447 mana
611: 533.2 dps, 2321 hp, 447 mana
612: quiescence tick
612: turgurs tick
612: startcast quiescence
612: 534.3 dps, 2340 hp, 456 mana
613: 533.4 dps, 2340 hp, 456 mana
614: 532.6 dps, 2340 hp, 456 mana
615: 531.7 dps, 2340 hp, 456 mana
616: finished casting quiescence
616: 530.8 dps, 2340 hp, 336 mana
617: 530.0 dps, 2340 hp, 336 mana
618: quiescence tick
618: turgurs tick
618: 531.1 dps, 2359 hp, 345 mana
619: startcast cann4
619: 530.2 dps, 2359 hp, 345 mana
620: 529.4 dps, 2359 hp, 345 mana
621: 528.5 dps, 2359 hp, 345 mana
622: cann4 tick
622: finished casting cann4
622: 527.7 dps, 2211 hp, 427 mana
623: 526.8 dps, 2211 hp, 427 mana
624: quiescence tick
624: turgurs tick
624: startcast miniCH
624: 527.9 dps, 2230 hp, 436 mana
625: 527.0 dps, 2230 hp, 436 mana
626: 526.2 dps, 2230 hp, 436 mana
627: 525.4 dps, 2230 hp, 436 mana
628: 524.5 dps, 2230 hp, 436 mana
629: 523.7 dps, 2230 hp, 436 mana
630: quiescence tick
630: turgurs tick
630: 524.8 dps, 2249 hp, 445 mana
631: 523.9 dps, 2249 hp, 445 mana
632: 523.1 dps, 2249 hp, 445 mana
633: 522.3 dps, 2249 hp, 445 mana
634: miniCH tick
634: finished casting miniCH
634: 533.8 dps, 2249 hp, 205 mana
635: 532.9 dps, 2249 hp, 205 mana
636: quiescence tick
636: turgurs tick
636: 534.0 dps, 2268 hp, 214 mana
637: cann5 tick
637: finished casting cann5
637: startcast cann5
637: 533.1 dps, 344 hp, 1280 mana
638: startcast torpor
638: 532.3 dps, 344 hp, 1280 mana
639: 531.5 dps, 344 hp, 1280 mana
640: 530.6 dps, 344 hp, 1280 mana
641: 529.8 dps, 344 hp, 1280 mana
642: quiescence tick
642: turgurs tick
642: finished casting torpor
642: 530.8 dps, 363 hp, 1169 mana
643: 530.0 dps, 363 hp, 1169 mana
644: 529.2 dps, 363 hp, 1169 mana
645: startcast miniCH
645: 528.4 dps, 363 hp, 1169 mana
646: 527.6 dps, 363 hp, 1169 mana
647: 526.7 dps, 363 hp, 1169 mana
648: torpor tick
648: quiescence tick
648: turgurs tick
648: 527.8 dps, 682 hp, 1178 mana
649: 527.0 dps, 682 hp, 1178 mana
650: 526.2 dps, 682 hp, 1178 mana
651: 525.3 dps, 682 hp, 1178 mana
652: 524.5 dps, 682 hp, 1178 mana
653: 523.7 dps, 682 hp, 1178 mana
654: torpor tick
654: turgurs tick
654: 522.9 dps, 1001 hp, 1187 mana
655: miniCH tick
655: finished casting miniCH
655: 534.0 dps, 1001 hp, 947 mana
656: 533.2 dps, 1001 hp, 947 mana
657: 532.4 dps, 1001 hp, 947 mana
658: startcast quiescence
658: 531.6 dps, 1001 hp, 947 mana
659: 530.8 dps, 1001 hp, 947 mana
660: torpor tick
660: turgurs tick
660: 530.0 dps, 1320 hp, 956 mana
661: 529.2 dps, 1320 hp, 956 mana
662: finished casting quiescence
662: 528.4 dps, 1320 hp, 836 mana
663: 527.6 dps, 1320 hp, 836 mana
664: 526.8 dps, 1320 hp, 836 mana
665: startcast miniCH
665: 526.0 dps, 1320 hp, 836 mana
666: torpor tick
666: quiescence tick
666: turgurs tick
666: 527.0 dps, 1639 hp, 845 mana
667: 526.2 dps, 1639 hp, 845 mana
668: 525.4 dps, 1639 hp, 845 mana
669: 524.7 dps, 1639 hp, 845 mana
670: 523.9 dps, 1639 hp, 845 mana
671: 523.1 dps, 1639 hp, 845 mana
672: torpor tick
672: quiescence tick
672: turgurs tick
672: 524.1 dps, 1958 hp, 854 mana
673: 523.3 dps, 1958 hp, 854 mana
674: 522.6 dps, 1958 hp, 854 mana
675: miniCH tick
675: finished casting miniCH
675: 533.3 dps, 1958 hp, 614 mana
676: 532.5 dps, 1958 hp, 614 mana
677: 531.8 dps, 1958 hp, 614 mana
678: torpor tick
678: quiescence tick
678: turgurs tick
678: startcast miniCH
678: 532.7 dps, 2277 hp, 623 mana
679: 532.0 dps, 2277 hp, 623 mana
680: 531.2 dps, 2277 hp, 623 mana
681: 530.4 dps, 2277 hp, 623 mana
682: 529.6 dps, 2277 hp, 623 mana
683: 528.8 dps, 2277 hp, 623 mana
684: quiescence tick
684: turgurs tick
684: 529.8 dps, 2296 hp, 632 mana
685: 529.1 dps, 2296 hp, 632 mana
686: 528.3 dps, 2296 hp, 632 mana
687: 527.5 dps, 2296 hp, 632 mana
688: miniCH tick
688: finished casting miniCH
688: 538.1 dps, 2296 hp, 392 mana
689: 537.3 dps, 2296 hp, 392 mana
690: quiescence tick
690: turgurs tick
690: 538.3 dps, 2315 hp, 401 mana
691: startcast miniCH
691: 537.5 dps, 2315 hp, 401 mana
692: 536.7 dps, 2315 hp, 401 mana
693: 535.9 dps, 2315 hp, 401 mana
694: 535.2 dps, 2315 hp, 401 mana
695: 534.4 dps, 2315 hp, 401 mana
696: quiescence tick
696: turgurs tick
696: 535.3 dps, 2334 hp, 410 mana
697: 534.6 dps, 2334 hp, 410 mana
698: 533.8 dps, 2334 hp, 410 mana
699: 533.0 dps, 2334 hp, 410 mana
700: 532.3 dps, 2334 hp, 410 mana
701: miniCH tick
701: finished casting miniCH
701: 542.7 dps, 2334 hp, 170 mana
702: turgurs tick
702: 541.9 dps, 2353 hp, 179 mana
703: 541.1 dps, 2353 hp, 179 mana
704: startcast cann4
704: 540.3 dps, 2353 hp, 179 mana
705: 539.6 dps, 2353 hp, 179 mana
706: 538.8 dps, 2353 hp, 179 mana
707: cann4 tick
707: finished casting cann4
707: 538.0 dps, 2205 hp, 261 mana
708: turgurs tick
708: 537.3 dps, 2224 hp, 270 mana
709: startcast quiescence
709: 536.5 dps, 2224 hp, 270 mana
710: 535.8 dps, 2224 hp, 270 mana
711: 535.0 dps, 2224 hp, 270 mana
712: 534.3 dps, 2224 hp, 270 mana
713: finished casting quiescence
713: 533.5 dps, 2224 hp, 150 mana
714: quiescence tick
714: turgurs tick
714: 534.5 dps, 2243 hp, 159 mana
715: 533.7 dps, 2243 hp, 159 mana
716: startcast cann4
716: 533.0 dps, 2243 hp, 159 mana
717: 532.2 dps, 2243 hp, 159 mana
718: 531.5 dps, 2243 hp, 159 mana
719: cann4 tick
719: finished casting cann4
719: 530.7 dps, 2095 hp, 241 mana
720: quiescence tick
720: turgurs tick
720: 531.7 dps, 2114 hp, 250 mana
721: startcast cann4
721: 530.9 dps, 2114 hp, 250 mana
722: 530.2 dps, 2114 hp, 250 mana
723: 529.5 dps, 2114 hp, 250 mana
724: cann4 tick
724: finished casting cann4
724: 528.7 dps, 1966 hp, 332 mana
725: 528.0 dps, 1966 hp, 332 mana
726: quiescence tick
726: turgurs tick
726: startcast torpor
726: 528.9 dps, 1985 hp, 341 mana
727: 528.2 dps, 1985 hp, 341 mana
728: 527.5 dps, 1985 hp, 341 mana
729: 526.7 dps, 1985 hp, 341 mana
730: finished casting torpor
730: 526.0 dps, 1985 hp, 221 mana
731: 525.3 dps, 1985 hp, 221 mana
732: torpor tick
732: quiescence tick
732: turgurs tick
732: 526.2 dps, 2304 hp, 230 mana
733: startcast cann4
733: 525.5 dps, 2304 hp, 230 mana
734: 524.8 dps, 2304 hp, 230 mana
735: 524.1 dps, 2304 hp, 230 mana
736: cann4 tick
736: finished casting cann4
736: 523.4 dps, 2156 hp, 312 mana
737: 522.7 dps, 2156 hp, 312 mana
738: torpor tick
738: quiescence tick
738: turgurs tick
738: startcast cann4
738: 523.6 dps, 2475 hp, 321 mana
739: 522.9 dps, 2475 hp, 321 mana
740: 522.2 dps, 2475 hp, 321 mana
741: cann4 tick
741: finished casting cann4
741: 521.5 dps, 2327 hp, 403 mana
742: 520.8 dps, 2327 hp, 403 mana
743: startcast miniCH
743: 520.1 dps, 2327 hp, 403 mana
744: torpor tick
744: quiescence tick
744: turgurs tick
744: 521.0 dps, 2646 hp, 412 mana
745: 520.3 dps, 2646 hp, 412 mana
746: 519.6 dps, 2646 hp, 412 mana
747: 518.9 dps, 2646 hp, 412 mana
748: 518.2 dps, 2646 hp, 412 mana
749: 517.5 dps, 2646 hp, 412 mana
750: torpor tick
750: turgurs tick
750: 516.8 dps, 2965 hp, 421 mana
751: 516.1 dps, 2965 hp, 421 mana
752: 515.4 dps, 2965 hp, 421 mana
753: miniCH tick
753: finished casting miniCH
753: 525.1 dps, 2965 hp, 181 mana
754: 524.4 dps, 2965 hp, 181 mana
755: 523.7 dps, 2965 hp, 181 mana
756: torpor tick
756: turgurs tick
756: startcast cann4
756: 523.0 dps, 3284 hp, 190 mana
757: 522.3 dps, 3284 hp, 190 mana
758: 521.6 dps, 3284 hp, 190 mana
759: cann4 tick
759: finished casting cann4
759: 520.9 dps, 3136 hp, 272 mana
760: 520.3 dps, 3136 hp, 272 mana
761: startcast quiescence
761: 519.6 dps, 3136 hp, 272 mana
762: torpor tick
762: turgurs tick
762: 518.9 dps, 3455 hp, 281 mana
763: 518.2 dps, 3455 hp, 281 mana
764: 517.5 dps, 3455 hp, 281 mana
765: finished casting quiescence
765: 516.9 dps, 3455 hp, 161 mana
766: 516.2 dps, 3455 hp, 161 mana
767: 515.5 dps, 3455 hp, 161 mana
768: quiescence tick
768: turgurs tick
768: startcast cann4
768: 516.4 dps, 3474 hp, 170 mana
769: 515.7 dps, 3474 hp, 170 mana
770: 515.1 dps, 3474 hp, 170 mana
771: cann4 tick
771: finished casting cann4
771: 514.4 dps, 3326 hp, 252 mana
772: 513.7 dps, 3326 hp, 252 mana
773: startcast cann4
773: 513.1 dps, 3326 hp, 252 mana
774: quiescence tick
774: turgurs tick
774: 514.0 dps, 3345 hp, 261 mana
775: 513.3 dps, 3345 hp, 261 mana
776: cann4 tick
776: finished casting cann4
776: 512.6 dps, 3197 hp, 343 mana
777: 512.0 dps, 3197 hp, 343 mana
778: startcast cann4
778: 511.3 dps, 3197 hp, 343 mana
779: 510.7 dps, 3197 hp, 343 mana
780: quiescence tick
780: turgurs tick
780: 511.5 dps, 3216 hp, 352 mana
781: cann4 tick
781: finished casting cann4
781: 510.9 dps, 3068 hp, 434 mana
782: 510.2 dps, 3068 hp, 434 mana
783: startcast miniCH
783: 509.6 dps, 3068 hp, 434 mana
784: 508.9 dps, 3068 hp, 434 mana
785: 508.3 dps, 3068 hp, 434 mana
786: quiescence tick
786: turgurs tick
786: 509.2 dps, 3087 hp, 443 mana
787: 508.5 dps, 3087 hp, 443 mana
788: 507.9 dps, 3087 hp, 443 mana
789: 507.2 dps, 3087 hp, 443 mana
790: 506.6 dps, 3087 hp, 443 mana
791: 505.9 dps, 3087 hp, 443 mana
792: quiescence tick
792: turgurs tick
792: 506.8 dps, 3106 hp, 452 mana
793: miniCH tick
793: finished casting miniCH
793: 516.0 dps, 3106 hp, 212 mana
794: 515.4 dps, 3106 hp, 212 mana
795: 514.7 dps, 3106 hp, 212 mana
796: startcast cann4
796: 514.1 dps, 3106 hp, 212 mana
797: 513.4 dps, 3106 hp, 212 mana
798: quiescence tick
798: turgurs tick
798: 514.3 dps, 3125 hp, 221 mana
799: cann4 tick
799: finished casting cann4
799: 513.6 dps, 2977 hp, 303 mana
800: 513.0 dps, 2977 hp, 303 mana
801: startcast quiescence
801: 512.4 dps, 2977 hp, 303 mana
802: 511.7 dps, 2977 hp, 303 mana
803: 511.1 dps, 2977 hp, 303 mana
804: turgurs tick
804: 510.4 dps, 2996 hp, 312 mana
805: finished casting quiescence
805: 509.8 dps, 2996 hp, 192 mana
806: 509.2 dps, 2996 hp, 192 mana
807: 508.6 dps, 2996 hp, 192 mana
808: startcast cann4
808: 507.9 dps, 2996 hp, 192 mana
809: 507.3 dps, 2996 hp, 192 mana
810: quiescence tick
810: turgurs tick
810: 508.1 dps, 3015 hp, 201 mana
811: cann4 tick
811: finished casting cann4
811: 507.5 dps, 2867 hp, 283 mana
812: 506.9 dps, 2867 hp, 283 mana
813: startcast cann4
813: 506.3 dps, 2867 hp, 283 mana
814: 505.7 dps, 2867 hp, 283 mana
815: 505.0 dps, 2867 hp, 283 mana
816: quiescence tick
816: turgurs tick
816: cann4 tick
816: finished casting cann4
816: 505.9 dps, 2738 hp, 374 mana
817: 505.3 dps, 2738 hp, 374 mana
818: cann5 tick
818: finished casting cann5
818: startcast cann5
818: 504.6 dps, 814 hp, 1440 mana
819: startcast torpor
819: 504.0 dps, 814 hp, 1440 mana
820: 503.4 dps, 814 hp, 1440 mana
821: 502.8 dps, 814 hp, 1440 mana
822: quiescence tick
822: turgurs tick
822: 503.6 dps, 833 hp, 1449 mana
823: finished casting torpor
823: 503.0 dps, 833 hp, 1329 mana
824: 502.4 dps, 833 hp, 1329 mana
825: 501.8 dps, 833 hp, 1329 mana
826: startcast miniCH
826: 501.2 dps, 833 hp, 1329 mana
827: 500.6 dps, 833 hp, 1329 mana
828: torpor tick
828: quiescence tick
828: turgurs tick
828: 501.4 dps, 1152 hp, 1338 mana
829: 500.8 dps, 1152 hp, 1338 mana
830: 500.2 dps, 1152 hp, 1338 mana
831: 499.6 dps, 1152 hp, 1338 mana
832: 499.0 dps, 1152 hp, 1338 mana
833: 498.4 dps, 1152 hp, 1338 mana
834: torpor tick
834: quiescence tick
834: turgurs tick
834: 499.3 dps, 1471 hp, 1347 mana
835: 498.7 dps, 1471 hp, 1347 mana
836: miniCH tick
836: finished casting miniCH
836: 507.4 dps, 1471 hp, 1107 mana
837: 506.8 dps, 1471 hp, 1107 mana
838: 506.2 dps, 1471 hp, 1107 mana
839: startcast miniCH
839: 505.6 dps, 1471 hp, 1107 mana
840: torpor tick
840: quiescence tick
840: turgurs tick
840: 506.4 dps, 1790 hp, 1116 mana
841: 505.8 dps, 1790 hp, 1116 mana
842: 505.2 dps, 1790 hp, 1116 mana
843: 504.6 dps, 1790 hp, 1116 mana
844: 504.0 dps, 1790 hp, 1116 mana
845: 503.4 dps, 1790 hp, 1116 mana
846: torpor tick
846: turgurs tick
846: 502.8 dps, 2109 hp, 1125 mana
847: 502.2 dps, 2109 hp, 1125 mana
848: 501.7 dps, 2109 hp, 1125 mana
849: miniCH tick
849: finished casting miniCH
849: 510.2 dps, 2109 hp, 885 mana
850: 509.6 dps, 2109 hp, 885 mana
851: 509.0 dps, 2109 hp, 885 mana
852: torpor tick
852: turgurs tick
852: startcast quiescence
852: 508.5 dps, 2428 hp, 894 mana
853: 507.9 dps, 2428 hp, 894 mana
854: 507.3 dps, 2428 hp, 894 mana
855: 506.7 dps, 2428 hp, 894 mana
856: finished casting quiescence
856: 506.1 dps, 2428 hp, 774 mana
857: 505.5 dps, 2428 hp, 774 mana
858: torpor tick
858: quiescence tick
858: turgurs tick
858: 506.3 dps, 2747 hp, 783 mana
859: startcast miniCH
859: 505.7 dps, 2747 hp, 783 mana
860: 505.1 dps, 2747 hp, 783 mana
861: 504.5 dps, 2747 hp, 783 mana
862: 503.9 dps, 2747 hp, 783 mana
863: 503.4 dps, 2747 hp, 783 mana
864: quiescence tick
864: turgurs tick
864: 504.2 dps, 2766 hp, 792 mana
865: 503.6 dps, 2766 hp, 792 mana
866: 503.0 dps, 2766 hp, 792 mana
867: 502.4 dps, 2766 hp, 792 mana
868: 501.8 dps, 2766 hp, 792 mana
869: miniCH tick
869: finished casting miniCH
869: 510.2 dps, 2766 hp, 552 mana
870: quiescence tick
870: 511.0 dps, 2785 hp, 561 mana
871: 510.4 dps, 2785 hp, 561 mana
872: startcast turgurs
872: 509.9 dps, 2785 hp, 561 mana
873: 509.3 dps, 2785 hp, 561 mana
874: 508.7 dps, 2785 hp, 561 mana
875: finished casting turgurs
875: 508.1 dps, 2785 hp, 411 mana
876: quiescence tick
876: turgurs tick
876: 508.9 dps, 2804 hp, 420 mana
877: 508.3 dps, 2804 hp, 420 mana
878: startcast miniCH
878: 507.7 dps, 2804 hp, 420 mana
879: 507.2 dps, 2804 hp, 420 mana
880: 506.6 dps, 2804 hp, 420 mana
881: 506.0 dps, 2804 hp, 420 mana
882: quiescence tick
882: turgurs tick
882: 506.8 dps, 2823 hp, 429 mana
883: 506.2 dps, 2823 hp, 429 mana
884: 505.7 dps, 2823 hp, 429 mana
885: 505.1 dps, 2823 hp, 429 mana
886: 504.5 dps, 2823 hp, 429 mana
887: 503.9 dps, 2823 hp, 429 mana
888: quiescence tick
888: turgurs tick
888: miniCH tick
888: finished casting miniCH
888: 513.5 dps, 2842 hp, 198 mana
889: 512.9 dps, 2842 hp, 198 mana
890: 512.4 dps, 2842 hp, 198 mana
891: startcast cann4
891: 511.8 dps, 2842 hp, 198 mana
892: 511.2 dps, 2842 hp, 198 mana
893: 510.6 dps, 2842 hp, 198 mana
894: turgurs tick
894: cann4 tick
894: finished casting cann4
894: 510.1 dps, 2713 hp, 289 mana
895: 509.5 dps, 2713 hp, 289 mana
896: startcast quiescence
896: 508.9 dps, 2713 hp, 289 mana
897: 508.4 dps, 2713 hp, 289 mana
898: 507.8 dps, 2713 hp, 289 mana
899: 507.2 dps, 2713 hp, 289 mana
900: turgurs tick
900: finished casting quiescence
900: 506.7 dps, 2732 hp, 178 mana
901: 506.1 dps, 2732 hp, 178 mana
902: 505.5 dps, 2732 hp, 178 mana
903: startcast cann4
903: 505.0 dps, 2732 hp, 178 mana
904: 504.4 dps, 2732 hp, 178 mana
905: 503.9 dps, 2732 hp, 178 mana
906: quiescence tick
906: turgurs tick
906: cann4 tick
906: finished casting cann4
906: 504.6 dps, 2603 hp, 269 mana
907: 504.1 dps, 2603 hp, 269 mana
908: startcast cann4
908: 503.5 dps, 2603 hp, 269 mana
909: 503.0 dps, 2603 hp, 269 mana
910: 502.4 dps, 2603 hp, 269 mana
911: cann4 tick
911: finished casting cann4
911: 501.9 dps, 2455 hp, 351 mana
912: quiescence tick
912: turgurs tick
912: 502.6 dps, 2474 hp, 360 mana
913: startcast cann4
913: 502.1 dps, 2474 hp, 360 mana
914: 501.5 dps, 2474 hp, 360 mana
915: 501.0 dps, 2474 hp, 360 mana
916: cann4 tick
916: finished casting cann4
916: 500.4 dps, 2326 hp, 442 mana
917: 499.9 dps, 2326 hp, 442 mana
918: quiescence tick
918: turgurs tick
918: startcast miniCH
918: 500.7 dps, 2345 hp, 451 mana
919: 500.1 dps, 2345 hp, 451 mana
920: 499.6 dps, 2345 hp, 451 mana
921: 499.0 dps, 2345 hp, 451 mana
922: 498.5 dps, 2345 hp, 451 mana
923: 497.9 dps, 2345 hp, 451 mana
924: quiescence tick
924: turgurs tick
924: 498.7 dps, 2364 hp, 460 mana
925: 498.2 dps, 2364 hp, 460 mana
926: 497.6 dps, 2364 hp, 460 mana
927: 497.1 dps, 2364 hp, 460 mana
928: miniCH tick
928: finished casting miniCH
928: 505.0 dps, 2364 hp, 220 mana
929: 504.4 dps, 2364 hp, 220 mana
930: quiescence tick
930: turgurs tick
930: 505.2 dps, 2383 hp, 229 mana
931: startcast cann4
931: 504.6 dps, 2383 hp, 229 mana
932: 504.1 dps, 2383 hp, 229 mana
933: 503.5 dps, 2383 hp, 229 mana
934: cann4 tick
934: finished casting cann4
934: 503.0 dps, 2235 hp, 311 mana
935: 502.5 dps, 2235 hp, 311 mana
936: quiescence tick
936: turgurs tick
936: startcast quiescence
936: 503.2 dps, 2254 hp, 320 mana
937: 502.7 dps, 2254 hp, 320 mana
938: 502.1 dps, 2254 hp, 320 mana
939: 501.6 dps, 2254 hp, 320 mana
940: finished casting quiescence
940: 501.1 dps, 2254 hp, 200 mana
941: 500.5 dps, 2254 hp, 200 mana
942: quiescence tick
942: turgurs tick
942: 501.3 dps, 2273 hp, 209 mana
943: startcast cann4
943: 500.7 dps, 2273 hp, 209 mana
944: 500.2 dps, 2273 hp, 209 mana
945: 499.7 dps, 2273 hp, 209 mana
946: cann4 tick
946: finished casting cann4
946: 499.2 dps, 2125 hp, 291 mana
947: 498.6 dps, 2125 hp, 291 mana
948: quiescence tick
948: turgurs tick
948: startcast cann4
948: 499.4 dps, 2144 hp, 300 mana
949: 498.8 dps, 2144 hp, 300 mana
950: 498.3 dps, 2144 hp, 300 mana
951: cann4 tick
951: finished casting cann4
951: 497.8 dps, 1996 hp, 382 mana
952: 497.3 dps, 1996 hp, 382 mana
953: startcast torpor
953: 496.7 dps, 1996 hp, 382 mana
954: quiescence tick
954: turgurs tick
954: 497.5 dps, 2015 hp, 391 mana
955: 497.0 dps, 2015 hp, 391 mana
956: 496.4 dps, 2015 hp, 391 mana
957: finished casting torpor
957: 495.9 dps, 2015 hp, 271 mana
958: 495.4 dps, 2015 hp, 271 mana
959: 494.9 dps, 2015 hp, 271 mana
960: torpor tick
960: quiescence tick
960: turgurs tick
960: startcast cann4
960: 495.6 dps, 2334 hp, 280 mana
961: 495.1 dps, 2334 hp, 280 mana
962: 494.6 dps, 2334 hp, 280 mana
963: cann4 tick
963: finished casting cann4
963: 494.1 dps, 2186 hp, 362 mana
964: 493.6 dps, 2186 hp, 362 mana
965: startcast cann4
965: 493.1 dps, 2186 hp, 362 mana
966: torpor tick
966: quiescence tick
966: turgurs tick
966: 493.8 dps, 2505 hp, 371 mana
967: 493.3 dps, 2505 hp, 371 mana
968: cann4 tick
968: finished casting cann4
968: 492.8 dps, 2357 hp, 453 mana
969: 492.3 dps, 2357 hp, 453 mana
970: startcast miniCH
970: 491.8 dps, 2357 hp, 453 mana
971: 491.2 dps, 2357 hp, 453 mana
972: torpor tick
972: quiescence tick
972: turgurs tick
972: 492.0 dps, 2676 hp, 462 mana
973: 491.5 dps, 2676 hp, 462 mana
974: 491.0 dps, 2676 hp, 462 mana
975: 490.5 dps, 2676 hp, 462 mana
976: 490.0 dps, 2676 hp, 462 mana
977: 489.5 dps, 2676 hp, 462 mana
978: torpor tick
978: turgurs tick
978: 489.0 dps, 2995 hp, 471 mana
979: 488.5 dps, 2995 hp, 471 mana
980: miniCH tick
980: finished casting miniCH
980: 495.9 dps, 2995 hp, 231 mana
981: 495.4 dps, 2995 hp, 231 mana
982: 494.9 dps, 2995 hp, 231 mana
983: startcast quiescence
983: 494.4 dps, 2995 hp, 231 mana
984: torpor tick
984: turgurs tick
984: 493.9 dps, 3314 hp, 240 mana
985: 493.4 dps, 3314 hp, 240 mana
986: 492.9 dps, 3314 hp, 240 mana
987: finished casting quiescence
987: 492.4 dps, 3314 hp, 120 mana
988: 491.9 dps, 3314 hp, 120 mana
989: 491.4 dps, 3314 hp, 120 mana
990: torpor tick
990: quiescence tick
990: turgurs tick
990: startcast cann4
990: 492.1 dps, 3633 hp, 129 mana
991: 491.6 dps, 3633 hp, 129 mana
992: 491.1 dps, 3633 hp, 129 mana
993: cann4 tick
993: finished casting cann4
993: 490.6 dps, 3485 hp, 211 mana
994: 490.1 dps, 3485 hp, 211 mana
995: startcast cann4
995: 489.6 dps, 3485 hp, 211 mana
996: quiescence tick
996: turgurs tick
996: 490.4 dps, 3504 hp, 220 mana
997: 489.9 dps, 3504 hp, 220 mana
998: cann4 tick
998: finished casting cann4
998: 489.4 dps, 3356 hp, 302 mana
999: 488.9 dps, 3356 hp, 302 mana
1000: cann5 tick
1000: finished casting cann5
1000: startcast cann5
1000: 488.4 dps, 1432 hp, 1368 mana
1001: startcast torpor
1001: 487.9 dps, 1432 hp, 1368 mana
1002: quiescence tick
1002: turgurs tick
1002: 488.6 dps, 1451 hp, 1377 mana
1003: 488.1 dps, 1451 hp, 1377 mana
1004: 487.6 dps, 1451 hp, 1377 mana
1005: finished casting torpor
1005: 487.2 dps, 1451 hp, 1257 mana
1006: 486.7 dps, 1451 hp, 1257 mana
1007: 486.2 dps, 1451 hp, 1257 mana
1008: torpor tick
1008: quiescence tick
1008: turgurs tick
1008: startcast miniCH
1008: 486.9 dps, 1770 hp, 1266 mana
1009: 486.4 dps, 1770 hp, 1266 mana
1010: 485.9 dps, 1770 hp, 1266 mana
1011: 485.5 dps, 1770 hp, 1266 mana
1012: 485.0 dps, 1770 hp, 1266 mana
1013: 484.5 dps, 1770 hp, 1266 mana
1014: torpor tick
1014: quiescence tick
1014: turgurs tick
1014: 485.2 dps, 2089 hp, 1275 mana
1015: 484.7 dps, 2089 hp, 1275 mana
1016: 484.3 dps, 2089 hp, 1275 mana
1017: 483.8 dps, 2089 hp, 1275 mana
1018: miniCH tick
1018: finished casting miniCH
1018: 491.0 dps, 2089 hp, 1035 mana
1019: 490.5 dps, 2089 hp, 1035 mana
1020: torpor tick
1020: quiescence tick
1020: turgurs tick
1020: 491.2 dps, 2408 hp, 1044 mana
1021: startcast quiescence
1021: 490.7 dps, 2408 hp, 1044 mana
1022: 490.2 dps, 2408 hp, 1044 mana
1023: 489.7 dps, 2408 hp, 1044 mana
1024: 489.3 dps, 2408 hp, 1044 mana
1025: finished casting quiescence
1025: 488.8 dps, 2408 hp, 924 mana
1026: torpor tick
1026: quiescence tick
1026: turgurs tick
1026: 489.5 dps, 2727 hp, 933 mana
1027: 489.0 dps, 2727 hp, 933 mana
1028: startcast miniCH
1028: 488.5 dps, 2727 hp, 933 mana
1029: 488.0 dps, 2727 hp, 933 mana
1030: 487.6 dps, 2727 hp, 933 mana
1031: 487.1 dps, 2727 hp, 933 mana
1032: torpor tick
1032: quiescence tick
1032: turgurs tick
1032: 487.8 dps, 3046 hp, 942 mana
1033: 487.3 dps, 3046 hp, 942 mana
1034: 486.8 dps, 3046 hp, 942 mana
1035: 486.4 dps, 3046 hp, 942 mana
1036: 485.9 dps, 3046 hp, 942 mana
1037: 485.4 dps, 3046 hp, 942 mana
1038: torpor tick
1038: quiescence tick
1038: turgurs tick
1038: miniCH tick
1038: finished casting miniCH
1038: 493.6 dps, 3365 hp, 711 mana
1039: 493.2 dps, 3365 hp, 711 mana
1040: 492.7 dps, 3365 hp, 711 mana
1041: startcast miniCH
1041: 492.2 dps, 3365 hp, 711 mana
1042: 491.7 dps, 3365 hp, 711 mana
1043: 491.3 dps, 3365 hp, 711 mana
1044: quiescence tick
1044: turgurs tick
1044: 492.0 dps, 3384 hp, 720 mana
1045: 491.5 dps, 3384 hp, 720 mana
1046: 491.0 dps, 3384 hp, 720 mana
1047: 490.5 dps, 3384 hp, 720 mana
1048: 490.1 dps, 3384 hp, 720 mana
1049: 489.6 dps, 3384 hp, 720 mana
1050: quiescence tick
1050: turgurs tick
1050: 490.3 dps, 3403 hp, 729 mana
1051: miniCH tick
1051: finished casting miniCH
1051: 497.2 dps, 3403 hp, 489 mana
1052: 496.8 dps, 3403 hp, 489 mana
1053: 496.3 dps, 3403 hp, 489 mana
1054: startcast miniCH
1054: 495.8 dps, 3403 hp, 489 mana
1055: 495.4 dps, 3403 hp, 489 mana
1056: quiescence tick
1056: turgurs tick
1056: 496.0 dps, 3422 hp, 498 mana
1057: 495.6 dps, 3422 hp, 498 mana
1058: 495.1 dps, 3422 hp, 498 mana
1059: 494.6 dps, 3422 hp, 498 mana
1060: 494.2 dps, 3422 hp, 498 mana
1061: 493.7 dps, 3422 hp, 498 mana
1062: turgurs tick
1062: 493.2 dps, 3441 hp, 507 mana
1063: 492.8 dps, 3441 hp, 507 mana
1064: miniCH tick
1064: finished casting miniCH
1064: 499.6 dps, 3441 hp, 267 mana
1065: 499.2 dps, 3441 hp, 267 mana
1066: 498.7 dps, 3441 hp, 267 mana
1067: startcast quiescence
1067: 498.2 dps, 3441 hp, 267 mana
1068: turgurs tick
1068: 497.8 dps, 3460 hp, 276 mana
1069: 497.3 dps, 3460 hp, 276 mana
1070: 496.8 dps, 3460 hp, 276 mana
1071: finished casting quiescence
1071: 496.4 dps, 3460 hp, 156 mana
1072: 495.9 dps, 3460 hp, 156 mana
1073: 495.4 dps, 3460 hp, 156 mana
1074: quiescence tick
1074: turgurs tick
1074: startcast cann4
1074: 496.1 dps, 3479 hp, 165 mana
1075: 495.6 dps, 3479 hp, 165 mana
1076: 495.2 dps, 3479 hp, 165 mana
1077: cann4 tick
1077: finished casting cann4
1077: 494.7 dps, 3331 hp, 247 mana
1078: 494.2 dps, 3331 hp, 247 mana
1079: startcast cann4
1079: 493.8 dps, 3331 hp, 247 mana
1080: quiescence tick
1080: turgurs tick
1080: 494.4 dps, 3350 hp, 256 mana
1081: 494.0 dps, 3350 hp, 256 mana
1082: cann4 tick
1082: finished casting cann4
1082: 493.5 dps, 3202 hp, 338 mana
1083: 493.1 dps, 3202 hp, 338 mana
1084: startcast cann4
1084: 492.6 dps, 3202 hp, 338 mana
1085: 492.2 dps, 3202 hp, 338 mana
1086: quiescence tick
1086: turgurs tick
1086: 492.8 dps, 3221 hp, 347 mana
1087: cann4 tick
1087: finished casting cann4
1087: 492.4 dps, 3073 hp, 429 mana
1088: 491.9 dps, 3073 hp, 429 mana
1089: startcast miniCH
1089: 491.5 dps, 3073 hp, 429 mana
1090: 491.0 dps, 3073 hp, 429 mana
1091: 490.6 dps, 3073 hp, 429 mana
1092: quiescence tick
1092: turgurs tick
1092: 491.2 dps, 3092 hp, 438 mana
1093: 490.8 dps, 3092 hp, 438 mana
1094: 490.3 dps, 3092 hp, 438 mana
1095: 489.9 dps, 3092 hp, 438 mana
1096: 489.4 dps, 3092 hp, 438 mana
1097: 489.0 dps, 3092 hp, 438 mana
1098: quiescence tick
1098: turgurs tick
1098: 489.6 dps, 3111 hp, 447 mana
1099: miniCH tick
1099: finished casting miniCH
1099: 496.3 dps, 3111 hp, 207 mana
1100: 495.8 dps, 3111 hp, 207 mana
1101: 495.4 dps, 3111 hp, 207 mana
1102: startcast cann4
1102: 494.9 dps, 3111 hp, 207 mana
1103: 494.5 dps, 3111 hp, 207 mana
1104: quiescence tick
1104: turgurs tick
1104: 495.1 dps, 3130 hp, 216 mana
1105: cann4 tick
1105: finished casting cann4
1105: 494.7 dps, 2982 hp, 298 mana
1106: 494.2 dps, 2982 hp, 298 mana
1107: startcast quiescence
1107: 493.8 dps, 2982 hp, 298 mana
1108: 493.3 dps, 2982 hp, 298 mana
1109: 492.9 dps, 2982 hp, 298 mana
1110: turgurs tick
1110: 492.4 dps, 3001 hp, 307 mana
1111: finished casting quiescence
1111: 492.0 dps, 3001 hp, 187 mana
1112: 491.5 dps, 3001 hp, 187 mana
1113: 491.1 dps, 3001 hp, 187 mana
1114: startcast cann4
1114: 490.7 dps, 3001 hp, 187 mana
1115: 490.2 dps, 3001 hp, 187 mana
1116: quiescence tick
1116: turgurs tick
1116: 490.9 dps, 3020 hp, 196 mana
1117: cann4 tick
1117: finished casting cann4
1117: 490.4 dps, 2872 hp, 278 mana
1118: 490.0 dps, 2872 hp, 278 mana
1119: startcast cann4
1119: 489.5 dps, 2872 hp, 278 mana
1120: 489.1 dps, 2872 hp, 278 mana
1121: 488.7 dps, 2872 hp, 278 mana
1122: quiescence tick
1122: turgurs tick
1122: cann4 tick
1122: finished casting cann4
1122: 489.3 dps, 2743 hp, 369 mana
1123: 488.9 dps, 2743 hp, 369 mana
1124: startcast cann4
1124: 488.4 dps, 2743 hp, 369 mana
1125: 488.0 dps, 2743 hp, 369 mana
1126: 487.6 dps, 2743 hp, 369 mana
1127: cann4 tick
1127: finished casting cann4
1127: 487.1 dps, 2595 hp, 451 mana
1128: quiescence tick
1128: turgurs tick
1128: 487.8 dps, 2614 hp, 460 mana
1129: startcast miniCH
1129: 487.3 dps, 2614 hp, 460 mana
1130: 486.9 dps, 2614 hp, 460 mana
1131: 486.5 dps, 2614 hp, 460 mana
1132: 486.0 dps, 2614 hp, 460 mana
1133: 485.6 dps, 2614 hp, 460 mana
1134: quiescence tick
1134: turgurs tick
1134: 486.2 dps, 2633 hp, 469 mana
1135: 485.8 dps, 2633 hp, 469 mana
1136: 485.4 dps, 2633 hp, 469 mana
1137: 485.0 dps, 2633 hp, 469 mana
1138: 484.5 dps, 2633 hp, 469 mana
1139: miniCH tick
1139: finished casting miniCH
1139: 491.0 dps, 2633 hp, 229 mana
1140: quiescence tick
1140: turgurs tick
1140: 491.6 dps, 2652 hp, 238 mana
1141: 491.1 dps, 2652 hp, 238 mana
1142: startcast cann4
1142: 490.7 dps, 2652 hp, 238 mana
1143: 490.3 dps, 2652 hp, 238 mana
1144: 489.9 dps, 2652 hp, 238 mana
1145: cann4 tick
1145: finished casting cann4
1145: 489.4 dps, 2504 hp, 320 mana
1146: quiescence tick
1146: turgurs tick
1146: 490.1 dps, 2523 hp, 329 mana
1147: startcast quiescence
1147: 489.6 dps, 2523 hp, 329 mana
1148: 489.2 dps, 2523 hp, 329 mana
1149: 488.8 dps, 2523 hp, 329 mana
1150: 488.3 dps, 2523 hp, 329 mana
1151: finished casting quiescence
1151: 487.9 dps, 2523 hp, 209 mana
1152: quiescence tick
1152: turgurs tick
1152: 488.5 dps, 2542 hp, 218 mana
1153: 488.1 dps, 2542 hp, 218 mana
1154: startcast cann4
1154: 487.7 dps, 2542 hp, 218 mana
1155: 487.3 dps, 2542 hp, 218 mana
1156: 486.9 dps, 2542 hp, 218 mana
1157: cann4 tick
1157: finished casting cann4
1157: 486.4 dps, 2394 hp, 300 mana
1158: quiescence tick
1158: turgurs tick
1158: 487.0 dps, 2413 hp, 309 mana
1159: startcast cann4
1159: 486.6 dps, 2413 hp, 309 mana
1160: 486.2 dps, 2413 hp, 309 mana
1161: 485.8 dps, 2413 hp, 309 mana
1162: cann4 tick
1162: finished casting cann4
1162: 485.4 dps, 2265 hp, 391 mana
1163: 485.0 dps, 2265 hp, 391 mana
1164: quiescence tick
1164: turgurs tick
1164: startcast miniCH
1164: 485.6 dps, 2284 hp, 400 mana
1165: 485.2 dps, 2284 hp, 400 mana
1166: 484.7 dps, 2284 hp, 400 mana
1167: 484.3 dps, 2284 hp, 400 mana
1168: 483.9 dps, 2284 hp, 400 mana
1169: 483.5 dps, 2284 hp, 400 mana
1170: quiescence tick
1170: turgurs tick
1170: 484.1 dps, 2303 hp, 409 mana
1171: 483.7 dps, 2303 hp, 409 mana
1172: 483.3 dps, 2303 hp, 409 mana
1173: 482.9 dps, 2303 hp, 409 mana
1174: miniCH tick
1174: finished casting miniCH
1174: 489.1 dps, 2303 hp, 169 mana
1175: 488.7 dps, 2303 hp, 169 mana
1176: quiescence tick
1176: turgurs tick
1176: 489.3 dps, 2322 hp, 178 mana
1177: startcast cann4
1177: 488.9 dps, 2322 hp, 178 mana
1178: 488.5 dps, 2322 hp, 178 mana
1179: 488.0 dps, 2322 hp, 178 mana
1180: cann4 tick
1180: finished casting cann4
1180: 487.6 dps, 2174 hp, 260 mana
1181: 487.2 dps, 2174 hp, 260 mana
1182: quiescence tick
1182: turgurs tick
1182: cann5 tick
1182: finished casting cann5
1182: startcast cann5
1182: 487.8 dps, 269 hp, 1335 mana
1183: startcast torpor
1183: 487.4 dps, 269 hp, 1335 mana
1184: 487.0 dps, 269 hp, 1335 mana
1185: 486.6 dps, 269 hp, 1335 mana
1186: 486.2 dps, 269 hp, 1335 mana
1187: finished casting torpor
1187: 485.8 dps, 269 hp, 1215 mana
1188: torpor tick
1188: turgurs tick
1188: 485.4 dps, 588 hp, 1224 mana
1189: 484.9 dps, 588 hp, 1224 mana
1190: startcast quiescence
1190: 484.5 dps, 588 hp, 1224 mana
1191: 484.1 dps, 588 hp, 1224 mana
1192: 483.7 dps, 588 hp, 1224 mana
1193: 483.3 dps, 588 hp, 1224 mana
1194: torpor tick
1194: turgurs tick
1194: finished casting quiescence
1194: 482.9 dps, 907 hp, 1113 mana
1195: 482.5 dps, 907 hp, 1113 mana
1196: 482.1 dps, 907 hp, 1113 mana
1197: startcast miniCH
1197: 481.7 dps, 907 hp, 1113 mana
1198: 481.3 dps, 907 hp, 1113 mana
1199: 480.9 dps, 907 hp, 1113 mana
1200: torpor tick
1200: quiescence tick
1200: turgurs tick
1200: 481.5 dps, 1226 hp, 1122 mana
