967869822.000001::Frost Bolt::1::Evocation::10::1.8::Bolt::Cold::Cold Based Bolt Spell.::admin
967869822.001001::Minor Shielding::1::Abjuration::10::2.5::Buff::N/A::"Gives caster extra HP, AC and MR."::admin
967869822.002001::Numbing Cold::1::Evocation::13::1.3::AOE::Cold::Cold Based AE Spell the radiates from the caster.::admin
967869822.003001::Shock of Frost::1::Evocation::8::1.1::DD::Cold::Cold based DD Spell.::admin
967869822.004001::Sphere of Light::1::Divination::10::4::Summon::N/A::Summons a sphere of light for the caster.::admin
967869822.005001::True North::1::Divination::5::2::Detect::N/A::Points the caster North.::admin
967869822.006001::Fade::4::Alteration::10::1::Teleport::N/A::Randomly teleports the caster around.::admin
967869822.007001::Gate ::4::Alteration::70::5::Teleport::N/A::Teleports the caster back to his/her bind location.::admin
967869822.008001::Glimpse  ::4::Divination::5::1.5::Sight::N/A::Magnifiy's the casters view.::admin
967869822.009001::Icestrike ::4::Evocation::30::1.8::AOE + Rain::Cold::Cold based AE Rain Spell.::admin
967869822.010001::O'Keils Radiation  ::4::Abjuration::15::3::Thorn::Fire::Self only fire based damage shield.::admin
967869822.011001::Root ::4::Alteration::30::2::Root::Magic::Holds the target still from moving but not atacking.::admin
967869822.012002::See Invisible  ::4::Divination::25::2::Sight::N/A::"Lets the target see otherwise invisible targets, objects and/or creatures."::admin
967869822.013002::Shock of Fire::4::Evocation::15::1.3::DD::Fire::Fire based DD Spell.::admin
967869822.014002::Column of Frost::8::Evocation::39::2.7::AOE::Cold::Area Effect Cold Damage.::admin
967869822.015002::Eye of Zomm::8::Conjuration::30::6::Summon::N/A::Summons an Eye for looking around.::admin
967869822.016002::Fingers of Fire::8::Evocation::47::1.8::PBAE::Fire::PBAE Fire Damage.::admin
967869822.017002::Fire Bolt::8::Evocation::40::2.2::Bolt::Fire::Long Range Fire Bolt.::admin
967869822.018002::Lesser Shielding ::8::Abjuration::25::4::Buff::N/A::"Increases Caster's AC, HP, and Magic Resistance."::admin
967869822.019002::Sense Summoned ::8::Divination::5::2::Detect::N/A::Points you towards the nearest summoned creature.::admin
967869822.020002::Shadow Step ::8::Alteration::10::1::Teleport::N/A::Medium Range self teleport Spell.::admin
967869822.021002::Shock of Ice ::8::Evocation::30::1.8::DD::Cold::Ice based DD.::admin
967869822.022002::Bind Affinity ::12::Alteration::100::6::Special::N/A::Set a Bind Point where deth and the gate spell returns you to.::admin
967869822.023002::Cancel Magic ::12::Abjuration::30::3.5::Debuff::N/A::Lowers targets Magic Defense.::admin
967869822.024002::Firestorm::12::Evocation::62::2.5::AOE + Rain::Fire::AE Fire-Based Rain Spell.::admin
967869822.025002::Frost Spiral of Al'Kabor::12::Evocation::100::3.1::AOE::Cold::AE Cold-Based DD.::admin
967869822.026002::Gaze::12::Divination::15::2.5::Sight::N/A::Magnifies self vision by 55%.::admin
967869822.027002::Halo of Light::12::Conjuration::40::5::Summon::N/A::Self Only light source headband.::admin
967869822.028002::Resistant Skin ::12::Abjuration::35::4.5::Buff::N/A::Increases caster's poison and disease resist.::admin
967869822.029002::Shock of Lightning  ::12::Evocation::60::2.2::DD::Magic::Magic-Based DD.::admin
967869822.030002::Bind Sight  ::16::Divination::15::4::Sight::N/A::Lets you see through your targets eyes.::admin
967869822.031002::Flame Shock ::16::Evocation::75::2.5::DD::Fire::Fire-Based DD.::admin
967869822.032002::Heat Sight::16::Divination::30::5::Sight::N/A::Self Only Infravision.::admin
967869822.033002::Identify ::16::Divination::50::5::Special::N/A::Indentifies any Lore Item.::admin
967869822.034003::Invisibility ::16::Divination::30::5::Invis::N/A::Makes you(r) target invisible. (Must be grouped to invis others).::admin
967869822.035003::Lightning Bolt ::16::Evocation::85::2.7::DD::Magic::Magic-Based DD.::admin
967869822.036003::Pillar of Fire::16::Evocation::84::3.1::AOE::Fire::Fire-Based AE Spell.::admin
967869822.037003::Project Lightning ::16::Evocation::85::2.5::AOE::Magic::Magic-Based AE Spell.::admin
967869822.038003::Shielding::16::Abjuration::50::5::Buff::N/A::"Increases Casters AC, HP, and Magic Resistance."::admin
967869822.039003::Shieldskin::16::Abjuration::41::3.5::Buff::N/A::Self Shield that absorbs 55 damage and then fades away.::admin
967869822.040003::Elemental Shield ::20::Abjuration::50::3::Buff::N/A::Self Only Fire and Cold Reistance Buff.::admin
967869822.041003::Enstill  ::20::Alteration::65::2.5::Root::Magic::Single target root spell.::admin
967869822.042003::Fay Gate ::20::Alteration::150::7::Teleport::N/A::Self teleport to Greater Faydark.::admin
967869822.043003::Fire Spiral of Al'Kabor ::20::Evocation::150::3.6::AOE::Fire::Fire-Based AE Spell.::admin
967869822.044003::Force Shock::20::Evocation::120::2.8::DD::Magic::Magic-Based DD.::admin
967869822.045003::North Gate ::20::Alteration::150::7::Teleport::N/A::Self teleport to North Karana.::admin
967869822.046003::Sight::20::Divination::20::2.5::Sight::N/A::Magnifies casters sight range.::admin
967869822.047003::Tishan's Clash ::20::Evocation::65::2.5::DD + Stun::Magic::Small damage stun spell.::admin
967869822.048003::Tox Gate::20::Alteration::150::7::Teleport::N/A::Self teleport to Toxxulious Forest.::admin
967869822.049003::Cast Force  ::24::Evocation::123::3.1::PBAE::Magic::Magic-Based PBAE Spell.::admin
967869822.050003::Cazic Gate  ::24::Alteration::150::7::Teleport::N/A::Self teleport to Cazic-Thule.::admin
967869822.051003::Column of Lightning  ::24::Evocation::130::3.6::AOE::Fire::Fire-Based AE Spell.::admin
967869822.052003::Common Gate  ::24::Alteration::150::7::Teleport::N/A::Self teleport to West Commonlands.::admin
967869822.053003::Frost Shock  ::24::Evocation::110::3.1::DD::Cold::Cold-Based DD.::admin
967869822.054003::Leatherskin ::24::Abjuration::83::4::Buff::N/A::Self Shield that absorbs 118 damage then fades away.::admin
967869822.055004::Levitate ::24::Alteration::30::3::Special::N/A::Casts levitation upon your target.::admin
967869822.056004::Lightning Storm ::24::Evocation::137::3.6::AOE::Magic::Magic-Based AE Spell.::admin
967869822.057004::Major Shielding::24::Abjuration::80::5::Buff::N/A::"Increases Casters AC, HP, and Magic Resistance."::admin
967869822.058004::Nek Gate ::24::Alteration::150::7::Teleport::N/A::Self teleport to Nektulos Forest.::admin
967869822.059004::Ro Gate ::24::Alteration::150::7::Teleport::N/A::Self teleport to North Ro.::admin
967869822.060004::West Karana Gate::24::Alteration::150::7::Teleport::N/A::Self teleport to West Karana.::admin
967869822.061004::Bonds of Force  ::29::Alteration::75::2.5::Root::Magic::AE Snare Spell.::admin
967869822.062004::Energy Storm  ::29::Evocation::162::4.1::AOE + Rain::Magic::Magic-Based AE Rain Spell.::admin
967869822.063004::Evacuate: North  ::29::Alteration::300::9::Teleport::N/A::Evacuates your group to North Karana.::admin
967869822.064004::Fay Portal  ::29::Alteration::300::16::Teleport::N/A::Teleports your group to Greater Faydark.::admin
967869822.065004::Inferno Shock  ::29::Evocation::135::3.6::DD::Fire::Fire-Based DD.::admin
967869822.066004::Magnify  ::29::Divination::25::2.5::Sight::N/A::Magnifies casters sight range and grants them Ultravision.::admin
967869822.067004::North Portal ::29::Alteration::300::16::Teleport::N/A::Teleports your group to North Karana.::admin
967869822.068004::Shock Spiral of Al'Kabor ::29::Evocation::200::4.1::AOE::Magic::Magic-Based AE Spell.::admin
967869822.069004::Thunder Strike  ::29::Evocation::150::3.6::DD + Stun::Magic::"Magic-Based DD, and Stun."::admin
967869822.070004::Tox Portal  ::29::Alteration::300::16::Teleport::N/A::Teleports your group to Toxxulia Forest.::admin
967869822.071004::Yonder ::29::Alteration::15::1::Teleport::N/A::Self Only short distance teleport.::admin
967869822.072004::Cazic Portal ::34::Alteration::300::16::Teleport::N/A::Teleports your group to Cazic-Thule.::admin
967869822.073004::Circle of Force  ::34::Evocation::175::4.5::DD::Fire::Fire-Based DD Spell.::admin
967869822.074004::Combine Portal  ::34::Alteration::300::16::Teleport::N/A::Teleports your group to the Dreadlands. (Kunark)::admin
967869822.075004::Evacuate Faydark ::34::Alteration::300::9::Teleport::N/A::Evacuates your group to Greater Faydark.::admin
967869822.076005::Greater Shielding ::34::Abjuration::120::6::Buff::N/A::"Increases Casters AC, HP, and Magic Resistance."::admin
967869822.077005::Harvest::34::Alteration::1::10::Special::N/A::Self only Mana Boost.::admin
967869822.078005::Ice Shock ::34::Evocation::160::4.1::DD::Cold::Cold-Based DD.::admin
967869822.079005::Lava Storm  ::34::Evocation::200::4.5::AOE + Rain::Fire::Fire-Based AE Rain Spell.::admin
967869822.080005::Nektulos Portal  ::34::Alteration::300::16::Teleport::N/A::Teleports your group to Nektulos Forest.::admin
967869822.081005::Nullify Magic  ::34::Abjuration::50::4.5::Debuff::Magic::Cancels magical effects on your target.::admin
967869822.082005::Steelskin ::34::Abjuration::130::4.5::Buff::N/A::Protects the caster from damage for a brief period of time.::admin
967869822.083005::Thunderclap::34::Evocation::175::3.1::PBAE + Stun::Magic::Magic-Based PBAE Stun Spell.::admin
967869822.084005::Chill Sight  ::39::Divination::75::5::Sight::N/A::Self Only Ultravision.::admin
967869822.085005::Common Portal  ::39::Alteration::300::16::Teleport::N/A::Teleports your group to the West Commonlands.::admin
967869822.086005::Concussion  ::39::Alteration::25::2::Calm::Magic::Single Target Hate Reducer.::admin
967869822.087005::Evacuate Ro  ::39::Alteration::300::9::Teleport::N/A::Teleports your group to South Ro.::admin
967869822.088005::Force Spiral of Al'Kabor  ::39::Evocation::250::5::AOE::Magic::Magic-Based AE Spell.::admin
967869822.089005::Immobilize  ::39::Alteration::80::1.7::Root::Magic::Single Target Root Spell.::admin
967869822.090005::Lightning Shock  ::39::Evocation::180::4.8::DD::Magic::Magic-Based DD.::admin
967869822.091005::Markars Relocation ::39::Alteration::300::9::Teleport::N/A::Evacuates your group to the Emerald Jungle. (Kunark)::admin
967869822.092005::Ro Portal  ::39::Alteration::300::16::Teleport::N/A::Teleports your group to North Ro.::admin
967869822.093005::Shifting Sight ::39::Divination::30::4::Sight::N/A::See through your targets eyes with Infravision.::admin
967869822.094005::Tishans Relocation  ::39::Alteration::300::9::Teleport::N/A::Evacuates your group to the Skyfire Mountains. (Kunark)::admin
967869822.095005::West Karana Portal ::39::Alteration::300::16::Teleport::N/A::Teleports your group to West Karana.::admin
967869822.096005::Arch Shielding::44::Abjuration::200::12::Buff::N/A::"Increases Casters AC, HP, and Magic Resistance."::admin
967869822.097005::Conflaguration ::44::Evocation::250::5.5::DD::Fire::Fire-Based DD.::admin
967869822.098006::Diamond Skin ::44::Abjuration::236::5::Buff::N/A::Self Shield that absorbs 394 damage then fades away.::admin
967869822.099006::Elemental Armor  ::44::Abjuration::100::6::Buff::N/A::Self Only Fire and Cold Resistance Buff.::admin
967869822.100006::Evacuate: Nektulos  ::44::Alteration::300::9::Teleport::N/A::Evacuates your group to Nektulos Forest.::admin
967869822.101006::Force Strike  ::44::Evocation::250::5.5::DD::Magic::Magic-Based DD.::admin
967869822.102006::Frost Storm  ::44::Evocation::312::5.5::AOE + Rain::Cold::Cold-Based AE Rain Spell.::admin
967869822.103006::Gravity Flux  ::44::Evocation::337::5.9::AOE::Magic::Magic-Based AE Spell.::admin
967869822.104006::Alter Plane: Hate ::46::Alteration::300::10::Teleport::N/A::Teleports your group to the Plane of Hate.::admin
967869822.105006::Alter Plane: Sky ::46::Alteration::300::10::Teleport::N/A::Teleports your group to the Plane of Air.::admin
967869822.106006::Evacuate West  ::49::Alteration::300::9::Teleport::N/A::Evacuates your group to West Karanas.::admin
967869822.107006::Ice Comet  ::49::Evocation::400::6.3::DD::Cold::Cold-Based DD.::admin
967869822.108006::Markars Clash  ::49::Evocation::200::3.3::DD + Stun::Magic::Single target DD and long stun.::admin
967869822.109006::Paralyzing Earth  ::49::Alteration::100::2.5::Root::Magic::Single target Root spell.::admin
967869822.110006::Rend  ::49::Evocation::280::6.3::DD::Magic::Magic-Based DD.::admin
967869822.111006::Super Nova ::49::Evocation::875::6.3::PBAE::Fire::Fire-Based PBAE Spell.::admin
967869822.112006::Wrath of Al'Kabor::49::Evocation::500::6.3::PBAE::Cold::Cold-Based PBAE Spell.::admin
967869822.113006::Atol's Spectral Shackles  ::51::Alteration::125::2::AOE + Root::Magic::AE snare Spell.::admin
967869822.114006::Draught of Fire ::51::Evocation::215::3::DD::Fire::Fire-Based DD.::admin
967869822.115006::Pillar of Frost  ::51::Evocation::325::4.5::AOE + Root::Cold::Cold-Based AE Spell.::admin
967869822.116006::Tishan's Discord ::51::Evocation::130::2.2::DD + Stun::Magic::Magic-Based DD and Stun.::admin
967869822.117006::Abscond  ::52::Alteration::600::7::Teleport::N/A::Self Teleport to Zone Safe Point.::admin
967869822.118006::Lure of Frost  ::52::Evocation::320::4.5::DD::Cold::Low Resist Cold-Based DD.::admin
967869822.119007::Manaskin  ::52::Abjuration::330::5::Buff + Regen::N/A::Protective Skin and faster Mana Regeneration.::admin
967869822.120007::Tears of Druzzil::52::Evocation::380::5::AOE + Rain::Magic::Magic-Based AE Rain Spell.::admin
967869822.121007::Annul Magic  ::53::Abjuration::75::4::Debuff::Magic::Lowers targets Magic Resistance.::admin
967869822.122007::Inferno of Al'Kabor ::53::Evocation::625::5::AOE::Fire::Fire-Based AE Spell.::admin
967869822.123007::Jyll's Static Pulse  ::53::Evocation::285::2::PBAE::Magic::Magic-Based PBAE Spell.::admin
967869822.124007::Pillar of Lightning  ::54::Evocation::344::4.5::AOE ::Magic::Magic-Based AE Spell.::admin
967869822.125007::Shield of the Magi ::54::Abjuration::300::12::Buff::N/A::"Increases casters AC, HP, and Magic Resistance."::admin
967869822.126007::Thunderbold  ::54::Evocation::300::3::AOE + DD + Stun::Magic::Magic-Based AE DD and Stun.::admin
967869822.127007::Voltaic Draught ::54::Evocation::215::3::DD::Magic::Cold-Based DD.::admin
967869822.128007::Draught of Jiva  ::55::Evocation::215::3::DD::Magic::Magic-Based DD.::admin
967869822.129007::Lure of Flame  ::55::Evocation::320::4.5::DD::Fire::Low Resist Fire-Based DD.::admin
967869822.130007::Plainsight  ::55::Divination::100::5::Sight::N/A::Self Only See Invisible and Ultravision Spell.::admin
967869822.131007::Tears of Solusek  ::55::Evocation::408::5::AOE + Rain::Fire::Fire-Based AE Rain Spell.::admin
967869822.132007::Jyll's Zephyr of Ice  ::56::Evocation::313::2::PBAE::Cold::Cold-Based PBAE Spell.::admin
967869822.133007::Markar's Discord ::56::Evocation::300::3.3::DD + Stun::Magic::Magic-Based DD and Stun.::admin
967869822.134007::Retribution of Al'Kabor  ::56::Evocation::662::5::AOE::Cold::Cold-Based AE Spell.::admin
967869822.135007::Draught of Ice  ::57::Evocation::215::3::DD::Cold::Cold-Based DD.::admin
967869822.136007::Evacuate  ::57::Alteration::300::9::Teleport::N/A::Teleports your group somewhere else in-zone.::admin
967869822.137007::Eye of Tallon  ::57::Conjuration::65::6::Summon::N/A::Upgraded Eye of Zomm.::admin
967869822.138007::Pillar of Flame  ::57::Evocation::364::4.5::AOE::Fire::Fire-Based AE Spell.::admin
967869822.139007::Fetter  ::58::Alteration::75::1.7::Root::Magic::Single Target Root.::admin
967869822.140007::Lure of Lightning  ::58::Evocation::320::4.5::DD::Magic::Low Resist Magic-Based DD.::admin
967869822.141008::Tears of Prexus  ::58::Evocation::437::5::AOE + Rain::Cold::Cold-Based AE Rain Spell.::admin
967869822.142008::Flaming Sword of Xuzl  ::59::Conjuration::700::5::Pet::N/A::Summons a Flaming Sword Pet.::admin
967869822.143008::Invert Gravity  ::59::Evocation::500::6.1::AOE + DD::Magic::AE Gravity Flux Upgrade.::admin
967869822.144008::Jyll's Wave of Heat  ::59::Evocation::342::2::PBAE::Fire::Fire-Based PBAE Spell.::admin
967869822.145008::Vengeance of Al'kabor ::59::Evocation::700::5::AOE::Magic::Magic-Based AE Spell.::admin
967869822.146008::Disintegrate ::60::Evocation::650::4::DD::Magic::Single Target Instant Kill.  Max. level 56.::admin
967869822.147008::Lure of Ice  ::60::Evocation::320::4.5::DD::Cold::Low Resist Cold-Based DD.::admin
967869822.148008::Sunstrike  ::60::Evocation::450::7::DD::Fire::Fire-Based DD.  Highest Damage Spell in the game.::admin
967869822.149008::Winds of Gelid::60::Evocation::875::6::PBAE::Cold::Cold-Based PBAE Spell.::admin
