949698243::Apothic Boots::<a href="http://www.gameznet.com/eq/equipment/apothicboots.html">More</a>::4::::::::13::::::::18::::::::::10::::0.7::::::::::::::::::::::::::::::yes::::yes::::yes::yes::::::yes::yes::::::::::admin
949698972::Black Charred Boots::<a href="http://gameznet.com/eq/equipment/blackcharredboots.html">More</a>::6::::::::3::::::::::::5::::::5::::::::yes::::::yes::::yes::::yes::::::::::::::yes::yes::yes::yes::yes::yes::yes::yes::yes::yes::yes::yes::yes::admin
949699028::Blighted Boots::<a href="http://gameznet.com/eq/equipment/blightedboots.html">More</a>::4::::::::14::::::::5::::::::::10::::0.7::::::::::::::::::::::::yes::::::::::yes::::yes::yes::::::::yes::::::::::admin
949699089::Boots of Brawn::<a href="http://gameznet.com/eq/equipment/bootsofbrawn.html">More</a>::8::9::::-13::::::::::::::::::::::::::::yes::yes::::yes::yes::yes::yes::yes::::yes::::::::::yes::yes::yes::yes::yes::yes::yes::yes::yes::yes::yes::yes::yes::admin
949699186::Boots of the Reliant::<a href="http://gameznet.com/eq/equipment/reliantboots.html">More</a>::11::::::::::::::::::::::::6::::::4.9::::::::::::::::::yes::::::::::::::::yes::yes::yes::yes::yes::yes::yes::yes::::::::::admin
949699234::Carmine Boots::<a href="http://www.gameznet.com/eq/equipment/carmineboots.htm">More</a>::4::::::::14::::::::10::::::::::10::::0.7::::::::::::::::::::::::::yes::::::::yes::::yes::yes::::::yes::yes::::::::::admin
949699285::Cryosilk Lined Shoes::<a href="http://gameznet.com/eq/equipment/cryosilklinedshoes.html">More</a>::4::::::::13::::::::15::::::::::9::::0.7::::::::::::::::::::::::yes::yes::yes::yes::::yes::::yes::yes::::::yes::yes::::::::::admin
949699329::Crafted Boots::<a href="http://gameznet.com/eq/equipment/craftedboots.html">More</a>::12::::::::5::::::::::::::::::::::6.5::::yes::::::::::::::::::::::::::::yes::yes::yes::yes::yes::yes::yes::yes::yes::yes::yes::yes::::admin
949699377::Darkforge Boots::<a href="http://gameznet.com/eq/equipment/dfboots.html">More</a>::11::::3::::::::::::::::::::::::::6.5::::::::::::yes::::::::::::::::::::::yes::::::::::::::yes::yes::yes::::::admin
949699423::Dwarven Work Boots::<a href="http://gameznet.com/eq/equipment/dwboots.html">More</a>::8::3::::5::::::::::::::::::::::::::::yes::yes::yes::yes::yes::yes::yes::yes::yes::yes::::::::::yes::yes::yes::yes::yes::yes::yes::yes::yes::yes::yes::yes::::admin
949699473::Earthern Boots::<a href="http://gameznet.com/eq/equipment/earthernboots.html">More</a>::5::::5::::::::::::15::::::::::::::2.0::::::::::::::::::::::::::::::yes::::yes::::yes::yes::::::yes::yes::::::::::admin
949699530::Ethereal Mist Boots::<a href="http://gameznet.com/eq/equipment/ethermistboots.html">More</a>::15::::::::5::5::::::::::::7::::::::4.9::::::::::::::::::yes::::::::::::::::yes::yes::yes::yes::yes::yes::yes::yes::::::::::admin
949699570::Footpads of the Monkey::<a href="http://gameznet.com/eq/equipment/monkeyshoes.html">More</a>::6::5::::10::::::::::20::::::::::::::0.1::::::yes::::::::::::::::::::::::::::::::::::::::::yes::::::::::admin
949699608::Golden Efreeti Boots::<a href="http://gameznet.com/eq/equipment/goldefreetiboots.html">More</a>::5::::::::::9::9::::::::::::::::::2.5::::yes::yes::yes::yes::yes::yes::yes::yes::yes::yes::yes::yes::yes::yes::yes::yes::yes::yes::yes::yes::yes::yes::yes::yes::yes::yes::yes::admin
949699643::Journeyman Boots::<a href="http://gameznet.com/eq/equipment/journeymanboots.html">More</a>::1::::::::::::::::::::::::::::::2.5::Journeyman Boots::yes::yes::yes::yes::yes::yes::yes::yes::yes::yes::yes::yes::yes::yes::yes::yes::yes::yes::yes::yes::yes::yes::yes::yes::yes::yes::yes::admin
949699685::Kobold Hide Boots::<a href="http://gameznet.com/eq/equipment/kobhideboots.html">More</a>::5::::::::3::::::::10::::::::::::::2.5::::yes::yes::yes::yes::yes::yes::yes::yes::yes::yes::yes::yes::yes::yes::yes::yes::yes::yes::yes::yes::yes::yes::yes::yes::yes::yes::yes::admin
949699728::Imbrued Platemail Boots::<a href="http://gameznet.com/eq/equipment/ibruedboots.html">More</a>::14::5::9::::::::::::::::::10::::::::4.9::::::::::yes::::::::::::::::::::::::::::::::yes::::::yes::::::yes::::admin
949699796::Insidious Slippers::<a href="http://gameznet.com/eq/equipment/insidiousslippers.html">More</a>::4::::::::10::::::3::15::::::::::10::::0.7::::::::::::::::::::::::::::yes::::::yes::::yes::yes::::::yes::yes::::::::::admin
949699855::Ivy Etched Boots::<a href="http://gameznet.com/eq/equipment/ivyetchedboots.html">More</a>::10::::5::::::::::::::::::::::::::3.6::::::::::::::::yes::::::::::::::::::::::::::yes::::::yes::::::yes::::admin
949699951::Lustrous Russet Boots::<a href="http://gameznet.com/eq/equipment/lustrousrussetboots.html">More</a>::20::::::::5::5::5::::::::::::15::15::::4.9::::yes::yes::::yes::yes::yes::yes::yes::::yes::::::::::yes::yes::yes::yes::yes::yes::yes::yes::yes::yes::yes::yes::::admin
949700071::Rune Etched Boots::<a href="http://gameznet.com/eq/equipment/runeetchedboots.html">More</a>::14::::::::9::::::::20::::::7::::::::4.9::::::::::::::::::::::yes::::::::::yes::::::::::::::::::yes::yes::::::admin
949700152::Shadowbound Boots::<a href="http://gameznet.com/eq/equipment/shadowboundboots.html">More</a>::5::::::::::::::::15::15::::::::::::1.2::::::::::::::::::::::::yes::::::::::yes::::yes::yes::::::::yes::::::::::admin
949700354::Shiverback-hide Boots::<a href="http://gameznet.com/eq/equipment/shiverboots.htm">More</a>::6::5::9::::9::::::::::::::::::::::0.1::::::::yes::::::::::::::::::::::::::::::::::::::::yes::::::::yes::admin
949700461::Thorny Vine Boots::<a href="http://gameznet.com/eq/equipment/thornyvineboots.html">More</a>::14::5::5::::9::::::::::::::::::7::::4.9::::::::::::::::yes::::::::::::::::::::::::::yes::::::yes::::::yes::::admin
949700499::Totemic Boots::<a href="http://gameznet.com/eq/equipment/totemicboots.html">More</a>::10::5::::::::::::::::::::::::::::3.6::::::::::::::::::::::yes::::::::::yes::::::::::::::::::yes::yes::::::admin
949700539::Umbral Platemail Boots::<a href="http://gameznet.com/eq/equipment/umbralboots.html">More</a>::17::5::5::::::::::::::::::::13::::::4.9::::::::::::yes::::::::::::::::::::::yes::::::::::::::yes::yes::yes::::::admin
949700602::Valorium Boots::<a href="http://gameznet.com/eq/equipment/valboots.html">More</a>::17::::5::::::5::::::::::::::::::::4.9::::::::::::::yes::::::::::::::::::::::yes::yes::::yes::::yes::yes::::::::::admin
949700649::Vermiculated Boots::<a href="http://gameznet.com/eq/equipment/vermboots.html">More</a>::6::5::::::13::::::::15::::::::::::::6.5::::::::::::::::::::yes::::::::::::::yes::::::::yes::yes::::yes::::::yes::::admin
949700711::Woven Shadow Boots::<a href="http://gameznet.com/eq/equipment/wovenshboots.html">More</a>::14::5::::::9::::::::::::::::::::::4.9::::::yes::::::::::::::::::::::::::yes::yes::yes::::yes::yes::yes::::yes::::::yes::::admin
949700763::Wolf Fur Slippers::<a href="http://www.gameznet.com/eq/equipment/wolffurslippers.html">More</a>::2::::::::7::::::::::20::::::::::::0.5::::yes::yes::yes::yes::yes::yes::yes::yes::yes::yes::yes::yes::yes::yes::yes::yes::yes::yes::yes::yes::yes::yes::yes::yes::yes::yes::yes::admin
951425900::Watchman Boots::<a href="http://www.gameznet.com/eq/equipment/watchmanboots.html">More</a>::5::::5::::::::::::::::::::::::::6.5::Spirit of the Wolf::yes::yes::::yes::yes::yes::yes::yes::::yes::::::::::yes::yes::yes::yes::yes::yes::yes::yes::yes::yes::yes::yes::yes::admin
953618393::Boots of Ro::<a href="http://gameznet.com/eq/equipment/bootsro.html">More</a>::11::::::::::::::::35::::::::::::::1.5::::::::::::::yes::::::::::::::::::yes::yes::yes::yes::yes::yes::yes::yes::yes::yes::yes::yes::::admin
954877176::Soiled Boots::<a href="http://www.gameznet.com/eq/equipment/soiledboots.html">More</a>::4::::::::::::::::::::::::::::::2.5::::::::::::::::::::::::::::::yes::::yes::::yes::yes::::::yes::yes::::::::::admin
956628187::Flayed Skin Boots::<a href="http://www.gameznet.com/eq/equipment/flayedskinboots.html">More</a>::8::6::::::::2::::::::::::::::::::2.5::::::::::::yes::::::::::::yes::::::::::::::yes::::::::::yes::::::::::admin
956685552::Cobalt Boots::<a href="http://gameznet.com/eq/equipment/cobaltboots.html">More</a>::25::::::::::::::::::::::::::::::6.5::Strength of the Kunzar::yes::::::::::::::::::::::::::::yes::yes::yes::yes::yes::yes::yes::yes::yes::yes::yes::::::admin
956862759::Jaundiced Bone Boots::<a href="http://www.gameznet.com/eq/equipment/jaundicedboneboots.html">More</a>::18::::::::::::::::::::::::::::::6.5::Nimble::::::::::::::::::::yes::::::::::yes::yes::yes::yes::yes::yes::yes::yes::yes::yes::yes::::::admin
956862790::Deepwater Boots::<a href="http://www.gameznet.com/eq/equipment/deepwaterboots.html">More</a>::21::::::::::::::::::::::::::::::6.5::Endure Magic::::::::::::yes::::::::::::::::::yes::yes::yes::yes::yes::yes::yes::yes::yes::yes::yes::::::admin
956862820::Singing Steel Boots::<a href="http://www.gameznet.com/eq/equipment/singingsteelboots.html">More</a>::18::::::::::::::::::::::::::::::6.5::Summon Drink::::::::yes::::::::::::::::::::::yes::yes::yes::yes::yes::yes::yes::yes::yes::yes::yes::::::admin
956952920::Blood Ember Boots::<a href="http://www.gameznet.com/eq/equipment/bloodemberboots.html">More</a>::21::::::::::::::::::::::::::::::6.5::Fear::::::::::yes::::::::::::::::::::yes::yes::yes::yes::yes::yes::yes::yes::yes::yes::yes::::::admin
957125833::Crescent Slippers::<a href="http://www.gameznet.com/eq/equipment/crescentslippers.html">More</a>::4::2::::2::2::::::::::::::::2::::::0.1::::::::yes::::::::::::::::::::::::::::::::::::::::::::::::yes::admin
957217298::Truesilver Mail Boots::<a href="http://www.gameznet.com/eq/equipment/truesilvermailboots.html">More</a>::11::::::::::::::::::::::::::::::3.0::::yes::yes::::yes::yes::yes::yes::yes::::::::::::::yes::yes::yes::yes::yes::yes::yes::yes::yes::::::yes::yes::admin
957386842::Lambent Boots::<a href="http://www.gameznet.com/eq/equipment/lambentboots.html">More</a>::11::::::::::::::1::::::2::2::2::2::2::3.5::::::::::yes::::::::::::::::::::::yes::yes::yes::yes::yes::yes::yes::yes::yes::yes::yes::yes::::admin
957559823::Sebilite Scale Boots::<a href="http://www.gameznet.com/eq/equipment/sebilitescaleboots.html">More</a>::12::::4::::::4::::::::::::2::::::2::3.8::::yes::yes::::yes::yes::yes::yes::yes::::yes::::::::::yes::yes::yes::yes::yes::yes::yes::yes::yes::::::yes::yes::admin
957821732::Tolan's Darkwood Boots::<a href="http://www.gameznet.com/eq/equipment/tolandsdarkwoodboots.html">More</a>::18::::::::::::::::::::::::::::::6.5::Invigor::::::::::::::yes::::::::::::::::yes::yes::yes::yes::yes::yes::yes::yes::yes::yes::yes::yes::::admin
957906868::Burynai Hide Boots::<a href="http://www.gameznet.com/eq/equipment/burynaihideboots.html">More</a>::5::2::::::::::2::::::::::::::::::3.0::::yes::yes::yes::yes::yes::yes::yes::yes::yes::yes::::::::::yes::yes::::yes::::yes::::yes::yes::::::yes::yes::admin
958596377::Reinforced Rhino Boots::<a href="http://gameznet.com/eq/equipment/reinforcedrhinoboots.html">More</a>::5::::::::::::::::::::::::::::::3.0::::yes::yes::yes::yes::yes::yes::yes::yes::yes::yes::::::::::yes::yes::::yes::::yes::::yes::yes::::::yes::yes::admin
958682605::Grave Sandals::<a href="http://gameznet.com/eq/equipment/gravesandals.html">More</a>::5::::::10::::2::::-5::::10::-2::::::::::0.5::::::::::::::::::::::::yes::::::::yes::yes::yes::yes::yes::yes::yes::yes::yes::yes::yes::yes::yes::admin
959452995::Singing Steel Boots::<a href="http://gameznet.com/eq/equipment/singingsteelboots.html">More</a>::21::::::::::::::::::::::::::::::6.5::::::::::yes::::::::::::::::::::::yes::yes::yes::yes::yes::yes::yes::yes::yes::yes::yes::yes::::admin
959453020::Donal's Boots of Mourning::<a href="http://gameznet.com/eq/equipment/donal_boots.html">More</a>::21::::::::::::::::::::::::::::::6.5::Tremor::::::::::::::::yes::::::::::::::yes::yes::yes::yes::yes::yes::yes::yes::yes::yes::yes::yes::::admin
959651601::Dark Rust Boots::<a href="http://www.gameznet.com/eq/equipment/darkrustboots.html">More</a>::1::::10::::::::::::::::::::::::::3.0::::yes::yes::yes::yes::yes::yes::yes::yes::::yes::::::::::yes::yes::::yes::::yes::::yes::yes::yes::yes::yes::yes::admin
960234674::Indicolite Boots::<a href="http://gameznet.com/eq/equipment/indicolite_boots.html">More</a>::20::::::::5::5::5::::::::::::15::15::::4.9::::yes::::::::::::::::::::::::::::yes::yes::yes::yes::yes::yes::yes::yes::yes::yes::yes::yes::::admin
960254529::Charred Boots::<a href="http://gameznet.com/eq/equipment/charred_boots.html">More</a>::6::::::::3::::::::::::5::::::5::::5.5::::yes::::::yes::yes::yes::::yes::::::::::::::yes::yes::yes::yes::yes::yes::yes::yes::yes::yes::yes::yes::::admin
960583996::Curscale Boots::<a href="http://www.gameznet.com/eq/equipment/curscaleboots.html">More</a>::3::::::::::::::::::::::::::::::0.5::::yes::yes::yes::yes::yes::yes::yes::yes::yes::yes::::::yes::yes::yes::yes::yes::yes::yes::yes::yes::yes::yes::yes::yes::yes::yes::admin
960838101::Incarnadine Boots::<a href="http://gameznet.com/eq/equipment/incarnadineboots.html">More</a>::18::6::::6::::::::::::::::::::::::4.5::::yes::::::::yes::::::::::::::::::::yes::yes::yes::yes::yes::yes::yes::yes::yes::yes::yes::yes::yes::admin
961445185::Polished Stone Anklet::<a href="http://gameznet.com/eq/equipment/polishedstoneanklet.html">More</a>::5::::::2::::2::::::::::::::::::::2.0::::yes::yes::yes::yes::yes::yes::yes::yes::yes::yes::yes::yes::yes::yes::yes::yes::yes::yes::yes::yes::yes::yes::yes::yes::yes::yes::yes::admin
961966939::Loam Encrusted Lined Shoes::<a href="http://gameznet.com/eq/equipment/loamencrustedlinedshoes.html">More</a>::4::::::8::8::::::8::::15::::::::10::::0.7::::::::::::::::::::::::yes::yes::yes::yes::::yes::::yes::yes::::::yes::yes::::::::yes::admin
961966985::Withered Leather Boots::<a href="http://gameznet.com/eq/equipment/witheredleatherboots.html">More</a>::5::::::8::::::3::::40::5::::::::10::::2.5::::::::::::::::::yes::yes::yes::::::::::yes::yes::yes::yes::yes::yes::yes::yes::yes::yes::yes::yes::yes::admin
962408900::Muck Covered Boots::<a href="http://gameznet.com/eq/equipment/muckcoveredboots.html">More</a>::1::::::::10::::::::::::::::::::::1.0::::yes::yes::yes::yes::yes::yes::yes::yes::yes::yes::yes::yes::yes::yes::::yes::yes::yes::yes::yes::yes::yes::yes::::::yes::yes::admin
979730933::Assassin's Boots::<A HREF="http://www.gameznet.com/eq/equipment/assassinsboots.html">More</A>::18::::5::::3::::::::20::::::::::::::6.0::::::yes::::::::::::::::::::::::::yes::yes::yes::::yes::yes::yes::::yes::::::yes::::admin
979731040::Beguiller's Slippers::::5::::::::::::::4::::35::2::2::2::2::2::0.5::Invisibility::::::::::::::::::::::::::yes::::::yes::::yes::yes::::::yes::yes::::::::::admin
979731133::Berserker's Boots::<A HREF="http://www.gameznet.com/eq/equipment/berserkersboots.html">More</A>::25::1::3::2::::::::::::::::::::::::7.0::::yes::::::::::::::::::::::::::::yes::yes::yes::yes::yes::yes::yes::yes::yes::yes::yes::yes::yes::admin
979731646::Black Fur Boots::<A HREF="http://www.gameznet.com/eq/equipment/blackfurboots.html">More</A>::9::3::3::::3::::3::::::::::::3::3::5::5.0::Spirit Of Wolf::::::::::::::::::::yes::::::::::yes::::::::::::::::::yes::yes::::::admin
979731752::Blazing Boots of Fennin Ro::<A HREF="http://www.gameznet.com/eq/equipment/blazingbootsoffenninro.html">More</A>::14::::::8::10::::::5::::::10::::::::::4.9::::yes::::::yes::yes::yes::::yes::::::::::::::yes::yes::yes::yes::yes::yes::yes::yes::yes::yes::yes::yes::yes::admin
979731930::Boots of Bladecalling::<A HREF="http://www.gameznet.com/eq/equipment/bootsofbladecalling.html">More</A>::10::::9::::::12::::::::55::::::::::10::2.5::Shock of Swords::::::::::::::::::::::::::::yes::yes::yes::yes::yes::yes::yes::yes::yes::yes::yes::yes::yes::yes::admin
979732081::Boots of Conjuration::<A HREF="http://www.gameznet.com/eq/equipment/bootsofconjuration.html">More</A>::5::::3::::::::::::15::20::2::2::2::2::2::0.4::Summon Bandages::::::::::::::::::::::::::::yes::::yes::::yes::yes::::::yes::yes::::::::::admin
979732194::Boots of Dark Passage::<A HREF="http://www.gameznet.com/eq/equipment/bootsofdarkpassage.html">More</A>::17::::::::::::::::55::15::::3::7::::10::4.9::::::::::::yes::::::::::::::::::::::yes::::yes::::::::::yes::yes::yes::::::admin
979732312::Boots of Forbidden Rites::<A HREF="http://www.gameznet.com/eq/equipment/bootsofforbiddenrites.html">More</A>::21::2::5::::::::::::::::1::1::::::1::6.0::Abundant Drink::::::::::::::::yes::::::::::::::::yes::yes::yes::yes::::yes::yes::yes::::::::::admin
979732484::Boots of Stability::<A HREF="http://www.gameznet.com/eq/equipment/bootsofstability.html">More</A>::21::2::5::::::::::::::::1::1::::::1::6.0::Abundant Drink::::::::::::::::yes::::::::::::::::yes::yes::yes::yes::::yes::yes::yes::::::::::admin
979732603::Boots of the Bonecaster::<A HREF="http://www.gameznet.com/eq/equipment/bootsofthebonecaster.html">More</A>::5::::3::::::::::::35::::2::2::2::2::2::0.4::Invisibility Versus Undead::::::::::::::::::::::yes::::::::::yes::::yes::yes::::::::yes::::::::yes::admin
979864554::Barbed Dragonscale Boots::<A HREF="http://www.gameznet.com/eq/equipment/barbeddragonscaleboots.html">More</A>::19::::9::::::::::::30::::::::::::::2.5::::yes::yes::yes::yes::yes::yes::yes::yes::yes::yes::::::::::yes::yes::yes::yes::yes::yes::yes::yes::yes::yes::yes::yes::yes::admin
979958644::Champion's Boots::<A HREF="http://www.gameznet.com/eq/equipment/championsboots.html">More</A>::25::1::3::::2::::::::::::::::::::::7.0::::yes::::::::::::::::::::::::::::yes::yes::yes::yes::yes::yes::yes::yes::yes::yes::yes::yes::::admin
979958911::Coldain Skin Boots::<A HREF="http://www.gameznet.com/eq/equipment/coldainskinboots.html">More</A>::3::::::::::8::8::::::35::::::::::::2.5::::yes::yes::yes::yes::yes::yes::yes::yes::yes::yes::yes::yes::yes::yes::yes::yes::yes::yes::yes::yes::yes::yes::yes::yes::yes::yes::yes::admin
979959061::Cold Steel Boots::<A HREF="http://www.gameznet.com/eq/equipment/coldsteelboots.html">More</A>::20::::::::::::::::::::::::::::::8.0::::yes::::::yes::yes::yes::::yes::::::::::::::yes::yes::yes::yes::yes::yes::yes::yes::yes::yes::yes::yes::yes::admin
979959561::Crystal Lined Slippers::<A HREF="http://www.gameznet.com/eq/equipment/crystallinedslippers.html">More</A>::5::::::::::3::3::::::::::::::::::1.8::::yes::yes::yes::yes::yes::yes::yes::yes::yes::yes::yes::yes::yes::yes::yes::yes::yes::yes::yes::yes::yes::yes::yes::yes::yes::yes::yes::admin
979959680::Crystalized Shadow Boots::<A HREF="http://www.gameznet.com/eq/equipment/crystalizedshadowboots.html">More</A>::3::::1::::3::::::1::::5::::::::::::0.2::::yes::yes::yes::yes::yes::::::yes::::yes::::::::::yes::yes::::yes::yes::::::::yes::yes::yes::::yes::admin
979959834::Curescale Boots::<A HREF="http://www.gameznet.com/eq/equipment/curscaleboots.html">More</A>::3::::::::::::::::::::::::::::::0.5::::yes::yes::yes::yes::yes::yes::yes::yes::yes::yes::::::yes::yes::yes::yes::yes::yes::yes::yes::yes::yes::yes::yes::yes::yes::yes::admin
980027703::Dark Runed Boots::<A HREF="http://www.gameznet.com/eq/equipment/darkrunedboots.html">More</A>::21::3::::::::2::::::::::::::::::::5.5::::::::::::yes::::::::::::::::::::::yes::::yes::::::::yes::yes::yes::yes::::yes::admin
980027922::Dreadscale Boots::<A HREF="http://www.gameznet.com/eq/equipment/dreadscaleboots.html">More</A>::10::3::3::::::::::::::::::::::::::3.5::::::::::::yes::::::::::::::::::::::::::::::::::::::::::::yes::admin
980028271::Elder Spiritist's Boots::<A HREF="http://www.gameznet.com/eq/equipment/elderspiritistsboots.html">More</A>::8::::::::::::::::::::::::::::::6.5::Levitate::::::::::::::::::yes::::::::::::yes::yes::yes::yes::yes::yes::yes::yes::yes::yes::yes::yes::::admin
980028589::Flayed Paebala Boots::<A HREF="http://www.gameznet.com/eq/equipment/flayedpaebalaboots.html">More</A>::8::::::3::::::::::::::::::::8::::1.0::::yes::yes::yes::yes::yes::yes::yes::yes::yes::yes::yes::::::::yes::yes::yes::yes::yes::yes::yes::yes::yes::yes::yes::yes::yes::admin
980028787::Goblin Forged Iron Boots::<A HREF="::7::::::::::::::::10::::-2::::::::::7.5::::yes::yes::::yes::yes::yes::yes::yes::::yes::::::::::::yes::yes::yes::yes::yes::yes::yes::yes::::::yes::yes::admin
980028931::Grand Master's Slippers::<A HREF="http://www.gameznet.com/eq/equipment/grandmastersslippers.html">More</A>::7::7::::::::::::::::::1::1::1::1::1::0.1::Firefist::::::yes::::::::::::::::::::::::::::::::::::::::yes::::::::yes::admin
980029930::Grey Suede Boots::<A HREF="http://www.gameznet.com/eq/equipment/greysuedeboots.html">More</A>::12::8::::::8::::::::25::::::10::::10::::0.0::Haste::yes::yes::yes::yes::yes::yes::yes::yes::yes::yes::yes::yes::yes::yes::yes::yes::yes::yes::yes::yes::yes::yes::yes::yes::yes::yes::yes::admin
980030176::Iksar Hide Boots::<A HREF="http://gameznet.com/eq/equipment/iksar_boots.html">More</A>::10::5::::::5::::::3::25::::::::::::::2.0::::yes::yes::yes::yes::yes::yes::yes::yes::yes::yes::::::::::yes::yes::yes::yes::yes::yes::yes::yes::yes::yes::yes::yes::yes::admin
980030294::Imbued Northman Ring Boots::<A HREF="http://www.gameznet.com/eq/equipment/imbuednorthmanringboots.html">More</A>::8::1::::::::::2::::::::::2::::::::6.0::::yes::yes::::yes::::::::::::yes::::::::::yes::::::::::yes::::::yes::::::::::admin
980031012::Jarsath Scale Boots::<A HREF="http://www.gameznet.com/eq/equipment/jarsathscaleboots.html">More</A>::10::::5::::5::::::::::::::::::::::0.8::::yes::::::::yes::yes::::yes::::yes::::::::::yes::yes::::yes::::yes::::yes::yes::::::yes::yes::admin
980140330::Leech Husk Boots::<A HREF="http://www.gameznet.com/eq/equipment/leechhuskboots.html">More</A>::3::::::::::::::::::::::::::::::2.5::::yes::yes::yes::yes::yes::yes::yes::yes::yes::yes::::::::::yes::yes::::yes::::yes::::yes::yes::::::yes::yes::admin
980140495::Lodizal Shell Boots::<A HREF="http://www.gameznet.com/eq/equipment/lodizalshellboots.html">More</A>::14::7::::::::::::::20::::::::::::::0.1::Turtle Skin::yes::yes::::yes::yes::yes::yes::::::::::::::::yes::yes::yes::yes::yes::yes::yes::yes::yes::yes::yes::yes::yes::admin
980140602::Matchless Dragonhorn Boots::<A HREF="http://www.gameznet.com/eq/equipment/matchlessdragonhornboots.html">More</A>::19::::::::11::::::::::::::::::::7::2.5::::yes::yes::::yes::yes::yes::yes::yes::::yes::::::::::yes::yes::yes::yes::yes::yes::yes::yes::yes::yes::yes::yes::yes::admin
980140689::Melodic Boots::<A HREF="http://www.gameznet.com/eq/equipment/melodicboots.html">More</A>::19::2::::::::::::3::::::::::::::::6.0::::::::::yes::::::::::::::::::::::::::::::::yes::::::yes::::::yes::::admin
980140788::Mrylokar's Boots::<A HREF="http://www.gameznet.com/eq/equipment/mrylokarsboots.html">More</A>::18::::::::::::::::::::::::::::::6.5::Fade::::yes::::::::::::::::::::::::::yes::yes::yes::yes::yes::yes::yes::yes::yes::yes::yes::yes::::admin
980140942::Netted Kelp Lined Shoes::<A HREF="http://www.gameznet.com/eq/equipment/nettedkelplinedshoes.html">More</A>::5::1::14::::::4::::-8::::::4::::::::::0.7::::yes::yes::yes::yes::yes::yes::yes::yes::yes::yes::yes::yes::yes::yes::yes::yes::yes::yes::yes::yes::yes::yes::yes::yes::yes::yes::yes::admin
980141023::Noctivigant Boots::<A HREF="http://www.gameznet.com/eq/equipment/noctivigantboots.html">More</A>::21::3::::::::2::::::::::::::::::::5.5::::::::::::yes::::::::::::::::::::::yes::::yes::::::::::yes::yes::yes::::yes::admin
980141099::Ogre War Plate Boots::<A HREF="http://www.gameznet.com/eq/equipment/ogrewarplateboots.html">More</A>::12::::::::::::::::::::::::::::::9.1::::yes::::::::yes::::::::::::::::::::::::::::::::::::::yes::yes::::::admin
980141209::Paineel Steel Plate Boots::<A HREF="http://www.gameznet.com/eq/equipment/paineelsteelplateboots.html">More</A>::8::::::::::::::::::::::::::::::6.5::::yes::::::yes::yes::yes::yes::yes::::yes::::::::::yes::yes::::yes::::yes::::yes::yes::::::yes::::admin
980141303::Peerless Dragonhorn Boots::<A HREF="http://www.gameznet.com/eq/equipment/peerlessdragonhornboots.html">More</A>::18::::::::10::::::::::::::::::::7::2.5::::yes::yes::::yes::yes::yes::yes::yes::::yes::::::::::yes::yes::yes::yes::yes::yes::yes::yes::yes::yes::yes::yes::yes::admin
980335121::Frozen Efreeti Boots::<A HREF="http://gameznet.com/eq/equipment/frozenefreetiboots.html">More</A>::14::9::9::5::9::-5::-5::-5::::::::::::::::3.0::Invigor::yes::yes::yes::yes::yes::yes::yes::yes::yes::yes::yes::yes::yes::yes::yes::yes::yes::yes::yes::yes::yes::yes::yes::yes::yes::yes::yes::admin
980335594::Reinforced Dragonhorn Boots::<A HREF="http://www.gameznet.com/eq/equipment/reinforceddragonhornboots.html">More</A>::16::::::::8::::::::::::::::::::4::2.5::::yes::yes::::yes::yes::yes::yes::yes::::yes::::::::::yes::yes::yes::yes::yes::yes::yes::yes::yes::yes::yes::yes::yes::admin
980335803::Reinforced Rhino Boots::<A HREF="http://www.gameznet.com/eq/equipment/reinforcedrhinoboots.html">More</A>::5::::::::::::::::::::::::::::::3.0::::yes::yes::yes::yes::yes::yes::yes::yes::yes::yes::::::::::yes::yes::::yes::::::yes::yes::yes::::::yes::yes::admin
980335982::Resplendent Slippers::<A HREF="http://www.gameznet.com/eq/equipment/resplendentslipper.html">More</A>::5::::::::::::::4::::35::2::2::2::2::2::0.5::Invisibility::::::::::::::::::::::::::yes::::::yes::::yes::yes::::::yes::yes::::::::::admin
980336070::Royal Velium Frosted Boots::<A HREF="http://www.gameznet.com/eq/equipment/royalveliumfrostedboots.html">More</A>::19::::::::::::::::::::::::::::5::7.0::::yes::::::::yes::yes::::yes::::::::::::::yes::yes::yes::yes::yes::yes::yes::yes::yes::yes::yes::yes::yes::admin
980336248::Runed Protector's Boots::<A HREF="http://www.gameznet.com/eq/equipment/runedprotectorsboots.html">More</A>::21::3::::::::::2::::::::::::::::::6.0::::::::::::::yes::::::::::::::::::::::yes::yes::::::yes::yes::yes::::::::::admin
980336459::Runed Scouts Boots::<A HREF="http://www.gameznet.com/eq/equipment/runedscoutsboots.html">More</A>::18::3::::2::::::::::::::::::::::::6.0::::::::::::::::yes::::::::::::::::::::::::::yes::::::yes::::::yes::::admin
980336670::Sandals of Alacrity::<A HREF="http://www.gameznet.com/eq/equipment/sandalsalacrity.html">More</A>::6::10::::::10::::::::::::::::::::::0.5::Alacrity::::::yes::::::::::::::::::::::::yes::yes::yes::yes::yes::yes::yes::yes::yes::yes::yes::yes::yes::admin
980336822::Scaled Mystic Boots::<A HREF="http://www.gameznet.com/eq/equipment/scaledmysticboots.html">More</A>::9::5::::::::::::::::::::::5::5::::3.6::::::::::::::::::::::yes::::::::::::::::::::::::::::::::::yes::admin
980337041::Sentient Plate Boots::<A HREF="http://www.gameznet.com/eq/equipment/sentientplateboots.html">More</A>::12::::::::::3::::::::::::::::::::6.5::::::::::::yes::::::::::::::::::::::yes::::yes::::::::::yes::yes::yes::::::admin
980337147::Sentry Boots::<A HREF="http://www.gameznet.com/eq/equipment/sentryboots.html">More</A>::13::::2::::3::::::::::::::3::::::::3.0::::yes::yes::::yes::yes::yes::yes::yes::::yes::::::::::yes::yes::yes::yes::yes::yes::yes::yes::yes::yes::yes::yes::yes::admin
980337287::Shimmering Terror Hide Boots::<A HREF="http://www.gameznet.com/eq/equipment/shimmeringterrorhideboots.html">More</A>::10::4::::4::4::::::::::::2::2::::::2::2.0::::yes::yes::yes::yes::yes::yes::yes::yes::yes::yes::::::::::yes::yes::yes::yes::yes::yes::yes::yes::yes::yes::yes::yes::yes::admin
980337443::Silver Moon Slippers::<A HREF="http://www.gameznet.com/eq/equipment/shimmeringterrorhideboots.html">More</A>::7::7::::::::::::::::::::1::1::1::1::0.1::Firefist::::::yes::::::::::::::::::::::::::::::::::::::::yes::::::::yes::admin
980337689::Sorceror's Boots::<A HREF="http://www.gameznet.com/eq/equipment/sorcerorsboots.html">More</A>::5::::3::::::::::::::35::2::2::2::2::2::0.4::O'kelis Radiation::::::::::::::::::::::::yes::::::::yes::::yes::yes::::::yes::yes::::::::::admin
980337857::Spider Fur-Lined Boots::<A HREF="http://www.gameznet.com/eq/equipment/spiderfurlinedboots.html">More</A>::6::::::::::::::5::45::::::::::::::0.0::::::::::::::::::::::::yes::yes::yes::yes::yes::yes::yes::yes::yes::yes::yes::yes::yes::yes::yes::yes::yes::admin
980337964::Spirit Weaver's Boots::<A HREF="http://www.gameznet.com/eq/equipment/spiritweaversboots.html">More</A>::18::::5::::::::3::::::::::::::::::3.0::Extinguish Fatigue::::::::::::::::::::yes::::::::::yes::::::::::::::::::yes::yes::::yes::admin
980338579::Teir'Dal Adamantite Boots::<A HREF="http://www.gameznet.com/eq/equipment/teirdaladamantiteboots.html">More</A>::11::::::::::::::::::::::::::::::3.5::::yes::::::yes::yes::::::yes::::::::::::::::yes::::::::yes::::::::::::::::admin
980338870::Warlock's Boots::<A HREF="http://www.gameznet.com/eq/equipment/warlocksboots.html">More</A>::5::::3::::::::::::35::::2::2::2::2::2::0.4::Invisibility vs Undead::::::::::::::::::::::yes::::::::::yes::::yes::yes::::::::yes::::::::yes::admin
980339089::Worked Dragonhorn Boots::<A HREF="http://www.gameznet.com/eq/equipment/workeddragonhornboots.html">More</A>::15::::7::::::::::::::::::::::::3::2.5::::yes::yes::::yes::yes::yes::yes::yes::::yes::::::::::yes::yes::yes::yes::yes::yes::yes::yes::yes::yes::yes::yes::yes::admin
980339179::Wyvern Hide Boots::<A HREF="http://www.gameznet.com/eq/equipment/wyvernhideboots.html">More</A>::6::::5::5::5::::::::::::::::::::::1.0::Haste::yes::yes::yes::yes::yes::yes::yes::yes::yes::yes::yes::yes::yes::yes::yes::yes::yes::yes::yes::yes::yes::yes::yes::yes::yes::yes::yes::admin
980466528::Boots of the Huntsmen::<A HREF="http://www.gameznet.com/eq/equipment/bootsofthehunstmen.html">More</A>::15::::::::::5::5::::::::::5::::::::4.9::::yes::yes::::yes::yes::yes::yes::yes::::yes::::::::::yes::yes::yes::yes::yes::yes::yes::yes::yes::yes::yes::yes::::admin
980466679::Haze Panther Boots::<A HREF="http://www.gameznet.com/eq/equipment/hazepantherboots.html">More</A>::8::8::::10::10::::::::10::::::::::::::2.5::::::yes::::::::::::::::::::::::::yes::yes::yes::::yes::yes::yes::::yes::::::yes::::admin
980466852::Black Pantherskin Cloak::<A HREF="http://www.gameznet.com/eq/equipment/blackpantherskincloak.html">More</A>::7::::5::5::5::::::::25::::::::::::::1.5::::::::yes::::::::::::::::::::::::::::::::::::::::yes::::::::yes::admin
981038014::Black Pantherskin Boots::<A HREF="http://www.gameznet.com/eq/equipment/blackpantherskinboots.html">More</A>::7::9::::5::5::::::::::::::::::::::1.5::::::::yes::::::::::::::::::::::::::::::::::::::::yes::::::::yes::admin
982101680::Rune Crafter's Boots::<A HREF="http://www.gameznet.com/eq/equipment/runecraftersboots.html">More</A>::18::::5::::::::3::::::::::::::::::3.0::Extinguish Fatigue::::::::::::::::::::yes::::::::::yes::::::::::::::::::yes::yes::::yes::admin
982453936::Heavy Dragonhorn Boots::<A HREF="http://www.gameznet.com/eq/equipment/heavydragonhornboots.html">More</A>::17::::::::9::::::::::::::::::::5::2.5::::yes::yes::::yes::yes::yes::yes::yes::::yes::::::::::yes::yes::yes::yes::yes::yes::yes::yes::yes::yes::yes::yes::yes::admin
982454071::Sage's Boots::<A HREF="http://www.gameznet.com/eq/equipment/sagesboots.html">More</A>::5::::3::::::::::::::35::2::2::2::2::2::0.4::O'Kelis Radiation::::::::::::::::::::::::yes::::::::yes::::yes::yes::::::yes::yes::::::::::admin
983535317::Holgresh Fur Moccasins::<A HREF="http://www.gameznet.com/eq/equipment/holgreshfurmocassins.html">More</A>::4::::::3::::::::3::::15::5::5::::::5::0.9::::yes::yes::yes::yes::yes::yes::yes::yes::yes::yes::yes::yes::yes::yes::yes::yes::yes::yes::yes::yes::yes::yes::yes::yes::yes::yes::yes::admin
983535744::Nature Walker's Boots::<A HREF="http://gameznet.com/eq/equipment/naturewalkersboots.html">More</A>::10::::::::13::::::::::10::1::1::::::1::2.5::Spirit of Wolf::::::::::::::::::yes::::::::::::::::::::::yes::yes::::yes::::::yes::::admin
983536502::Brigand's Boots::<A HREF="http://gameznet.com/eq/equipment/brigandsboots.html">More</A>::18::::5::::3::::::::20::::::::::::::6.0::::::yes::::::::::::::::::::::::::yes::::yes::::yes::yes::yes::::yes::::::yes::::admin
983604942::Othmir Fur Moccasins::<A HREF="http://www.gameznet.com/eq/equipment/othmirfurmoccasins.html">More</A>::4::::::3::3::::::3::20::5::::10::::::::0.8::::yes::yes::yes::yes::yes::yes::yes::yes::yes::yes::yes::yes::yes::yes::yes::yes::yes::yes::yes::yes::yes::yes::yes::yes::yes::yes::yes::admin
