1: startcast superiorheal
1: 0.0 dps, 4000 hp, 4000 mana
2: 0.0 dps, 4000 hp, 4000 mana
3: 0.0 dps, 4000 hp, 4000 mana
4: 0.0 dps, 4000 hp, 4000 mana
5: superiorheal tick
5: finished casting superiorheal
5: 128.3 dps, 4000 hp, 3850 mana
6: 106.9 dps, 4000 hp, 3859 mana
7: 91.6 dps, 4000 hp, 3859 mana
8: startcast superiorheal
8: 80.2 dps, 4000 hp, 3859 mana
9: 71.3 dps, 4000 hp, 3859 mana
10: 64.1 dps, 4000 hp, 3859 mana
11: 58.3 dps, 4000 hp, 3859 mana
12: superiorheal tick
12: finished casting superiorheal
12: 106.9 dps, 4000 hp, 3718 mana
13: 98.7 dps, 4000 hp, 3718 mana
14: 91.6 dps, 4000 hp, 3718 mana
15: startcast superiorheal
15: 85.5 dps, 4000 hp, 3718 mana
16: 80.2 dps, 4000 hp, 3718 mana
17: 75.4 dps, 4000 hp, 3718 mana
18: 71.3 dps, 4000 hp, 3727 mana
19: superiorheal tick
19: finished casting superiorheal
19: 101.3 dps, 4000 hp, 3577 mana
20: 96.2 dps, 4000 hp, 3577 mana
21: 91.6 dps, 4000 hp, 3577 mana
22: startcast superiorheal
22: 87.5 dps, 4000 hp, 3577 mana
23: 83.6 dps, 4000 hp, 3577 mana
24: 80.2 dps, 4000 hp, 3586 mana
25: 77.0 dps, 4000 hp, 3586 mana
26: superiorheal tick
26: finished casting superiorheal
26: 98.7 dps, 4000 hp, 3436 mana
27: 95.0 dps, 4000 hp, 3436 mana
28: 91.6 dps, 4000 hp, 3436 mana
29: startcast superiorheal
29: 88.5 dps, 4000 hp, 3436 mana
30: 85.5 dps, 4000 hp, 3445 mana
31: 82.7 dps, 4000 hp, 3445 mana
32: 80.2 dps, 4000 hp, 3445 mana
33: superiorheal tick
33: finished casting superiorheal
33: 97.2 dps, 4000 hp, 3295 mana
34: 94.3 dps, 4000 hp, 3295 mana
35: 91.6 dps, 4000 hp, 3295 mana
36: startcast superiorheal
36: 89.1 dps, 4000 hp, 3304 mana
37: 86.7 dps, 4000 hp, 3304 mana
38: 84.4 dps, 4000 hp, 3304 mana
39: 82.2 dps, 4000 hp, 3304 mana
40: superiorheal tick
40: finished casting superiorheal
40: 96.2 dps, 4000 hp, 3154 mana
41: 93.8 dps, 4000 hp, 3154 mana
42: 91.6 dps, 4000 hp, 3163 mana
43: startcast superiorheal
43: 89.5 dps, 4000 hp, 3163 mana
44: 87.5 dps, 4000 hp, 3163 mana
45: 85.5 dps, 4000 hp, 3163 mana
46: 83.6 dps, 4000 hp, 3163 mana
47: superiorheal tick
47: finished casting superiorheal
47: 95.5 dps, 4000 hp, 3013 mana
48: 93.5 dps, 4000 hp, 3022 mana
49: 91.6 dps, 4000 hp, 3022 mana
50: startcast superiorheal
50: 89.8 dps, 4000 hp, 3022 mana
51: 88.0 dps, 4000 hp, 3022 mana
52: 86.3 dps, 4000 hp, 3022 mana
53: 84.7 dps, 4000 hp, 3022 mana
54: superiorheal tick
54: finished casting superiorheal
54: 95.0 dps, 4000 hp, 2881 mana
55: 93.3 dps, 4000 hp, 2881 mana
56: 91.6 dps, 4000 hp, 2881 mana
57: startcast superiorheal
57: 90.0 dps, 4000 hp, 2881 mana
58: 88.5 dps, 4000 hp, 2881 mana
59: 87.0 dps, 4000 hp, 2881 mana
60: 85.5 dps, 4000 hp, 2890 mana
61: superiorheal tick
61: finished casting superiorheal
61: 94.6 dps, 4000 hp, 2740 mana
62: 93.1 dps, 4000 hp, 2740 mana
63: 91.6 dps, 4000 hp, 2740 mana
64: startcast superiorheal
64: 90.2 dps, 4000 hp, 2740 mana
65: 88.8 dps, 4000 hp, 2740 mana
66: 87.5 dps, 4000 hp, 2749 mana
67: 86.1 dps, 4000 hp, 2749 mana
68: superiorheal tick
68: finished casting superiorheal
68: 94.3 dps, 4000 hp, 2599 mana
69: 92.9 dps, 4000 hp, 2599 mana
70: 91.6 dps, 4000 hp, 2599 mana
71: cann5 tick
71: finished casting cann5
71: startcast cann5
71: 90.3 dps, 2076 hp, 3665 mana
72: startcast superiorheal
72: 89.1 dps, 2095 hp, 3674 mana
73: 87.8 dps, 2095 hp, 3674 mana
74: 86.7 dps, 2095 hp, 3674 mana
75: 85.5 dps, 2095 hp, 3674 mana
76: superiorheal tick
76: finished casting superiorheal
76: 92.8 dps, 2095 hp, 3524 mana
77: 91.6 dps, 2095 hp, 3524 mana
78: 90.4 dps, 2114 hp, 3533 mana
79: startcast superiorheal
79: 89.3 dps, 2114 hp, 3533 mana
80: 88.2 dps, 2114 hp, 3533 mana
81: 87.1 dps, 2114 hp, 3533 mana
82: 86.0 dps, 2114 hp, 3533 mana
83: superiorheal tick
83: finished casting superiorheal
83: 92.7 dps, 2114 hp, 3383 mana
84: 91.6 dps, 2133 hp, 3392 mana
85: 90.5 dps, 2133 hp, 3392 mana
86: startcast superiorheal
86: 89.5 dps, 2133 hp, 3392 mana
87: 88.5 dps, 2133 hp, 3392 mana
88: 87.5 dps, 2133 hp, 3392 mana
89: 86.5 dps, 2133 hp, 3392 mana
90: superiorheal tick
90: finished casting superiorheal
90: 92.6 dps, 2152 hp, 3251 mana
91: 91.6 dps, 2152 hp, 3251 mana
92: 90.6 dps, 2152 hp, 3251 mana
93: startcast superiorheal
93: 89.6 dps, 2152 hp, 3251 mana
94: 88.7 dps, 2152 hp, 3251 mana
95: 87.8 dps, 2152 hp, 3251 mana
96: 86.8 dps, 2171 hp, 3260 mana
97: superiorheal tick
97: finished casting superiorheal
97: 92.6 dps, 2171 hp, 3110 mana
98: 91.6 dps, 2171 hp, 3110 mana
99: 90.7 dps, 2171 hp, 3110 mana
100: startcast superiorheal
100: 89.8 dps, 2171 hp, 3110 mana
101: 88.9 dps, 2171 hp, 3110 mana
102: 88.0 dps, 2190 hp, 3119 mana
103: 87.2 dps, 2190 hp, 3119 mana
104: superiorheal tick
104: finished casting superiorheal
104: 92.5 dps, 2190 hp, 2969 mana
105: 91.6 dps, 2190 hp, 2969 mana
106: 90.8 dps, 2190 hp, 2969 mana
107: startcast superiorheal
107: 89.9 dps, 2190 hp, 2969 mana
108: 89.1 dps, 2209 hp, 2978 mana
109: 88.3 dps, 2209 hp, 2978 mana
110: 87.5 dps, 2209 hp, 2978 mana
111: superiorheal tick
111: finished casting superiorheal
111: 92.4 dps, 2209 hp, 2828 mana
112: 91.6 dps, 2209 hp, 2828 mana
113: 90.8 dps, 2209 hp, 2828 mana
114: startcast superiorheal
114: 90.0 dps, 2228 hp, 2837 mana
115: 89.2 dps, 2228 hp, 2837 mana
116: 88.5 dps, 2228 hp, 2837 mana
117: 87.7 dps, 2228 hp, 2837 mana
118: superiorheal tick
118: finished casting superiorheal
118: 92.4 dps, 2228 hp, 2687 mana
119: 91.6 dps, 2228 hp, 2687 mana
120: 90.9 dps, 2247 hp, 2696 mana
121: startcast superiorheal
121: 90.1 dps, 2247 hp, 2696 mana
122: 89.4 dps, 2247 hp, 2696 mana
123: 88.6 dps, 2247 hp, 2696 mana
124: 87.9 dps, 2247 hp, 2696 mana
125: superiorheal tick
125: finished casting superiorheal
125: 92.3 dps, 2247 hp, 2546 mana
126: 91.6 dps, 2266 hp, 2555 mana
127: 90.9 dps, 2266 hp, 2555 mana
128: startcast superiorheal
128: 90.2 dps, 2266 hp, 2555 mana
129: 89.5 dps, 2266 hp, 2555 mana
130: 88.8 dps, 2266 hp, 2555 mana
131: 88.1 dps, 2266 hp, 2555 mana
132: superiorheal tick
132: finished casting superiorheal
132: 92.3 dps, 2285 hp, 2414 mana
133: 91.6 dps, 2285 hp, 2414 mana
134: 90.9 dps, 2285 hp, 2414 mana
135: startcast superiorheal
135: 90.3 dps, 2285 hp, 2414 mana
136: 89.6 dps, 2285 hp, 2414 mana
137: 88.9 dps, 2285 hp, 2414 mana
138: 88.3 dps, 2304 hp, 2423 mana
139: superiorheal tick
139: finished casting superiorheal
139: 92.3 dps, 2304 hp, 2273 mana
140: 91.6 dps, 2304 hp, 2273 mana
141: 91.0 dps, 2304 hp, 2273 mana
142: startcast superiorheal
142: 90.3 dps, 2304 hp, 2273 mana
143: 89.7 dps, 2304 hp, 2273 mana
144: 89.1 dps, 2323 hp, 2282 mana
145: 88.5 dps, 2323 hp, 2282 mana
146: superiorheal tick
146: finished casting superiorheal
146: 92.2 dps, 2323 hp, 2132 mana
147: 91.6 dps, 2323 hp, 2132 mana
148: 91.0 dps, 2323 hp, 2132 mana
149: startcast superiorheal
149: 90.4 dps, 2323 hp, 2132 mana
150: 89.8 dps, 2342 hp, 2141 mana
151: 89.2 dps, 2342 hp, 2141 mana
152: 88.6 dps, 2342 hp, 2141 mana
153: superiorheal tick
153: finished casting superiorheal
153: 92.2 dps, 2342 hp, 1991 mana
154: 91.6 dps, 2342 hp, 1991 mana
155: 91.0 dps, 2342 hp, 1991 mana
156: startcast superiorheal
156: 90.4 dps, 2361 hp, 2000 mana
157: 89.9 dps, 2361 hp, 2000 mana
158: 89.3 dps, 2361 hp, 2000 mana
159: 88.7 dps, 2361 hp, 2000 mana
160: superiorheal tick
160: finished casting superiorheal
160: 92.2 dps, 2361 hp, 1850 mana
161: 91.6 dps, 2361 hp, 1850 mana
162: 91.0 dps, 2380 hp, 1859 mana
163: startcast superiorheal
163: 90.5 dps, 2380 hp, 1859 mana
164: 89.9 dps, 2380 hp, 1859 mana
165: 89.4 dps, 2380 hp, 1859 mana
166: 88.9 dps, 2380 hp, 1859 mana
167: superiorheal tick
167: finished casting superiorheal
167: 92.2 dps, 2380 hp, 1709 mana
168: 91.6 dps, 2399 hp, 1718 mana
169: 91.1 dps, 2399 hp, 1718 mana
170: startcast superiorheal
170: 90.5 dps, 2399 hp, 1718 mana
171: 90.0 dps, 2399 hp, 1718 mana
172: 89.5 dps, 2399 hp, 1718 mana
173: 89.0 dps, 2399 hp, 1718 mana
174: superiorheal tick
174: finished casting superiorheal
174: 92.1 dps, 2418 hp, 1577 mana
175: 91.6 dps, 2418 hp, 1577 mana
176: 91.1 dps, 2418 hp, 1577 mana
177: startcast superiorheal
177: 90.6 dps, 2418 hp, 1577 mana
178: 90.1 dps, 2418 hp, 1577 mana
179: 89.6 dps, 2418 hp, 1577 mana
180: 89.1 dps, 2437 hp, 1586 mana
181: superiorheal tick
181: finished casting superiorheal
181: 92.1 dps, 2437 hp, 1436 mana
182: 91.6 dps, 2437 hp, 1436 mana
183: 91.1 dps, 2437 hp, 1436 mana
184: startcast superiorheal
184: 90.6 dps, 2437 hp, 1436 mana
185: 90.1 dps, 2437 hp, 1436 mana
186: 89.6 dps, 2456 hp, 1445 mana
187: 89.2 dps, 2456 hp, 1445 mana
188: superiorheal tick
188: finished casting superiorheal
188: 92.1 dps, 2456 hp, 1295 mana
189: 91.6 dps, 2456 hp, 1295 mana
190: 91.1 dps, 2456 hp, 1295 mana
191: startcast superiorheal
191: 90.7 dps, 2456 hp, 1295 mana
192: 90.2 dps, 2475 hp, 1304 mana
193: 89.7 dps, 2475 hp, 1304 mana
194: 89.3 dps, 2475 hp, 1304 mana
195: superiorheal tick
195: finished casting superiorheal
195: 92.1 dps, 2475 hp, 1154 mana
196: 91.6 dps, 2475 hp, 1154 mana
197: 91.1 dps, 2475 hp, 1154 mana
198: startcast superiorheal
198: 90.7 dps, 2494 hp, 1163 mana
199: 90.2 dps, 2494 hp, 1163 mana
200: 89.8 dps, 2494 hp, 1163 mana
201: 89.3 dps, 2494 hp, 1163 mana
202: superiorheal tick
202: finished casting superiorheal
202: 92.1 dps, 2494 hp, 1013 mana
203: 91.6 dps, 2494 hp, 1013 mana
204: 91.2 dps, 2513 hp, 1022 mana
205: startcast superiorheal
205: 90.7 dps, 2513 hp, 1022 mana
206: 90.3 dps, 2513 hp, 1022 mana
207: 89.8 dps, 2513 hp, 1022 mana
208: 89.4 dps, 2513 hp, 1022 mana
209: superiorheal tick
209: finished casting superiorheal
209: 92.1 dps, 2513 hp, 872 mana
210: 91.6 dps, 2532 hp, 881 mana
211: 91.2 dps, 2532 hp, 881 mana
212: startcast superiorheal
212: 90.7 dps, 2532 hp, 881 mana
213: 90.3 dps, 2532 hp, 881 mana
214: 89.9 dps, 2532 hp, 881 mana
215: 89.5 dps, 2532 hp, 881 mana
216: superiorheal tick
216: finished casting superiorheal
216: 92.0 dps, 2551 hp, 740 mana
217: 91.6 dps, 2551 hp, 740 mana
218: 91.2 dps, 2551 hp, 740 mana
219: startcast superiorheal
219: 90.8 dps, 2551 hp, 740 mana
220: 90.4 dps, 2551 hp, 740 mana
221: 90.0 dps, 2551 hp, 740 mana
222: 89.6 dps, 2570 hp, 749 mana
223: superiorheal tick
223: finished casting superiorheal
223: 92.0 dps, 2570 hp, 599 mana
224: 91.6 dps, 2570 hp, 599 mana
225: 91.2 dps, 2570 hp, 599 mana
226: startcast superiorheal
226: 90.8 dps, 2570 hp, 599 mana
227: 90.4 dps, 2570 hp, 599 mana
228: 90.0 dps, 2589 hp, 608 mana
229: 89.6 dps, 2589 hp, 608 mana
230: superiorheal tick
230: finished casting superiorheal
230: 92.0 dps, 2589 hp, 458 mana
231: 91.6 dps, 2589 hp, 458 mana
232: 91.2 dps, 2589 hp, 458 mana
233: startcast superiorheal
233: 90.8 dps, 2589 hp, 458 mana
234: 90.4 dps, 2608 hp, 467 mana
235: 90.1 dps, 2608 hp, 467 mana
236: 89.7 dps, 2608 hp, 467 mana
237: superiorheal tick
237: finished casting superiorheal
237: 92.0 dps, 2608 hp, 317 mana
238: 91.6 dps, 2608 hp, 317 mana
239: 91.2 dps, 2608 hp, 317 mana
240: startcast superiorheal
240: 90.9 dps, 2627 hp, 326 mana
241: 90.5 dps, 2627 hp, 326 mana
242: 90.1 dps, 2627 hp, 326 mana
243: 89.7 dps, 2627 hp, 326 mana
244: superiorheal tick
244: finished casting superiorheal
244: 92.0 dps, 2627 hp, 176 mana
245: 91.6 dps, 2627 hp, 176 mana
246: 91.2 dps, 2646 hp, 185 mana
247: startcast cann4
247: 90.9 dps, 2646 hp, 185 mana
248: 90.5 dps, 2646 hp, 185 mana
249: 90.1 dps, 2646 hp, 185 mana
250: cann4 tick
250: finished casting cann4
250: 89.8 dps, 2498 hp, 267 mana
251: 89.4 dps, 2498 hp, 267 mana
252: cann5 tick
252: finished casting cann5
252: startcast cann5
252: 89.1 dps, 593 hp, 1342 mana
253: startcast torpor
253: 88.7 dps, 593 hp, 1342 mana
254: 88.4 dps, 593 hp, 1342 mana
255: 88.0 dps, 593 hp, 1342 mana
256: 87.7 dps, 593 hp, 1342 mana
257: finished casting torpor
257: 87.3 dps, 593 hp, 1222 mana
258: torpor tick
258: 87.0 dps, 912 hp, 1231 mana
259: 86.7 dps, 912 hp, 1231 mana
260: startcast superiorheal
260: 86.3 dps, 912 hp, 1231 mana
261: 86.0 dps, 912 hp, 1231 mana
262: 85.7 dps, 912 hp, 1231 mana
263: 85.3 dps, 912 hp, 1231 mana
264: torpor tick
264: superiorheal tick
264: finished casting superiorheal
264: 87.4 dps, 1231 hp, 1090 mana
265: 87.1 dps, 1231 hp, 1090 mana
266: 86.8 dps, 1231 hp, 1090 mana
267: startcast superiorheal
267: 86.5 dps, 1231 hp, 1090 mana
268: 86.1 dps, 1231 hp, 1090 mana
269: 85.8 dps, 1231 hp, 1090 mana
270: torpor tick
270: 85.5 dps, 1550 hp, 1099 mana
271: superiorheal tick
271: finished casting superiorheal
271: 87.6 dps, 1550 hp, 949 mana
272: 87.2 dps, 1550 hp, 949 mana
273: 86.9 dps, 1550 hp, 949 mana
274: startcast superiorheal
274: 86.6 dps, 1550 hp, 949 mana
275: 86.3 dps, 1550 hp, 949 mana
276: torpor tick
276: 86.0 dps, 1869 hp, 958 mana
277: 85.7 dps, 1869 hp, 958 mana
278: superiorheal tick
278: finished casting superiorheal
278: 87.7 dps, 1869 hp, 808 mana
279: 87.3 dps, 1869 hp, 808 mana
280: 87.0 dps, 1869 hp, 808 mana
281: startcast superiorheal
281: 86.7 dps, 1869 hp, 808 mana
282: torpor tick
282: 86.4 dps, 2188 hp, 817 mana
283: 86.1 dps, 2188 hp, 817 mana
284: 85.8 dps, 2188 hp, 817 mana
285: superiorheal tick
285: finished casting superiorheal
285: 87.8 dps, 2188 hp, 667 mana
286: 87.4 dps, 2188 hp, 667 mana
287: 87.1 dps, 2188 hp, 667 mana
288: torpor tick
288: startcast superiorheal
288: 86.8 dps, 2507 hp, 676 mana
289: 86.5 dps, 2507 hp, 676 mana
290: 86.2 dps, 2507 hp, 676 mana
291: 85.9 dps, 2507 hp, 676 mana
292: superiorheal tick
292: finished casting superiorheal
292: 87.8 dps, 2507 hp, 526 mana
293: 87.5 dps, 2507 hp, 526 mana
294: 87.3 dps, 2526 hp, 535 mana
295: startcast superiorheal
295: 87.0 dps, 2526 hp, 535 mana
296: 86.7 dps, 2526 hp, 535 mana
297: 86.4 dps, 2526 hp, 535 mana
298: 86.1 dps, 2526 hp, 535 mana
299: superiorheal tick
299: finished casting superiorheal
299: 87.9 dps, 2526 hp, 385 mana
300: 87.6 dps, 2545 hp, 394 mana
301: 87.4 dps, 2545 hp, 394 mana
302: startcast superiorheal
302: 87.1 dps, 2545 hp, 394 mana
303: 86.8 dps, 2545 hp, 394 mana
304: 86.5 dps, 2545 hp, 394 mana
305: 86.2 dps, 2545 hp, 394 mana
306: superiorheal tick
306: finished casting superiorheal
306: 88.0 dps, 2564 hp, 253 mana
307: 87.7 dps, 2564 hp, 253 mana
308: 87.4 dps, 2564 hp, 253 mana
309: startcast superiorheal
309: 87.2 dps, 2564 hp, 253 mana
310: 86.9 dps, 2564 hp, 253 mana
311: 86.6 dps, 2564 hp, 253 mana
312: 86.3 dps, 2583 hp, 262 mana
313: superiorheal tick
313: finished casting superiorheal
313: 88.1 dps, 2583 hp, 112 mana
314: 87.8 dps, 2583 hp, 112 mana
315: 87.5 dps, 2583 hp, 112 mana
316: startcast cann4
316: 87.3 dps, 2583 hp, 112 mana
317: 87.0 dps, 2583 hp, 112 mana
318: 86.7 dps, 2602 hp, 121 mana
319: cann4 tick
319: finished casting cann4
319: 86.4 dps, 2454 hp, 203 mana
320: 86.2 dps, 2454 hp, 203 mana
321: startcast cann4
321: 85.9 dps, 2454 hp, 203 mana
322: 85.6 dps, 2454 hp, 203 mana
323: 85.4 dps, 2454 hp, 203 mana
324: cann4 tick
324: finished casting cann4
324: 85.1 dps, 2325 hp, 294 mana
325: 84.8 dps, 2325 hp, 294 mana
326: startcast superiorheal
326: 84.6 dps, 2325 hp, 294 mana
327: 84.3 dps, 2325 hp, 294 mana
328: 84.1 dps, 2325 hp, 294 mana
329: 83.8 dps, 2325 hp, 294 mana
330: superiorheal tick
330: finished casting superiorheal
330: 85.5 dps, 2344 hp, 153 mana
331: 85.2 dps, 2344 hp, 153 mana
332: 85.0 dps, 2344 hp, 153 mana
333: startcast cann4
333: 84.7 dps, 2344 hp, 153 mana
334: 84.5 dps, 2344 hp, 153 mana
335: 84.2 dps, 2344 hp, 153 mana
336: cann4 tick
336: finished casting cann4
336: 84.0 dps, 2215 hp, 244 mana
337: 83.7 dps, 2215 hp, 244 mana
338: startcast cann4
338: 83.5 dps, 2215 hp, 244 mana
339: 83.2 dps, 2215 hp, 244 mana
340: 83.0 dps, 2215 hp, 244 mana
341: cann4 tick
341: finished casting cann4
341: 82.7 dps, 2067 hp, 326 mana
342: 82.5 dps, 2086 hp, 335 mana
343: startcast superiorheal
343: 82.3 dps, 2086 hp, 335 mana
344: 82.0 dps, 2086 hp, 335 mana
345: 81.8 dps, 2086 hp, 335 mana
346: 81.6 dps, 2086 hp, 335 mana
347: superiorheal tick
347: finished casting superiorheal
347: 83.2 dps, 2086 hp, 185 mana
348: 82.9 dps, 2105 hp, 194 mana
349: 82.7 dps, 2105 hp, 194 mana
350: startcast cann4
350: 82.5 dps, 2105 hp, 194 mana
351: 82.2 dps, 2105 hp, 194 mana
352: 82.0 dps, 2105 hp, 194 mana
353: cann4 tick
353: finished casting cann4
353: 81.8 dps, 1957 hp, 276 mana
354: 81.5 dps, 1976 hp, 285 mana
355: startcast torpor
355: 81.3 dps, 1976 hp, 285 mana
356: 81.1 dps, 1976 hp, 285 mana
357: 80.8 dps, 1976 hp, 285 mana
358: 80.6 dps, 1976 hp, 285 mana
359: finished casting torpor
359: 80.4 dps, 1976 hp, 165 mana
360: torpor tick
360: 80.2 dps, 2295 hp, 174 mana
361: 79.9 dps, 2295 hp, 174 mana
362: startcast cann4
362: 79.7 dps, 2295 hp, 174 mana
363: 79.5 dps, 2295 hp, 174 mana
364: 79.3 dps, 2295 hp, 174 mana
365: cann4 tick
365: finished casting cann4
365: 79.1 dps, 2147 hp, 256 mana
366: torpor tick
366: 78.8 dps, 2466 hp, 265 mana
367: startcast superiorheal
367: 78.6 dps, 2466 hp, 265 mana
368: 78.4 dps, 2466 hp, 265 mana
369: 78.2 dps, 2466 hp, 265 mana
370: 78.0 dps, 2466 hp, 265 mana
371: superiorheal tick
371: finished casting superiorheal
371: 79.5 dps, 2466 hp, 115 mana
372: torpor tick
372: 79.3 dps, 2785 hp, 124 mana
373: 79.1 dps, 2785 hp, 124 mana
374: startcast cann4
374: 78.9 dps, 2785 hp, 124 mana
375: 78.7 dps, 2785 hp, 124 mana
376: 78.5 dps, 2785 hp, 124 mana
377: cann4 tick
377: finished casting cann4
377: 78.2 dps, 2637 hp, 206 mana
378: torpor tick
378: 78.0 dps, 2956 hp, 215 mana
379: startcast cann4
379: 77.8 dps, 2956 hp, 215 mana
380: 77.6 dps, 2956 hp, 215 mana
381: 77.4 dps, 2956 hp, 215 mana
382: cann4 tick
382: finished casting cann4
382: 77.2 dps, 2808 hp, 297 mana
383: 77.0 dps, 2808 hp, 297 mana
384: torpor tick
384: startcast superiorheal
384: 76.8 dps, 3127 hp, 306 mana
385: 76.6 dps, 3127 hp, 306 mana
386: 76.4 dps, 3127 hp, 306 mana
387: 76.2 dps, 3127 hp, 306 mana
388: superiorheal tick
388: finished casting superiorheal
388: 77.7 dps, 3127 hp, 156 mana
389: 77.5 dps, 3127 hp, 156 mana
390: torpor tick
390: 77.3 dps, 3446 hp, 165 mana
391: startcast cann4
391: 77.1 dps, 3446 hp, 165 mana
392: 76.9 dps, 3446 hp, 165 mana
393: 76.7 dps, 3446 hp, 165 mana
394: cann4 tick
394: finished casting cann4
394: 76.5 dps, 3298 hp, 247 mana
395: 76.3 dps, 3298 hp, 247 mana
396: startcast superiorheal
396: 76.1 dps, 3317 hp, 256 mana
397: 75.9 dps, 3317 hp, 256 mana
398: 75.7 dps, 3317 hp, 256 mana
399: 75.5 dps, 3317 hp, 256 mana
400: superiorheal tick
400: finished casting superiorheal
400: 77.0 dps, 3317 hp, 106 mana
401: 76.8 dps, 3317 hp, 106 mana
402: 76.6 dps, 3336 hp, 115 mana
403: startcast cann4
403: 76.4 dps, 3336 hp, 115 mana
404: 76.2 dps, 3336 hp, 115 mana
405: 76.0 dps, 3336 hp, 115 mana
406: cann4 tick
406: finished casting cann4
406: 75.8 dps, 3188 hp, 197 mana
407: 75.6 dps, 3188 hp, 197 mana
408: startcast cann4
408: 75.4 dps, 3207 hp, 206 mana
409: 75.3 dps, 3207 hp, 206 mana
410: 75.1 dps, 3207 hp, 206 mana
411: cann4 tick
411: finished casting cann4
411: 74.9 dps, 3059 hp, 288 mana
412: 74.7 dps, 3059 hp, 288 mana
413: startcast superiorheal
413: 74.5 dps, 3059 hp, 288 mana
414: 74.4 dps, 3078 hp, 297 mana
415: 74.2 dps, 3078 hp, 297 mana
416: 74.0 dps, 3078 hp, 297 mana
417: superiorheal tick
417: finished casting superiorheal
417: 75.4 dps, 3078 hp, 147 mana
418: 75.2 dps, 3078 hp, 147 mana
419: 75.0 dps, 3078 hp, 147 mana
420: startcast cann4
420: 74.8 dps, 3097 hp, 156 mana
421: 74.6 dps, 3097 hp, 156 mana
422: 74.5 dps, 3097 hp, 156 mana
423: cann4 tick
423: finished casting cann4
423: 74.3 dps, 2949 hp, 238 mana
424: 74.1 dps, 2949 hp, 238 mana
425: startcast cann4
425: 73.9 dps, 2949 hp, 238 mana
426: 73.8 dps, 2968 hp, 247 mana
427: 73.6 dps, 2968 hp, 247 mana
428: cann4 tick
428: finished casting cann4
428: 73.4 dps, 2820 hp, 329 mana
429: 73.2 dps, 2820 hp, 329 mana
430: startcast superiorheal
430: 73.1 dps, 2820 hp, 329 mana
431: 72.9 dps, 2820 hp, 329 mana
432: 72.7 dps, 2839 hp, 338 mana
433: 72.6 dps, 2839 hp, 338 mana
434: superiorheal tick
434: finished casting superiorheal
434: 73.9 dps, 2839 hp, 188 mana
435: 73.7 dps, 2839 hp, 188 mana
436: 73.5 dps, 2839 hp, 188 mana
437: cann5 tick
437: finished casting cann5
437: startcast cann5
437: 73.4 dps, 915 hp, 1254 mana
438: startcast torpor
438: 73.2 dps, 934 hp, 1263 mana
439: 73.0 dps, 934 hp, 1263 mana
440: 72.9 dps, 934 hp, 1263 mana
441: 72.7 dps, 934 hp, 1263 mana
442: finished casting torpor
442: 72.5 dps, 934 hp, 1143 mana
443: 72.4 dps, 934 hp, 1143 mana
444: torpor tick
444: 72.2 dps, 1253 hp, 1152 mana
445: startcast superiorheal
445: 72.1 dps, 1253 hp, 1152 mana
446: 71.9 dps, 1253 hp, 1152 mana
447: 71.7 dps, 1253 hp, 1152 mana
448: 71.6 dps, 1253 hp, 1152 mana
449: superiorheal tick
449: finished casting superiorheal
449: 72.8 dps, 1253 hp, 1002 mana
450: torpor tick
450: 72.7 dps, 1572 hp, 1011 mana
451: 72.5 dps, 1572 hp, 1011 mana
452: startcast superiorheal
452: 72.4 dps, 1572 hp, 1011 mana
453: 72.2 dps, 1572 hp, 1011 mana
454: 72.0 dps, 1572 hp, 1011 mana
455: 71.9 dps, 1572 hp, 1011 mana
456: torpor tick
456: superiorheal tick
456: finished casting superiorheal
456: 73.1 dps, 1891 hp, 870 mana
457: 73.0 dps, 1891 hp, 870 mana
458: 72.8 dps, 1891 hp, 870 mana
459: startcast superiorheal
459: 72.7 dps, 1891 hp, 870 mana
460: 72.5 dps, 1891 hp, 870 mana
461: 72.3 dps, 1891 hp, 870 mana
462: torpor tick
462: 72.2 dps, 2210 hp, 879 mana
463: superiorheal tick
463: finished casting superiorheal
463: 73.4 dps, 2210 hp, 729 mana
464: 73.3 dps, 2210 hp, 729 mana
465: 73.1 dps, 2210 hp, 729 mana
466: startcast superiorheal
466: 72.9 dps, 2210 hp, 729 mana
467: 72.8 dps, 2210 hp, 729 mana
468: torpor tick
468: 72.6 dps, 2529 hp, 738 mana
469: 72.5 dps, 2529 hp, 738 mana
470: superiorheal tick
470: finished casting superiorheal
470: 73.7 dps, 2529 hp, 588 mana
471: 73.5 dps, 2529 hp, 588 mana
472: 73.4 dps, 2529 hp, 588 mana
473: startcast superiorheal
473: 73.2 dps, 2529 hp, 588 mana
474: torpor tick
474: 73.1 dps, 2848 hp, 597 mana
475: 72.9 dps, 2848 hp, 597 mana
476: 72.8 dps, 2848 hp, 597 mana
477: superiorheal tick
477: finished casting superiorheal
477: 73.9 dps, 2848 hp, 447 mana
478: 73.8 dps, 2848 hp, 447 mana
479: 73.6 dps, 2848 hp, 447 mana
480: startcast superiorheal
480: 73.5 dps, 2867 hp, 456 mana
481: 73.3 dps, 2867 hp, 456 mana
482: 73.2 dps, 2867 hp, 456 mana
483: 73.0 dps, 2867 hp, 456 mana
484: superiorheal tick
484: finished casting superiorheal
484: 74.2 dps, 2867 hp, 306 mana
485: 74.0 dps, 2867 hp, 306 mana
486: 73.9 dps, 2886 hp, 315 mana
487: startcast superiorheal
487: 73.7 dps, 2886 hp, 315 mana
488: 73.6 dps, 2886 hp, 315 mana
489: 73.4 dps, 2886 hp, 315 mana
490: 73.3 dps, 2886 hp, 315 mana
491: superiorheal tick
491: finished casting superiorheal
491: 74.4 dps, 2886 hp, 165 mana
492: 74.3 dps, 2905 hp, 174 mana
493: 74.1 dps, 2905 hp, 174 mana
494: startcast cann4
494: 74.0 dps, 2905 hp, 174 mana
495: 73.8 dps, 2905 hp, 174 mana
496: 73.7 dps, 2905 hp, 174 mana
497: cann4 tick
497: finished casting cann4
497: 73.5 dps, 2757 hp, 256 mana
498: 73.4 dps, 2776 hp, 265 mana
499: startcast superiorheal
499: 73.3 dps, 2776 hp, 265 mana
500: 73.1 dps, 2776 hp, 265 mana
501: 73.0 dps, 2776 hp, 265 mana
502: 72.8 dps, 2776 hp, 265 mana
503: superiorheal tick
503: finished casting superiorheal
503: 73.9 dps, 2776 hp, 115 mana
504: 73.8 dps, 2795 hp, 124 mana
505: 73.7 dps, 2795 hp, 124 mana
506: startcast cann4
506: 73.5 dps, 2795 hp, 124 mana
507: 73.4 dps, 2795 hp, 124 mana
508: 73.2 dps, 2795 hp, 124 mana
509: cann4 tick
509: finished casting cann4
509: 73.1 dps, 2647 hp, 206 mana
510: 72.9 dps, 2666 hp, 215 mana
511: startcast cann4
511: 72.8 dps, 2666 hp, 215 mana
512: 72.6 dps, 2666 hp, 215 mana
513: 72.5 dps, 2666 hp, 215 mana
514: cann4 tick
514: finished casting cann4
514: 72.4 dps, 2518 hp, 297 mana
515: 72.2 dps, 2518 hp, 297 mana
516: startcast superiorheal
516: 72.1 dps, 2537 hp, 306 mana
517: 71.9 dps, 2537 hp, 306 mana
518: 71.8 dps, 2537 hp, 306 mana
519: 71.7 dps, 2537 hp, 306 mana
520: superiorheal tick
520: finished casting superiorheal
520: 72.8 dps, 2537 hp, 156 mana
521: 72.6 dps, 2537 hp, 156 mana
522: 72.5 dps, 2556 hp, 165 mana
523: startcast cann4
523: 72.3 dps, 2556 hp, 165 mana
524: 72.2 dps, 2556 hp, 165 mana
525: 72.1 dps, 2556 hp, 165 mana
526: cann4 tick
526: finished casting cann4
526: 71.9 dps, 2408 hp, 247 mana
527: 71.8 dps, 2408 hp, 247 mana
528: startcast superiorheal
528: 71.7 dps, 2427 hp, 256 mana
529: 71.5 dps, 2427 hp, 256 mana
530: 71.4 dps, 2427 hp, 256 mana
531: 71.3 dps, 2427 hp, 256 mana
532: superiorheal tick
532: finished casting superiorheal
532: 72.3 dps, 2427 hp, 106 mana
533: 72.2 dps, 2427 hp, 106 mana
534: 72.1 dps, 2446 hp, 115 mana
535: startcast cann4
535: 71.9 dps, 2446 hp, 115 mana
536: 71.8 dps, 2446 hp, 115 mana
537: 71.7 dps, 2446 hp, 115 mana
538: cann4 tick
538: finished casting cann4
538: 71.5 dps, 2298 hp, 197 mana
539: 71.4 dps, 2298 hp, 197 mana
540: startcast cann4
540: 71.3 dps, 2317 hp, 206 mana
541: 71.1 dps, 2317 hp, 206 mana
542: 71.0 dps, 2317 hp, 206 mana
543: cann4 tick
543: finished casting cann4
543: 70.9 dps, 2169 hp, 288 mana
544: 70.7 dps, 2169 hp, 288 mana
545: startcast superiorheal
545: 70.6 dps, 2169 hp, 288 mana
546: 70.5 dps, 2188 hp, 297 mana
547: 70.3 dps, 2188 hp, 297 mana
548: 70.2 dps, 2188 hp, 297 mana
549: superiorheal tick
549: finished casting superiorheal
549: 71.3 dps, 2188 hp, 147 mana
550: 71.1 dps, 2188 hp, 147 mana
551: 71.0 dps, 2188 hp, 147 mana
552: startcast cann4
552: 70.9 dps, 2207 hp, 156 mana
553: 70.7 dps, 2207 hp, 156 mana
554: 70.6 dps, 2207 hp, 156 mana
555: cann4 tick
555: finished casting cann4
555: 70.5 dps, 2059 hp, 238 mana
556: 70.4 dps, 2059 hp, 238 mana
557: startcast cann4
557: 70.2 dps, 2059 hp, 238 mana
558: 70.1 dps, 2078 hp, 247 mana
559: 70.0 dps, 2078 hp, 247 mana
560: cann4 tick
560: finished casting cann4
560: 69.9 dps, 1930 hp, 329 mana
561: 69.7 dps, 1930 hp, 329 mana
562: startcast torpor
562: 69.6 dps, 1930 hp, 329 mana
563: 69.5 dps, 1930 hp, 329 mana
564: 69.4 dps, 1949 hp, 338 mana
565: 69.2 dps, 1949 hp, 338 mana
566: finished casting torpor
566: 69.1 dps, 1949 hp, 218 mana
567: 69.0 dps, 1949 hp, 218 mana
568: 68.9 dps, 1949 hp, 218 mana
569: startcast cann4
569: 68.8 dps, 1949 hp, 218 mana
570: torpor tick
570: 68.6 dps, 2268 hp, 227 mana
571: 68.5 dps, 2268 hp, 227 mana
572: cann4 tick
572: finished casting cann4
572: 68.4 dps, 2120 hp, 309 mana
573: 68.3 dps, 2120 hp, 309 mana
574: startcast superiorheal
574: 68.2 dps, 2120 hp, 309 mana
575: 68.0 dps, 2120 hp, 309 mana
576: torpor tick
576: 67.9 dps, 2439 hp, 318 mana
577: 67.8 dps, 2439 hp, 318 mana
578: superiorheal tick
578: finished casting superiorheal
578: 68.8 dps, 2439 hp, 168 mana
579: 68.7 dps, 2439 hp, 168 mana
580: 68.6 dps, 2439 hp, 168 mana
581: startcast cann4
581: 68.4 dps, 2439 hp, 168 mana
582: torpor tick
582: 68.3 dps, 2758 hp, 177 mana
583: 68.2 dps, 2758 hp, 177 mana
584: cann4 tick
584: finished casting cann4
584: 68.1 dps, 2610 hp, 259 mana
585: 68.0 dps, 2610 hp, 259 mana
586: startcast superiorheal
586: 67.9 dps, 2610 hp, 259 mana
587: 67.7 dps, 2610 hp, 259 mana
588: torpor tick
588: 67.6 dps, 2929 hp, 268 mana
589: 67.5 dps, 2929 hp, 268 mana
590: superiorheal tick
590: finished casting superiorheal
590: 68.5 dps, 2929 hp, 118 mana
591: 68.4 dps, 2929 hp, 118 mana
592: 68.2 dps, 2929 hp, 118 mana
593: startcast cann4
593: 68.1 dps, 2929 hp, 118 mana
594: torpor tick
594: 68.0 dps, 3248 hp, 127 mana
595: 67.9 dps, 3248 hp, 127 mana
596: cann4 tick
596: finished casting cann4
596: 67.8 dps, 3100 hp, 209 mana
597: 67.7 dps, 3100 hp, 209 mana
598: startcast cann4
598: 67.6 dps, 3100 hp, 209 mana
599: 67.4 dps, 3100 hp, 209 mana
600: torpor tick
600: 67.3 dps, 3419 hp, 218 mana
601: cann4 tick
601: finished casting cann4
601: 67.2 dps, 3271 hp, 300 mana
602: 67.1 dps, 3271 hp, 300 mana
603: startcast superiorheal
603: 67.0 dps, 3271 hp, 300 mana
604: 66.9 dps, 3271 hp, 300 mana
605: 66.8 dps, 3271 hp, 300 mana
606: 66.7 dps, 3290 hp, 309 mana
607: superiorheal tick
607: finished casting superiorheal
607: 67.6 dps, 3290 hp, 159 mana
608: 67.5 dps, 3290 hp, 159 mana
609: 67.4 dps, 3290 hp, 159 mana
610: startcast cann4
610: 67.3 dps, 3290 hp, 159 mana
611: 67.2 dps, 3290 hp, 159 mana
612: 67.1 dps, 3309 hp, 168 mana
613: cann4 tick
613: finished casting cann4
613: 67.0 dps, 3161 hp, 250 mana
614: 66.8 dps, 3161 hp, 250 mana
615: startcast superiorheal
615: 66.7 dps, 3161 hp, 250 mana
616: 66.6 dps, 3161 hp, 250 mana
617: 66.5 dps, 3161 hp, 250 mana
618: 66.4 dps, 3180 hp, 259 mana
619: superiorheal tick
619: finished casting superiorheal
619: 67.3 dps, 3180 hp, 109 mana
620: 67.2 dps, 3180 hp, 109 mana
621: 67.1 dps, 3180 hp, 109 mana
622: cann5 tick
622: finished casting cann5
622: startcast cann5
622: 67.0 dps, 1256 hp, 1175 mana
623: startcast torpor
623: 66.9 dps, 1256 hp, 1175 mana
624: 66.8 dps, 1275 hp, 1184 mana
625: 66.7 dps, 1275 hp, 1184 mana
626: 66.6 dps, 1275 hp, 1184 mana
627: finished casting torpor
627: 66.5 dps, 1275 hp, 1064 mana
628: 66.4 dps, 1275 hp, 1064 mana
629: 66.3 dps, 1275 hp, 1064 mana
630: torpor tick
630: startcast superiorheal
630: 66.2 dps, 1594 hp, 1073 mana
631: 66.1 dps, 1594 hp, 1073 mana
632: 66.0 dps, 1594 hp, 1073 mana
633: 65.9 dps, 1594 hp, 1073 mana
634: superiorheal tick
634: finished casting superiorheal
634: 66.8 dps, 1594 hp, 923 mana
635: 66.7 dps, 1594 hp, 923 mana
636: torpor tick
636: 66.6 dps, 1913 hp, 932 mana
637: startcast superiorheal
637: 66.4 dps, 1913 hp, 932 mana
638: 66.3 dps, 1913 hp, 932 mana
639: 66.2 dps, 1913 hp, 932 mana
640: 66.1 dps, 1913 hp, 932 mana
641: superiorheal tick
641: finished casting superiorheal
641: 67.0 dps, 1913 hp, 782 mana
642: torpor tick
642: 66.9 dps, 2232 hp, 791 mana
643: 66.8 dps, 2232 hp, 791 mana
644: startcast superiorheal
644: 66.7 dps, 2232 hp, 791 mana
645: 66.6 dps, 2232 hp, 791 mana
646: 66.5 dps, 2232 hp, 791 mana
647: 66.4 dps, 2232 hp, 791 mana
648: torpor tick
648: superiorheal tick
648: finished casting superiorheal
648: 67.3 dps, 2551 hp, 650 mana
649: 67.2 dps, 2551 hp, 650 mana
650: 67.1 dps, 2551 hp, 650 mana
651: startcast superiorheal
651: 67.0 dps, 2551 hp, 650 mana
652: 66.9 dps, 2551 hp, 650 mana
653: 66.8 dps, 2551 hp, 650 mana
654: torpor tick
654: 66.7 dps, 2870 hp, 659 mana
655: superiorheal tick
655: finished casting superiorheal
655: 67.6 dps, 2870 hp, 509 mana
656: 67.5 dps, 2870 hp, 509 mana
657: 67.4 dps, 2870 hp, 509 mana
658: startcast superiorheal
658: 67.2 dps, 2870 hp, 509 mana
659: 67.1 dps, 2870 hp, 509 mana
660: torpor tick
660: 67.0 dps, 3189 hp, 518 mana
661: 66.9 dps, 3189 hp, 518 mana
662: superiorheal tick
662: finished casting superiorheal
662: 67.8 dps, 3189 hp, 368 mana
663: 67.7 dps, 3189 hp, 368 mana
664: 67.6 dps, 3189 hp, 368 mana
665: startcast superiorheal
665: 67.5 dps, 3189 hp, 368 mana
666: 67.4 dps, 3208 hp, 377 mana
667: 67.3 dps, 3208 hp, 377 mana
668: 67.2 dps, 3208 hp, 377 mana
669: superiorheal tick
669: finished casting superiorheal
669: 68.1 dps, 3208 hp, 227 mana
670: 68.0 dps, 3208 hp, 227 mana
671: 67.9 dps, 3208 hp, 227 mana
672: startcast cann4
672: 67.8 dps, 3227 hp, 236 mana
673: 67.7 dps, 3227 hp, 236 mana
674: 67.6 dps, 3227 hp, 236 mana
675: cann4 tick
675: finished casting cann4
675: 67.5 dps, 3079 hp, 318 mana
676: 67.4 dps, 3079 hp, 318 mana
677: startcast superiorheal
677: 67.3 dps, 3079 hp, 318 mana
678: 67.2 dps, 3098 hp, 327 mana
679: 67.1 dps, 3098 hp, 327 mana
680: 67.0 dps, 3098 hp, 327 mana
681: superiorheal tick
681: finished casting superiorheal
681: 67.8 dps, 3098 hp, 177 mana
682: 67.7 dps, 3098 hp, 177 mana
683: 67.6 dps, 3098 hp, 177 mana
684: startcast cann4
684: 67.5 dps, 3117 hp, 186 mana
685: 67.4 dps, 3117 hp, 186 mana
686: 67.3 dps, 3117 hp, 186 mana
687: cann4 tick
687: finished casting cann4
687: 67.2 dps, 2969 hp, 268 mana
688: 67.1 dps, 2969 hp, 268 mana
689: startcast superiorheal
689: 67.0 dps, 2969 hp, 268 mana
690: 66.9 dps, 2988 hp, 277 mana
691: 66.8 dps, 2988 hp, 277 mana
692: 66.7 dps, 2988 hp, 277 mana
693: superiorheal tick
693: finished casting superiorheal
693: 67.6 dps, 2988 hp, 127 mana
694: 67.5 dps, 2988 hp, 127 mana
695: 67.4 dps, 2988 hp, 127 mana
696: startcast cann4
696: 67.3 dps, 3007 hp, 136 mana
697: 67.2 dps, 3007 hp, 136 mana
698: 67.1 dps, 3007 hp, 136 mana
699: cann4 tick
699: finished casting cann4
699: 67.0 dps, 2859 hp, 218 mana
700: 66.9 dps, 2859 hp, 218 mana
701: startcast cann4
701: 66.8 dps, 2859 hp, 218 mana
702: 66.7 dps, 2878 hp, 227 mana
703: 66.6 dps, 2878 hp, 227 mana
704: cann4 tick
704: finished casting cann4
704: 66.5 dps, 2730 hp, 309 mana
705: 66.4 dps, 2730 hp, 309 mana
706: startcast superiorheal
706: 66.3 dps, 2730 hp, 309 mana
707: 66.2 dps, 2730 hp, 309 mana
708: 66.1 dps, 2749 hp, 318 mana
709: 66.0 dps, 2749 hp, 318 mana
710: superiorheal tick
710: finished casting superiorheal
710: 66.8 dps, 2749 hp, 168 mana
711: 66.7 dps, 2749 hp, 168 mana
712: 66.7 dps, 2749 hp, 168 mana
713: startcast cann4
713: 66.6 dps, 2749 hp, 168 mana
714: 66.5 dps, 2768 hp, 177 mana
715: 66.4 dps, 2768 hp, 177 mana
716: cann4 tick
716: finished casting cann4
716: 66.3 dps, 2620 hp, 259 mana
717: 66.2 dps, 2620 hp, 259 mana
718: startcast superiorheal
718: 66.1 dps, 2620 hp, 259 mana
719: 66.0 dps, 2620 hp, 259 mana
720: 65.9 dps, 2639 hp, 268 mana
721: 65.8 dps, 2639 hp, 268 mana
722: superiorheal tick
722: finished casting superiorheal
722: 66.6 dps, 2639 hp, 118 mana
723: 66.5 dps, 2639 hp, 118 mana
724: 66.4 dps, 2639 hp, 118 mana
725: startcast cann4
725: 66.3 dps, 2639 hp, 118 mana
726: 66.3 dps, 2658 hp, 127 mana
727: 66.2 dps, 2658 hp, 127 mana
728: cann4 tick
728: finished casting cann4
728: 66.1 dps, 2510 hp, 209 mana
729: 66.0 dps, 2510 hp, 209 mana
730: startcast cann4
730: 65.9 dps, 2510 hp, 209 mana
731: 65.8 dps, 2510 hp, 209 mana
732: 65.7 dps, 2529 hp, 218 mana
733: cann4 tick
733: finished casting cann4
733: 65.6 dps, 2381 hp, 300 mana
734: 65.5 dps, 2381 hp, 300 mana
735: startcast superiorheal
735: 65.4 dps, 2381 hp, 300 mana
736: 65.3 dps, 2381 hp, 300 mana
737: 65.3 dps, 2381 hp, 300 mana
738: 65.2 dps, 2400 hp, 309 mana
739: superiorheal tick
739: finished casting superiorheal
739: 66.0 dps, 2400 hp, 159 mana
740: 65.9 dps, 2400 hp, 159 mana
741: 65.8 dps, 2400 hp, 159 mana
742: startcast cann4
742: 65.7 dps, 2400 hp, 159 mana
743: 65.6 dps, 2400 hp, 159 mana
744: 65.5 dps, 2419 hp, 168 mana
745: cann4 tick
745: finished casting cann4
745: 65.4 dps, 2271 hp, 250 mana
746: 65.3 dps, 2271 hp, 250 mana
747: startcast superiorheal
747: 65.2 dps, 2271 hp, 250 mana
748: 65.2 dps, 2271 hp, 250 mana
749: 65.1 dps, 2271 hp, 250 mana
750: 65.0 dps, 2290 hp, 259 mana
751: superiorheal tick
751: finished casting superiorheal
751: 65.8 dps, 2290 hp, 109 mana
752: 65.7 dps, 2290 hp, 109 mana
753: 65.6 dps, 2290 hp, 109 mana
754: startcast cann4
754: 65.5 dps, 2290 hp, 109 mana
755: 65.4 dps, 2290 hp, 109 mana
756: 65.3 dps, 2309 hp, 118 mana
757: cann4 tick
757: finished casting cann4
757: 65.2 dps, 2161 hp, 200 mana
758: 65.1 dps, 2161 hp, 200 mana
759: startcast cann4
759: 65.1 dps, 2161 hp, 200 mana
760: 65.0 dps, 2161 hp, 200 mana
761: 64.9 dps, 2161 hp, 200 mana
762: cann4 tick
762: finished casting cann4
762: 64.8 dps, 2032 hp, 291 mana
763: 64.7 dps, 2032 hp, 291 mana
764: startcast superiorheal
764: 64.6 dps, 2032 hp, 291 mana
765: 64.5 dps, 2032 hp, 291 mana
766: 64.5 dps, 2032 hp, 291 mana
767: 64.4 dps, 2032 hp, 291 mana
768: superiorheal tick
768: finished casting superiorheal
768: 65.1 dps, 2051 hp, 150 mana
769: 65.0 dps, 2051 hp, 150 mana
770: 65.0 dps, 2051 hp, 150 mana
771: startcast cann4
771: 64.9 dps, 2051 hp, 150 mana
772: 64.8 dps, 2051 hp, 150 mana
773: 64.7 dps, 2051 hp, 150 mana
774: cann4 tick
774: finished casting cann4
774: 64.6 dps, 1922 hp, 241 mana
775: 64.5 dps, 1922 hp, 241 mana
776: startcast torpor
776: 64.5 dps, 1922 hp, 241 mana
777: 64.4 dps, 1922 hp, 241 mana
778: 64.3 dps, 1922 hp, 241 mana
779: 64.2 dps, 1922 hp, 241 mana
780: finished casting torpor
780: 64.1 dps, 1941 hp, 130 mana
781: 64.0 dps, 1941 hp, 130 mana
782: 64.0 dps, 1941 hp, 130 mana
783: startcast cann4
783: 63.9 dps, 1941 hp, 130 mana
784: 63.8 dps, 1941 hp, 130 mana
785: 63.7 dps, 1941 hp, 130 mana
786: torpor tick
786: cann4 tick
786: finished casting cann4
786: 63.6 dps, 2112 hp, 221 mana
787: 63.6 dps, 2112 hp, 221 mana
788: startcast cann4
788: 63.5 dps, 2112 hp, 221 mana
789: 63.4 dps, 2112 hp, 221 mana
790: 63.3 dps, 2112 hp, 221 mana
791: cann4 tick
791: finished casting cann4
791: 63.2 dps, 1964 hp, 303 mana
792: torpor tick
792: 63.2 dps, 2283 hp, 312 mana
793: startcast superiorheal
793: 63.1 dps, 2283 hp, 312 mana
794: 63.0 dps, 2283 hp, 312 mana
795: 62.9 dps, 2283 hp, 312 mana
796: 62.8 dps, 2283 hp, 312 mana
797: superiorheal tick
797: finished casting superiorheal
797: 63.6 dps, 2283 hp, 162 mana
798: torpor tick
798: 63.5 dps, 2602 hp, 171 mana
799: 63.4 dps, 2602 hp, 171 mana
800: startcast cann4
800: 63.3 dps, 2602 hp, 171 mana
801: 63.2 dps, 2602 hp, 171 mana
802: 63.2 dps, 2602 hp, 171 mana
803: cann4 tick
803: finished casting cann4
803: 63.1 dps, 2454 hp, 253 mana
804: torpor tick
804: 63.0 dps, 2773 hp, 262 mana
805: cann5 tick
805: finished casting cann5
805: startcast cann5
805: 62.9 dps, 849 hp, 1328 mana
806: startcast superiorheal
806: 62.9 dps, 849 hp, 1328 mana
807: 62.8 dps, 849 hp, 1328 mana
808: 62.7 dps, 849 hp, 1328 mana
809: 62.6 dps, 849 hp, 1328 mana
810: torpor tick
810: superiorheal tick
810: finished casting superiorheal
810: 63.3 dps, 1168 hp, 1187 mana
811: 63.3 dps, 1168 hp, 1187 mana
812: 63.2 dps, 1168 hp, 1187 mana
813: startcast superiorheal
813: 63.1 dps, 1168 hp, 1187 mana
814: 63.0 dps, 1168 hp, 1187 mana
815: 62.9 dps, 1168 hp, 1187 mana
816: torpor tick
816: 62.9 dps, 1487 hp, 1196 mana
817: superiorheal tick
817: finished casting superiorheal
817: 63.6 dps, 1487 hp, 1046 mana
818: 63.5 dps, 1487 hp, 1046 mana
819: 63.4 dps, 1487 hp, 1046 mana
820: startcast torpor
820: 63.3 dps, 1487 hp, 1046 mana
821: 63.3 dps, 1487 hp, 1046 mana
822: 63.2 dps, 1506 hp, 1055 mana
823: 63.1 dps, 1506 hp, 1055 mana
824: finished casting torpor
824: 63.0 dps, 1506 hp, 935 mana
825: 63.0 dps, 1506 hp, 935 mana
826: 62.9 dps, 1506 hp, 935 mana
827: startcast superiorheal
827: 62.8 dps, 1506 hp, 935 mana
828: torpor tick
828: 62.7 dps, 1825 hp, 944 mana
829: 62.7 dps, 1825 hp, 944 mana
830: 62.6 dps, 1825 hp, 944 mana
831: superiorheal tick
831: finished casting superiorheal
831: 63.3 dps, 1825 hp, 794 mana
832: 63.2 dps, 1825 hp, 794 mana
833: 63.1 dps, 1825 hp, 794 mana
834: torpor tick
834: startcast superiorheal
834: 63.1 dps, 2144 hp, 803 mana
835: 63.0 dps, 2144 hp, 803 mana
836: 62.9 dps, 2144 hp, 803 mana
837: 62.8 dps, 2144 hp, 803 mana
838: superiorheal tick
838: finished casting superiorheal
838: 63.5 dps, 2144 hp, 653 mana
839: 63.4 dps, 2144 hp, 653 mana
840: torpor tick
840: 63.4 dps, 2463 hp, 662 mana
841: startcast superiorheal
841: 63.3 dps, 2463 hp, 662 mana
842: 63.2 dps, 2463 hp, 662 mana
843: 63.1 dps, 2463 hp, 662 mana
844: 63.1 dps, 2463 hp, 662 mana
845: superiorheal tick
845: finished casting superiorheal
845: 63.8 dps, 2463 hp, 512 mana
846: torpor tick
846: 63.7 dps, 2782 hp, 521 mana
847: 63.6 dps, 2782 hp, 521 mana
848: startcast superiorheal
848: 63.5 dps, 2782 hp, 521 mana
849: 63.5 dps, 2782 hp, 521 mana
850: 63.4 dps, 2782 hp, 521 mana
851: 63.3 dps, 2782 hp, 521 mana
852: torpor tick
852: superiorheal tick
852: finished casting superiorheal
852: 64.0 dps, 3101 hp, 380 mana
853: 63.9 dps, 3101 hp, 380 mana
854: 63.8 dps, 3101 hp, 380 mana
855: startcast superiorheal
855: 63.8 dps, 3101 hp, 380 mana
856: 63.7 dps, 3101 hp, 380 mana
857: 63.6 dps, 3101 hp, 380 mana
858: torpor tick
858: 63.5 dps, 3420 hp, 389 mana
859: superiorheal tick
859: finished casting superiorheal
859: 64.2 dps, 3420 hp, 239 mana
860: 64.1 dps, 3420 hp, 239 mana
861: 64.1 dps, 3420 hp, 239 mana
862: startcast cann4
862: 64.0 dps, 3420 hp, 239 mana
863: 63.9 dps, 3420 hp, 239 mana
864: 63.8 dps, 3439 hp, 248 mana
865: cann4 tick
865: finished casting cann4
865: 63.8 dps, 3291 hp, 330 mana
866: 63.7 dps, 3291 hp, 330 mana
867: startcast superiorheal
867: 63.6 dps, 3291 hp, 330 mana
868: 63.5 dps, 3291 hp, 330 mana
869: 63.5 dps, 3291 hp, 330 mana
870: 63.4 dps, 3310 hp, 339 mana
871: superiorheal tick
871: finished casting superiorheal
871: 64.1 dps, 3310 hp, 189 mana
872: 64.0 dps, 3310 hp, 189 mana
873: 63.9 dps, 3310 hp, 189 mana
874: startcast cann4
874: 63.8 dps, 3310 hp, 189 mana
875: 63.8 dps, 3310 hp, 189 mana
876: 63.7 dps, 3329 hp, 198 mana
877: cann4 tick
877: finished casting cann4
877: 63.6 dps, 3181 hp, 280 mana
878: 63.5 dps, 3181 hp, 280 mana
879: startcast superiorheal
879: 63.5 dps, 3181 hp, 280 mana
880: 63.4 dps, 3181 hp, 280 mana
881: 63.3 dps, 3181 hp, 280 mana
882: 63.3 dps, 3200 hp, 289 mana
883: superiorheal tick
883: finished casting superiorheal
883: 63.9 dps, 3200 hp, 139 mana
884: 63.8 dps, 3200 hp, 139 mana
885: 63.8 dps, 3200 hp, 139 mana
886: startcast cann4
886: 63.7 dps, 3200 hp, 139 mana
887: 63.6 dps, 3200 hp, 139 mana
888: 63.6 dps, 3219 hp, 148 mana
889: cann4 tick
889: finished casting cann4
889: 63.5 dps, 3071 hp, 230 mana
890: 63.4 dps, 3071 hp, 230 mana
891: startcast cann4
891: 63.3 dps, 3071 hp, 230 mana
892: 63.3 dps, 3071 hp, 230 mana
893: 63.2 dps, 3071 hp, 230 mana
894: cann4 tick
894: finished casting cann4
894: 63.1 dps, 2942 hp, 321 mana
895: 63.1 dps, 2942 hp, 321 mana
896: startcast superiorheal
896: 63.0 dps, 2942 hp, 321 mana
897: 62.9 dps, 2942 hp, 321 mana
898: 62.8 dps, 2942 hp, 321 mana
899: 62.8 dps, 2942 hp, 321 mana
900: superiorheal tick
900: finished casting superiorheal
900: 63.4 dps, 2961 hp, 180 mana
901: 63.3 dps, 2961 hp, 180 mana
902: 63.3 dps, 2961 hp, 180 mana
903: startcast cann4
903: 63.2 dps, 2961 hp, 180 mana
904: 63.1 dps, 2961 hp, 180 mana
905: 63.1 dps, 2961 hp, 180 mana
906: cann4 tick
906: finished casting cann4
906: 63.0 dps, 2832 hp, 271 mana
907: 62.9 dps, 2832 hp, 271 mana
908: startcast superiorheal
908: 62.9 dps, 2832 hp, 271 mana
909: 62.8 dps, 2832 hp, 271 mana
910: 62.7 dps, 2832 hp, 271 mana
911: 62.7 dps, 2832 hp, 271 mana
912: superiorheal tick
912: finished casting superiorheal
912: 63.3 dps, 2851 hp, 130 mana
913: 63.2 dps, 2851 hp, 130 mana
914: 63.1 dps, 2851 hp, 130 mana
915: startcast cann4
915: 63.1 dps, 2851 hp, 130 mana
916: 63.0 dps, 2851 hp, 130 mana
917: 62.9 dps, 2851 hp, 130 mana
918: cann4 tick
918: finished casting cann4
918: 62.9 dps, 2722 hp, 221 mana
919: 62.8 dps, 2722 hp, 221 mana
920: startcast cann4
920: 62.7 dps, 2722 hp, 221 mana
921: 62.7 dps, 2722 hp, 221 mana
922: 62.6 dps, 2722 hp, 221 mana
923: cann4 tick
923: finished casting cann4
923: 62.5 dps, 2574 hp, 303 mana
924: 62.5 dps, 2593 hp, 312 mana
925: startcast superiorheal
925: 62.4 dps, 2593 hp, 312 mana
926: 62.3 dps, 2593 hp, 312 mana
927: 62.3 dps, 2593 hp, 312 mana
928: 62.2 dps, 2593 hp, 312 mana
929: superiorheal tick
929: finished casting superiorheal
929: 62.8 dps, 2593 hp, 162 mana
930: 62.8 dps, 2612 hp, 171 mana
931: 62.7 dps, 2612 hp, 171 mana
932: startcast cann4
932: 62.6 dps, 2612 hp, 171 mana
933: 62.5 dps, 2612 hp, 171 mana
934: 62.5 dps, 2612 hp, 171 mana
935: cann4 tick
935: finished casting cann4
935: 62.4 dps, 2464 hp, 253 mana
936: 62.3 dps, 2483 hp, 262 mana
937: startcast superiorheal
937: 62.3 dps, 2483 hp, 262 mana
938: 62.2 dps, 2483 hp, 262 mana
939: 62.1 dps, 2483 hp, 262 mana
940: 62.1 dps, 2483 hp, 262 mana
941: superiorheal tick
941: finished casting superiorheal
941: 62.7 dps, 2483 hp, 112 mana
942: 62.6 dps, 2502 hp, 121 mana
943: 62.6 dps, 2502 hp, 121 mana
944: startcast cann4
944: 62.5 dps, 2502 hp, 121 mana
945: 62.4 dps, 2502 hp, 121 mana
946: 62.4 dps, 2502 hp, 121 mana
947: cann4 tick
947: finished casting cann4
947: 62.3 dps, 2354 hp, 203 mana
948: 62.2 dps, 2373 hp, 212 mana
949: startcast cann4
949: 62.2 dps, 2373 hp, 212 mana
950: 62.1 dps, 2373 hp, 212 mana
951: 62.0 dps, 2373 hp, 212 mana
952: cann4 tick
952: finished casting cann4
952: 62.0 dps, 2225 hp, 294 mana
953: 61.9 dps, 2225 hp, 294 mana
954: startcast superiorheal
954: 61.8 dps, 2244 hp, 303 mana
955: 61.8 dps, 2244 hp, 303 mana
956: 61.7 dps, 2244 hp, 303 mana
957: 61.7 dps, 2244 hp, 303 mana
958: superiorheal tick
958: finished casting superiorheal
958: 62.3 dps, 2244 hp, 153 mana
959: 62.2 dps, 2244 hp, 153 mana
960: 62.1 dps, 2263 hp, 162 mana
961: startcast cann4
961: 62.1 dps, 2263 hp, 162 mana
962: 62.0 dps, 2263 hp, 162 mana
963: 61.9 dps, 2263 hp, 162 mana
964: cann4 tick
964: finished casting cann4
964: 61.9 dps, 2115 hp, 244 mana
965: 61.8 dps, 2115 hp, 244 mana
966: startcast superiorheal
966: 61.7 dps, 2134 hp, 253 mana
967: 61.7 dps, 2134 hp, 253 mana
968: 61.6 dps, 2134 hp, 253 mana
969: 61.5 dps, 2134 hp, 253 mana
970: superiorheal tick
970: finished casting superiorheal
970: 62.1 dps, 2134 hp, 103 mana
971: 62.1 dps, 2134 hp, 103 mana
972: 62.0 dps, 2153 hp, 112 mana
973: startcast cann4
973: 62.0 dps, 2153 hp, 112 mana
974: 61.9 dps, 2153 hp, 112 mana
975: 61.8 dps, 2153 hp, 112 mana
976: cann4 tick
976: finished casting cann4
976: 61.8 dps, 2005 hp, 194 mana
977: 61.7 dps, 2005 hp, 194 mana
978: startcast cann4
978: 61.6 dps, 2024 hp, 203 mana
979: 61.6 dps, 2024 hp, 203 mana
980: 61.5 dps, 2024 hp, 203 mana
981: cann4 tick
981: finished casting cann4
981: 61.4 dps, 1876 hp, 285 mana
982: 61.4 dps, 1876 hp, 285 mana
983: startcast torpor
983: 61.3 dps, 1876 hp, 285 mana
984: 61.3 dps, 1895 hp, 294 mana
985: 61.2 dps, 1895 hp, 294 mana
986: 61.1 dps, 1895 hp, 294 mana
987: finished casting torpor
987: 61.1 dps, 1895 hp, 174 mana
988: 61.0 dps, 1895 hp, 174 mana
989: 61.0 dps, 1895 hp, 174 mana
990: torpor tick
990: cann5 tick
990: finished casting cann5
990: startcast cann5
990: 60.9 dps, 290 hp, 1249 mana
991: startcast superiorheal
991: 60.8 dps, 290 hp, 1249 mana
992: 60.8 dps, 290 hp, 1249 mana
993: 60.7 dps, 290 hp, 1249 mana
994: 60.6 dps, 290 hp, 1249 mana
995: superiorheal tick
995: finished casting superiorheal
995: 61.2 dps, 290 hp, 1099 mana
996: torpor tick
996: 61.2 dps, 609 hp, 1108 mana
997: 61.1 dps, 609 hp, 1108 mana
998: startcast superiorheal
998: 61.0 dps, 609 hp, 1108 mana
999: 61.0 dps, 609 hp, 1108 mana
1000: 60.9 dps, 609 hp, 1108 mana
1001: 60.9 dps, 609 hp, 1108 mana
1002: torpor tick
1002: superiorheal tick
1002: finished casting superiorheal
1002: 61.4 dps, 928 hp, 967 mana
1003: 61.4 dps, 928 hp, 967 mana
1004: 61.3 dps, 928 hp, 967 mana
1005: startcast superiorheal
1005: 61.3 dps, 928 hp, 967 mana
1006: 61.2 dps, 928 hp, 967 mana
1007: 61.1 dps, 928 hp, 967 mana
1008: torpor tick
1008: 61.1 dps, 1247 hp, 976 mana
1009: superiorheal tick
1009: finished casting superiorheal
1009: 61.7 dps, 1247 hp, 826 mana
1010: 61.6 dps, 1247 hp, 826 mana
1011: 61.5 dps, 1247 hp, 826 mana
1012: startcast superiorheal
1012: 61.5 dps, 1247 hp, 826 mana
1013: 61.4 dps, 1247 hp, 826 mana
1014: torpor tick
1014: 61.3 dps, 1566 hp, 835 mana
1015: 61.3 dps, 1566 hp, 835 mana
1016: superiorheal tick
1016: finished casting superiorheal
1016: 61.9 dps, 1566 hp, 685 mana
1017: 61.8 dps, 1566 hp, 685 mana
1018: 61.7 dps, 1566 hp, 685 mana
1019: startcast superiorheal
1019: 61.7 dps, 1566 hp, 685 mana
1020: torpor tick
1020: 61.6 dps, 1885 hp, 694 mana
1021: 61.6 dps, 1885 hp, 694 mana
1022: 61.5 dps, 1885 hp, 694 mana
1023: superiorheal tick
1023: finished casting superiorheal
1023: 62.1 dps, 1885 hp, 544 mana
1024: 62.0 dps, 1885 hp, 544 mana
1025: 61.9 dps, 1885 hp, 544 mana
1026: startcast torpor
1026: 61.9 dps, 1904 hp, 553 mana
1027: 61.8 dps, 1904 hp, 553 mana
1028: 61.8 dps, 1904 hp, 553 mana
1029: 61.7 dps, 1904 hp, 553 mana
1030: finished casting torpor
1030: 61.6 dps, 1904 hp, 433 mana
1031: 61.6 dps, 1904 hp, 433 mana
1032: torpor tick
1032: 61.5 dps, 2223 hp, 442 mana
1033: startcast superiorheal
1033: 61.5 dps, 2223 hp, 442 mana
1034: 61.4 dps, 2223 hp, 442 mana
1035: 61.3 dps, 2223 hp, 442 mana
1036: 61.3 dps, 2223 hp, 442 mana
1037: superiorheal tick
1037: finished casting superiorheal
1037: 61.8 dps, 2223 hp, 292 mana
1038: torpor tick
1038: 61.8 dps, 2542 hp, 301 mana
1039: 61.7 dps, 2542 hp, 301 mana
1040: startcast superiorheal
1040: 61.7 dps, 2542 hp, 301 mana
1041: 61.6 dps, 2542 hp, 301 mana
1042: 61.5 dps, 2542 hp, 301 mana
1043: 61.5 dps, 2542 hp, 301 mana
1044: torpor tick
1044: superiorheal tick
1044: finished casting superiorheal
1044: 62.0 dps, 2861 hp, 160 mana
1045: 62.0 dps, 2861 hp, 160 mana
1046: 61.9 dps, 2861 hp, 160 mana
1047: startcast cann4
1047: 61.9 dps, 2861 hp, 160 mana
1048: 61.8 dps, 2861 hp, 160 mana
1049: 61.7 dps, 2861 hp, 160 mana
1050: torpor tick
1050: cann4 tick
1050: finished casting cann4
1050: 61.7 dps, 3032 hp, 251 mana
1051: 61.6 dps, 3032 hp, 251 mana
1052: startcast superiorheal
1052: 61.6 dps, 3032 hp, 251 mana
1053: 61.5 dps, 3032 hp, 251 mana
1054: 61.5 dps, 3032 hp, 251 mana
1055: 61.4 dps, 3032 hp, 251 mana
1056: torpor tick
1056: superiorheal tick
1056: finished casting superiorheal
1056: 61.9 dps, 3351 hp, 110 mana
1057: 61.9 dps, 3351 hp, 110 mana
1058: 61.8 dps, 3351 hp, 110 mana
1059: startcast cann4
1059: 61.8 dps, 3351 hp, 110 mana
1060: 61.7 dps, 3351 hp, 110 mana
1061: 61.7 dps, 3351 hp, 110 mana
1062: torpor tick
1062: cann4 tick
1062: finished casting cann4
1062: 61.6 dps, 3522 hp, 201 mana
1063: 61.5 dps, 3522 hp, 201 mana
1064: startcast cann4
1064: 61.5 dps, 3522 hp, 201 mana
1065: 61.4 dps, 3522 hp, 201 mana
1066: 61.4 dps, 3522 hp, 201 mana
1067: cann4 tick
1067: finished casting cann4
1067: 61.3 dps, 3374 hp, 283 mana
1068: 61.2 dps, 3393 hp, 292 mana
1069: startcast superiorheal
1069: 61.2 dps, 3393 hp, 292 mana
1070: 61.1 dps, 3393 hp, 292 mana
1071: 61.1 dps, 3393 hp, 292 mana
1072: 61.0 dps, 3393 hp, 292 mana
1073: superiorheal tick
1073: finished casting superiorheal
1073: 61.6 dps, 3393 hp, 142 mana
1074: 61.5 dps, 3412 hp, 151 mana
1075: 61.4 dps, 3412 hp, 151 mana
1076: startcast cann4
1076: 61.4 dps, 3412 hp, 151 mana
1077: 61.3 dps, 3412 hp, 151 mana
1078: 61.3 dps, 3412 hp, 151 mana
1079: cann4 tick
1079: finished casting cann4
1079: 61.2 dps, 3264 hp, 233 mana
1080: 61.2 dps, 3283 hp, 242 mana
1081: startcast cann4
1081: 61.1 dps, 3283 hp, 242 mana
1082: 61.0 dps, 3283 hp, 242 mana
1083: 61.0 dps, 3283 hp, 242 mana
1084: cann4 tick
1084: finished casting cann4
1084: 60.9 dps, 3135 hp, 324 mana
1085: 60.9 dps, 3135 hp, 324 mana
1086: startcast superiorheal
1086: 60.8 dps, 3154 hp, 333 mana
1087: 60.8 dps, 3154 hp, 333 mana
1088: 60.7 dps, 3154 hp, 333 mana
1089: 60.7 dps, 3154 hp, 333 mana
1090: superiorheal tick
1090: finished casting superiorheal
1090: 61.2 dps, 3154 hp, 183 mana
1091: 61.1 dps, 3154 hp, 183 mana
1092: 61.1 dps, 3173 hp, 192 mana
1093: startcast cann4
1093: 61.0 dps, 3173 hp, 192 mana
1094: 61.0 dps, 3173 hp, 192 mana
1095: 60.9 dps, 3173 hp, 192 mana
1096: cann4 tick
1096: finished casting cann4
1096: 60.9 dps, 3025 hp, 274 mana
1097: 60.8 dps, 3025 hp, 274 mana
1098: startcast superiorheal
1098: 60.7 dps, 3044 hp, 283 mana
1099: 60.7 dps, 3044 hp, 283 mana
1100: 60.6 dps, 3044 hp, 283 mana
1101: 60.6 dps, 3044 hp, 283 mana
1102: superiorheal tick
1102: finished casting superiorheal
1102: 61.1 dps, 3044 hp, 133 mana
1103: 61.0 dps, 3044 hp, 133 mana
1104: 61.0 dps, 3063 hp, 142 mana
1105: startcast cann4
1105: 60.9 dps, 3063 hp, 142 mana
1106: 60.9 dps, 3063 hp, 142 mana
1107: 60.8 dps, 3063 hp, 142 mana
1108: cann4 tick
1108: finished casting cann4
1108: 60.8 dps, 2915 hp, 224 mana
1109: 60.7 dps, 2915 hp, 224 mana
1110: startcast cann4
1110: 60.7 dps, 2934 hp, 233 mana
1111: 60.6 dps, 2934 hp, 233 mana
1112: 60.6 dps, 2934 hp, 233 mana
1113: cann4 tick
1113: finished casting cann4
1113: 60.5 dps, 2786 hp, 315 mana
1114: 60.4 dps, 2786 hp, 315 mana
1115: startcast superiorheal
1115: 60.4 dps, 2786 hp, 315 mana
1116: 60.3 dps, 2805 hp, 324 mana
1117: 60.3 dps, 2805 hp, 324 mana
1118: 60.2 dps, 2805 hp, 324 mana
1119: superiorheal tick
1119: finished casting superiorheal
1119: 60.7 dps, 2805 hp, 174 mana
1120: 60.7 dps, 2805 hp, 174 mana
1121: 60.6 dps, 2805 hp, 174 mana
1122: startcast cann4
1122: 60.6 dps, 2824 hp, 183 mana
1123: 60.5 dps, 2824 hp, 183 mana
1124: 60.5 dps, 2824 hp, 183 mana
1125: cann4 tick
1125: finished casting cann4
1125: 60.4 dps, 2676 hp, 265 mana
1126: 60.4 dps, 2676 hp, 265 mana
1127: startcast superiorheal
1127: 60.3 dps, 2676 hp, 265 mana
1128: 60.3 dps, 2695 hp, 274 mana
1129: 60.2 dps, 2695 hp, 274 mana
1130: 60.2 dps, 2695 hp, 274 mana
1131: superiorheal tick
1131: finished casting superiorheal
1131: 60.7 dps, 2695 hp, 124 mana
1132: 60.6 dps, 2695 hp, 124 mana
1133: 60.6 dps, 2695 hp, 124 mana
1134: startcast cann4
1134: 60.5 dps, 2714 hp, 133 mana
1135: 60.5 dps, 2714 hp, 133 mana
1136: 60.4 dps, 2714 hp, 133 mana
1137: cann4 tick
1137: finished casting cann4
1137: 60.4 dps, 2566 hp, 215 mana
1138: 60.3 dps, 2566 hp, 215 mana
1139: startcast cann4
1139: 60.2 dps, 2566 hp, 215 mana
1140: 60.2 dps, 2585 hp, 224 mana
1141: 60.1 dps, 2585 hp, 224 mana
1142: cann4 tick
1142: finished casting cann4
1142: 60.1 dps, 2437 hp, 306 mana
1143: 60.0 dps, 2437 hp, 306 mana
1144: startcast superiorheal
1144: 60.0 dps, 2437 hp, 306 mana
1145: 59.9 dps, 2437 hp, 306 mana
1146: 59.9 dps, 2456 hp, 315 mana
1147: 59.8 dps, 2456 hp, 315 mana
1148: superiorheal tick
1148: finished casting superiorheal
1148: 60.3 dps, 2456 hp, 165 mana
1149: 60.3 dps, 2456 hp, 165 mana
1150: 60.2 dps, 2456 hp, 165 mana
1151: startcast cann4
1151: 60.2 dps, 2456 hp, 165 mana
1152: 60.1 dps, 2475 hp, 174 mana
1153: 60.1 dps, 2475 hp, 174 mana
1154: cann4 tick
1154: finished casting cann4
1154: 60.0 dps, 2327 hp, 256 mana
1155: 60.0 dps, 2327 hp, 256 mana
1156: startcast superiorheal
1156: 59.9 dps, 2327 hp, 256 mana
1157: 59.9 dps, 2327 hp, 256 mana
1158: 59.8 dps, 2346 hp, 265 mana
1159: 59.8 dps, 2346 hp, 265 mana
1160: superiorheal tick
1160: finished casting superiorheal
1160: 60.3 dps, 2346 hp, 115 mana
1161: 60.2 dps, 2346 hp, 115 mana
1162: 60.2 dps, 2346 hp, 115 mana
1163: startcast cann4
1163: 60.1 dps, 2346 hp, 115 mana
1164: 60.1 dps, 2365 hp, 124 mana
1165: 60.0 dps, 2365 hp, 124 mana
1166: cann4 tick
1166: finished casting cann4
1166: 60.0 dps, 2217 hp, 206 mana
1167: 59.9 dps, 2217 hp, 206 mana
1168: startcast cann4
1168: 59.8 dps, 2217 hp, 206 mana
1169: 59.8 dps, 2217 hp, 206 mana
1170: 59.7 dps, 2236 hp, 215 mana
1171: cann4 tick
1171: finished casting cann4
1171: 59.7 dps, 2088 hp, 297 mana
1172: 59.6 dps, 2088 hp, 297 mana
1173: cann5 tick
1173: finished casting cann5
1173: startcast cann5
1173: 59.6 dps, 164 hp, 1363 mana
1174: startcast torpor
1174: 59.5 dps, 164 hp, 1363 mana
1175: 59.5 dps, 164 hp, 1363 mana
1176: 59.4 dps, 183 hp, 1372 mana
1177: 59.4 dps, 183 hp, 1372 mana
1178: finished casting torpor
1178: 59.3 dps, 183 hp, 1252 mana
1179: 59.3 dps, 183 hp, 1252 mana
1180: 59.2 dps, 183 hp, 1252 mana
1181: startcast superiorheal
1181: 59.2 dps, 183 hp, 1252 mana
1182: torpor tick
1182: 59.1 dps, 502 hp, 1261 mana
1183: 59.1 dps, 502 hp, 1261 mana
1184: 59.0 dps, 502 hp, 1261 mana
1185: superiorheal tick
1185: finished casting superiorheal
1185: 59.5 dps, 502 hp, 1111 mana
1186: 59.5 dps, 502 hp, 1111 mana
1187: 59.4 dps, 502 hp, 1111 mana
1188: torpor tick
1188: startcast superiorheal
1188: 59.4 dps, 821 hp, 1120 mana
1189: 59.3 dps, 821 hp, 1120 mana
1190: 59.3 dps, 821 hp, 1120 mana
1191: 59.2 dps, 821 hp, 1120 mana
1192: superiorheal tick
1192: finished casting superiorheal
1192: 59.7 dps, 821 hp, 970 mana
1193: 59.7 dps, 821 hp, 970 mana
1194: torpor tick
1194: 59.6 dps, 1140 hp, 979 mana
1195: startcast superiorheal
1195: 59.6 dps, 1140 hp, 979 mana
1196: 59.5 dps, 1140 hp, 979 mana
1197: 59.5 dps, 1140 hp, 979 mana
1198: 59.4 dps, 1140 hp, 979 mana
1199: superiorheal tick
1199: finished casting superiorheal
1199: 59.9 dps, 1140 hp, 829 mana
1200: torpor tick
1200: 59.9 dps, 1459 hp, 838 mana
