1: startcast turgurs
1: 0.0 dps, 4000 hp, 4000 mana
2: 0.0 dps, 4000 hp, 4000 mana
3: 0.0 dps, 4000 hp, 4000 mana
4: finished casting turgurs
4: 0.0 dps, 4000 hp, 3820 mana
5: 0.0 dps, 4000 hp, 3820 mana
6: turgurs tick
6: 0.0 dps, 4000 hp, 3829 mana
7: startcast miniCH
7: 0.0 dps, 4000 hp, 3829 mana
8: 0.0 dps, 4000 hp, 3829 mana
9: 0.0 dps, 4000 hp, 3829 mana
10: 0.0 dps, 4000 hp, 3829 mana
11: 0.0 dps, 4000 hp, 3829 mana
12: turgurs tick
12: 0.0 dps, 4000 hp, 3838 mana
13: 0.0 dps, 4000 hp, 3838 mana
14: 0.0 dps, 4000 hp, 3838 mana
15: 0.0 dps, 4000 hp, 3838 mana
16: 0.0 dps, 4000 hp, 3838 mana
17: miniCH tick
17: finished casting miniCH
17: 458.8 dps, 4000 hp, 3598 mana
18: turgurs tick
18: 433.3 dps, 4000 hp, 3607 mana
19: 410.5 dps, 4000 hp, 3607 mana
20: startcast miniCH
20: 390.0 dps, 4000 hp, 3607 mana
21: 371.4 dps, 4000 hp, 3607 mana
22: 354.5 dps, 4000 hp, 3607 mana
23: 339.1 dps, 4000 hp, 3607 mana
24: turgurs tick
24: 325.0 dps, 4000 hp, 3616 mana
25: 312.0 dps, 4000 hp, 3616 mana
26: 300.0 dps, 4000 hp, 3616 mana
27: 288.9 dps, 4000 hp, 3616 mana
28: 278.6 dps, 4000 hp, 3616 mana
29: 269.0 dps, 4000 hp, 3616 mana
30: turgurs tick
30: miniCH tick
30: finished casting miniCH
30: 520.0 dps, 4000 hp, 3385 mana
31: 503.2 dps, 4000 hp, 3385 mana
32: 487.5 dps, 4000 hp, 3385 mana
33: startcast miniCH
33: 472.7 dps, 4000 hp, 3385 mana
34: 458.8 dps, 4000 hp, 3385 mana
35: 445.7 dps, 4000 hp, 3385 mana
36: turgurs tick
36: 433.3 dps, 4000 hp, 3394 mana
37: 421.6 dps, 4000 hp, 3394 mana
38: 410.5 dps, 4000 hp, 3394 mana
39: 400.0 dps, 4000 hp, 3394 mana
40: 390.0 dps, 4000 hp, 3394 mana
41: 380.5 dps, 4000 hp, 3394 mana
42: turgurs tick
42: 371.4 dps, 4000 hp, 3403 mana
43: miniCH tick
43: finished casting miniCH
43: 544.2 dps, 4000 hp, 3163 mana
44: 531.8 dps, 4000 hp, 3163 mana
45: 520.0 dps, 4000 hp, 3163 mana
46: startcast miniCH
46: 508.7 dps, 4000 hp, 3163 mana
47: 497.9 dps, 4000 hp, 3163 mana
48: turgurs tick
48: 487.5 dps, 4000 hp, 3172 mana
49: 477.6 dps, 4000 hp, 3172 mana
50: 468.0 dps, 4000 hp, 3172 mana
51: 458.8 dps, 4000 hp, 3172 mana
52: 450.0 dps, 4000 hp, 3172 mana
53: 441.5 dps, 4000 hp, 3172 mana
54: turgurs tick
54: 433.3 dps, 4000 hp, 3181 mana
55: 425.5 dps, 4000 hp, 3181 mana
56: miniCH tick
56: finished casting miniCH
56: 557.1 dps, 4000 hp, 2941 mana
57: 547.4 dps, 4000 hp, 2941 mana
58: 537.9 dps, 4000 hp, 2941 mana
59: startcast miniCH
59: 528.8 dps, 4000 hp, 2941 mana
60: turgurs tick
60: 520.0 dps, 4000 hp, 2950 mana
61: 511.5 dps, 4000 hp, 2950 mana
62: 503.2 dps, 4000 hp, 2950 mana
63: 495.2 dps, 4000 hp, 2950 mana
64: 487.5 dps, 4000 hp, 2950 mana
65: 480.0 dps, 4000 hp, 2950 mana
66: turgurs tick
66: 472.7 dps, 4000 hp, 2959 mana
67: 465.7 dps, 4000 hp, 2959 mana
68: 458.8 dps, 4000 hp, 2959 mana
69: miniCH tick
69: finished casting miniCH
69: 565.2 dps, 4000 hp, 2719 mana
70: 557.1 dps, 4000 hp, 2719 mana
71: 549.3 dps, 4000 hp, 2719 mana
72: turgurs tick
72: startcast miniCH
72: 541.7 dps, 4000 hp, 2728 mana
73: 534.2 dps, 4000 hp, 2728 mana
74: 527.0 dps, 4000 hp, 2728 mana
75: 520.0 dps, 4000 hp, 2728 mana
76: 513.2 dps, 4000 hp, 2728 mana
77: 506.5 dps, 4000 hp, 2728 mana
78: turgurs tick
78: 500.0 dps, 4000 hp, 2737 mana
79: 493.7 dps, 4000 hp, 2737 mana
80: 487.5 dps, 4000 hp, 2737 mana
81: 481.5 dps, 4000 hp, 2737 mana
82: miniCH tick
82: finished casting miniCH
82: 570.7 dps, 4000 hp, 2497 mana
83: 563.9 dps, 4000 hp, 2497 mana
84: turgurs tick
84: 557.1 dps, 4000 hp, 2506 mana
85: cann5 tick
85: finished casting cann5
85: startcast cann5
85: 550.6 dps, 2076 hp, 3572 mana
86: startcast miniCH
86: 544.2 dps, 2076 hp, 3572 mana
87: 537.9 dps, 2076 hp, 3572 mana
88: 531.8 dps, 2076 hp, 3572 mana
89: 525.8 dps, 2076 hp, 3572 mana
90: turgurs tick
90: 520.0 dps, 2095 hp, 3581 mana
91: 514.3 dps, 2095 hp, 3581 mana
92: 508.7 dps, 2095 hp, 3581 mana
93: 503.2 dps, 2095 hp, 3581 mana
94: 497.9 dps, 2095 hp, 3581 mana
95: 492.6 dps, 2095 hp, 3581 mana
96: turgurs tick
96: miniCH tick
96: finished casting miniCH
96: 568.8 dps, 2114 hp, 3350 mana
97: 562.9 dps, 2114 hp, 3350 mana
98: 557.1 dps, 2114 hp, 3350 mana
99: startcast miniCH
99: 551.5 dps, 2114 hp, 3350 mana
100: 546.0 dps, 2114 hp, 3350 mana
101: 540.6 dps, 2114 hp, 3350 mana
102: turgurs tick
102: 535.3 dps, 2133 hp, 3359 mana
103: 530.1 dps, 2133 hp, 3359 mana
104: 525.0 dps, 2133 hp, 3359 mana
105: 520.0 dps, 2133 hp, 3359 mana
106: 515.1 dps, 2133 hp, 3359 mana
107: 510.3 dps, 2133 hp, 3359 mana
108: turgurs tick
108: 505.6 dps, 2152 hp, 3368 mana
109: miniCH tick
109: finished casting miniCH
109: 572.5 dps, 2152 hp, 3128 mana
110: 567.3 dps, 2152 hp, 3128 mana
111: 562.2 dps, 2152 hp, 3128 mana
112: startcast miniCH
112: 557.1 dps, 2152 hp, 3128 mana
113: 552.2 dps, 2152 hp, 3128 mana
114: turgurs tick
114: 547.4 dps, 2171 hp, 3137 mana
115: 542.6 dps, 2171 hp, 3137 mana
116: 537.9 dps, 2171 hp, 3137 mana
117: 533.3 dps, 2171 hp, 3137 mana
118: 528.8 dps, 2171 hp, 3137 mana
119: 524.4 dps, 2171 hp, 3137 mana
120: turgurs tick
120: 520.0 dps, 2190 hp, 3146 mana
121: 515.7 dps, 2190 hp, 3146 mana
122: miniCH tick
122: finished casting miniCH
122: 575.4 dps, 2190 hp, 2906 mana
123: 570.7 dps, 2190 hp, 2906 mana
124: 566.1 dps, 2190 hp, 2906 mana
125: startcast turgurs
125: 561.6 dps, 2190 hp, 2906 mana
126: 557.1 dps, 2209 hp, 2915 mana
127: 552.8 dps, 2209 hp, 2915 mana
128: finished casting turgurs
128: 548.4 dps, 2209 hp, 2735 mana
129: 544.2 dps, 2209 hp, 2735 mana
130: 540.0 dps, 2209 hp, 2735 mana
131: startcast miniCH
131: 535.9 dps, 2209 hp, 2735 mana
132: turgurs tick
132: 531.8 dps, 2228 hp, 2744 mana
133: 527.8 dps, 2228 hp, 2744 mana
134: 523.9 dps, 2228 hp, 2744 mana
135: 520.0 dps, 2228 hp, 2744 mana
136: 516.2 dps, 2228 hp, 2744 mana
137: 512.4 dps, 2228 hp, 2744 mana
138: turgurs tick
138: 508.7 dps, 2247 hp, 2753 mana
139: 505.0 dps, 2247 hp, 2753 mana
140: 501.4 dps, 2247 hp, 2753 mana
141: miniCH tick
141: finished casting miniCH
141: 553.2 dps, 2247 hp, 2513 mana
142: 549.3 dps, 2247 hp, 2513 mana
143: 545.5 dps, 2247 hp, 2513 mana
144: turgurs tick
144: startcast miniCH
144: 541.7 dps, 2266 hp, 2522 mana
145: 537.9 dps, 2266 hp, 2522 mana
146: 534.2 dps, 2266 hp, 2522 mana
147: 530.6 dps, 2266 hp, 2522 mana
148: 527.0 dps, 2266 hp, 2522 mana
149: 523.5 dps, 2266 hp, 2522 mana
150: turgurs tick
150: 520.0 dps, 2285 hp, 2531 mana
151: 516.6 dps, 2285 hp, 2531 mana
152: 513.2 dps, 2285 hp, 2531 mana
153: 509.8 dps, 2285 hp, 2531 mana
154: miniCH tick
154: finished casting miniCH
154: 557.1 dps, 2285 hp, 2291 mana
155: 553.5 dps, 2285 hp, 2291 mana
156: turgurs tick
156: 550.0 dps, 2304 hp, 2300 mana
157: startcast miniCH
157: 546.5 dps, 2304 hp, 2300 mana
158: 543.0 dps, 2304 hp, 2300 mana
159: 539.6 dps, 2304 hp, 2300 mana
160: 536.2 dps, 2304 hp, 2300 mana
161: 532.9 dps, 2304 hp, 2300 mana
162: turgurs tick
162: 529.6 dps, 2323 hp, 2309 mana
163: 526.4 dps, 2323 hp, 2309 mana
164: 523.2 dps, 2323 hp, 2309 mana
165: 520.0 dps, 2323 hp, 2309 mana
166: 516.9 dps, 2323 hp, 2309 mana
167: miniCH tick
167: finished casting miniCH
167: 560.5 dps, 2323 hp, 2069 mana
168: turgurs tick
168: 557.1 dps, 2342 hp, 2078 mana
169: 553.8 dps, 2342 hp, 2078 mana
170: startcast miniCH
170: 550.6 dps, 2342 hp, 2078 mana
171: 547.4 dps, 2342 hp, 2078 mana
172: 544.2 dps, 2342 hp, 2078 mana
173: 541.0 dps, 2342 hp, 2078 mana
174: turgurs tick
174: 537.9 dps, 2361 hp, 2087 mana
175: 534.9 dps, 2361 hp, 2087 mana
176: 531.8 dps, 2361 hp, 2087 mana
177: 528.8 dps, 2361 hp, 2087 mana
178: 525.8 dps, 2361 hp, 2087 mana
179: 522.9 dps, 2361 hp, 2087 mana
180: turgurs tick
180: miniCH tick
180: finished casting miniCH
180: 563.3 dps, 2380 hp, 1856 mana
181: 560.2 dps, 2380 hp, 1856 mana
182: 557.1 dps, 2380 hp, 1856 mana
183: startcast miniCH
183: 554.1 dps, 2380 hp, 1856 mana
184: 551.1 dps, 2380 hp, 1856 mana
185: 548.1 dps, 2380 hp, 1856 mana
186: turgurs tick
186: 545.2 dps, 2399 hp, 1865 mana
187: 542.2 dps, 2399 hp, 1865 mana
188: 539.4 dps, 2399 hp, 1865 mana
189: 536.5 dps, 2399 hp, 1865 mana
190: 533.7 dps, 2399 hp, 1865 mana
191: 530.9 dps, 2399 hp, 1865 mana
192: turgurs tick
192: 528.1 dps, 2418 hp, 1874 mana
193: miniCH tick
193: finished casting miniCH
193: 565.8 dps, 2418 hp, 1634 mana
194: 562.9 dps, 2418 hp, 1634 mana
195: 560.0 dps, 2418 hp, 1634 mana
196: startcast miniCH
196: 557.1 dps, 2418 hp, 1634 mana
197: 554.3 dps, 2418 hp, 1634 mana
198: turgurs tick
198: 551.5 dps, 2437 hp, 1643 mana
199: 548.7 dps, 2437 hp, 1643 mana
200: 546.0 dps, 2437 hp, 1643 mana
201: 543.3 dps, 2437 hp, 1643 mana
202: 540.6 dps, 2437 hp, 1643 mana
203: 537.9 dps, 2437 hp, 1643 mana
204: turgurs tick
204: 535.3 dps, 2456 hp, 1652 mana
205: 532.7 dps, 2456 hp, 1652 mana
206: miniCH tick
206: finished casting miniCH
206: 568.0 dps, 2456 hp, 1412 mana
207: 565.2 dps, 2456 hp, 1412 mana
208: 562.5 dps, 2456 hp, 1412 mana
209: startcast miniCH
209: 559.8 dps, 2456 hp, 1412 mana
210: turgurs tick
210: 557.1 dps, 2475 hp, 1421 mana
211: 554.5 dps, 2475 hp, 1421 mana
212: 551.9 dps, 2475 hp, 1421 mana
213: 549.3 dps, 2475 hp, 1421 mana
214: 546.7 dps, 2475 hp, 1421 mana
215: 544.2 dps, 2475 hp, 1421 mana
216: turgurs tick
216: 541.7 dps, 2494 hp, 1430 mana
217: 539.2 dps, 2494 hp, 1430 mana
218: 536.7 dps, 2494 hp, 1430 mana
219: miniCH tick
219: finished casting miniCH
219: 569.9 dps, 2494 hp, 1190 mana
220: 567.3 dps, 2494 hp, 1190 mana
221: 564.7 dps, 2494 hp, 1190 mana
222: turgurs tick
222: startcast miniCH
222: 562.2 dps, 2513 hp, 1199 mana
223: 559.6 dps, 2513 hp, 1199 mana
224: 557.1 dps, 2513 hp, 1199 mana
225: 554.7 dps, 2513 hp, 1199 mana
226: 552.2 dps, 2513 hp, 1199 mana
227: 549.8 dps, 2513 hp, 1199 mana
228: turgurs tick
228: 547.4 dps, 2532 hp, 1208 mana
229: 545.0 dps, 2532 hp, 1208 mana
230: 542.6 dps, 2532 hp, 1208 mana
231: 540.3 dps, 2532 hp, 1208 mana
232: miniCH tick
232: finished casting miniCH
232: 571.6 dps, 2532 hp, 968 mana
233: 569.1 dps, 2532 hp, 968 mana
234: turgurs tick
234: 566.7 dps, 2551 hp, 977 mana
235: startcast miniCH
235: 564.3 dps, 2551 hp, 977 mana
236: 561.9 dps, 2551 hp, 977 mana
237: 559.5 dps, 2551 hp, 977 mana
238: 557.1 dps, 2551 hp, 977 mana
239: 554.8 dps, 2551 hp, 977 mana
240: turgurs tick
240: 552.5 dps, 2570 hp, 986 mana
241: 550.2 dps, 2570 hp, 986 mana
242: 547.9 dps, 2570 hp, 986 mana
243: 545.7 dps, 2570 hp, 986 mana
244: 543.4 dps, 2570 hp, 986 mana
245: miniCH tick
245: finished casting miniCH
245: 573.1 dps, 2570 hp, 746 mana
246: turgurs tick
246: 570.7 dps, 2589 hp, 755 mana
247: 568.4 dps, 2589 hp, 755 mana
248: startcast turgurs
248: 566.1 dps, 2589 hp, 755 mana
249: 563.9 dps, 2589 hp, 755 mana
250: 561.6 dps, 2589 hp, 755 mana
251: finished casting turgurs
251: 559.4 dps, 2589 hp, 575 mana
252: turgurs tick
252: 557.1 dps, 2608 hp, 584 mana
253: 554.9 dps, 2608 hp, 584 mana
254: startcast miniCH
254: 552.8 dps, 2608 hp, 584 mana
255: 550.6 dps, 2608 hp, 584 mana
256: 548.4 dps, 2608 hp, 584 mana
257: 546.3 dps, 2608 hp, 584 mana
258: turgurs tick
258: 544.2 dps, 2627 hp, 593 mana
259: 542.1 dps, 2627 hp, 593 mana
260: 540.0 dps, 2627 hp, 593 mana
261: 537.9 dps, 2627 hp, 593 mana
262: 535.9 dps, 2627 hp, 593 mana
263: 533.8 dps, 2627 hp, 593 mana
264: turgurs tick
264: miniCH tick
264: finished casting miniCH
264: 561.4 dps, 2646 hp, 362 mana
265: 559.2 dps, 2646 hp, 362 mana
266: 557.1 dps, 2646 hp, 362 mana
267: cann5 tick
267: finished casting cann5
267: startcast cann5
267: 555.1 dps, 722 hp, 1428 mana
268: startcast torpor
268: 553.0 dps, 722 hp, 1428 mana
269: 550.9 dps, 722 hp, 1428 mana
270: turgurs tick
270: 548.9 dps, 741 hp, 1437 mana
271: 546.9 dps, 741 hp, 1437 mana
272: finished casting torpor
272: 544.9 dps, 741 hp, 1317 mana
273: 542.9 dps, 741 hp, 1317 mana
274: 540.9 dps, 741 hp, 1317 mana
275: startcast miniCH
275: 538.9 dps, 741 hp, 1317 mana
276: torpor tick
276: turgurs tick
276: 537.0 dps, 1060 hp, 1326 mana
277: 535.0 dps, 1060 hp, 1326 mana
278: 533.1 dps, 1060 hp, 1326 mana
279: 531.2 dps, 1060 hp, 1326 mana
280: 529.3 dps, 1060 hp, 1326 mana
281: 527.4 dps, 1060 hp, 1326 mana
282: torpor tick
282: turgurs tick
282: 525.5 dps, 1379 hp, 1335 mana
283: 523.7 dps, 1379 hp, 1335 mana
284: 521.8 dps, 1379 hp, 1335 mana
285: miniCH tick
285: finished casting miniCH
285: 547.4 dps, 1379 hp, 1095 mana
286: 545.5 dps, 1379 hp, 1095 mana
287: 543.6 dps, 1379 hp, 1095 mana
288: torpor tick
288: turgurs tick
288: startcast miniCH
288: 541.7 dps, 1698 hp, 1104 mana
289: 539.8 dps, 1698 hp, 1104 mana
290: 537.9 dps, 1698 hp, 1104 mana
291: 536.1 dps, 1698 hp, 1104 mana
292: 534.2 dps, 1698 hp, 1104 mana
293: 532.4 dps, 1698 hp, 1104 mana
294: torpor tick
294: turgurs tick
294: 530.6 dps, 2017 hp, 1113 mana
295: 528.8 dps, 2017 hp, 1113 mana
296: 527.0 dps, 2017 hp, 1113 mana
297: 525.3 dps, 2017 hp, 1113 mana
298: miniCH tick
298: finished casting miniCH
298: 549.7 dps, 2017 hp, 873 mana
299: 547.8 dps, 2017 hp, 873 mana
300: torpor tick
300: turgurs tick
300: 546.0 dps, 2336 hp, 882 mana
301: startcast miniCH
301: 544.2 dps, 2336 hp, 882 mana
302: 542.4 dps, 2336 hp, 882 mana
303: 540.6 dps, 2336 hp, 882 mana
304: 538.8 dps, 2336 hp, 882 mana
305: 537.0 dps, 2336 hp, 882 mana
306: torpor tick
306: turgurs tick
306: 535.3 dps, 2655 hp, 891 mana
307: 533.6 dps, 2655 hp, 891 mana
308: 531.8 dps, 2655 hp, 891 mana
309: 530.1 dps, 2655 hp, 891 mana
310: 528.4 dps, 2655 hp, 891 mana
311: miniCH tick
311: finished casting miniCH
311: 551.8 dps, 2655 hp, 651 mana
312: turgurs tick
312: 550.0 dps, 2674 hp, 660 mana
313: 548.2 dps, 2674 hp, 660 mana
314: startcast miniCH
314: 546.5 dps, 2674 hp, 660 mana
315: 544.8 dps, 2674 hp, 660 mana
316: 543.0 dps, 2674 hp, 660 mana
317: 541.3 dps, 2674 hp, 660 mana
318: turgurs tick
318: 539.6 dps, 2693 hp, 669 mana
319: 537.9 dps, 2693 hp, 669 mana
320: 536.2 dps, 2693 hp, 669 mana
321: 534.6 dps, 2693 hp, 669 mana
322: 532.9 dps, 2693 hp, 669 mana
323: 531.3 dps, 2693 hp, 669 mana
324: turgurs tick
324: miniCH tick
324: finished casting miniCH
324: 553.7 dps, 2712 hp, 438 mana
325: 552.0 dps, 2712 hp, 438 mana
326: 550.3 dps, 2712 hp, 438 mana
327: startcast miniCH
327: 548.6 dps, 2712 hp, 438 mana
328: 547.0 dps, 2712 hp, 438 mana
329: 545.3 dps, 2712 hp, 438 mana
330: turgurs tick
330: 543.6 dps, 2731 hp, 447 mana
331: 542.0 dps, 2731 hp, 447 mana
332: 540.4 dps, 2731 hp, 447 mana
333: 538.7 dps, 2731 hp, 447 mana
334: 537.1 dps, 2731 hp, 447 mana
335: 535.5 dps, 2731 hp, 447 mana
336: turgurs tick
336: 533.9 dps, 2750 hp, 456 mana
337: miniCH tick
337: finished casting miniCH
337: 555.5 dps, 2750 hp, 216 mana
338: 553.8 dps, 2750 hp, 216 mana
339: 552.2 dps, 2750 hp, 216 mana
340: startcast cann4
340: 550.6 dps, 2750 hp, 216 mana
341: 549.0 dps, 2750 hp, 216 mana
342: turgurs tick
342: 547.4 dps, 2769 hp, 225 mana
343: cann4 tick
343: finished casting cann4
343: 545.8 dps, 2621 hp, 307 mana
344: 544.2 dps, 2621 hp, 307 mana
345: startcast cann4
345: 542.6 dps, 2621 hp, 307 mana
346: 541.0 dps, 2621 hp, 307 mana
347: 539.5 dps, 2621 hp, 307 mana
348: turgurs tick
348: cann4 tick
348: finished casting cann4
348: 537.9 dps, 2492 hp, 398 mana
349: 536.4 dps, 2492 hp, 398 mana
350: startcast cann4
350: 534.9 dps, 2492 hp, 398 mana
351: 533.3 dps, 2492 hp, 398 mana
352: 531.8 dps, 2492 hp, 398 mana
353: cann4 tick
353: finished casting cann4
353: 530.3 dps, 2344 hp, 480 mana
354: turgurs tick
354: 528.8 dps, 2363 hp, 489 mana
355: startcast miniCH
355: 527.3 dps, 2363 hp, 489 mana
356: 525.8 dps, 2363 hp, 489 mana
357: 524.4 dps, 2363 hp, 489 mana
358: 522.9 dps, 2363 hp, 489 mana
359: 521.4 dps, 2363 hp, 489 mana
360: turgurs tick
360: 520.0 dps, 2382 hp, 498 mana
361: 518.6 dps, 2382 hp, 498 mana
362: 517.1 dps, 2382 hp, 498 mana
363: 515.7 dps, 2382 hp, 498 mana
364: 514.3 dps, 2382 hp, 498 mana
365: miniCH tick
365: finished casting miniCH
365: 534.2 dps, 2382 hp, 258 mana
366: turgurs tick
366: 532.8 dps, 2401 hp, 267 mana
367: 531.3 dps, 2401 hp, 267 mana
368: startcast cann4
368: 529.9 dps, 2401 hp, 267 mana
369: 528.5 dps, 2401 hp, 267 mana
370: 527.0 dps, 2401 hp, 267 mana
371: cann4 tick
371: finished casting cann4
371: 525.6 dps, 2253 hp, 349 mana
372: 524.2 dps, 2272 hp, 358 mana
373: startcast turgurs
373: 522.8 dps, 2272 hp, 358 mana
374: 521.4 dps, 2272 hp, 358 mana
375: 520.0 dps, 2272 hp, 358 mana
376: finished casting turgurs
376: 518.6 dps, 2272 hp, 178 mana
377: 517.2 dps, 2272 hp, 178 mana
378: turgurs tick
378: 515.9 dps, 2291 hp, 187 mana
379: startcast cann4
379: 514.5 dps, 2291 hp, 187 mana
380: 513.2 dps, 2291 hp, 187 mana
381: 511.8 dps, 2291 hp, 187 mana
382: cann4 tick
382: finished casting cann4
382: 510.5 dps, 2143 hp, 269 mana
383: 509.1 dps, 2143 hp, 269 mana
384: turgurs tick
384: startcast cann4
384: 507.8 dps, 2162 hp, 278 mana
385: 506.5 dps, 2162 hp, 278 mana
386: 505.2 dps, 2162 hp, 278 mana
387: cann4 tick
387: finished casting cann4
387: 503.9 dps, 2014 hp, 360 mana
388: 502.6 dps, 2014 hp, 360 mana
389: startcast cann4
389: 501.3 dps, 2014 hp, 360 mana
390: turgurs tick
390: 500.0 dps, 2033 hp, 369 mana
391: 498.7 dps, 2033 hp, 369 mana
392: cann4 tick
392: finished casting cann4
392: 497.4 dps, 1885 hp, 451 mana
393: 496.2 dps, 1885 hp, 451 mana
394: startcast torpor
394: 494.9 dps, 1885 hp, 451 mana
395: 493.7 dps, 1885 hp, 451 mana
396: turgurs tick
396: 492.4 dps, 1904 hp, 460 mana
397: 491.2 dps, 1904 hp, 460 mana
398: finished casting torpor
398: 489.9 dps, 1904 hp, 340 mana
399: 488.7 dps, 1904 hp, 340 mana
400: 487.5 dps, 1904 hp, 340 mana
401: startcast cann4
401: 486.3 dps, 1904 hp, 340 mana
402: torpor tick
402: turgurs tick
402: 485.1 dps, 2223 hp, 349 mana
403: 483.9 dps, 2223 hp, 349 mana
404: cann4 tick
404: finished casting cann4
404: 482.7 dps, 2075 hp, 431 mana
405: 481.5 dps, 2075 hp, 431 mana
406: startcast miniCH
406: 480.3 dps, 2075 hp, 431 mana
407: 479.1 dps, 2075 hp, 431 mana
408: torpor tick
408: turgurs tick
408: 477.9 dps, 2394 hp, 440 mana
409: 476.8 dps, 2394 hp, 440 mana
410: 475.6 dps, 2394 hp, 440 mana
411: 474.5 dps, 2394 hp, 440 mana
412: 473.3 dps, 2394 hp, 440 mana
413: 472.2 dps, 2394 hp, 440 mana
414: torpor tick
414: turgurs tick
414: 471.0 dps, 2713 hp, 449 mana
415: 469.9 dps, 2713 hp, 449 mana
416: miniCH tick
416: finished casting miniCH
416: 487.5 dps, 2713 hp, 209 mana
417: 486.3 dps, 2713 hp, 209 mana
418: 485.2 dps, 2713 hp, 209 mana
419: startcast cann4
419: 484.0 dps, 2713 hp, 209 mana
420: torpor tick
420: turgurs tick
420: 482.9 dps, 3032 hp, 218 mana
421: 481.7 dps, 3032 hp, 218 mana
422: cann4 tick
422: finished casting cann4
422: 480.6 dps, 2884 hp, 300 mana
423: 479.4 dps, 2884 hp, 300 mana
424: startcast cann4
424: 478.3 dps, 2884 hp, 300 mana
425: 477.2 dps, 2884 hp, 300 mana
426: torpor tick
426: turgurs tick
426: 476.1 dps, 3203 hp, 309 mana
427: cann4 tick
427: finished casting cann4
427: 474.9 dps, 3055 hp, 391 mana
428: 473.8 dps, 3055 hp, 391 mana
429: startcast cann4
429: 472.7 dps, 3055 hp, 391 mana
430: 471.6 dps, 3055 hp, 391 mana
431: 470.5 dps, 3055 hp, 391 mana
432: torpor tick
432: turgurs tick
432: cann4 tick
432: finished casting cann4
432: 469.4 dps, 3226 hp, 482 mana
433: 468.4 dps, 3226 hp, 482 mana
434: startcast miniCH
434: 467.3 dps, 3226 hp, 482 mana
435: 466.2 dps, 3226 hp, 482 mana
436: 465.1 dps, 3226 hp, 482 mana
437: 464.1 dps, 3226 hp, 482 mana
438: turgurs tick
438: 463.0 dps, 3245 hp, 491 mana
439: 462.0 dps, 3245 hp, 491 mana
440: 460.9 dps, 3245 hp, 491 mana
441: 459.9 dps, 3245 hp, 491 mana
442: 458.8 dps, 3245 hp, 491 mana
443: 457.8 dps, 3245 hp, 491 mana
444: turgurs tick
444: miniCH tick
444: finished casting miniCH
444: 474.3 dps, 3264 hp, 260 mana
445: 473.3 dps, 3264 hp, 260 mana
446: 472.2 dps, 3264 hp, 260 mana
447: cann5 tick
447: finished casting cann5
447: startcast cann5
447: 471.1 dps, 1340 hp, 1326 mana
448: startcast torpor
448: 470.1 dps, 1340 hp, 1326 mana
449: 469.0 dps, 1340 hp, 1326 mana
450: turgurs tick
450: 468.0 dps, 1359 hp, 1335 mana
451: 467.0 dps, 1359 hp, 1335 mana
452: finished casting torpor
452: 465.9 dps, 1359 hp, 1215 mana
453: 464.9 dps, 1359 hp, 1215 mana
454: 463.9 dps, 1359 hp, 1215 mana
455: startcast miniCH
455: 462.9 dps, 1359 hp, 1215 mana
456: torpor tick
456: turgurs tick
456: 461.8 dps, 1678 hp, 1224 mana
457: 460.8 dps, 1678 hp, 1224 mana
458: 459.8 dps, 1678 hp, 1224 mana
459: 458.8 dps, 1678 hp, 1224 mana
460: 457.8 dps, 1678 hp, 1224 mana
461: 456.8 dps, 1678 hp, 1224 mana
462: torpor tick
462: turgurs tick
462: 455.8 dps, 1997 hp, 1233 mana
463: 454.9 dps, 1997 hp, 1233 mana
464: 453.9 dps, 1997 hp, 1233 mana
465: miniCH tick
465: finished casting miniCH
465: 469.7 dps, 1997 hp, 993 mana
466: 468.7 dps, 1997 hp, 993 mana
467: 467.7 dps, 1997 hp, 993 mana
468: torpor tick
468: turgurs tick
468: startcast miniCH
468: 466.7 dps, 2316 hp, 1002 mana
469: 465.7 dps, 2316 hp, 1002 mana
470: 464.7 dps, 2316 hp, 1002 mana
471: 463.7 dps, 2316 hp, 1002 mana
472: 462.7 dps, 2316 hp, 1002 mana
473: 461.7 dps, 2316 hp, 1002 mana
474: torpor tick
474: turgurs tick
474: 460.8 dps, 2635 hp, 1011 mana
475: 459.8 dps, 2635 hp, 1011 mana
476: 458.8 dps, 2635 hp, 1011 mana
477: 457.9 dps, 2635 hp, 1011 mana
478: miniCH tick
478: finished casting miniCH
478: 473.2 dps, 2635 hp, 771 mana
479: 472.2 dps, 2635 hp, 771 mana
480: torpor tick
480: turgurs tick
480: 471.2 dps, 2954 hp, 780 mana
481: startcast miniCH
481: 470.3 dps, 2954 hp, 780 mana
482: 469.3 dps, 2954 hp, 780 mana
483: 468.3 dps, 2954 hp, 780 mana
484: 467.4 dps, 2954 hp, 780 mana
485: 466.4 dps, 2954 hp, 780 mana
486: torpor tick
486: turgurs tick
486: 465.4 dps, 3273 hp, 789 mana
487: 464.5 dps, 3273 hp, 789 mana
488: 463.5 dps, 3273 hp, 789 mana
489: 462.6 dps, 3273 hp, 789 mana
490: 461.6 dps, 3273 hp, 789 mana
491: miniCH tick
491: finished casting miniCH
491: 476.6 dps, 3273 hp, 549 mana
492: turgurs tick
492: 475.6 dps, 3292 hp, 558 mana
493: 474.6 dps, 3292 hp, 558 mana
494: startcast turgurs
494: 473.7 dps, 3292 hp, 558 mana
495: 472.7 dps, 3292 hp, 558 mana
496: 471.8 dps, 3292 hp, 558 mana
497: finished casting turgurs
497: 470.8 dps, 3292 hp, 378 mana
498: turgurs tick
498: 469.9 dps, 3311 hp, 387 mana
499: 468.9 dps, 3311 hp, 387 mana
500: startcast cann4
500: 468.0 dps, 3311 hp, 387 mana
501: 467.1 dps, 3311 hp, 387 mana
502: 466.1 dps, 3311 hp, 387 mana
503: cann4 tick
503: finished casting cann4
503: 465.2 dps, 3163 hp, 469 mana
504: turgurs tick
504: 464.3 dps, 3182 hp, 478 mana
505: startcast miniCH
505: 463.4 dps, 3182 hp, 478 mana
506: 462.5 dps, 3182 hp, 478 mana
507: 461.5 dps, 3182 hp, 478 mana
508: 460.6 dps, 3182 hp, 478 mana
509: 459.7 dps, 3182 hp, 478 mana
510: turgurs tick
510: 458.8 dps, 3201 hp, 487 mana
511: 457.9 dps, 3201 hp, 487 mana
512: 457.0 dps, 3201 hp, 487 mana
513: 456.1 dps, 3201 hp, 487 mana
514: 455.3 dps, 3201 hp, 487 mana
515: miniCH tick
515: finished casting miniCH
515: 469.5 dps, 3201 hp, 247 mana
516: turgurs tick
516: 468.6 dps, 3220 hp, 256 mana
517: 467.7 dps, 3220 hp, 256 mana
518: startcast cann4
518: 466.8 dps, 3220 hp, 256 mana
519: 465.9 dps, 3220 hp, 256 mana
520: 465.0 dps, 3220 hp, 256 mana
521: cann4 tick
521: finished casting cann4
521: 464.1 dps, 3072 hp, 338 mana
522: turgurs tick
522: 463.2 dps, 3091 hp, 347 mana
523: startcast cann4
523: 462.3 dps, 3091 hp, 347 mana
524: 461.5 dps, 3091 hp, 347 mana
525: 460.6 dps, 3091 hp, 347 mana
526: cann4 tick
526: finished casting cann4
526: 459.7 dps, 2943 hp, 429 mana
527: 458.8 dps, 2943 hp, 429 mana
528: turgurs tick
528: startcast miniCH
528: 458.0 dps, 2962 hp, 438 mana
529: 457.1 dps, 2962 hp, 438 mana
530: 456.2 dps, 2962 hp, 438 mana
531: 455.4 dps, 2962 hp, 438 mana
532: 454.5 dps, 2962 hp, 438 mana
533: 453.7 dps, 2962 hp, 438 mana
534: turgurs tick
534: 452.8 dps, 2981 hp, 447 mana
535: 452.0 dps, 2981 hp, 447 mana
536: 451.1 dps, 2981 hp, 447 mana
537: 450.3 dps, 2981 hp, 447 mana
538: miniCH tick
538: finished casting miniCH
538: 463.9 dps, 2981 hp, 207 mana
539: 463.1 dps, 2981 hp, 207 mana
540: turgurs tick
540: 462.2 dps, 3000 hp, 216 mana
541: startcast cann4
541: 461.4 dps, 3000 hp, 216 mana
542: 460.5 dps, 3000 hp, 216 mana
543: 459.7 dps, 3000 hp, 216 mana
544: cann4 tick
544: finished casting cann4
544: 458.8 dps, 2852 hp, 298 mana
545: 458.0 dps, 2852 hp, 298 mana
546: turgurs tick
546: startcast cann4
546: 457.1 dps, 2871 hp, 307 mana
547: 456.3 dps, 2871 hp, 307 mana
548: 455.5 dps, 2871 hp, 307 mana
549: cann4 tick
549: finished casting cann4
549: 454.6 dps, 2723 hp, 389 mana
550: 453.8 dps, 2723 hp, 389 mana
551: startcast cann4
551: 453.0 dps, 2723 hp, 389 mana
552: turgurs tick
552: 452.2 dps, 2742 hp, 398 mana
553: 451.4 dps, 2742 hp, 398 mana
554: cann4 tick
554: finished casting cann4
554: 450.5 dps, 2594 hp, 480 mana
555: 449.7 dps, 2594 hp, 480 mana
556: startcast miniCH
556: 448.9 dps, 2594 hp, 480 mana
557: 448.1 dps, 2594 hp, 480 mana
558: turgurs tick
558: 447.3 dps, 2613 hp, 489 mana
559: 446.5 dps, 2613 hp, 489 mana
560: 445.7 dps, 2613 hp, 489 mana
561: 444.9 dps, 2613 hp, 489 mana
562: 444.1 dps, 2613 hp, 489 mana
563: 443.3 dps, 2613 hp, 489 mana
564: turgurs tick
564: 442.6 dps, 2632 hp, 498 mana
565: 441.8 dps, 2632 hp, 498 mana
566: miniCH tick
566: finished casting miniCH
566: 454.8 dps, 2632 hp, 258 mana
567: 454.0 dps, 2632 hp, 258 mana
568: 453.2 dps, 2632 hp, 258 mana
569: startcast cann4
569: 452.4 dps, 2632 hp, 258 mana
570: turgurs tick
570: 451.6 dps, 2651 hp, 267 mana
571: 450.8 dps, 2651 hp, 267 mana
572: cann4 tick
572: finished casting cann4
572: 450.0 dps, 2503 hp, 349 mana
573: 449.2 dps, 2503 hp, 349 mana
574: startcast cann4
574: 448.4 dps, 2503 hp, 349 mana
575: 447.7 dps, 2503 hp, 349 mana
576: turgurs tick
576: 446.9 dps, 2522 hp, 358 mana
577: cann4 tick
577: finished casting cann4
577: 446.1 dps, 2374 hp, 440 mana
578: 445.3 dps, 2374 hp, 440 mana
579: startcast miniCH
579: 444.6 dps, 2374 hp, 440 mana
580: 443.8 dps, 2374 hp, 440 mana
581: 443.0 dps, 2374 hp, 440 mana
582: turgurs tick
582: 442.3 dps, 2393 hp, 449 mana
583: 441.5 dps, 2393 hp, 449 mana
584: 440.8 dps, 2393 hp, 449 mana
585: 440.0 dps, 2393 hp, 449 mana
586: 439.2 dps, 2393 hp, 449 mana
587: 438.5 dps, 2393 hp, 449 mana
588: turgurs tick
588: 437.8 dps, 2412 hp, 458 mana
589: miniCH tick
589: finished casting miniCH
589: 450.3 dps, 2412 hp, 218 mana
590: 449.5 dps, 2412 hp, 218 mana
591: 448.7 dps, 2412 hp, 218 mana
592: startcast cann4
592: 448.0 dps, 2412 hp, 218 mana
593: 447.2 dps, 2412 hp, 218 mana
594: turgurs tick
594: 446.5 dps, 2431 hp, 227 mana
595: cann4 tick
595: finished casting cann4
595: 445.7 dps, 2283 hp, 309 mana
596: 445.0 dps, 2283 hp, 309 mana
597: startcast cann4
597: 444.2 dps, 2283 hp, 309 mana
598: 443.5 dps, 2283 hp, 309 mana
599: 442.7 dps, 2283 hp, 309 mana
600: turgurs tick
600: cann4 tick
600: finished casting cann4
600: 442.0 dps, 2154 hp, 400 mana
601: 441.3 dps, 2154 hp, 400 mana
602: startcast miniCH
602: 440.5 dps, 2154 hp, 400 mana
603: 439.8 dps, 2154 hp, 400 mana
604: 439.1 dps, 2154 hp, 400 mana
605: 438.3 dps, 2154 hp, 400 mana
606: turgurs tick
606: 437.6 dps, 2173 hp, 409 mana
607: 436.9 dps, 2173 hp, 409 mana
608: 436.2 dps, 2173 hp, 409 mana
609: 435.5 dps, 2173 hp, 409 mana
610: 434.8 dps, 2173 hp, 409 mana
611: 434.0 dps, 2173 hp, 409 mana
612: turgurs tick
612: miniCH tick
612: finished casting miniCH
612: 446.1 dps, 2192 hp, 178 mana
613: 445.4 dps, 2192 hp, 178 mana
614: 444.6 dps, 2192 hp, 178 mana
615: startcast cann4
615: 443.9 dps, 2192 hp, 178 mana
616: 443.2 dps, 2192 hp, 178 mana
617: 442.5 dps, 2192 hp, 178 mana
618: cann4 tick
618: finished casting cann4
618: 441.7 dps, 2063 hp, 269 mana
619: 441.0 dps, 2063 hp, 269 mana
620: startcast cann4
620: 440.3 dps, 2063 hp, 269 mana
621: 439.6 dps, 2063 hp, 269 mana
622: 438.9 dps, 2063 hp, 269 mana
623: cann4 tick
623: finished casting cann4
623: 438.2 dps, 1915 hp, 351 mana
624: 437.5 dps, 1934 hp, 360 mana
625: startcast turgurs
625: 436.8 dps, 1934 hp, 360 mana
626: 436.1 dps, 1934 hp, 360 mana
627: 435.4 dps, 1934 hp, 360 mana
628: finished casting turgurs
628: 434.7 dps, 1934 hp, 180 mana
629: 434.0 dps, 1934 hp, 180 mana
630: turgurs tick
630: 433.3 dps, 1953 hp, 189 mana
631: cann5 tick
631: finished casting cann5
631: startcast cann5
631: 432.6 dps, 29 hp, 1255 mana
632: startcast torpor
632: 432.0 dps, 29 hp, 1255 mana
633: 431.3 dps, 29 hp, 1255 mana
634: 430.6 dps, 29 hp, 1255 mana
635: 429.9 dps, 29 hp, 1255 mana
636: turgurs tick
636: finished casting torpor
636: 429.2 dps, 48 hp, 1144 mana
637: 428.6 dps, 48 hp, 1144 mana
638: 427.9 dps, 48 hp, 1144 mana
639: startcast miniCH
639: 427.2 dps, 48 hp, 1144 mana
640: 426.6 dps, 48 hp, 1144 mana
641: 425.9 dps, 48 hp, 1144 mana
642: torpor tick
642: turgurs tick
642: 425.2 dps, 367 hp, 1153 mana
643: 424.6 dps, 367 hp, 1153 mana
644: 423.9 dps, 367 hp, 1153 mana
645: 423.3 dps, 367 hp, 1153 mana
646: 422.6 dps, 367 hp, 1153 mana
647: 421.9 dps, 367 hp, 1153 mana
648: torpor tick
648: turgurs tick
648: 421.3 dps, 686 hp, 1162 mana
649: miniCH tick
649: finished casting miniCH
649: 432.7 dps, 686 hp, 922 mana
650: 432.0 dps, 686 hp, 922 mana
651: 431.3 dps, 686 hp, 922 mana
652: startcast miniCH
652: 430.7 dps, 686 hp, 922 mana
653: 430.0 dps, 686 hp, 922 mana
654: torpor tick
654: turgurs tick
654: 429.4 dps, 1005 hp, 931 mana
655: 428.7 dps, 1005 hp, 931 mana
656: 428.0 dps, 1005 hp, 931 mana
657: 427.4 dps, 1005 hp, 931 mana
658: 426.7 dps, 1005 hp, 931 mana
659: 426.1 dps, 1005 hp, 931 mana
660: torpor tick
660: turgurs tick
660: 425.5 dps, 1324 hp, 940 mana
661: 424.8 dps, 1324 hp, 940 mana
662: miniCH tick
662: finished casting miniCH
662: 436.0 dps, 1324 hp, 700 mana
663: 435.3 dps, 1324 hp, 700 mana
664: 434.6 dps, 1324 hp, 700 mana
665: startcast miniCH
665: 434.0 dps, 1324 hp, 700 mana
666: torpor tick
666: turgurs tick
666: 433.3 dps, 1643 hp, 709 mana
667: 432.7 dps, 1643 hp, 709 mana
668: 432.0 dps, 1643 hp, 709 mana
669: 431.4 dps, 1643 hp, 709 mana
670: 430.7 dps, 1643 hp, 709 mana
671: 430.1 dps, 1643 hp, 709 mana
672: torpor tick
672: turgurs tick
672: 429.5 dps, 1962 hp, 718 mana
673: 428.8 dps, 1962 hp, 718 mana
674: 428.2 dps, 1962 hp, 718 mana
675: miniCH tick
675: finished casting miniCH
675: 439.1 dps, 1962 hp, 478 mana
676: 438.5 dps, 1962 hp, 478 mana
677: 437.8 dps, 1962 hp, 478 mana
678: turgurs tick
678: startcast torpor
678: 437.2 dps, 1981 hp, 487 mana
679: 436.5 dps, 1981 hp, 487 mana
680: 435.9 dps, 1981 hp, 487 mana
681: 435.2 dps, 1981 hp, 487 mana
682: finished casting torpor
682: 434.6 dps, 1981 hp, 367 mana
683: 434.0 dps, 1981 hp, 367 mana
684: torpor tick
684: turgurs tick
684: 433.3 dps, 2300 hp, 376 mana
685: startcast cann4
685: 432.7 dps, 2300 hp, 376 mana
686: 432.1 dps, 2300 hp, 376 mana
687: 431.4 dps, 2300 hp, 376 mana
688: cann4 tick
688: finished casting cann4
688: 430.8 dps, 2152 hp, 458 mana
689: 430.2 dps, 2152 hp, 458 mana
690: torpor tick
690: turgurs tick
690: startcast miniCH
690: 429.6 dps, 2471 hp, 467 mana
691: 428.9 dps, 2471 hp, 467 mana
692: 428.3 dps, 2471 hp, 467 mana
693: 427.7 dps, 2471 hp, 467 mana
694: 427.1 dps, 2471 hp, 467 mana
695: 426.5 dps, 2471 hp, 467 mana
696: torpor tick
696: turgurs tick
696: 425.9 dps, 2790 hp, 476 mana
697: 425.3 dps, 2790 hp, 476 mana
698: 424.6 dps, 2790 hp, 476 mana
699: 424.0 dps, 2790 hp, 476 mana
700: miniCH tick
700: finished casting miniCH
700: 434.6 dps, 2790 hp, 236 mana
701: 434.0 dps, 2790 hp, 236 mana
702: torpor tick
702: turgurs tick
702: 433.3 dps, 3109 hp, 245 mana
703: startcast cann4
703: 432.7 dps, 3109 hp, 245 mana
704: 432.1 dps, 3109 hp, 245 mana
705: 431.5 dps, 3109 hp, 245 mana
706: cann4 tick
706: finished casting cann4
706: 430.9 dps, 2961 hp, 327 mana
707: 430.3 dps, 2961 hp, 327 mana
708: torpor tick
708: turgurs tick
708: startcast cann4
708: 429.7 dps, 3280 hp, 336 mana
709: 429.1 dps, 3280 hp, 336 mana
710: 428.5 dps, 3280 hp, 336 mana
711: cann4 tick
711: finished casting cann4
711: 427.8 dps, 3132 hp, 418 mana
712: 427.2 dps, 3132 hp, 418 mana
713: startcast miniCH
713: 426.6 dps, 3132 hp, 418 mana
714: torpor tick
714: turgurs tick
714: 426.1 dps, 3451 hp, 427 mana
715: 425.5 dps, 3451 hp, 427 mana
716: 424.9 dps, 3451 hp, 427 mana
717: 424.3 dps, 3451 hp, 427 mana
718: 423.7 dps, 3451 hp, 427 mana
719: 423.1 dps, 3451 hp, 427 mana
720: turgurs tick
720: 422.5 dps, 3470 hp, 436 mana
721: 421.9 dps, 3470 hp, 436 mana
722: 421.3 dps, 3470 hp, 436 mana
723: miniCH tick
723: finished casting miniCH
723: 431.5 dps, 3470 hp, 196 mana
724: 430.9 dps, 3470 hp, 196 mana
725: 430.3 dps, 3470 hp, 196 mana
726: turgurs tick
726: startcast cann4
726: 429.8 dps, 3489 hp, 205 mana
727: 429.2 dps, 3489 hp, 205 mana
728: 428.6 dps, 3489 hp, 205 mana
729: cann4 tick
729: finished casting cann4
729: 428.0 dps, 3341 hp, 287 mana
730: 427.4 dps, 3341 hp, 287 mana
731: startcast cann4
731: 426.8 dps, 3341 hp, 287 mana
732: turgurs tick
732: 426.2 dps, 3360 hp, 296 mana
733: 425.6 dps, 3360 hp, 296 mana
734: cann4 tick
734: finished casting cann4
734: 425.1 dps, 3212 hp, 378 mana
735: 424.5 dps, 3212 hp, 378 mana
736: startcast cann4
736: 423.9 dps, 3212 hp, 378 mana
737: 423.3 dps, 3212 hp, 378 mana
738: turgurs tick
738: 422.8 dps, 3231 hp, 387 mana
739: cann4 tick
739: finished casting cann4
739: 422.2 dps, 3083 hp, 469 mana
740: 421.6 dps, 3083 hp, 469 mana
741: startcast miniCH
741: 421.1 dps, 3083 hp, 469 mana
742: 420.5 dps, 3083 hp, 469 mana
743: 419.9 dps, 3083 hp, 469 mana
744: turgurs tick
744: 419.4 dps, 3102 hp, 478 mana
745: 418.8 dps, 3102 hp, 478 mana
746: 418.2 dps, 3102 hp, 478 mana
747: 417.7 dps, 3102 hp, 478 mana
748: 417.1 dps, 3102 hp, 478 mana
749: 416.6 dps, 3102 hp, 478 mana
750: 416.0 dps, 3121 hp, 487 mana
751: miniCH tick
751: finished casting miniCH
751: 425.8 dps, 3121 hp, 247 mana
752: 425.3 dps, 3121 hp, 247 mana
753: 424.7 dps, 3121 hp, 247 mana
754: startcast cann4
754: 424.1 dps, 3121 hp, 247 mana
755: 423.6 dps, 3121 hp, 247 mana
756: 423.0 dps, 3140 hp, 256 mana
757: cann4 tick
757: finished casting cann4
757: 422.5 dps, 2992 hp, 338 mana
758: 421.9 dps, 2992 hp, 338 mana
759: startcast turgurs
759: 421.3 dps, 2992 hp, 338 mana
760: 420.8 dps, 2992 hp, 338 mana
761: 420.2 dps, 2992 hp, 338 mana
762: finished casting turgurs
762: 419.7 dps, 3011 hp, 167 mana
763: 419.1 dps, 3011 hp, 167 mana
764: 418.6 dps, 3011 hp, 167 mana
765: startcast cann4
765: 418.0 dps, 3011 hp, 167 mana
766: 417.5 dps, 3011 hp, 167 mana
767: 416.9 dps, 3011 hp, 167 mana
768: turgurs tick
768: cann4 tick
768: finished casting cann4
768: 416.4 dps, 2882 hp, 258 mana
769: 415.9 dps, 2882 hp, 258 mana
770: startcast cann4
770: 415.3 dps, 2882 hp, 258 mana
771: 414.8 dps, 2882 hp, 258 mana
772: 414.2 dps, 2882 hp, 258 mana
773: cann4 tick
773: finished casting cann4
773: 413.7 dps, 2734 hp, 340 mana
774: turgurs tick
774: 413.2 dps, 2753 hp, 349 mana
775: startcast cann4
775: 412.6 dps, 2753 hp, 349 mana
776: 412.1 dps, 2753 hp, 349 mana
777: 411.6 dps, 2753 hp, 349 mana
778: cann4 tick
778: finished casting cann4
778: 411.1 dps, 2605 hp, 431 mana
779: 410.5 dps, 2605 hp, 431 mana
780: turgurs tick
780: startcast miniCH
780: 410.0 dps, 2624 hp, 440 mana
781: 409.5 dps, 2624 hp, 440 mana
782: 409.0 dps, 2624 hp, 440 mana
783: 408.4 dps, 2624 hp, 440 mana
784: 407.9 dps, 2624 hp, 440 mana
785: 407.4 dps, 2624 hp, 440 mana
786: turgurs tick
786: 406.9 dps, 2643 hp, 449 mana
787: 406.4 dps, 2643 hp, 449 mana
788: 405.8 dps, 2643 hp, 449 mana
789: 405.3 dps, 2643 hp, 449 mana
790: miniCH tick
790: finished casting miniCH
790: 414.7 dps, 2643 hp, 209 mana
791: 414.2 dps, 2643 hp, 209 mana
792: turgurs tick
792: 413.6 dps, 2662 hp, 218 mana
793: startcast cann4
793: 413.1 dps, 2662 hp, 218 mana
794: 412.6 dps, 2662 hp, 218 mana
795: 412.1 dps, 2662 hp, 218 mana
796: cann4 tick
796: finished casting cann4
796: 411.6 dps, 2514 hp, 300 mana
797: 411.0 dps, 2514 hp, 300 mana
798: turgurs tick
798: startcast cann4
798: 410.5 dps, 2533 hp, 309 mana
799: 410.0 dps, 2533 hp, 309 mana
800: 409.5 dps, 2533 hp, 309 mana
801: cann4 tick
801: finished casting cann4
801: 409.0 dps, 2385 hp, 391 mana
802: 408.5 dps, 2385 hp, 391 mana
803: startcast cann4
803: 408.0 dps, 2385 hp, 391 mana
804: turgurs tick
804: 407.5 dps, 2404 hp, 400 mana
805: 407.0 dps, 2404 hp, 400 mana
806: cann4 tick
806: finished casting cann4
806: 406.5 dps, 2256 hp, 482 mana
807: 405.9 dps, 2256 hp, 482 mana
808: startcast miniCH
808: 405.4 dps, 2256 hp, 482 mana
809: 404.9 dps, 2256 hp, 482 mana
810: turgurs tick
810: 404.4 dps, 2275 hp, 491 mana
811: 403.9 dps, 2275 hp, 491 mana
812: 403.4 dps, 2275 hp, 491 mana
813: 403.0 dps, 2275 hp, 491 mana
814: 402.5 dps, 2275 hp, 491 mana
815: 402.0 dps, 2275 hp, 491 mana
816: turgurs tick
816: 401.5 dps, 2294 hp, 500 mana
817: 401.0 dps, 2294 hp, 500 mana
818: miniCH tick
818: finished casting miniCH
818: 410.0 dps, 2294 hp, 260 mana
819: 409.5 dps, 2294 hp, 260 mana
820: 409.0 dps, 2294 hp, 260 mana
821: cann5 tick
821: finished casting cann5
821: startcast cann5
821: 408.5 dps, 370 hp, 1326 mana
822: turgurs tick
822: startcast torpor
822: 408.0 dps, 389 hp, 1335 mana
823: 407.5 dps, 389 hp, 1335 mana
824: 407.0 dps, 389 hp, 1335 mana
825: 406.5 dps, 389 hp, 1335 mana
826: finished casting torpor
826: 406.1 dps, 389 hp, 1215 mana
827: 405.6 dps, 389 hp, 1215 mana
828: torpor tick
828: turgurs tick
828: 405.1 dps, 708 hp, 1224 mana
829: startcast miniCH
829: 404.6 dps, 708 hp, 1224 mana
830: 404.1 dps, 708 hp, 1224 mana
831: 403.6 dps, 708 hp, 1224 mana
832: 403.1 dps, 708 hp, 1224 mana
833: 402.6 dps, 708 hp, 1224 mana
834: torpor tick
834: turgurs tick
834: 402.2 dps, 1027 hp, 1233 mana
835: 401.7 dps, 1027 hp, 1233 mana
836: 401.2 dps, 1027 hp, 1233 mana
837: 400.7 dps, 1027 hp, 1233 mana
838: 400.2 dps, 1027 hp, 1233 mana
839: miniCH tick
839: finished casting miniCH
839: 409.1 dps, 1027 hp, 993 mana
840: torpor tick
840: turgurs tick
840: 408.6 dps, 1346 hp, 1002 mana
841: 408.1 dps, 1346 hp, 1002 mana
842: startcast miniCH
842: 407.6 dps, 1346 hp, 1002 mana
843: 407.1 dps, 1346 hp, 1002 mana
844: 406.6 dps, 1346 hp, 1002 mana
845: 406.2 dps, 1346 hp, 1002 mana
846: torpor tick
846: turgurs tick
846: 405.7 dps, 1665 hp, 1011 mana
847: 405.2 dps, 1665 hp, 1011 mana
848: 404.7 dps, 1665 hp, 1011 mana
849: 404.2 dps, 1665 hp, 1011 mana
850: 403.8 dps, 1665 hp, 1011 mana
851: 403.3 dps, 1665 hp, 1011 mana
852: torpor tick
852: turgurs tick
852: miniCH tick
852: finished casting miniCH
852: 412.0 dps, 1984 hp, 780 mana
853: 411.5 dps, 1984 hp, 780 mana
854: 411.0 dps, 1984 hp, 780 mana
855: startcast miniCH
855: 410.5 dps, 1984 hp, 780 mana
856: 410.0 dps, 1984 hp, 780 mana
857: 409.6 dps, 1984 hp, 780 mana
858: torpor tick
858: turgurs tick
858: 409.1 dps, 2303 hp, 789 mana
859: 408.6 dps, 2303 hp, 789 mana
860: 408.1 dps, 2303 hp, 789 mana
861: 407.7 dps, 2303 hp, 789 mana
862: 407.2 dps, 2303 hp, 789 mana
863: 406.7 dps, 2303 hp, 789 mana
864: turgurs tick
864: 406.2 dps, 2322 hp, 798 mana
865: miniCH tick
865: finished casting miniCH
865: 414.8 dps, 2322 hp, 558 mana
866: 414.3 dps, 2322 hp, 558 mana
867: 413.8 dps, 2322 hp, 558 mana
868: startcast miniCH
868: 413.4 dps, 2322 hp, 558 mana
869: 412.9 dps, 2322 hp, 558 mana
870: turgurs tick
870: 412.4 dps, 2341 hp, 567 mana
871: 411.9 dps, 2341 hp, 567 mana
872: 411.5 dps, 2341 hp, 567 mana
873: 411.0 dps, 2341 hp, 567 mana
874: 410.5 dps, 2341 hp, 567 mana
875: 410.1 dps, 2341 hp, 567 mana
876: turgurs tick
876: 409.6 dps, 2360 hp, 576 mana
877: 409.1 dps, 2360 hp, 576 mana
878: miniCH tick
878: finished casting miniCH
878: 417.5 dps, 2360 hp, 336 mana
879: 417.1 dps, 2360 hp, 336 mana
880: 416.6 dps, 2360 hp, 336 mana
881: startcast cann4
881: 416.1 dps, 2360 hp, 336 mana
882: turgurs tick
882: 415.6 dps, 2379 hp, 345 mana
883: 415.2 dps, 2379 hp, 345 mana
884: cann4 tick
884: finished casting cann4
884: 414.7 dps, 2231 hp, 427 mana
885: 414.2 dps, 2231 hp, 427 mana
886: startcast turgurs
886: 413.8 dps, 2231 hp, 427 mana
887: 413.3 dps, 2231 hp, 427 mana
888: 412.8 dps, 2250 hp, 436 mana
889: finished casting turgurs
889: 412.4 dps, 2250 hp, 256 mana
890: 411.9 dps, 2250 hp, 256 mana
891: 411.4 dps, 2250 hp, 256 mana
892: startcast cann4
892: 411.0 dps, 2250 hp, 256 mana
893: 410.5 dps, 2250 hp, 256 mana
894: turgurs tick
894: 410.1 dps, 2269 hp, 265 mana
895: cann4 tick
895: finished casting cann4
895: 409.6 dps, 2121 hp, 347 mana
896: 409.2 dps, 2121 hp, 347 mana
897: startcast cann4
897: 408.7 dps, 2121 hp, 347 mana
898: 408.2 dps, 2121 hp, 347 mana
899: 407.8 dps, 2121 hp, 347 mana
900: turgurs tick
900: cann4 tick
900: finished casting cann4
900: 407.3 dps, 1992 hp, 438 mana
901: 406.9 dps, 1992 hp, 438 mana
902: startcast torpor
902: 406.4 dps, 1992 hp, 438 mana
903: 406.0 dps, 1992 hp, 438 mana
904: 405.5 dps, 1992 hp, 438 mana
905: 405.1 dps, 1992 hp, 438 mana
906: turgurs tick
906: finished casting torpor
906: 404.6 dps, 2011 hp, 327 mana
907: 404.2 dps, 2011 hp, 327 mana
908: 403.7 dps, 2011 hp, 327 mana
909: startcast cann4
909: 403.3 dps, 2011 hp, 327 mana
910: 402.9 dps, 2011 hp, 327 mana
911: 402.4 dps, 2011 hp, 327 mana
912: torpor tick
912: turgurs tick
912: cann4 tick
912: finished casting cann4
912: 402.0 dps, 2182 hp, 418 mana
913: 401.5 dps, 2182 hp, 418 mana
914: startcast miniCH
914: 401.1 dps, 2182 hp, 418 mana
915: 400.7 dps, 2182 hp, 418 mana
916: 400.2 dps, 2182 hp, 418 mana
917: 399.8 dps, 2182 hp, 418 mana
918: torpor tick
918: turgurs tick
918: 399.3 dps, 2501 hp, 427 mana
919: 398.9 dps, 2501 hp, 427 mana
920: 398.5 dps, 2501 hp, 427 mana
921: 398.0 dps, 2501 hp, 427 mana
922: 397.6 dps, 2501 hp, 427 mana
923: 397.2 dps, 2501 hp, 427 mana
924: torpor tick
924: turgurs tick
924: miniCH tick
924: finished casting miniCH
924: 405.2 dps, 2820 hp, 196 mana
925: 404.8 dps, 2820 hp, 196 mana
926: 404.3 dps, 2820 hp, 196 mana
927: startcast cann4
927: 403.9 dps, 2820 hp, 196 mana
928: 403.4 dps, 2820 hp, 196 mana
929: 403.0 dps, 2820 hp, 196 mana
930: torpor tick
930: turgurs tick
930: cann4 tick
930: finished casting cann4
930: 402.6 dps, 2991 hp, 287 mana
931: 402.1 dps, 2991 hp, 287 mana
932: startcast cann4
932: 401.7 dps, 2991 hp, 287 mana
933: 401.3 dps, 2991 hp, 287 mana
934: 400.9 dps, 2991 hp, 287 mana
935: cann4 tick
935: finished casting cann4
935: 400.4 dps, 2843 hp, 369 mana
936: torpor tick
936: turgurs tick
936: 400.0 dps, 3162 hp, 378 mana
937: startcast cann4
937: 399.6 dps, 3162 hp, 378 mana
938: 399.1 dps, 3162 hp, 378 mana
939: 398.7 dps, 3162 hp, 378 mana
940: cann4 tick
940: finished casting cann4
940: 398.3 dps, 3014 hp, 460 mana
941: 397.9 dps, 3014 hp, 460 mana
942: torpor tick
942: turgurs tick
942: startcast miniCH
942: 397.5 dps, 3333 hp, 469 mana
943: 397.0 dps, 3333 hp, 469 mana
944: 396.6 dps, 3333 hp, 469 mana
945: 396.2 dps, 3333 hp, 469 mana
946: 395.8 dps, 3333 hp, 469 mana
947: 395.4 dps, 3333 hp, 469 mana
948: turgurs tick
948: 394.9 dps, 3352 hp, 478 mana
949: 394.5 dps, 3352 hp, 478 mana
950: 394.1 dps, 3352 hp, 478 mana
951: 393.7 dps, 3352 hp, 478 mana
952: miniCH tick
952: finished casting miniCH
952: 401.5 dps, 3352 hp, 238 mana
953: 401.0 dps, 3352 hp, 238 mana
954: turgurs tick
954: 400.6 dps, 3371 hp, 247 mana
955: startcast cann4
955: 400.2 dps, 3371 hp, 247 mana
956: 399.8 dps, 3371 hp, 247 mana
957: 399.4 dps, 3371 hp, 247 mana
958: cann4 tick
958: finished casting cann4
958: 399.0 dps, 3223 hp, 329 mana
959: 398.5 dps, 3223 hp, 329 mana
960: turgurs tick
960: startcast cann4
960: 398.1 dps, 3242 hp, 338 mana
961: 397.7 dps, 3242 hp, 338 mana
962: 397.3 dps, 3242 hp, 338 mana
963: cann4 tick
963: finished casting cann4
963: 396.9 dps, 3094 hp, 420 mana
964: 396.5 dps, 3094 hp, 420 mana
965: startcast miniCH
965: 396.1 dps, 3094 hp, 420 mana
966: turgurs tick
966: 395.7 dps, 3113 hp, 429 mana
967: 395.2 dps, 3113 hp, 429 mana
968: 394.8 dps, 3113 hp, 429 mana
969: 394.4 dps, 3113 hp, 429 mana
970: 394.0 dps, 3113 hp, 429 mana
971: 393.6 dps, 3113 hp, 429 mana
972: turgurs tick
972: 393.2 dps, 3132 hp, 438 mana
973: 392.8 dps, 3132 hp, 438 mana
974: 392.4 dps, 3132 hp, 438 mana
975: miniCH tick
975: finished casting miniCH
975: 400.0 dps, 3132 hp, 198 mana
976: 399.6 dps, 3132 hp, 198 mana
977: 399.2 dps, 3132 hp, 198 mana
978: turgurs tick
978: startcast cann4
978: 398.8 dps, 3151 hp, 207 mana
979: 398.4 dps, 3151 hp, 207 mana
980: 398.0 dps, 3151 hp, 207 mana
981: cann4 tick
981: finished casting cann4
981: 397.6 dps, 3003 hp, 289 mana
982: 397.1 dps, 3003 hp, 289 mana
983: startcast cann4
983: 396.7 dps, 3003 hp, 289 mana
984: turgurs tick
984: 396.3 dps, 3022 hp, 298 mana
985: 395.9 dps, 3022 hp, 298 mana
986: cann4 tick
986: finished casting cann4
986: 395.5 dps, 2874 hp, 380 mana
987: 395.1 dps, 2874 hp, 380 mana
988: startcast cann4
988: 394.7 dps, 2874 hp, 380 mana
989: 394.3 dps, 2874 hp, 380 mana
990: turgurs tick
990: 393.9 dps, 2893 hp, 389 mana
991: cann4 tick
991: finished casting cann4
991: 393.5 dps, 2745 hp, 471 mana
992: 393.1 dps, 2745 hp, 471 mana
993: startcast miniCH
993: 392.7 dps, 2745 hp, 471 mana
994: 392.4 dps, 2745 hp, 471 mana
995: 392.0 dps, 2745 hp, 471 mana
996: turgurs tick
996: 391.6 dps, 2764 hp, 480 mana
997: 391.2 dps, 2764 hp, 480 mana
998: 390.8 dps, 2764 hp, 480 mana
999: 390.4 dps, 2764 hp, 480 mana
1000: 390.0 dps, 2764 hp, 480 mana
1001: 389.6 dps, 2764 hp, 480 mana
1002: turgurs tick
1002: 389.2 dps, 2783 hp, 489 mana
1003: miniCH tick
1003: finished casting miniCH
1003: 396.6 dps, 2783 hp, 249 mana
1004: 396.2 dps, 2783 hp, 249 mana
1005: 395.8 dps, 2783 hp, 249 mana
1006: cann5 tick
1006: finished casting cann5
1006: startcast cann5
1006: 395.4 dps, 859 hp, 1315 mana
1007: startcast torpor
1007: 395.0 dps, 859 hp, 1315 mana
1008: turgurs tick
1008: 394.6 dps, 878 hp, 1324 mana
1009: 394.3 dps, 878 hp, 1324 mana
1010: 393.9 dps, 878 hp, 1324 mana
1011: finished casting torpor
1011: 393.5 dps, 878 hp, 1204 mana
1012: 393.1 dps, 878 hp, 1204 mana
1013: 392.7 dps, 878 hp, 1204 mana
1014: torpor tick
1014: startcast turgurs
1014: 392.3 dps, 1197 hp, 1213 mana
1015: 391.9 dps, 1197 hp, 1213 mana
1016: 391.5 dps, 1197 hp, 1213 mana
1017: finished casting turgurs
1017: 391.2 dps, 1197 hp, 1033 mana
1018: 390.8 dps, 1197 hp, 1033 mana
1019: 390.4 dps, 1197 hp, 1033 mana
1020: torpor tick
1020: turgurs tick
1020: startcast miniCH
1020: 390.0 dps, 1516 hp, 1042 mana
1021: 389.6 dps, 1516 hp, 1042 mana
1022: 389.2 dps, 1516 hp, 1042 mana
1023: 388.9 dps, 1516 hp, 1042 mana
1024: 388.5 dps, 1516 hp, 1042 mana
1025: 388.1 dps, 1516 hp, 1042 mana
1026: torpor tick
1026: turgurs tick
1026: 387.7 dps, 1835 hp, 1051 mana
1027: 387.3 dps, 1835 hp, 1051 mana
1028: 387.0 dps, 1835 hp, 1051 mana
1029: 386.6 dps, 1835 hp, 1051 mana
1030: miniCH tick
1030: finished casting miniCH
1030: 393.8 dps, 1835 hp, 811 mana
1031: 393.4 dps, 1835 hp, 811 mana
1032: torpor tick
1032: turgurs tick
1032: 393.0 dps, 2154 hp, 820 mana
1033: startcast miniCH
1033: 392.6 dps, 2154 hp, 820 mana
1034: 392.3 dps, 2154 hp, 820 mana
1035: 391.9 dps, 2154 hp, 820 mana
1036: 391.5 dps, 2154 hp, 820 mana
1037: 391.1 dps, 2154 hp, 820 mana
1038: torpor tick
1038: turgurs tick
1038: 390.8 dps, 2473 hp, 829 mana
1039: 390.4 dps, 2473 hp, 829 mana
1040: 390.0 dps, 2473 hp, 829 mana
1041: 389.6 dps, 2473 hp, 829 mana
1042: 389.3 dps, 2473 hp, 829 mana
1043: miniCH tick
1043: finished casting miniCH
1043: 396.4 dps, 2473 hp, 589 mana
1044: torpor tick
1044: turgurs tick
1044: 396.0 dps, 2792 hp, 598 mana
1045: 395.6 dps, 2792 hp, 598 mana
1046: startcast miniCH
1046: 395.2 dps, 2792 hp, 598 mana
1047: 394.8 dps, 2792 hp, 598 mana
1048: 394.5 dps, 2792 hp, 598 mana
1049: 394.1 dps, 2792 hp, 598 mana
1050: turgurs tick
1050: 393.7 dps, 2811 hp, 607 mana
1051: 393.3 dps, 2811 hp, 607 mana
1052: 393.0 dps, 2811 hp, 607 mana
1053: 392.6 dps, 2811 hp, 607 mana
1054: 392.2 dps, 2811 hp, 607 mana
1055: 391.8 dps, 2811 hp, 607 mana
1056: turgurs tick
1056: miniCH tick
1056: finished casting miniCH
1056: 398.9 dps, 2830 hp, 376 mana
1057: 398.5 dps, 2830 hp, 376 mana
1058: 398.1 dps, 2830 hp, 376 mana
1059: startcast cann4
1059: 397.7 dps, 2830 hp, 376 mana
1060: 397.4 dps, 2830 hp, 376 mana
1061: 397.0 dps, 2830 hp, 376 mana
1062: turgurs tick
1062: cann4 tick
1062: finished casting cann4
1062: 396.6 dps, 2701 hp, 467 mana
1063: 396.2 dps, 2701 hp, 467 mana
1064: startcast miniCH
1064: 395.9 dps, 2701 hp, 467 mana
1065: 395.5 dps, 2701 hp, 467 mana
1066: 395.1 dps, 2701 hp, 467 mana
1067: 394.8 dps, 2701 hp, 467 mana
1068: turgurs tick
1068: 394.4 dps, 2720 hp, 476 mana
1069: 394.0 dps, 2720 hp, 476 mana
1070: 393.6 dps, 2720 hp, 476 mana
1071: 393.3 dps, 2720 hp, 476 mana
1072: 392.9 dps, 2720 hp, 476 mana
1073: 392.5 dps, 2720 hp, 476 mana
1074: turgurs tick
1074: miniCH tick
1074: finished casting miniCH
1074: 399.4 dps, 2739 hp, 245 mana
1075: 399.1 dps, 2739 hp, 245 mana
1076: 398.7 dps, 2739 hp, 245 mana
1077: startcast cann4
1077: 398.3 dps, 2739 hp, 245 mana
1078: 398.0 dps, 2739 hp, 245 mana
1079: 397.6 dps, 2739 hp, 245 mana
1080: turgurs tick
1080: cann4 tick
1080: finished casting cann4
1080: 397.2 dps, 2610 hp, 336 mana
1081: 396.9 dps, 2610 hp, 336 mana
1082: startcast cann4
1082: 396.5 dps, 2610 hp, 336 mana
1083: 396.1 dps, 2610 hp, 336 mana
1084: 395.8 dps, 2610 hp, 336 mana
1085: cann4 tick
1085: finished casting cann4
1085: 395.4 dps, 2462 hp, 418 mana
1086: turgurs tick
1086: 395.0 dps, 2481 hp, 427 mana
1087: startcast miniCH
1087: 394.7 dps, 2481 hp, 427 mana
1088: 394.3 dps, 2481 hp, 427 mana
1089: 393.9 dps, 2481 hp, 427 mana
1090: 393.6 dps, 2481 hp, 427 mana
1091: 393.2 dps, 2481 hp, 427 mana
1092: turgurs tick
1092: 392.9 dps, 2500 hp, 436 mana
1093: 392.5 dps, 2500 hp, 436 mana
1094: 392.1 dps, 2500 hp, 436 mana
1095: 391.8 dps, 2500 hp, 436 mana
1096: 391.4 dps, 2500 hp, 436 mana
1097: miniCH tick
1097: finished casting miniCH
1097: 398.2 dps, 2500 hp, 196 mana
1098: turgurs tick
1098: 397.8 dps, 2519 hp, 205 mana
1099: 397.5 dps, 2519 hp, 205 mana
1100: startcast cann4
1100: 397.1 dps, 2519 hp, 205 mana
1101: 396.7 dps, 2519 hp, 205 mana
1102: 396.4 dps, 2519 hp, 205 mana
1103: cann4 tick
1103: finished casting cann4
1103: 396.0 dps, 2371 hp, 287 mana
1104: turgurs tick
1104: 395.7 dps, 2390 hp, 296 mana
1105: startcast cann4
1105: 395.3 dps, 2390 hp, 296 mana
1106: 394.9 dps, 2390 hp, 296 mana
1107: 394.6 dps, 2390 hp, 296 mana
1108: cann4 tick
1108: finished casting cann4
1108: 394.2 dps, 2242 hp, 378 mana
1109: 393.9 dps, 2242 hp, 378 mana
1110: turgurs tick
1110: startcast cann4
1110: 393.5 dps, 2261 hp, 387 mana
1111: 393.2 dps, 2261 hp, 387 mana
1112: 392.8 dps, 2261 hp, 387 mana
1113: cann4 tick
1113: finished casting cann4
1113: 392.5 dps, 2113 hp, 469 mana
1114: 392.1 dps, 2113 hp, 469 mana
1115: startcast miniCH
1115: 391.7 dps, 2113 hp, 469 mana
1116: turgurs tick
1116: 391.4 dps, 2132 hp, 478 mana
1117: 391.0 dps, 2132 hp, 478 mana
1118: 390.7 dps, 2132 hp, 478 mana
1119: 390.3 dps, 2132 hp, 478 mana
1120: 390.0 dps, 2132 hp, 478 mana
1121: 389.7 dps, 2132 hp, 478 mana
1122: turgurs tick
1122: 389.3 dps, 2151 hp, 487 mana
1123: 389.0 dps, 2151 hp, 487 mana
1124: 388.6 dps, 2151 hp, 487 mana
1125: miniCH tick
1125: finished casting miniCH
1125: 395.2 dps, 2151 hp, 247 mana
1126: 394.8 dps, 2151 hp, 247 mana
1127: 394.5 dps, 2151 hp, 247 mana
1128: turgurs tick
1128: startcast cann4
1128: 394.1 dps, 2170 hp, 256 mana
1129: 393.8 dps, 2170 hp, 256 mana
1130: 393.5 dps, 2170 hp, 256 mana
1131: cann4 tick
1131: finished casting cann4
1131: 393.1 dps, 2022 hp, 338 mana
1132: 392.8 dps, 2022 hp, 338 mana
1133: startcast cann4
1133: 392.4 dps, 2022 hp, 338 mana
1134: turgurs tick
1134: 392.1 dps, 2041 hp, 347 mana
1135: 391.7 dps, 2041 hp, 347 mana
1136: cann4 tick
1136: finished casting cann4
1136: 391.4 dps, 1893 hp, 429 mana
1137: 391.0 dps, 1893 hp, 429 mana
1138: startcast turgurs
1138: 390.7 dps, 1893 hp, 429 mana
1139: 390.3 dps, 1893 hp, 429 mana
1140: 390.0 dps, 1912 hp, 438 mana
1141: finished casting turgurs
1141: 389.7 dps, 1912 hp, 258 mana
1142: 389.3 dps, 1912 hp, 258 mana
1143: 389.0 dps, 1912 hp, 258 mana
1144: startcast torpor
1144: 388.6 dps, 1912 hp, 258 mana
1145: 388.3 dps, 1912 hp, 258 mana
1146: turgurs tick
1146: 388.0 dps, 1931 hp, 267 mana
1147: 387.6 dps, 1931 hp, 267 mana
1148: finished casting torpor
1148: 387.3 dps, 1931 hp, 147 mana
1149: 386.9 dps, 1931 hp, 147 mana
1150: 386.6 dps, 1931 hp, 147 mana
1151: startcast cann4
1151: 386.3 dps, 1931 hp, 147 mana
1152: torpor tick
1152: turgurs tick
1152: 385.9 dps, 2250 hp, 156 mana
1153: 385.6 dps, 2250 hp, 156 mana
1154: cann4 tick
1154: finished casting cann4
1154: 385.3 dps, 2102 hp, 238 mana
1155: 384.9 dps, 2102 hp, 238 mana
1156: startcast cann4
1156: 384.6 dps, 2102 hp, 238 mana
1157: 384.3 dps, 2102 hp, 238 mana
1158: torpor tick
1158: turgurs tick
1158: 383.9 dps, 2421 hp, 247 mana
1159: cann4 tick
1159: finished casting cann4
1159: 383.6 dps, 2273 hp, 329 mana
1160: 383.3 dps, 2273 hp, 329 mana
1161: startcast cann4
1161: 382.9 dps, 2273 hp, 329 mana
1162: 382.6 dps, 2273 hp, 329 mana
1163: 382.3 dps, 2273 hp, 329 mana
1164: torpor tick
1164: turgurs tick
1164: cann4 tick
1164: finished casting cann4
1164: 382.0 dps, 2444 hp, 420 mana
1165: 381.6 dps, 2444 hp, 420 mana
1166: startcast miniCH
1166: 381.3 dps, 2444 hp, 420 mana
1167: 381.0 dps, 2444 hp, 420 mana
1168: 380.7 dps, 2444 hp, 420 mana
1169: 380.3 dps, 2444 hp, 420 mana
1170: torpor tick
1170: turgurs tick
1170: 380.0 dps, 2763 hp, 429 mana
1171: 379.7 dps, 2763 hp, 429 mana
1172: 379.4 dps, 2763 hp, 429 mana
1173: 379.0 dps, 2763 hp, 429 mana
1174: 378.7 dps, 2763 hp, 429 mana
1175: 378.4 dps, 2763 hp, 429 mana
1176: torpor tick
1176: turgurs tick
1176: miniCH tick
1176: finished casting miniCH
1176: 384.7 dps, 3082 hp, 198 mana
1177: 384.4 dps, 3082 hp, 198 mana
1178: 384.0 dps, 3082 hp, 198 mana
1179: startcast cann4
1179: 383.7 dps, 3082 hp, 198 mana
1180: 383.4 dps, 3082 hp, 198 mana
1181: 383.1 dps, 3082 hp, 198 mana
1182: torpor tick
1182: turgurs tick
1182: cann4 tick
1182: finished casting cann4
1182: 382.7 dps, 3253 hp, 289 mana
1183: 382.4 dps, 3253 hp, 289 mana
1184: startcast cann4
1184: 382.1 dps, 3253 hp, 289 mana
1185: 381.8 dps, 3253 hp, 289 mana
1186: 381.5 dps, 3253 hp, 289 mana
1187: cann4 tick
1187: finished casting cann4
1187: 381.1 dps, 3105 hp, 371 mana
1188: turgurs tick
1188: 380.8 dps, 3124 hp, 380 mana
1189: cann5 tick
1189: finished casting cann5
1189: startcast cann5
1189: 380.5 dps, 1200 hp, 1446 mana
1190: startcast torpor
1190: 380.2 dps, 1200 hp, 1446 mana
1191: 379.8 dps, 1200 hp, 1446 mana
1192: 379.5 dps, 1200 hp, 1446 mana
1193: 379.2 dps, 1200 hp, 1446 mana
1194: turgurs tick
1194: finished casting torpor
1194: 378.9 dps, 1219 hp, 1335 mana
1195: 378.6 dps, 1219 hp, 1335 mana
1196: 378.3 dps, 1219 hp, 1335 mana
1197: startcast miniCH
1197: 377.9 dps, 1219 hp, 1335 mana
1198: 377.6 dps, 1219 hp, 1335 mana
1199: 377.3 dps, 1219 hp, 1335 mana
1200: torpor tick
1200: turgurs tick
1200: 377.0 dps, 1538 hp, 1344 mana
