1: startcast epic
1: 0.0 dps, 4000 hp, 4000 mana
2: 0.0 dps, 4000 hp, 4000 mana
3: 0.0 dps, 4000 hp, 4000 mana
4: 0.0 dps, 4000 hp, 4000 mana
5: 0.0 dps, 4000 hp, 4000 mana
6: 0.0 dps, 4000 hp, 4000 mana
7: 0.0 dps, 4000 hp, 4000 mana
8: 0.0 dps, 4000 hp, 4000 mana
9: 0.0 dps, 4000 hp, 4000 mana
10: finished casting epic
10: 0.0 dps, 4000 hp, 4000 mana
11: startcast nife
11: 0.0 dps, 4000 hp, 4000 mana
12: epic tick
12: 7.5 dps, 4000 hp, 4000 mana
13: 7.0 dps, 4000 hp, 4000 mana
14: 6.5 dps, 4000 hp, 4000 mana
15: 6.0 dps, 4000 hp, 4000 mana
16: finished casting nife
16: 5.7 dps, 4000 hp, 3638.75 mana
17: 5.3 dps, 4000 hp, 3638.75 mana
18: nife tick
18: epic tick
18: 22.9 dps, 4000 hp, 3647.75 mana
19: startcast pox
19: 21.7 dps, 4000 hp, 3647.75 mana
20: 20.6 dps, 4000 hp, 3647.75 mana
21: 19.6 dps, 4000 hp, 3647.75 mana
22: 18.7 dps, 4000 hp, 3647.75 mana
23: 17.9 dps, 4000 hp, 3647.75 mana
24: nife tick
24: epic tick
24: finished casting pox
24: 30.5 dps, 4000 hp, 3287 mana
25: 29.3 dps, 4000 hp, 3287 mana
26: 28.2 dps, 4000 hp, 3287 mana
27: startcast torrent
27: 27.1 dps, 4000 hp, 3287 mana
28: 26.2 dps, 4000 hp, 3287 mana
29: 25.3 dps, 4000 hp, 3287 mana
30: pox tick
30: nife tick
30: epic tick
30: 39.0 dps, 4000 hp, 3296 mana
31: 37.7 dps, 4000 hp, 3296 mana
32: 36.5 dps, 4000 hp, 3296 mana
33: 35.4 dps, 4000 hp, 3296 mana
34: finished casting torrent
34: 34.4 dps, 4000 hp, 2973 mana
35: 33.4 dps, 4000 hp, 2973 mana
36: pox tick
36: nife tick
36: epic tick
36: torrent tick
36: 67.1 dps, 4000 hp, 2982 mana
37: startcast cann4
37: 65.3 dps, 4000 hp, 2982 mana
38: 63.6 dps, 4000 hp, 2982 mana
39: 62.0 dps, 4000 hp, 2982 mana
40: cann4 tick
40: finished casting cann4
40: 60.4 dps, 3852 hp, 3064 mana
41: 58.9 dps, 3852 hp, 3064 mana
42: pox tick
42: nife tick
42: epic tick
42: torrent tick
42: startcast cann4
42: 87.2 dps, 3871 hp, 3073 mana
43: 85.2 dps, 3871 hp, 3073 mana
44: 83.2 dps, 3871 hp, 3073 mana
45: cann4 tick
45: finished casting cann4
45: 81.4 dps, 3723 hp, 3155 mana
46: 79.6 dps, 3723 hp, 3155 mana
47: startcast torrent
47: 77.9 dps, 3723 hp, 3155 mana
48: pox tick
48: nife tick
48: epic tick
48: 85.4 dps, 3742 hp, 3164 mana
49: 83.7 dps, 3742 hp, 3164 mana
50: 82.0 dps, 3742 hp, 3164 mana
51: 80.4 dps, 3742 hp, 3164 mana
52: 78.8 dps, 3742 hp, 3164 mana
53: 77.3 dps, 3742 hp, 3164 mana
54: pox tick
54: nife tick
54: epic tick
54: finished casting torrent
54: 84.0 dps, 3761 hp, 2850 mana
55: 82.5 dps, 3761 hp, 2850 mana
56: 81.0 dps, 3761 hp, 2850 mana
57: startcast cann4
57: 79.6 dps, 3761 hp, 2850 mana
58: 78.2 dps, 3761 hp, 2850 mana
59: 76.9 dps, 3761 hp, 2850 mana
60: pox tick
60: nife tick
60: epic tick
60: torrent tick
60: cann4 tick
60: finished casting cann4
60: 96.4 dps, 3632 hp, 2941 mana
61: 94.8 dps, 3632 hp, 2941 mana
62: startcast cann4
62: 93.3 dps, 3632 hp, 2941 mana
63: 91.8 dps, 3632 hp, 2941 mana
64: 90.3 dps, 3632 hp, 2941 mana
65: cann4 tick
65: finished casting cann4
65: 89.0 dps, 3484 hp, 3023 mana
66: pox tick
66: nife tick
66: epic tick
66: torrent tick
66: 106.5 dps, 3503 hp, 3032 mana
67: startcast nife
67: 104.9 dps, 3503 hp, 3032 mana
68: 103.4 dps, 3503 hp, 3032 mana
69: 101.9 dps, 3503 hp, 3032 mana
70: 100.4 dps, 3503 hp, 3032 mana
71: 99.0 dps, 3503 hp, 3032 mana
72: pox tick
72: epic tick
72: finished casting nife
72: 100.5 dps, 3522 hp, 2679.75 mana
73: 99.1 dps, 3522 hp, 2679.75 mana
74: 97.8 dps, 3522 hp, 2679.75 mana
75: cann5 tick
75: finished casting cann5
75: startcast cann5
75: 96.5 dps, 1598 hp, 3745.75 mana
76: startcast torpor
76: 95.2 dps, 1598 hp, 3745.75 mana
77: 94.0 dps, 1598 hp, 3745.75 mana
78: pox tick
78: nife tick
78: epic tick
78: 98.3 dps, 1617 hp, 3754.75 mana
79: 97.1 dps, 1617 hp, 3754.75 mana
80: finished casting torpor
80: 95.9 dps, 1617 hp, 3584.75 mana
81: 94.7 dps, 1617 hp, 3584.75 mana
82: 93.5 dps, 1617 hp, 3584.75 mana
83: startcast torrent
83: 92.4 dps, 1617 hp, 3584.75 mana
84: torpor tick
84: pox tick
84: nife tick
84: epic tick
84: 96.5 dps, 1936 hp, 3593.75 mana
85: 95.4 dps, 1936 hp, 3593.75 mana
86: 94.3 dps, 1936 hp, 3593.75 mana
87: 93.2 dps, 1936 hp, 3593.75 mana
88: 92.1 dps, 1936 hp, 3593.75 mana
89: 91.1 dps, 1936 hp, 3593.75 mana
90: torpor tick
90: pox tick
90: nife tick
90: epic tick
90: finished casting torrent
90: 94.9 dps, 2255 hp, 3279.75 mana
91: 93.9 dps, 2255 hp, 3279.75 mana
92: 92.9 dps, 2255 hp, 3279.75 mana
93: startcast epic
93: 91.9 dps, 2255 hp, 3279.75 mana
94: 90.9 dps, 2255 hp, 3279.75 mana
95: 89.9 dps, 2255 hp, 3279.75 mana
96: torpor tick
96: pox tick
96: nife tick
96: torrent tick
96: 101.0 dps, 2574 hp, 3288.75 mana
97: 100.0 dps, 2574 hp, 3288.75 mana
98: 99.0 dps, 2574 hp, 3288.75 mana
99: 98.0 dps, 2574 hp, 3288.75 mana
100: 97.0 dps, 2574 hp, 3288.75 mana
101: 96.0 dps, 2574 hp, 3288.75 mana
102: torpor tick
102: pox tick
102: nife tick
102: torrent tick
102: finished casting epic
102: 106.4 dps, 2893 hp, 3297.75 mana
103: startcast torrent
103: 105.4 dps, 2893 hp, 3297.75 mana
104: 104.4 dps, 2893 hp, 3297.75 mana
105: 103.4 dps, 2893 hp, 3297.75 mana
106: 102.4 dps, 2893 hp, 3297.75 mana
107: 101.5 dps, 2893 hp, 3297.75 mana
108: torpor tick
108: pox tick
108: nife tick
108: epic tick
108: 104.6 dps, 3212 hp, 3306.75 mana
109: 103.6 dps, 3212 hp, 3306.75 mana
110: finished casting torrent
110: 102.7 dps, 3212 hp, 2983.75 mana
111: 101.7 dps, 3212 hp, 2983.75 mana
112: 100.8 dps, 3212 hp, 2983.75 mana
113: startcast cann4
113: 99.9 dps, 3212 hp, 2983.75 mana
114: torpor tick
114: pox tick
114: nife tick
114: epic tick
114: torrent tick
114: 110.0 dps, 3531 hp, 2992.75 mana
115: 109.0 dps, 3531 hp, 2992.75 mana
116: cann4 tick
116: finished casting cann4
116: 108.1 dps, 3383 hp, 3074.75 mana
117: 107.2 dps, 3383 hp, 3074.75 mana
118: startcast cann4
118: 106.3 dps, 3383 hp, 3074.75 mana
119: 105.4 dps, 3383 hp, 3074.75 mana
120: pox tick
120: nife tick
120: epic tick
120: torrent tick
120: 114.9 dps, 3402 hp, 3083.75 mana
121: cann4 tick
121: finished casting cann4
121: 113.9 dps, 3254 hp, 3165.75 mana
122: 113.0 dps, 3254 hp, 3165.75 mana
123: startcast torrent
123: 112.1 dps, 3254 hp, 3165.75 mana
124: 111.2 dps, 3254 hp, 3165.75 mana
125: 110.3 dps, 3254 hp, 3165.75 mana
126: pox tick
126: nife tick
126: epic tick
126: 112.9 dps, 3273 hp, 3174.75 mana
127: 112.0 dps, 3273 hp, 3174.75 mana
128: 111.1 dps, 3273 hp, 3174.75 mana
129: 110.2 dps, 3273 hp, 3174.75 mana
130: finished casting torrent
130: 109.4 dps, 3273 hp, 2851.75 mana
131: 108.6 dps, 3273 hp, 2851.75 mana
132: pox tick
132: epic tick
132: torrent tick
132: 115.4 dps, 3292 hp, 2860.75 mana
133: startcast nife
133: 114.6 dps, 3292 hp, 2860.75 mana
134: 113.7 dps, 3292 hp, 2860.75 mana
135: 112.9 dps, 3292 hp, 2860.75 mana
136: 112.0 dps, 3292 hp, 2860.75 mana
137: 111.2 dps, 3292 hp, 2860.75 mana
138: pox tick
138: epic tick
138: torrent tick
138: finished casting nife
138: 117.8 dps, 3311 hp, 2508.5 mana
139: 116.9 dps, 3311 hp, 2508.5 mana
140: 116.1 dps, 3311 hp, 2508.5 mana
141: startcast cann4
141: 115.3 dps, 3311 hp, 2508.5 mana
142: 114.5 dps, 3311 hp, 2508.5 mana
143: 113.7 dps, 3311 hp, 2508.5 mana
144: pox tick
144: nife tick
144: epic tick
144: cann4 tick
144: finished casting cann4
144: 115.9 dps, 3182 hp, 2599.5 mana
145: 115.1 dps, 3182 hp, 2599.5 mana
146: startcast torrent
146: 114.3 dps, 3182 hp, 2599.5 mana
147: 113.5 dps, 3182 hp, 2599.5 mana
148: 112.8 dps, 3182 hp, 2599.5 mana
149: 112.0 dps, 3182 hp, 2599.5 mana
150: pox tick
150: nife tick
150: epic tick
150: 114.2 dps, 3201 hp, 2608.5 mana
151: 113.4 dps, 3201 hp, 2608.5 mana
152: 112.7 dps, 3201 hp, 2608.5 mana
153: finished casting torrent
153: 111.9 dps, 3201 hp, 2285.5 mana
154: 111.2 dps, 3201 hp, 2285.5 mana
155: 110.5 dps, 3201 hp, 2285.5 mana
156: nife tick
156: epic tick
156: torrent tick
156: startcast pox
156: 117.0 dps, 3220 hp, 2294.5 mana
157: 116.3 dps, 3220 hp, 2294.5 mana
158: 115.6 dps, 3220 hp, 2294.5 mana
159: 114.8 dps, 3220 hp, 2294.5 mana
160: 114.1 dps, 3220 hp, 2294.5 mana
161: finished casting pox
161: 113.4 dps, 3220 hp, 1924.75 mana
162: pox tick
162: nife tick
162: epic tick
162: torrent tick
162: 120.4 dps, 3239 hp, 1933.75 mana
163: 119.7 dps, 3239 hp, 1933.75 mana
164: startcast cann4
164: 118.9 dps, 3239 hp, 1933.75 mana
165: 118.2 dps, 3239 hp, 1933.75 mana
166: 117.5 dps, 3239 hp, 1933.75 mana
167: cann4 tick
167: finished casting cann4
167: 116.8 dps, 3091 hp, 2015.75 mana
168: pox tick
168: nife tick
168: epic tick
168: 118.7 dps, 3110 hp, 2024.75 mana
169: startcast torrent
169: 118.0 dps, 3110 hp, 2024.75 mana
170: 117.3 dps, 3110 hp, 2024.75 mana
171: 116.6 dps, 3110 hp, 2024.75 mana
172: 115.9 dps, 3110 hp, 2024.75 mana
173: 115.3 dps, 3110 hp, 2024.75 mana
174: pox tick
174: nife tick
174: epic tick
174: 117.1 dps, 3129 hp, 2033.75 mana
175: 116.4 dps, 3129 hp, 2033.75 mana
176: finished casting torrent
176: 115.8 dps, 3129 hp, 1710.75 mana
177: 115.1 dps, 3129 hp, 1710.75 mana
178: 114.5 dps, 3129 hp, 1710.75 mana
179: startcast cann4
179: 113.8 dps, 3129 hp, 1710.75 mana
180: pox tick
180: nife tick
180: epic tick
180: torrent tick
180: 120.1 dps, 3148 hp, 1719.75 mana
181: 119.5 dps, 3148 hp, 1719.75 mana
182: cann4 tick
182: finished casting cann4
182: 118.8 dps, 3000 hp, 1801.75 mana
183: 118.2 dps, 3000 hp, 1801.75 mana
184: startcast cann4
184: 117.5 dps, 3000 hp, 1801.75 mana
185: 116.9 dps, 3000 hp, 1801.75 mana
186: pox tick
186: nife tick
186: epic tick
186: torrent tick
186: 123.0 dps, 3019 hp, 1810.75 mana
187: cann4 tick
187: finished casting cann4
187: 122.3 dps, 2871 hp, 1892.75 mana
188: 121.7 dps, 2871 hp, 1892.75 mana
189: startcast epic
189: 121.0 dps, 2871 hp, 1892.75 mana
190: 120.4 dps, 2871 hp, 1892.75 mana
191: 119.7 dps, 2871 hp, 1892.75 mana
192: pox tick
192: nife tick
192: 120.9 dps, 2890 hp, 1901.75 mana
193: 120.3 dps, 2890 hp, 1901.75 mana
194: 119.7 dps, 2890 hp, 1901.75 mana
195: 119.1 dps, 2890 hp, 1901.75 mana
196: 118.5 dps, 2890 hp, 1901.75 mana
197: 117.9 dps, 2890 hp, 1901.75 mana
198: pox tick
198: finished casting epic
198: 117.8 dps, 2909 hp, 1910.75 mana
199: startcast nife
199: 117.2 dps, 2909 hp, 1910.75 mana
200: 116.7 dps, 2909 hp, 1910.75 mana
201: 116.1 dps, 2909 hp, 1910.75 mana
202: 115.5 dps, 2909 hp, 1910.75 mana
203: 114.9 dps, 2909 hp, 1910.75 mana
204: pox tick
204: epic tick
204: finished casting nife
204: 115.4 dps, 2928 hp, 1558.5 mana
205: 114.8 dps, 2928 hp, 1558.5 mana
206: 114.3 dps, 2928 hp, 1558.5 mana
207: startcast torrent
207: 113.7 dps, 2928 hp, 1558.5 mana
208: 113.2 dps, 2928 hp, 1558.5 mana
209: 112.6 dps, 2928 hp, 1558.5 mana
210: pox tick
210: nife tick
210: epic tick
210: 114.2 dps, 2947 hp, 1567.5 mana
211: 113.6 dps, 2947 hp, 1567.5 mana
212: 113.1 dps, 2947 hp, 1567.5 mana
213: 112.6 dps, 2947 hp, 1567.5 mana
214: finished casting torrent
214: 112.0 dps, 2947 hp, 1244.5 mana
215: 111.5 dps, 2947 hp, 1244.5 mana
216: pox tick
216: nife tick
216: epic tick
216: torrent tick
216: 116.8 dps, 2966 hp, 1253.5 mana
217: startcast cann4
217: 116.2 dps, 2966 hp, 1253.5 mana
218: 115.7 dps, 2966 hp, 1253.5 mana
219: 115.2 dps, 2966 hp, 1253.5 mana
220: cann4 tick
220: finished casting cann4
220: 114.6 dps, 2818 hp, 1335.5 mana
221: 114.1 dps, 2818 hp, 1335.5 mana
222: pox tick
222: nife tick
222: epic tick
222: torrent tick
222: startcast cann4
222: 119.2 dps, 2837 hp, 1344.5 mana
223: 118.7 dps, 2837 hp, 1344.5 mana
224: 118.2 dps, 2837 hp, 1344.5 mana
225: cann4 tick
225: finished casting cann4
225: 117.6 dps, 2689 hp, 1426.5 mana
226: 117.1 dps, 2689 hp, 1426.5 mana
227: startcast torrent
227: 116.6 dps, 2689 hp, 1426.5 mana
228: pox tick
228: nife tick
228: epic tick
228: 118.0 dps, 2708 hp, 1435.5 mana
229: 117.5 dps, 2708 hp, 1435.5 mana
230: 117.0 dps, 2708 hp, 1435.5 mana
231: 116.5 dps, 2708 hp, 1435.5 mana
232: 116.0 dps, 2708 hp, 1435.5 mana
233: 115.5 dps, 2708 hp, 1435.5 mana
234: pox tick
234: nife tick
234: epic tick
234: finished casting torrent
234: 116.8 dps, 2727 hp, 1121.5 mana
235: 116.3 dps, 2727 hp, 1121.5 mana
236: 115.8 dps, 2727 hp, 1121.5 mana
237: startcast cann4
237: 115.4 dps, 2727 hp, 1121.5 mana
238: 114.9 dps, 2727 hp, 1121.5 mana
239: 114.4 dps, 2727 hp, 1121.5 mana
240: pox tick
240: nife tick
240: epic tick
240: torrent tick
240: cann4 tick
240: finished casting cann4
240: 119.1 dps, 2598 hp, 1212.5 mana
241: 118.6 dps, 2598 hp, 1212.5 mana
242: startcast cann4
242: 118.1 dps, 2598 hp, 1212.5 mana
243: 117.6 dps, 2598 hp, 1212.5 mana
244: 117.2 dps, 2598 hp, 1212.5 mana
245: cann4 tick
245: finished casting cann4
245: 116.7 dps, 2450 hp, 1294.5 mana
246: pox tick
246: nife tick
246: epic tick
246: torrent tick
246: 121.3 dps, 2469 hp, 1303.5 mana
247: startcast torrent
247: 120.8 dps, 2469 hp, 1303.5 mana
248: 120.3 dps, 2469 hp, 1303.5 mana
249: 119.8 dps, 2469 hp, 1303.5 mana
250: 119.3 dps, 2469 hp, 1303.5 mana
251: 118.9 dps, 2469 hp, 1303.5 mana
252: pox tick
252: nife tick
252: epic tick
252: 120.1 dps, 2488 hp, 1312.5 mana
253: 119.6 dps, 2488 hp, 1312.5 mana
254: finished casting torrent
254: 119.2 dps, 2488 hp, 989.5 mana
255: 118.7 dps, 2488 hp, 989.5 mana
256: 118.2 dps, 2488 hp, 989.5 mana
257: cann5 tick
257: finished casting cann5
257: startcast cann5
257: 117.8 dps, 564 hp, 2055.5 mana
258: pox tick
258: nife tick
258: epic tick
258: torrent tick
258: startcast torpor
258: 122.2 dps, 583 hp, 2064.5 mana
259: 121.7 dps, 583 hp, 2064.5 mana
260: 121.2 dps, 583 hp, 2064.5 mana
261: 120.8 dps, 583 hp, 2064.5 mana
262: finished casting torpor
262: 120.3 dps, 583 hp, 1894.5 mana
263: 119.8 dps, 583 hp, 1894.5 mana
264: torpor tick
264: pox tick
264: epic tick
264: torrent tick
264: 123.2 dps, 902 hp, 1903.5 mana
265: startcast nife
265: 122.8 dps, 902 hp, 1903.5 mana
266: 122.3 dps, 902 hp, 1903.5 mana
267: 121.8 dps, 902 hp, 1903.5 mana
268: 121.4 dps, 902 hp, 1903.5 mana
269: 120.9 dps, 902 hp, 1903.5 mana
270: torpor tick
270: pox tick
270: epic tick
270: finished casting nife
270: 121.3 dps, 1221 hp, 1551.25 mana
271: 120.8 dps, 1221 hp, 1551.25 mana
272: 120.4 dps, 1221 hp, 1551.25 mana
273: startcast torrent
273: 119.9 dps, 1221 hp, 1551.25 mana
274: 119.5 dps, 1221 hp, 1551.25 mana
275: 119.0 dps, 1221 hp, 1551.25 mana
276: torpor tick
276: pox tick
276: nife tick
276: epic tick
276: 120.2 dps, 1540 hp, 1560.25 mana
277: 119.8 dps, 1540 hp, 1560.25 mana
278: 119.3 dps, 1540 hp, 1560.25 mana
279: 118.9 dps, 1540 hp, 1560.25 mana
280: finished casting torrent
280: 118.5 dps, 1540 hp, 1237.25 mana
281: 118.1 dps, 1540 hp, 1237.25 mana
282: torpor tick
282: pox tick
282: nife tick
282: epic tick
282: torrent tick
282: 122.1 dps, 1859 hp, 1246.25 mana
283: startcast epic
283: 121.6 dps, 1859 hp, 1246.25 mana
284: 121.2 dps, 1859 hp, 1246.25 mana
285: 120.8 dps, 1859 hp, 1246.25 mana
286: 120.4 dps, 1859 hp, 1246.25 mana
287: 119.9 dps, 1859 hp, 1246.25 mana
288: torpor tick
288: nife tick
288: torrent tick
288: 123.1 dps, 2178 hp, 1255.25 mana
289: 122.7 dps, 2178 hp, 1255.25 mana
290: 122.3 dps, 2178 hp, 1255.25 mana
291: 121.9 dps, 2178 hp, 1255.25 mana
292: finished casting epic
292: 121.4 dps, 2178 hp, 1255.25 mana
293: startcast pox
293: 121.0 dps, 2178 hp, 1255.25 mana
294: torpor tick
294: nife tick
294: epic tick
294: 121.7 dps, 2497 hp, 1264.25 mana
295: 121.3 dps, 2497 hp, 1264.25 mana
296: 120.9 dps, 2497 hp, 1264.25 mana
297: 120.5 dps, 2497 hp, 1264.25 mana
298: finished casting pox
298: 120.1 dps, 2497 hp, 894.5 mana
299: 119.7 dps, 2497 hp, 894.5 mana
300: pox tick
300: nife tick
300: epic tick
300: 120.7 dps, 2516 hp, 903.5 mana
301: startcast torrent
301: 120.3 dps, 2516 hp, 903.5 mana
302: 119.9 dps, 2516 hp, 903.5 mana
303: 119.5 dps, 2516 hp, 903.5 mana
304: 119.1 dps, 2516 hp, 903.5 mana
305: 118.8 dps, 2516 hp, 903.5 mana
306: pox tick
306: nife tick
306: epic tick
306: 119.8 dps, 2535 hp, 912.5 mana
307: 119.4 dps, 2535 hp, 912.5 mana
308: finished casting torrent
308: 119.0 dps, 2535 hp, 589.5 mana
309: 118.6 dps, 2535 hp, 589.5 mana
310: 118.2 dps, 2535 hp, 589.5 mana
311: startcast cann4
311: 117.9 dps, 2535 hp, 589.5 mana
312: pox tick
312: nife tick
312: epic tick
312: torrent tick
312: 121.5 dps, 2554 hp, 598.5 mana
313: 121.1 dps, 2554 hp, 598.5 mana
314: cann4 tick
314: finished casting cann4
314: 120.7 dps, 2406 hp, 680.5 mana
315: 120.3 dps, 2406 hp, 680.5 mana
316: startcast cann4
316: 119.9 dps, 2406 hp, 680.5 mana
317: 119.6 dps, 2406 hp, 680.5 mana
318: pox tick
318: nife tick
318: epic tick
318: torrent tick
318: 123.1 dps, 2425 hp, 689.5 mana
319: cann4 tick
319: finished casting cann4
319: 122.7 dps, 2277 hp, 771.5 mana
320: 122.3 dps, 2277 hp, 771.5 mana
321: startcast torrent
321: 122.0 dps, 2277 hp, 771.5 mana
322: 121.6 dps, 2277 hp, 771.5 mana
323: 121.2 dps, 2277 hp, 771.5 mana
324: pox tick
324: nife tick
324: epic tick
324: 122.2 dps, 2296 hp, 780.5 mana
325: 121.8 dps, 2296 hp, 780.5 mana
326: 121.4 dps, 2296 hp, 780.5 mana
327: 121.1 dps, 2296 hp, 780.5 mana
328: finished casting torrent
328: 120.7 dps, 2296 hp, 457.5 mana
329: 120.3 dps, 2296 hp, 457.5 mana
330: pox tick
330: epic tick
330: torrent tick
330: 123.0 dps, 2315 hp, 466.5 mana
331: startcast nife
331: 122.7 dps, 2315 hp, 466.5 mana
332: 122.3 dps, 2315 hp, 466.5 mana
333: 121.9 dps, 2315 hp, 466.5 mana
334: 121.6 dps, 2315 hp, 466.5 mana
335: 121.2 dps, 2315 hp, 466.5 mana
336: pox tick
336: epic tick
336: torrent tick
336: finished casting nife
336: 123.9 dps, 2334 hp, 114.25 mana
337: 123.5 dps, 2334 hp, 114.25 mana
338: 123.1 dps, 2334 hp, 114.25 mana
339: startcast cann4
339: 122.8 dps, 2334 hp, 114.25 mana
340: 122.4 dps, 2334 hp, 114.25 mana
341: 122.0 dps, 2334 hp, 114.25 mana
342: pox tick
342: nife tick
342: epic tick
342: cann4 tick
342: finished casting cann4
342: 123.0 dps, 2205 hp, 205.25 mana
343: 122.6 dps, 2205 hp, 205.25 mana
344: startcast cann4
344: 122.3 dps, 2205 hp, 205.25 mana
345: 121.9 dps, 2205 hp, 205.25 mana
346: 121.5 dps, 2205 hp, 205.25 mana
347: cann4 tick
347: finished casting cann4
347: 121.2 dps, 2057 hp, 287.25 mana
348: pox tick
348: nife tick
348: epic tick
348: 122.1 dps, 2076 hp, 296.25 mana
349: startcast cann4
349: 121.7 dps, 2076 hp, 296.25 mana
350: 121.4 dps, 2076 hp, 296.25 mana
351: 121.1 dps, 2076 hp, 296.25 mana
352: cann4 tick
352: finished casting cann4
352: 120.7 dps, 1928 hp, 378.25 mana
353: 120.4 dps, 1928 hp, 378.25 mana
354: pox tick
354: nife tick
354: epic tick
354: startcast torpor
354: 121.3 dps, 1947 hp, 387.25 mana
355: 120.9 dps, 1947 hp, 387.25 mana
356: 120.6 dps, 1947 hp, 387.25 mana
357: 120.2 dps, 1947 hp, 387.25 mana
358: finished casting torpor
358: 119.9 dps, 1947 hp, 217.25 mana
359: 119.6 dps, 1947 hp, 217.25 mana
360: torpor tick
360: pox tick
360: nife tick
360: epic tick
360: 120.5 dps, 2266 hp, 226.25 mana
361: startcast cann4
361: 120.1 dps, 2266 hp, 226.25 mana
362: 119.8 dps, 2266 hp, 226.25 mana
363: 119.5 dps, 2266 hp, 226.25 mana
364: cann4 tick
364: finished casting cann4
364: 119.1 dps, 2118 hp, 308.25 mana
365: 118.8 dps, 2118 hp, 308.25 mana
366: torpor tick
366: pox tick
366: nife tick
366: epic tick
366: startcast cann4
366: 119.7 dps, 2437 hp, 317.25 mana
367: 119.3 dps, 2437 hp, 317.25 mana
368: 119.0 dps, 2437 hp, 317.25 mana
369: cann4 tick
369: finished casting cann4
369: 118.7 dps, 2289 hp, 399.25 mana
370: 118.4 dps, 2289 hp, 399.25 mana
371: startcast torrent
371: 118.1 dps, 2289 hp, 399.25 mana
372: torpor tick
372: pox tick
372: nife tick
372: epic tick
372: 118.9 dps, 2608 hp, 408.25 mana
373: 118.6 dps, 2608 hp, 408.25 mana
374: 118.3 dps, 2608 hp, 408.25 mana
375: 118.0 dps, 2608 hp, 408.25 mana
376: 117.7 dps, 2608 hp, 408.25 mana
377: 117.3 dps, 2608 hp, 408.25 mana
378: torpor tick
378: pox tick
378: nife tick
378: finished casting torrent
378: 117.9 dps, 2927 hp, 94.25 mana
379: 117.6 dps, 2927 hp, 94.25 mana
380: 117.3 dps, 2927 hp, 94.25 mana
381: startcast epic
381: 117.0 dps, 2927 hp, 94.25 mana
382: 116.7 dps, 2927 hp, 94.25 mana
383: 116.4 dps, 2927 hp, 94.25 mana
384: torpor tick
384: pox tick
384: nife tick
384: torrent tick
384: 119.1 dps, 3246 hp, 103.25 mana
385: 118.8 dps, 3246 hp, 103.25 mana
386: 118.5 dps, 3246 hp, 103.25 mana
387: 118.2 dps, 3246 hp, 103.25 mana
388: 117.9 dps, 3246 hp, 103.25 mana
389: 117.6 dps, 3246 hp, 103.25 mana
390: torpor tick
390: pox tick
390: nife tick
390: torrent tick
390: finished casting epic
390: 120.2 dps, 3565 hp, 112.25 mana
391: startcast cann4
391: 119.9 dps, 3565 hp, 112.25 mana
392: 119.6 dps, 3565 hp, 112.25 mana
393: 119.3 dps, 3565 hp, 112.25 mana
394: cann4 tick
394: finished casting cann4
394: 119.0 dps, 3417 hp, 194.25 mana
395: 118.7 dps, 3417 hp, 194.25 mana
396: pox tick
396: epic tick
396: startcast cann4
396: 118.9 dps, 3436 hp, 203.25 mana
397: 118.6 dps, 3436 hp, 203.25 mana
398: 118.3 dps, 3436 hp, 203.25 mana
399: cann4 tick
399: finished casting cann4
399: 118.0 dps, 3288 hp, 285.25 mana
400: 117.8 dps, 3288 hp, 285.25 mana
401: startcast cann4
401: 117.5 dps, 3288 hp, 285.25 mana
402: pox tick
402: epic tick
402: 117.7 dps, 3307 hp, 294.25 mana
403: 117.4 dps, 3307 hp, 294.25 mana
404: cann4 tick
404: finished casting cann4
404: 117.1 dps, 3159 hp, 376.25 mana
405: 116.8 dps, 3159 hp, 376.25 mana
406: startcast cann4
406: 116.5 dps, 3159 hp, 376.25 mana
407: 116.2 dps, 3159 hp, 376.25 mana
408: pox tick
408: epic tick
408: 116.5 dps, 3178 hp, 385.25 mana
409: cann4 tick
409: finished casting cann4
409: 116.2 dps, 3030 hp, 467.25 mana
410: 115.9 dps, 3030 hp, 467.25 mana
411: startcast nife
411: 115.6 dps, 3030 hp, 467.25 mana
412: 115.3 dps, 3030 hp, 467.25 mana
413: 115.0 dps, 3030 hp, 467.25 mana
414: pox tick
414: epic tick
414: 115.3 dps, 3049 hp, 476.25 mana
415: 115.0 dps, 3049 hp, 476.25 mana
416: finished casting nife
416: 114.7 dps, 3049 hp, 115 mana
417: 114.4 dps, 3049 hp, 115 mana
418: 114.2 dps, 3049 hp, 115 mana
419: startcast cann4
419: 113.9 dps, 3049 hp, 115 mana
420: pox tick
420: nife tick
420: epic tick
420: 114.7 dps, 3068 hp, 124 mana
421: 114.4 dps, 3068 hp, 124 mana
422: cann4 tick
422: finished casting cann4
422: 114.1 dps, 2920 hp, 206 mana
423: 113.8 dps, 2920 hp, 206 mana
424: startcast cann4
424: 113.6 dps, 2920 hp, 206 mana
425: 113.3 dps, 2920 hp, 206 mana
426: nife tick
426: epic tick
426: 113.8 dps, 2939 hp, 215 mana
427: cann4 tick
427: finished casting cann4
427: 113.5 dps, 2791 hp, 297 mana
428: 113.3 dps, 2791 hp, 297 mana
429: startcast cann4
429: 113.0 dps, 2791 hp, 297 mana
430: 112.7 dps, 2791 hp, 297 mana
431: 112.5 dps, 2791 hp, 297 mana
432: nife tick
432: epic tick
432: cann4 tick
432: finished casting cann4
432: 113.0 dps, 2662 hp, 388 mana
433: 112.7 dps, 2662 hp, 388 mana
434: startcast torrent
434: 112.4 dps, 2662 hp, 388 mana
435: 112.2 dps, 2662 hp, 388 mana
436: 111.9 dps, 2662 hp, 388 mana
437: 111.7 dps, 2662 hp, 388 mana
438: nife tick
438: epic tick
438: 112.1 dps, 2681 hp, 397 mana
439: 111.9 dps, 2681 hp, 397 mana
440: 111.6 dps, 2681 hp, 397 mana
441: finished casting torrent
441: 111.4 dps, 2681 hp, 74 mana
442: 111.1 dps, 2681 hp, 74 mana
443: 110.9 dps, 2681 hp, 74 mana
444: nife tick
444: epic tick
444: torrent tick
444: cann5 tick
444: finished casting cann5
444: startcast cann5
444: 113.2 dps, 776 hp, 1149 mana
445: startcast torpor
445: 112.9 dps, 776 hp, 1149 mana
446: 112.7 dps, 776 hp, 1149 mana
447: 112.4 dps, 776 hp, 1149 mana
448: 112.2 dps, 776 hp, 1149 mana
449: finished casting torpor
449: 111.9 dps, 776 hp, 979 mana
450: torpor tick
450: nife tick
450: epic tick
450: torrent tick
450: 114.2 dps, 1095 hp, 988 mana
451: 113.9 dps, 1095 hp, 988 mana
452: startcast pox
452: 113.7 dps, 1095 hp, 988 mana
453: 113.4 dps, 1095 hp, 988 mana
454: 113.2 dps, 1095 hp, 988 mana
455: 112.9 dps, 1095 hp, 988 mana
456: torpor tick
456: nife tick
456: epic tick
456: 113.4 dps, 1414 hp, 997 mana
457: finished casting pox
457: 113.1 dps, 1414 hp, 627.25 mana
458: 112.9 dps, 1414 hp, 627.25 mana
459: 112.6 dps, 1414 hp, 627.25 mana
460: startcast torrent
460: 112.4 dps, 1414 hp, 627.25 mana
461: 112.2 dps, 1414 hp, 627.25 mana
462: torpor tick
462: pox tick
462: nife tick
462: epic tick
462: 112.9 dps, 1733 hp, 636.25 mana
463: 112.6 dps, 1733 hp, 636.25 mana
464: 112.4 dps, 1733 hp, 636.25 mana
465: 112.1 dps, 1733 hp, 636.25 mana
466: 111.9 dps, 1733 hp, 636.25 mana
467: finished casting torrent
467: 111.6 dps, 1733 hp, 313.25 mana
468: torpor tick
468: pox tick
468: nife tick
468: epic tick
468: torrent tick
468: 114.1 dps, 2052 hp, 322.25 mana
469: 113.8 dps, 2052 hp, 322.25 mana
470: startcast cann4
470: 113.6 dps, 2052 hp, 322.25 mana
471: 113.3 dps, 2052 hp, 322.25 mana
472: 113.1 dps, 2052 hp, 322.25 mana
473: cann4 tick
473: finished casting cann4
473: 112.9 dps, 1904 hp, 404.25 mana
474: torpor tick
474: pox tick
474: epic tick
474: torrent tick
474: 114.8 dps, 2223 hp, 413.25 mana
475: startcast epic
475: 114.5 dps, 2223 hp, 413.25 mana
476: 114.3 dps, 2223 hp, 413.25 mana
477: 114.0 dps, 2223 hp, 413.25 mana
478: 113.8 dps, 2223 hp, 413.25 mana
479: 113.6 dps, 2223 hp, 413.25 mana
480: torpor tick
480: pox tick
480: 113.6 dps, 2542 hp, 422.25 mana
481: 113.3 dps, 2542 hp, 422.25 mana
482: 113.1 dps, 2542 hp, 422.25 mana
483: 112.9 dps, 2542 hp, 422.25 mana
484: finished casting epic
484: 112.6 dps, 2542 hp, 422.25 mana
485: startcast torrent
485: 112.4 dps, 2542 hp, 422.25 mana
486: pox tick
486: epic tick
486: 112.6 dps, 2561 hp, 431.25 mana
487: 112.4 dps, 2561 hp, 431.25 mana
488: 112.1 dps, 2561 hp, 431.25 mana
489: 111.9 dps, 2561 hp, 431.25 mana
490: 111.7 dps, 2561 hp, 431.25 mana
491: 111.5 dps, 2561 hp, 431.25 mana
492: pox tick
492: epic tick
492: finished casting torrent
492: 111.6 dps, 2580 hp, 117.25 mana
493: 111.4 dps, 2580 hp, 117.25 mana
494: 111.2 dps, 2580 hp, 117.25 mana
495: startcast cann4
495: 111.0 dps, 2580 hp, 117.25 mana
496: 110.7 dps, 2580 hp, 117.25 mana
497: 110.5 dps, 2580 hp, 117.25 mana
498: pox tick
498: epic tick
498: torrent tick
498: cann4 tick
498: finished casting cann4
498: 112.3 dps, 2451 hp, 208.25 mana
499: 112.1 dps, 2451 hp, 208.25 mana
500: startcast cann4
500: 111.9 dps, 2451 hp, 208.25 mana
501: 111.7 dps, 2451 hp, 208.25 mana
502: 111.4 dps, 2451 hp, 208.25 mana
503: cann4 tick
503: finished casting cann4
503: 111.2 dps, 2303 hp, 290.25 mana
504: pox tick
504: epic tick
504: torrent tick
504: 113.0 dps, 2322 hp, 299.25 mana
505: startcast cann4
505: 112.8 dps, 2322 hp, 299.25 mana
506: 112.6 dps, 2322 hp, 299.25 mana
507: 112.3 dps, 2322 hp, 299.25 mana
508: cann4 tick
508: finished casting cann4
508: 112.1 dps, 2174 hp, 381.25 mana
509: 111.9 dps, 2174 hp, 381.25 mana
510: pox tick
510: epic tick
510: startcast torrent
510: 112.1 dps, 2193 hp, 390.25 mana
511: 111.9 dps, 2193 hp, 390.25 mana
512: 111.7 dps, 2193 hp, 390.25 mana
513: 111.4 dps, 2193 hp, 390.25 mana
514: 111.2 dps, 2193 hp, 390.25 mana
515: 111.0 dps, 2193 hp, 390.25 mana
516: pox tick
516: epic tick
516: 111.2 dps, 2212 hp, 399.25 mana
517: finished casting torrent
517: 111.0 dps, 2212 hp, 76.25 mana
518: 110.8 dps, 2212 hp, 76.25 mana
519: 110.5 dps, 2212 hp, 76.25 mana
520: startcast cann4
520: 110.3 dps, 2212 hp, 76.25 mana
521: 110.1 dps, 2212 hp, 76.25 mana
522: pox tick
522: epic tick
522: torrent tick
522: 111.9 dps, 2231 hp, 85.25 mana
523: cann4 tick
523: finished casting cann4
523: 111.6 dps, 2083 hp, 167.25 mana
524: 111.4 dps, 2083 hp, 167.25 mana
525: startcast cann4
525: 111.2 dps, 2083 hp, 167.25 mana
526: 111.0 dps, 2083 hp, 167.25 mana
527: 110.8 dps, 2083 hp, 167.25 mana
528: pox tick
528: epic tick
528: torrent tick
528: cann4 tick
528: finished casting cann4
528: 112.5 dps, 1954 hp, 258.25 mana
529: 112.3 dps, 1954 hp, 258.25 mana
530: startcast torpor
530: 112.1 dps, 1954 hp, 258.25 mana
531: 111.9 dps, 1954 hp, 258.25 mana
532: 111.7 dps, 1954 hp, 258.25 mana
533: 111.5 dps, 1954 hp, 258.25 mana
534: pox tick
534: epic tick
534: finished casting torpor
534: 111.6 dps, 1973 hp, 97.25 mana
535: 111.4 dps, 1973 hp, 97.25 mana
536: 111.2 dps, 1973 hp, 97.25 mana
537: startcast cann4
537: 111.0 dps, 1973 hp, 97.25 mana
538: 110.8 dps, 1973 hp, 97.25 mana
539: 110.6 dps, 1973 hp, 97.25 mana
540: torpor tick
540: pox tick
540: epic tick
540: cann4 tick
540: finished casting cann4
540: 110.8 dps, 2144 hp, 188.25 mana
541: 110.6 dps, 2144 hp, 188.25 mana
542: startcast cann4
542: 110.4 dps, 2144 hp, 188.25 mana
543: 110.2 dps, 2144 hp, 188.25 mana
544: 110.0 dps, 2144 hp, 188.25 mana
545: cann4 tick
545: finished casting cann4
545: 109.8 dps, 1996 hp, 270.25 mana
546: torpor tick
546: pox tick
546: epic tick
546: 109.9 dps, 2315 hp, 279.25 mana
547: startcast cann4
547: 109.7 dps, 2315 hp, 279.25 mana
548: 109.5 dps, 2315 hp, 279.25 mana
549: 109.3 dps, 2315 hp, 279.25 mana
550: cann4 tick
550: finished casting cann4
550: 109.1 dps, 2167 hp, 361.25 mana
551: 108.9 dps, 2167 hp, 361.25 mana
552: torpor tick
552: pox tick
552: epic tick
552: startcast cann4
552: 109.1 dps, 2486 hp, 370.25 mana
553: 108.9 dps, 2486 hp, 370.25 mana
554: 108.7 dps, 2486 hp, 370.25 mana
555: cann4 tick
555: finished casting cann4
555: 108.5 dps, 2338 hp, 452.25 mana
556: 108.3 dps, 2338 hp, 452.25 mana
557: startcast nife
557: 108.1 dps, 2338 hp, 452.25 mana
558: torpor tick
558: pox tick
558: epic tick
558: 108.3 dps, 2657 hp, 461.25 mana
559: 108.1 dps, 2657 hp, 461.25 mana
560: 107.9 dps, 2657 hp, 461.25 mana
561: 107.7 dps, 2657 hp, 461.25 mana
562: finished casting nife
562: 107.5 dps, 2657 hp, 100 mana
563: 107.3 dps, 2657 hp, 100 mana
564: torpor tick
564: pox tick
564: nife tick
564: epic tick
564: 107.9 dps, 2976 hp, 109 mana
565: startcast epic
565: 107.7 dps, 2976 hp, 109 mana
566: 107.5 dps, 2976 hp, 109 mana
567: 107.4 dps, 2976 hp, 109 mana
568: 107.2 dps, 2976 hp, 109 mana
569: 107.0 dps, 2976 hp, 109 mana
570: torpor tick
570: pox tick
570: nife tick
570: 107.4 dps, 3295 hp, 118 mana
571: 107.2 dps, 3295 hp, 118 mana
572: 107.0 dps, 3295 hp, 118 mana
573: 106.8 dps, 3295 hp, 118 mana
574: finished casting epic
574: 106.6 dps, 3295 hp, 118 mana
575: startcast cann4
575: 106.5 dps, 3295 hp, 118 mana
576: pox tick
576: nife tick
576: epic tick
576: 107.0 dps, 3314 hp, 127 mana
577: 106.8 dps, 3314 hp, 127 mana
578: cann4 tick
578: finished casting cann4
578: 106.7 dps, 3166 hp, 209 mana
579: 106.5 dps, 3166 hp, 209 mana
580: startcast cann4
580: 106.3 dps, 3166 hp, 209 mana
581: 106.1 dps, 3166 hp, 209 mana
582: pox tick
582: nife tick
582: epic tick
582: 106.7 dps, 3185 hp, 218 mana
583: cann4 tick
583: finished casting cann4
583: 106.5 dps, 3037 hp, 300 mana
584: 106.3 dps, 3037 hp, 300 mana
585: startcast cann4
585: 106.1 dps, 3037 hp, 300 mana
586: 106.0 dps, 3037 hp, 300 mana
587: 105.8 dps, 3037 hp, 300 mana
588: nife tick
588: epic tick
588: cann4 tick
588: finished casting cann4
588: 106.1 dps, 2908 hp, 391 mana
589: 106.0 dps, 2908 hp, 391 mana
590: startcast torrent
590: 105.8 dps, 2908 hp, 391 mana
591: 105.6 dps, 2908 hp, 391 mana
592: 105.4 dps, 2908 hp, 391 mana
593: 105.2 dps, 2908 hp, 391 mana
594: nife tick
594: epic tick
594: 105.6 dps, 2927 hp, 400 mana
595: 105.4 dps, 2927 hp, 400 mana
596: 105.3 dps, 2927 hp, 400 mana
597: finished casting torrent
597: 105.1 dps, 2927 hp, 77 mana
598: 104.9 dps, 2927 hp, 77 mana
599: 104.7 dps, 2927 hp, 77 mana
600: nife tick
600: epic tick
600: torrent tick
600: startcast cann4
600: 106.4 dps, 2946 hp, 86 mana
601: 106.3 dps, 2946 hp, 86 mana
602: 106.1 dps, 2946 hp, 86 mana
603: cann4 tick
603: finished casting cann4
603: 105.9 dps, 2798 hp, 168 mana
604: 105.7 dps, 2798 hp, 168 mana
605: startcast cann4
605: 105.6 dps, 2798 hp, 168 mana
606: nife tick
606: epic tick
606: torrent tick
606: 107.2 dps, 2817 hp, 177 mana
607: 107.1 dps, 2817 hp, 177 mana
608: cann4 tick
608: finished casting cann4
608: 106.9 dps, 2669 hp, 259 mana
609: 106.7 dps, 2669 hp, 259 mana
610: startcast cann4
610: 106.5 dps, 2669 hp, 259 mana
611: 106.4 dps, 2669 hp, 259 mana
612: nife tick
612: epic tick
612: 106.7 dps, 2688 hp, 268 mana
613: cann4 tick
613: finished casting cann4
613: 106.5 dps, 2540 hp, 350 mana
614: 106.4 dps, 2540 hp, 350 mana
615: startcast cann4
615: 106.2 dps, 2540 hp, 350 mana
616: 106.0 dps, 2540 hp, 350 mana
617: 105.9 dps, 2540 hp, 350 mana
618: epic tick
618: cann4 tick
618: finished casting cann4
618: 105.8 dps, 2411 hp, 441 mana
619: 105.7 dps, 2411 hp, 441 mana
620: startcast nife
620: 105.5 dps, 2411 hp, 441 mana
621: 105.3 dps, 2411 hp, 441 mana
622: 105.2 dps, 2411 hp, 441 mana
623: 105.0 dps, 2411 hp, 441 mana
624: epic tick
624: 105.0 dps, 2430 hp, 450 mana
625: finished casting nife
625: 104.8 dps, 2430 hp, 88.75 mana
626: 104.6 dps, 2430 hp, 88.75 mana
627: 104.5 dps, 2430 hp, 88.75 mana
628: cann5 tick
628: finished casting cann5
628: startcast cann5
628: 104.3 dps, 506 hp, 1154.75 mana
629: startcast torpor
629: 104.1 dps, 506 hp, 1154.75 mana
630: nife tick
630: epic tick
630: 104.5 dps, 525 hp, 1163.75 mana
631: 104.3 dps, 525 hp, 1163.75 mana
632: 104.1 dps, 525 hp, 1163.75 mana
633: finished casting torpor
633: 104.0 dps, 525 hp, 993.75 mana
634: 103.8 dps, 525 hp, 993.75 mana
635: 103.6 dps, 525 hp, 993.75 mana
636: torpor tick
636: nife tick
636: epic tick
636: startcast pox
636: 104.0 dps, 844 hp, 1002.75 mana
637: 103.8 dps, 844 hp, 1002.75 mana
638: 103.7 dps, 844 hp, 1002.75 mana
639: 103.5 dps, 844 hp, 1002.75 mana
640: 103.3 dps, 844 hp, 1002.75 mana
641: finished casting pox
641: 103.2 dps, 844 hp, 633 mana
642: torpor tick
642: pox tick
642: nife tick
642: epic tick
642: 103.7 dps, 1163 hp, 642 mana
643: 103.5 dps, 1163 hp, 642 mana
644: startcast torrent
644: 103.4 dps, 1163 hp, 642 mana
645: 103.2 dps, 1163 hp, 642 mana
646: 103.1 dps, 1163 hp, 642 mana
647: 102.9 dps, 1163 hp, 642 mana
648: torpor tick
648: pox tick
648: nife tick
648: epic tick
648: 103.4 dps, 1482 hp, 651 mana
649: 103.3 dps, 1482 hp, 651 mana
650: 103.1 dps, 1482 hp, 651 mana
651: finished casting torrent
651: 102.9 dps, 1482 hp, 328 mana
652: 102.8 dps, 1482 hp, 328 mana
653: 102.6 dps, 1482 hp, 328 mana
654: torpor tick
654: pox tick
654: nife tick
654: epic tick
654: torrent tick
654: startcast epic
654: 104.4 dps, 1801 hp, 337 mana
655: 104.2 dps, 1801 hp, 337 mana
656: 104.1 dps, 1801 hp, 337 mana
657: 103.9 dps, 1801 hp, 337 mana
658: 103.7 dps, 1801 hp, 337 mana
659: 103.6 dps, 1801 hp, 337 mana
660: torpor tick
660: pox tick
660: nife tick
660: torrent tick
660: 105.2 dps, 2120 hp, 346 mana
661: 105.0 dps, 2120 hp, 346 mana
662: 104.9 dps, 2120 hp, 346 mana
663: finished casting epic
663: 104.7 dps, 2120 hp, 346 mana
664: startcast cann4
664: 104.5 dps, 2120 hp, 346 mana
665: 104.4 dps, 2120 hp, 346 mana
666: torpor tick
666: pox tick
666: nife tick
666: epic tick
666: 104.9 dps, 2439 hp, 355 mana
667: cann4 tick
667: finished casting cann4
667: 104.7 dps, 2291 hp, 437 mana
668: 104.6 dps, 2291 hp, 437 mana
669: startcast torrent
669: 104.4 dps, 2291 hp, 437 mana
670: 104.3 dps, 2291 hp, 437 mana
671: 104.1 dps, 2291 hp, 437 mana
672: pox tick
672: nife tick
672: epic tick
672: 104.6 dps, 2310 hp, 446 mana
673: 104.4 dps, 2310 hp, 446 mana
674: 104.3 dps, 2310 hp, 446 mana
675: 104.1 dps, 2310 hp, 446 mana
676: finished casting torrent
676: 104.0 dps, 2310 hp, 123 mana
677: 103.8 dps, 2310 hp, 123 mana
678: pox tick
678: nife tick
678: epic tick
678: torrent tick
678: 105.5 dps, 2329 hp, 132 mana
679: startcast cann4
679: 105.4 dps, 2329 hp, 132 mana
680: 105.2 dps, 2329 hp, 132 mana
681: 105.0 dps, 2329 hp, 132 mana
682: cann4 tick
682: finished casting cann4
682: 104.9 dps, 2181 hp, 214 mana
683: 104.7 dps, 2181 hp, 214 mana
684: pox tick
684: epic tick
684: torrent tick
684: startcast cann4
684: 106.1 dps, 2200 hp, 223 mana
685: 105.9 dps, 2200 hp, 223 mana
686: 105.8 dps, 2200 hp, 223 mana
687: cann4 tick
687: finished casting cann4
687: 105.6 dps, 2052 hp, 305 mana
688: 105.4 dps, 2052 hp, 305 mana
689: startcast cann4
689: 105.3 dps, 2052 hp, 305 mana
690: pox tick
690: epic tick
690: 105.4 dps, 2071 hp, 314 mana
691: 105.3 dps, 2071 hp, 314 mana
692: cann4 tick
692: finished casting cann4
692: 105.1 dps, 1923 hp, 396 mana
693: 105.0 dps, 1923 hp, 396 mana
694: startcast torpor
694: 104.8 dps, 1923 hp, 396 mana
695: 104.7 dps, 1923 hp, 396 mana
696: pox tick
696: epic tick
696: 104.8 dps, 1942 hp, 405 mana
697: 104.7 dps, 1942 hp, 405 mana
698: finished casting torpor
698: 104.5 dps, 1942 hp, 235 mana
699: 104.4 dps, 1942 hp, 235 mana
700: 104.2 dps, 1942 hp, 235 mana
701: startcast cann4
701: 104.1 dps, 1942 hp, 235 mana
702: torpor tick
702: pox tick
702: epic tick
702: 104.2 dps, 2261 hp, 244 mana
703: 104.1 dps, 2261 hp, 244 mana
704: cann4 tick
704: finished casting cann4
704: 103.9 dps, 2113 hp, 326 mana
705: 103.8 dps, 2113 hp, 326 mana
706: startcast cann4
706: 103.6 dps, 2113 hp, 326 mana
707: 103.5 dps, 2113 hp, 326 mana
708: torpor tick
708: pox tick
708: epic tick
708: 103.6 dps, 2432 hp, 335 mana
709: cann4 tick
709: finished casting cann4
709: 103.5 dps, 2284 hp, 417 mana
710: 103.3 dps, 2284 hp, 417 mana
711: startcast torrent
711: 103.2 dps, 2284 hp, 417 mana
712: 103.1 dps, 2284 hp, 417 mana
713: 102.9 dps, 2284 hp, 417 mana
714: torpor tick
714: pox tick
714: epic tick
714: 103.1 dps, 2603 hp, 426 mana
715: 102.9 dps, 2603 hp, 426 mana
716: 102.8 dps, 2603 hp, 426 mana
717: 102.6 dps, 2603 hp, 426 mana
718: finished casting torrent
718: 102.5 dps, 2603 hp, 103 mana
719: 102.3 dps, 2603 hp, 103 mana
720: torpor tick
720: pox tick
720: epic tick
720: torrent tick
720: 103.6 dps, 2922 hp, 112 mana
721: startcast cann4
721: 103.5 dps, 2922 hp, 112 mana
722: 103.3 dps, 2922 hp, 112 mana
723: 103.2 dps, 2922 hp, 112 mana
724: cann4 tick
724: finished casting cann4
724: 103.0 dps, 2774 hp, 194 mana
725: 102.9 dps, 2774 hp, 194 mana
726: torpor tick
726: pox tick
726: epic tick
726: torrent tick
726: startcast cann4
726: 104.1 dps, 3093 hp, 203 mana
727: 104.0 dps, 3093 hp, 203 mana
728: 103.9 dps, 3093 hp, 203 mana
729: cann4 tick
729: finished casting cann4
729: 103.7 dps, 2945 hp, 285 mana
730: 103.6 dps, 2945 hp, 285 mana
731: startcast cann4
731: 103.4 dps, 2945 hp, 285 mana
732: torpor tick
732: pox tick
732: epic tick
732: 103.6 dps, 3264 hp, 294 mana
733: 103.4 dps, 3264 hp, 294 mana
734: cann4 tick
734: finished casting cann4
734: 103.3 dps, 3116 hp, 376 mana
735: 103.2 dps, 3116 hp, 376 mana
736: startcast cann4
736: 103.0 dps, 3116 hp, 376 mana
737: 102.9 dps, 3116 hp, 376 mana
738: pox tick
738: epic tick
738: 103.0 dps, 3135 hp, 385 mana
739: cann4 tick
739: finished casting cann4
739: 102.9 dps, 2987 hp, 467 mana
740: 102.7 dps, 2987 hp, 467 mana
741: startcast nife
741: 102.6 dps, 2987 hp, 467 mana
742: 102.5 dps, 2987 hp, 467 mana
743: 102.3 dps, 2987 hp, 467 mana
744: pox tick
744: epic tick
744: 102.5 dps, 3006 hp, 476 mana
745: 102.3 dps, 3006 hp, 476 mana
746: finished casting nife
746: 102.2 dps, 3006 hp, 114.75 mana
747: 102.0 dps, 3006 hp, 114.75 mana
748: 101.9 dps, 3006 hp, 114.75 mana
749: startcast epic
749: 101.8 dps, 3006 hp, 114.75 mana
750: pox tick
750: nife tick
750: 102.1 dps, 3025 hp, 123.75 mana
751: 102.0 dps, 3025 hp, 123.75 mana
752: 101.8 dps, 3025 hp, 123.75 mana
753: 101.7 dps, 3025 hp, 123.75 mana
754: 101.6 dps, 3025 hp, 123.75 mana
755: 101.4 dps, 3025 hp, 123.75 mana
756: pox tick
756: nife tick
756: 101.7 dps, 3044 hp, 132.75 mana
757: 101.6 dps, 3044 hp, 132.75 mana
758: finished casting epic
758: 101.5 dps, 3044 hp, 132.75 mana
759: startcast cann4
759: 101.3 dps, 3044 hp, 132.75 mana
760: 101.2 dps, 3044 hp, 132.75 mana
761: 101.1 dps, 3044 hp, 132.75 mana
762: pox tick
762: nife tick
762: epic tick
762: cann4 tick
762: finished casting cann4
762: 101.5 dps, 2915 hp, 223.75 mana
763: 101.4 dps, 2915 hp, 223.75 mana
764: startcast cann4
764: 101.3 dps, 2915 hp, 223.75 mana
765: 101.1 dps, 2915 hp, 223.75 mana
766: 101.0 dps, 2915 hp, 223.75 mana
767: cann4 tick
767: finished casting cann4
767: 100.9 dps, 2767 hp, 305.75 mana
768: nife tick
768: epic tick
768: 101.1 dps, 2786 hp, 314.75 mana
769: startcast cann4
769: 101.0 dps, 2786 hp, 314.75 mana
770: 100.9 dps, 2786 hp, 314.75 mana
771: 100.7 dps, 2786 hp, 314.75 mana
772: cann4 tick
772: finished casting cann4
772: 100.6 dps, 2638 hp, 396.75 mana
773: 100.5 dps, 2638 hp, 396.75 mana
774: nife tick
774: epic tick
774: startcast torrent
774: 100.8 dps, 2657 hp, 405.75 mana
775: 100.6 dps, 2657 hp, 405.75 mana
776: 100.5 dps, 2657 hp, 405.75 mana
777: 100.4 dps, 2657 hp, 405.75 mana
778: 100.3 dps, 2657 hp, 405.75 mana
779: 100.1 dps, 2657 hp, 405.75 mana
780: nife tick
780: epic tick
780: 100.4 dps, 2676 hp, 414.75 mana
781: finished casting torrent
781: 100.3 dps, 2676 hp, 91.75 mana
782: 100.2 dps, 2676 hp, 91.75 mana
783: 100.0 dps, 2676 hp, 91.75 mana
784: startcast cann4
784: 99.9 dps, 2676 hp, 91.75 mana
785: 99.8 dps, 2676 hp, 91.75 mana
786: nife tick
786: epic tick
786: torrent tick
786: 101.1 dps, 2695 hp, 100.75 mana
787: cann4 tick
787: finished casting cann4
787: 101.0 dps, 2547 hp, 182.75 mana
788: 100.8 dps, 2547 hp, 182.75 mana
789: startcast cann4
789: 100.7 dps, 2547 hp, 182.75 mana
790: 100.6 dps, 2547 hp, 182.75 mana
791: 100.4 dps, 2547 hp, 182.75 mana
792: nife tick
792: epic tick
792: torrent tick
792: cann4 tick
792: finished casting cann4
792: 101.7 dps, 2418 hp, 273.75 mana
793: 101.6 dps, 2418 hp, 273.75 mana
794: startcast cann4
794: 101.5 dps, 2418 hp, 273.75 mana
795: 101.4 dps, 2418 hp, 273.75 mana
796: 101.2 dps, 2418 hp, 273.75 mana
797: cann4 tick
797: finished casting cann4
797: 101.1 dps, 2270 hp, 355.75 mana
798: nife tick
798: epic tick
798: 101.4 dps, 2289 hp, 364.75 mana
799: startcast cann4
799: 101.3 dps, 2289 hp, 364.75 mana
800: 101.1 dps, 2289 hp, 364.75 mana
801: 101.0 dps, 2289 hp, 364.75 mana
802: cann4 tick
802: finished casting cann4
802: 100.9 dps, 2141 hp, 446.75 mana
803: 100.8 dps, 2141 hp, 446.75 mana
804: epic tick
804: startcast nife
804: 100.7 dps, 2160 hp, 455.75 mana
805: 100.6 dps, 2160 hp, 455.75 mana
806: 100.5 dps, 2160 hp, 455.75 mana
807: 100.4 dps, 2160 hp, 455.75 mana
808: 100.2 dps, 2160 hp, 455.75 mana
809: finished casting nife
809: 100.1 dps, 2160 hp, 94.5 mana
810: nife tick
810: epic tick
810: 100.4 dps, 2179 hp, 103.5 mana
811: 100.3 dps, 2179 hp, 103.5 mana
812: cann5 tick
812: finished casting cann5
812: startcast cann5
812: 100.1 dps, 255 hp, 1169.5 mana
813: startcast torpor
813: 100.0 dps, 255 hp, 1169.5 mana
814: 99.9 dps, 255 hp, 1169.5 mana
815: 99.8 dps, 255 hp, 1169.5 mana
816: nife tick
816: epic tick
816: 100.0 dps, 274 hp, 1178.5 mana
817: finished casting torpor
817: 99.9 dps, 274 hp, 1008.5 mana
818: 99.8 dps, 274 hp, 1008.5 mana
819: 99.7 dps, 274 hp, 1008.5 mana
820: startcast pox
820: 99.6 dps, 274 hp, 1008.5 mana
821: 99.4 dps, 274 hp, 1008.5 mana
822: torpor tick
822: nife tick
822: epic tick
822: 99.7 dps, 593 hp, 1017.5 mana
823: 99.6 dps, 593 hp, 1017.5 mana
824: 99.5 dps, 593 hp, 1017.5 mana
825: finished casting pox
825: 99.3 dps, 593 hp, 647.75 mana
826: 99.2 dps, 593 hp, 647.75 mana
827: 99.1 dps, 593 hp, 647.75 mana
828: torpor tick
828: pox tick
828: nife tick
828: epic tick
828: startcast torrent
828: 99.5 dps, 912 hp, 656.75 mana
829: 99.4 dps, 912 hp, 656.75 mana
830: 99.3 dps, 912 hp, 656.75 mana
831: 99.2 dps, 912 hp, 656.75 mana
832: 99.0 dps, 912 hp, 656.75 mana
833: 98.9 dps, 912 hp, 656.75 mana
834: torpor tick
834: pox tick
834: nife tick
834: epic tick
834: 99.3 dps, 1231 hp, 665.75 mana
835: finished casting torrent
835: 99.2 dps, 1231 hp, 342.75 mana
836: 99.1 dps, 1231 hp, 342.75 mana
837: 99.0 dps, 1231 hp, 342.75 mana
838: startcast cann4
838: 98.8 dps, 1231 hp, 342.75 mana
839: 98.7 dps, 1231 hp, 342.75 mana
840: torpor tick
840: pox tick
840: nife tick
840: epic tick
840: torrent tick
840: 100.1 dps, 1550 hp, 351.75 mana
841: cann4 tick
841: finished casting cann4
841: 100.0 dps, 1402 hp, 433.75 mana
842: 99.9 dps, 1402 hp, 433.75 mana
843: startcast epic
843: 99.7 dps, 1402 hp, 433.75 mana
844: 99.6 dps, 1402 hp, 433.75 mana
845: 99.5 dps, 1402 hp, 433.75 mana
846: torpor tick
846: pox tick
846: nife tick
846: torrent tick
846: 100.7 dps, 1721 hp, 442.75 mana
847: 100.6 dps, 1721 hp, 442.75 mana
848: 100.5 dps, 1721 hp, 442.75 mana
849: 100.4 dps, 1721 hp, 442.75 mana
850: 100.3 dps, 1721 hp, 442.75 mana
851: 100.2 dps, 1721 hp, 442.75 mana
852: torpor tick
852: pox tick
852: nife tick
852: finished casting epic
852: 100.4 dps, 2040 hp, 451.75 mana
853: startcast torrent
853: 100.3 dps, 2040 hp, 451.75 mana
854: 100.2 dps, 2040 hp, 451.75 mana
855: 100.1 dps, 2040 hp, 451.75 mana
856: 100.0 dps, 2040 hp, 451.75 mana
857: 99.9 dps, 2040 hp, 451.75 mana
858: pox tick
858: nife tick
858: epic tick
858: 100.3 dps, 2059 hp, 460.75 mana
859: 100.1 dps, 2059 hp, 460.75 mana
860: finished casting torrent
860: 100.0 dps, 2059 hp, 137.75 mana
861: 99.9 dps, 2059 hp, 137.75 mana
862: 99.8 dps, 2059 hp, 137.75 mana
863: startcast cann4
863: 99.7 dps, 2059 hp, 137.75 mana
864: pox tick
864: epic tick
864: torrent tick
864: 100.7 dps, 2078 hp, 146.75 mana
865: 100.6 dps, 2078 hp, 146.75 mana
866: cann4 tick
866: finished casting cann4
866: 100.5 dps, 1930 hp, 228.75 mana
867: 100.4 dps, 1930 hp, 228.75 mana
868: startcast torpor
868: 100.3 dps, 1930 hp, 228.75 mana
869: 100.2 dps, 1930 hp, 228.75 mana
870: pox tick
870: epic tick
870: torrent tick
870: 101.2 dps, 1949 hp, 237.75 mana
871: 101.1 dps, 1949 hp, 237.75 mana
872: finished casting torpor
872: 101.0 dps, 1949 hp, 67.75 mana
873: 100.9 dps, 1949 hp, 67.75 mana
874: 100.7 dps, 1949 hp, 67.75 mana
875: startcast cann4
875: 100.6 dps, 1949 hp, 67.75 mana
876: torpor tick
876: pox tick
876: epic tick
876: 100.7 dps, 2268 hp, 76.75 mana
877: 100.6 dps, 2268 hp, 76.75 mana
878: cann4 tick
878: finished casting cann4
878: 100.5 dps, 2120 hp, 158.75 mana
879: 100.4 dps, 2120 hp, 158.75 mana
880: startcast cann4
880: 100.3 dps, 2120 hp, 158.75 mana
881: 100.2 dps, 2120 hp, 158.75 mana
882: torpor tick
882: pox tick
882: epic tick
882: 100.3 dps, 2439 hp, 167.75 mana
883: cann4 tick
883: finished casting cann4
883: 100.2 dps, 2291 hp, 249.75 mana
884: 100.1 dps, 2291 hp, 249.75 mana
885: startcast cann4
885: 100.0 dps, 2291 hp, 249.75 mana
886: 99.8 dps, 2291 hp, 249.75 mana
887: 99.7 dps, 2291 hp, 249.75 mana
888: torpor tick
888: pox tick
888: epic tick
888: cann4 tick
888: finished casting cann4
888: 99.8 dps, 2462 hp, 340.75 mana
889: 99.7 dps, 2462 hp, 340.75 mana
890: startcast cann4
890: 99.6 dps, 2462 hp, 340.75 mana
891: 99.5 dps, 2462 hp, 340.75 mana
892: 99.4 dps, 2462 hp, 340.75 mana
893: cann4 tick
893: finished casting cann4
893: 99.3 dps, 2314 hp, 422.75 mana
894: torpor tick
894: pox tick
894: epic tick
894: 99.4 dps, 2633 hp, 431.75 mana
895: startcast nife
895: 99.3 dps, 2633 hp, 431.75 mana
896: 99.2 dps, 2633 hp, 431.75 mana
897: 99.1 dps, 2633 hp, 431.75 mana
898: 99.0 dps, 2633 hp, 431.75 mana
899: 98.9 dps, 2633 hp, 431.75 mana
900: torpor tick
900: pox tick
900: epic tick
900: finished casting nife
900: 99.0 dps, 2952 hp, 79.5 mana
901: 98.9 dps, 2952 hp, 79.5 mana
902: 98.8 dps, 2952 hp, 79.5 mana
903: startcast cann4
903: 98.6 dps, 2952 hp, 79.5 mana
904: 98.5 dps, 2952 hp, 79.5 mana
905: 98.4 dps, 2952 hp, 79.5 mana
906: torpor tick
906: pox tick
906: nife tick
906: epic tick
906: cann4 tick
906: finished casting cann4
906: 98.8 dps, 3123 hp, 170.5 mana
907: 98.7 dps, 3123 hp, 170.5 mana
908: startcast cann4
908: 98.6 dps, 3123 hp, 170.5 mana
909: 98.5 dps, 3123 hp, 170.5 mana
910: 98.4 dps, 3123 hp, 170.5 mana
911: cann4 tick
911: finished casting cann4
911: 98.3 dps, 2975 hp, 252.5 mana
912: pox tick
912: nife tick
912: epic tick
912: 98.6 dps, 2994 hp, 261.5 mana
913: startcast cann4
913: 98.5 dps, 2994 hp, 261.5 mana
914: 98.4 dps, 2994 hp, 261.5 mana
915: 98.3 dps, 2994 hp, 261.5 mana
916: cann4 tick
916: finished casting cann4
916: 98.2 dps, 2846 hp, 343.5 mana
917: 98.1 dps, 2846 hp, 343.5 mana
918: pox tick
918: nife tick
918: epic tick
918: startcast cann4
918: 98.5 dps, 2865 hp, 352.5 mana
919: 98.4 dps, 2865 hp, 352.5 mana
920: 98.2 dps, 2865 hp, 352.5 mana
921: cann4 tick
921: finished casting cann4
921: 98.1 dps, 2717 hp, 434.5 mana
922: 98.0 dps, 2717 hp, 434.5 mana
923: startcast torrent
923: 97.9 dps, 2717 hp, 434.5 mana
924: pox tick
924: nife tick
924: epic tick
924: 98.3 dps, 2736 hp, 443.5 mana
925: 98.2 dps, 2736 hp, 443.5 mana
926: 98.1 dps, 2736 hp, 443.5 mana
927: 98.0 dps, 2736 hp, 443.5 mana
928: 97.9 dps, 2736 hp, 443.5 mana
929: 97.8 dps, 2736 hp, 443.5 mana
930: pox tick
930: nife tick
930: epic tick
930: finished casting torrent
930: 98.1 dps, 2755 hp, 129.5 mana
931: 98.0 dps, 2755 hp, 129.5 mana
932: 97.9 dps, 2755 hp, 129.5 mana
933: startcast cann4
933: 97.8 dps, 2755 hp, 129.5 mana
934: 97.7 dps, 2755 hp, 129.5 mana
935: 97.6 dps, 2755 hp, 129.5 mana
936: pox tick
936: nife tick
936: epic tick
936: torrent tick
936: cann4 tick
936: finished casting cann4
936: 98.8 dps, 2626 hp, 220.5 mana
937: 98.7 dps, 2626 hp, 220.5 mana
938: startcast epic
938: 98.6 dps, 2626 hp, 220.5 mana
939: 98.5 dps, 2626 hp, 220.5 mana
940: 98.4 dps, 2626 hp, 220.5 mana
941: 98.3 dps, 2626 hp, 220.5 mana
942: pox tick
942: nife tick
942: torrent tick
942: 99.4 dps, 2645 hp, 229.5 mana
943: 99.3 dps, 2645 hp, 229.5 mana
944: 99.2 dps, 2645 hp, 229.5 mana
945: 99.1 dps, 2645 hp, 229.5 mana
946: 99.0 dps, 2645 hp, 229.5 mana
947: finished casting epic
947: 98.9 dps, 2645 hp, 229.5 mana
948: pox tick
948: nife tick
948: epic tick
948: startcast cann4
948: 99.3 dps, 2664 hp, 238.5 mana
949: 99.2 dps, 2664 hp, 238.5 mana
950: 99.1 dps, 2664 hp, 238.5 mana
951: cann4 tick
951: finished casting cann4
951: 98.9 dps, 2516 hp, 320.5 mana
952: 98.8 dps, 2516 hp, 320.5 mana
953: startcast cann4
953: 98.7 dps, 2516 hp, 320.5 mana
954: nife tick
954: epic tick
954: 99.0 dps, 2535 hp, 329.5 mana
955: 98.9 dps, 2535 hp, 329.5 mana
956: cann4 tick
956: finished casting cann4
956: 98.8 dps, 2387 hp, 411.5 mana
957: 98.7 dps, 2387 hp, 411.5 mana
958: startcast torrent
958: 98.6 dps, 2387 hp, 411.5 mana
959: 98.5 dps, 2387 hp, 411.5 mana
960: epic tick
960: 98.4 dps, 2406 hp, 420.5 mana
961: 98.3 dps, 2406 hp, 420.5 mana
962: 98.2 dps, 2406 hp, 420.5 mana
963: 98.1 dps, 2406 hp, 420.5 mana
964: 98.0 dps, 2406 hp, 420.5 mana
965: finished casting torrent
965: 97.9 dps, 2406 hp, 97.5 mana
966: epic tick
966: torrent tick
966: 98.8 dps, 2425 hp, 106.5 mana
967: 98.7 dps, 2425 hp, 106.5 mana
968: startcast cann4
968: 98.6 dps, 2425 hp, 106.5 mana
969: 98.5 dps, 2425 hp, 106.5 mana
970: 98.4 dps, 2425 hp, 106.5 mana
971: cann4 tick
971: finished casting cann4
971: 98.3 dps, 2277 hp, 188.5 mana
972: epic tick
972: torrent tick
972: 99.1 dps, 2296 hp, 197.5 mana
973: startcast cann4
973: 99.0 dps, 2296 hp, 197.5 mana
974: 98.9 dps, 2296 hp, 197.5 mana
975: 98.8 dps, 2296 hp, 197.5 mana
976: cann4 tick
976: finished casting cann4
976: 98.7 dps, 2148 hp, 279.5 mana
977: 98.6 dps, 2148 hp, 279.5 mana
978: epic tick
978: startcast cann4
978: 98.6 dps, 2167 hp, 288.5 mana
979: 98.5 dps, 2167 hp, 288.5 mana
980: 98.4 dps, 2167 hp, 288.5 mana
981: cann4 tick
981: finished casting cann4
981: 98.3 dps, 2019 hp, 370.5 mana
982: 98.2 dps, 2019 hp, 370.5 mana
983: startcast cann4
983: 98.1 dps, 2019 hp, 370.5 mana
984: epic tick
984: 98.1 dps, 2038 hp, 379.5 mana
985: 98.0 dps, 2038 hp, 379.5 mana
986: cann4 tick
986: finished casting cann4
986: 97.9 dps, 1890 hp, 461.5 mana
987: 97.8 dps, 1890 hp, 461.5 mana
988: startcast torpor
988: 97.7 dps, 1890 hp, 461.5 mana
989: 97.6 dps, 1890 hp, 461.5 mana
990: epic tick
990: 97.6 dps, 1909 hp, 470.5 mana
991: 97.5 dps, 1909 hp, 470.5 mana
992: finished casting torpor
992: 97.4 dps, 1909 hp, 300.5 mana
993: 97.3 dps, 1909 hp, 300.5 mana
994: 97.2 dps, 1909 hp, 300.5 mana
995: cann5 tick
995: finished casting cann5
995: startcast cann5
995: 97.1 dps, -15 hp, 1366.5 mana
996: torpor tick
996: epic tick
996: startcast nife
996: 97.1 dps, 304 hp, 1375.5 mana
997: 97.0 dps, 304 hp, 1375.5 mana
998: 96.9 dps, 304 hp, 1375.5 mana
999: 96.8 dps, 304 hp, 1375.5 mana
1000: 96.7 dps, 304 hp, 1375.5 mana
1001: finished casting nife
1001: 96.6 dps, 304 hp, 1014.25 mana
1002: torpor tick
1002: nife tick
1002: epic tick
1002: 96.8 dps, 623 hp, 1023.25 mana
1003: 96.7 dps, 623 hp, 1023.25 mana
1004: startcast pox
1004: 96.6 dps, 623 hp, 1023.25 mana
1005: 96.5 dps, 623 hp, 1023.25 mana
1006: 96.4 dps, 623 hp, 1023.25 mana
1007: 96.3 dps, 623 hp, 1023.25 mana
1008: torpor tick
1008: nife tick
1008: epic tick
1008: 96.5 dps, 942 hp, 1032.25 mana
1009: finished casting pox
1009: 96.4 dps, 942 hp, 662.5 mana
1010: 96.4 dps, 942 hp, 662.5 mana
1011: 96.3 dps, 942 hp, 662.5 mana
1012: startcast torrent
1012: 96.2 dps, 942 hp, 662.5 mana
1013: 96.1 dps, 942 hp, 662.5 mana
1014: torpor tick
1014: pox tick
1014: nife tick
1014: epic tick
1014: 96.4 dps, 1261 hp, 671.5 mana
1015: 96.3 dps, 1261 hp, 671.5 mana
1016: 96.2 dps, 1261 hp, 671.5 mana
1017: 96.1 dps, 1261 hp, 671.5 mana
1018: 96.0 dps, 1261 hp, 671.5 mana
1019: finished casting torrent
1019: 95.9 dps, 1261 hp, 348.5 mana
1020: torpor tick
1020: pox tick
1020: nife tick
1020: epic tick
1020: torrent tick
1020: 97.1 dps, 1580 hp, 357.5 mana
1021: 97.0 dps, 1580 hp, 357.5 mana
1022: startcast cann4
1022: 96.9 dps, 1580 hp, 357.5 mana
1023: 96.8 dps, 1580 hp, 357.5 mana
1024: 96.7 dps, 1580 hp, 357.5 mana
1025: cann4 tick
1025: finished casting cann4
1025: 96.6 dps, 1432 hp, 439.5 mana
1026: torpor tick
1026: pox tick
1026: nife tick
1026: epic tick
1026: torrent tick
1026: 97.7 dps, 1751 hp, 448.5 mana
1027: startcast torpor
1027: 97.6 dps, 1751 hp, 448.5 mana
1028: 97.5 dps, 1751 hp, 448.5 mana
1029: 97.4 dps, 1751 hp, 448.5 mana
1030: 97.3 dps, 1751 hp, 448.5 mana
1031: finished casting torpor
1031: 97.2 dps, 1751 hp, 278.5 mana
1032: torpor tick
1032: pox tick
1032: nife tick
1032: 97.5 dps, 2070 hp, 287.5 mana
1033: 97.4 dps, 2070 hp, 287.5 mana
1034: startcast epic
1034: 97.3 dps, 2070 hp, 287.5 mana
1035: 97.2 dps, 2070 hp, 287.5 mana
1036: 97.1 dps, 2070 hp, 287.5 mana
1037: 97.0 dps, 2070 hp, 287.5 mana
1038: torpor tick
1038: pox tick
1038: nife tick
1038: 97.2 dps, 2389 hp, 296.5 mana
1039: 97.1 dps, 2389 hp, 296.5 mana
1040: 97.1 dps, 2389 hp, 296.5 mana
1041: 97.0 dps, 2389 hp, 296.5 mana
1042: 96.9 dps, 2389 hp, 296.5 mana
1043: finished casting epic
1043: 96.8 dps, 2389 hp, 296.5 mana
1044: torpor tick
1044: pox tick
1044: nife tick
1044: epic tick
1044: startcast cann4
1044: 97.1 dps, 2708 hp, 305.5 mana
1045: 97.0 dps, 2708 hp, 305.5 mana
1046: 96.9 dps, 2708 hp, 305.5 mana
1047: cann4 tick
1047: finished casting cann4
1047: 96.8 dps, 2560 hp, 387.5 mana
1048: 96.7 dps, 2560 hp, 387.5 mana
1049: startcast torrent
1049: 96.6 dps, 2560 hp, 387.5 mana
1050: torpor tick
1050: pox tick
1050: nife tick
1050: epic tick
1050: 97.0 dps, 2879 hp, 396.5 mana
1051: 96.9 dps, 2879 hp, 396.5 mana
1052: 96.8 dps, 2879 hp, 396.5 mana
1053: 96.7 dps, 2879 hp, 396.5 mana
1054: 96.6 dps, 2879 hp, 396.5 mana
1055: 96.5 dps, 2879 hp, 396.5 mana
1056: torpor tick
1056: pox tick
1056: epic tick
1056: finished casting torrent
1056: 96.6 dps, 3198 hp, 82.5 mana
1057: 96.5 dps, 3198 hp, 82.5 mana
1058: 96.4 dps, 3198 hp, 82.5 mana
1059: startcast cann4
1059: 96.3 dps, 3198 hp, 82.5 mana
1060: 96.2 dps, 3198 hp, 82.5 mana
1061: 96.2 dps, 3198 hp, 82.5 mana
1062: torpor tick
1062: pox tick
1062: epic tick
1062: torrent tick
1062: cann4 tick
1062: finished casting cann4
1062: 97.0 dps, 3369 hp, 173.5 mana
1063: 96.9 dps, 3369 hp, 173.5 mana
1064: startcast cann4
1064: 96.8 dps, 3369 hp, 173.5 mana
1065: 96.7 dps, 3369 hp, 173.5 mana
1066: 96.7 dps, 3369 hp, 173.5 mana
1067: cann4 tick
1067: finished casting cann4
1067: 96.6 dps, 3221 hp, 255.5 mana
1068: pox tick
1068: epic tick
1068: torrent tick
1068: 97.4 dps, 3240 hp, 264.5 mana
1069: startcast cann4
1069: 97.3 dps, 3240 hp, 264.5 mana
1070: 97.2 dps, 3240 hp, 264.5 mana
1071: 97.2 dps, 3240 hp, 264.5 mana
1072: cann4 tick
1072: finished casting cann4
1072: 97.1 dps, 3092 hp, 346.5 mana
1073: 97.0 dps, 3092 hp, 346.5 mana
1074: pox tick
1074: epic tick
1074: startcast cann4
1074: 97.1 dps, 3111 hp, 355.5 mana
1075: 97.0 dps, 3111 hp, 355.5 mana
1076: 96.9 dps, 3111 hp, 355.5 mana
1077: cann4 tick
1077: finished casting cann4
1077: 96.8 dps, 2963 hp, 437.5 mana
1078: 96.7 dps, 2963 hp, 437.5 mana
1079: startcast nife
1079: 96.6 dps, 2963 hp, 437.5 mana
1080: pox tick
1080: epic tick
1080: 96.7 dps, 2982 hp, 446.5 mana
1081: 96.6 dps, 2982 hp, 446.5 mana
1082: 96.5 dps, 2982 hp, 446.5 mana
1083: 96.5 dps, 2982 hp, 446.5 mana
1084: finished casting nife
1084: 96.4 dps, 2982 hp, 85.25 mana
1085: 96.3 dps, 2982 hp, 85.25 mana
1086: pox tick
1086: nife tick
1086: epic tick
1086: 96.6 dps, 3001 hp, 94.25 mana
1087: startcast cann4
1087: 96.5 dps, 3001 hp, 94.25 mana
1088: 96.4 dps, 3001 hp, 94.25 mana
1089: 96.3 dps, 3001 hp, 94.25 mana
1090: cann4 tick
1090: finished casting cann4
1090: 96.2 dps, 2853 hp, 176.25 mana
1091: 96.1 dps, 2853 hp, 176.25 mana
1092: pox tick
1092: nife tick
1092: epic tick
1092: startcast cann4
1092: 96.5 dps, 2872 hp, 185.25 mana
1093: 96.4 dps, 2872 hp, 185.25 mana
1094: 96.3 dps, 2872 hp, 185.25 mana
1095: cann4 tick
1095: finished casting cann4
1095: 96.2 dps, 2724 hp, 267.25 mana
1096: 96.1 dps, 2724 hp, 267.25 mana
1097: startcast cann4
1097: 96.0 dps, 2724 hp, 267.25 mana
1098: pox tick
1098: nife tick
1098: epic tick
1098: 96.3 dps, 2743 hp, 276.25 mana
1099: 96.2 dps, 2743 hp, 276.25 mana
1100: cann4 tick
1100: finished casting cann4
1100: 96.2 dps, 2595 hp, 358.25 mana
1101: 96.1 dps, 2595 hp, 358.25 mana
1102: startcast cann4
1102: 96.0 dps, 2595 hp, 358.25 mana
1103: 95.9 dps, 2595 hp, 358.25 mana
1104: pox tick
1104: nife tick
1104: epic tick
1104: 96.2 dps, 2614 hp, 367.25 mana
1105: cann4 tick
1105: finished casting cann4
1105: 96.1 dps, 2466 hp, 449.25 mana
1106: 96.0 dps, 2466 hp, 449.25 mana
1107: startcast torrent
1107: 95.9 dps, 2466 hp, 449.25 mana
1108: 95.9 dps, 2466 hp, 449.25 mana
1109: 95.8 dps, 2466 hp, 449.25 mana
1110: pox tick
1110: nife tick
1110: epic tick
1110: 96.1 dps, 2485 hp, 458.25 mana
1111: 96.0 dps, 2485 hp, 458.25 mana
1112: 95.9 dps, 2485 hp, 458.25 mana
1113: 95.8 dps, 2485 hp, 458.25 mana
1114: finished casting torrent
1114: 95.7 dps, 2485 hp, 135.25 mana
1115: 95.6 dps, 2485 hp, 135.25 mana
1116: pox tick
1116: nife tick
1116: epic tick
1116: torrent tick
1116: 96.7 dps, 2504 hp, 144.25 mana
1117: startcast cann4
1117: 96.6 dps, 2504 hp, 144.25 mana
1118: 96.5 dps, 2504 hp, 144.25 mana
1119: 96.4 dps, 2504 hp, 144.25 mana
1120: cann4 tick
1120: finished casting cann4
1120: 96.3 dps, 2356 hp, 226.25 mana
1121: 96.2 dps, 2356 hp, 226.25 mana
1122: pox tick
1122: nife tick
1122: epic tick
1122: torrent tick
1122: startcast epic
1122: 97.3 dps, 2375 hp, 235.25 mana
1123: 97.2 dps, 2375 hp, 235.25 mana
1124: 97.1 dps, 2375 hp, 235.25 mana
1125: 97.0 dps, 2375 hp, 235.25 mana
1126: 96.9 dps, 2375 hp, 235.25 mana
1127: 96.8 dps, 2375 hp, 235.25 mana
1128: pox tick
1128: nife tick
1128: 97.1 dps, 2394 hp, 244.25 mana
1129: 97.0 dps, 2394 hp, 244.25 mana
1130: 96.9 dps, 2394 hp, 244.25 mana
1131: finished casting epic
1131: 96.8 dps, 2394 hp, 244.25 mana
1132: startcast cann4
1132: 96.7 dps, 2394 hp, 244.25 mana
1133: 96.6 dps, 2394 hp, 244.25 mana
1134: pox tick
1134: nife tick
1134: epic tick
1134: 96.9 dps, 2413 hp, 253.25 mana
1135: cann4 tick
1135: finished casting cann4
1135: 96.8 dps, 2265 hp, 335.25 mana
1136: 96.8 dps, 2265 hp, 335.25 mana
1137: startcast cann4
1137: 96.7 dps, 2265 hp, 335.25 mana
1138: 96.6 dps, 2265 hp, 335.25 mana
1139: 96.5 dps, 2265 hp, 335.25 mana
1140: epic tick
1140: cann4 tick
1140: finished casting cann4
1140: 96.5 dps, 2136 hp, 426.25 mana
1141: 96.4 dps, 2136 hp, 426.25 mana
1142: startcast nife
1142: 96.3 dps, 2136 hp, 426.25 mana
1143: 96.2 dps, 2136 hp, 426.25 mana
1144: 96.2 dps, 2136 hp, 426.25 mana
1145: 96.1 dps, 2136 hp, 426.25 mana
1146: epic tick
1146: 96.1 dps, 2155 hp, 435.25 mana
1147: finished casting nife
1147: 96.0 dps, 2155 hp, 74 mana
1148: 95.9 dps, 2155 hp, 74 mana
1149: 95.8 dps, 2155 hp, 74 mana
1150: startcast cann4
1150: 95.7 dps, 2155 hp, 74 mana
1151: 95.7 dps, 2155 hp, 74 mana
1152: nife tick
1152: epic tick
1152: 95.9 dps, 2174 hp, 83 mana
1153: cann4 tick
1153: finished casting cann4
1153: 95.8 dps, 2026 hp, 165 mana
1154: 95.7 dps, 2026 hp, 165 mana
1155: startcast cann4
1155: 95.6 dps, 2026 hp, 165 mana
1156: 95.5 dps, 2026 hp, 165 mana
1157: 95.4 dps, 2026 hp, 165 mana
1158: nife tick
1158: epic tick
1158: cann4 tick
1158: finished casting cann4
1158: 95.6 dps, 1897 hp, 256 mana
1159: 95.5 dps, 1897 hp, 256 mana
1160: startcast torpor
1160: 95.5 dps, 1897 hp, 256 mana
1161: 95.4 dps, 1897 hp, 256 mana
1162: 95.3 dps, 1897 hp, 256 mana
1163: 95.2 dps, 1897 hp, 256 mana
1164: nife tick
1164: epic tick
1164: finished casting torpor
1164: 95.4 dps, 1916 hp, 95 mana
1165: 95.3 dps, 1916 hp, 95 mana
1166: 95.3 dps, 1916 hp, 95 mana
1167: startcast cann4
1167: 95.2 dps, 1916 hp, 95 mana
1168: 95.1 dps, 1916 hp, 95 mana
1169: 95.0 dps, 1916 hp, 95 mana
1170: torpor tick
1170: nife tick
1170: epic tick
1170: cann4 tick
1170: finished casting cann4
1170: 95.2 dps, 2087 hp, 186 mana
1171: 95.1 dps, 2087 hp, 186 mana
1172: startcast cann4
1172: 95.0 dps, 2087 hp, 186 mana
1173: 95.0 dps, 2087 hp, 186 mana
1174: 94.9 dps, 2087 hp, 186 mana
1175: cann4 tick
1175: finished casting cann4
1175: 94.8 dps, 1939 hp, 268 mana
1176: torpor tick
1176: nife tick
1176: epic tick
1176: 95.0 dps, 2258 hp, 277 mana
1177: cann5 tick
1177: finished casting cann5
1177: startcast cann5
1177: 94.9 dps, 334 hp, 1343 mana
1178: startcast pox
1178: 94.8 dps, 334 hp, 1343 mana
1179: 94.7 dps, 334 hp, 1343 mana
1180: 94.7 dps, 334 hp, 1343 mana
1181: 94.6 dps, 334 hp, 1343 mana
1182: torpor tick
1182: nife tick
1182: epic tick
1182: 94.8 dps, 653 hp, 1352 mana
1183: finished casting pox
1183: 94.7 dps, 653 hp, 982.25 mana
1184: 94.6 dps, 653 hp, 982.25 mana
1185: 94.5 dps, 653 hp, 982.25 mana
1186: startcast torrent
1186: 94.5 dps, 653 hp, 982.25 mana
1187: 94.4 dps, 653 hp, 982.25 mana
1188: torpor tick
1188: pox tick
1188: nife tick
1188: epic tick
1188: 94.7 dps, 972 hp, 991.25 mana
1189: 94.6 dps, 972 hp, 991.25 mana
1190: 94.5 dps, 972 hp, 991.25 mana
1191: 94.4 dps, 972 hp, 991.25 mana
1192: 94.3 dps, 972 hp, 991.25 mana
1193: finished casting torrent
1193: 94.3 dps, 972 hp, 668.25 mana
1194: torpor tick
1194: pox tick
1194: nife tick
1194: epic tick
1194: torrent tick
1194: 95.2 dps, 1291 hp, 677.25 mana
1195: 95.2 dps, 1291 hp, 677.25 mana
1196: startcast cann4
1196: 95.1 dps, 1291 hp, 677.25 mana
1197: 95.0 dps, 1291 hp, 677.25 mana
1198: 94.9 dps, 1291 hp, 677.25 mana
1199: cann4 tick
1199: finished casting cann4
1199: 94.8 dps, 1143 hp, 759.25 mana
1200: torpor tick
1200: pox tick
1200: nife tick
1200: epic tick
1200: torrent tick
1200: 95.8 dps, 1462 hp, 768.25 mana
