2002.06.07 08:52 B C:\Documents and Settings\wcsadm\Desktop\photos\People Photos\arathor_dancing.gif <-- rr /home/gamecore/photos/People Photos arathor_dancing.gif
2002.06.07 08:52 B C:\Documents and Settings\wcsadm\Desktop\photos\People Photos\arathor_dancing.jpg <-- rr /home/gamecore/photos/People Photos arathor_dancing.jpg
2002.06.07 08:52 B C:\Documents and Settings\wcsadm\Desktop\photos\People Photos\arathor_swingin.jpg <-- rr /home/gamecore/photos/People Photos arathor_swingin.jpg
2002.06.07 08:52 B C:\Documents and Settings\wcsadm\Desktop\photos\People Photos\azalin-kollette-aragorn_oes.jpg <-- rr /home/gamecore/photos/People Photos azalin-kollette-aragorn_oes.jpg
2002.06.07 08:52 B C:\Documents and Settings\wcsadm\Desktop\photos\People Photos\azalin-kollette_oes.jpg <-- rr /home/gamecore/photos/People Photos azalin-kollette_oes.jpg
2002.06.07 08:52 B C:\Documents and Settings\wcsadm\Desktop\photos\People Photos\azlana_mugshot.jpg <-- rr /home/gamecore/photos/People Photos azlana_mugshot.jpg
2002.06.07 08:52 B C:\Documents and Settings\wcsadm\Desktop\photos\People Photos\balt-son.jpg <-- rr /home/gamecore/photos/People Photos balt-son.jpg
2002.06.07 08:52 B C:\Documents and Settings\wcsadm\Desktop\photos\People Photos\baltazir and Isabeau.jpg <-- rr /home/gamecore/photos/People Photos baltazir and Isabeau.jpg
2002.06.07 08:52 B C:\Documents and Settings\wcsadm\Desktop\photos\People Photos\brandon_bethany_penaden.jpg <-- rr /home/gamecore/photos/People Photos brandon_bethany_penaden.jpg
2002.06.07 08:52 B C:\Documents and Settings\wcsadm\Desktop\photos\People Photos\brown.jpg <-- rr /home/gamecore/photos/People Photos brown.jpg
2002.06.07 08:52 B C:\Documents and Settings\wcsadm\Desktop\photos\People Photos\buzztour2.jpg <-- rr /home/gamecore/photos/People Photos buzztour2.jpg
2002.06.07 08:52 B C:\Documents and Settings\wcsadm\Desktop\photos\People Photos\CalanandSon.jpg <-- rr /home/gamecore/photos/People Photos CalanandSon.jpg
2002.06.07 08:52 B C:\Documents and Settings\wcsadm\Desktop\photos\People Photos\CHRIS3.gif <-- rr /home/gamecore/photos/People Photos CHRIS3.gif
2002.06.07 08:52 B C:\Documents and Settings\wcsadm\Desktop\photos\People Photos\chris_mugshot.gif <-- rr /home/gamecore/photos/People Photos chris_mugshot.gif
2002.06.07 08:52 B C:\Documents and Settings\wcsadm\Desktop\photos\People Photos\dargo_mugshot.jpg <-- rr /home/gamecore/photos/People Photos dargo_mugshot.jpg
2002.06.07 08:52 B C:\Documents and Settings\wcsadm\Desktop\photos\People Photos\deaco1.jpg <-- rr /home/gamecore/photos/People Photos deaco1.jpg
2002.06.07 08:52 B C:\Documents and Settings\wcsadm\Desktop\photos\People Photos\deaco2.jpg <-- rr /home/gamecore/photos/People Photos deaco2.jpg
2002.06.07 08:52 B C:\Documents and Settings\wcsadm\Desktop\photos\People Photos\deargandwife.jpg <-- rr /home/gamecore/photos/People Photos deargandwife.jpg
2002.06.07 08:52 B C:\Documents and Settings\wcsadm\Desktop\photos\People Photos\elader_patrick.jpg <-- rr /home/gamecore/photos/People Photos elader_patrick.jpg
2002.06.07 08:52 B C:\Documents and Settings\wcsadm\Desktop\photos\People Photos\enosh_santiago.gif <-- rr /home/gamecore/photos/People Photos enosh_santiago.gif
2002.06.07 08:52 B C:\Documents and Settings\wcsadm\Desktop\photos\People Photos\ghoti.jpg <-- rr /home/gamecore/photos/People Photos ghoti.jpg
2002.06.07 08:52 B C:\Documents and Settings\wcsadm\Desktop\photos\People Photos\ghoti2.jpg <-- rr /home/gamecore/photos/People Photos ghoti2.jpg
2002.06.07 08:52 B C:\Documents and Settings\wcsadm\Desktop\photos\People Photos\Gwenneth_and_hubby.jpg <-- rr /home/gamecore/photos/People Photos Gwenneth_and_hubby.jpg
2002.06.07 08:52 B C:\Documents and Settings\wcsadm\Desktop\photos\People Photos\gwenneth_dearlord_wow.jpg <-- rr /home/gamecore/photos/People Photos gwenneth_dearlord_wow.jpg
2002.06.07 08:52 B C:\Documents and Settings\wcsadm\Desktop\photos\People Photos\gwenneth_michelle_wowsa.jpg <-- rr /home/gamecore/photos/People Photos gwenneth_michelle_wowsa.jpg
2002.06.07 08:52 B C:\Documents and Settings\wcsadm\Desktop\photos\People Photos\jen1.jpg <-- rr /home/gamecore/photos/People Photos jen1.jpg
2002.06.07 08:52 B C:\Documents and Settings\wcsadm\Desktop\photos\People Photos\jen_and_trav_rhianon.jpg <-- rr /home/gamecore/photos/People Photos jen_and_trav_rhianon.jpg
2002.06.07 08:52 B C:\Documents and Settings\wcsadm\Desktop\photos\People Photos\jenni_mugshot.jpg <-- rr /home/gamecore/photos/People Photos jenni_mugshot.jpg
2002.06.07 08:52 B C:\Documents and Settings\wcsadm\Desktop\photos\People Photos\julie_brigadier_cyrssi.jpg <-- rr /home/gamecore/photos/People Photos julie_brigadier_cyrssi.jpg
2002.06.07 08:52 B C:\Documents and Settings\wcsadm\Desktop\photos\People Photos\Kat_Halloween.JPG <-- rr /home/gamecore/photos/People Photos Kat_Halloween.JPG
2002.06.07 08:52 B C:\Documents and Settings\wcsadm\Desktop\photos\People Photos\ken_and_michelle.jpg <-- rr /home/gamecore/photos/People Photos ken_and_michelle.jpg
2002.06.07 08:52 B C:\Documents and Settings\wcsadm\Desktop\photos\People Photos\khalil_ted_cool.jpg <-- rr /home/gamecore/photos/People Photos khalil_ted_cool.jpg
2002.06.07 08:52 B C:\Documents and Settings\wcsadm\Desktop\photos\People Photos\khalil_usmc_ball.jpg <-- rr /home/gamecore/photos/People Photos khalil_usmc_ball.jpg
2002.06.07 08:52 B C:\Documents and Settings\wcsadm\Desktop\photos\People Photos\kingtaz.jpg <-- rr /home/gamecore/photos/People Photos kingtaz.jpg
2002.06.07 08:52 B C:\Documents and Settings\wcsadm\Desktop\photos\People Photos\kollette_oes.jpg <-- rr /home/gamecore/photos/People Photos kollette_oes.jpg
2002.06.07 08:52 B C:\Documents and Settings\wcsadm\Desktop\photos\People Photos\kromeus_piano.gif <-- rr /home/gamecore/photos/People Photos kromeus_piano.gif
2002.06.07 08:52 B C:\Documents and Settings\wcsadm\Desktop\photos\People Photos\lichbane_calimaryn.jpg <-- rr /home/gamecore/photos/People Photos lichbane_calimaryn.jpg
2002.06.07 08:52 B C:\Documents and Settings\wcsadm\Desktop\photos\People Photos\namelessone_hanging.jpg <-- rr /home/gamecore/photos/People Photos namelessone_hanging.jpg
2002.06.07 08:52 B C:\Documents and Settings\wcsadm\Desktop\photos\People Photos\namelessone_pirates.jpg <-- rr /home/gamecore/photos/People Photos namelessone_pirates.jpg
2002.06.07 08:52 B C:\Documents and Settings\wcsadm\Desktop\photos\People Photos\nevyn_and_wife.jpg <-- rr /home/gamecore/photos/People Photos nevyn_and_wife.jpg
2002.06.07 08:52 B C:\Documents and Settings\wcsadm\Desktop\photos\People Photos\nodens_mugshot.gif <-- rr /home/gamecore/photos/People Photos nodens_mugshot.gif
2002.06.07 08:52 B C:\Documents and Settings\wcsadm\Desktop\photos\People Photos\palehorse.jpg <-- rr /home/gamecore/photos/People Photos palehorse.jpg
2002.06.07 08:52 B C:\Documents and Settings\wcsadm\Desktop\photos\People Photos\precious.jpg <-- rr /home/gamecore/photos/People Photos precious.jpg
2002.06.07 08:52 B C:\Documents and Settings\wcsadm\Desktop\photos\People Photos\Rachelle_the_hot_mama_jama.jpg <-- rr /home/gamecore/photos/People Photos Rachelle_the_hot_mama_jama.jpg
2002.06.07 08:52 B C:\Documents and Settings\wcsadm\Desktop\photos\People Photos\seph1.jpg <-- rr /home/gamecore/photos/People Photos seph1.jpg
2002.06.07 08:52 B C:\Documents and Settings\wcsadm\Desktop\photos\People Photos\seph2.jpg <-- rr /home/gamecore/photos/People Photos seph2.jpg
2002.06.07 08:52 B C:\Documents and Settings\wcsadm\Desktop\photos\People Photos\Vizier1.jpg <-- rr /home/gamecore/photos/People Photos Vizier1.jpg
2002.06.07 08:52 B C:\Documents and Settings\wcsadm\Desktop\photos\People Photos\Vizier2.jpg <-- rr /home/gamecore/photos/People Photos Vizier2.jpg
2002.06.07 08:56 B C:\Documents and Settings\wcsadm\Desktop\photos\People Photos\arathor_dancing.gif --> www.oceancomputer.com /usr/home/brimstone/photos/People Photos arathor_dancing.gif
2002.06.07 08:56 B C:\Documents and Settings\wcsadm\Desktop\photos\People Photos\arathor_dancing.jpg --> www.oceancomputer.com /usr/home/brimstone/photos/People Photos arathor_dancing.jpg
2002.06.07 08:56 B C:\Documents and Settings\wcsadm\Desktop\photos\People Photos\arathor_swingin.jpg --> www.oceancomputer.com /usr/home/brimstone/photos/People Photos arathor_swingin.jpg
2002.06.07 08:56 B C:\Documents and Settings\wcsadm\Desktop\photos\People Photos\azalin-kollette-aragorn_oes.jpg --> www.oceancomputer.com /usr/home/brimstone/photos/People Photos azalin-kollette-aragorn_oes.jpg
2002.06.07 08:56 B C:\Documents and Settings\wcsadm\Desktop\photos\People Photos\azalin-kollette_oes.jpg --> www.oceancomputer.com /usr/home/brimstone/photos/People Photos azalin-kollette_oes.jpg
2002.06.07 08:56 B C:\Documents and Settings\wcsadm\Desktop\photos\People Photos\azlana_mugshot.jpg --> www.oceancomputer.com /usr/home/brimstone/photos/People Photos azlana_mugshot.jpg
2002.06.07 08:56 B C:\Documents and Settings\wcsadm\Desktop\photos\People Photos\balt-son.jpg --> www.oceancomputer.com /usr/home/brimstone/photos/People Photos balt-son.jpg
2002.06.07 08:56 B C:\Documents and Settings\wcsadm\Desktop\photos\People Photos\baltazir and Isabeau.jpg --> www.oceancomputer.com /usr/home/brimstone/photos/People Photos baltazir and Isabeau.jpg
2002.06.07 08:56 B C:\Documents and Settings\wcsadm\Desktop\photos\People Photos\brandon_bethany_penaden.jpg --> www.oceancomputer.com /usr/home/brimstone/photos/People Photos brandon_bethany_penaden.jpg
2002.06.07 08:56 B C:\Documents and Settings\wcsadm\Desktop\photos\People Photos\brown.jpg --> www.oceancomputer.com /usr/home/brimstone/photos/People Photos brown.jpg
2002.06.07 08:56 B C:\Documents and Settings\wcsadm\Desktop\photos\People Photos\buzztour2.jpg --> www.oceancomputer.com /usr/home/brimstone/photos/People Photos buzztour2.jpg
2002.06.07 08:56 B C:\Documents and Settings\wcsadm\Desktop\photos\People Photos\CalanandSon.jpg --> www.oceancomputer.com /usr/home/brimstone/photos/People Photos CalanandSon.jpg
2002.06.07 08:56 B C:\Documents and Settings\wcsadm\Desktop\photos\People Photos\CHRIS3.gif --> www.oceancomputer.com /usr/home/brimstone/photos/People Photos CHRIS3.gif
2002.06.07 08:56 B C:\Documents and Settings\wcsadm\Desktop\photos\People Photos\chris_mugshot.gif --> www.oceancomputer.com /usr/home/brimstone/photos/People Photos chris_mugshot.gif
2002.06.07 08:56 B C:\Documents and Settings\wcsadm\Desktop\photos\People Photos\dargo_mugshot.jpg --> www.oceancomputer.com /usr/home/brimstone/photos/People Photos dargo_mugshot.jpg
2002.06.07 08:56 B C:\Documents and Settings\wcsadm\Desktop\photos\People Photos\deaco1.jpg --> www.oceancomputer.com /usr/home/brimstone/photos/People Photos deaco1.jpg
2002.06.07 08:56 B C:\Documents and Settings\wcsadm\Desktop\photos\People Photos\deaco2.jpg --> www.oceancomputer.com /usr/home/brimstone/photos/People Photos deaco2.jpg
2002.06.07 08:56 B C:\Documents and Settings\wcsadm\Desktop\photos\People Photos\deargandwife.jpg --> www.oceancomputer.com /usr/home/brimstone/photos/People Photos deargandwife.jpg
2002.06.07 08:56 B C:\Documents and Settings\wcsadm\Desktop\photos\People Photos\elader_patrick.jpg --> www.oceancomputer.com /usr/home/brimstone/photos/People Photos elader_patrick.jpg
2002.06.07 08:56 B C:\Documents and Settings\wcsadm\Desktop\photos\People Photos\enosh_santiago.gif --> www.oceancomputer.com /usr/home/brimstone/photos/People Photos enosh_santiago.gif
2002.06.07 08:56 B C:\Documents and Settings\wcsadm\Desktop\photos\People Photos\ghoti.jpg --> www.oceancomputer.com /usr/home/brimstone/photos/People Photos ghoti.jpg
2002.06.07 08:56 B C:\Documents and Settings\wcsadm\Desktop\photos\People Photos\ghoti2.jpg --> www.oceancomputer.com /usr/home/brimstone/photos/People Photos ghoti2.jpg
2002.06.07 08:56 B C:\Documents and Settings\wcsadm\Desktop\photos\People Photos\Gwenneth_and_hubby.jpg --> www.oceancomputer.com /usr/home/brimstone/photos/People Photos Gwenneth_and_hubby.jpg
2002.06.07 08:56 B C:\Documents and Settings\wcsadm\Desktop\photos\People Photos\gwenneth_dearlord_wow.jpg --> www.oceancomputer.com /usr/home/brimstone/photos/People Photos gwenneth_dearlord_wow.jpg
2002.06.07 08:56 B C:\Documents and Settings\wcsadm\Desktop\photos\People Photos\gwenneth_michelle_wowsa.jpg --> www.oceancomputer.com /usr/home/brimstone/photos/People Photos gwenneth_michelle_wowsa.jpg
2002.06.07 08:56 B C:\Documents and Settings\wcsadm\Desktop\photos\People Photos\jen1.jpg --> www.oceancomputer.com /usr/home/brimstone/photos/People Photos jen1.jpg
2002.06.07 08:56 B C:\Documents and Settings\wcsadm\Desktop\photos\People Photos\jen_and_trav_rhianon.jpg --> www.oceancomputer.com /usr/home/brimstone/photos/People Photos jen_and_trav_rhianon.jpg
2002.06.07 08:56 B C:\Documents and Settings\wcsadm\Desktop\photos\People Photos\jenni_mugshot.jpg --> www.oceancomputer.com /usr/home/brimstone/photos/People Photos jenni_mugshot.jpg
2002.06.07 08:56 B C:\Documents and Settings\wcsadm\Desktop\photos\People Photos\julie_brigadier_cyrssi.jpg --> www.oceancomputer.com /usr/home/brimstone/photos/People Photos julie_brigadier_cyrssi.jpg
2002.06.07 08:56 B C:\Documents and Settings\wcsadm\Desktop\photos\People Photos\Kat_Halloween.JPG --> www.oceancomputer.com /usr/home/brimstone/photos/People Photos Kat_Halloween.JPG
2002.06.07 08:56 B C:\Documents and Settings\wcsadm\Desktop\photos\People Photos\ken_and_michelle.jpg --> www.oceancomputer.com /usr/home/brimstone/photos/People Photos ken_and_michelle.jpg
2002.06.07 08:56 B C:\Documents and Settings\wcsadm\Desktop\photos\People Photos\khalil_ted_cool.jpg --> www.oceancomputer.com /usr/home/brimstone/photos/People Photos khalil_ted_cool.jpg
2002.06.07 08:56 B C:\Documents and Settings\wcsadm\Desktop\photos\People Photos\khalil_usmc_ball.jpg --> www.oceancomputer.com /usr/home/brimstone/photos/People Photos khalil_usmc_ball.jpg
2002.06.07 08:56 B C:\Documents and Settings\wcsadm\Desktop\photos\People Photos\kingtaz.jpg --> www.oceancomputer.com /usr/home/brimstone/photos/People Photos kingtaz.jpg
2002.06.07 08:56 B C:\Documents and Settings\wcsadm\Desktop\photos\People Photos\kollette_oes.jpg --> www.oceancomputer.com /usr/home/brimstone/photos/People Photos kollette_oes.jpg
2002.06.07 08:56 B C:\Documents and Settings\wcsadm\Desktop\photos\People Photos\kromeus_piano.gif --> www.oceancomputer.com /usr/home/brimstone/photos/People Photos kromeus_piano.gif
2002.06.07 08:56 B C:\Documents and Settings\wcsadm\Desktop\photos\People Photos\lichbane_calimaryn.jpg --> www.oceancomputer.com /usr/home/brimstone/photos/People Photos lichbane_calimaryn.jpg
2002.06.07 08:56 B C:\Documents and Settings\wcsadm\Desktop\photos\People Photos\namelessone_hanging.jpg --> www.oceancomputer.com /usr/home/brimstone/photos/People Photos namelessone_hanging.jpg
2002.06.07 08:56 B C:\Documents and Settings\wcsadm\Desktop\photos\People Photos\namelessone_pirates.jpg --> www.oceancomputer.com /usr/home/brimstone/photos/People Photos namelessone_pirates.jpg
2002.06.07 08:56 B C:\Documents and Settings\wcsadm\Desktop\photos\People Photos\nevyn_and_wife.jpg --> www.oceancomputer.com /usr/home/brimstone/photos/People Photos nevyn_and_wife.jpg
2002.06.07 08:56 B C:\Documents and Settings\wcsadm\Desktop\photos\People Photos\nodens_mugshot.gif --> www.oceancomputer.com /usr/home/brimstone/photos/People Photos nodens_mugshot.gif
2002.06.07 08:56 B C:\Documents and Settings\wcsadm\Desktop\photos\People Photos\palehorse.jpg --> www.oceancomputer.com /usr/home/brimstone/photos/People Photos palehorse.jpg
2002.06.07 08:56 B C:\Documents and Settings\wcsadm\Desktop\photos\People Photos\precious.jpg --> www.oceancomputer.com /usr/home/brimstone/photos/People Photos precious.jpg
2002.06.07 08:56 B C:\Documents and Settings\wcsadm\Desktop\photos\People Photos\Rachelle_the_hot_mama_jama.jpg --> www.oceancomputer.com /usr/home/brimstone/photos/People Photos Rachelle_the_hot_mama_jama.jpg
2002.06.07 08:56 B C:\Documents and Settings\wcsadm\Desktop\photos\People Photos\seph1.jpg --> www.oceancomputer.com /usr/home/brimstone/photos/People Photos seph1.jpg
2002.06.07 08:56 B C:\Documents and Settings\wcsadm\Desktop\photos\People Photos\seph2.jpg --> www.oceancomputer.com /usr/home/brimstone/photos/People Photos seph2.jpg
2002.06.07 08:56 B C:\Documents and Settings\wcsadm\Desktop\photos\People Photos\Vizier1.jpg --> www.oceancomputer.com /usr/home/brimstone/photos/People Photos Vizier1.jpg
2002.06.07 08:56 B C:\Documents and Settings\wcsadm\Desktop\photos\People Photos\Vizier2.jpg --> www.oceancomputer.com /usr/home/brimstone/photos/People Photos Vizier2.jpg
