949785376::Adamantite Band::<a href="http://gameznet.com/eq/equipment/adamring.html">More</a>::0::::::::::::::::75::::::::::::-10::0.1::::yes::yes::yes::yes::yes::yes::yes::yes::yes::yes::yes::yes::yes::yes::yes::yes::yes::yes::yes::yes::yes::yes::yes::yes::yes::yes::::admin
949785412::Antiqued Silver Ring::<a href="http://gameznet.com/eq/equipment/antiquedsilverring.html">More</a>::2::::::::::::::::::::::::::::::0.1::::yes::yes::yes::yes::yes::yes::yes::yes::yes::yes::yes::yes::yes::yes::yes::yes::yes::yes::yes::yes::yes::yes::yes::yes::yes::yes::::admin
949785452::Azure Ruby Ring::<a href="http://gameznet.com/eq/equipment/azurerubyring.html">More</a>::5::6::6::9::::::::::::::::::::::::0.1::::yes::::::::::::::::::::::::::::yes::yes::yes::yes::yes::yes::yes::yes::yes::yes::yes::yes::::admin
949785519::Band of Rodcet Nife::<a href="http://gameznet.com/eq/equipment/bandrodcetknife.html">More</a>::0::::::::::3::::::::10::::::::::::0.1::::yes::::yes::yes::::yes::yes::yes::yes::::::yes::yes::yes::yes::yes::yes::yes::yes::yes::yes::yes::yes::yes::yes::yes::::admin
949785550::Clawed Knuckle Ring::<a href="http://gameznet.com/eq/equipment/EQ-Clawed.Knuckle-Ring.html">More</a>::0::::::::::::::::20::::::::::::::0.1::::yes::yes::yes::yes::yes::yes::yes::yes::yes::yes::yes::yes::yes::yes::yes::yes::yes::yes::yes::yes::yes::yes::yes::yes::yes::yes::::admin
949785620::Crystal Ring::<a href="http://www.gameznet.com/eq/equipment/crystalring.html">More</a>::2::::::::::::::::7::::::::::::::0.1::::yes::yes::yes::yes::yes::yes::yes::yes::yes::yes::yes::yes::yes::yes::yes::yes::yes::yes::yes::yes::yes::yes::yes::yes::yes::yes::::admin
949785645::Cuthroat Insignia Ring::<a href="http://gameznet.com/eq/equipment/EQ-Cutthroat.Insignia.Ring.html">More</a>::1::::::2::::::::::::::::::::::::0.1::::yes::yes::yes::yes::yes::yes::yes::yes::yes::yes::yes::yes::yes::yes::yes::yes::yes::yes::yes::yes::yes::yes::yes::yes::yes::yes::::admin
949785675::Djarns Amethyst Ring::<a href="http://gameznet.com/eq/equipment/djarnsamethystring.html">More</a>::0::::::::9::::::::80::::::::::::::0.1::::yes::yes::yes::yes::yes::yes::yes::yes::yes::yes::yes::yes::yes::yes::yes::yes::yes::yes::yes::yes::yes::yes::yes::yes::yes::yes::::admin
949785698::Flesh Band::<a href="http://gameznet.com/eq/equipment/EQ-Flesh.Band.html">More</a>::0::2::::::::::::::::::::::::::::0.1::::yes::yes::yes::yes::yes::yes::yes::yes::yes::yes::yes::yes::yes::yes::yes::yes::yes::yes::yes::yes::yes::yes::yes::yes::yes::yes::::admin
949785726::Glimmer Ring::<a href="http://gameznet.com/eq/equipment/glimmerring.html">More</a>::0::::::::::2::::::::::::::::::::0.1::Gate::yes::yes::yes::yes::yes::yes::yes::yes::yes::yes::yes::yes::yes::yes::yes::yes::yes::yes::yes::yes::yes::yes::yes::yes::yes::yes::::admin
949785761::Glowing Stone Band::<a href="http://gameznet.com/eq/equipment/glowstoneband.html">More</a>::2::::::::::::::::::::::::::::::0.1::Serpent Sight::yes::yes::yes::yes::yes::yes::yes::yes::yes::yes::yes::yes::yes::yes::yes::yes::yes::yes::yes::yes::yes::yes::yes::yes::yes::yes::::admin
949785791::Gold Carnelian Wedding Ring::<a href="http://gameznet.com/eq/equipment/goldcarnelianwedring.html">More</a>::0::::::::5::::::::::::::::::::::0.1::::yes::yes::yes::yes::yes::yes::yes::yes::yes::yes::yes::yes::yes::yes::yes::yes::yes::yes::yes::yes::yes::yes::yes::yes::yes::yes::::admin
949785819::Jaded Silver Ring::<a href="http://gameznet.com/eq/equipment/EQ-Jaded.Silver.Ring.html">More</a>::0::::::::::::::::::5::::::::::::0.1::::yes::yes::yes::yes::yes::yes::yes::yes::yes::yes::yes::yes::yes::yes::yes::yes::yes::yes::yes::yes::yes::yes::yes::yes::yes::yes::::admin
949785843::Jagged Band::<a href="http://gameznet.com/eq/equipment/jaggedband.html">More</a>::5::3::::::::::::::::::::::::::::0.1::::yes::yes::yes::yes::yes::yes::yes::yes::yes::yes::yes::yes::yes::yes::yes::yes::yes::yes::yes::yes::yes::yes::yes::yes::yes::yes::::admin
949785869::Limestone Ring::<a href="http://gameznet.com/eq/equipment/limestonering.html">More</a>::0::::::::::::::::5::::::::::::::0.1::::yes::yes::yes::yes::yes::yes::yes::yes::yes::yes::yes::yes::yes::yes::yes::yes::yes::yes::yes::yes::yes::yes::yes::yes::yes::yes::::admin
949785895::Moonstone Ring::<a href="http://gameznet.com/eq/equipment/moonstonering.html">More</a>::0::3::::::::::::::::30::::::::::::0.1::::yes::yes::yes::yes::yes::yes::yes::yes::yes::yes::yes::yes::yes::yes::yes::yes::yes::yes::yes::yes::yes::yes::yes::yes::yes::yes::::admin
949785927::Obsidian Ring::<a href="http://gameznet.com/eq/equipment/obsidianring.html">More</a>::3::::::3::::::::::10::::::::::::::0.1::::yes::yes::yes::yes::yes::yes::yes::yes::yes::yes::yes::yes::yes::yes::yes::yes::yes::yes::yes::yes::yes::yes::yes::yes::yes::yes::::admin
949785951::Onyx Ring::<a href="http://gameznet.com/eq/equipment/EQ-Onyx.Ring.html">More</a>::0::::::::::::::::5::::::::::::::0.1::::yes::yes::yes::yes::yes::yes::yes::yes::yes::yes::yes::yes::yes::yes::yes::yes::yes::yes::yes::yes::yes::yes::yes::yes::yes::yes::::admin
949785982::Platinum Jacinth Wedding Ring::<a href="http://gameznet.com/eq/equipment/platjacinthwedring.html">More</a>::0::::::::::::::::::::::::::::13::0.1::::yes::yes::yes::yes::yes::yes::yes::yes::yes::yes::yes::yes::yes::yes::yes::yes::yes::yes::yes::yes::yes::yes::yes::yes::yes::yes::::admin
949786024::Platinum Ring::<a href="http://gameznet.com/eq/equipment/platinumring.html">More</a>::0::::::::1::::::-1::::::::::::::::0.1::::yes::yes::yes::yes::yes::yes::yes::yes::yes::yes::yes::yes::yes::yes::yes::yes::yes::yes::yes::yes::yes::yes::yes::yes::yes::yes::::admin
949786057::Platinum Skull Ring::<a href="http://gameznet.com/eq/equipment/platinumskullring.html">More</a>::0::::::::::::::-5::30::20::::::::::::0.1::::yes::yes::yes::yes::yes::yes::yes::yes::yes::yes::yes::yes::yes::yes::yes::yes::yes::yes::yes::yes::yes::yes::yes::yes::yes::yes::::admin
949786083::Reed Ring::<a href="http://gameznet.com/eq/equipment/reedring.html">More</a>::0::::::2::::::::::10::::::::::::::0.1::::yes::yes::yes::yes::yes::yes::yes::yes::yes::yes::yes::yes::yes::yes::yes::yes::yes::yes::yes::yes::yes::yes::yes::yes::yes::yes::::admin
949786111::Rat Shaped Ring::<a href="http://gameznet.com/eq/equipment/EQ-Rat.Shaped.Ring.html">More</a>::0::::::::::::::::::::::::10::10::::0.1::::yes::::::::::yes::::yes::::::::::::::yes::yes::yes::yes::yes::yes::yes::yes::yes::yes::yes::yes::::admin
949786204::Ring of Goblin Lords::<a href="http://gameznet.com/eq/equipment/ringgoblinlords.html">More</a>::4::3::::::::3::::::::::::::::::::0.1::::yes::yes::yes::yes::yes::yes::yes::yes::yes::yes::yes::yes::yes::yes::yes::yes::yes::yes::yes::yes::yes::yes::yes::yes::yes::yes::::admin
949786236::Ring of Shadows::<a href="http://www.gameznet.com/eq/equipment/ringofshadows.html">More</a>::0::::::2::::::::::::::::::::::::0.1::Gather Shadows::yes::yes::yes::yes::yes::yes::yes::yes::yes::yes::yes::yes::yes::yes::yes::yes::yes::yes::yes::yes::yes::yes::yes::yes::yes::yes::::admin
949786274::Ring of the Dead::<a href="http://www.gameznet.com/eq/equipment/ringofdead.html">More</a>::0::::::::::::::::::::::::::::::0.1::Bind Affinity::::::::::yes::::::::::::yes::::::::::yes::::::::::::::::::::::::admin
949786345::Ring of Xorbb::<a href="http://gameznet.com/eq/equipment/ringofxorbb.htm">More</a>::2::::::::::3::3::::::::::::::::::0.1::::yes::yes::yes::yes::yes::yes::yes::yes::yes::yes::yes::yes::yes::yes::yes::yes::yes::yes::yes::yes::yes::yes::yes::yes::yes::yes::::admin
949786425::Runners Ring::<a href="http://www.gameznet.com/eq/equipment/runnersring.html">More</a>::0::::2::::2::::::::::::::::::::::0.1::::yes::yes::yes::yes::yes::yes::yes::yes::yes::yes::yes::yes::yes::yes::yes::yes::yes::yes::yes::yes::yes::yes::yes::yes::yes::yes::::admin
949786517::Scarab Ring::<a href="http://gameznet.com/eq/equipment/EQ-Scarab.Ring.html">More</a>::2::::::::::::::::::::2::2::2::2::2::0.1::::yes::yes::yes::yes::yes::yes::yes::yes::yes::yes::yes::yes::yes::yes::yes::yes::yes::yes::yes::yes::yes::yes::yes::yes::yes::yes::::admin
949786547::Ring of Slime::<a href="http://gameznet.com/eq/equipment/slimering.html">More</a>::0::::::::::::::::::10::::::::::::0.1::::yes::::::yes::yes::yes::yes::yes::yes::yes::yes::yes::yes::yes::yes::yes::yes::yes::yes::yes::yes::yes::yes::yes::yes::yes::::admin
949786641::Squad Ring::<a href="http://gameznet.com/eq/equipment/EQ-Squad.Ring.html">More</a>::0::::::::::::::::::::::::::::::0.1::Healing::yes::yes::yes::yes::yes::yes::yes::yes::yes::yes::yes::yes::yes::yes::yes::yes::yes::yes::yes::yes::yes::yes::yes::yes::yes::yes::::admin
949786684::Water Ring::<a href="http://gameznet.com/eq/equipment/waterring.html">More</a>::2::::::::::::::::::::::::::::::0.1::::::::::::::::::::::::::::::yes::::yes::::yes::yes::::::yes::yes::::::::::admin
952136136::Silver Jacinth Wedding Ring::<a href="http://www.gameznet.com/eq/equipment/silverjacinthweddingring.html">More</a>::10::::::::::::::::::::::::::::-7::0.1::::yes::yes::yes::yes::yes::yes::yes::yes::yes::yes::yes::yes::yes::yes::yes::yes::yes::yes::yes::yes::yes::yes::yes::yes::yes::yes::::admin
952895744::Golden Ruby Ring::<a href="http://gameznet.com/eq/equipment/goldenrubyring.html">More</a>::::2::::::::::4::::::::::::::::::0.1::::yes::yes::yes::yes::yes::yes::yes::yes::yes::yes::yes::yes::yes::yes::yes::yes::yes::yes::yes::yes::yes::yes::yes::yes::yes::yes::::admin
953618483::Platinum Diamond Wedding Ring::<a href="http://gameznet.com/eq/equipment/platdiamwedring.html">More</a>::0::::::::::::::::::::7::7::7::7::7::0.1::::yes::yes::yes::yes::yes::yes::yes::yes::yes::yes::yes::yes::yes::yes::yes::yes::yes::yes::yes::yes::yes::yes::yes::yes::yes::yes::::admin
954278612::Jacinth Electrum Wedding Ring::<a href="http://www.gameznet.com/eq/equipment/jacinthelecwedring.html">More</a>::7::::::::::::::::::::::::::::-3::0.1::::yes::yes::yes::yes::yes::yes::yes::yes::yes::yes::yes::yes::yes::yes::yes::yes::yes::yes::yes::yes::yes::yes::yes::yes::yes::yes::::admin
955515507::Hamed's Ring of Tears::<a href="http://gameznet.com/eq/equipment/hamedsringtears.html">More</a>::0::::::::::::::::::150::3::3::::::3::0.1::::yes::yes::yes::yes::yes::yes::yes::yes::yes::yes::yes::yes::yes::yes::yes::yes::yes::yes::yes::yes::yes::yes::yes::yes::yes::yes::yes::admin
956685939::Marauder Snort Ring::<a href="http://gameznet.com/eq/equipment/maraudersnoutring.html">More</a>::2::::::2::::::::-5::::::::::::::::1.0::::yes::yes::yes::yes::yes::yes::yes::yes::yes::yes::yes::yes::yes::yes::::::::::::::::::::yes::yes::::yes::admin
956693546::Gem Encrusted Ring::<a href="http://www.gameznet.com/eq/equipment/gemencrustedring.html">More</a>::10::7::::::::::::::::::::::::::::0.1::::yes::yes::yes::yes::yes::yes::yes::yes::yes::yes::yes::yes::yes::yes::yes::yes::yes::yes::yes::yes::yes::yes::yes::yes::yes::yes::yes::admin
956899160::Obsidian Ring of Quintessence::<a href="http://www.gameznet.com/eq/equipment/obsringofquintessence.html">More</a>::3::::::::::2::::::::10::::::::::::0.1::::yes::yes::yes::yes::yes::yes::yes::yes::yes::yes::yes::yes::yes::yes::yes::yes::yes::yes::yes::yes::yes::yes::yes::yes::yes::yes::yes::admin
957125936::Goblin Tear Ring::<a href="http://www.gameznet.com/eq/equipment/golemtearring.html">More</a>::2::2::::::::::6::::::10::::::::::::0.1::::yes::yes::yes::yes::yes::yes::yes::yes::yes::yes::yes::yes::yes::yes::yes::yes::yes::yes::yes::yes::yes::yes::yes::yes::yes::yes::yes::admin
957475282::Band of Eternal Flame::<a href="http://www.gameznet.com/eq/equipment/bandofeternalflame.html">More</a>::5::4::::::::4::::::25::35::10::-10::::::::0.1::::yes::yes::yes::yes::yes::yes::yes::yes::yes::yes::yes::yes::yes::yes::yes::yes::yes::yes::yes::yes::yes::yes::yes::yes::yes::yes::yes::admin
958682486::Goblin Gazhugi Ring::<a href="http://gameznet.com/eq/equipment/goblingazughiring.html">More</a>::1::::::::::::::::::::::::::::5::0.1::Invisibility vs. Animals::yes::yes::yes::yes::yes::yes::yes::yes::yes::yes::yes::yes::yes::yes::yes::yes::yes::yes::yes::yes::yes::yes::yes::yes::yes::yes::yes::admin
960254649::Ring of Empowerment::<a href="http://gameznet.com/eq/equipment/empower_ring.html">More</a>::2::5::5::5::5::5::5::5::::::2::2::2::2::2::0.1::::yes::yes::yes::yes::yes::yes::yes::yes::yes::yes::yes::yes::yes::yes::yes::yes::yes::yes::yes::yes::yes::yes::yes::yes::yes::yes::yes::admin
962408213::Ring of Dominance::<a href="http://www.gameznet.com/eq/equipment/ringofdominance.html">More</a>::8::::::::::::::::::::::::::::::0.1::::yes::yes::yes::yes::yes::yes::yes::::::::::::::::yes::yes::yes::yes::yes::yes::yes::yes::yes::yes::yes::yes::yes::admin
962408297::Gem Enlaid Band::<a href="http://www.gameznet.com/eq/equipment/gemenlaidband.html">More</a>::2::3::::::::::::::::10::::::::::::0.1::::yes::yes::yes::yes::yes::yes::yes::yes::yes::yes::yes::yes::yes::yes::yes::yes::yes::yes::yes::yes::yes::yes::yes::yes::yes::yes::yes::admin
