32Mt10brei6oU
Name::text:20
Information::text:10
MAGIC::checkbox
LORE::checkbox
NODROP::checkbox
DMG::text:3
Delay::text:3
Ratio::text:4
STR::text:5
STA::text:5
AGI::text:5
DEX::text:5
INT::text:5
WIS::text:5
CHA::text:5
HP::text:5
MANA::text:5
AC::text:5
Effect::text:10
WT::text:5
1HS::checkbox
2HS::checkbox
1HB::checkbox
2HB::checkbox
PIE::checkbox
BOW::checkbox
THR::checkbox
AMO::checkbox
Disease::text:5
Poison::text:5
Heat::text:5
Cold::text:5
Magic::text:5
WAR::checkbox
ROG::checkbox
MNK::checkbox
BRD::checkbox
SHD::checkbox
PAL::checkbox
RNG::checkbox
CLR::checkbox
SHM::checkbox
DRU::checkbox
NEC::checkbox
WIZ::checkbox
ENC::checkbox
MAG::checkbox
BAR::checkbox
DEF::checkbox
DWF::checkbox
ERU::checkbox
GNM::checkbox
HIE::checkbox
HEL::checkbox
HFL::checkbox
HUM::checkbox
OGR::checkbox
TRL::checkbox
ELF::checkbox
IKS::checkbox
