952465229::Aegis of Life::<a href="http://gameznet.com/eq/equipment/aegisoflife.html">More</a>::12::::::::::::10::::::::::::25::::::9.5::Superior Healing::::::::::::yes::::yes::::::::::::::yes::yes::yes::yes::yes::yes::yes::yes::yes::::::::::admin
952465299::Ashenbone Shield::<a href="http://gameznet.com/eq/equipment/ashenboneshield.html">More</a>::25::::5::::::::::::100::::::::::::::5.0::::::::::::yes::::::::::::::::::::::yes::::yes::::yes::::::yes::::::::::admin
952465342::Bark Shield::<a href="http://gameznet.com/eq/equipment/bark.shield.html">More</a>::15::::::::5::::::::::::::::::::::2.5::::yes::yes::::yes::yes::yes::yes::yes::yes::yes::::::::::yes::yes::yes::yes::yes::yes::yes::yes::yes::yes::yes::yes::::admin
952465389::Bladestopper::<a href="http://gameznet.com/eq/equipment/bladestopper.html">More</a>::25::::15::::::::::::50::::::::::::::7.3::Rune IV::yes::yes::::yes::yes::yes::yes::yes::::yes::::::::::yes::yes::yes::yes::yes::yes::yes::yes::yes::yes::yes::yes::::admin
952465463::Bone Shield::<a href="http://www.gameznet.com/eq/equipment/boneshield.html">More</a>::8::::::::::::::::::::::::1::::::9.5::::yes::yes::::yes::yes::yes::yes::yes::yes::yes::::::::::yes::yes::::yes::::yes::::yes::yes::::::yes::::admin
952465502::Charred Guardian Shield::<a href="http://gameznet.com/eq/equipment/charredguardshield.html">More</a>::10::::::::::::9::::::::::::::::::8.0::::yes::yes::::yes::yes::yes::yes::yes::yes::yes::::::::::yes::yes::yes::yes::yes::yes::yes::yes::yes::yes::yes::yes::::admin
952465555::Chitin Shell Shield::<a href="http://gameznet.com/eq/equipment/EQ-Chitin.Shell.Shield.html">More</a>::15::::::::::::::::::::::::::10::::4.0::::yes::yes::::yes::yes::yes::yes::yes::yes::yes::::::::::yes::yes::yes::yes::yes::yes::yes::yes::yes::yes::yes::yes::::admin
952465585::Cracked Darkwood Shield::<a href="http://gameznet.com/eq/equipment/darkwoodshield.html">More</a>::12::9::::::::::::::::::::::::::::5.0::::yes::yes::::yes::yes::yes::yes::yes::yes::yes::::::::::yes::yes::yes::yes::yes::yes::yes::yes::yes::yes::yes::yes::::admin
952465628::Crested Mistmoore Shield::<a href="http://gameznet.com/eq/equipment/crestedshield.html">More</a>::10::::::6::::::::::::::::::10::10::10::::::yes::yes::::yes::yes::yes::yes::yes::yes::yes::::::::::yes::yes::yes::yes::yes::yes::yes::yes::yes::yes::yes::yes::::admin
952465681::Cryosilk Webshield::<a href="http://gameznet.com/eq/equipment/cryowebshield.html">More</a>::10::::::7::::7::::::35::::::::::::::0.2::::::::::yes::::::::::::::yes::yes::yes::yes::yes::yes::yes::yes::yes::yes::yes::yes::yes::yes::yes::yes::::admin
952465783::Devlas Ilkvel::<a href="http://gameznet.com/eq/equipment/devlasilkvel.html">More</a>::12::::::5::::::::::::::::::::7::::7.0::::yes::yes::::yes::yes::yes::yes::yes::yes::yes::::::::::yes::yes::yes::yes::yes::yes::yes::yes::yes::yes::yes::yes::::admin
952465832::Dread Forged Shield::<a href="http://gameznet.com/eq/equipment/dreadforgedshield.html">More</a>::17::5::::::::::5::10::::20::::::::::10::1.5::::::::::::::::::yes::::::::::::::::::::yes::::::::::yes::::::::::admin
952465913::Giant Laceless Sandal::<a href="http://gameznet.com/eq/equipment/giantlacelesssandal.html">More</a>::15::::5::::::::::-7::::::::::::::::5.0::::yes::yes::::yes::yes::yes::yes::yes::yes::yes::::::::::::yes::yes::::yes::::yes::yes::yes::::::yes::::admin
952465958::Nautilus Shield::<a href="http://gameznet.com/eq/equipment/nautilusshield.html">More</a>::20::5::5::5::::::::::::::::::::::::7.0::::yes::::::::::::::::::::::::::::yes::yes::yes::yes::yes::yes::yes::yes::yes::yes::yes::yes::::admin
952465999::Prismatic Shield::<a href="http://gameznet.com/eq/equipment/prisshield.html">More</a>::18::::::::::::::::::::10::10::10::10::10::7.3::::::::::::::::::yes::::::::::::::yes::yes::yes::yes::yes::yes::yes::yes::yes::yes::yes::yes::::admin
952466058::Rokyl's Channeling Crystal::<a href="http://gameznet.com/eq/equipment/rokylscrystal.html">More</a>::10::::::::::::::::50::50::::::::::::0.2::::::::::yes::::::::::::::yes::yes::yes::yes::yes::yes::yes::yes::yes::yes::yes::yes::yes::yes::yes::yes::::admin
952466104::Runewood Shield::<a href="http://gameznet.com/eq/equipment/runewoodshield.html">More</a>::16::::::::::::8::::::::15::::::::::6.0::::::::::::::::::::yes::::::::::::yes::yes::yes::yes::yes::yes::yes::yes::yes::yes::yes::yes::::admin
952466160::Scute Shield::<a href="http://gameznet.com/eq/equipment/scuteshield.html">More</a>::15::::9::::::::::::::::::::::::::8.0::::yes::yes::::yes::yes::yes::yes::yes::yes::yes::::::::::yes::yes::yes::yes::yes::yes::yes::yes::yes::yes::yes::yes::::admin
952466283::Shield of Hatred::<a href="http://gameznet.com/eq/equipment/shieldhatred.html">More</a>::25::7::::::::::5::-25::::::15::::-25::::15::8.0::Regeneration::yes::yes::::::yes::::yes::yes::::yes::::::::::::yes::::::::::::::::yes::yes::::::admin
952466331::Shield of the Immaculate::<a href="http://gameznet.com/eq/equipment/shieldimmaculate.html">More</a>::25::10::::::::::::::::::::::25::::::7.3::::::::::::::yes::::::::::::::::::yes::yes::yes::yes::yes::yes::yes::yes::yes::yes::yes::yes::::admin
952466388::Shield of Rainbow Hues::<a href="http://gameznet.com/eq/equipment/shieldofrainbowhues.html">More</a>::18::::::::::::::::::::20::20::20::20::20::0.5::::yes::yes::yes::yes::yes::yes::yes::yes::::::::::::::yes::yes::yes::yes::yes::yes::yes::yes::yes::yes::yes::yes::::admin
952466439::Shield of the Stalwart Seas::<a href="http://gameznet.com/eq/equipment/shieldofstalwartseas.html">More</a>::35::20::20::::::::::::::::::::::::::7.3::Ultravision::::::::::::yes::::::::::::::::::::::::yes::::::::::::::::::::admin
952466490::Shimmering Orb::<a href="http://gameznet.com/eq/equipment/EQ-Shimmering.Orb.html">More</a>::15::::::::::::::::20::::::::::::::0.2::::::::::yes::::::::::::::yes::yes::yes::yes::yes::yes::yes::yes::yes::yes::yes::yes::yes::yes::yes::yes::::admin
952466528::Shiny Brass Shield::<a href="http://gameznet.com/eq/equipment/EQ-Shiny.Brass.Shield.html">More</a>::10::::::::::::::::10::::::::::::::10.0::::yes::yes::::yes::yes::yes::yes::yes::yes::yes::::::::::yes::yes::yes::yes::yes::yes::yes::yes::yes::yes::yes::yes::::admin
952466580::Spitestone Shield::<a href="http://gameznet.com/eq/equipment/spitestoneshield.html">More</a>::17::::::::::::10::::::::::::::::::7.5::::::::::::::::::::::yes::::::::::yes::::::::::::::::::::::::::admin
952466622::Trueheart Shield::<a href="http://gameznet.com/eq/equipment/trueheartshield.html">More</a>::20::5::::::5::::5::::::::::::::::::6.5::::::::::::::yes::::::::::::::::::yes::yes::yes::yes::yes::yes::yes::yes::yes::yes::yes::yes::::admin
955482001::Efreeti War Spear::<a href="http://www.gameznet.com/eq/equipment/efreetiwarshield.html">More</a>::15::5::::::::::::::::::10::::::::::2.0::::yes::::::::yes::yes::yes::yes::::::::::::::yes::yes::yes::yes::yes::yes::yes::yes::yes::yes::yes::yes::yes::admin
955759887::Silent Watch Shield::<a href="http://gameznet.com/eq/equipment/silentwatchshield.html">More</a>::10::::::::::::10::::::::::::::::::9.5::::::::::::::yes::::::::::::::::::::::yes::yes::yes::yes::::yes::yes::::::::::admin
956693201::Strathbone Shell Shield::<a href="http://www.gameznet.com/eq/equipment/strathboneshellshield.html">More</a>::19::::::::::::8::::::5::::::::10::::0.4::::::::::::::::::yes::::yes::::::::::yes::yes::yes::yes::yes::yes::yes::yes::yes::yes::yes::yes::yes::admin
956693253::Sarnak Battle Shield::<a href="http://www.gameznet.com/eq/equipment/sarnakbattleshield.html">More</a>::25::5::5::::::::::::40::::10::10::::::10::3.0::::yes::::::yes::yes::yes::::yes::yes::yes::::::::::yes::yes::yes::yes::yes::yes::yes::yes::yes::yes::yes::yes::yes::admin
957044098::Atramentous Shield::<a href="http://www.gameznet.com/eq/equipment/atramentousshield.html">More</a>::28::5::5::::::5::::::50::50::5::5::::::10::3.0::Deadeye::::::::::yes::::::::::::::::::::yes::yes::yes::yes::yes::yes::yes::yes::yes::yes::yes::yes::yes::admin
957044167::Ornate Rune Shield::<a href="http://www.gameznet.com/eq/equipment/ornateruneshield.html">More</a>::15::::::::::8::::::::10::5::5::5::5::5::3.0::::::::::::::::::::::::yes::yes::yes::yes::yes::yes::yes::yes::yes::yes::yes::yes::yes::yes::yes::yes::yes::admin
957217704::Shield of Spectral Essence::<a href="http://www.gameznet.com/eq/equipment/shieldofspectralessence.html">More</a>::10::::::6::::6::::::::::::::::::10::0.0::::::::::::yes::::::::::::yes::::::::::yes::::yes::yes::::::::yes::yes::yes::::yes::admin
957559356::Finely Crafted Targ Shield::<a href="http://www.gameznet.com/eq/equipment/finelycraftedtargshield.html">More</a>::9::::::::::::::::::::::::::::::7.5::::yes::yes::::yes::yes::yes::yes::yes::yes::yes::::::::::yes::yes::::yes::::yes::::yes::yes::::::yes::yes::admin
957559404::Clay Guardian Shield::<a href="http://www.gameznet.com/eq/equipment/clayguardianshield.html">More</a>::25::::::::::::::::50::::::::::::::7.3::::yes::::::::yes::yes::::yes::::yes::::::::::yes::yes::yes::yes::yes::yes::yes::yes::yes::yes::yes::yes::yes::admin
957733067::Slithini's Shield::<a href="http://www.gameznet.com/eq/equipment/slithinisshield.html">More</a>::10::::::::::::::::::::15::::::::::0.0::::yes::yes::::yes::yes::yes::yes::yes::yes::yes::::::::::yes::yes::::yes::::yes::::yes::yes::::::yes::yes::admin
959194517::Mithaniel's Defense::<a href="http://gameznet.com/eq/equipment/mith_defense.html">More</a>::14::8::::::8::::::::::::25::25::25::25::25::3.0::::yes::::::::::yes::::yes::::::::::::::::::::::::yes::::::yes::::::::::admin
960583609::Darkwood Aegis::<a href="http://www.gameznet.com/eq/equipment/darkwoodaegis.html">More</a>::25::::::::::::8::::::40::::::1::::::9.5::::::::::::::::::yes::::::::::::::yes::yes::yes::yes::yes::yes::yes::yes::yes::yes::yes::yes::yes::admin
961445263::Hand of the Reaper::<a href="http://gameznet.com/eq/equipment/handofthereaper.html">More</a>::5::::::::::15::::-30::::20::::::::::10::0.4::::::::::::::::::::::::yes::::::::yes::yes::yes::yes::yes::yes::yes::yes::yes::yes::yes::yes::yes::admin
962408664::Obtenebrate Mithral Guard::<a href="http://gameznet.com/eq/equipment/obtenebratemithrilguard.html">More</a>::35::15::::::::::::::::::15::::::::::6.0::::::::::::yes::::::::::::::::::::::yes::::yes::::::::::yes::yes::yes::::yes::admin
962408721::Shield of Prexus::<a href="http://gameznet.com/eq/equipment/shieldofprexus.html">More</a>::8::::::::::::::::::::::::::::::6.5::Enduring Breath::yes::yes::::yes::yes::yes::yes::yes::yes::yes::::::::::yes::yes::yes::yes::yes::yes::yes::yes::yes::yes::yes::yes::yes::admin
