1: startcast CH
1: 0.0 dps, 4000 hp, 4000 mana
2: 0.0 dps, 4000 hp, 4000 mana
3: 0.0 dps, 4000 hp, 4000 mana
4: 0.0 dps, 4000 hp, 4000 mana
5: 0.0 dps, 4000 hp, 4000 mana
6: 0.0 dps, 4000 hp, 4000 mana
7: 0.0 dps, 4000 hp, 4000 mana
8: 0.0 dps, 4000 hp, 4000 mana
9: 0.0 dps, 4000 hp, 4000 mana
10: 0.0 dps, 4000 hp, 4000 mana
11: CH tick
11: finished casting CH
11: 363.6 dps, 4000 hp, 3600 mana
12: 333.3 dps, 4000 hp, 3615 mana
13: 307.7 dps, 4000 hp, 3615 mana
14: startcast CH
14: 285.7 dps, 4000 hp, 3615 mana
15: 266.7 dps, 4000 hp, 3615 mana
16: 250.0 dps, 4000 hp, 3615 mana
17: 235.3 dps, 4000 hp, 3615 mana
18: 222.2 dps, 4000 hp, 3630 mana
19: 210.5 dps, 4000 hp, 3630 mana
20: 200.0 dps, 4000 hp, 3630 mana
21: 190.5 dps, 4000 hp, 3630 mana
22: 181.8 dps, 4000 hp, 3630 mana
23: 173.9 dps, 4000 hp, 3630 mana
24: CH tick
24: finished casting CH
24: 333.3 dps, 4000 hp, 3245 mana
25: 320.0 dps, 4000 hp, 3245 mana
26: 307.7 dps, 4000 hp, 3245 mana
27: startcast CH
27: 296.3 dps, 4000 hp, 3245 mana
28: 285.7 dps, 4000 hp, 3245 mana
29: 275.9 dps, 4000 hp, 3245 mana
30: 266.7 dps, 4000 hp, 3260 mana
31: 258.1 dps, 4000 hp, 3260 mana
32: 250.0 dps, 4000 hp, 3260 mana
33: 242.4 dps, 4000 hp, 3260 mana
34: 235.3 dps, 4000 hp, 3260 mana
35: 228.6 dps, 4000 hp, 3260 mana
36: 222.2 dps, 4000 hp, 3275 mana
37: CH tick
37: finished casting CH
37: 324.3 dps, 4000 hp, 2875 mana
38: 315.8 dps, 4000 hp, 2875 mana
39: 307.7 dps, 4000 hp, 2875 mana
40: startcast CH
40: 300.0 dps, 4000 hp, 2875 mana
41: 292.7 dps, 4000 hp, 2875 mana
42: 285.7 dps, 4000 hp, 2890 mana
43: 279.1 dps, 4000 hp, 2890 mana
44: 272.7 dps, 4000 hp, 2890 mana
45: 266.7 dps, 4000 hp, 2890 mana
46: 260.9 dps, 4000 hp, 2890 mana
47: 255.3 dps, 4000 hp, 2890 mana
48: 250.0 dps, 4000 hp, 2905 mana
49: 244.9 dps, 4000 hp, 2905 mana
50: CH tick
50: finished casting CH
50: 320.0 dps, 4000 hp, 2505 mana
51: 313.7 dps, 4000 hp, 2505 mana
52: 307.7 dps, 4000 hp, 2505 mana
53: startcast CH
53: 301.9 dps, 4000 hp, 2505 mana
54: 296.3 dps, 4000 hp, 2520 mana
55: 290.9 dps, 4000 hp, 2520 mana
56: 285.7 dps, 4000 hp, 2520 mana
57: 280.7 dps, 4000 hp, 2520 mana
58: 275.9 dps, 4000 hp, 2520 mana
59: 271.2 dps, 4000 hp, 2520 mana
60: 266.7 dps, 4000 hp, 2535 mana
61: 262.3 dps, 4000 hp, 2535 mana
62: 258.1 dps, 4000 hp, 2535 mana
63: CH tick
63: finished casting CH
63: 317.5 dps, 4000 hp, 2135 mana
64: 312.5 dps, 4000 hp, 2135 mana
65: 307.7 dps, 4000 hp, 2135 mana
66: startcast CH
66: 303.0 dps, 4000 hp, 2150 mana
67: 298.5 dps, 4000 hp, 2150 mana
68: 294.1 dps, 4000 hp, 2150 mana
69: 289.9 dps, 4000 hp, 2150 mana
70: 285.7 dps, 4000 hp, 2150 mana
71: 281.7 dps, 4000 hp, 2150 mana
72: 277.8 dps, 4000 hp, 2165 mana
73: 274.0 dps, 4000 hp, 2165 mana
74: 270.3 dps, 4000 hp, 2165 mana
75: 266.7 dps, 4000 hp, 2165 mana
76: CH tick
76: finished casting CH
76: 315.8 dps, 4000 hp, 1765 mana
77: 311.7 dps, 4000 hp, 1765 mana
78: 307.7 dps, 4000 hp, 1780 mana
79: startcast CH
79: 303.8 dps, 4000 hp, 1780 mana
80: 300.0 dps, 4000 hp, 1780 mana
81: 296.3 dps, 4000 hp, 1780 mana
82: 292.7 dps, 4000 hp, 1780 mana
83: 289.2 dps, 4000 hp, 1780 mana
84: 285.7 dps, 4000 hp, 1795 mana
85: 282.4 dps, 4000 hp, 1795 mana
86: 279.1 dps, 4000 hp, 1795 mana
87: 275.9 dps, 4000 hp, 1795 mana
88: 272.7 dps, 4000 hp, 1795 mana
89: CH tick
89: finished casting CH
89: 314.6 dps, 4000 hp, 1395 mana
90: 311.1 dps, 4000 hp, 1410 mana
91: 307.7 dps, 4000 hp, 1410 mana
92: startcast CH
92: 304.3 dps, 4000 hp, 1410 mana
93: 301.1 dps, 4000 hp, 1410 mana
94: 297.9 dps, 4000 hp, 1410 mana
95: 294.7 dps, 4000 hp, 1410 mana
96: 291.7 dps, 4000 hp, 1425 mana
97: 288.7 dps, 4000 hp, 1425 mana
98: 285.7 dps, 4000 hp, 1425 mana
99: 282.8 dps, 4000 hp, 1425 mana
100: 280.0 dps, 4000 hp, 1425 mana
101: 277.2 dps, 4000 hp, 1425 mana
102: CH tick
102: finished casting CH
102: 313.7 dps, 4000 hp, 1040 mana
103: 310.7 dps, 4000 hp, 1040 mana
104: 307.7 dps, 4000 hp, 1040 mana
105: startcast CH
105: 304.8 dps, 4000 hp, 1040 mana
106: 301.9 dps, 4000 hp, 1040 mana
107: 299.1 dps, 4000 hp, 1040 mana
108: 296.3 dps, 4000 hp, 1055 mana
109: 293.6 dps, 4000 hp, 1055 mana
110: 290.9 dps, 4000 hp, 1055 mana
111: 288.3 dps, 4000 hp, 1055 mana
112: 285.7 dps, 4000 hp, 1055 mana
113: 283.2 dps, 4000 hp, 1055 mana
114: 280.7 dps, 4000 hp, 1070 mana
115: CH tick
115: finished casting CH
115: 313.0 dps, 4000 hp, 670 mana
116: 310.3 dps, 4000 hp, 670 mana
117: 307.7 dps, 4000 hp, 670 mana
118: startcast CH
118: 305.1 dps, 4000 hp, 670 mana
119: 302.5 dps, 4000 hp, 670 mana
120: 300.0 dps, 4000 hp, 685 mana
121: 297.5 dps, 4000 hp, 685 mana
122: 295.1 dps, 4000 hp, 685 mana
123: 292.7 dps, 4000 hp, 685 mana
124: 290.3 dps, 4000 hp, 685 mana
125: 288.0 dps, 4000 hp, 685 mana
126: 285.7 dps, 4000 hp, 700 mana
127: 283.5 dps, 4000 hp, 700 mana
128: CH tick
128: finished casting CH
128: 312.5 dps, 4000 hp, 300 mana
129: 310.1 dps, 4000 hp, 300 mana
130: 307.7 dps, 4000 hp, 300 mana
131: 305.3 dps, 4000 hp, 300 mana
132: 303.0 dps, 4000 hp, 335 mana
133: 300.8 dps, 4000 hp, 335 mana
134: 298.5 dps, 4000 hp, 335 mana
135: 296.3 dps, 4000 hp, 335 mana
136: 294.1 dps, 4000 hp, 335 mana
137: 292.0 dps, 4000 hp, 335 mana
138: 289.9 dps, 4000 hp, 370 mana
139: 287.8 dps, 4000 hp, 370 mana
140: 285.7 dps, 4000 hp, 370 mana
141: 283.7 dps, 4000 hp, 370 mana
142: 281.7 dps, 4000 hp, 370 mana
143: 279.7 dps, 4000 hp, 370 mana
144: startcast CH
144: 277.8 dps, 4000 hp, 405 mana
145: 275.9 dps, 4000 hp, 405 mana
146: 274.0 dps, 4000 hp, 405 mana
147: 272.1 dps, 4000 hp, 405 mana
148: 270.3 dps, 4000 hp, 405 mana
149: 268.5 dps, 4000 hp, 405 mana
150: 266.7 dps, 4000 hp, 420 mana
151: 264.9 dps, 4000 hp, 420 mana
152: 263.2 dps, 4000 hp, 420 mana
153: 261.4 dps, 4000 hp, 420 mana
154: CH tick
154: finished casting CH
154: 285.7 dps, 4000 hp, 20 mana
155: 283.9 dps, 4000 hp, 20 mana
156: 282.1 dps, 4000 hp, 35 mana
157: 280.3 dps, 4000 hp, 35 mana
158: 278.5 dps, 4000 hp, 35 mana
159: 276.7 dps, 4000 hp, 35 mana
160: 275.0 dps, 4000 hp, 35 mana
161: 273.3 dps, 4000 hp, 35 mana
162: 271.6 dps, 4000 hp, 70 mana
163: 269.9 dps, 4000 hp, 70 mana
164: 268.3 dps, 4000 hp, 70 mana
165: 266.7 dps, 4000 hp, 70 mana
166: 265.1 dps, 4000 hp, 70 mana
167: 263.5 dps, 4000 hp, 70 mana
168: 261.9 dps, 4000 hp, 105 mana
169: 260.4 dps, 4000 hp, 105 mana
170: 258.8 dps, 4000 hp, 105 mana
171: 257.3 dps, 4000 hp, 105 mana
172: 255.8 dps, 4000 hp, 105 mana
173: 254.3 dps, 4000 hp, 105 mana
174: 252.9 dps, 4000 hp, 140 mana
175: 251.4 dps, 4000 hp, 140 mana
176: 250.0 dps, 4000 hp, 140 mana
177: 248.6 dps, 4000 hp, 140 mana
178: 247.2 dps, 4000 hp, 140 mana
179: 245.8 dps, 4000 hp, 140 mana
180: 244.4 dps, 4000 hp, 175 mana
181: 243.1 dps, 4000 hp, 175 mana
182: 241.8 dps, 4000 hp, 175 mana
183: 240.4 dps, 4000 hp, 175 mana
184: 239.1 dps, 4000 hp, 175 mana
185: 237.8 dps, 4000 hp, 175 mana
186: 236.6 dps, 4000 hp, 210 mana
187: 235.3 dps, 4000 hp, 210 mana
188: 234.0 dps, 4000 hp, 210 mana
189: 232.8 dps, 4000 hp, 210 mana
190: 231.6 dps, 4000 hp, 210 mana
191: 230.4 dps, 4000 hp, 210 mana
192: 229.2 dps, 4000 hp, 245 mana
193: 228.0 dps, 4000 hp, 245 mana
194: 226.8 dps, 4000 hp, 245 mana
195: 225.6 dps, 4000 hp, 245 mana
196: 224.5 dps, 4000 hp, 245 mana
197: 223.4 dps, 4000 hp, 245 mana
198: 222.2 dps, 4000 hp, 280 mana
199: 221.1 dps, 4000 hp, 280 mana
200: 220.0 dps, 4000 hp, 280 mana
201: 218.9 dps, 4000 hp, 280 mana
202: 217.8 dps, 4000 hp, 280 mana
203: 216.7 dps, 4000 hp, 280 mana
204: 215.7 dps, 4000 hp, 315 mana
205: 214.6 dps, 4000 hp, 315 mana
206: 213.6 dps, 4000 hp, 315 mana
207: 212.6 dps, 4000 hp, 315 mana
208: 211.5 dps, 4000 hp, 315 mana
209: 210.5 dps, 4000 hp, 315 mana
210: 209.5 dps, 4000 hp, 350 mana
211: 208.5 dps, 4000 hp, 350 mana
212: 207.5 dps, 4000 hp, 350 mana
213: 206.6 dps, 4000 hp, 350 mana
214: 205.6 dps, 4000 hp, 350 mana
215: 204.7 dps, 4000 hp, 350 mana
216: 203.7 dps, 4000 hp, 385 mana
217: 202.8 dps, 4000 hp, 385 mana
218: 201.8 dps, 4000 hp, 385 mana
219: 200.9 dps, 4000 hp, 385 mana
220: 200.0 dps, 4000 hp, 385 mana
221: 199.1 dps, 4000 hp, 385 mana
222: startcast CH
222: 198.2 dps, 4000 hp, 420 mana
223: 197.3 dps, 4000 hp, 420 mana
224: 196.4 dps, 4000 hp, 420 mana
225: 195.6 dps, 4000 hp, 420 mana
226: 194.7 dps, 4000 hp, 420 mana
227: 193.8 dps, 4000 hp, 420 mana
228: 193.0 dps, 4000 hp, 435 mana
229: 192.1 dps, 4000 hp, 435 mana
230: 191.3 dps, 4000 hp, 435 mana
231: 190.5 dps, 4000 hp, 435 mana
232: CH tick
232: finished casting CH
232: 206.9 dps, 4000 hp, 35 mana
233: 206.0 dps, 4000 hp, 35 mana
234: 205.1 dps, 4000 hp, 50 mana
235: 204.3 dps, 4000 hp, 50 mana
236: 203.4 dps, 4000 hp, 50 mana
237: 202.5 dps, 4000 hp, 50 mana
238: 201.7 dps, 4000 hp, 50 mana
239: 200.8 dps, 4000 hp, 50 mana
240: 200.0 dps, 4000 hp, 85 mana
241: 199.2 dps, 4000 hp, 85 mana
242: 198.3 dps, 4000 hp, 85 mana
243: 197.5 dps, 4000 hp, 85 mana
244: 196.7 dps, 4000 hp, 85 mana
245: 195.9 dps, 4000 hp, 85 mana
246: 195.1 dps, 4000 hp, 120 mana
247: 194.3 dps, 4000 hp, 120 mana
248: 193.5 dps, 4000 hp, 120 mana
249: 192.8 dps, 4000 hp, 120 mana
250: 192.0 dps, 4000 hp, 120 mana
251: 191.2 dps, 4000 hp, 120 mana
252: 190.5 dps, 4000 hp, 155 mana
253: 189.7 dps, 4000 hp, 155 mana
254: 189.0 dps, 4000 hp, 155 mana
255: 188.2 dps, 4000 hp, 155 mana
256: 187.5 dps, 4000 hp, 155 mana
257: 186.8 dps, 4000 hp, 155 mana
258: 186.0 dps, 4000 hp, 190 mana
259: 185.3 dps, 4000 hp, 190 mana
260: 184.6 dps, 4000 hp, 190 mana
261: 183.9 dps, 4000 hp, 190 mana
262: 183.2 dps, 4000 hp, 190 mana
263: 182.5 dps, 4000 hp, 190 mana
264: 181.8 dps, 4000 hp, 225 mana
265: 181.1 dps, 4000 hp, 225 mana
266: 180.5 dps, 4000 hp, 225 mana
267: 179.8 dps, 4000 hp, 225 mana
268: 179.1 dps, 4000 hp, 225 mana
269: 178.4 dps, 4000 hp, 225 mana
270: 177.8 dps, 4000 hp, 260 mana
271: 177.1 dps, 4000 hp, 260 mana
272: 176.5 dps, 4000 hp, 260 mana
273: 175.8 dps, 4000 hp, 260 mana
274: 175.2 dps, 4000 hp, 260 mana
275: 174.5 dps, 4000 hp, 260 mana
276: 173.9 dps, 4000 hp, 295 mana
277: 173.3 dps, 4000 hp, 295 mana
278: 172.7 dps, 4000 hp, 295 mana
279: 172.0 dps, 4000 hp, 295 mana
280: 171.4 dps, 4000 hp, 295 mana
281: 170.8 dps, 4000 hp, 295 mana
282: 170.2 dps, 4000 hp, 330 mana
283: 169.6 dps, 4000 hp, 330 mana
284: 169.0 dps, 4000 hp, 330 mana
285: 168.4 dps, 4000 hp, 330 mana
286: 167.8 dps, 4000 hp, 330 mana
287: 167.2 dps, 4000 hp, 330 mana
288: 166.7 dps, 4000 hp, 365 mana
289: 166.1 dps, 4000 hp, 365 mana
290: 165.5 dps, 4000 hp, 365 mana
291: 164.9 dps, 4000 hp, 365 mana
292: 164.4 dps, 4000 hp, 365 mana
293: 163.8 dps, 4000 hp, 365 mana
294: startcast CH
294: 163.3 dps, 4000 hp, 400 mana
295: 162.7 dps, 4000 hp, 400 mana
296: 162.2 dps, 4000 hp, 400 mana
297: 161.6 dps, 4000 hp, 400 mana
298: 161.1 dps, 4000 hp, 400 mana
299: 160.5 dps, 4000 hp, 400 mana
300: 160.0 dps, 4000 hp, 415 mana
301: 159.5 dps, 4000 hp, 415 mana
302: 158.9 dps, 4000 hp, 415 mana
303: 158.4 dps, 4000 hp, 415 mana
304: CH tick
304: finished casting CH
304: 171.1 dps, 4000 hp, 15 mana
305: 170.5 dps, 4000 hp, 15 mana
306: 169.9 dps, 4000 hp, 30 mana
307: 169.4 dps, 4000 hp, 30 mana
308: 168.8 dps, 4000 hp, 30 mana
309: 168.3 dps, 4000 hp, 30 mana
310: 167.7 dps, 4000 hp, 30 mana
311: 167.2 dps, 4000 hp, 30 mana
312: 166.7 dps, 4000 hp, 65 mana
313: 166.1 dps, 4000 hp, 65 mana
314: 165.6 dps, 4000 hp, 65 mana
315: 165.1 dps, 4000 hp, 65 mana
316: 164.6 dps, 4000 hp, 65 mana
317: 164.0 dps, 4000 hp, 65 mana
318: 163.5 dps, 4000 hp, 100 mana
319: 163.0 dps, 4000 hp, 100 mana
320: 162.5 dps, 4000 hp, 100 mana
321: 162.0 dps, 4000 hp, 100 mana
322: 161.5 dps, 4000 hp, 100 mana
323: 161.0 dps, 4000 hp, 100 mana
324: 160.5 dps, 4000 hp, 135 mana
325: 160.0 dps, 4000 hp, 135 mana
326: 159.5 dps, 4000 hp, 135 mana
327: 159.0 dps, 4000 hp, 135 mana
328: 158.5 dps, 4000 hp, 135 mana
329: 158.1 dps, 4000 hp, 135 mana
330: 157.6 dps, 4000 hp, 170 mana
331: 157.1 dps, 4000 hp, 170 mana
332: 156.6 dps, 4000 hp, 170 mana
333: 156.2 dps, 4000 hp, 170 mana
334: 155.7 dps, 4000 hp, 170 mana
335: 155.2 dps, 4000 hp, 170 mana
336: 154.8 dps, 4000 hp, 205 mana
337: 154.3 dps, 4000 hp, 205 mana
338: 153.8 dps, 4000 hp, 205 mana
339: 153.4 dps, 4000 hp, 205 mana
340: 152.9 dps, 4000 hp, 205 mana
341: 152.5 dps, 4000 hp, 205 mana
342: 152.0 dps, 4000 hp, 240 mana
343: 151.6 dps, 4000 hp, 240 mana
344: 151.2 dps, 4000 hp, 240 mana
345: 150.7 dps, 4000 hp, 240 mana
346: 150.3 dps, 4000 hp, 240 mana
347: 149.9 dps, 4000 hp, 240 mana
348: 149.4 dps, 4000 hp, 275 mana
349: 149.0 dps, 4000 hp, 275 mana
350: 148.6 dps, 4000 hp, 275 mana
351: 148.1 dps, 4000 hp, 275 mana
352: 147.7 dps, 4000 hp, 275 mana
353: 147.3 dps, 4000 hp, 275 mana
354: 146.9 dps, 4000 hp, 310 mana
355: 146.5 dps, 4000 hp, 310 mana
356: 146.1 dps, 4000 hp, 310 mana
357: 145.7 dps, 4000 hp, 310 mana
358: 145.3 dps, 4000 hp, 310 mana
359: 144.8 dps, 4000 hp, 310 mana
360: 144.4 dps, 4000 hp, 345 mana
361: 144.0 dps, 4000 hp, 345 mana
362: 143.6 dps, 4000 hp, 345 mana
363: 143.3 dps, 4000 hp, 345 mana
364: 142.9 dps, 4000 hp, 345 mana
365: 142.5 dps, 4000 hp, 345 mana
366: 142.1 dps, 4000 hp, 380 mana
367: 141.7 dps, 4000 hp, 380 mana
368: 141.3 dps, 4000 hp, 380 mana
369: 140.9 dps, 4000 hp, 380 mana
370: 140.5 dps, 4000 hp, 380 mana
371: 140.2 dps, 4000 hp, 380 mana
372: startcast CH
372: 139.8 dps, 4000 hp, 415 mana
373: 139.4 dps, 4000 hp, 415 mana
374: 139.0 dps, 4000 hp, 415 mana
375: 138.7 dps, 4000 hp, 415 mana
376: 138.3 dps, 4000 hp, 415 mana
377: 137.9 dps, 4000 hp, 415 mana
378: 137.6 dps, 4000 hp, 430 mana
379: 137.2 dps, 4000 hp, 430 mana
380: 136.8 dps, 4000 hp, 430 mana
381: 136.5 dps, 4000 hp, 430 mana
382: CH tick
382: finished casting CH
382: 146.6 dps, 4000 hp, 30 mana
383: 146.2 dps, 4000 hp, 30 mana
384: 145.8 dps, 4000 hp, 45 mana
385: 145.5 dps, 4000 hp, 45 mana
386: 145.1 dps, 4000 hp, 45 mana
387: 144.7 dps, 4000 hp, 45 mana
388: 144.3 dps, 4000 hp, 45 mana
389: 144.0 dps, 4000 hp, 45 mana
390: 143.6 dps, 4000 hp, 80 mana
391: 143.2 dps, 4000 hp, 80 mana
392: 142.9 dps, 4000 hp, 80 mana
393: 142.5 dps, 4000 hp, 80 mana
394: 142.1 dps, 4000 hp, 80 mana
395: 141.8 dps, 4000 hp, 80 mana
396: 141.4 dps, 4000 hp, 115 mana
397: 141.1 dps, 4000 hp, 115 mana
398: 140.7 dps, 4000 hp, 115 mana
399: 140.4 dps, 4000 hp, 115 mana
400: 140.0 dps, 4000 hp, 115 mana
401: 139.7 dps, 4000 hp, 115 mana
402: 139.3 dps, 4000 hp, 150 mana
403: 139.0 dps, 4000 hp, 150 mana
404: 138.6 dps, 4000 hp, 150 mana
405: 138.3 dps, 4000 hp, 150 mana
406: 137.9 dps, 4000 hp, 150 mana
407: 137.6 dps, 4000 hp, 150 mana
408: 137.3 dps, 4000 hp, 185 mana
409: 136.9 dps, 4000 hp, 185 mana
410: 136.6 dps, 4000 hp, 185 mana
411: 136.3 dps, 4000 hp, 185 mana
412: 135.9 dps, 4000 hp, 185 mana
413: 135.6 dps, 4000 hp, 185 mana
414: 135.3 dps, 4000 hp, 220 mana
415: 134.9 dps, 4000 hp, 220 mana
416: 134.6 dps, 4000 hp, 220 mana
417: 134.3 dps, 4000 hp, 220 mana
418: 134.0 dps, 4000 hp, 220 mana
419: 133.7 dps, 4000 hp, 220 mana
420: 133.3 dps, 4000 hp, 255 mana
421: 133.0 dps, 4000 hp, 255 mana
422: 132.7 dps, 4000 hp, 255 mana
423: 132.4 dps, 4000 hp, 255 mana
424: 132.1 dps, 4000 hp, 255 mana
425: 131.8 dps, 4000 hp, 255 mana
426: 131.5 dps, 4000 hp, 290 mana
427: 131.1 dps, 4000 hp, 290 mana
428: 130.8 dps, 4000 hp, 290 mana
429: 130.5 dps, 4000 hp, 290 mana
430: 130.2 dps, 4000 hp, 290 mana
431: 129.9 dps, 4000 hp, 290 mana
432: 129.6 dps, 4000 hp, 325 mana
433: 129.3 dps, 4000 hp, 325 mana
434: 129.0 dps, 4000 hp, 325 mana
435: 128.7 dps, 4000 hp, 325 mana
436: 128.4 dps, 4000 hp, 325 mana
437: 128.1 dps, 4000 hp, 325 mana
438: 127.9 dps, 4000 hp, 360 mana
439: 127.6 dps, 4000 hp, 360 mana
440: 127.3 dps, 4000 hp, 360 mana
441: 127.0 dps, 4000 hp, 360 mana
442: 126.7 dps, 4000 hp, 360 mana
443: 126.4 dps, 4000 hp, 360 mana
444: 126.1 dps, 4000 hp, 395 mana
445: 125.8 dps, 4000 hp, 395 mana
446: 125.6 dps, 4000 hp, 395 mana
447: 125.3 dps, 4000 hp, 395 mana
448: 125.0 dps, 4000 hp, 395 mana
449: 124.7 dps, 4000 hp, 395 mana
450: startcast CH
450: 124.4 dps, 4000 hp, 430 mana
451: 124.2 dps, 4000 hp, 430 mana
452: 123.9 dps, 4000 hp, 430 mana
453: 123.6 dps, 4000 hp, 430 mana
454: 123.3 dps, 4000 hp, 430 mana
455: 123.1 dps, 4000 hp, 430 mana
456: 122.8 dps, 4000 hp, 445 mana
457: 122.5 dps, 4000 hp, 445 mana
458: 122.3 dps, 4000 hp, 445 mana
459: 122.0 dps, 4000 hp, 445 mana
460: CH tick
460: finished casting CH
460: 130.4 dps, 4000 hp, 45 mana
461: 130.2 dps, 4000 hp, 45 mana
462: 129.9 dps, 4000 hp, 60 mana
463: 129.6 dps, 4000 hp, 60 mana
464: 129.3 dps, 4000 hp, 60 mana
465: 129.0 dps, 4000 hp, 60 mana
466: 128.8 dps, 4000 hp, 60 mana
467: 128.5 dps, 4000 hp, 60 mana
468: 128.2 dps, 4000 hp, 95 mana
469: 127.9 dps, 4000 hp, 95 mana
470: 127.7 dps, 4000 hp, 95 mana
471: 127.4 dps, 4000 hp, 95 mana
472: 127.1 dps, 4000 hp, 95 mana
473: 126.8 dps, 4000 hp, 95 mana
474: 126.6 dps, 4000 hp, 130 mana
475: 126.3 dps, 4000 hp, 130 mana
476: 126.1 dps, 4000 hp, 130 mana
477: 125.8 dps, 4000 hp, 130 mana
478: 125.5 dps, 4000 hp, 130 mana
479: 125.3 dps, 4000 hp, 130 mana
480: 125.0 dps, 4000 hp, 165 mana
481: 124.7 dps, 4000 hp, 165 mana
482: 124.5 dps, 4000 hp, 165 mana
483: 124.2 dps, 4000 hp, 165 mana
484: 124.0 dps, 4000 hp, 165 mana
485: 123.7 dps, 4000 hp, 165 mana
486: 123.5 dps, 4000 hp, 200 mana
487: 123.2 dps, 4000 hp, 200 mana
488: 123.0 dps, 4000 hp, 200 mana
489: 122.7 dps, 4000 hp, 200 mana
490: 122.4 dps, 4000 hp, 200 mana
491: 122.2 dps, 4000 hp, 200 mana
492: 122.0 dps, 4000 hp, 235 mana
493: 121.7 dps, 4000 hp, 235 mana
494: 121.5 dps, 4000 hp, 235 mana
495: 121.2 dps, 4000 hp, 235 mana
496: 121.0 dps, 4000 hp, 235 mana
497: 120.7 dps, 4000 hp, 235 mana
498: 120.5 dps, 4000 hp, 270 mana
499: 120.2 dps, 4000 hp, 270 mana
500: 120.0 dps, 4000 hp, 270 mana
501: 119.8 dps, 4000 hp, 270 mana
502: 119.5 dps, 4000 hp, 270 mana
503: 119.3 dps, 4000 hp, 270 mana
504: 119.0 dps, 4000 hp, 305 mana
505: 118.8 dps, 4000 hp, 305 mana
506: 118.6 dps, 4000 hp, 305 mana
507: 118.3 dps, 4000 hp, 305 mana
508: 118.1 dps, 4000 hp, 305 mana
509: 117.9 dps, 4000 hp, 305 mana
510: 117.6 dps, 4000 hp, 340 mana
511: 117.4 dps, 4000 hp, 340 mana
512: 117.2 dps, 4000 hp, 340 mana
513: 117.0 dps, 4000 hp, 340 mana
514: 116.7 dps, 4000 hp, 340 mana
515: 116.5 dps, 4000 hp, 340 mana
516: 116.3 dps, 4000 hp, 375 mana
517: 116.1 dps, 4000 hp, 375 mana
518: 115.8 dps, 4000 hp, 375 mana
519: 115.6 dps, 4000 hp, 375 mana
520: 115.4 dps, 4000 hp, 375 mana
521: 115.2 dps, 4000 hp, 375 mana
522: startcast CH
522: 114.9 dps, 4000 hp, 410 mana
523: 114.7 dps, 4000 hp, 410 mana
524: 114.5 dps, 4000 hp, 410 mana
525: 114.3 dps, 4000 hp, 410 mana
526: 114.1 dps, 4000 hp, 410 mana
527: 113.9 dps, 4000 hp, 410 mana
528: 113.6 dps, 4000 hp, 425 mana
529: 113.4 dps, 4000 hp, 425 mana
530: 113.2 dps, 4000 hp, 425 mana
531: 113.0 dps, 4000 hp, 425 mana
532: CH tick
532: finished casting CH
532: 120.3 dps, 4000 hp, 25 mana
533: 120.1 dps, 4000 hp, 25 mana
534: 119.9 dps, 4000 hp, 40 mana
535: 119.6 dps, 4000 hp, 40 mana
536: 119.4 dps, 4000 hp, 40 mana
537: 119.2 dps, 4000 hp, 40 mana
538: 119.0 dps, 4000 hp, 40 mana
539: 118.7 dps, 4000 hp, 40 mana
540: 118.5 dps, 4000 hp, 75 mana
541: 118.3 dps, 4000 hp, 75 mana
542: 118.1 dps, 4000 hp, 75 mana
543: 117.9 dps, 4000 hp, 75 mana
544: 117.6 dps, 4000 hp, 75 mana
545: 117.4 dps, 4000 hp, 75 mana
546: 117.2 dps, 4000 hp, 110 mana
547: 117.0 dps, 4000 hp, 110 mana
548: 116.8 dps, 4000 hp, 110 mana
549: 116.6 dps, 4000 hp, 110 mana
550: 116.4 dps, 4000 hp, 110 mana
551: 116.2 dps, 4000 hp, 110 mana
552: 115.9 dps, 4000 hp, 145 mana
553: 115.7 dps, 4000 hp, 145 mana
554: 115.5 dps, 4000 hp, 145 mana
555: 115.3 dps, 4000 hp, 145 mana
556: 115.1 dps, 4000 hp, 145 mana
557: 114.9 dps, 4000 hp, 145 mana
558: 114.7 dps, 4000 hp, 180 mana
559: 114.5 dps, 4000 hp, 180 mana
560: 114.3 dps, 4000 hp, 180 mana
561: 114.1 dps, 4000 hp, 180 mana
562: 113.9 dps, 4000 hp, 180 mana
563: 113.7 dps, 4000 hp, 180 mana
564: 113.5 dps, 4000 hp, 215 mana
565: 113.3 dps, 4000 hp, 215 mana
566: 113.1 dps, 4000 hp, 215 mana
567: 112.9 dps, 4000 hp, 215 mana
568: 112.7 dps, 4000 hp, 215 mana
569: 112.5 dps, 4000 hp, 215 mana
570: 112.3 dps, 4000 hp, 250 mana
571: 112.1 dps, 4000 hp, 250 mana
572: 111.9 dps, 4000 hp, 250 mana
573: 111.7 dps, 4000 hp, 250 mana
574: 111.5 dps, 4000 hp, 250 mana
575: 111.3 dps, 4000 hp, 250 mana
576: 111.1 dps, 4000 hp, 285 mana
577: 110.9 dps, 4000 hp, 285 mana
578: 110.7 dps, 4000 hp, 285 mana
579: 110.5 dps, 4000 hp, 285 mana
580: 110.3 dps, 4000 hp, 285 mana
581: 110.2 dps, 4000 hp, 285 mana
582: 110.0 dps, 4000 hp, 320 mana
583: 109.8 dps, 4000 hp, 320 mana
584: 109.6 dps, 4000 hp, 320 mana
585: 109.4 dps, 4000 hp, 320 mana
586: 109.2 dps, 4000 hp, 320 mana
587: 109.0 dps, 4000 hp, 320 mana
588: 108.8 dps, 4000 hp, 355 mana
589: 108.7 dps, 4000 hp, 355 mana
590: 108.5 dps, 4000 hp, 355 mana
591: 108.3 dps, 4000 hp, 355 mana
592: 108.1 dps, 4000 hp, 355 mana
593: 107.9 dps, 4000 hp, 355 mana
594: 107.7 dps, 4000 hp, 390 mana
595: 107.6 dps, 4000 hp, 390 mana
596: 107.4 dps, 4000 hp, 390 mana
597: 107.2 dps, 4000 hp, 390 mana
598: 107.0 dps, 4000 hp, 390 mana
599: 106.8 dps, 4000 hp, 390 mana
600: startcast CH
600: 106.7 dps, 4000 hp, 425 mana
601: 106.5 dps, 4000 hp, 425 mana
602: 106.3 dps, 4000 hp, 425 mana
603: 106.1 dps, 4000 hp, 425 mana
604: 106.0 dps, 4000 hp, 425 mana
605: 105.8 dps, 4000 hp, 425 mana
606: 105.6 dps, 4000 hp, 440 mana
607: 105.4 dps, 4000 hp, 440 mana
608: 105.3 dps, 4000 hp, 440 mana
609: 105.1 dps, 4000 hp, 440 mana
610: CH tick
610: finished casting CH
610: 111.5 dps, 4000 hp, 40 mana
611: 111.3 dps, 4000 hp, 40 mana
612: 111.1 dps, 4000 hp, 55 mana
613: 110.9 dps, 4000 hp, 55 mana
614: 110.7 dps, 4000 hp, 55 mana
615: 110.6 dps, 4000 hp, 55 mana
616: 110.4 dps, 4000 hp, 55 mana
617: 110.2 dps, 4000 hp, 55 mana
618: 110.0 dps, 4000 hp, 90 mana
619: 109.9 dps, 4000 hp, 90 mana
620: 109.7 dps, 4000 hp, 90 mana
621: 109.5 dps, 4000 hp, 90 mana
622: 109.3 dps, 4000 hp, 90 mana
623: 109.1 dps, 4000 hp, 90 mana
624: 109.0 dps, 4000 hp, 125 mana
625: 108.8 dps, 4000 hp, 125 mana
626: 108.6 dps, 4000 hp, 125 mana
627: 108.5 dps, 4000 hp, 125 mana
628: 108.3 dps, 4000 hp, 125 mana
629: 108.1 dps, 4000 hp, 125 mana
630: 107.9 dps, 4000 hp, 160 mana
631: 107.8 dps, 4000 hp, 160 mana
632: 107.6 dps, 4000 hp, 160 mana
633: 107.4 dps, 4000 hp, 160 mana
634: 107.3 dps, 4000 hp, 160 mana
635: 107.1 dps, 4000 hp, 160 mana
636: 106.9 dps, 4000 hp, 195 mana
637: 106.8 dps, 4000 hp, 195 mana
638: 106.6 dps, 4000 hp, 195 mana
639: 106.4 dps, 4000 hp, 195 mana
640: 106.2 dps, 4000 hp, 195 mana
641: 106.1 dps, 4000 hp, 195 mana
642: 105.9 dps, 4000 hp, 230 mana
643: 105.8 dps, 4000 hp, 230 mana
644: 105.6 dps, 4000 hp, 230 mana
645: 105.4 dps, 4000 hp, 230 mana
646: 105.3 dps, 4000 hp, 230 mana
647: 105.1 dps, 4000 hp, 230 mana
648: 104.9 dps, 4000 hp, 265 mana
649: 104.8 dps, 4000 hp, 265 mana
650: 104.6 dps, 4000 hp, 265 mana
651: 104.5 dps, 4000 hp, 265 mana
652: 104.3 dps, 4000 hp, 265 mana
653: 104.1 dps, 4000 hp, 265 mana
654: 104.0 dps, 4000 hp, 300 mana
655: 103.8 dps, 4000 hp, 300 mana
656: 103.7 dps, 4000 hp, 300 mana
657: 103.5 dps, 4000 hp, 300 mana
658: 103.3 dps, 4000 hp, 300 mana
659: 103.2 dps, 4000 hp, 300 mana
660: 103.0 dps, 4000 hp, 335 mana
661: 102.9 dps, 4000 hp, 335 mana
662: 102.7 dps, 4000 hp, 335 mana
663: 102.6 dps, 4000 hp, 335 mana
664: 102.4 dps, 4000 hp, 335 mana
665: 102.3 dps, 4000 hp, 335 mana
666: 102.1 dps, 4000 hp, 370 mana
667: 101.9 dps, 4000 hp, 370 mana
668: 101.8 dps, 4000 hp, 370 mana
669: 101.6 dps, 4000 hp, 370 mana
670: 101.5 dps, 4000 hp, 370 mana
671: 101.3 dps, 4000 hp, 370 mana
672: startcast CH
672: 101.2 dps, 4000 hp, 405 mana
673: 101.0 dps, 4000 hp, 405 mana
674: 100.9 dps, 4000 hp, 405 mana
675: 100.7 dps, 4000 hp, 405 mana
676: 100.6 dps, 4000 hp, 405 mana
677: 100.4 dps, 4000 hp, 405 mana
678: 100.3 dps, 4000 hp, 420 mana
679: 100.1 dps, 4000 hp, 420 mana
680: 100.0 dps, 4000 hp, 420 mana
681: 99.9 dps, 4000 hp, 420 mana
682: CH tick
682: finished casting CH
682: 105.6 dps, 4000 hp, 20 mana
683: 105.4 dps, 4000 hp, 20 mana
684: 105.3 dps, 4000 hp, 35 mana
685: 105.1 dps, 4000 hp, 35 mana
686: 105.0 dps, 4000 hp, 35 mana
687: 104.8 dps, 4000 hp, 35 mana
688: 104.7 dps, 4000 hp, 35 mana
689: 104.5 dps, 4000 hp, 35 mana
690: 104.3 dps, 4000 hp, 70 mana
691: 104.2 dps, 4000 hp, 70 mana
692: 104.0 dps, 4000 hp, 70 mana
693: 103.9 dps, 4000 hp, 70 mana
694: 103.7 dps, 4000 hp, 70 mana
695: 103.6 dps, 4000 hp, 70 mana
696: 103.4 dps, 4000 hp, 105 mana
697: 103.3 dps, 4000 hp, 105 mana
698: 103.2 dps, 4000 hp, 105 mana
699: 103.0 dps, 4000 hp, 105 mana
700: 102.9 dps, 4000 hp, 105 mana
701: 102.7 dps, 4000 hp, 105 mana
702: 102.6 dps, 4000 hp, 140 mana
703: 102.4 dps, 4000 hp, 140 mana
704: 102.3 dps, 4000 hp, 140 mana
705: 102.1 dps, 4000 hp, 140 mana
706: 102.0 dps, 4000 hp, 140 mana
707: 101.8 dps, 4000 hp, 140 mana
708: 101.7 dps, 4000 hp, 175 mana
709: 101.6 dps, 4000 hp, 175 mana
710: 101.4 dps, 4000 hp, 175 mana
711: 101.3 dps, 4000 hp, 175 mana
712: 101.1 dps, 4000 hp, 175 mana
713: 101.0 dps, 4000 hp, 175 mana
714: 100.8 dps, 4000 hp, 210 mana
715: 100.7 dps, 4000 hp, 210 mana
716: 100.6 dps, 4000 hp, 210 mana
717: 100.4 dps, 4000 hp, 210 mana
718: 100.3 dps, 4000 hp, 210 mana
719: 100.1 dps, 4000 hp, 210 mana
720: 100.0 dps, 4000 hp, 245 mana
721: 99.9 dps, 4000 hp, 245 mana
722: 99.7 dps, 4000 hp, 245 mana
723: 99.6 dps, 4000 hp, 245 mana
724: 99.4 dps, 4000 hp, 245 mana
725: 99.3 dps, 4000 hp, 245 mana
726: 99.2 dps, 4000 hp, 280 mana
727: 99.0 dps, 4000 hp, 280 mana
728: 98.9 dps, 4000 hp, 280 mana
729: 98.8 dps, 4000 hp, 280 mana
730: 98.6 dps, 4000 hp, 280 mana
731: 98.5 dps, 4000 hp, 280 mana
732: 98.4 dps, 4000 hp, 315 mana
733: 98.2 dps, 4000 hp, 315 mana
734: 98.1 dps, 4000 hp, 315 mana
735: 98.0 dps, 4000 hp, 315 mana
736: 97.8 dps, 4000 hp, 315 mana
737: 97.7 dps, 4000 hp, 315 mana
738: 97.6 dps, 4000 hp, 350 mana
739: 97.4 dps, 4000 hp, 350 mana
740: 97.3 dps, 4000 hp, 350 mana
741: 97.2 dps, 4000 hp, 350 mana
742: 97.0 dps, 4000 hp, 350 mana
743: 96.9 dps, 4000 hp, 350 mana
744: 96.8 dps, 4000 hp, 385 mana
745: 96.6 dps, 4000 hp, 385 mana
746: 96.5 dps, 4000 hp, 385 mana
747: 96.4 dps, 4000 hp, 385 mana
748: 96.3 dps, 4000 hp, 385 mana
749: 96.1 dps, 4000 hp, 385 mana
750: startcast CH
750: 96.0 dps, 4000 hp, 420 mana
751: 95.9 dps, 4000 hp, 420 mana
752: 95.7 dps, 4000 hp, 420 mana
753: 95.6 dps, 4000 hp, 420 mana
754: 95.5 dps, 4000 hp, 420 mana
755: 95.4 dps, 4000 hp, 420 mana
756: 95.2 dps, 4000 hp, 435 mana
757: 95.1 dps, 4000 hp, 435 mana
758: 95.0 dps, 4000 hp, 435 mana
759: 94.9 dps, 4000 hp, 435 mana
760: CH tick
760: finished casting CH
760: 100.0 dps, 4000 hp, 35 mana
761: 99.9 dps, 4000 hp, 35 mana
762: 99.7 dps, 4000 hp, 50 mana
763: 99.6 dps, 4000 hp, 50 mana
764: 99.5 dps, 4000 hp, 50 mana
765: 99.3 dps, 4000 hp, 50 mana
766: 99.2 dps, 4000 hp, 50 mana
767: 99.1 dps, 4000 hp, 50 mana
768: 99.0 dps, 4000 hp, 85 mana
769: 98.8 dps, 4000 hp, 85 mana
770: 98.7 dps, 4000 hp, 85 mana
771: 98.6 dps, 4000 hp, 85 mana
772: 98.4 dps, 4000 hp, 85 mana
773: 98.3 dps, 4000 hp, 85 mana
774: 98.2 dps, 4000 hp, 120 mana
775: 98.1 dps, 4000 hp, 120 mana
776: 97.9 dps, 4000 hp, 120 mana
777: 97.8 dps, 4000 hp, 120 mana
778: 97.7 dps, 4000 hp, 120 mana
779: 97.6 dps, 4000 hp, 120 mana
780: 97.4 dps, 4000 hp, 155 mana
781: 97.3 dps, 4000 hp, 155 mana
782: 97.2 dps, 4000 hp, 155 mana
783: 97.1 dps, 4000 hp, 155 mana
784: 96.9 dps, 4000 hp, 155 mana
785: 96.8 dps, 4000 hp, 155 mana
786: 96.7 dps, 4000 hp, 190 mana
787: 96.6 dps, 4000 hp, 190 mana
788: 96.4 dps, 4000 hp, 190 mana
789: 96.3 dps, 4000 hp, 190 mana
790: 96.2 dps, 4000 hp, 190 mana
791: 96.1 dps, 4000 hp, 190 mana
792: 96.0 dps, 4000 hp, 225 mana
793: 95.8 dps, 4000 hp, 225 mana
794: 95.7 dps, 4000 hp, 225 mana
795: 95.6 dps, 4000 hp, 225 mana
796: 95.5 dps, 4000 hp, 225 mana
797: 95.4 dps, 4000 hp, 225 mana
798: 95.2 dps, 4000 hp, 260 mana
799: 95.1 dps, 4000 hp, 260 mana
800: 95.0 dps, 4000 hp, 260 mana
801: 94.9 dps, 4000 hp, 260 mana
802: 94.8 dps, 4000 hp, 260 mana
803: 94.6 dps, 4000 hp, 260 mana
804: 94.5 dps, 4000 hp, 295 mana
805: 94.4 dps, 4000 hp, 295 mana
806: 94.3 dps, 4000 hp, 295 mana
807: 94.2 dps, 4000 hp, 295 mana
808: 94.1 dps, 4000 hp, 295 mana
809: 93.9 dps, 4000 hp, 295 mana
810: 93.8 dps, 4000 hp, 330 mana
811: 93.7 dps, 4000 hp, 330 mana
812: 93.6 dps, 4000 hp, 330 mana
813: 93.5 dps, 4000 hp, 330 mana
814: 93.4 dps, 4000 hp, 330 mana
815: 93.3 dps, 4000 hp, 330 mana
816: 93.1 dps, 4000 hp, 365 mana
817: 93.0 dps, 4000 hp, 365 mana
818: 92.9 dps, 4000 hp, 365 mana
819: 92.8 dps, 4000 hp, 365 mana
820: 92.7 dps, 4000 hp, 365 mana
821: 92.6 dps, 4000 hp, 365 mana
822: startcast CH
822: 92.5 dps, 4000 hp, 400 mana
823: 92.3 dps, 4000 hp, 400 mana
824: 92.2 dps, 4000 hp, 400 mana
825: 92.1 dps, 4000 hp, 400 mana
826: 92.0 dps, 4000 hp, 400 mana
827: 91.9 dps, 4000 hp, 400 mana
828: 91.8 dps, 4000 hp, 415 mana
829: 91.7 dps, 4000 hp, 415 mana
830: 91.6 dps, 4000 hp, 415 mana
831: 91.5 dps, 4000 hp, 415 mana
832: CH tick
832: finished casting CH
832: 96.2 dps, 4000 hp, 15 mana
833: 96.0 dps, 4000 hp, 15 mana
834: 95.9 dps, 4000 hp, 30 mana
835: 95.8 dps, 4000 hp, 30 mana
836: 95.7 dps, 4000 hp, 30 mana
837: 95.6 dps, 4000 hp, 30 mana
838: 95.5 dps, 4000 hp, 30 mana
839: 95.4 dps, 4000 hp, 30 mana
840: 95.2 dps, 4000 hp, 65 mana
841: 95.1 dps, 4000 hp, 65 mana
842: 95.0 dps, 4000 hp, 65 mana
843: 94.9 dps, 4000 hp, 65 mana
844: 94.8 dps, 4000 hp, 65 mana
845: 94.7 dps, 4000 hp, 65 mana
846: 94.6 dps, 4000 hp, 100 mana
847: 94.5 dps, 4000 hp, 100 mana
848: 94.3 dps, 4000 hp, 100 mana
849: 94.2 dps, 4000 hp, 100 mana
850: 94.1 dps, 4000 hp, 100 mana
851: 94.0 dps, 4000 hp, 100 mana
852: 93.9 dps, 4000 hp, 135 mana
853: 93.8 dps, 4000 hp, 135 mana
854: 93.7 dps, 4000 hp, 135 mana
855: 93.6 dps, 4000 hp, 135 mana
856: 93.5 dps, 4000 hp, 135 mana
857: 93.3 dps, 4000 hp, 135 mana
858: 93.2 dps, 4000 hp, 170 mana
859: 93.1 dps, 4000 hp, 170 mana
860: 93.0 dps, 4000 hp, 170 mana
861: 92.9 dps, 4000 hp, 170 mana
862: 92.8 dps, 4000 hp, 170 mana
863: 92.7 dps, 4000 hp, 170 mana
864: 92.6 dps, 4000 hp, 205 mana
865: 92.5 dps, 4000 hp, 205 mana
866: 92.4 dps, 4000 hp, 205 mana
867: 92.3 dps, 4000 hp, 205 mana
868: 92.2 dps, 4000 hp, 205 mana
869: 92.1 dps, 4000 hp, 205 mana
870: 92.0 dps, 4000 hp, 240 mana
871: 91.8 dps, 4000 hp, 240 mana
872: 91.7 dps, 4000 hp, 240 mana
873: 91.6 dps, 4000 hp, 240 mana
874: 91.5 dps, 4000 hp, 240 mana
875: 91.4 dps, 4000 hp, 240 mana
876: 91.3 dps, 4000 hp, 275 mana
877: 91.2 dps, 4000 hp, 275 mana
878: 91.1 dps, 4000 hp, 275 mana
879: 91.0 dps, 4000 hp, 275 mana
880: 90.9 dps, 4000 hp, 275 mana
881: 90.8 dps, 4000 hp, 275 mana
882: 90.7 dps, 4000 hp, 310 mana
883: 90.6 dps, 4000 hp, 310 mana
884: 90.5 dps, 4000 hp, 310 mana
885: 90.4 dps, 4000 hp, 310 mana
886: 90.3 dps, 4000 hp, 310 mana
887: 90.2 dps, 4000 hp, 310 mana
888: 90.1 dps, 4000 hp, 345 mana
889: 90.0 dps, 4000 hp, 345 mana
890: 89.9 dps, 4000 hp, 345 mana
891: 89.8 dps, 4000 hp, 345 mana
892: 89.7 dps, 4000 hp, 345 mana
893: 89.6 dps, 4000 hp, 345 mana
894: 89.5 dps, 4000 hp, 380 mana
895: 89.4 dps, 4000 hp, 380 mana
896: 89.3 dps, 4000 hp, 380 mana
897: 89.2 dps, 4000 hp, 380 mana
898: 89.1 dps, 4000 hp, 380 mana
899: 89.0 dps, 4000 hp, 380 mana
900: startcast CH
900: 88.9 dps, 4000 hp, 415 mana
901: 88.8 dps, 4000 hp, 415 mana
902: 88.7 dps, 4000 hp, 415 mana
903: 88.6 dps, 4000 hp, 415 mana
904: 88.5 dps, 4000 hp, 415 mana
905: 88.4 dps, 4000 hp, 415 mana
906: 88.3 dps, 4000 hp, 430 mana
907: 88.2 dps, 4000 hp, 430 mana
908: 88.1 dps, 4000 hp, 430 mana
909: 88.0 dps, 4000 hp, 430 mana
910: CH tick
910: finished casting CH
910: 92.3 dps, 4000 hp, 30 mana
911: 92.2 dps, 4000 hp, 30 mana
912: 92.1 dps, 4000 hp, 45 mana
913: 92.0 dps, 4000 hp, 45 mana
914: 91.9 dps, 4000 hp, 45 mana
915: 91.8 dps, 4000 hp, 45 mana
916: 91.7 dps, 4000 hp, 45 mana
917: 91.6 dps, 4000 hp, 45 mana
918: 91.5 dps, 4000 hp, 80 mana
919: 91.4 dps, 4000 hp, 80 mana
920: 91.3 dps, 4000 hp, 80 mana
921: 91.2 dps, 4000 hp, 80 mana
922: 91.1 dps, 4000 hp, 80 mana
923: 91.0 dps, 4000 hp, 80 mana
924: 90.9 dps, 4000 hp, 115 mana
925: 90.8 dps, 4000 hp, 115 mana
926: 90.7 dps, 4000 hp, 115 mana
927: 90.6 dps, 4000 hp, 115 mana
928: 90.5 dps, 4000 hp, 115 mana
929: 90.4 dps, 4000 hp, 115 mana
930: 90.3 dps, 4000 hp, 150 mana
931: 90.2 dps, 4000 hp, 150 mana
932: 90.1 dps, 4000 hp, 150 mana
933: 90.0 dps, 4000 hp, 150 mana
934: 89.9 dps, 4000 hp, 150 mana
935: 89.8 dps, 4000 hp, 150 mana
936: 89.7 dps, 4000 hp, 185 mana
937: 89.6 dps, 4000 hp, 185 mana
938: 89.6 dps, 4000 hp, 185 mana
939: 89.5 dps, 4000 hp, 185 mana
940: 89.4 dps, 4000 hp, 185 mana
941: 89.3 dps, 4000 hp, 185 mana
942: 89.2 dps, 4000 hp, 220 mana
943: 89.1 dps, 4000 hp, 220 mana
944: 89.0 dps, 4000 hp, 220 mana
945: 88.9 dps, 4000 hp, 220 mana
946: 88.8 dps, 4000 hp, 220 mana
947: 88.7 dps, 4000 hp, 220 mana
948: 88.6 dps, 4000 hp, 255 mana
949: 88.5 dps, 4000 hp, 255 mana
950: 88.4 dps, 4000 hp, 255 mana
951: 88.3 dps, 4000 hp, 255 mana
952: 88.2 dps, 4000 hp, 255 mana
953: 88.1 dps, 4000 hp, 255 mana
954: 88.1 dps, 4000 hp, 290 mana
955: 88.0 dps, 4000 hp, 290 mana
956: 87.9 dps, 4000 hp, 290 mana
957: 87.8 dps, 4000 hp, 290 mana
958: 87.7 dps, 4000 hp, 290 mana
959: 87.6 dps, 4000 hp, 290 mana
960: 87.5 dps, 4000 hp, 325 mana
961: 87.4 dps, 4000 hp, 325 mana
962: 87.3 dps, 4000 hp, 325 mana
963: 87.2 dps, 4000 hp, 325 mana
964: 87.1 dps, 4000 hp, 325 mana
965: 87.0 dps, 4000 hp, 325 mana
966: 87.0 dps, 4000 hp, 360 mana
967: 86.9 dps, 4000 hp, 360 mana
968: 86.8 dps, 4000 hp, 360 mana
969: 86.7 dps, 4000 hp, 360 mana
970: 86.6 dps, 4000 hp, 360 mana
971: 86.5 dps, 4000 hp, 360 mana
972: 86.4 dps, 4000 hp, 395 mana
973: 86.3 dps, 4000 hp, 395 mana
974: 86.2 dps, 4000 hp, 395 mana
975: 86.2 dps, 4000 hp, 395 mana
976: 86.1 dps, 4000 hp, 395 mana
977: 86.0 dps, 4000 hp, 395 mana
978: startcast CH
978: 85.9 dps, 4000 hp, 430 mana
979: 85.8 dps, 4000 hp, 430 mana
980: 85.7 dps, 4000 hp, 430 mana
981: 85.6 dps, 4000 hp, 430 mana
982: 85.5 dps, 4000 hp, 430 mana
983: 85.5 dps, 4000 hp, 430 mana
984: 85.4 dps, 4000 hp, 445 mana
985: 85.3 dps, 4000 hp, 445 mana
986: 85.2 dps, 4000 hp, 445 mana
987: 85.1 dps, 4000 hp, 445 mana
988: CH tick
988: finished casting CH
988: 89.1 dps, 4000 hp, 45 mana
989: 89.0 dps, 4000 hp, 45 mana
990: 88.9 dps, 4000 hp, 60 mana
991: 88.8 dps, 4000 hp, 60 mana
992: 88.7 dps, 4000 hp, 60 mana
993: 88.6 dps, 4000 hp, 60 mana
994: 88.5 dps, 4000 hp, 60 mana
995: 88.4 dps, 4000 hp, 60 mana
996: 88.4 dps, 4000 hp, 95 mana
997: 88.3 dps, 4000 hp, 95 mana
998: 88.2 dps, 4000 hp, 95 mana
999: 88.1 dps, 4000 hp, 95 mana
1000: 88.0 dps, 4000 hp, 95 mana
1001: 87.9 dps, 4000 hp, 95 mana
1002: 87.8 dps, 4000 hp, 130 mana
1003: 87.7 dps, 4000 hp, 130 mana
1004: 87.6 dps, 4000 hp, 130 mana
1005: 87.6 dps, 4000 hp, 130 mana
1006: 87.5 dps, 4000 hp, 130 mana
1007: 87.4 dps, 4000 hp, 130 mana
1008: 87.3 dps, 4000 hp, 165 mana
1009: 87.2 dps, 4000 hp, 165 mana
1010: 87.1 dps, 4000 hp, 165 mana
1011: 87.0 dps, 4000 hp, 165 mana
1012: 87.0 dps, 4000 hp, 165 mana
1013: 86.9 dps, 4000 hp, 165 mana
1014: 86.8 dps, 4000 hp, 200 mana
1015: 86.7 dps, 4000 hp, 200 mana
1016: 86.6 dps, 4000 hp, 200 mana
1017: 86.5 dps, 4000 hp, 200 mana
1018: 86.4 dps, 4000 hp, 200 mana
1019: 86.4 dps, 4000 hp, 200 mana
1020: 86.3 dps, 4000 hp, 235 mana
1021: 86.2 dps, 4000 hp, 235 mana
1022: 86.1 dps, 4000 hp, 235 mana
1023: 86.0 dps, 4000 hp, 235 mana
1024: 85.9 dps, 4000 hp, 235 mana
1025: 85.9 dps, 4000 hp, 235 mana
1026: 85.8 dps, 4000 hp, 270 mana
1027: 85.7 dps, 4000 hp, 270 mana
1028: 85.6 dps, 4000 hp, 270 mana
1029: 85.5 dps, 4000 hp, 270 mana
1030: 85.4 dps, 4000 hp, 270 mana
1031: 85.4 dps, 4000 hp, 270 mana
1032: 85.3 dps, 4000 hp, 305 mana
1033: 85.2 dps, 4000 hp, 305 mana
1034: 85.1 dps, 4000 hp, 305 mana
1035: 85.0 dps, 4000 hp, 305 mana
1036: 84.9 dps, 4000 hp, 305 mana
1037: 84.9 dps, 4000 hp, 305 mana
1038: 84.8 dps, 4000 hp, 340 mana
1039: 84.7 dps, 4000 hp, 340 mana
1040: 84.6 dps, 4000 hp, 340 mana
1041: 84.5 dps, 4000 hp, 340 mana
1042: 84.5 dps, 4000 hp, 340 mana
1043: 84.4 dps, 4000 hp, 340 mana
1044: 84.3 dps, 4000 hp, 375 mana
1045: 84.2 dps, 4000 hp, 375 mana
1046: 84.1 dps, 4000 hp, 375 mana
1047: 84.0 dps, 4000 hp, 375 mana
1048: 84.0 dps, 4000 hp, 375 mana
1049: 83.9 dps, 4000 hp, 375 mana
1050: startcast CH
1050: 83.8 dps, 4000 hp, 410 mana
1051: 83.7 dps, 4000 hp, 410 mana
1052: 83.7 dps, 4000 hp, 410 mana
1053: 83.6 dps, 4000 hp, 410 mana
1054: 83.5 dps, 4000 hp, 410 mana
1055: 83.4 dps, 4000 hp, 410 mana
1056: 83.3 dps, 4000 hp, 425 mana
1057: 83.3 dps, 4000 hp, 425 mana
1058: 83.2 dps, 4000 hp, 425 mana
1059: 83.1 dps, 4000 hp, 425 mana
1060: CH tick
1060: finished casting CH
1060: 86.8 dps, 4000 hp, 25 mana
1061: 86.7 dps, 4000 hp, 25 mana
1062: 86.6 dps, 4000 hp, 40 mana
1063: 86.5 dps, 4000 hp, 40 mana
1064: 86.5 dps, 4000 hp, 40 mana
1065: 86.4 dps, 4000 hp, 40 mana
1066: 86.3 dps, 4000 hp, 40 mana
1067: 86.2 dps, 4000 hp, 40 mana
1068: 86.1 dps, 4000 hp, 75 mana
1069: 86.1 dps, 4000 hp, 75 mana
1070: 86.0 dps, 4000 hp, 75 mana
1071: 85.9 dps, 4000 hp, 75 mana
1072: 85.8 dps, 4000 hp, 75 mana
1073: 85.7 dps, 4000 hp, 75 mana
1074: 85.7 dps, 4000 hp, 110 mana
1075: 85.6 dps, 4000 hp, 110 mana
1076: 85.5 dps, 4000 hp, 110 mana
1077: 85.4 dps, 4000 hp, 110 mana
1078: 85.3 dps, 4000 hp, 110 mana
1079: 85.3 dps, 4000 hp, 110 mana
1080: 85.2 dps, 4000 hp, 145 mana
1081: 85.1 dps, 4000 hp, 145 mana
1082: 85.0 dps, 4000 hp, 145 mana
1083: 84.9 dps, 4000 hp, 145 mana
1084: 84.9 dps, 4000 hp, 145 mana
1085: 84.8 dps, 4000 hp, 145 mana
1086: 84.7 dps, 4000 hp, 180 mana
1087: 84.6 dps, 4000 hp, 180 mana
1088: 84.6 dps, 4000 hp, 180 mana
1089: 84.5 dps, 4000 hp, 180 mana
1090: 84.4 dps, 4000 hp, 180 mana
1091: 84.3 dps, 4000 hp, 180 mana
1092: 84.2 dps, 4000 hp, 215 mana
1093: 84.2 dps, 4000 hp, 215 mana
1094: 84.1 dps, 4000 hp, 215 mana
1095: 84.0 dps, 4000 hp, 215 mana
1096: 83.9 dps, 4000 hp, 215 mana
1097: 83.9 dps, 4000 hp, 215 mana
1098: 83.8 dps, 4000 hp, 250 mana
1099: 83.7 dps, 4000 hp, 250 mana
1100: 83.6 dps, 4000 hp, 250 mana
1101: 83.6 dps, 4000 hp, 250 mana
1102: 83.5 dps, 4000 hp, 250 mana
1103: 83.4 dps, 4000 hp, 250 mana
1104: 83.3 dps, 4000 hp, 285 mana
1105: 83.3 dps, 4000 hp, 285 mana
1106: 83.2 dps, 4000 hp, 285 mana
1107: 83.1 dps, 4000 hp, 285 mana
1108: 83.0 dps, 4000 hp, 285 mana
1109: 83.0 dps, 4000 hp, 285 mana
1110: 82.9 dps, 4000 hp, 320 mana
1111: 82.8 dps, 4000 hp, 320 mana
1112: 82.7 dps, 4000 hp, 320 mana
1113: 82.7 dps, 4000 hp, 320 mana
1114: 82.6 dps, 4000 hp, 320 mana
1115: 82.5 dps, 4000 hp, 320 mana
1116: 82.4 dps, 4000 hp, 355 mana
1117: 82.4 dps, 4000 hp, 355 mana
1118: 82.3 dps, 4000 hp, 355 mana
1119: 82.2 dps, 4000 hp, 355 mana
1120: 82.1 dps, 4000 hp, 355 mana
1121: 82.1 dps, 4000 hp, 355 mana
1122: 82.0 dps, 4000 hp, 390 mana
1123: 81.9 dps, 4000 hp, 390 mana
1124: 81.9 dps, 4000 hp, 390 mana
1125: 81.8 dps, 4000 hp, 390 mana
1126: 81.7 dps, 4000 hp, 390 mana
1127: 81.6 dps, 4000 hp, 390 mana
1128: startcast CH
1128: 81.6 dps, 4000 hp, 425 mana
1129: 81.5 dps, 4000 hp, 425 mana
1130: 81.4 dps, 4000 hp, 425 mana
1131: 81.3 dps, 4000 hp, 425 mana
1132: 81.3 dps, 4000 hp, 425 mana
1133: 81.2 dps, 4000 hp, 425 mana
1134: 81.1 dps, 4000 hp, 440 mana
1135: 81.1 dps, 4000 hp, 440 mana
1136: 81.0 dps, 4000 hp, 440 mana
1137: 80.9 dps, 4000 hp, 440 mana
1138: CH tick
1138: finished casting CH
1138: 84.4 dps, 4000 hp, 40 mana
1139: 84.3 dps, 4000 hp, 40 mana
1140: 84.2 dps, 4000 hp, 55 mana
1141: 84.1 dps, 4000 hp, 55 mana
1142: 84.1 dps, 4000 hp, 55 mana
1143: 84.0 dps, 4000 hp, 55 mana
1144: 83.9 dps, 4000 hp, 55 mana
1145: 83.8 dps, 4000 hp, 55 mana
1146: 83.8 dps, 4000 hp, 90 mana
1147: 83.7 dps, 4000 hp, 90 mana
1148: 83.6 dps, 4000 hp, 90 mana
1149: 83.6 dps, 4000 hp, 90 mana
1150: 83.5 dps, 4000 hp, 90 mana
1151: 83.4 dps, 4000 hp, 90 mana
1152: 83.3 dps, 4000 hp, 125 mana
1153: 83.3 dps, 4000 hp, 125 mana
1154: 83.2 dps, 4000 hp, 125 mana
1155: 83.1 dps, 4000 hp, 125 mana
1156: 83.0 dps, 4000 hp, 125 mana
1157: 83.0 dps, 4000 hp, 125 mana
1158: 82.9 dps, 4000 hp, 160 mana
1159: 82.8 dps, 4000 hp, 160 mana
1160: 82.8 dps, 4000 hp, 160 mana
1161: 82.7 dps, 4000 hp, 160 mana
1162: 82.6 dps, 4000 hp, 160 mana
1163: 82.5 dps, 4000 hp, 160 mana
1164: 82.5 dps, 4000 hp, 195 mana
1165: 82.4 dps, 4000 hp, 195 mana
1166: 82.3 dps, 4000 hp, 195 mana
1167: 82.3 dps, 4000 hp, 195 mana
1168: 82.2 dps, 4000 hp, 195 mana
1169: 82.1 dps, 4000 hp, 195 mana
1170: 82.1 dps, 4000 hp, 230 mana
1171: 82.0 dps, 4000 hp, 230 mana
1172: 81.9 dps, 4000 hp, 230 mana
1173: 81.8 dps, 4000 hp, 230 mana
1174: 81.8 dps, 4000 hp, 230 mana
1175: 81.7 dps, 4000 hp, 230 mana
1176: 81.6 dps, 4000 hp, 265 mana
1177: 81.6 dps, 4000 hp, 265 mana
1178: 81.5 dps, 4000 hp, 265 mana
1179: 81.4 dps, 4000 hp, 265 mana
1180: 81.4 dps, 4000 hp, 265 mana
1181: 81.3 dps, 4000 hp, 265 mana
1182: 81.2 dps, 4000 hp, 300 mana
1183: 81.1 dps, 4000 hp, 300 mana
1184: 81.1 dps, 4000 hp, 300 mana
1185: 81.0 dps, 4000 hp, 300 mana
1186: 80.9 dps, 4000 hp, 300 mana
1187: 80.9 dps, 4000 hp, 300 mana
1188: 80.8 dps, 4000 hp, 335 mana
1189: 80.7 dps, 4000 hp, 335 mana
1190: 80.7 dps, 4000 hp, 335 mana
1191: 80.6 dps, 4000 hp, 335 mana
1192: 80.5 dps, 4000 hp, 335 mana
1193: 80.5 dps, 4000 hp, 335 mana
1194: 80.4 dps, 4000 hp, 370 mana
1195: 80.3 dps, 4000 hp, 370 mana
1196: 80.3 dps, 4000 hp, 370 mana
1197: 80.2 dps, 4000 hp, 370 mana
1198: 80.1 dps, 4000 hp, 370 mana
1199: 80.1 dps, 4000 hp, 370 mana
1200: startcast CH
1200: 80.0 dps, 4000 hp, 405 mana
