1: startcast miniCH
1: 0.0 dps, 4000 hp, 4000 mana
2: 0.0 dps, 4000 hp, 4000 mana
3: 0.0 dps, 4000 hp, 4000 mana
4: 0.0 dps, 4000 hp, 4000 mana
5: 0.0 dps, 4000 hp, 4000 mana
6: 0.0 dps, 4000 hp, 4000 mana
7: 0.0 dps, 4000 hp, 4000 mana
8: 0.0 dps, 4000 hp, 4000 mana
9: 0.0 dps, 4000 hp, 4000 mana
10: 0.0 dps, 4000 hp, 4000 mana
11: miniCH tick
11: finished casting miniCH
11: 265.9 dps, 4000 hp, 3600 mana
12: 243.8 dps, 4000 hp, 3618 mana
13: 225.0 dps, 4000 hp, 3618 mana
14: startcast miniCH
14: 208.9 dps, 4000 hp, 3618 mana
15: 195.0 dps, 4000 hp, 3618 mana
16: 182.8 dps, 4000 hp, 3618 mana
17: 172.1 dps, 4000 hp, 3618 mana
18: 162.5 dps, 4000 hp, 3636 mana
19: 153.9 dps, 4000 hp, 3636 mana
20: 146.2 dps, 4000 hp, 3636 mana
21: 139.3 dps, 4000 hp, 3636 mana
22: 133.0 dps, 4000 hp, 3636 mana
23: 127.2 dps, 4000 hp, 3636 mana
24: miniCH tick
24: finished casting miniCH
24: 243.8 dps, 4000 hp, 3254 mana
25: 234.0 dps, 4000 hp, 3254 mana
26: 225.0 dps, 4000 hp, 3254 mana
27: startcast miniCH
27: 216.7 dps, 4000 hp, 3254 mana
28: 208.9 dps, 4000 hp, 3254 mana
29: 201.7 dps, 4000 hp, 3254 mana
30: 195.0 dps, 4000 hp, 3272 mana
31: 188.7 dps, 4000 hp, 3272 mana
32: 182.8 dps, 4000 hp, 3272 mana
33: 177.3 dps, 4000 hp, 3272 mana
34: 172.1 dps, 4000 hp, 3272 mana
35: 167.1 dps, 4000 hp, 3272 mana
36: 162.5 dps, 4000 hp, 3290 mana
37: miniCH tick
37: finished casting miniCH
37: 237.2 dps, 4000 hp, 2890 mana
38: 230.9 dps, 4000 hp, 2890 mana
39: 225.0 dps, 4000 hp, 2890 mana
40: startcast miniCH
40: 219.4 dps, 4000 hp, 2890 mana
41: 214.0 dps, 4000 hp, 2890 mana
42: 208.9 dps, 4000 hp, 2908 mana
43: 204.1 dps, 4000 hp, 2908 mana
44: 199.4 dps, 4000 hp, 2908 mana
45: 195.0 dps, 4000 hp, 2908 mana
46: 190.8 dps, 4000 hp, 2908 mana
47: 186.7 dps, 4000 hp, 2908 mana
48: 182.8 dps, 4000 hp, 2926 mana
49: 179.1 dps, 4000 hp, 2926 mana
50: miniCH tick
50: finished casting miniCH
50: 234.0 dps, 4000 hp, 2526 mana
51: 229.4 dps, 4000 hp, 2526 mana
52: 225.0 dps, 4000 hp, 2526 mana
53: startcast miniCH
53: 220.8 dps, 4000 hp, 2526 mana
54: 216.7 dps, 4000 hp, 2544 mana
55: 212.7 dps, 4000 hp, 2544 mana
56: 208.9 dps, 4000 hp, 2544 mana
57: 205.3 dps, 4000 hp, 2544 mana
58: 201.7 dps, 4000 hp, 2544 mana
59: 198.3 dps, 4000 hp, 2544 mana
60: 195.0 dps, 4000 hp, 2562 mana
61: 191.8 dps, 4000 hp, 2562 mana
62: 188.7 dps, 4000 hp, 2562 mana
63: miniCH tick
63: finished casting miniCH
63: 232.1 dps, 4000 hp, 2162 mana
64: 228.5 dps, 4000 hp, 2162 mana
65: 225.0 dps, 4000 hp, 2162 mana
66: startcast miniCH
66: 221.6 dps, 4000 hp, 2180 mana
67: 218.3 dps, 4000 hp, 2180 mana
68: 215.1 dps, 4000 hp, 2180 mana
69: 212.0 dps, 4000 hp, 2180 mana
70: 208.9 dps, 4000 hp, 2180 mana
71: 206.0 dps, 4000 hp, 2180 mana
72: 203.1 dps, 4000 hp, 2198 mana
73: 200.3 dps, 4000 hp, 2198 mana
74: 197.6 dps, 4000 hp, 2198 mana
75: 195.0 dps, 4000 hp, 2198 mana
76: miniCH tick
76: finished casting miniCH
76: 230.9 dps, 4000 hp, 1798 mana
77: 227.9 dps, 4000 hp, 1798 mana
78: 225.0 dps, 4000 hp, 1816 mana
79: startcast miniCH
79: 222.2 dps, 4000 hp, 1816 mana
80: 219.4 dps, 4000 hp, 1816 mana
81: 216.7 dps, 4000 hp, 1816 mana
82: 214.0 dps, 4000 hp, 1816 mana
83: 211.4 dps, 4000 hp, 1816 mana
84: 208.9 dps, 4000 hp, 1834 mana
85: 206.5 dps, 4000 hp, 1834 mana
86: 204.1 dps, 4000 hp, 1834 mana
87: 201.7 dps, 4000 hp, 1834 mana
88: 199.4 dps, 4000 hp, 1834 mana
89: miniCH tick
89: finished casting miniCH
89: 230.1 dps, 4000 hp, 1434 mana
90: 227.5 dps, 4000 hp, 1452 mana
91: 225.0 dps, 4000 hp, 1452 mana
92: startcast miniCH
92: 222.6 dps, 4000 hp, 1452 mana
93: 220.2 dps, 4000 hp, 1452 mana
94: 217.8 dps, 4000 hp, 1452 mana
95: 215.5 dps, 4000 hp, 1452 mana
96: 213.3 dps, 4000 hp, 1470 mana
97: 211.1 dps, 4000 hp, 1470 mana
98: 208.9 dps, 4000 hp, 1470 mana
99: 206.8 dps, 4000 hp, 1470 mana
100: 204.8 dps, 4000 hp, 1470 mana
101: 202.7 dps, 4000 hp, 1470 mana
102: miniCH tick
102: finished casting miniCH
102: 229.4 dps, 4000 hp, 1088 mana
103: 227.2 dps, 4000 hp, 1088 mana
104: 225.0 dps, 4000 hp, 1088 mana
105: startcast miniCH
105: 222.9 dps, 4000 hp, 1088 mana
106: 220.8 dps, 4000 hp, 1088 mana
107: 218.7 dps, 4000 hp, 1088 mana
108: 216.7 dps, 4000 hp, 1106 mana
109: 214.7 dps, 4000 hp, 1106 mana
110: 212.7 dps, 4000 hp, 1106 mana
111: 210.8 dps, 4000 hp, 1106 mana
112: 208.9 dps, 4000 hp, 1106 mana
113: 207.1 dps, 4000 hp, 1106 mana
114: 205.3 dps, 4000 hp, 1124 mana
115: miniCH tick
115: finished casting miniCH
115: 228.9 dps, 4000 hp, 724 mana
116: 226.9 dps, 4000 hp, 724 mana
117: 225.0 dps, 4000 hp, 724 mana
118: startcast miniCH
118: 223.1 dps, 4000 hp, 724 mana
119: 221.2 dps, 4000 hp, 724 mana
120: 219.4 dps, 4000 hp, 742 mana
121: 217.6 dps, 4000 hp, 742 mana
122: 215.8 dps, 4000 hp, 742 mana
123: 214.0 dps, 4000 hp, 742 mana
124: 212.3 dps, 4000 hp, 742 mana
125: 210.6 dps, 4000 hp, 742 mana
126: 208.9 dps, 4000 hp, 760 mana
127: 207.3 dps, 4000 hp, 760 mana
128: miniCH tick
128: finished casting miniCH
128: 228.5 dps, 4000 hp, 360 mana
129: 226.7 dps, 4000 hp, 360 mana
130: 225.0 dps, 4000 hp, 360 mana
131: 223.3 dps, 4000 hp, 360 mana
132: 221.6 dps, 4000 hp, 398 mana
133: 219.9 dps, 4000 hp, 398 mana
134: 218.3 dps, 4000 hp, 398 mana
135: 216.7 dps, 4000 hp, 398 mana
136: 215.1 dps, 4000 hp, 398 mana
137: 213.5 dps, 4000 hp, 398 mana
138: startcast miniCH
138: 212.0 dps, 4000 hp, 436 mana
139: 210.4 dps, 4000 hp, 436 mana
140: 208.9 dps, 4000 hp, 436 mana
141: 207.4 dps, 4000 hp, 436 mana
142: 206.0 dps, 4000 hp, 436 mana
143: 204.5 dps, 4000 hp, 436 mana
144: 203.1 dps, 4000 hp, 454 mana
145: 201.7 dps, 4000 hp, 454 mana
146: 200.3 dps, 4000 hp, 454 mana
147: 199.0 dps, 4000 hp, 454 mana
148: miniCH tick
148: finished casting miniCH
148: 217.4 dps, 4000 hp, 54 mana
149: 215.9 dps, 4000 hp, 54 mana
150: 214.5 dps, 4000 hp, 72 mana
151: 213.1 dps, 4000 hp, 72 mana
152: 211.7 dps, 4000 hp, 72 mana
153: 210.3 dps, 4000 hp, 72 mana
154: 208.9 dps, 4000 hp, 72 mana
155: 207.6 dps, 4000 hp, 72 mana
156: 206.2 dps, 4000 hp, 110 mana
157: 204.9 dps, 4000 hp, 110 mana
158: 203.6 dps, 4000 hp, 110 mana
159: 202.4 dps, 4000 hp, 110 mana
160: 201.1 dps, 4000 hp, 110 mana
161: 199.8 dps, 4000 hp, 110 mana
162: 198.6 dps, 4000 hp, 148 mana
163: 197.4 dps, 4000 hp, 148 mana
164: 196.2 dps, 4000 hp, 148 mana
165: 195.0 dps, 4000 hp, 148 mana
166: 193.8 dps, 4000 hp, 148 mana
167: 192.7 dps, 4000 hp, 148 mana
168: 191.5 dps, 4000 hp, 186 mana
169: 190.4 dps, 4000 hp, 186 mana
170: 189.3 dps, 4000 hp, 186 mana
171: 188.2 dps, 4000 hp, 186 mana
172: 187.1 dps, 4000 hp, 186 mana
173: 186.0 dps, 4000 hp, 186 mana
174: 184.9 dps, 4000 hp, 224 mana
175: 183.9 dps, 4000 hp, 224 mana
176: 182.8 dps, 4000 hp, 224 mana
177: 181.8 dps, 4000 hp, 224 mana
178: 180.8 dps, 4000 hp, 224 mana
179: 179.7 dps, 4000 hp, 224 mana
180: 178.8 dps, 4000 hp, 262 mana
181: 177.8 dps, 4000 hp, 262 mana
182: 176.8 dps, 4000 hp, 262 mana
183: 175.8 dps, 4000 hp, 262 mana
184: 174.9 dps, 4000 hp, 262 mana
185: 173.9 dps, 4000 hp, 262 mana
186: 173.0 dps, 4000 hp, 300 mana
187: 172.1 dps, 4000 hp, 300 mana
188: 171.1 dps, 4000 hp, 300 mana
189: 170.2 dps, 4000 hp, 300 mana
190: 169.3 dps, 4000 hp, 300 mana
191: 168.5 dps, 4000 hp, 300 mana
192: 167.6 dps, 4000 hp, 338 mana
193: 166.7 dps, 4000 hp, 338 mana
194: 165.9 dps, 4000 hp, 338 mana
195: 165.0 dps, 4000 hp, 338 mana
196: 164.2 dps, 4000 hp, 338 mana
197: 163.3 dps, 4000 hp, 338 mana
198: 162.5 dps, 4000 hp, 376 mana
199: 161.7 dps, 4000 hp, 376 mana
200: 160.9 dps, 4000 hp, 376 mana
201: 160.1 dps, 4000 hp, 376 mana
202: 159.3 dps, 4000 hp, 376 mana
203: 158.5 dps, 4000 hp, 376 mana
204: startcast miniCH
204: 157.7 dps, 4000 hp, 414 mana
205: 157.0 dps, 4000 hp, 414 mana
206: 156.2 dps, 4000 hp, 414 mana
207: 155.4 dps, 4000 hp, 414 mana
208: 154.7 dps, 4000 hp, 414 mana
209: 153.9 dps, 4000 hp, 414 mana
210: 153.2 dps, 4000 hp, 432 mana
211: 152.5 dps, 4000 hp, 432 mana
212: 151.8 dps, 4000 hp, 432 mana
213: 151.1 dps, 4000 hp, 432 mana
214: miniCH tick
214: finished casting miniCH
214: 164.0 dps, 4000 hp, 32 mana
215: 163.3 dps, 4000 hp, 32 mana
216: 162.5 dps, 4000 hp, 50 mana
217: 161.8 dps, 4000 hp, 50 mana
218: 161.0 dps, 4000 hp, 50 mana
219: 160.3 dps, 4000 hp, 50 mana
220: 159.5 dps, 4000 hp, 50 mana
221: 158.8 dps, 4000 hp, 50 mana
222: 158.1 dps, 4000 hp, 88 mana
223: 157.4 dps, 4000 hp, 88 mana
224: 156.7 dps, 4000 hp, 88 mana
225: 156.0 dps, 4000 hp, 88 mana
226: 155.3 dps, 4000 hp, 88 mana
227: 154.6 dps, 4000 hp, 88 mana
228: 153.9 dps, 4000 hp, 126 mana
229: 153.3 dps, 4000 hp, 126 mana
230: 152.6 dps, 4000 hp, 126 mana
231: 151.9 dps, 4000 hp, 126 mana
232: 151.3 dps, 4000 hp, 126 mana
233: 150.6 dps, 4000 hp, 126 mana
234: 150.0 dps, 4000 hp, 164 mana
235: 149.4 dps, 4000 hp, 164 mana
236: 148.7 dps, 4000 hp, 164 mana
237: 148.1 dps, 4000 hp, 164 mana
238: 147.5 dps, 4000 hp, 164 mana
239: 146.9 dps, 4000 hp, 164 mana
240: 146.2 dps, 4000 hp, 202 mana
241: 145.6 dps, 4000 hp, 202 mana
242: 145.0 dps, 4000 hp, 202 mana
243: 144.4 dps, 4000 hp, 202 mana
244: 143.9 dps, 4000 hp, 202 mana
245: 143.3 dps, 4000 hp, 202 mana
246: 142.7 dps, 4000 hp, 240 mana
247: 142.1 dps, 4000 hp, 240 mana
248: 141.5 dps, 4000 hp, 240 mana
249: 141.0 dps, 4000 hp, 240 mana
250: 140.4 dps, 4000 hp, 240 mana
251: 139.8 dps, 4000 hp, 240 mana
252: 139.3 dps, 4000 hp, 278 mana
253: 138.7 dps, 4000 hp, 278 mana
254: 138.2 dps, 4000 hp, 278 mana
255: 137.6 dps, 4000 hp, 278 mana
256: 137.1 dps, 4000 hp, 278 mana
257: 136.6 dps, 4000 hp, 278 mana
258: 136.0 dps, 4000 hp, 316 mana
259: 135.5 dps, 4000 hp, 316 mana
260: 135.0 dps, 4000 hp, 316 mana
261: 134.5 dps, 4000 hp, 316 mana
262: 134.0 dps, 4000 hp, 316 mana
263: 133.5 dps, 4000 hp, 316 mana
264: 133.0 dps, 4000 hp, 354 mana
265: 132.5 dps, 4000 hp, 354 mana
266: 132.0 dps, 4000 hp, 354 mana
267: 131.5 dps, 4000 hp, 354 mana
268: 131.0 dps, 4000 hp, 354 mana
269: 130.5 dps, 4000 hp, 354 mana
270: 130.0 dps, 4000 hp, 392 mana
271: 129.5 dps, 4000 hp, 392 mana
272: 129.0 dps, 4000 hp, 392 mana
273: 128.6 dps, 4000 hp, 392 mana
274: 128.1 dps, 4000 hp, 392 mana
275: 127.6 dps, 4000 hp, 392 mana
276: startcast miniCH
276: 127.2 dps, 4000 hp, 430 mana
277: 126.7 dps, 4000 hp, 430 mana
278: 126.3 dps, 4000 hp, 430 mana
279: 125.8 dps, 4000 hp, 430 mana
280: 125.4 dps, 4000 hp, 430 mana
281: 124.9 dps, 4000 hp, 430 mana
282: 124.5 dps, 4000 hp, 448 mana
283: 124.0 dps, 4000 hp, 448 mana
284: 123.6 dps, 4000 hp, 448 mana
285: 123.2 dps, 4000 hp, 448 mana
286: miniCH tick
286: finished casting miniCH
286: 133.0 dps, 4000 hp, 48 mana
287: 132.5 dps, 4000 hp, 48 mana
288: 132.0 dps, 4000 hp, 66 mana
289: 131.6 dps, 4000 hp, 66 mana
290: 131.1 dps, 4000 hp, 66 mana
291: 130.7 dps, 4000 hp, 66 mana
292: 130.2 dps, 4000 hp, 66 mana
293: 129.8 dps, 4000 hp, 66 mana
294: 129.3 dps, 4000 hp, 104 mana
295: 128.9 dps, 4000 hp, 104 mana
296: 128.5 dps, 4000 hp, 104 mana
297: 128.0 dps, 4000 hp, 104 mana
298: 127.6 dps, 4000 hp, 104 mana
299: 127.2 dps, 4000 hp, 104 mana
300: 126.8 dps, 4000 hp, 142 mana
301: 126.3 dps, 4000 hp, 142 mana
302: 125.9 dps, 4000 hp, 142 mana
303: 125.5 dps, 4000 hp, 142 mana
304: 125.1 dps, 4000 hp, 142 mana
305: 124.7 dps, 4000 hp, 142 mana
306: 124.3 dps, 4000 hp, 180 mana
307: 123.9 dps, 4000 hp, 180 mana
308: 123.5 dps, 4000 hp, 180 mana
309: 123.1 dps, 4000 hp, 180 mana
310: 122.7 dps, 4000 hp, 180 mana
311: 122.3 dps, 4000 hp, 180 mana
312: 121.9 dps, 4000 hp, 218 mana
313: 121.5 dps, 4000 hp, 218 mana
314: 121.1 dps, 4000 hp, 218 mana
315: 120.7 dps, 4000 hp, 218 mana
316: 120.3 dps, 4000 hp, 218 mana
317: 120.0 dps, 4000 hp, 218 mana
318: 119.6 dps, 4000 hp, 256 mana
319: 119.2 dps, 4000 hp, 256 mana
320: 118.8 dps, 4000 hp, 256 mana
321: 118.5 dps, 4000 hp, 256 mana
322: 118.1 dps, 4000 hp, 256 mana
323: 117.7 dps, 4000 hp, 256 mana
324: 117.4 dps, 4000 hp, 294 mana
325: 117.0 dps, 4000 hp, 294 mana
326: 116.6 dps, 4000 hp, 294 mana
327: 116.3 dps, 4000 hp, 294 mana
328: 115.9 dps, 4000 hp, 294 mana
329: 115.6 dps, 4000 hp, 294 mana
330: 115.2 dps, 4000 hp, 332 mana
331: 114.9 dps, 4000 hp, 332 mana
332: 114.5 dps, 4000 hp, 332 mana
333: 114.2 dps, 4000 hp, 332 mana
334: 113.8 dps, 4000 hp, 332 mana
335: 113.5 dps, 4000 hp, 332 mana
336: 113.2 dps, 4000 hp, 370 mana
337: 112.8 dps, 4000 hp, 370 mana
338: 112.5 dps, 4000 hp, 370 mana
339: 112.2 dps, 4000 hp, 370 mana
340: 111.8 dps, 4000 hp, 370 mana
341: 111.5 dps, 4000 hp, 370 mana
342: startcast miniCH
342: 111.2 dps, 4000 hp, 408 mana
343: 110.9 dps, 4000 hp, 408 mana
344: 110.5 dps, 4000 hp, 408 mana
345: 110.2 dps, 4000 hp, 408 mana
346: 109.9 dps, 4000 hp, 408 mana
347: 109.6 dps, 4000 hp, 408 mana
348: 109.3 dps, 4000 hp, 426 mana
349: 109.0 dps, 4000 hp, 426 mana
350: 108.6 dps, 4000 hp, 426 mana
351: 108.3 dps, 4000 hp, 426 mana
352: miniCH tick
352: finished casting miniCH
352: 116.3 dps, 4000 hp, 26 mana
353: 116.0 dps, 4000 hp, 26 mana
354: 115.7 dps, 4000 hp, 44 mana
355: 115.4 dps, 4000 hp, 44 mana
356: 115.0 dps, 4000 hp, 44 mana
357: 114.7 dps, 4000 hp, 44 mana
358: 114.4 dps, 4000 hp, 44 mana
359: 114.1 dps, 4000 hp, 44 mana
360: 113.8 dps, 4000 hp, 82 mana
361: 113.4 dps, 4000 hp, 82 mana
362: 113.1 dps, 4000 hp, 82 mana
363: 112.8 dps, 4000 hp, 82 mana
364: 112.5 dps, 4000 hp, 82 mana
365: 112.2 dps, 4000 hp, 82 mana
366: 111.9 dps, 4000 hp, 120 mana
367: 111.6 dps, 4000 hp, 120 mana
368: 111.3 dps, 4000 hp, 120 mana
369: 111.0 dps, 4000 hp, 120 mana
370: 110.7 dps, 4000 hp, 120 mana
371: 110.4 dps, 4000 hp, 120 mana
372: 110.1 dps, 4000 hp, 158 mana
373: 109.8 dps, 4000 hp, 158 mana
374: 109.5 dps, 4000 hp, 158 mana
375: 109.2 dps, 4000 hp, 158 mana
376: 108.9 dps, 4000 hp, 158 mana
377: 108.6 dps, 4000 hp, 158 mana
378: 108.3 dps, 4000 hp, 196 mana
379: 108.0 dps, 4000 hp, 196 mana
380: 107.8 dps, 4000 hp, 196 mana
381: 107.5 dps, 4000 hp, 196 mana
382: 107.2 dps, 4000 hp, 196 mana
383: 106.9 dps, 4000 hp, 196 mana
384: 106.6 dps, 4000 hp, 234 mana
385: 106.4 dps, 4000 hp, 234 mana
386: 106.1 dps, 4000 hp, 234 mana
387: 105.8 dps, 4000 hp, 234 mana
388: 105.5 dps, 4000 hp, 234 mana
389: 105.3 dps, 4000 hp, 234 mana
390: 105.0 dps, 4000 hp, 272 mana
391: 104.7 dps, 4000 hp, 272 mana
392: 104.5 dps, 4000 hp, 272 mana
393: 104.2 dps, 4000 hp, 272 mana
394: 103.9 dps, 4000 hp, 272 mana
395: 103.7 dps, 4000 hp, 272 mana
396: 103.4 dps, 4000 hp, 310 mana
397: 103.1 dps, 4000 hp, 310 mana
398: 102.9 dps, 4000 hp, 310 mana
399: 102.6 dps, 4000 hp, 310 mana
400: 102.4 dps, 4000 hp, 310 mana
401: 102.1 dps, 4000 hp, 310 mana
402: 101.9 dps, 4000 hp, 348 mana
403: 101.6 dps, 4000 hp, 348 mana
404: 101.4 dps, 4000 hp, 348 mana
405: 101.1 dps, 4000 hp, 348 mana
406: 100.9 dps, 4000 hp, 348 mana
407: 100.6 dps, 4000 hp, 348 mana
408: 100.4 dps, 4000 hp, 386 mana
409: 100.1 dps, 4000 hp, 386 mana
410: 99.9 dps, 4000 hp, 386 mana
411: 99.6 dps, 4000 hp, 386 mana
412: 99.4 dps, 4000 hp, 386 mana
413: 99.2 dps, 4000 hp, 386 mana
414: startcast miniCH
414: 98.9 dps, 4000 hp, 424 mana
415: 98.7 dps, 4000 hp, 424 mana
416: 98.4 dps, 4000 hp, 424 mana
417: 98.2 dps, 4000 hp, 424 mana
418: 98.0 dps, 4000 hp, 424 mana
419: 97.7 dps, 4000 hp, 424 mana
420: 97.5 dps, 4000 hp, 442 mana
421: 97.3 dps, 4000 hp, 442 mana
422: 97.0 dps, 4000 hp, 442 mana
423: 96.8 dps, 4000 hp, 442 mana
424: miniCH tick
424: finished casting miniCH
424: 103.5 dps, 4000 hp, 42 mana
425: 103.2 dps, 4000 hp, 42 mana
426: 103.0 dps, 4000 hp, 60 mana
427: 102.8 dps, 4000 hp, 60 mana
428: 102.5 dps, 4000 hp, 60 mana
429: 102.3 dps, 4000 hp, 60 mana
430: 102.0 dps, 4000 hp, 60 mana
431: 101.8 dps, 4000 hp, 60 mana
432: 101.6 dps, 4000 hp, 98 mana
433: 101.3 dps, 4000 hp, 98 mana
434: 101.1 dps, 4000 hp, 98 mana
435: 100.9 dps, 4000 hp, 98 mana
436: 100.6 dps, 4000 hp, 98 mana
437: 100.4 dps, 4000 hp, 98 mana
438: 100.2 dps, 4000 hp, 136 mana
439: 99.9 dps, 4000 hp, 136 mana
440: 99.7 dps, 4000 hp, 136 mana
441: 99.5 dps, 4000 hp, 136 mana
442: 99.3 dps, 4000 hp, 136 mana
443: 99.0 dps, 4000 hp, 136 mana
444: 98.8 dps, 4000 hp, 174 mana
445: 98.6 dps, 4000 hp, 174 mana
446: 98.4 dps, 4000 hp, 174 mana
447: 98.2 dps, 4000 hp, 174 mana
448: 97.9 dps, 4000 hp, 174 mana
449: 97.7 dps, 4000 hp, 174 mana
450: 97.5 dps, 4000 hp, 212 mana
451: 97.3 dps, 4000 hp, 212 mana
452: 97.1 dps, 4000 hp, 212 mana
453: 96.9 dps, 4000 hp, 212 mana
454: 96.6 dps, 4000 hp, 212 mana
455: 96.4 dps, 4000 hp, 212 mana
456: 96.2 dps, 4000 hp, 250 mana
457: 96.0 dps, 4000 hp, 250 mana
458: 95.8 dps, 4000 hp, 250 mana
459: 95.6 dps, 4000 hp, 250 mana
460: 95.4 dps, 4000 hp, 250 mana
461: 95.2 dps, 4000 hp, 250 mana
462: 95.0 dps, 4000 hp, 288 mana
463: 94.8 dps, 4000 hp, 288 mana
464: 94.6 dps, 4000 hp, 288 mana
465: 94.4 dps, 4000 hp, 288 mana
466: 94.2 dps, 4000 hp, 288 mana
467: 94.0 dps, 4000 hp, 288 mana
468: 93.8 dps, 4000 hp, 326 mana
469: 93.6 dps, 4000 hp, 326 mana
470: 93.4 dps, 4000 hp, 326 mana
471: 93.2 dps, 4000 hp, 326 mana
472: 93.0 dps, 4000 hp, 326 mana
473: 92.8 dps, 4000 hp, 326 mana
474: 92.6 dps, 4000 hp, 364 mana
475: 92.4 dps, 4000 hp, 364 mana
476: 92.2 dps, 4000 hp, 364 mana
477: 92.0 dps, 4000 hp, 364 mana
478: 91.8 dps, 4000 hp, 364 mana
479: 91.6 dps, 4000 hp, 364 mana
480: startcast miniCH
480: 91.4 dps, 4000 hp, 402 mana
481: 91.2 dps, 4000 hp, 402 mana
482: 91.0 dps, 4000 hp, 402 mana
483: 90.8 dps, 4000 hp, 402 mana
484: 90.7 dps, 4000 hp, 402 mana
485: 90.5 dps, 4000 hp, 402 mana
486: 90.3 dps, 4000 hp, 420 mana
487: 90.1 dps, 4000 hp, 420 mana
488: 89.9 dps, 4000 hp, 420 mana
489: 89.7 dps, 4000 hp, 420 mana
490: miniCH tick
490: finished casting miniCH
490: 95.5 dps, 4000 hp, 20 mana
491: 95.3 dps, 4000 hp, 20 mana
492: 95.1 dps, 4000 hp, 38 mana
493: 94.9 dps, 4000 hp, 38 mana
494: 94.7 dps, 4000 hp, 38 mana
495: 94.5 dps, 4000 hp, 38 mana
496: 94.4 dps, 4000 hp, 38 mana
497: 94.2 dps, 4000 hp, 38 mana
498: 94.0 dps, 4000 hp, 76 mana
499: 93.8 dps, 4000 hp, 76 mana
500: 93.6 dps, 4000 hp, 76 mana
501: 93.4 dps, 4000 hp, 76 mana
502: 93.2 dps, 4000 hp, 76 mana
503: 93.0 dps, 4000 hp, 76 mana
504: 92.9 dps, 4000 hp, 114 mana
505: 92.7 dps, 4000 hp, 114 mana
506: 92.5 dps, 4000 hp, 114 mana
507: 92.3 dps, 4000 hp, 114 mana
508: 92.1 dps, 4000 hp, 114 mana
509: 91.9 dps, 4000 hp, 114 mana
510: 91.8 dps, 4000 hp, 152 mana
511: 91.6 dps, 4000 hp, 152 mana
512: 91.4 dps, 4000 hp, 152 mana
513: 91.2 dps, 4000 hp, 152 mana
514: 91.1 dps, 4000 hp, 152 mana
515: 90.9 dps, 4000 hp, 152 mana
516: 90.7 dps, 4000 hp, 190 mana
517: 90.5 dps, 4000 hp, 190 mana
518: 90.3 dps, 4000 hp, 190 mana
519: 90.2 dps, 4000 hp, 190 mana
520: 90.0 dps, 4000 hp, 190 mana
521: 89.8 dps, 4000 hp, 190 mana
522: 89.7 dps, 4000 hp, 228 mana
523: 89.5 dps, 4000 hp, 228 mana
524: 89.3 dps, 4000 hp, 228 mana
525: 89.1 dps, 4000 hp, 228 mana
526: 89.0 dps, 4000 hp, 228 mana
527: 88.8 dps, 4000 hp, 228 mana
528: 88.6 dps, 4000 hp, 266 mana
529: 88.5 dps, 4000 hp, 266 mana
530: 88.3 dps, 4000 hp, 266 mana
531: 88.1 dps, 4000 hp, 266 mana
532: 88.0 dps, 4000 hp, 266 mana
533: 87.8 dps, 4000 hp, 266 mana
534: 87.6 dps, 4000 hp, 304 mana
535: 87.5 dps, 4000 hp, 304 mana
536: 87.3 dps, 4000 hp, 304 mana
537: 87.2 dps, 4000 hp, 304 mana
538: 87.0 dps, 4000 hp, 304 mana
539: 86.8 dps, 4000 hp, 304 mana
540: 86.7 dps, 4000 hp, 342 mana
541: 86.5 dps, 4000 hp, 342 mana
542: 86.3 dps, 4000 hp, 342 mana
543: 86.2 dps, 4000 hp, 342 mana
544: 86.0 dps, 4000 hp, 342 mana
545: 85.9 dps, 4000 hp, 342 mana
546: 85.7 dps, 4000 hp, 380 mana
547: 85.6 dps, 4000 hp, 380 mana
548: 85.4 dps, 4000 hp, 380 mana
549: 85.2 dps, 4000 hp, 380 mana
550: 85.1 dps, 4000 hp, 380 mana
551: 84.9 dps, 4000 hp, 380 mana
552: startcast miniCH
552: 84.8 dps, 4000 hp, 418 mana
553: 84.6 dps, 4000 hp, 418 mana
554: 84.5 dps, 4000 hp, 418 mana
555: 84.3 dps, 4000 hp, 418 mana
556: 84.2 dps, 4000 hp, 418 mana
557: 84.0 dps, 4000 hp, 418 mana
558: 83.9 dps, 4000 hp, 436 mana
559: 83.7 dps, 4000 hp, 436 mana
560: 83.6 dps, 4000 hp, 436 mana
561: 83.4 dps, 4000 hp, 436 mana
562: miniCH tick
562: finished casting miniCH
562: 88.5 dps, 4000 hp, 36 mana
563: 88.3 dps, 4000 hp, 36 mana
564: 88.2 dps, 4000 hp, 54 mana
565: 88.0 dps, 4000 hp, 54 mana
566: 87.9 dps, 4000 hp, 54 mana
567: 87.7 dps, 4000 hp, 54 mana
568: 87.5 dps, 4000 hp, 54 mana
569: 87.4 dps, 4000 hp, 54 mana
570: 87.2 dps, 4000 hp, 92 mana
571: 87.1 dps, 4000 hp, 92 mana
572: 86.9 dps, 4000 hp, 92 mana
573: 86.8 dps, 4000 hp, 92 mana
574: 86.6 dps, 4000 hp, 92 mana
575: 86.5 dps, 4000 hp, 92 mana
576: 86.3 dps, 4000 hp, 130 mana
577: 86.2 dps, 4000 hp, 130 mana
578: 86.0 dps, 4000 hp, 130 mana
579: 85.9 dps, 4000 hp, 130 mana
580: 85.7 dps, 4000 hp, 130 mana
581: 85.6 dps, 4000 hp, 130 mana
582: 85.4 dps, 4000 hp, 168 mana
583: 85.3 dps, 4000 hp, 168 mana
584: 85.1 dps, 4000 hp, 168 mana
585: 85.0 dps, 4000 hp, 168 mana
586: 84.9 dps, 4000 hp, 168 mana
587: 84.7 dps, 4000 hp, 168 mana
588: 84.6 dps, 4000 hp, 206 mana
589: 84.4 dps, 4000 hp, 206 mana
590: 84.3 dps, 4000 hp, 206 mana
591: 84.1 dps, 4000 hp, 206 mana
592: 84.0 dps, 4000 hp, 206 mana
593: 83.9 dps, 4000 hp, 206 mana
594: 83.7 dps, 4000 hp, 244 mana
595: 83.6 dps, 4000 hp, 244 mana
596: 83.4 dps, 4000 hp, 244 mana
597: 83.3 dps, 4000 hp, 244 mana
598: 83.2 dps, 4000 hp, 244 mana
599: 83.0 dps, 4000 hp, 244 mana
600: 82.9 dps, 4000 hp, 282 mana
601: 82.7 dps, 4000 hp, 282 mana
602: 82.6 dps, 4000 hp, 282 mana
603: 82.5 dps, 4000 hp, 282 mana
604: 82.3 dps, 4000 hp, 282 mana
605: 82.2 dps, 4000 hp, 282 mana
606: 82.1 dps, 4000 hp, 320 mana
607: 81.9 dps, 4000 hp, 320 mana
608: 81.8 dps, 4000 hp, 320 mana
609: 81.7 dps, 4000 hp, 320 mana
610: 81.5 dps, 4000 hp, 320 mana
611: 81.4 dps, 4000 hp, 320 mana
612: 81.2 dps, 4000 hp, 358 mana
613: 81.1 dps, 4000 hp, 358 mana
614: 81.0 dps, 4000 hp, 358 mana
615: 80.9 dps, 4000 hp, 358 mana
616: 80.7 dps, 4000 hp, 358 mana
617: 80.6 dps, 4000 hp, 358 mana
618: 80.5 dps, 4000 hp, 396 mana
619: 80.3 dps, 4000 hp, 396 mana
620: 80.2 dps, 4000 hp, 396 mana
621: 80.1 dps, 4000 hp, 396 mana
622: 79.9 dps, 4000 hp, 396 mana
623: 79.8 dps, 4000 hp, 396 mana
624: startcast miniCH
624: 79.7 dps, 4000 hp, 434 mana
625: 79.6 dps, 4000 hp, 434 mana
626: 79.4 dps, 4000 hp, 434 mana
627: 79.3 dps, 4000 hp, 434 mana
628: 79.2 dps, 4000 hp, 434 mana
629: 79.1 dps, 4000 hp, 434 mana
630: 78.9 dps, 4000 hp, 452 mana
631: 78.8 dps, 4000 hp, 452 mana
632: 78.7 dps, 4000 hp, 452 mana
633: 78.6 dps, 4000 hp, 452 mana
634: miniCH tick
634: finished casting miniCH
634: 83.0 dps, 4000 hp, 52 mana
635: 82.9 dps, 4000 hp, 52 mana
636: 82.8 dps, 4000 hp, 70 mana
637: 82.7 dps, 4000 hp, 70 mana
638: 82.5 dps, 4000 hp, 70 mana
639: 82.4 dps, 4000 hp, 70 mana
640: 82.3 dps, 4000 hp, 70 mana
641: 82.1 dps, 4000 hp, 70 mana
642: 82.0 dps, 4000 hp, 108 mana
643: 81.9 dps, 4000 hp, 108 mana
644: 81.8 dps, 4000 hp, 108 mana
645: 81.6 dps, 4000 hp, 108 mana
646: 81.5 dps, 4000 hp, 108 mana
647: 81.4 dps, 4000 hp, 108 mana
648: 81.2 dps, 4000 hp, 146 mana
649: 81.1 dps, 4000 hp, 146 mana
650: 81.0 dps, 4000 hp, 146 mana
651: 80.9 dps, 4000 hp, 146 mana
652: 80.8 dps, 4000 hp, 146 mana
653: 80.6 dps, 4000 hp, 146 mana
654: 80.5 dps, 4000 hp, 184 mana
655: 80.4 dps, 4000 hp, 184 mana
656: 80.3 dps, 4000 hp, 184 mana
657: 80.1 dps, 4000 hp, 184 mana
658: 80.0 dps, 4000 hp, 184 mana
659: 79.9 dps, 4000 hp, 184 mana
660: 79.8 dps, 4000 hp, 222 mana
661: 79.7 dps, 4000 hp, 222 mana
662: 79.5 dps, 4000 hp, 222 mana
663: 79.4 dps, 4000 hp, 222 mana
664: 79.3 dps, 4000 hp, 222 mana
665: 79.2 dps, 4000 hp, 222 mana
666: 79.1 dps, 4000 hp, 260 mana
667: 78.9 dps, 4000 hp, 260 mana
668: 78.8 dps, 4000 hp, 260 mana
669: 78.7 dps, 4000 hp, 260 mana
670: 78.6 dps, 4000 hp, 260 mana
671: 78.5 dps, 4000 hp, 260 mana
672: 78.3 dps, 4000 hp, 298 mana
673: 78.2 dps, 4000 hp, 298 mana
674: 78.1 dps, 4000 hp, 298 mana
675: 78.0 dps, 4000 hp, 298 mana
676: 77.9 dps, 4000 hp, 298 mana
677: 77.8 dps, 4000 hp, 298 mana
678: 77.7 dps, 4000 hp, 336 mana
679: 77.5 dps, 4000 hp, 336 mana
680: 77.4 dps, 4000 hp, 336 mana
681: 77.3 dps, 4000 hp, 336 mana
682: 77.2 dps, 4000 hp, 336 mana
683: 77.1 dps, 4000 hp, 336 mana
684: 77.0 dps, 4000 hp, 374 mana
685: 76.9 dps, 4000 hp, 374 mana
686: 76.7 dps, 4000 hp, 374 mana
687: 76.6 dps, 4000 hp, 374 mana
688: 76.5 dps, 4000 hp, 374 mana
689: 76.4 dps, 4000 hp, 374 mana
690: startcast miniCH
690: 76.3 dps, 4000 hp, 412 mana
691: 76.2 dps, 4000 hp, 412 mana
692: 76.1 dps, 4000 hp, 412 mana
693: 76.0 dps, 4000 hp, 412 mana
694: 75.9 dps, 4000 hp, 412 mana
695: 75.8 dps, 4000 hp, 412 mana
696: 75.6 dps, 4000 hp, 430 mana
697: 75.5 dps, 4000 hp, 430 mana
698: 75.4 dps, 4000 hp, 430 mana
699: 75.3 dps, 4000 hp, 430 mana
700: miniCH tick
700: finished casting miniCH
700: 79.4 dps, 4000 hp, 30 mana
701: 79.3 dps, 4000 hp, 30 mana
702: 79.2 dps, 4000 hp, 48 mana
703: 79.1 dps, 4000 hp, 48 mana
704: 78.9 dps, 4000 hp, 48 mana
705: 78.8 dps, 4000 hp, 48 mana
706: 78.7 dps, 4000 hp, 48 mana
707: 78.6 dps, 4000 hp, 48 mana
708: 78.5 dps, 4000 hp, 86 mana
709: 78.4 dps, 4000 hp, 86 mana
710: 78.3 dps, 4000 hp, 86 mana
711: 78.2 dps, 4000 hp, 86 mana
712: 78.1 dps, 4000 hp, 86 mana
713: 77.9 dps, 4000 hp, 86 mana
714: 77.8 dps, 4000 hp, 124 mana
715: 77.7 dps, 4000 hp, 124 mana
716: 77.6 dps, 4000 hp, 124 mana
717: 77.5 dps, 4000 hp, 124 mana
718: 77.4 dps, 4000 hp, 124 mana
719: 77.3 dps, 4000 hp, 124 mana
720: 77.2 dps, 4000 hp, 162 mana
721: 77.1 dps, 4000 hp, 162 mana
722: 77.0 dps, 4000 hp, 162 mana
723: 76.9 dps, 4000 hp, 162 mana
724: 76.8 dps, 4000 hp, 162 mana
725: 76.7 dps, 4000 hp, 162 mana
726: 76.5 dps, 4000 hp, 200 mana
727: 76.4 dps, 4000 hp, 200 mana
728: 76.3 dps, 4000 hp, 200 mana
729: 76.2 dps, 4000 hp, 200 mana
730: 76.1 dps, 4000 hp, 200 mana
731: 76.0 dps, 4000 hp, 200 mana
732: 75.9 dps, 4000 hp, 238 mana
733: 75.8 dps, 4000 hp, 238 mana
734: 75.7 dps, 4000 hp, 238 mana
735: 75.6 dps, 4000 hp, 238 mana
736: 75.5 dps, 4000 hp, 238 mana
737: 75.4 dps, 4000 hp, 238 mana
738: 75.3 dps, 4000 hp, 276 mana
739: 75.2 dps, 4000 hp, 276 mana
740: 75.1 dps, 4000 hp, 276 mana
741: 75.0 dps, 4000 hp, 276 mana
742: 74.9 dps, 4000 hp, 276 mana
743: 74.8 dps, 4000 hp, 276 mana
744: 74.7 dps, 4000 hp, 314 mana
745: 74.6 dps, 4000 hp, 314 mana
746: 74.5 dps, 4000 hp, 314 mana
747: 74.4 dps, 4000 hp, 314 mana
748: 74.3 dps, 4000 hp, 314 mana
749: 74.2 dps, 4000 hp, 314 mana
750: 74.1 dps, 4000 hp, 352 mana
751: 74.0 dps, 4000 hp, 352 mana
752: 73.9 dps, 4000 hp, 352 mana
753: 73.8 dps, 4000 hp, 352 mana
754: 73.7 dps, 4000 hp, 352 mana
755: 73.6 dps, 4000 hp, 352 mana
756: 73.5 dps, 4000 hp, 390 mana
757: 73.4 dps, 4000 hp, 390 mana
758: 73.3 dps, 4000 hp, 390 mana
759: 73.2 dps, 4000 hp, 390 mana
760: 73.1 dps, 4000 hp, 390 mana
761: 73.0 dps, 4000 hp, 390 mana
762: startcast miniCH
762: 72.9 dps, 4000 hp, 428 mana
763: 72.8 dps, 4000 hp, 428 mana
764: 72.7 dps, 4000 hp, 428 mana
765: 72.6 dps, 4000 hp, 428 mana
766: 72.6 dps, 4000 hp, 428 mana
767: 72.5 dps, 4000 hp, 428 mana
768: 72.4 dps, 4000 hp, 446 mana
769: 72.3 dps, 4000 hp, 446 mana
770: 72.2 dps, 4000 hp, 446 mana
771: 72.1 dps, 4000 hp, 446 mana
772: miniCH tick
772: finished casting miniCH
772: 75.8 dps, 4000 hp, 46 mana
773: 75.7 dps, 4000 hp, 46 mana
774: 75.6 dps, 4000 hp, 64 mana
775: 75.5 dps, 4000 hp, 64 mana
776: 75.4 dps, 4000 hp, 64 mana
777: 75.3 dps, 4000 hp, 64 mana
778: 75.2 dps, 4000 hp, 64 mana
779: 75.1 dps, 4000 hp, 64 mana
780: 75.0 dps, 4000 hp, 102 mana
781: 74.9 dps, 4000 hp, 102 mana
782: 74.8 dps, 4000 hp, 102 mana
783: 74.7 dps, 4000 hp, 102 mana
784: 74.6 dps, 4000 hp, 102 mana
785: 74.5 dps, 4000 hp, 102 mana
786: 74.4 dps, 4000 hp, 140 mana
787: 74.3 dps, 4000 hp, 140 mana
788: 74.2 dps, 4000 hp, 140 mana
789: 74.1 dps, 4000 hp, 140 mana
790: 74.1 dps, 4000 hp, 140 mana
791: 74.0 dps, 4000 hp, 140 mana
792: 73.9 dps, 4000 hp, 178 mana
793: 73.8 dps, 4000 hp, 178 mana
794: 73.7 dps, 4000 hp, 178 mana
795: 73.6 dps, 4000 hp, 178 mana
796: 73.5 dps, 4000 hp, 178 mana
797: 73.4 dps, 4000 hp, 178 mana
798: 73.3 dps, 4000 hp, 216 mana
799: 73.2 dps, 4000 hp, 216 mana
800: 73.1 dps, 4000 hp, 216 mana
801: 73.0 dps, 4000 hp, 216 mana
802: 72.9 dps, 4000 hp, 216 mana
803: 72.9 dps, 4000 hp, 216 mana
804: 72.8 dps, 4000 hp, 254 mana
805: 72.7 dps, 4000 hp, 254 mana
806: 72.6 dps, 4000 hp, 254 mana
807: 72.5 dps, 4000 hp, 254 mana
808: 72.4 dps, 4000 hp, 254 mana
809: 72.3 dps, 4000 hp, 254 mana
810: 72.2 dps, 4000 hp, 292 mana
811: 72.1 dps, 4000 hp, 292 mana
812: 72.0 dps, 4000 hp, 292 mana
813: 72.0 dps, 4000 hp, 292 mana
814: 71.9 dps, 4000 hp, 292 mana
815: 71.8 dps, 4000 hp, 292 mana
816: 71.7 dps, 4000 hp, 330 mana
817: 71.6 dps, 4000 hp, 330 mana
818: 71.5 dps, 4000 hp, 330 mana
819: 71.4 dps, 4000 hp, 330 mana
820: 71.3 dps, 4000 hp, 330 mana
821: 71.3 dps, 4000 hp, 330 mana
822: 71.2 dps, 4000 hp, 368 mana
823: 71.1 dps, 4000 hp, 368 mana
824: 71.0 dps, 4000 hp, 368 mana
825: 70.9 dps, 4000 hp, 368 mana
826: 70.8 dps, 4000 hp, 368 mana
827: 70.7 dps, 4000 hp, 368 mana
828: startcast miniCH
828: 70.7 dps, 4000 hp, 406 mana
829: 70.6 dps, 4000 hp, 406 mana
830: 70.5 dps, 4000 hp, 406 mana
831: 70.4 dps, 4000 hp, 406 mana
832: 70.3 dps, 4000 hp, 406 mana
833: 70.2 dps, 4000 hp, 406 mana
834: 70.1 dps, 4000 hp, 424 mana
835: 70.1 dps, 4000 hp, 424 mana
836: 70.0 dps, 4000 hp, 424 mana
837: 69.9 dps, 4000 hp, 424 mana
838: miniCH tick
838: finished casting miniCH
838: 73.3 dps, 4000 hp, 24 mana
839: 73.2 dps, 4000 hp, 24 mana
840: 73.1 dps, 4000 hp, 42 mana
841: 73.0 dps, 4000 hp, 42 mana
842: 73.0 dps, 4000 hp, 42 mana
843: 72.9 dps, 4000 hp, 42 mana
844: 72.8 dps, 4000 hp, 42 mana
845: 72.7 dps, 4000 hp, 42 mana
846: 72.6 dps, 4000 hp, 80 mana
847: 72.5 dps, 4000 hp, 80 mana
848: 72.4 dps, 4000 hp, 80 mana
849: 72.3 dps, 4000 hp, 80 mana
850: 72.3 dps, 4000 hp, 80 mana
851: 72.2 dps, 4000 hp, 80 mana
852: 72.1 dps, 4000 hp, 118 mana
853: 72.0 dps, 4000 hp, 118 mana
854: 71.9 dps, 4000 hp, 118 mana
855: 71.8 dps, 4000 hp, 118 mana
856: 71.8 dps, 4000 hp, 118 mana
857: 71.7 dps, 4000 hp, 118 mana
858: 71.6 dps, 4000 hp, 156 mana
859: 71.5 dps, 4000 hp, 156 mana
860: 71.4 dps, 4000 hp, 156 mana
861: 71.3 dps, 4000 hp, 156 mana
862: 71.3 dps, 4000 hp, 156 mana
863: 71.2 dps, 4000 hp, 156 mana
864: 71.1 dps, 4000 hp, 194 mana
865: 71.0 dps, 4000 hp, 194 mana
866: 70.9 dps, 4000 hp, 194 mana
867: 70.8 dps, 4000 hp, 194 mana
868: 70.8 dps, 4000 hp, 194 mana
869: 70.7 dps, 4000 hp, 194 mana
870: 70.6 dps, 4000 hp, 232 mana
871: 70.5 dps, 4000 hp, 232 mana
872: 70.4 dps, 4000 hp, 232 mana
873: 70.4 dps, 4000 hp, 232 mana
874: 70.3 dps, 4000 hp, 232 mana
875: 70.2 dps, 4000 hp, 232 mana
876: 70.1 dps, 4000 hp, 270 mana
877: 70.0 dps, 4000 hp, 270 mana
878: 70.0 dps, 4000 hp, 270 mana
879: 69.9 dps, 4000 hp, 270 mana
880: 69.8 dps, 4000 hp, 270 mana
881: 69.7 dps, 4000 hp, 270 mana
882: 69.6 dps, 4000 hp, 308 mana
883: 69.6 dps, 4000 hp, 308 mana
884: 69.5 dps, 4000 hp, 308 mana
885: 69.4 dps, 4000 hp, 308 mana
886: 69.3 dps, 4000 hp, 308 mana
887: 69.3 dps, 4000 hp, 308 mana
888: 69.2 dps, 4000 hp, 346 mana
889: 69.1 dps, 4000 hp, 346 mana
890: 69.0 dps, 4000 hp, 346 mana
891: 68.9 dps, 4000 hp, 346 mana
892: 68.9 dps, 4000 hp, 346 mana
893: 68.8 dps, 4000 hp, 346 mana
894: 68.7 dps, 4000 hp, 384 mana
895: 68.6 dps, 4000 hp, 384 mana
896: 68.6 dps, 4000 hp, 384 mana
897: 68.5 dps, 4000 hp, 384 mana
898: 68.4 dps, 4000 hp, 384 mana
899: 68.3 dps, 4000 hp, 384 mana
900: startcast miniCH
900: 68.2 dps, 4000 hp, 422 mana
901: 68.2 dps, 4000 hp, 422 mana
902: 68.1 dps, 4000 hp, 422 mana
903: 68.0 dps, 4000 hp, 422 mana
904: 67.9 dps, 4000 hp, 422 mana
905: 67.9 dps, 4000 hp, 422 mana
906: 67.8 dps, 4000 hp, 440 mana
907: 67.7 dps, 4000 hp, 440 mana
908: 67.6 dps, 4000 hp, 440 mana
909: 67.6 dps, 4000 hp, 440 mana
910: miniCH tick
910: finished casting miniCH
910: 70.7 dps, 4000 hp, 40 mana
911: 70.6 dps, 4000 hp, 40 mana
912: 70.6 dps, 4000 hp, 58 mana
913: 70.5 dps, 4000 hp, 58 mana
914: 70.4 dps, 4000 hp, 58 mana
915: 70.3 dps, 4000 hp, 58 mana
916: 70.3 dps, 4000 hp, 58 mana
917: 70.2 dps, 4000 hp, 58 mana
918: 70.1 dps, 4000 hp, 96 mana
919: 70.0 dps, 4000 hp, 96 mana
920: 69.9 dps, 4000 hp, 96 mana
921: 69.9 dps, 4000 hp, 96 mana
922: 69.8 dps, 4000 hp, 96 mana
923: 69.7 dps, 4000 hp, 96 mana
924: 69.6 dps, 4000 hp, 134 mana
925: 69.6 dps, 4000 hp, 134 mana
926: 69.5 dps, 4000 hp, 134 mana
927: 69.4 dps, 4000 hp, 134 mana
928: 69.3 dps, 4000 hp, 134 mana
929: 69.3 dps, 4000 hp, 134 mana
930: 69.2 dps, 4000 hp, 172 mana
931: 69.1 dps, 4000 hp, 172 mana
932: 69.0 dps, 4000 hp, 172 mana
933: 69.0 dps, 4000 hp, 172 mana
934: 68.9 dps, 4000 hp, 172 mana
935: 68.8 dps, 4000 hp, 172 mana
936: 68.8 dps, 4000 hp, 210 mana
937: 68.7 dps, 4000 hp, 210 mana
938: 68.6 dps, 4000 hp, 210 mana
939: 68.5 dps, 4000 hp, 210 mana
940: 68.5 dps, 4000 hp, 210 mana
941: 68.4 dps, 4000 hp, 210 mana
942: 68.3 dps, 4000 hp, 248 mana
943: 68.2 dps, 4000 hp, 248 mana
944: 68.2 dps, 4000 hp, 248 mana
945: 68.1 dps, 4000 hp, 248 mana
946: 68.0 dps, 4000 hp, 248 mana
947: 68.0 dps, 4000 hp, 248 mana
948: 67.9 dps, 4000 hp, 286 mana
949: 67.8 dps, 4000 hp, 286 mana
950: 67.7 dps, 4000 hp, 286 mana
951: 67.7 dps, 4000 hp, 286 mana
952: 67.6 dps, 4000 hp, 286 mana
953: 67.5 dps, 4000 hp, 286 mana
954: 67.5 dps, 4000 hp, 324 mana
955: 67.4 dps, 4000 hp, 324 mana
956: 67.3 dps, 4000 hp, 324 mana
957: 67.2 dps, 4000 hp, 324 mana
958: 67.2 dps, 4000 hp, 324 mana
959: 67.1 dps, 4000 hp, 324 mana
960: 67.0 dps, 4000 hp, 362 mana
961: 67.0 dps, 4000 hp, 362 mana
962: 66.9 dps, 4000 hp, 362 mana
963: 66.8 dps, 4000 hp, 362 mana
964: 66.8 dps, 4000 hp, 362 mana
965: 66.7 dps, 4000 hp, 362 mana
966: startcast miniCH
966: 66.6 dps, 4000 hp, 400 mana
967: 66.5 dps, 4000 hp, 400 mana
968: 66.5 dps, 4000 hp, 400 mana
969: 66.4 dps, 4000 hp, 400 mana
970: 66.3 dps, 4000 hp, 400 mana
971: 66.3 dps, 4000 hp, 400 mana
972: 66.2 dps, 4000 hp, 418 mana
973: 66.1 dps, 4000 hp, 418 mana
974: 66.1 dps, 4000 hp, 418 mana
975: 66.0 dps, 4000 hp, 418 mana
976: miniCH tick
976: finished casting miniCH
976: 68.9 dps, 4000 hp, 18 mana
977: 68.9 dps, 4000 hp, 18 mana
978: 68.8 dps, 4000 hp, 36 mana
979: 68.7 dps, 4000 hp, 36 mana
980: 68.6 dps, 4000 hp, 36 mana
981: 68.6 dps, 4000 hp, 36 mana
982: 68.5 dps, 4000 hp, 36 mana
983: 68.4 dps, 4000 hp, 36 mana
984: 68.4 dps, 4000 hp, 74 mana
985: 68.3 dps, 4000 hp, 74 mana
986: 68.2 dps, 4000 hp, 74 mana
987: 68.2 dps, 4000 hp, 74 mana
988: 68.1 dps, 4000 hp, 74 mana
989: 68.0 dps, 4000 hp, 74 mana
990: 68.0 dps, 4000 hp, 112 mana
991: 67.9 dps, 4000 hp, 112 mana
992: 67.8 dps, 4000 hp, 112 mana
993: 67.7 dps, 4000 hp, 112 mana
994: 67.7 dps, 4000 hp, 112 mana
995: 67.6 dps, 4000 hp, 112 mana
996: 67.5 dps, 4000 hp, 150 mana
997: 67.5 dps, 4000 hp, 150 mana
998: 67.4 dps, 4000 hp, 150 mana
999: 67.3 dps, 4000 hp, 150 mana
1000: 67.3 dps, 4000 hp, 150 mana
1001: 67.2 dps, 4000 hp, 150 mana
1002: 67.1 dps, 4000 hp, 188 mana
1003: 67.1 dps, 4000 hp, 188 mana
1004: 67.0 dps, 4000 hp, 188 mana
1005: 66.9 dps, 4000 hp, 188 mana
1006: 66.9 dps, 4000 hp, 188 mana
1007: 66.8 dps, 4000 hp, 188 mana
1008: 66.7 dps, 4000 hp, 226 mana
1009: 66.7 dps, 4000 hp, 226 mana
1010: 66.6 dps, 4000 hp, 226 mana
1011: 66.5 dps, 4000 hp, 226 mana
1012: 66.5 dps, 4000 hp, 226 mana
1013: 66.4 dps, 4000 hp, 226 mana
1014: 66.3 dps, 4000 hp, 264 mana
1015: 66.3 dps, 4000 hp, 264 mana
1016: 66.2 dps, 4000 hp, 264 mana
1017: 66.2 dps, 4000 hp, 264 mana
1018: 66.1 dps, 4000 hp, 264 mana
1019: 66.0 dps, 4000 hp, 264 mana
1020: 66.0 dps, 4000 hp, 302 mana
1021: 65.9 dps, 4000 hp, 302 mana
1022: 65.8 dps, 4000 hp, 302 mana
1023: 65.8 dps, 4000 hp, 302 mana
1024: 65.7 dps, 4000 hp, 302 mana
1025: 65.6 dps, 4000 hp, 302 mana
1026: 65.6 dps, 4000 hp, 340 mana
1027: 65.5 dps, 4000 hp, 340 mana
1028: 65.4 dps, 4000 hp, 340 mana
1029: 65.4 dps, 4000 hp, 340 mana
1030: 65.3 dps, 4000 hp, 340 mana
1031: 65.3 dps, 4000 hp, 340 mana
1032: 65.2 dps, 4000 hp, 378 mana
1033: 65.1 dps, 4000 hp, 378 mana
1034: 65.1 dps, 4000 hp, 378 mana
1035: 65.0 dps, 4000 hp, 378 mana
1036: 64.9 dps, 4000 hp, 378 mana
1037: 64.9 dps, 4000 hp, 378 mana
1038: startcast miniCH
1038: 64.8 dps, 4000 hp, 416 mana
1039: 64.7 dps, 4000 hp, 416 mana
1040: 64.7 dps, 4000 hp, 416 mana
1041: 64.6 dps, 4000 hp, 416 mana
1042: 64.6 dps, 4000 hp, 416 mana
1043: 64.5 dps, 4000 hp, 416 mana
1044: 64.4 dps, 4000 hp, 434 mana
1045: 64.4 dps, 4000 hp, 434 mana
1046: 64.3 dps, 4000 hp, 434 mana
1047: 64.3 dps, 4000 hp, 434 mana
1048: miniCH tick
1048: finished casting miniCH
1048: 67.0 dps, 4000 hp, 34 mana
1049: 66.9 dps, 4000 hp, 34 mana
1050: 66.9 dps, 4000 hp, 52 mana
1051: 66.8 dps, 4000 hp, 52 mana
1052: 66.7 dps, 4000 hp, 52 mana
1053: 66.7 dps, 4000 hp, 52 mana
1054: 66.6 dps, 4000 hp, 52 mana
1055: 66.5 dps, 4000 hp, 52 mana
1056: 66.5 dps, 4000 hp, 90 mana
1057: 66.4 dps, 4000 hp, 90 mana
1058: 66.4 dps, 4000 hp, 90 mana
1059: 66.3 dps, 4000 hp, 90 mana
1060: 66.2 dps, 4000 hp, 90 mana
1061: 66.2 dps, 4000 hp, 90 mana
1062: 66.1 dps, 4000 hp, 128 mana
1063: 66.0 dps, 4000 hp, 128 mana
1064: 66.0 dps, 4000 hp, 128 mana
1065: 65.9 dps, 4000 hp, 128 mana
1066: 65.9 dps, 4000 hp, 128 mana
1067: 65.8 dps, 4000 hp, 128 mana
1068: 65.7 dps, 4000 hp, 166 mana
1069: 65.7 dps, 4000 hp, 166 mana
1070: 65.6 dps, 4000 hp, 166 mana
1071: 65.5 dps, 4000 hp, 166 mana
1072: 65.5 dps, 4000 hp, 166 mana
1073: 65.4 dps, 4000 hp, 166 mana
1074: 65.4 dps, 4000 hp, 204 mana
1075: 65.3 dps, 4000 hp, 204 mana
1076: 65.2 dps, 4000 hp, 204 mana
1077: 65.2 dps, 4000 hp, 204 mana
1078: 65.1 dps, 4000 hp, 204 mana
1079: 65.1 dps, 4000 hp, 204 mana
1080: 65.0 dps, 4000 hp, 242 mana
1081: 64.9 dps, 4000 hp, 242 mana
1082: 64.9 dps, 4000 hp, 242 mana
1083: 64.8 dps, 4000 hp, 242 mana
1084: 64.8 dps, 4000 hp, 242 mana
1085: 64.7 dps, 4000 hp, 242 mana
1086: 64.6 dps, 4000 hp, 280 mana
1087: 64.6 dps, 4000 hp, 280 mana
1088: 64.5 dps, 4000 hp, 280 mana
1089: 64.5 dps, 4000 hp, 280 mana
1090: 64.4 dps, 4000 hp, 280 mana
1091: 64.3 dps, 4000 hp, 280 mana
1092: 64.3 dps, 4000 hp, 318 mana
1093: 64.2 dps, 4000 hp, 318 mana
1094: 64.2 dps, 4000 hp, 318 mana
1095: 64.1 dps, 4000 hp, 318 mana
1096: 64.1 dps, 4000 hp, 318 mana
1097: 64.0 dps, 4000 hp, 318 mana
1098: 63.9 dps, 4000 hp, 356 mana
1099: 63.9 dps, 4000 hp, 356 mana
1100: 63.8 dps, 4000 hp, 356 mana
1101: 63.8 dps, 4000 hp, 356 mana
1102: 63.7 dps, 4000 hp, 356 mana
1103: 63.6 dps, 4000 hp, 356 mana
1104: 63.6 dps, 4000 hp, 394 mana
1105: 63.5 dps, 4000 hp, 394 mana
1106: 63.5 dps, 4000 hp, 394 mana
1107: 63.4 dps, 4000 hp, 394 mana
1108: 63.4 dps, 4000 hp, 394 mana
1109: 63.3 dps, 4000 hp, 394 mana
1110: startcast miniCH
1110: 63.2 dps, 4000 hp, 432 mana
1111: 63.2 dps, 4000 hp, 432 mana
1112: 63.1 dps, 4000 hp, 432 mana
1113: 63.1 dps, 4000 hp, 432 mana
1114: 63.0 dps, 4000 hp, 432 mana
1115: 63.0 dps, 4000 hp, 432 mana
1116: 62.9 dps, 4000 hp, 450 mana
1117: 62.8 dps, 4000 hp, 450 mana
1118: 62.8 dps, 4000 hp, 450 mana
1119: 62.7 dps, 4000 hp, 450 mana
1120: miniCH tick
1120: finished casting miniCH
1120: 65.3 dps, 4000 hp, 50 mana
1121: 65.2 dps, 4000 hp, 50 mana
1122: 65.2 dps, 4000 hp, 68 mana
1123: 65.1 dps, 4000 hp, 68 mana
1124: 65.1 dps, 4000 hp, 68 mana
1125: 65.0 dps, 4000 hp, 68 mana
1126: 64.9 dps, 4000 hp, 68 mana
1127: 64.9 dps, 4000 hp, 68 mana
1128: 64.8 dps, 4000 hp, 106 mana
1129: 64.8 dps, 4000 hp, 106 mana
1130: 64.7 dps, 4000 hp, 106 mana
1131: 64.7 dps, 4000 hp, 106 mana
1132: 64.6 dps, 4000 hp, 106 mana
1133: 64.5 dps, 4000 hp, 106 mana
1134: 64.5 dps, 4000 hp, 144 mana
1135: 64.4 dps, 4000 hp, 144 mana
1136: 64.4 dps, 4000 hp, 144 mana
1137: 64.3 dps, 4000 hp, 144 mana
1138: 64.3 dps, 4000 hp, 144 mana
1139: 64.2 dps, 4000 hp, 144 mana
1140: 64.1 dps, 4000 hp, 182 mana
1141: 64.1 dps, 4000 hp, 182 mana
1142: 64.0 dps, 4000 hp, 182 mana
1143: 64.0 dps, 4000 hp, 182 mana
1144: 63.9 dps, 4000 hp, 182 mana
1145: 63.9 dps, 4000 hp, 182 mana
1146: 63.8 dps, 4000 hp, 220 mana
1147: 63.8 dps, 4000 hp, 220 mana
1148: 63.7 dps, 4000 hp, 220 mana
1149: 63.6 dps, 4000 hp, 220 mana
1150: 63.6 dps, 4000 hp, 220 mana
1151: 63.5 dps, 4000 hp, 220 mana
1152: 63.5 dps, 4000 hp, 258 mana
1153: 63.4 dps, 4000 hp, 258 mana
1154: 63.4 dps, 4000 hp, 258 mana
1155: 63.3 dps, 4000 hp, 258 mana
1156: 63.3 dps, 4000 hp, 258 mana
1157: 63.2 dps, 4000 hp, 258 mana
1158: 63.1 dps, 4000 hp, 296 mana
1159: 63.1 dps, 4000 hp, 296 mana
1160: 63.0 dps, 4000 hp, 296 mana
1161: 63.0 dps, 4000 hp, 296 mana
1162: 62.9 dps, 4000 hp, 296 mana
1163: 62.9 dps, 4000 hp, 296 mana
1164: 62.8 dps, 4000 hp, 334 mana
1165: 62.8 dps, 4000 hp, 334 mana
1166: 62.7 dps, 4000 hp, 334 mana
1167: 62.7 dps, 4000 hp, 334 mana
1168: 62.6 dps, 4000 hp, 334 mana
1169: 62.6 dps, 4000 hp, 334 mana
1170: 62.5 dps, 4000 hp, 372 mana
1171: 62.4 dps, 4000 hp, 372 mana
1172: 62.4 dps, 4000 hp, 372 mana
1173: 62.3 dps, 4000 hp, 372 mana
1174: 62.3 dps, 4000 hp, 372 mana
1175: 62.2 dps, 4000 hp, 372 mana
1176: startcast miniCH
1176: 62.2 dps, 4000 hp, 410 mana
1177: 62.1 dps, 4000 hp, 410 mana
1178: 62.1 dps, 4000 hp, 410 mana
1179: 62.0 dps, 4000 hp, 410 mana
1180: 62.0 dps, 4000 hp, 410 mana
1181: 61.9 dps, 4000 hp, 410 mana
1182: 61.9 dps, 4000 hp, 428 mana
1183: 61.8 dps, 4000 hp, 428 mana
1184: 61.8 dps, 4000 hp, 428 mana
1185: 61.7 dps, 4000 hp, 428 mana
1186: miniCH tick
1186: finished casting miniCH
1186: 64.1 dps, 4000 hp, 28 mana
1187: 64.1 dps, 4000 hp, 28 mana
1188: 64.0 dps, 4000 hp, 46 mana
1189: 64.0 dps, 4000 hp, 46 mana
1190: 63.9 dps, 4000 hp, 46 mana
1191: 63.9 dps, 4000 hp, 46 mana
1192: 63.8 dps, 4000 hp, 46 mana
1193: 63.7 dps, 4000 hp, 46 mana
1194: 63.7 dps, 4000 hp, 84 mana
1195: 63.6 dps, 4000 hp, 84 mana
1196: 63.6 dps, 4000 hp, 84 mana
1197: 63.5 dps, 4000 hp, 84 mana
1198: 63.5 dps, 4000 hp, 84 mana
1199: 63.4 dps, 4000 hp, 84 mana
1200: 63.4 dps, 4000 hp, 122 mana
