949614079::Bloodstone Eyepatch::<a href="http://gameznet.com/eq/equipment/bloodstoneeye.html">More</a>::4::::::::3::::3::::::::::::::::::0.1::::yes::yes::yes::yes::yes::yes::yes::yes::yes::yes::::::::::yes::yes::yes::yes::yes::yes::yes::yes::yes::yes::yes::yes::::admin
949614122::Carved Ivory Mask::<a href="http://gameznet.com/eq/equipment/carvedivorymask.html">More</a>::2::::::::4::::::::10::::::::::::::0.9::::yes::yes::yes::yes::yes::yes::yes::yes::yes::yes::yes::yes::yes::yes::yes::yes::yes::yes::yes::yes::yes::yes::yes::yes::yes::yes::::admin
949614195::Cryosilk Veil::<a href="http://www.gameznet.com/eq/equipment/cryosilkveil.html">More</a>::3::::::::::1::::2::::10::::::::10::::0.2::::::::::::::::::::::::yes::yes::yes::yes::::yes::::yes::yes::::::yes::yes::::::::::admin
949614245::Dented Brass Mask::<a href="http://gameznet.com/eq/equipment/dentedbrassmask.html">More</a>::4::3::::::::::::::::::::::::::::0.8::::yes::yes::yes::yes::yes::yes::yes::yes::::yes::::::::::yes::yes::yes::yes::yes::yes::yes::yes::yes::yes::yes::yes::::admin
949614312::Froglok Skin Mask::<a href="http://www.gameznet.com/eq/equipment/froglokskinmask.html">More</a>::2::::::2::::2::::::::::::::::::::0.4::::yes::yes::::::yes::::::yes::::yes::yes::yes::yes::yes::::yes::::::::::::::::yes::yes::::::admin
949614371::Grotesque Mask::<a href="http://gameznet.com/eq/equipment/EQ-Grotesque.Mask.html">More</a>::3::::::7::::::::-9::::::::::::::::1.0::::yes::yes::::yes::yes::yes::yes::yes::::yes::::::::::yes::yes::yes::yes::yes::yes::yes::yes::yes::yes::yes::yes::::admin
949614424::Mask of Deception::<a href="http://www.gameznet.com/eq/equipment/guideofdeceiver.html">More</a>::4::::::::::::::13::::::::::::::7::0.4::::::yes::::yes::::::::::::::::::::::yes::yes::yes::yes::yes::yes::yes::yes::yes::yes::yes::yes::::admin
949614483::Incandescent Mask::<a href="http://www.gameznet.com/eq/equipment/incandescentmask.html">More</a>::3::::::::::5::::7::::::::::::::::0.4::::::::yes::::::::::::::::::::yes::::::yes::::yes::yes::::::yes::yes::::::::::admin
949614521::Leering Mask::<a href="http://gameznet.com/eq/equipment/EQ-Leering.Mask.html">More</a>::3::::::3::::::::::::::::::::::::0.4::::yes::yes::yes::yes::yes::yes::yes::yes::yes::yes::yes::yes::yes::yes::yes::yes::yes::yes::yes::yes::yes::yes::yes::yes::yes::yes::::admin
949614562::Light Woolen Mask::<a href="http://www.gameznet.com/eq/equipment/lightwoolenmask.html">More</a>::5::::2::::::::::2::::::::::::::::0.2::::::::::yes::::::::::::::::::::::yes::yes::yes::yes::yes::yes::yes::yes::yes::yes::yes::yes::::admin
949614604::Lizardskin Tribal Mask::<a href="http://www.gameznet.com/eq/equipment/lizskinmaskhtml.htm">More</a>::3::::::::5::::::::::::::::::::5::0.2::::yes::yes::yes::yes::yes::yes::yes::yes::yes::yes::yes::yes::yes::yes::yes::yes::yes::yes::yes::yes::yes::yes::yes::yes::yes::yes::::admin
949614650::Mempo of Likato::<a href="http://www.gameznet.com/eq/equipment/mempo.html">More</a>::0::::::::::::::::::::::::::::::0.1::Ultravision::::::yes::::::::::::::::::::::::::::::::::::::::yes::::::::::admin
949614698::Moss Mask::<a href="http://gameznet.com/eq/equipment/mossmask.html">More</a>::0::::::::::::::::::::::::::::::0.1::Water Breathing::yes::yes::yes::yes::yes::yes::yes::yes::yes::yes::yes::yes::yes::yes::yes::yes::yes::yes::yes::yes::yes::yes::yes::yes::yes::yes::::admin
949614739::Pair of Bent Spectacles::<a href="http://www.gameznet.com/eq/equipment/pairbentspects.html">More</a>::0::::::::::::::::::15::::::::::15::0.1::::yes::yes::yes::yes::yes::yes::yes::yes::yes::yes::yes::yes::yes::yes::yes::yes::yes::yes::yes::yes::yes::yes::yes::yes::yes::yes::::admin
949614798::Pearlescent Mask::<a href="http://www.gameznet.com/eq/equipment/pearlescentmask.html">More</a>::5::::::::5::::::::::::::::::::10::0.1::Serpent Sight::::::yes::::::::::::::::::::::::::::::::::::::::yes::::::::::admin
949614857::Platinum Ruby Veil::<a href="http://gameznet.com/eq/equipment/platrubyviel.html">More</a>::0::7::::::::::7::::::::::::::::::0.1::::yes::yes::yes::yes::yes::yes::yes::yes::yes::yes::yes::yes::yes::yes::yes::yes::yes::yes::yes::yes::yes::yes::yes::yes::yes::yes::::admin
949614894::Polished Mithril Mask::<a href="http://www.gameznet.com/eq/equipment/polishedmithmask.html">More</a>::5::::::::::7::7::::::::::::::::::0.8::::yes::yes::yes::yes::yes::yes::yes::yes::yes::yes::yes::yes::yes::yes::yes::yes::yes::yes::yes::yes::yes::yes::yes::yes::yes::yes::::admin
949614936::Serpentskin Eyepatch::<a href="http://www.gameznet.com/eq/equipment/serpentskineye.html">More</a>::3::::::::3::::::::::::::::::::::0.1::::yes::yes::yes::yes::yes::yes::yes::yes::yes::yes::::::::::yes::yes::yes::yes::yes::yes::yes::yes::yes::yes::yes::yes::::admin
949614969::Sheer Bone Mask::<a href="http://gameznet.com/eq/equipment/EQ-Sheer.Bone.Mask.html">More</a>::3::::::::::3::::::::::::::::::::1.5::::yes::yes::yes::yes::yes::yes::yes::yes::yes::yes::yes::yes::yes::yes::yes::yes::yes::yes::yes::yes::yes::yes::yes::yes::yes::yes::::admin
949615024::Snakeskin Mask::<a href="http://www.gameznet.com/eq/equipment/snakeskinmask.html">More</a>::2::::::::::::::::::::::::::::5::0.4::::yes::yes::yes::yes::yes::yes::yes::yes::yes::yes::::::::::yes::yes::yes::yes::yes::yes::yes::yes::yes::yes::yes::yes::::admin
949615069::Split Paw Hide Mask::<a href="http://www.gameznet.com/eq/equipment/splitpawmask.html">More</a>::3::::::::::::::::::::::::::5::5::0.5::::yes::yes::yes::yes::yes::yes::yes::yes::yes::yes::::::::::yes::yes::yes::yes::yes::yes::yes::yes::yes::yes::yes::yes::::admin
949615119::Tobrin's Mystical Eyepatch::<a href="http://www.gameznet.com/eq/equipment/tobrinsmysticaleyepatch.html">More</a>::0::::::::::15::15::::::::::::::::::0.1::See Invisible::yes::yes::yes::yes::yes::yes::yes::yes::yes::yes::yes::yes::yes::yes::yes::yes::yes::yes::yes::yes::yes::yes::yes::yes::yes::yes::::admin
952806313::Terror Forged Mask::<a href="http://gameznet.com/eq/equipment/terrorforgedmask.html">More</a>::4::::::::::::7::-5::::::::::::::5::1.5::Call of Bones::::::::::::::::yes::::::::::::::::::::yes::::::::::yes::::::::::admin
952806367::Fright Forged Helm::<a href="http://gameznet.com/eq/equipment/frightforgedhelm.html">More</a>::11::2::::::::::4::-5::::::::::::::::5.5::Deadeye::::::::::::::::yes::::::::::::::::::::yes::::::::::yes::::::::::admin
952817347::Rubicite Mask::<a href="http://gameznet.com/eq/equipment/rubicitemask.html">More</a>::7::::::::::::::5::::::::::::::::0.8::::yes::yes::::yes::yes::yes::yes::yes::::yes::::::::::yes::yes::yes::yes::yes::yes::yes::yes::yes::yes::yes::yes::::admin
953670499::Augmentor's Mask::<a href="http://gameznet.com/eq/equipment/augmentorsmask.html">More</a>::6::::::4::8::9::::::::9::::::::::::0.5::::::::::::::::::::::::::yes::::::yes::yes::yes::yes::yes::yes::yes::yes::yes::yes::yes::yes::::admin
955564489::Kerran Headband::<a href="http://www.gameznet.com/eq/equipment/kerranheadband.html">More</a>::1::4::::::::::2::::::::::::::::::0.1::::yes::yes::yes::yes::::yes::yes::yes::yes::yes::::::::::yes::::yes::::yes::yes::yes::yes::yes::::::yes::::admin
955760023::Gorilla Hide Mask::<a href="http://gameznet.com/eq/equipment/gorillahidemask.html">More</a>::3::2::::::3::::::-8::::::::::::::::0.9::::yes::yes::yes::yes::yes::yes::yes::yes::yes::yes::yes::yes::yes::yes::yes::yes::yes::yes::yes::yes::yes::yes::yes::yes::yes::yes::yes::admin
955996967::Mask of Empowerment::<a href="http://gameznet.com/eq/equipment/maskempowerment.html">More</a>::4::::::7::7::7::::::::::::::::::::0.4::Burnout III::::::::::::::::::::::::::::yes::yes::yes::yes::yes::yes::yes::yes::yes::yes::yes::yes::yes::yes::admin
956257035::Ivory Mask::<a href="http://www.gameznet.com/eq/equipment/ivorymask.html">More</a>::6::::::::::6::::6::::30::::::::::::0.5::::::::::::::::::::::::::::yes::::yes::yes::yes::yes::yes::yes::yes::yes::yes::yes::yes::yes::yes::admin
956474515::Ton Po's Eye Patch::<a href="http://gameznet.com/eq/equipment/tonposeyepatch.html">More</a>::0::8::::8::8::::::::::::::::::::::0.1::See Invisible::::::yes::::::::::::::::::::::::yes::yes::yes::yes::yes::yes::yes::yes::yes::yes::yes::yes::yes::admin
956514994::Skinned Halfling Face Mask::<a href="http://gameznet.com/eq/equipment/skinnedhalflingfacemask.html">More</a>::0::::::::::::::::::::::::::::::0.0::Illusion: Halfling::::::::::::::::yes::::yes::::::::::::yes::::::::::::::yes::::yes::::::admin
956628852::Ruined Scale Visor::<a href="http://www.gameznet.com/eq/equipment/ruinedscalevisor.html">More</a>::3::::::::::::::::::::::::::::::1.3::::yes::yes::::yes::yes::yes::yes::yes::yes::yes::::::::::yes::yes::::yes::::yes::::yes::yes::::::yes::yes::admin
956871921::Mask of the Eight Eyes::<a href="http://www.gameznet.com/eq/equipment/maskoftheeighteyes.html">More</a>::3::::2::2::::::::::::::::::::::::0.4::::yes::yes::yes::yes::yes::yes::yes::yes::yes::yes::::::::::yes::yes::::yes::::yes::::yes::yes::::::yes::yes::admin
956952678::Sarnak-hide Mask::<a href="http://www.gameznet.com/eq/equipment/sarnakhidmask.html">More</a>::6::5::::::::::::::::::::::::::::0.4::::yes::yes::yes::yes::yes::yes::yes::yes::yes::yes::yes::yes::yes::yes::yes::yes::yes::yes::yes::yes::yes::yes::yes::yes::yes::yes::yes::admin
957217637::Iksar Hide Mask::<a href="http://www.gameznet.com/eq/equipment/iksarhidemask.html">More</a>::4::::::::::::::13::::::::::::::7::0.4::Illusion: Iksar::::yes::::yes::::::::::::::::::::::yes::yes::yes::yes::yes::yes::yes::yes::yes::yes::yes::yes::yes::admin
957559892::Sebilite Scale Mask::<a href="http://www.gameznet.com/eq/equipment/sebilitescalemask.html">More</a>::8::::::::::::4::::10::10::2::::2::::::0.8::::yes::yes::::yes::yes::yes::yes::yes::::yes::::::::::yes::yes::yes::yes::yes::yes::yes::yes::yes::::::yes::yes::admin
957821482::Gangrenous Beetle Mask::<a href="http://www.gameznet.com/eq/equipment/gangrenousbeetlemask.html">More</a>::7::5::::5::::::::::::20::::::10::::::4.5::::yes::yes::yes::yes::yes::yes::yes::yes::::yes::::::::::yes::yes::yes::yes::yes::yes::yes::yes::yes::yes::yes::yes::yes::admin
958248392::Larrikan's Mask::<a href="http://www.gameznet.com/eq/equipment/larrikansmask.html">More</a>::6::::::::::::::::::::::::::::::0.4::Superior Camouflage::yes::yes::yes::yes::yes::yes::yes::yes::yes::yes::yes::yes::yes::yes::yes::yes::yes::yes::yes::yes::yes::yes::yes::yes::yes::yes::yes::admin
958377297::Bone Mask of the Jasarth::<a href="http://www.gameznet.com/eq/equipment/bonemaskofjasarth.html">More</a>::7::2::::::::::4::8::::::::::5::5::::3.0::::::::::yes::::::::yes::yes::yes::yes::yes::yes::yes::yes::yes::yes::yes::yes::yes::yes::yes::yes::yes::yes::yes::yes::admin
958595392::Goblin Forged Iron Mask::<a href="http://www.gameznet.com/eq/equipment/goblinforgedironmask.html">More</a>::8::::::::::::::::10::::::::::::::1.5::::yes::yes::::yes::yes::yes::yes::yes::::yes::::::::::::yes::yes::yes::yes::yes::yes::yes::yes::::::yes::yes::admin
958946550::Enshrouded Veil::<a href="http://gameznet.com/eq/equipment/enshroudedveil.html">More</a>::7::::::::::2::2::::30::30::10::::::::::0.1::::yes::yes::yes::yes::yes::yes::yes::yes::yes::yes::yes::yes::yes::yes::yes::yes::yes::yes::yes::yes::yes::yes::yes::yes::yes::yes::yes::admin
959035147::Mask of Wurms::<a href="http://www.gameznet.com/eq/equipment/maskofwurms.html">More</a>::5::4::::::4::::::::10::20::::::::::::0.9::::yes::yes::yes::yes::yes::yes::yes::yes::yes::yes::yes::yes::yes::yes::yes::yes::yes::yes::yes::yes::yes::yes::yes::yes::yes::yes::yes::admin
959453269::Elliptical Veil::<a href="http://gameznet.com/eq/equipment/elliptical_veil.html">More</a>::3::::::::::2::::4::20::::::::::::5::0.1::::::::::::::::::::::::::::yes::::yes::yes::yes::yes::yes::yes::yes::yes::yes::yes::yes::yes::yes::admin
959453336::Sabretooth Amulet::<a href="http://gameznet.com/eq/equipment/tiger_amulet.html">More</a>::4::::5::::::5::::::::::::::::::15::0.4::See Invisible::::::::::::::::::::yes::::::::::yes::yes::yes::yes::yes::yes::yes::yes::yes::yes::yes::yes::yes::admin
960490425::Elliptical Veil::<a href="http://www.gameznet.com/eq/equipment/ellipticalveil.html">More</a>::3::::::::::2::::4::20::::::::::::5::0.1::::::::::::::::::::::::::::yes::::yes::yes::yes::yes::yes::yes::yes::yes::yes::yes::yes::yes::yes::admin
961620250::Blood Sky Face Plate::<a href="http://gameznet.com/eq/equipment/bloodskyfaceplate.html">More</a>::9::10::::12::::::::::::60::::::10::::::4.5::::::::::::yes::::::::::::::::::::yes::yes::yes::yes::yes::yes::yes::yes::yes::yes::yes::yes::yes::admin
961966624::Loam Encrusted Veil::<a href="http://www.gameznet.com/eq/equipment/loamencrustedveil.html">More</a>::3::::::::::1::::3::20::5::::::::::::0.2::::::::::::::::::::::::yes::yes::yes::yes::::yes::::yes::yes::::::yes::yes::::::::yes::admin
961966741::Child's Mask::<a href="http://gameznet.com/eq/equipment/childsmask.html">More</a>::3::::::::::::-2::5::::::::::::::::0.4::Shrink::yes::yes::::::yes::::::::::yes::::::::::yes::::::::::::::::::yes::yes::::::admin
962408809::Blood Splattered Veil::<a href="http://gameznet.com/eq/equipment/bloodsplatteredveil.html">More</a>::4::5::::::::::::::::::::::::::::1.0::::::::::::yes::yes::yes::::::::::::::::yes::yes::yes::yes::yes::yes::yes::yes::yes::yes::yes::yes::yes::admin
