111::Delete Me::::::::::::::::::::::::::::::::::::::::::::::::::::::::::::::::::::::::::::::::::::::::::::admin
953067300::Bear-hide Belt::<a href="http://www.gameznet.com/eq/equipment/bearhidebelt.html">More</a>::4::::::::::::::::::::::::::::::1.0::::yes::yes::yes::yes::yes::yes::yes::yes::yes::yes::yes::yes::yes::yes::yes::yes::yes::yes::yes::yes::yes::yes::yes::yes::yes::yes::::admin
953067348::Belt of Concordance::<a href="http://www.gameznet.com/eq/equipment/beltconcordance.html">More</a>::6::5::::::::::::5::::::::::::5::::0.1::Haste::::::::yes::::::::::::::::::::::yes::yes::yes::yes::yes::yes::yes::yes::yes::yes::yes::yes::::admin
953067387::Belt of Contention::<a href="http://www.gameznet.com/eq/equipment/beltcontention.html">More</a>::10::5::5::::::::::::::::5::::::::::0.1::Haste::yes::::::::::::::::::::::::::::yes::yes::yes::yes::yes::yes::yes::yes::yes::yes::yes::yes::::admin
953067423::Belt of Iniquity::<a href="http://www.gameznet.com/eq/equipment/beltiniquity.html">More</a>::8::5::::::::5::::::::::::::::::5::0.1::Haste::::::::::yes::::::::::::::::::::yes::yes::yes::yes::yes::yes::yes::yes::yes::yes::yes::yes::::admin
953067456::Belt of the Pine::<a href="http://www.gameznet.com/eq/equipment/beltofpine.html">More</a>::6::5::::::::::5::::::::::::5::::::0.1::Haste::::::::::::::yes::::::::::::::::yes::yes::yes::yes::yes::yes::yes::yes::yes::yes::yes::yes::::admin
953067487::Belt of Transientness::<a href="http://www.gameznet.com/eq/equipment/belttransientness.html">More</a>::6::5::::5::::::::::::::::::::10::::0.1::Haste::::yes::::::::::::::::::::::::::yes::yes::yes::yes::yes::yes::yes::yes::yes::yes::yes::yes::::admin
953067543::Belt of Tranquility::<a href="http://www.gameznet.com/eq/equipment/belttranquility.html">More</a>::4::5::::5::::::::::::::::5::::::::0.1::Haste::::::yes::::::::::::::::::::::::yes::yes::yes::yes::yes::yes::yes::yes::yes::yes::yes::yes::::admin
953067578::Belt of Virtue::<a href="http://www.gameznet.com/eq/equipment/beltvirtue.html">More</a>::8::5::::::::::5::::::::::::::::5::0.1::Haste::::::::::::yes::::::::::::::::::yes::yes::yes::yes::yes::yes::yes::yes::yes::yes::yes::yes::::admin
953067628::Belt of Flesh Hooks::<a href="http://www.gameznet.com/eq/equipment/beltfleshhooks.htm">More</a>::5::::::::::::::-5::::::::::5::5::::0.2::::::::::::yes::::::::::::::::::::::yes::::yes::::::::::yes::yes::yes::::::admin
953067679::Belt of the River::<a href="http://www.gameznet.com/eq/equipment/beltofriver.html">More</a>::5::5::5::::::::::::::::::-10::::::::0.2::Summon Drink::yes::yes::::::::::::yes::yes::::::::::::::::::::::::yes::::::::::::::admin
953067752::Black Iron Girdle::<a href="http://gameznet.com/eq/equipment/EQ-Black.Iron.Girdle.html">More</a>::6::::5::::::::::::::::::::::::::2.0::::yes::yes::::yes::yes::yes::yes::yes::yes::::::::::::yes::yes::yes::yes::yes::yes::yes::yes::yes::yes::yes::yes::::admin
953067911::Black Sash::<a href="http://www.gameznet.com/eq/equipment/blacksash.html">More</a>::2::2::4::3::3::1::::4::4::::::::::::::0.0::::::::yes::::::::::::::::::::::::::::::::::::::::yes::::::::::admin
953067975::Bone Clasped Girdle::<a href="http://www.gameznet.com/eq/equipment/boneclaspedgirdle.html">More</a>::4::7::7::7::::::::::75::75::::::::::::0.1::::::::::::::::::yes::yes::yes::yes::yes::yes::yes::yes::yes::yes::yes::yes::yes::yes::yes::yes::yes::yes::yes::::admin
953068017::Braided Cinch Cord::<a href="http://gameznet.com/eq/equipment/braidedcinchcord.html">More</a>::2::::::::::4::::::8::::::::::::::0.1::::::::::::::::::::::::yes::yes::yes::yes::yes::yes::yes::yes::yes::yes::yes::yes::yes::yes::yes::yes::::admin
953068094::Cryosilk Sash::<a href="http://www.gameznet.com/eq/equipment/cryosilksash.html">More</a>::4::2::::::::1::::::::10::::::::::10::0.2::::::::::::::::::::::::yes::yes::yes::yes::::yes::::yes::yes::::::yes::yes::::::::::admin
953068147::Drake Scale Belt::<a href="http://gameznet.com/eq/equipment/drakescalebelt.html">More</a>::5::::::::::::::::::::10::::::::::::::yes::yes::yes::yes::yes::yes::yes::yes::yes::yes::yes::yes::yes::yes::yes::yes::yes::yes::yes::yes::yes::yes::yes::yes::yes::yes::::admin
953068205::Dweamorvine Garland::<a href="http://www.gameznet.com/eq/equipment/dweamorvinegarland.html">More</a>::8::::::::7::::5::::::::::::::::::0.5::::::::::::::::::::yes::::::::::::yes::yes::yes::yes::yes::yes::yes::yes::yes::yes::yes::yes::::admin
953068249::Efreeti Belt::<a href="http://www.gameznet.com/eq/equipment/efreetibelt.html">More</a>::4::1::::::::1::1::::::::::::::::::1.0::::yes::yes::yes::yes::yes::yes::yes::yes::yes::yes::yes::yes::yes::yes::yes::yes::yes::yes::yes::yes::yes::yes::yes::yes::yes::yes::::admin
953068291::Flayed Turmoilskin Belt::<a href="http://www.gameznet.com/eq/equipment/flayedturmoilskinbelt.html">More</a>::9::::::6::::::5::::::::::::::::::0.5::::::::::::::::::::::yes::::::::::yes::yes::yes::yes::yes::yes::yes::yes::yes::yes::yes::yes::::admin
953068327::Flowing Black Silk Sash::<a href="http://gameznet.com/eq/equipment/flowingblacksash.html">More</a>::0::::::::::::::::::::::::::::::0.1::Haste::yes::yes::yes::yes::yes::yes::yes::yes::yes::yes::yes::yes::yes::yes::yes::yes::yes::yes::yes::yes::yes::yes::yes::yes::yes::yes::::admin
953068387::Giant Reminder String::<a href="http://gameznet.com/eq/equipment/giantreminderstring.html">More</a>::2::::::::::5::::::::::::::::::::0.5::::yes::yes::yes::yes::yes::yes::yes::yes::yes::yes::yes::yes::yes::yes::::yes::yes::::yes::::yes::yes::::::::yes::::admin
953068423::Giant Snakespine Belt::<a href="http://gameznet.com/eq/equipment/EQ-Giant.Snakespine.Belt.html">More</a>::4::::::::5::::::::::::::::::5::::3.5::::yes::yes::yes::yes::yes::yes::yes::yes::yes::yes::yes::yes::yes::yes::yes::yes::yes::yes::yes::yes::yes::yes::yes::yes::yes::yes::::admin
953068467::Girdle of the Diligent::<a href="http://www.gameznet.com/eq/equipment/girdleofdiligent.html">More</a>::10::::5::::::::5::::::::::::::::::0.5::::::::::::::::::yes::::::::::::::yes::yes::yes::yes::yes::yes::yes::yes::yes::yes::yes::yes::::admin
953068502::Lizardscale Belt::<a href="http://www.gameznet.com/eq/equipment/lizscalebelt.html">More</a>::2::::::::::::::::10::10::::::::::::1.0::::yes::yes::yes::yes::yes::yes::yes::yes::yes::yes::yes::yes::yes::yes::yes::yes::yes::yes::yes::yes::yes::yes::yes::yes::yes::yes::::admin
953068540::Mithril Plated Girth::<a href="http://www.gameznet.com/eq/equipment/mithgirth.html">More</a>::9::9::9::::::::::::::::::::::::::2.0::::yes::::::::::::::::::::::::::::yes::yes::yes::yes::yes::yes::yes::yes::yes::yes::yes::yes::::admin
953068583::Orange Sash of Order::<a href="http://gameznet.com/eq/equipment/EQ-Orange.Sash.of.Order.html">More</a>::0::::2::::1::::::1::2::::::::::::::0.2::::::::yes::::::::::::::::::::::::::::::::::::::::yes::::::::::admin
953068641::Purity Belt::<a href="http://gameznet.com/eq/equipment/EQ-Purity.Belt.html">More</a>::3::2::2::::::::::::::::::::::::::1.2::::yes::yes::yes::yes::yes::yes::yes::yes::yes::yes::::::::::yes::yes::::yes::::yes::::yes::yes::::::yes::::admin
953068672::Reed Belt::<a href="http://www.gameznet.com/eq/equipment/reedbelt.html">More</a>::6::::::::::::5::::10::::::::::::::0.8::::yes::yes::yes::yes::yes::yes::yes::yes::yes::yes::yes::yes::yes::yes::yes::yes::yes::yes::yes::yes::yes::yes::yes::yes::yes::yes::::admin
953068711::Silvery Girdle::<a href="http://www.gameznet.com/eq/equipment/silverygirdle.html">More</a>::10::5::5::::::::::::::::::::::::::0.2::::::::::::::yes::::::::::::::::::yes::yes::yes::yes::yes::yes::yes::yes::yes::yes::yes::yes::::admin
953068751::Split Paw Hide Belt::<a href="http://www.gameznet.com/eq/equipment/splitpawbelt.html">More</a>::5::::::::::::::::::::::::::5::::1.0::::yes::yes::yes::yes::yes::yes::yes::yes::yes::yes::::::::::yes::yes::yes::yes::yes::yes::yes::yes::yes::yes::yes::yes::::admin
953068780::Thick Banded Belt::<a href="http://www.gameznet.com/eq/equipment/thickbandedbelt.html">More</a>::8::15::::::::::::::::::::::::::::0.8::::yes::yes::yes::yes::yes::yes::yes::yes::yes::yes::yes::yes::yes::yes::yes::yes::yes::yes::yes::yes::yes::yes::yes::yes::yes::yes::::admin
953068813::Thick Leather Apron::<a href="http://gameznet.com/eq/equipment/EQ-Thick.Leather.Apron.html">More</a>::8::::::::::::::::::::::::::::::1.0::::yes::yes::yes::yes::yes::yes::yes::yes::yes::yes::::::::::yes::yes::yes::yes::yes::yes::yes::yes::yes::yes::yes::yes::::admin
953068847::Runed Bolster Belt::<a href="http://www.gameznet.com/eq/equipment/runedbolsterbelt.html">More</a>::5::10::10::10::::::::::::::::::::::::0.1::Haste::yes::yes::yes::yes::yes::yes::yes::yes::yes::yes::yes::yes::yes::yes::yes::yes::yes::yes::yes::yes::yes::yes::yes::yes::yes::yes::::admin
953068888::Swirlspine Belt::<a href="http://www.gameznet.com/eq/equipment/swirlbelt.html">More</a>::4::::::::::::::::::::::::::::::1.0::Haste::yes::yes::yes::yes::yes::yes::yes::::::::::::::::yes::yes::yes::yes::yes::yes::yes::yes::yes::yes::yes::yes::::admin
953068924::Troll-hide Belt::<a href="http://gameznet.com/eq/equipment/EQ-Troll-hide.Belt.html">More</a>::5::5::5::::::::::::::::::::::::::1.0::::::yes::::yes::::::::::::::::::::::yes::yes::yes::yes::yes::yes::yes::yes::yes::yes::yes::yes::::admin
953068957::White Wolf-hide Girdle::<a href="http://www.gameznet.com/eq/equipment/whitewolfhidegirdle.html">More</a>::5::9::::13::::::::::::::::::::::::0.1::::yes::yes::yes::yes::yes::yes::yes::yes::yes::yes::yes::yes::yes::yes::yes::yes::yes::yes::yes::yes::yes::yes::yes::yes::yes::yes::::admin
955826735::Pegasus Hide Belt::<a href="http://gameznet.com/eq/equipment/pegasushidebelt.html">More</a>::8::6::::::6::6::::::::::::::::::::1.0::Haste::::::::::yes::::::::::::::::::::yes::yes::yes::yes::yes::yes::yes::yes::yes::yes::yes::yes::yes::admin
956627634::Straw Spun Belt::<a href="http://www.gameznet.com/eq/equipment/strawspunbelt.html">More</a>::10::::::::::::::::::::::::::::::6.0::::yes::yes::yes::yes::yes::yes::yes::yes::yes::yes::yes::yes::yes::yes::yes::yes::yes::yes::yes::yes::yes::yes::yes::yes::yes::yes::yes::admin
957125681::Mountain Death Belt::<a href="http://www.gameznet.com/eq/equipment/mountaindeathbelt.html">More</a>::8::::::::::::::::25::::::::::::::0.0::Skin Like Rock::yes::yes::::::::yes::::yes::::::::::::::::::yes::::yes::::yes::::::::::::::admin
957125732::Sparring Rib Pad::<a href="http://www.gameznet.com/eq/equipment/sparringribpad.html">More</a>::4::1::::::::::::::5::::::::::::::0.2::::::::yes::::::::::::::::::::::::::::::::::::::::::::::::yes::admin
957386899::Scaled Prowler Belt::<a href="http://www.gameznet.com/eq/equipment/scaledprowlerbelt.html">More</a>::5::::::::3::::::::::::::::::::::1.0::::yes::yes::yes::yes::yes::yes::yes::yes::yes::yes::yes::yes::yes::yes::yes::yes::yes::yes::yes::yes::yes::yes::yes::yes::yes::yes::yes::admin
957386933::Silken Cat-fur Girdle::<a href="http://www.gameznet.com/eq/equipment/silkencatfurgirdle.html">More</a>::5::9::::13::::::::::::::::::::::::1.5::::yes::yes::yes::yes::yes::yes::yes::yes::yes::yes::yes::yes::yes::yes::yes::yes::yes::yes::yes::yes::yes::yes::yes::yes::yes::yes::yes::admin
957559956::Sebilite Scale Belt::<a href="http://www.gameznet.com/eq/equipment/sebilitescalebelt.html">More</a>::8::::::::::::::::20::20::::::2::::2::1.9::::yes::yes::::yes::yes::yes::yes::yes::::yes::::::::::yes::yes::yes::yes::yes::yes::yes::yes::yes::::::yes::yes::admin
957645891::Belt of the Cenobite::<a href="http://www.gameznet.com/eq/equipment/beltofthecenobite.html">More</a>::5::::::::::::7::::::::::10::::::::1.5::::yes::yes::yes::yes::yes::yes::yes::yes::::::::::::::::yes::yes::::yes::::yes::yes::::::::yes::::admin
957732950::Ivy Etched Belt::<a href="http://www.gameznet.com/eq/equipment/ivyetchedbelt.html">More</a>::9::::5::::::::::::::::::::::::::2.4::::::::::::::::yes::::::::::::::::::::::::::yes::::::yes::::::yes::::admin
957733019::Sludged Girdle::<a href="http://www.gameznet.com/eq/equipment/sludgedgirdle.html">More</a>::8::::::::::5::::5::20::10::::::::::::3.5::::yes::::::yes::yes::yes::::yes::::::::::::::yes::yes::yes::yes::yes::yes::yes::yes::yes::yes::yes::yes::yes::admin
957906814::Runebranded Girdle::<a href="http://www.gameznet.com/eq/equipment/runebrandedgirdle.html">More</a>::7::8::8::8::::::::::25::25::::::::::::0.1::Haste::yes::yes::yes::yes::yes::yes::yes::yes::yes::yes::yes::yes::yes::yes::yes::yes::yes::yes::yes::yes::yes::yes::yes::yes::yes::yes::yes::admin
959202758::Sarnak Hide Girdle::<a href="http://www.gameznet.com/eq/equipment/sarnakhidegirdle.html">More</a>::9::4::::4::::::4::::::::::::::::::0.1::::yes::yes::yes::yes::yes::yes::yes::yes::yes::yes::yes::yes::yes::yes::yes::yes::yes::yes::yes::yes::yes::yes::yes::yes::yes::yes::yes::admin
959202789::Sash of the Dragonborn::<a href="http://www.gameznet.com/eq/equipment/sashofthedragonborn.html">More</a>::2::::::::::::::::::::::::::::::0.1::Haste::yes::yes::yes::yes::yes::yes::yes::yes::yes::yes::yes::yes::yes::yes::yes::yes::yes::yes::yes::yes::yes::yes::yes::yes::yes::yes::yes::admin
959453510::Sludged Girdle::<a href="http://gameznet.com/eq/equipment/sludged_girdle.html">More</a>::8::::::::::5::::5::20::10::::::::::::3.5::::yes::::::yes::yes::yes::::yes::::::::::::::yes::yes::yes::yes::yes::yes::yes::yes::yes::yes::yes::yes::yes::admin
959800768::Ruined Scaled Skirt::<a href="http://gameznet.com/eq/equipment/ruinedscaledskirt.html">More</a>::5::::::::::::::::::::::::::::::3.3::::yes::yes::::yes::yes::yes::yes::yes::::yes::::::::::yes::yes::::yes::::yes::::yes::yes::::::yes::yes::admin
960234603::Mucilagenous Girdle::<a href="http://gameznet.com/eq/equipment/muc_girdle.html">More</a>::7::::::::::::6::::10::::::::::::::0.8::::yes::yes::yes::yes::yes::yes::yes::yes::yes::yes::yes::yes::yes::yes::yes::yes::yes::yes::yes::yes::yes::yes::yes::yes::yes::yes::yes::admin
961270202::Scaled Wolf Hide Belt::<a href="http://www.gameznet.com/eq/equipment/scaledwolfhidebelt.html">More</a>::3::::::::::::::::::::::::3::::::1.0::::yes::yes::yes::yes::yes::yes::yes::yes::yes::yes::::::::::yes::yes::yes::yes::yes::yes::yes::yes::yes::yes::yes::yes::yes::admin
961620056::Golden Sash of Tranquility::<a href="http://gameznet.com/eq/equipment/goldensashoftranquility.html">More</a>::5::15::::15::15::::::::::::::::::::::0.1::Haste::::::yes::::::::::::::::::::::::yes::yes::yes::yes::yes::yes::yes::yes::yes::yes::yes::yes::yes::admin
961967702::Belt of the Four Winds::<a href="http://gameznet.com/eq/equipment/beltofthefourwinds.html">More</a>::5::12::12::6::6::::::::::::::::::::5::2.0::Haste::yes::::::::::::::::::::::::::::yes::yes::yes::yes::yes::yes::yes::yes::yes::yes::yes::yes::yes::admin
