1: startcast epic
1: 0.0 dps, 4000 hp, 4000 mana
2: 0.0 dps, 4000 hp, 4000 mana
3: 0.0 dps, 4000 hp, 4000 mana
4: 0.0 dps, 4000 hp, 4000 mana
5: 0.0 dps, 4000 hp, 4000 mana
6: 0.0 dps, 4000 hp, 4000 mana
7: 0.0 dps, 4000 hp, 4000 mana
8: 0.0 dps, 4000 hp, 4000 mana
9: 0.0 dps, 4000 hp, 4000 mana
10: finished casting epic
10: 0.0 dps, 4000 hp, 4000 mana
11: startcast ancientnife
11: 0.0 dps, 4000 hp, 4000 mana
12: epic tick
12: 7.5 dps, 4000 hp, 4000 mana
13: 7.0 dps, 4000 hp, 4000 mana
14: 6.5 dps, 4000 hp, 4000 mana
15: 6.0 dps, 4000 hp, 4000 mana
16: finished casting ancientnife
16: 5.7 dps, 4000 hp, 3638.75 mana
17: 5.3 dps, 4000 hp, 3638.75 mana
18: ancientnife tick
18: epic tick
18: 25.3 dps, 4000 hp, 3647.75 mana
19: startcast nife
19: 23.9 dps, 4000 hp, 3647.75 mana
20: 22.7 dps, 4000 hp, 3647.75 mana
21: 21.7 dps, 4000 hp, 3647.75 mana
22: 20.7 dps, 4000 hp, 3647.75 mana
23: 19.8 dps, 4000 hp, 3647.75 mana
24: ancientnife tick
24: epic tick
24: finished casting nife
24: 34.1 dps, 4000 hp, 3295.5 mana
25: 32.8 dps, 4000 hp, 3295.5 mana
26: 31.5 dps, 4000 hp, 3295.5 mana
27: startcast eb
27: 30.3 dps, 4000 hp, 3295.5 mana
28: 29.3 dps, 4000 hp, 3295.5 mana
29: 28.2 dps, 4000 hp, 3295.5 mana
30: nife tick
30: ancientnife tick
30: epic tick
30: 47.1 dps, 4000 hp, 3304.5 mana
31: 45.6 dps, 4000 hp, 3304.5 mana
32: 44.2 dps, 4000 hp, 3304.5 mana
33: finished casting eb
33: 42.8 dps, 4000 hp, 3032.5 mana
34: 41.6 dps, 4000 hp, 3032.5 mana
35: 40.4 dps, 4000 hp, 3032.5 mana
36: nife tick
36: eb tick
36: ancientnife tick
36: epic tick
36: startcast pox
36: 60.2 dps, 4000 hp, 3041.5 mana
37: 58.6 dps, 4000 hp, 3041.5 mana
38: 57.0 dps, 4000 hp, 3041.5 mana
39: 55.6 dps, 4000 hp, 3041.5 mana
40: 54.2 dps, 4000 hp, 3041.5 mana
41: finished casting pox
41: 52.9 dps, 4000 hp, 2671.75 mana
42: pox tick
42: nife tick
42: eb tick
42: ancientnife tick
42: epic tick
42: 72.3 dps, 4000 hp, 2680.75 mana
43: 70.6 dps, 4000 hp, 2680.75 mana
44: cann5 tick
44: finished casting cann5
44: startcast cann5
44: 69.0 dps, 2076 hp, 3746.75 mana
45: startcast cann4
45: 67.5 dps, 2076 hp, 3746.75 mana
46: 66.0 dps, 2076 hp, 3746.75 mana
47: 64.6 dps, 2076 hp, 3746.75 mana
48: pox tick
48: nife tick
48: eb tick
48: ancientnife tick
48: epic tick
48: cann4 tick
48: finished casting cann4
48: 81.3 dps, 1947 hp, 3837.75 mana
49: 79.7 dps, 1947 hp, 3837.75 mana
50: startcast torpor
50: 78.1 dps, 1947 hp, 3837.75 mana
51: 76.5 dps, 1947 hp, 3837.75 mana
52: 75.1 dps, 1947 hp, 3837.75 mana
53: 73.7 dps, 1947 hp, 3837.75 mana
54: pox tick
54: nife tick
54: eb tick
54: ancientnife tick
54: epic tick
54: finished casting torpor
54: 88.4 dps, 1966 hp, 3676.75 mana
55: 86.8 dps, 1966 hp, 3676.75 mana
56: 85.2 dps, 1966 hp, 3676.75 mana
57: startcast cann4
57: 83.7 dps, 1966 hp, 3676.75 mana
58: 82.3 dps, 1966 hp, 3676.75 mana
59: 80.9 dps, 1966 hp, 3676.75 mana
60: torpor tick
60: pox tick
60: nife tick
60: eb tick
60: ancientnife tick
60: epic tick
60: cann4 tick
60: finished casting cann4
60: 94.0 dps, 2137 hp, 3767.75 mana
61: 92.5 dps, 2137 hp, 3767.75 mana
62: startcast cann4
62: 91.0 dps, 2137 hp, 3767.75 mana
63: 89.5 dps, 2137 hp, 3767.75 mana
64: 88.1 dps, 2137 hp, 3767.75 mana
65: cann4 tick
65: finished casting cann4
65: 86.8 dps, 1989 hp, 3849.75 mana
66: torpor tick
66: pox tick
66: nife tick
66: eb tick
66: ancientnife tick
66: epic tick
66: 98.6 dps, 2308 hp, 3858.75 mana
67: startcast ancientnife
67: 97.2 dps, 2308 hp, 3858.75 mana
68: 95.7 dps, 2308 hp, 3858.75 mana
69: 94.3 dps, 2308 hp, 3858.75 mana
70: 93.0 dps, 2308 hp, 3858.75 mana
71: 91.7 dps, 2308 hp, 3858.75 mana
72: torpor tick
72: pox tick
72: nife tick
72: eb tick
72: epic tick
72: finished casting ancientnife
72: 98.7 dps, 2627 hp, 3506.5 mana
73: 97.3 dps, 2627 hp, 3506.5 mana
74: 96.0 dps, 2627 hp, 3506.5 mana
75: startcast cann4
75: 94.7 dps, 2627 hp, 3506.5 mana
76: 93.5 dps, 2627 hp, 3506.5 mana
77: 92.3 dps, 2627 hp, 3506.5 mana
78: torpor tick
78: pox tick
78: nife tick
78: eb tick
78: ancientnife tick
78: epic tick
78: cann4 tick
78: finished casting cann4
78: 102.2 dps, 2798 hp, 3597.5 mana
79: 100.9 dps, 2798 hp, 3597.5 mana
80: startcast nife
80: 99.7 dps, 2798 hp, 3597.5 mana
81: 98.4 dps, 2798 hp, 3597.5 mana
82: 97.2 dps, 2798 hp, 3597.5 mana
83: 96.1 dps, 2798 hp, 3597.5 mana
84: torpor tick
84: pox tick
84: eb tick
84: ancientnife tick
84: epic tick
84: 102.5 dps, 3117 hp, 3606.5 mana
85: finished casting nife
85: 101.3 dps, 3117 hp, 3245.25 mana
86: 100.1 dps, 3117 hp, 3245.25 mana
87: 99.0 dps, 3117 hp, 3245.25 mana
88: startcast eb
88: 97.8 dps, 3117 hp, 3245.25 mana
89: 96.7 dps, 3117 hp, 3245.25 mana
90: torpor tick
90: pox tick
90: nife tick
90: ancientnife tick
90: epic tick
90: 103.6 dps, 3436 hp, 3254.25 mana
91: 102.4 dps, 3436 hp, 3254.25 mana
92: 101.3 dps, 3436 hp, 3254.25 mana
93: 100.2 dps, 3436 hp, 3254.25 mana
94: finished casting eb
94: 99.2 dps, 3436 hp, 2982.25 mana
95: 98.1 dps, 3436 hp, 2982.25 mana
96: pox tick
96: nife tick
96: eb tick
96: ancientnife tick
96: 105.2 dps, 3455 hp, 2991.25 mana
97: startcast epic
97: 104.1 dps, 3455 hp, 2991.25 mana
98: 103.0 dps, 3455 hp, 2991.25 mana
99: 102.0 dps, 3455 hp, 2991.25 mana
100: 101.0 dps, 3455 hp, 2991.25 mana
101: 100.0 dps, 3455 hp, 2991.25 mana
102: pox tick
102: nife tick
102: eb tick
102: ancientnife tick
102: 106.6 dps, 3474 hp, 3000.25 mana
103: 105.6 dps, 3474 hp, 3000.25 mana
104: 104.6 dps, 3474 hp, 3000.25 mana
105: 103.6 dps, 3474 hp, 3000.25 mana
106: finished casting epic
106: 102.6 dps, 3474 hp, 3000.25 mana
107: startcast cann4
107: 101.6 dps, 3474 hp, 3000.25 mana
108: pox tick
108: nife tick
108: eb tick
108: ancientnife tick
108: epic tick
108: 108.7 dps, 3493 hp, 3009.25 mana
109: 107.7 dps, 3493 hp, 3009.25 mana
110: cann4 tick
110: finished casting cann4
110: 106.8 dps, 3345 hp, 3091.25 mana
111: 105.8 dps, 3345 hp, 3091.25 mana
112: startcast cann4
112: 104.9 dps, 3345 hp, 3091.25 mana
113: 103.9 dps, 3345 hp, 3091.25 mana
114: pox tick
114: nife tick
114: eb tick
114: ancientnife tick
114: epic tick
114: 110.6 dps, 3364 hp, 3100.25 mana
115: cann4 tick
115: finished casting cann4
115: 109.7 dps, 3216 hp, 3182.25 mana
116: 108.7 dps, 3216 hp, 3182.25 mana
117: startcast cann4
117: 107.8 dps, 3216 hp, 3182.25 mana
118: 106.9 dps, 3216 hp, 3182.25 mana
119: 106.0 dps, 3216 hp, 3182.25 mana
120: pox tick
120: nife tick
120: eb tick
120: ancientnife tick
120: epic tick
120: cann4 tick
120: finished casting cann4
120: 112.3 dps, 3087 hp, 3273.25 mana
121: 111.4 dps, 3087 hp, 3273.25 mana
122: startcast cann4
122: 110.5 dps, 3087 hp, 3273.25 mana
123: 109.6 dps, 3087 hp, 3273.25 mana
124: 108.7 dps, 3087 hp, 3273.25 mana
125: cann4 tick
125: finished casting cann4
125: 107.8 dps, 2939 hp, 3355.25 mana
126: pox tick
126: nife tick
126: eb tick
126: ancientnife tick
126: epic tick
126: 113.9 dps, 2958 hp, 3364.25 mana
127: startcast ancientnife
127: 113.0 dps, 2958 hp, 3364.25 mana
128: 112.1 dps, 2958 hp, 3364.25 mana
129: 111.2 dps, 2958 hp, 3364.25 mana
130: 110.4 dps, 2958 hp, 3364.25 mana
131: 109.5 dps, 2958 hp, 3364.25 mana
132: pox tick
132: nife tick
132: eb tick
132: epic tick
132: finished casting ancientnife
132: 113.2 dps, 2977 hp, 3012 mana
133: 112.4 dps, 2977 hp, 3012 mana
134: 111.5 dps, 2977 hp, 3012 mana
135: startcast cann4
135: 110.7 dps, 2977 hp, 3012 mana
136: 109.9 dps, 2977 hp, 3012 mana
137: 109.1 dps, 2977 hp, 3012 mana
138: pox tick
138: nife tick
138: eb tick
138: ancientnife tick
138: epic tick
138: cann4 tick
138: finished casting cann4
138: 114.6 dps, 2848 hp, 3103 mana
139: 113.8 dps, 2848 hp, 3103 mana
140: startcast nife
140: 112.9 dps, 2848 hp, 3103 mana
141: 112.1 dps, 2848 hp, 3103 mana
142: 111.4 dps, 2848 hp, 3103 mana
143: 110.6 dps, 2848 hp, 3103 mana
144: pox tick
144: eb tick
144: ancientnife tick
144: epic tick
144: 114.2 dps, 2867 hp, 3112 mana
145: finished casting nife
145: 113.5 dps, 2867 hp, 2750.75 mana
146: 112.7 dps, 2867 hp, 2750.75 mana
147: 111.9 dps, 2867 hp, 2750.75 mana
148: startcast eb
148: 111.2 dps, 2867 hp, 2750.75 mana
149: 110.4 dps, 2867 hp, 2750.75 mana
150: pox tick
150: nife tick
150: ancientnife tick
150: epic tick
150: 114.4 dps, 2886 hp, 2759.75 mana
151: 113.6 dps, 2886 hp, 2759.75 mana
152: 112.9 dps, 2886 hp, 2759.75 mana
153: 112.2 dps, 2886 hp, 2759.75 mana
154: finished casting eb
154: 111.4 dps, 2886 hp, 2487.75 mana
155: 110.7 dps, 2886 hp, 2487.75 mana
156: pox tick
156: nife tick
156: eb tick
156: ancientnife tick
156: epic tick
156: 115.6 dps, 2905 hp, 2496.75 mana
157: startcast cann4
157: 114.8 dps, 2905 hp, 2496.75 mana
158: 114.1 dps, 2905 hp, 2496.75 mana
159: 113.4 dps, 2905 hp, 2496.75 mana
160: cann4 tick
160: finished casting cann4
160: 112.7 dps, 2757 hp, 2578.75 mana
161: 112.0 dps, 2757 hp, 2578.75 mana
162: pox tick
162: nife tick
162: eb tick
162: ancientnife tick
162: epic tick
162: startcast pox
162: 116.7 dps, 2776 hp, 2587.75 mana
163: 115.9 dps, 2776 hp, 2587.75 mana
164: 115.2 dps, 2776 hp, 2587.75 mana
165: 114.5 dps, 2776 hp, 2587.75 mana
166: 113.8 dps, 2776 hp, 2587.75 mana
167: finished casting pox
167: 113.2 dps, 2776 hp, 2218 mana
168: pox tick
168: nife tick
168: eb tick
168: ancientnife tick
168: epic tick
168: 117.7 dps, 2795 hp, 2227 mana
169: 117.0 dps, 2795 hp, 2227 mana
170: startcast cann4
170: 116.3 dps, 2795 hp, 2227 mana
171: 115.6 dps, 2795 hp, 2227 mana
172: 114.9 dps, 2795 hp, 2227 mana
173: cann4 tick
173: finished casting cann4
173: 114.3 dps, 2647 hp, 2309 mana
174: pox tick
174: nife tick
174: eb tick
174: ancientnife tick
174: epic tick
174: 118.6 dps, 2666 hp, 2318 mana
175: startcast cann4
175: 117.9 dps, 2666 hp, 2318 mana
176: 117.2 dps, 2666 hp, 2318 mana
177: 116.6 dps, 2666 hp, 2318 mana
178: cann4 tick
178: finished casting cann4
178: 115.9 dps, 2518 hp, 2400 mana
179: 115.3 dps, 2518 hp, 2400 mana
180: pox tick
180: nife tick
180: eb tick
180: ancientnife tick
180: epic tick
180: startcast cann4
180: 119.5 dps, 2537 hp, 2409 mana
181: 118.8 dps, 2537 hp, 2409 mana
182: 118.1 dps, 2537 hp, 2409 mana
183: cann4 tick
183: finished casting cann4
183: 117.5 dps, 2389 hp, 2491 mana
184: 116.9 dps, 2389 hp, 2491 mana
185: startcast cann4
185: 116.2 dps, 2389 hp, 2491 mana
186: pox tick
186: nife tick
186: eb tick
186: ancientnife tick
186: epic tick
186: 120.3 dps, 2408 hp, 2500 mana
187: 119.6 dps, 2408 hp, 2500 mana
188: cann4 tick
188: finished casting cann4
188: 119.0 dps, 2260 hp, 2582 mana
189: 118.4 dps, 2260 hp, 2582 mana
190: startcast epic
190: 117.7 dps, 2260 hp, 2582 mana
191: 117.1 dps, 2260 hp, 2582 mana
192: pox tick
192: nife tick
192: eb tick
192: 119.1 dps, 2279 hp, 2591 mana
193: 118.5 dps, 2279 hp, 2591 mana
194: 117.9 dps, 2279 hp, 2591 mana
195: 117.3 dps, 2279 hp, 2591 mana
196: 116.7 dps, 2279 hp, 2591 mana
197: 116.1 dps, 2279 hp, 2591 mana
198: pox tick
198: nife tick
198: eb tick
198: 118.1 dps, 2298 hp, 2600 mana
199: finished casting epic
199: 117.5 dps, 2298 hp, 2600 mana
200: startcast ancientnife
200: 116.9 dps, 2298 hp, 2600 mana
201: 116.3 dps, 2298 hp, 2600 mana
202: 115.7 dps, 2298 hp, 2600 mana
203: 115.2 dps, 2298 hp, 2600 mana
204: pox tick
204: eb tick
204: epic tick
204: 116.4 dps, 2317 hp, 2609 mana
205: finished casting ancientnife
205: 115.8 dps, 2317 hp, 2247.75 mana
206: 115.3 dps, 2317 hp, 2247.75 mana
207: 114.7 dps, 2317 hp, 2247.75 mana
208: startcast nife
208: 114.2 dps, 2317 hp, 2247.75 mana
209: 113.6 dps, 2317 hp, 2247.75 mana
210: pox tick
210: ancientnife tick
210: epic tick
210: 115.3 dps, 2336 hp, 2256.75 mana
211: 114.8 dps, 2336 hp, 2256.75 mana
212: 114.3 dps, 2336 hp, 2256.75 mana
213: finished casting nife
213: 113.7 dps, 2336 hp, 1895.5 mana
214: 113.2 dps, 2336 hp, 1895.5 mana
215: 112.7 dps, 2336 hp, 1895.5 mana
216: pox tick
216: nife tick
216: ancientnife tick
216: epic tick
216: startcast eb
216: 115.4 dps, 2355 hp, 1904.5 mana
217: 114.9 dps, 2355 hp, 1904.5 mana
218: 114.4 dps, 2355 hp, 1904.5 mana
219: 113.9 dps, 2355 hp, 1904.5 mana
220: 113.3 dps, 2355 hp, 1904.5 mana
221: 112.8 dps, 2355 hp, 1904.5 mana
222: pox tick
222: nife tick
222: ancientnife tick
222: epic tick
222: finished casting eb
222: 115.5 dps, 2374 hp, 1641.5 mana
223: 115.0 dps, 2374 hp, 1641.5 mana
224: 114.5 dps, 2374 hp, 1641.5 mana
225: cann5 tick
225: finished casting cann5
225: startcast cann5
225: 114.0 dps, 450 hp, 2707.5 mana
226: startcast torpor
226: 113.5 dps, 450 hp, 2707.5 mana
227: 113.0 dps, 450 hp, 2707.5 mana
228: pox tick
228: nife tick
228: eb tick
228: ancientnife tick
228: epic tick
228: 116.3 dps, 469 hp, 2716.5 mana
229: 115.8 dps, 469 hp, 2716.5 mana
230: finished casting torpor
230: 115.3 dps, 469 hp, 2546.5 mana
231: 114.8 dps, 469 hp, 2546.5 mana
232: 114.3 dps, 469 hp, 2546.5 mana
233: startcast cann4
233: 113.8 dps, 469 hp, 2546.5 mana
234: torpor tick
234: pox tick
234: nife tick
234: eb tick
234: ancientnife tick
234: epic tick
234: 117.0 dps, 788 hp, 2555.5 mana
235: 116.5 dps, 788 hp, 2555.5 mana
236: cann4 tick
236: finished casting cann4
236: 116.0 dps, 640 hp, 2637.5 mana
237: 115.5 dps, 640 hp, 2637.5 mana
238: startcast cann4
238: 115.0 dps, 640 hp, 2637.5 mana
239: 114.6 dps, 640 hp, 2637.5 mana
240: torpor tick
240: pox tick
240: nife tick
240: eb tick
240: ancientnife tick
240: epic tick
240: 117.7 dps, 959 hp, 2646.5 mana
241: cann4 tick
241: finished casting cann4
241: 117.2 dps, 811 hp, 2728.5 mana
242: 116.7 dps, 811 hp, 2728.5 mana
243: startcast cann4
243: 116.2 dps, 811 hp, 2728.5 mana
244: 115.8 dps, 811 hp, 2728.5 mana
245: 115.3 dps, 811 hp, 2728.5 mana
246: torpor tick
246: pox tick
246: nife tick
246: eb tick
246: ancientnife tick
246: epic tick
246: cann4 tick
246: finished casting cann4
246: 118.4 dps, 982 hp, 2819.5 mana
247: 117.9 dps, 982 hp, 2819.5 mana
248: startcast cann4
248: 117.4 dps, 982 hp, 2819.5 mana
249: 116.9 dps, 982 hp, 2819.5 mana
250: 116.5 dps, 982 hp, 2819.5 mana
251: cann4 tick
251: finished casting cann4
251: 116.0 dps, 834 hp, 2901.5 mana
252: torpor tick
252: pox tick
252: nife tick
252: eb tick
252: ancientnife tick
252: epic tick
252: 119.0 dps, 1153 hp, 2910.5 mana
253: startcast cann4
253: 118.5 dps, 1153 hp, 2910.5 mana
254: 118.1 dps, 1153 hp, 2910.5 mana
255: 117.6 dps, 1153 hp, 2910.5 mana
256: cann4 tick
256: finished casting cann4
256: 117.1 dps, 1005 hp, 2992.5 mana
257: 116.7 dps, 1005 hp, 2992.5 mana
258: torpor tick
258: pox tick
258: nife tick
258: eb tick
258: ancientnife tick
258: epic tick
258: startcast ancientnife
258: 119.6 dps, 1324 hp, 3001.5 mana
259: 119.1 dps, 1324 hp, 3001.5 mana
260: 118.7 dps, 1324 hp, 3001.5 mana
261: 118.2 dps, 1324 hp, 3001.5 mana
262: 117.8 dps, 1324 hp, 3001.5 mana
263: finished casting ancientnife
263: 117.3 dps, 1324 hp, 2640.25 mana
264: torpor tick
264: pox tick
264: nife tick
264: eb tick
264: ancientnife tick
264: epic tick
264: 120.2 dps, 1643 hp, 2649.25 mana
265: 119.7 dps, 1643 hp, 2649.25 mana
266: startcast torpor
266: 119.3 dps, 1643 hp, 2649.25 mana
267: 118.8 dps, 1643 hp, 2649.25 mana
268: 118.4 dps, 1643 hp, 2649.25 mana
269: 117.9 dps, 1643 hp, 2649.25 mana
270: pox tick
270: eb tick
270: ancientnife tick
270: epic tick
270: finished casting torpor
270: 119.9 dps, 1662 hp, 2488.25 mana
271: 119.4 dps, 1662 hp, 2488.25 mana
272: 119.0 dps, 1662 hp, 2488.25 mana
273: startcast nife
273: 118.5 dps, 1662 hp, 2488.25 mana
274: 118.1 dps, 1662 hp, 2488.25 mana
275: 117.7 dps, 1662 hp, 2488.25 mana
276: torpor tick
276: pox tick
276: eb tick
276: ancientnife tick
276: epic tick
276: 119.6 dps, 1981 hp, 2497.25 mana
277: 119.1 dps, 1981 hp, 2497.25 mana
278: finished casting nife
278: 118.7 dps, 1981 hp, 2136 mana
279: 118.3 dps, 1981 hp, 2136 mana
280: 117.8 dps, 1981 hp, 2136 mana
281: startcast eb
281: 117.4 dps, 1981 hp, 2136 mana
282: torpor tick
282: pox tick
282: nife tick
282: ancientnife tick
282: epic tick
282: 119.5 dps, 2300 hp, 2145 mana
283: 119.1 dps, 2300 hp, 2145 mana
284: 118.7 dps, 2300 hp, 2145 mana
285: 118.3 dps, 2300 hp, 2145 mana
286: 117.9 dps, 2300 hp, 2145 mana
287: finished casting eb
287: 117.4 dps, 2300 hp, 1873 mana
288: torpor tick
288: pox tick
288: nife tick
288: eb tick
288: ancientnife tick
288: 119.7 dps, 2619 hp, 1882 mana
289: 119.3 dps, 2619 hp, 1882 mana
290: startcast epic
290: 118.9 dps, 2619 hp, 1882 mana
291: 118.5 dps, 2619 hp, 1882 mana
292: 118.1 dps, 2619 hp, 1882 mana
293: 117.7 dps, 2619 hp, 1882 mana
294: torpor tick
294: nife tick
294: eb tick
294: ancientnife tick
294: 119.6 dps, 2938 hp, 1891 mana
295: 119.1 dps, 2938 hp, 1891 mana
296: 118.7 dps, 2938 hp, 1891 mana
297: 118.3 dps, 2938 hp, 1891 mana
298: 117.9 dps, 2938 hp, 1891 mana
299: finished casting epic
299: 117.6 dps, 2938 hp, 1891 mana
300: torpor tick
300: nife tick
300: eb tick
300: ancientnife tick
300: epic tick
300: startcast pox
300: 119.7 dps, 3257 hp, 1900 mana
301: 119.3 dps, 3257 hp, 1900 mana
302: 118.9 dps, 3257 hp, 1900 mana
303: 118.5 dps, 3257 hp, 1900 mana
304: 118.1 dps, 3257 hp, 1900 mana
305: finished casting pox
305: 117.7 dps, 3257 hp, 1530.25 mana
306: torpor tick
306: pox tick
306: nife tick
306: eb tick
306: ancientnife tick
306: epic tick
306: 120.2 dps, 3576 hp, 1539.25 mana
307: 119.8 dps, 3576 hp, 1539.25 mana
308: startcast cann4
308: 119.4 dps, 3576 hp, 1539.25 mana
309: 119.0 dps, 3576 hp, 1539.25 mana
310: 118.6 dps, 3576 hp, 1539.25 mana
311: cann4 tick
311: finished casting cann4
311: 118.2 dps, 3428 hp, 1621.25 mana
312: pox tick
312: nife tick
312: eb tick
312: ancientnife tick
312: epic tick
312: 120.6 dps, 3447 hp, 1630.25 mana
313: startcast ancientnife
313: 120.3 dps, 3447 hp, 1630.25 mana
314: 119.9 dps, 3447 hp, 1630.25 mana
315: 119.5 dps, 3447 hp, 1630.25 mana
316: 119.1 dps, 3447 hp, 1630.25 mana
317: 118.7 dps, 3447 hp, 1630.25 mana
318: pox tick
318: nife tick
318: eb tick
318: epic tick
318: finished casting ancientnife
318: 120.2 dps, 3466 hp, 1278 mana
319: 119.9 dps, 3466 hp, 1278 mana
320: 119.5 dps, 3466 hp, 1278 mana
321: startcast cann4
321: 119.1 dps, 3466 hp, 1278 mana
322: 118.7 dps, 3466 hp, 1278 mana
323: 118.4 dps, 3466 hp, 1278 mana
324: pox tick
324: nife tick
324: eb tick
324: ancientnife tick
324: epic tick
324: cann4 tick
324: finished casting cann4
324: 120.7 dps, 3337 hp, 1369 mana
325: 120.3 dps, 3337 hp, 1369 mana
326: startcast cann4
326: 119.9 dps, 3337 hp, 1369 mana
327: 119.6 dps, 3337 hp, 1369 mana
328: 119.2 dps, 3337 hp, 1369 mana
329: cann4 tick
329: finished casting cann4
329: 118.8 dps, 3189 hp, 1451 mana
330: pox tick
330: nife tick
330: eb tick
330: ancientnife tick
330: epic tick
330: 121.1 dps, 3208 hp, 1460 mana
331: startcast nife
331: 120.8 dps, 3208 hp, 1460 mana
332: 120.4 dps, 3208 hp, 1460 mana
333: 120.0 dps, 3208 hp, 1460 mana
334: 119.7 dps, 3208 hp, 1460 mana
335: 119.3 dps, 3208 hp, 1460 mana
336: pox tick
336: eb tick
336: ancientnife tick
336: epic tick
336: finished casting nife
336: 120.9 dps, 3227 hp, 1107.75 mana
337: 120.5 dps, 3227 hp, 1107.75 mana
338: 120.1 dps, 3227 hp, 1107.75 mana
339: startcast eb
339: 119.8 dps, 3227 hp, 1107.75 mana
340: 119.4 dps, 3227 hp, 1107.75 mana
341: 119.1 dps, 3227 hp, 1107.75 mana
342: pox tick
342: nife tick
342: ancientnife tick
342: epic tick
342: 120.8 dps, 3246 hp, 1116.75 mana
343: 120.5 dps, 3246 hp, 1116.75 mana
344: 120.1 dps, 3246 hp, 1116.75 mana
345: finished casting eb
345: 119.8 dps, 3246 hp, 844.75 mana
346: 119.4 dps, 3246 hp, 844.75 mana
347: 119.1 dps, 3246 hp, 844.75 mana
348: pox tick
348: nife tick
348: eb tick
348: ancientnife tick
348: epic tick
348: startcast cann4
348: 121.2 dps, 3265 hp, 853.75 mana
349: 120.9 dps, 3265 hp, 853.75 mana
350: 120.5 dps, 3265 hp, 853.75 mana
351: cann4 tick
351: finished casting cann4
351: 120.2 dps, 3117 hp, 935.75 mana
352: 119.8 dps, 3117 hp, 935.75 mana
353: startcast cann4
353: 119.5 dps, 3117 hp, 935.75 mana
354: pox tick
354: nife tick
354: eb tick
354: ancientnife tick
354: epic tick
354: 121.6 dps, 3136 hp, 944.75 mana
355: 121.3 dps, 3136 hp, 944.75 mana
356: cann4 tick
356: finished casting cann4
356: 120.9 dps, 2988 hp, 1026.75 mana
357: 120.6 dps, 2988 hp, 1026.75 mana
358: startcast cann4
358: 120.3 dps, 2988 hp, 1026.75 mana
359: 119.9 dps, 2988 hp, 1026.75 mana
360: pox tick
360: nife tick
360: eb tick
360: ancientnife tick
360: epic tick
360: 122.0 dps, 3007 hp, 1035.75 mana
361: cann4 tick
361: finished casting cann4
361: 121.7 dps, 2859 hp, 1117.75 mana
362: 121.3 dps, 2859 hp, 1117.75 mana
363: startcast cann4
363: 121.0 dps, 2859 hp, 1117.75 mana
364: 120.7 dps, 2859 hp, 1117.75 mana
365: 120.3 dps, 2859 hp, 1117.75 mana
366: pox tick
366: nife tick
366: eb tick
366: ancientnife tick
366: epic tick
366: cann4 tick
366: finished casting cann4
366: 122.4 dps, 2730 hp, 1208.75 mana
367: 122.0 dps, 2730 hp, 1208.75 mana
368: startcast cann4
368: 121.7 dps, 2730 hp, 1208.75 mana
369: 121.4 dps, 2730 hp, 1208.75 mana
370: 121.1 dps, 2730 hp, 1208.75 mana
371: cann4 tick
371: finished casting cann4
371: 120.7 dps, 2582 hp, 1290.75 mana
372: pox tick
372: nife tick
372: eb tick
372: ancientnife tick
372: epic tick
372: 122.7 dps, 2601 hp, 1299.75 mana
373: startcast ancientnife
373: 122.4 dps, 2601 hp, 1299.75 mana
374: 122.1 dps, 2601 hp, 1299.75 mana
375: 121.8 dps, 2601 hp, 1299.75 mana
376: 121.4 dps, 2601 hp, 1299.75 mana
377: 121.1 dps, 2601 hp, 1299.75 mana
378: pox tick
378: nife tick
378: eb tick
378: epic tick
378: finished casting ancientnife
378: 122.4 dps, 2620 hp, 947.5 mana
379: 122.0 dps, 2620 hp, 947.5 mana
380: 121.7 dps, 2620 hp, 947.5 mana
381: startcast epic
381: 121.4 dps, 2620 hp, 947.5 mana
382: 121.1 dps, 2620 hp, 947.5 mana
383: 120.8 dps, 2620 hp, 947.5 mana
384: pox tick
384: nife tick
384: eb tick
384: ancientnife tick
384: 122.5 dps, 2639 hp, 956.5 mana
385: 122.2 dps, 2639 hp, 956.5 mana
386: 121.8 dps, 2639 hp, 956.5 mana
387: 121.5 dps, 2639 hp, 956.5 mana
388: 121.2 dps, 2639 hp, 956.5 mana
389: 120.9 dps, 2639 hp, 956.5 mana
390: pox tick
390: nife tick
390: eb tick
390: ancientnife tick
390: finished casting epic
390: 122.6 dps, 2658 hp, 965.5 mana
391: startcast nife
391: 122.3 dps, 2658 hp, 965.5 mana
392: 122.0 dps, 2658 hp, 965.5 mana
393: 121.7 dps, 2658 hp, 965.5 mana
394: 121.3 dps, 2658 hp, 965.5 mana
395: 121.0 dps, 2658 hp, 965.5 mana
396: pox tick
396: eb tick
396: ancientnife tick
396: epic tick
396: finished casting nife
396: 122.3 dps, 2677 hp, 613.25 mana
397: 122.0 dps, 2677 hp, 613.25 mana
398: 121.7 dps, 2677 hp, 613.25 mana
399: startcast eb
399: 121.4 dps, 2677 hp, 613.25 mana
400: 121.1 dps, 2677 hp, 613.25 mana
401: 120.8 dps, 2677 hp, 613.25 mana
402: pox tick
402: nife tick
402: ancientnife tick
402: epic tick
402: 122.3 dps, 2696 hp, 622.25 mana
403: 122.0 dps, 2696 hp, 622.25 mana
404: 121.7 dps, 2696 hp, 622.25 mana
405: finished casting eb
405: 121.4 dps, 2696 hp, 350.25 mana
406: 121.1 dps, 2696 hp, 350.25 mana
407: 120.8 dps, 2696 hp, 350.25 mana
408: pox tick
408: nife tick
408: eb tick
408: ancientnife tick
408: epic tick
408: cann5 tick
408: finished casting cann5
408: startcast cann5
408: 122.6 dps, 791 hp, 1425.25 mana
409: startcast torpor
409: 122.3 dps, 791 hp, 1425.25 mana
410: 122.0 dps, 791 hp, 1425.25 mana
411: 121.7 dps, 791 hp, 1425.25 mana
412: 121.4 dps, 791 hp, 1425.25 mana
413: finished casting torpor
413: 121.1 dps, 791 hp, 1255.25 mana
414: torpor tick
414: pox tick
414: nife tick
414: eb tick
414: ancientnife tick
414: epic tick
414: 122.9 dps, 1110 hp, 1264.25 mana
415: 122.6 dps, 1110 hp, 1264.25 mana
416: startcast cann4
416: 122.3 dps, 1110 hp, 1264.25 mana
417: 122.1 dps, 1110 hp, 1264.25 mana
418: 121.8 dps, 1110 hp, 1264.25 mana
419: cann4 tick
419: finished casting cann4
419: 121.5 dps, 962 hp, 1346.25 mana
420: torpor tick
420: pox tick
420: nife tick
420: eb tick
420: ancientnife tick
420: epic tick
420: 123.2 dps, 1281 hp, 1355.25 mana
421: startcast cann4
421: 123.0 dps, 1281 hp, 1355.25 mana
422: 122.7 dps, 1281 hp, 1355.25 mana
423: 122.4 dps, 1281 hp, 1355.25 mana
424: cann4 tick
424: finished casting cann4
424: 122.1 dps, 1133 hp, 1437.25 mana
425: 121.8 dps, 1133 hp, 1437.25 mana
426: torpor tick
426: pox tick
426: nife tick
426: eb tick
426: ancientnife tick
426: epic tick
426: startcast pox
426: 123.5 dps, 1452 hp, 1446.25 mana
427: 123.3 dps, 1452 hp, 1446.25 mana
428: 123.0 dps, 1452 hp, 1446.25 mana
429: 122.7 dps, 1452 hp, 1446.25 mana
430: 122.4 dps, 1452 hp, 1446.25 mana
431: finished casting pox
431: 122.1 dps, 1452 hp, 1076.5 mana
432: torpor tick
432: pox tick
432: nife tick
432: eb tick
432: ancientnife tick
432: epic tick
432: 123.8 dps, 1771 hp, 1085.5 mana
433: 123.6 dps, 1771 hp, 1085.5 mana
434: startcast ancientnife
434: 123.3 dps, 1771 hp, 1085.5 mana
435: 123.0 dps, 1771 hp, 1085.5 mana
436: 122.7 dps, 1771 hp, 1085.5 mana
437: 122.4 dps, 1771 hp, 1085.5 mana
438: torpor tick
438: pox tick
438: nife tick
438: eb tick
438: epic tick
438: 123.5 dps, 2090 hp, 1094.5 mana
439: finished casting ancientnife
439: 123.2 dps, 2090 hp, 733.25 mana
440: 122.9 dps, 2090 hp, 733.25 mana
441: 122.7 dps, 2090 hp, 733.25 mana
442: startcast cann4
442: 122.4 dps, 2090 hp, 733.25 mana
443: 122.1 dps, 2090 hp, 733.25 mana
444: torpor tick
444: pox tick
444: nife tick
444: eb tick
444: ancientnife tick
444: epic tick
444: 123.8 dps, 2409 hp, 742.25 mana
445: cann4 tick
445: finished casting cann4
445: 123.5 dps, 2261 hp, 824.25 mana
446: 123.2 dps, 2261 hp, 824.25 mana
447: startcast cann4
447: 123.0 dps, 2261 hp, 824.25 mana
448: 122.7 dps, 2261 hp, 824.25 mana
449: 122.4 dps, 2261 hp, 824.25 mana
450: pox tick
450: nife tick
450: eb tick
450: ancientnife tick
450: epic tick
450: cann4 tick
450: finished casting cann4
450: 124.1 dps, 2132 hp, 915.25 mana
451: 123.8 dps, 2132 hp, 915.25 mana
452: startcast nife
452: 123.5 dps, 2132 hp, 915.25 mana
453: 123.2 dps, 2132 hp, 915.25 mana
454: 123.0 dps, 2132 hp, 915.25 mana
455: 122.7 dps, 2132 hp, 915.25 mana
456: pox tick
456: eb tick
456: ancientnife tick
456: epic tick
456: 123.8 dps, 2151 hp, 924.25 mana
457: finished casting nife
457: 123.6 dps, 2151 hp, 563 mana
458: 123.3 dps, 2151 hp, 563 mana
459: 123.0 dps, 2151 hp, 563 mana
460: startcast eb
460: 122.8 dps, 2151 hp, 563 mana
461: 122.5 dps, 2151 hp, 563 mana
462: pox tick
462: nife tick
462: ancientnife tick
462: epic tick
462: 123.8 dps, 2170 hp, 572 mana
463: 123.5 dps, 2170 hp, 572 mana
464: 123.2 dps, 2170 hp, 572 mana
465: 123.0 dps, 2170 hp, 572 mana
466: finished casting eb
466: 122.7 dps, 2170 hp, 300 mana
467: 122.4 dps, 2170 hp, 300 mana
468: pox tick
468: nife tick
468: eb tick
468: ancientnife tick
468: epic tick
468: 124.0 dps, 2189 hp, 309 mana
469: startcast cann4
469: 123.8 dps, 2189 hp, 309 mana
470: 123.5 dps, 2189 hp, 309 mana
471: 123.2 dps, 2189 hp, 309 mana
472: cann4 tick
472: finished casting cann4
472: 123.0 dps, 2041 hp, 391 mana
473: 122.7 dps, 2041 hp, 391 mana
474: pox tick
474: nife tick
474: eb tick
474: ancientnife tick
474: epic tick
474: startcast epic
474: 124.3 dps, 2060 hp, 400 mana
475: 124.0 dps, 2060 hp, 400 mana
476: 123.8 dps, 2060 hp, 400 mana
477: 123.5 dps, 2060 hp, 400 mana
478: 123.3 dps, 2060 hp, 400 mana
479: 123.0 dps, 2060 hp, 400 mana
480: pox tick
480: nife tick
480: eb tick
480: ancientnife tick
480: 124.4 dps, 2079 hp, 409 mana
481: 124.1 dps, 2079 hp, 409 mana
482: 123.8 dps, 2079 hp, 409 mana
483: finished casting epic
483: 123.6 dps, 2079 hp, 409 mana
484: startcast cann4
484: 123.3 dps, 2079 hp, 409 mana
485: 123.1 dps, 2079 hp, 409 mana
486: pox tick
486: nife tick
486: eb tick
486: ancientnife tick
486: epic tick
486: 124.6 dps, 2098 hp, 418 mana
487: cann4 tick
487: finished casting cann4
487: 124.4 dps, 1950 hp, 500 mana
488: 124.1 dps, 1950 hp, 500 mana
489: startcast torpor
489: 123.9 dps, 1950 hp, 500 mana
490: 123.6 dps, 1950 hp, 500 mana
491: 123.3 dps, 1950 hp, 500 mana
492: pox tick
492: nife tick
492: eb tick
492: ancientnife tick
492: epic tick
492: 124.9 dps, 1969 hp, 509 mana
493: finished casting torpor
493: 124.6 dps, 1969 hp, 339 mana
494: 124.4 dps, 1969 hp, 339 mana
495: 124.1 dps, 1969 hp, 339 mana
496: startcast cann4
496: 123.9 dps, 1969 hp, 339 mana
497: 123.6 dps, 1969 hp, 339 mana
498: torpor tick
498: pox tick
498: nife tick
498: eb tick
498: epic tick
498: 124.6 dps, 2288 hp, 348 mana
499: cann4 tick
499: finished casting cann4
499: 124.3 dps, 2140 hp, 430 mana
500: 124.1 dps, 2140 hp, 430 mana
501: startcast ancientnife
501: 123.8 dps, 2140 hp, 430 mana
502: 123.6 dps, 2140 hp, 430 mana
503: 123.3 dps, 2140 hp, 430 mana
504: torpor tick
504: pox tick
504: nife tick
504: eb tick
504: epic tick
504: 124.2 dps, 2459 hp, 439 mana
505: 124.0 dps, 2459 hp, 439 mana
506: finished casting ancientnife
506: 123.8 dps, 2459 hp, 77.75 mana
507: 123.5 dps, 2459 hp, 77.75 mana
508: 123.3 dps, 2459 hp, 77.75 mana
509: startcast cann4
509: 123.0 dps, 2459 hp, 77.75 mana
510: torpor tick
510: pox tick
510: nife tick
510: eb tick
510: ancientnife tick
510: epic tick
510: 124.5 dps, 2778 hp, 86.75 mana
511: 124.2 dps, 2778 hp, 86.75 mana
512: cann4 tick
512: finished casting cann4
512: 124.0 dps, 2630 hp, 168.75 mana
513: 123.8 dps, 2630 hp, 168.75 mana
514: startcast cann4
514: 123.5 dps, 2630 hp, 168.75 mana
515: 123.3 dps, 2630 hp, 168.75 mana
516: torpor tick
516: pox tick
516: eb tick
516: ancientnife tick
516: epic tick
516: 124.3 dps, 2949 hp, 177.75 mana
517: cann4 tick
517: finished casting cann4
517: 124.0 dps, 2801 hp, 259.75 mana
518: 123.8 dps, 2801 hp, 259.75 mana
519: startcast cann4
519: 123.6 dps, 2801 hp, 259.75 mana
520: 123.3 dps, 2801 hp, 259.75 mana
521: 123.1 dps, 2801 hp, 259.75 mana
522: torpor tick
522: pox tick
522: ancientnife tick
522: epic tick
522: cann4 tick
522: finished casting cann4
522: 123.8 dps, 2972 hp, 350.75 mana
523: 123.5 dps, 2972 hp, 350.75 mana
524: startcast eb
524: 123.3 dps, 2972 hp, 350.75 mana
525: 123.1 dps, 2972 hp, 350.75 mana
526: 122.8 dps, 2972 hp, 350.75 mana
527: 122.6 dps, 2972 hp, 350.75 mana
528: torpor tick
528: pox tick
528: ancientnife tick
528: epic tick
528: 123.3 dps, 3291 hp, 359.75 mana
529: 123.0 dps, 3291 hp, 359.75 mana
530: finished casting eb
530: 122.8 dps, 3291 hp, 87.75 mana
531: 122.6 dps, 3291 hp, 87.75 mana
532: 122.3 dps, 3291 hp, 87.75 mana
533: startcast cann4
533: 122.1 dps, 3291 hp, 87.75 mana
534: pox tick
534: eb tick
534: ancientnife tick
534: epic tick
534: 123.1 dps, 3310 hp, 96.75 mana
535: 122.8 dps, 3310 hp, 96.75 mana
536: cann4 tick
536: finished casting cann4
536: 122.6 dps, 3162 hp, 178.75 mana
537: 122.4 dps, 3162 hp, 178.75 mana
538: startcast cann4
538: 122.2 dps, 3162 hp, 178.75 mana
539: 121.9 dps, 3162 hp, 178.75 mana
540: pox tick
540: eb tick
540: ancientnife tick
540: epic tick
540: 122.9 dps, 3181 hp, 187.75 mana
541: cann4 tick
541: finished casting cann4
541: 122.7 dps, 3033 hp, 269.75 mana
542: 122.4 dps, 3033 hp, 269.75 mana
543: startcast cann4
543: 122.2 dps, 3033 hp, 269.75 mana
544: 122.0 dps, 3033 hp, 269.75 mana
545: 121.8 dps, 3033 hp, 269.75 mana
546: pox tick
546: eb tick
546: ancientnife tick
546: epic tick
546: cann4 tick
546: finished casting cann4
546: 122.7 dps, 2904 hp, 360.75 mana
547: 122.5 dps, 2904 hp, 360.75 mana
548: startcast cann4
548: 122.3 dps, 2904 hp, 360.75 mana
549: 122.0 dps, 2904 hp, 360.75 mana
550: 121.8 dps, 2904 hp, 360.75 mana
551: cann4 tick
551: finished casting cann4
551: 121.6 dps, 2756 hp, 442.75 mana
552: pox tick
552: eb tick
552: ancientnife tick
552: epic tick
552: 122.5 dps, 2775 hp, 451.75 mana
553: startcast nife
553: 122.3 dps, 2775 hp, 451.75 mana
554: 122.1 dps, 2775 hp, 451.75 mana
555: 121.9 dps, 2775 hp, 451.75 mana
556: 121.6 dps, 2775 hp, 451.75 mana
557: 121.4 dps, 2775 hp, 451.75 mana
558: eb tick
558: ancientnife tick
558: epic tick
558: finished casting nife
558: 122.1 dps, 2794 hp, 99.5 mana
559: 121.9 dps, 2794 hp, 99.5 mana
560: 121.7 dps, 2794 hp, 99.5 mana
561: startcast cann4
561: 121.5 dps, 2794 hp, 99.5 mana
562: 121.3 dps, 2794 hp, 99.5 mana
563: 121.1 dps, 2794 hp, 99.5 mana
564: nife tick
564: eb tick
564: epic tick
564: cann4 tick
564: finished casting cann4
564: 121.7 dps, 2665 hp, 190.5 mana
565: 121.5 dps, 2665 hp, 190.5 mana
566: startcast epic
566: 121.3 dps, 2665 hp, 190.5 mana
567: 121.1 dps, 2665 hp, 190.5 mana
568: 120.8 dps, 2665 hp, 190.5 mana
569: 120.6 dps, 2665 hp, 190.5 mana
570: nife tick
570: eb tick
570: 121.1 dps, 2684 hp, 199.5 mana
571: 120.9 dps, 2684 hp, 199.5 mana
572: 120.7 dps, 2684 hp, 199.5 mana
573: 120.5 dps, 2684 hp, 199.5 mana
574: 120.3 dps, 2684 hp, 199.5 mana
575: finished casting epic
575: 120.0 dps, 2684 hp, 199.5 mana
576: nife tick
576: eb tick
576: epic tick
576: startcast cann4
576: 120.7 dps, 2703 hp, 208.5 mana
577: 120.5 dps, 2703 hp, 208.5 mana
578: 120.3 dps, 2703 hp, 208.5 mana
579: cann4 tick
579: finished casting cann4
579: 120.0 dps, 2555 hp, 290.5 mana
580: 119.8 dps, 2555 hp, 290.5 mana
581: startcast cann4
581: 119.6 dps, 2555 hp, 290.5 mana
582: nife tick
582: eb tick
582: epic tick
582: 120.3 dps, 2574 hp, 299.5 mana
583: 120.0 dps, 2574 hp, 299.5 mana
584: cann4 tick
584: finished casting cann4
584: 119.8 dps, 2426 hp, 381.5 mana
585: 119.6 dps, 2426 hp, 381.5 mana
586: startcast eb
586: 119.4 dps, 2426 hp, 381.5 mana
587: 119.2 dps, 2426 hp, 381.5 mana
588: nife tick
588: epic tick
588: 119.6 dps, 2445 hp, 390.5 mana
589: 119.4 dps, 2445 hp, 390.5 mana
590: 119.2 dps, 2445 hp, 390.5 mana
591: 119.0 dps, 2445 hp, 390.5 mana
592: finished casting eb
592: 118.8 dps, 2445 hp, 118.5 mana
593: 118.6 dps, 2445 hp, 118.5 mana
594: nife tick
594: eb tick
594: epic tick
594: 119.2 dps, 2464 hp, 127.5 mana
595: cann5 tick
595: finished casting cann5
595: startcast cann5
595: 119.0 dps, 540 hp, 1193.5 mana
596: startcast torpor
596: 118.8 dps, 540 hp, 1193.5 mana
597: 118.6 dps, 540 hp, 1193.5 mana
598: 118.4 dps, 540 hp, 1193.5 mana
599: 118.2 dps, 540 hp, 1193.5 mana
600: nife tick
600: eb tick
600: epic tick
600: finished casting torpor
600: 118.8 dps, 559 hp, 1032.5 mana
601: 118.6 dps, 559 hp, 1032.5 mana
602: 118.4 dps, 559 hp, 1032.5 mana
603: startcast ancientnife
603: 118.2 dps, 559 hp, 1032.5 mana
604: 118.0 dps, 559 hp, 1032.5 mana
605: 117.8 dps, 559 hp, 1032.5 mana
606: torpor tick
606: nife tick
606: eb tick
606: epic tick
606: 118.4 dps, 878 hp, 1041.5 mana
607: 118.2 dps, 878 hp, 1041.5 mana
608: finished casting ancientnife
608: 118.0 dps, 878 hp, 680.25 mana
609: 117.8 dps, 878 hp, 680.25 mana
610: 117.6 dps, 878 hp, 680.25 mana
611: startcast pox
611: 117.4 dps, 878 hp, 680.25 mana
612: torpor tick
612: nife tick
612: eb tick
612: ancientnife tick
612: epic tick
612: 118.5 dps, 1197 hp, 689.25 mana
613: 118.3 dps, 1197 hp, 689.25 mana
614: 118.1 dps, 1197 hp, 689.25 mana
615: 117.9 dps, 1197 hp, 689.25 mana
616: finished casting pox
616: 117.7 dps, 1197 hp, 319.5 mana
617: 117.5 dps, 1197 hp, 319.5 mana
618: torpor tick
618: pox tick
618: eb tick
618: ancientnife tick
618: epic tick
618: 118.3 dps, 1516 hp, 328.5 mana
619: startcast cann4
619: 118.2 dps, 1516 hp, 328.5 mana
620: 118.0 dps, 1516 hp, 328.5 mana
621: 117.8 dps, 1516 hp, 328.5 mana
622: cann4 tick
622: finished casting cann4
622: 117.6 dps, 1368 hp, 410.5 mana
623: 117.4 dps, 1368 hp, 410.5 mana
624: torpor tick
624: pox tick
624: eb tick
624: ancientnife tick
624: epic tick
624: startcast cann4
624: 118.2 dps, 1687 hp, 419.5 mana
625: 118.0 dps, 1687 hp, 419.5 mana
626: 117.9 dps, 1687 hp, 419.5 mana
627: cann4 tick
627: finished casting cann4
627: 117.7 dps, 1539 hp, 501.5 mana
628: 117.5 dps, 1539 hp, 501.5 mana
629: startcast nife
629: 117.3 dps, 1539 hp, 501.5 mana
630: torpor tick
630: pox tick
630: eb tick
630: ancientnife tick
630: epic tick
630: 118.1 dps, 1858 hp, 510.5 mana
631: 117.9 dps, 1858 hp, 510.5 mana
632: 117.7 dps, 1858 hp, 510.5 mana
633: 117.6 dps, 1858 hp, 510.5 mana
634: finished casting nife
634: 117.4 dps, 1858 hp, 149.25 mana
635: 117.2 dps, 1858 hp, 149.25 mana
636: torpor tick
636: pox tick
636: nife tick
636: eb tick
636: ancientnife tick
636: epic tick
636: 118.4 dps, 2177 hp, 158.25 mana
637: startcast cann4
637: 118.2 dps, 2177 hp, 158.25 mana
638: 118.0 dps, 2177 hp, 158.25 mana
639: 117.8 dps, 2177 hp, 158.25 mana
640: cann4 tick
640: finished casting cann4
640: 117.6 dps, 2029 hp, 240.25 mana
641: 117.4 dps, 2029 hp, 240.25 mana
642: pox tick
642: nife tick
642: eb tick
642: ancientnife tick
642: epic tick
642: startcast cann4
642: 118.6 dps, 2048 hp, 249.25 mana
643: 118.4 dps, 2048 hp, 249.25 mana
644: 118.2 dps, 2048 hp, 249.25 mana
645: cann4 tick
645: finished casting cann4
645: 118.1 dps, 1900 hp, 331.25 mana
646: 117.9 dps, 1900 hp, 331.25 mana
647: startcast torpor
647: 117.7 dps, 1900 hp, 331.25 mana
648: pox tick
648: nife tick
648: ancientnife tick
648: epic tick
648: 118.6 dps, 1919 hp, 340.25 mana
649: 118.4 dps, 1919 hp, 340.25 mana
650: 118.2 dps, 1919 hp, 340.25 mana
651: finished casting torpor
651: 118.1 dps, 1919 hp, 170.25 mana
652: 117.9 dps, 1919 hp, 170.25 mana
653: 117.7 dps, 1919 hp, 170.25 mana
654: torpor tick
654: pox tick
654: nife tick
654: ancientnife tick
654: epic tick
654: startcast epic
654: 118.6 dps, 2238 hp, 179.25 mana
655: 118.4 dps, 2238 hp, 179.25 mana
656: 118.2 dps, 2238 hp, 179.25 mana
657: 118.1 dps, 2238 hp, 179.25 mana
658: 117.9 dps, 2238 hp, 179.25 mana
659: 117.7 dps, 2238 hp, 179.25 mana
660: torpor tick
660: pox tick
660: nife tick
660: ancientnife tick
660: 118.5 dps, 2557 hp, 188.25 mana
661: 118.3 dps, 2557 hp, 188.25 mana
662: 118.1 dps, 2557 hp, 188.25 mana
663: finished casting epic
663: 117.9 dps, 2557 hp, 188.25 mana
664: startcast cann4
664: 117.8 dps, 2557 hp, 188.25 mana
665: 117.6 dps, 2557 hp, 188.25 mana
666: torpor tick
666: pox tick
666: nife tick
666: epic tick
666: 118.1 dps, 2876 hp, 197.25 mana
667: cann4 tick
667: finished casting cann4
667: 117.9 dps, 2728 hp, 279.25 mana
668: 117.7 dps, 2728 hp, 279.25 mana
669: startcast cann4
669: 117.5 dps, 2728 hp, 279.25 mana
670: 117.4 dps, 2728 hp, 279.25 mana
671: 117.2 dps, 2728 hp, 279.25 mana
672: torpor tick
672: pox tick
672: nife tick
672: epic tick
672: cann4 tick
672: finished casting cann4
672: 117.7 dps, 2899 hp, 370.25 mana
673: 117.5 dps, 2899 hp, 370.25 mana
674: startcast eb
674: 117.3 dps, 2899 hp, 370.25 mana
675: 117.1 dps, 2899 hp, 370.25 mana
676: 117.0 dps, 2899 hp, 370.25 mana
677: 116.8 dps, 2899 hp, 370.25 mana
678: torpor tick
678: pox tick
678: nife tick
678: epic tick
678: 117.3 dps, 3218 hp, 379.25 mana
679: 117.1 dps, 3218 hp, 379.25 mana
680: finished casting eb
680: 116.9 dps, 3218 hp, 107.25 mana
681: 116.7 dps, 3218 hp, 107.25 mana
682: 116.6 dps, 3218 hp, 107.25 mana
683: startcast cann4
683: 116.4 dps, 3218 hp, 107.25 mana
684: torpor tick
684: pox tick
684: nife tick
684: eb tick
684: epic tick
684: 117.1 dps, 3537 hp, 116.25 mana
685: 116.9 dps, 3537 hp, 116.25 mana
686: cann4 tick
686: finished casting cann4
686: 116.8 dps, 3389 hp, 198.25 mana
687: 116.6 dps, 3389 hp, 198.25 mana
688: startcast cann4
688: 116.4 dps, 3389 hp, 198.25 mana
689: 116.2 dps, 3389 hp, 198.25 mana
690: pox tick
690: eb tick
690: epic tick
690: 116.6 dps, 3408 hp, 207.25 mana
691: cann4 tick
691: finished casting cann4
691: 116.4 dps, 3260 hp, 289.25 mana
692: 116.3 dps, 3260 hp, 289.25 mana
693: startcast cann4
693: 116.1 dps, 3260 hp, 289.25 mana
694: 115.9 dps, 3260 hp, 289.25 mana
695: 115.8 dps, 3260 hp, 289.25 mana
696: pox tick
696: eb tick
696: epic tick
696: cann4 tick
696: finished casting cann4
696: 116.1 dps, 3131 hp, 380.25 mana
697: 116.0 dps, 3131 hp, 380.25 mana
698: startcast cann4
698: 115.8 dps, 3131 hp, 380.25 mana
699: 115.6 dps, 3131 hp, 380.25 mana
700: 115.5 dps, 3131 hp, 380.25 mana
701: cann4 tick
701: finished casting cann4
701: 115.3 dps, 2983 hp, 462.25 mana
702: pox tick
702: eb tick
702: epic tick
702: 115.6 dps, 3002 hp, 471.25 mana
703: startcast ancientnife
703: 115.5 dps, 3002 hp, 471.25 mana
704: 115.3 dps, 3002 hp, 471.25 mana
705: 115.2 dps, 3002 hp, 471.25 mana
706: 115.0 dps, 3002 hp, 471.25 mana
707: 114.8 dps, 3002 hp, 471.25 mana
708: pox tick
708: eb tick
708: epic tick
708: finished casting ancientnife
708: 115.2 dps, 3021 hp, 119 mana
709: 115.0 dps, 3021 hp, 119 mana
710: 114.9 dps, 3021 hp, 119 mana
711: startcast cann4
711: 114.7 dps, 3021 hp, 119 mana
712: 114.5 dps, 3021 hp, 119 mana
713: 114.4 dps, 3021 hp, 119 mana
714: pox tick
714: eb tick
714: ancientnife tick
714: epic tick
714: cann4 tick
714: finished casting cann4
714: 115.1 dps, 2892 hp, 210 mana
715: 114.9 dps, 2892 hp, 210 mana
716: startcast cann4
716: 114.8 dps, 2892 hp, 210 mana
717: 114.6 dps, 2892 hp, 210 mana
718: 114.5 dps, 2892 hp, 210 mana
719: cann4 tick
719: finished casting cann4
719: 114.3 dps, 2744 hp, 292 mana
720: pox tick
720: eb tick
720: ancientnife tick
720: epic tick
720: 115.0 dps, 2763 hp, 301 mana
721: startcast cann4
721: 114.9 dps, 2763 hp, 301 mana
722: 114.7 dps, 2763 hp, 301 mana
723: 114.6 dps, 2763 hp, 301 mana
724: cann4 tick
724: finished casting cann4
724: 114.4 dps, 2615 hp, 383 mana
725: 114.2 dps, 2615 hp, 383 mana
726: pox tick
726: eb tick
726: ancientnife tick
726: epic tick
726: startcast cann4
726: 115.0 dps, 2634 hp, 392 mana
727: 114.8 dps, 2634 hp, 392 mana
728: 114.6 dps, 2634 hp, 392 mana
729: cann4 tick
729: finished casting cann4
729: 114.5 dps, 2486 hp, 474 mana
730: 114.3 dps, 2486 hp, 474 mana
731: startcast nife
731: 114.2 dps, 2486 hp, 474 mana
732: pox tick
732: eb tick
732: ancientnife tick
732: epic tick
732: 114.9 dps, 2505 hp, 483 mana
733: 114.7 dps, 2505 hp, 483 mana
734: 114.6 dps, 2505 hp, 483 mana
735: 114.4 dps, 2505 hp, 483 mana
736: finished casting nife
736: 114.3 dps, 2505 hp, 121.75 mana
737: 114.1 dps, 2505 hp, 121.75 mana
738: pox tick
738: nife tick
738: ancientnife tick
738: epic tick
738: 114.9 dps, 2524 hp, 130.75 mana
739: startcast cann4
739: 114.8 dps, 2524 hp, 130.75 mana
740: 114.6 dps, 2524 hp, 130.75 mana
741: 114.5 dps, 2524 hp, 130.75 mana
742: cann4 tick
742: finished casting cann4
742: 114.3 dps, 2376 hp, 212.75 mana
743: 114.1 dps, 2376 hp, 212.75 mana
744: nife tick
744: ancientnife tick
744: epic tick
744: startcast epic
744: 114.8 dps, 2395 hp, 221.75 mana
745: 114.6 dps, 2395 hp, 221.75 mana
746: 114.5 dps, 2395 hp, 221.75 mana
747: 114.3 dps, 2395 hp, 221.75 mana
748: 114.2 dps, 2395 hp, 221.75 mana
749: 114.0 dps, 2395 hp, 221.75 mana
750: nife tick
750: ancientnife tick
750: 114.5 dps, 2414 hp, 230.75 mana
751: 114.4 dps, 2414 hp, 230.75 mana
752: 114.2 dps, 2414 hp, 230.75 mana
753: finished casting epic
753: 114.1 dps, 2414 hp, 230.75 mana
754: startcast cann4
754: 113.9 dps, 2414 hp, 230.75 mana
755: 113.8 dps, 2414 hp, 230.75 mana
756: nife tick
756: ancientnife tick
756: epic tick
756: 114.4 dps, 2433 hp, 239.75 mana
757: cann4 tick
757: finished casting cann4
757: 114.3 dps, 2285 hp, 321.75 mana
758: 114.1 dps, 2285 hp, 321.75 mana
759: startcast eb
759: 114.0 dps, 2285 hp, 321.75 mana
760: 113.8 dps, 2285 hp, 321.75 mana
761: 113.7 dps, 2285 hp, 321.75 mana
762: nife tick
762: ancientnife tick
762: epic tick
762: 114.3 dps, 2304 hp, 330.75 mana
763: 114.2 dps, 2304 hp, 330.75 mana
764: 114.0 dps, 2304 hp, 330.75 mana
765: finished casting eb
765: 113.9 dps, 2304 hp, 58.75 mana
766: 113.7 dps, 2304 hp, 58.75 mana
767: 113.6 dps, 2304 hp, 58.75 mana
768: nife tick
768: eb tick
768: epic tick
768: startcast cann4
768: 114.0 dps, 2323 hp, 67.75 mana
769: 113.9 dps, 2323 hp, 67.75 mana
770: 113.7 dps, 2323 hp, 67.75 mana
771: cann4 tick
771: finished casting cann4
771: 113.6 dps, 2175 hp, 149.75 mana
772: 113.4 dps, 2175 hp, 149.75 mana
773: startcast cann4
773: 113.3 dps, 2175 hp, 149.75 mana
774: nife tick
774: eb tick
774: epic tick
774: 113.8 dps, 2194 hp, 158.75 mana
775: 113.6 dps, 2194 hp, 158.75 mana
776: cann4 tick
776: finished casting cann4
776: 113.5 dps, 2046 hp, 240.75 mana
777: 113.3 dps, 2046 hp, 240.75 mana
778: cann5 tick
778: finished casting cann5
778: startcast cann5
778: 113.2 dps, 122 hp, 1306.75 mana
779: startcast torpor
779: 113.0 dps, 122 hp, 1306.75 mana
780: nife tick
780: eb tick
780: epic tick
780: 113.5 dps, 141 hp, 1315.75 mana
781: 113.4 dps, 141 hp, 1315.75 mana
782: 113.2 dps, 141 hp, 1315.75 mana
783: finished casting torpor
783: 113.1 dps, 141 hp, 1145.75 mana
784: 112.9 dps, 141 hp, 1145.75 mana
785: 112.8 dps, 141 hp, 1145.75 mana
786: torpor tick
786: nife tick
786: eb tick
786: epic tick
786: startcast ancientnife
786: 113.3 dps, 460 hp, 1154.75 mana
787: 113.1 dps, 460 hp, 1154.75 mana
788: 113.0 dps, 460 hp, 1154.75 mana
789: 112.8 dps, 460 hp, 1154.75 mana
790: 112.7 dps, 460 hp, 1154.75 mana
791: finished casting ancientnife
791: 112.5 dps, 460 hp, 793.5 mana
792: torpor tick
792: eb tick
792: ancientnife tick
792: epic tick
792: 113.1 dps, 779 hp, 802.5 mana
793: 112.9 dps, 779 hp, 802.5 mana
794: startcast nife
794: 112.8 dps, 779 hp, 802.5 mana
795: 112.6 dps, 779 hp, 802.5 mana
796: 112.5 dps, 779 hp, 802.5 mana
797: 112.3 dps, 779 hp, 802.5 mana
798: torpor tick
798: eb tick
798: ancientnife tick
798: epic tick
798: 112.9 dps, 1098 hp, 811.5 mana
799: finished casting nife
799: 112.7 dps, 1098 hp, 450.25 mana
800: 112.6 dps, 1098 hp, 450.25 mana
801: 112.4 dps, 1098 hp, 450.25 mana
802: startcast pox
802: 112.3 dps, 1098 hp, 450.25 mana
803: 112.2 dps, 1098 hp, 450.25 mana
804: torpor tick
804: nife tick
804: eb tick
804: ancientnife tick
804: epic tick
804: 113.0 dps, 1417 hp, 459.25 mana
805: 112.8 dps, 1417 hp, 459.25 mana
806: 112.7 dps, 1417 hp, 459.25 mana
807: finished casting pox
807: 112.5 dps, 1417 hp, 89.5 mana
808: 112.4 dps, 1417 hp, 89.5 mana
809: 112.3 dps, 1417 hp, 89.5 mana
810: torpor tick
810: pox tick
810: nife tick
810: eb tick
810: ancientnife tick
810: epic tick
810: startcast cann4
810: 113.2 dps, 1736 hp, 98.5 mana
811: 113.1 dps, 1736 hp, 98.5 mana
812: 112.9 dps, 1736 hp, 98.5 mana
813: cann4 tick
813: finished casting cann4
813: 112.8 dps, 1588 hp, 180.5 mana
814: 112.6 dps, 1588 hp, 180.5 mana
815: startcast cann4
815: 112.5 dps, 1588 hp, 180.5 mana
816: torpor tick
816: pox tick
816: nife tick
816: eb tick
816: ancientnife tick
816: epic tick
816: 113.4 dps, 1907 hp, 189.5 mana
817: 113.3 dps, 1907 hp, 189.5 mana
818: cann4 tick
818: finished casting cann4
818: 113.1 dps, 1759 hp, 271.5 mana
819: 113.0 dps, 1759 hp, 271.5 mana
820: startcast torpor
820: 112.9 dps, 1759 hp, 271.5 mana
821: 112.7 dps, 1759 hp, 271.5 mana
822: pox tick
822: nife tick
822: ancientnife tick
822: epic tick
822: 113.5 dps, 1778 hp, 280.5 mana
823: 113.3 dps, 1778 hp, 280.5 mana
824: finished casting torpor
824: 113.2 dps, 1778 hp, 110.5 mana
825: 113.0 dps, 1778 hp, 110.5 mana
826: 112.9 dps, 1778 hp, 110.5 mana
827: startcast cann4
827: 112.8 dps, 1778 hp, 110.5 mana
828: torpor tick
828: pox tick
828: nife tick
828: ancientnife tick
828: epic tick
828: 113.5 dps, 2097 hp, 119.5 mana
829: 113.4 dps, 2097 hp, 119.5 mana
830: cann4 tick
830: finished casting cann4
830: 113.2 dps, 1949 hp, 201.5 mana
831: 113.1 dps, 1949 hp, 201.5 mana
832: startcast cann4
832: 112.9 dps, 1949 hp, 201.5 mana
833: 112.8 dps, 1949 hp, 201.5 mana
834: torpor tick
834: pox tick
834: nife tick
834: ancientnife tick
834: epic tick
834: 113.5 dps, 2268 hp, 210.5 mana
835: cann4 tick
835: finished casting cann4
835: 113.4 dps, 2120 hp, 292.5 mana
836: 113.3 dps, 2120 hp, 292.5 mana
837: startcast epic
837: 113.1 dps, 2120 hp, 292.5 mana
838: 113.0 dps, 2120 hp, 292.5 mana
839: 112.9 dps, 2120 hp, 292.5 mana
840: torpor tick
840: pox tick
840: nife tick
840: ancientnife tick
840: 113.5 dps, 2439 hp, 301.5 mana
841: 113.3 dps, 2439 hp, 301.5 mana
842: 113.2 dps, 2439 hp, 301.5 mana
843: 113.1 dps, 2439 hp, 301.5 mana
844: 112.9 dps, 2439 hp, 301.5 mana
845: 112.8 dps, 2439 hp, 301.5 mana
846: torpor tick
846: pox tick
846: nife tick
846: finished casting epic
846: 113.1 dps, 2758 hp, 310.5 mana
847: startcast cann4
847: 112.9 dps, 2758 hp, 310.5 mana
848: 112.8 dps, 2758 hp, 310.5 mana
849: 112.7 dps, 2758 hp, 310.5 mana
850: cann4 tick
850: finished casting cann4
850: 112.5 dps, 2610 hp, 392.5 mana
851: 112.4 dps, 2610 hp, 392.5 mana
852: torpor tick
852: pox tick
852: nife tick
852: epic tick
852: startcast eb
852: 112.8 dps, 2929 hp, 401.5 mana
853: 112.6 dps, 2929 hp, 401.5 mana
854: 112.5 dps, 2929 hp, 401.5 mana
855: 112.4 dps, 2929 hp, 401.5 mana
856: 112.2 dps, 2929 hp, 401.5 mana
857: 112.1 dps, 2929 hp, 401.5 mana
858: torpor tick
858: pox tick
858: epic tick
858: finished casting eb
858: 112.2 dps, 3248 hp, 138.5 mana
859: 112.1 dps, 3248 hp, 138.5 mana
860: 112.0 dps, 3248 hp, 138.5 mana
861: startcast cann4
861: 111.8 dps, 3248 hp, 138.5 mana
862: 111.7 dps, 3248 hp, 138.5 mana
863: 111.6 dps, 3248 hp, 138.5 mana
864: pox tick
864: eb tick
864: epic tick
864: cann4 tick
864: finished casting cann4
864: 111.9 dps, 3119 hp, 229.5 mana
865: 111.7 dps, 3119 hp, 229.5 mana
866: startcast cann4
866: 111.6 dps, 3119 hp, 229.5 mana
867: 111.5 dps, 3119 hp, 229.5 mana
868: 111.4 dps, 3119 hp, 229.5 mana
869: cann4 tick
869: finished casting cann4
869: 111.2 dps, 2971 hp, 311.5 mana
870: pox tick
870: eb tick
870: epic tick
870: 111.5 dps, 2990 hp, 320.5 mana
871: startcast cann4
871: 111.4 dps, 2990 hp, 320.5 mana
872: 111.3 dps, 2990 hp, 320.5 mana
873: 111.1 dps, 2990 hp, 320.5 mana
874: cann4 tick
874: finished casting cann4
874: 111.0 dps, 2842 hp, 402.5 mana
875: 110.9 dps, 2842 hp, 402.5 mana
876: pox tick
876: eb tick
876: epic tick
876: startcast cann4
876: 111.2 dps, 2861 hp, 411.5 mana
877: 111.0 dps, 2861 hp, 411.5 mana
878: 110.9 dps, 2861 hp, 411.5 mana
879: cann4 tick
879: finished casting cann4
879: 110.8 dps, 2713 hp, 493.5 mana
880: 110.7 dps, 2713 hp, 493.5 mana
881: startcast ancientnife
881: 110.5 dps, 2713 hp, 493.5 mana
882: pox tick
882: eb tick
882: epic tick
882: 110.8 dps, 2732 hp, 502.5 mana
883: 110.7 dps, 2732 hp, 502.5 mana
884: 110.6 dps, 2732 hp, 502.5 mana
885: 110.4 dps, 2732 hp, 502.5 mana
886: finished casting ancientnife
886: 110.3 dps, 2732 hp, 141.25 mana
887: 110.2 dps, 2732 hp, 141.25 mana
888: pox tick
888: eb tick
888: ancientnife tick
888: epic tick
888: 110.8 dps, 2751 hp, 150.25 mana
889: startcast cann4
889: 110.7 dps, 2751 hp, 150.25 mana
890: 110.5 dps, 2751 hp, 150.25 mana
891: 110.4 dps, 2751 hp, 150.25 mana
892: cann4 tick
892: finished casting cann4
892: 110.3 dps, 2603 hp, 232.25 mana
893: 110.2 dps, 2603 hp, 232.25 mana
894: pox tick
894: eb tick
894: ancientnife tick
894: epic tick
894: startcast cann4
894: 110.8 dps, 2622 hp, 241.25 mana
895: 110.6 dps, 2622 hp, 241.25 mana
896: 110.5 dps, 2622 hp, 241.25 mana
897: cann4 tick
897: finished casting cann4
897: 110.4 dps, 2474 hp, 323.25 mana
898: 110.3 dps, 2474 hp, 323.25 mana
899: startcast cann4
899: 110.1 dps, 2474 hp, 323.25 mana
900: pox tick
900: eb tick
900: ancientnife tick
900: epic tick
900: 110.7 dps, 2493 hp, 332.25 mana
901: 110.6 dps, 2493 hp, 332.25 mana
902: cann4 tick
902: finished casting cann4
902: 110.5 dps, 2345 hp, 414.25 mana
903: 110.4 dps, 2345 hp, 414.25 mana
904: startcast cann4
904: 110.2 dps, 2345 hp, 414.25 mana
905: 110.1 dps, 2345 hp, 414.25 mana
906: pox tick
906: eb tick
906: ancientnife tick
906: epic tick
906: 110.7 dps, 2364 hp, 423.25 mana
907: cann4 tick
907: finished casting cann4
907: 110.6 dps, 2216 hp, 505.25 mana
908: 110.5 dps, 2216 hp, 505.25 mana
909: startcast nife
909: 110.3 dps, 2216 hp, 505.25 mana
910: 110.2 dps, 2216 hp, 505.25 mana
911: 110.1 dps, 2216 hp, 505.25 mana
912: pox tick
912: eb tick
912: ancientnife tick
912: epic tick
912: 110.7 dps, 2235 hp, 514.25 mana
913: 110.6 dps, 2235 hp, 514.25 mana
914: finished casting nife
914: 110.4 dps, 2235 hp, 153 mana
915: 110.3 dps, 2235 hp, 153 mana
916: 110.2 dps, 2235 hp, 153 mana
917: startcast cann4
917: 110.1 dps, 2235 hp, 153 mana
918: pox tick
918: nife tick
918: ancientnife tick
918: epic tick
918: 110.7 dps, 2254 hp, 162 mana
919: 110.6 dps, 2254 hp, 162 mana
920: cann4 tick
920: finished casting cann4
920: 110.5 dps, 2106 hp, 244 mana
921: 110.4 dps, 2106 hp, 244 mana
922: startcast cann4
922: 110.2 dps, 2106 hp, 244 mana
923: 110.1 dps, 2106 hp, 244 mana
924: pox tick
924: nife tick
924: ancientnife tick
924: epic tick
924: 110.8 dps, 2125 hp, 253 mana
925: cann4 tick
925: finished casting cann4
925: 110.7 dps, 1977 hp, 335 mana
926: 110.5 dps, 1977 hp, 335 mana
927: startcast torpor
927: 110.4 dps, 1977 hp, 335 mana
928: 110.3 dps, 1977 hp, 335 mana
929: 110.2 dps, 1977 hp, 335 mana
930: pox tick
930: nife tick
930: ancientnife tick
930: epic tick
930: 110.8 dps, 1996 hp, 344 mana
931: finished casting torpor
931: 110.7 dps, 1996 hp, 174 mana
932: 110.6 dps, 1996 hp, 174 mana
933: 110.5 dps, 1996 hp, 174 mana
934: startcast epic
934: 110.4 dps, 1996 hp, 174 mana
935: 110.2 dps, 1996 hp, 174 mana
936: torpor tick
936: nife tick
936: ancientnife tick
936: 110.7 dps, 2315 hp, 183 mana
937: 110.5 dps, 2315 hp, 183 mana
938: 110.4 dps, 2315 hp, 183 mana
939: 110.3 dps, 2315 hp, 183 mana
940: 110.2 dps, 2315 hp, 183 mana
941: 110.1 dps, 2315 hp, 183 mana
942: torpor tick
942: nife tick
942: 110.2 dps, 2634 hp, 192 mana
943: finished casting epic
943: 110.1 dps, 2634 hp, 192 mana
944: startcast cann4
944: 110.0 dps, 2634 hp, 192 mana
945: 109.8 dps, 2634 hp, 192 mana
946: 109.7 dps, 2634 hp, 192 mana
947: cann4 tick
947: finished casting cann4
947: 109.6 dps, 2486 hp, 274 mana
948: torpor tick
948: nife tick
948: epic tick
948: 109.8 dps, 2805 hp, 283 mana
949: startcast cann4
949: 109.7 dps, 2805 hp, 283 mana
950: 109.6 dps, 2805 hp, 283 mana
951: 109.5 dps, 2805 hp, 283 mana
952: cann4 tick
952: finished casting cann4
952: 109.4 dps, 2657 hp, 365 mana
953: 109.3 dps, 2657 hp, 365 mana
954: torpor tick
954: nife tick
954: epic tick
954: startcast eb
954: 109.5 dps, 2976 hp, 374 mana
955: 109.4 dps, 2976 hp, 374 mana
956: 109.3 dps, 2976 hp, 374 mana
957: 109.1 dps, 2976 hp, 374 mana
958: 109.0 dps, 2976 hp, 374 mana
959: 108.9 dps, 2976 hp, 374 mana
960: torpor tick
960: nife tick
960: epic tick
960: finished casting eb
960: 109.1 dps, 3295 hp, 111 mana
961: 109.0 dps, 3295 hp, 111 mana
962: 108.9 dps, 3295 hp, 111 mana
963: cann5 tick
963: finished casting cann5
963: startcast cann5
963: 108.8 dps, 1371 hp, 1177 mana
964: startcast ancientnife
964: 108.7 dps, 1371 hp, 1177 mana
965: 108.6 dps, 1371 hp, 1177 mana
966: torpor tick
966: nife tick
966: eb tick
966: epic tick
966: 108.9 dps, 1690 hp, 1186 mana
967: 108.8 dps, 1690 hp, 1186 mana
968: 108.7 dps, 1690 hp, 1186 mana
969: finished casting ancientnife
969: 108.6 dps, 1690 hp, 824.75 mana
970: 108.5 dps, 1690 hp, 824.75 mana
971: 108.4 dps, 1690 hp, 824.75 mana
972: eb tick
972: ancientnife tick
972: epic tick
972: startcast torpor
972: 108.8 dps, 1709 hp, 833.75 mana
973: 108.7 dps, 1709 hp, 833.75 mana
974: 108.6 dps, 1709 hp, 833.75 mana
975: 108.5 dps, 1709 hp, 833.75 mana
976: finished casting torpor
976: 108.4 dps, 1709 hp, 663.75 mana
977: 108.3 dps, 1709 hp, 663.75 mana
978: torpor tick
978: eb tick
978: ancientnife tick
978: epic tick
978: 108.7 dps, 2028 hp, 672.75 mana
979: startcast nife
979: 108.6 dps, 2028 hp, 672.75 mana
980: 108.5 dps, 2028 hp, 672.75 mana
981: 108.3 dps, 2028 hp, 672.75 mana
982: 108.2 dps, 2028 hp, 672.75 mana
983: 108.1 dps, 2028 hp, 672.75 mana
984: torpor tick
984: eb tick
984: ancientnife tick
984: epic tick
984: finished casting nife
984: 108.5 dps, 2347 hp, 320.5 mana
985: 108.4 dps, 2347 hp, 320.5 mana
986: 108.3 dps, 2347 hp, 320.5 mana
987: startcast cann4
987: 108.2 dps, 2347 hp, 320.5 mana
988: 108.1 dps, 2347 hp, 320.5 mana
989: 108.0 dps, 2347 hp, 320.5 mana
990: torpor tick
990: nife tick
990: eb tick
990: ancientnife tick
990: epic tick
990: cann4 tick
990: finished casting cann4
990: 108.7 dps, 2518 hp, 411.5 mana
991: 108.5 dps, 2518 hp, 411.5 mana
992: startcast cann4
992: 108.4 dps, 2518 hp, 411.5 mana
993: 108.3 dps, 2518 hp, 411.5 mana
994: 108.2 dps, 2518 hp, 411.5 mana
995: cann4 tick
995: finished casting cann4
995: 108.1 dps, 2370 hp, 493.5 mana
996: torpor tick
996: nife tick
996: eb tick
996: ancientnife tick
996: epic tick
996: 108.8 dps, 2689 hp, 502.5 mana
997: startcast pox
997: 108.6 dps, 2689 hp, 502.5 mana
998: 108.5 dps, 2689 hp, 502.5 mana
999: 108.4 dps, 2689 hp, 502.5 mana
1000: 108.3 dps, 2689 hp, 502.5 mana
1001: 108.2 dps, 2689 hp, 502.5 mana
1002: torpor tick
1002: nife tick
1002: eb tick
1002: ancientnife tick
1002: epic tick
1002: finished casting pox
1002: 108.9 dps, 3008 hp, 141.75 mana
1003: 108.7 dps, 3008 hp, 141.75 mana
1004: 108.6 dps, 3008 hp, 141.75 mana
1005: startcast cann4
1005: 108.5 dps, 3008 hp, 141.75 mana
1006: 108.4 dps, 3008 hp, 141.75 mana
1007: 108.3 dps, 3008 hp, 141.75 mana
1008: torpor tick
1008: pox tick
1008: nife tick
1008: eb tick
1008: ancientnife tick
1008: epic tick
1008: cann4 tick
1008: finished casting cann4
1008: 109.1 dps, 3179 hp, 232.75 mana
1009: 109.0 dps, 3179 hp, 232.75 mana
1010: startcast cann4
1010: 108.9 dps, 3179 hp, 232.75 mana
1011: 108.7 dps, 3179 hp, 232.75 mana
1012: 108.6 dps, 3179 hp, 232.75 mana
1013: cann4 tick
1013: finished casting cann4
1013: 108.5 dps, 3031 hp, 314.75 mana
1014: pox tick
1014: nife tick
1014: eb tick
1014: ancientnife tick
1014: epic tick
1014: 109.3 dps, 3050 hp, 323.75 mana
1015: startcast eb
1015: 109.2 dps, 3050 hp, 323.75 mana
1016: 109.1 dps, 3050 hp, 323.75 mana
1017: 109.0 dps, 3050 hp, 323.75 mana
1018: 108.8 dps, 3050 hp, 323.75 mana
1019: 108.7 dps, 3050 hp, 323.75 mana
1020: pox tick
1020: nife tick
1020: ancientnife tick
1020: epic tick
1020: 109.3 dps, 3069 hp, 332.75 mana
1021: finished casting eb
1021: 109.2 dps, 3069 hp, 60.75 mana
1022: 109.1 dps, 3069 hp, 60.75 mana
1023: 109.0 dps, 3069 hp, 60.75 mana
1024: startcast cann4
1024: 108.9 dps, 3069 hp, 60.75 mana
1025: 108.8 dps, 3069 hp, 60.75 mana
1026: pox tick
1026: nife tick
1026: eb tick
1026: epic tick
1026: 109.3 dps, 3088 hp, 69.75 mana
1027: cann4 tick
1027: finished casting cann4
1027: 109.2 dps, 2940 hp, 151.75 mana
1028: 109.1 dps, 2940 hp, 151.75 mana
1029: startcast epic
1029: 109.0 dps, 2940 hp, 151.75 mana
1030: 108.8 dps, 2940 hp, 151.75 mana
1031: 108.7 dps, 2940 hp, 151.75 mana
1032: pox tick
1032: nife tick
1032: eb tick
1032: 109.1 dps, 2959 hp, 160.75 mana
1033: 109.0 dps, 2959 hp, 160.75 mana
1034: 108.9 dps, 2959 hp, 160.75 mana
1035: 108.8 dps, 2959 hp, 160.75 mana
1036: 108.7 dps, 2959 hp, 160.75 mana
1037: 108.6 dps, 2959 hp, 160.75 mana
1038: pox tick
1038: nife tick
1038: eb tick
1038: finished casting epic
1038: 109.0 dps, 2978 hp, 169.75 mana
1039: startcast cann4
1039: 108.9 dps, 2978 hp, 169.75 mana
1040: 108.8 dps, 2978 hp, 169.75 mana
1041: 108.7 dps, 2978 hp, 169.75 mana
1042: cann4 tick
1042: finished casting cann4
1042: 108.6 dps, 2830 hp, 251.75 mana
1043: 108.5 dps, 2830 hp, 251.75 mana
1044: pox tick
1044: eb tick
1044: epic tick
1044: startcast cann4
1044: 108.7 dps, 2849 hp, 260.75 mana
1045: 108.6 dps, 2849 hp, 260.75 mana
1046: 108.5 dps, 2849 hp, 260.75 mana
1047: cann4 tick
1047: finished casting cann4
1047: 108.4 dps, 2701 hp, 342.75 mana
1048: 108.3 dps, 2701 hp, 342.75 mana
1049: startcast cann4
1049: 108.2 dps, 2701 hp, 342.75 mana
1050: pox tick
1050: eb tick
1050: epic tick
1050: 108.4 dps, 2720 hp, 351.75 mana
1051: 108.3 dps, 2720 hp, 351.75 mana
1052: cann4 tick
1052: finished casting cann4
1052: 108.2 dps, 2572 hp, 433.75 mana
1053: 108.1 dps, 2572 hp, 433.75 mana
1054: startcast ancientnife
1054: 108.0 dps, 2572 hp, 433.75 mana
1055: 107.9 dps, 2572 hp, 433.75 mana
1056: pox tick
1056: eb tick
1056: epic tick
1056: 108.2 dps, 2591 hp, 442.75 mana
1057: 108.1 dps, 2591 hp, 442.75 mana
1058: 108.0 dps, 2591 hp, 442.75 mana
1059: finished casting ancientnife
1059: 107.9 dps, 2591 hp, 81.5 mana
1060: 107.7 dps, 2591 hp, 81.5 mana
1061: 107.6 dps, 2591 hp, 81.5 mana
1062: pox tick
1062: eb tick
1062: ancientnife tick
1062: epic tick
1062: startcast cann4
1062: 108.1 dps, 2610 hp, 90.5 mana
1063: 108.0 dps, 2610 hp, 90.5 mana
1064: 107.9 dps, 2610 hp, 90.5 mana
1065: cann4 tick
1065: finished casting cann4
1065: 107.8 dps, 2462 hp, 172.5 mana
1066: 107.7 dps, 2462 hp, 172.5 mana
1067: startcast cann4
1067: 107.6 dps, 2462 hp, 172.5 mana
1068: pox tick
1068: eb tick
1068: ancientnife tick
1068: epic tick
1068: 108.1 dps, 2481 hp, 181.5 mana
1069: 108.0 dps, 2481 hp, 181.5 mana
1070: cann4 tick
1070: finished casting cann4
1070: 107.9 dps, 2333 hp, 263.5 mana
1071: 107.8 dps, 2333 hp, 263.5 mana
1072: startcast cann4
1072: 107.7 dps, 2333 hp, 263.5 mana
1073: 107.6 dps, 2333 hp, 263.5 mana
1074: pox tick
1074: eb tick
1074: ancientnife tick
1074: epic tick
1074: 108.1 dps, 2352 hp, 272.5 mana
1075: cann4 tick
1075: finished casting cann4
1075: 108.0 dps, 2204 hp, 354.5 mana
1076: 107.9 dps, 2204 hp, 354.5 mana
1077: startcast eb
1077: 107.8 dps, 2204 hp, 354.5 mana
1078: 107.7 dps, 2204 hp, 354.5 mana
1079: 107.6 dps, 2204 hp, 354.5 mana
1080: pox tick
1080: ancientnife tick
1080: epic tick
1080: 108.0 dps, 2223 hp, 363.5 mana
1081: 107.9 dps, 2223 hp, 363.5 mana
1082: 107.8 dps, 2223 hp, 363.5 mana
1083: finished casting eb
1083: 107.7 dps, 2223 hp, 91.5 mana
1084: 107.6 dps, 2223 hp, 91.5 mana
1085: 107.5 dps, 2223 hp, 91.5 mana
1086: pox tick
1086: eb tick
1086: ancientnife tick
1086: epic tick
1086: startcast cann4
1086: 108.0 dps, 2242 hp, 100.5 mana
1087: 107.9 dps, 2242 hp, 100.5 mana
1088: 107.8 dps, 2242 hp, 100.5 mana
1089: cann4 tick
1089: finished casting cann4
1089: 107.7 dps, 2094 hp, 182.5 mana
1090: 107.6 dps, 2094 hp, 182.5 mana
1091: startcast cann4
1091: 107.5 dps, 2094 hp, 182.5 mana
1092: pox tick
1092: eb tick
1092: ancientnife tick
1092: epic tick
1092: 108.0 dps, 2113 hp, 191.5 mana
1093: 107.9 dps, 2113 hp, 191.5 mana
1094: cann4 tick
1094: finished casting cann4
1094: 107.8 dps, 1965 hp, 273.5 mana
1095: 107.7 dps, 1965 hp, 273.5 mana
1096: startcast torpor
1096: 107.6 dps, 1965 hp, 273.5 mana
1097: 107.5 dps, 1965 hp, 273.5 mana
1098: pox tick
1098: eb tick
1098: ancientnife tick
1098: epic tick
1098: 107.9 dps, 1984 hp, 282.5 mana
1099: 107.8 dps, 1984 hp, 282.5 mana
1100: finished casting torpor
1100: 107.7 dps, 1984 hp, 112.5 mana
1101: 107.6 dps, 1984 hp, 112.5 mana
1102: 107.6 dps, 1984 hp, 112.5 mana
1103: startcast cann4
1103: 107.5 dps, 1984 hp, 112.5 mana
1104: torpor tick
1104: pox tick
1104: eb tick
1104: ancientnife tick
1104: epic tick
1104: 107.9 dps, 2303 hp, 121.5 mana
1105: 107.8 dps, 2303 hp, 121.5 mana
1106: cann4 tick
1106: finished casting cann4
1106: 107.7 dps, 2155 hp, 203.5 mana
1107: 107.6 dps, 2155 hp, 203.5 mana
1108: startcast cann4
1108: 107.5 dps, 2155 hp, 203.5 mana
1109: 107.4 dps, 2155 hp, 203.5 mana
1110: torpor tick
1110: pox tick
1110: eb tick
1110: ancientnife tick
1110: epic tick
1110: 107.9 dps, 2474 hp, 212.5 mana
1111: cann4 tick
1111: finished casting cann4
1111: 107.8 dps, 2326 hp, 294.5 mana
1112: 107.7 dps, 2326 hp, 294.5 mana
1113: startcast cann4
1113: 107.6 dps, 2326 hp, 294.5 mana
1114: 107.5 dps, 2326 hp, 294.5 mana
1115: 107.4 dps, 2326 hp, 294.5 mana
1116: torpor tick
1116: pox tick
1116: eb tick
1116: epic tick
1116: cann4 tick
1116: finished casting cann4
1116: 107.7 dps, 2497 hp, 385.5 mana
1117: 107.6 dps, 2497 hp, 385.5 mana
1118: startcast cann4
1118: 107.5 dps, 2497 hp, 385.5 mana
1119: 107.4 dps, 2497 hp, 385.5 mana
1120: 107.3 dps, 2497 hp, 385.5 mana
1121: cann4 tick
1121: finished casting cann4
1121: 107.2 dps, 2349 hp, 467.5 mana
1122: torpor tick
1122: pox tick
1122: eb tick
1122: epic tick
1122: 107.4 dps, 2668 hp, 476.5 mana
1123: startcast epic
1123: 107.3 dps, 2668 hp, 476.5 mana
1124: 107.2 dps, 2668 hp, 476.5 mana
1125: 107.1 dps, 2668 hp, 476.5 mana
1126: 107.0 dps, 2668 hp, 476.5 mana
1127: 106.9 dps, 2668 hp, 476.5 mana
1128: torpor tick
1128: pox tick
1128: eb tick
1128: 107.1 dps, 2987 hp, 485.5 mana
1129: 107.0 dps, 2987 hp, 485.5 mana
1130: 106.9 dps, 2987 hp, 485.5 mana
1131: 106.8 dps, 2987 hp, 485.5 mana
1132: finished casting epic
1132: 106.7 dps, 2987 hp, 485.5 mana
1133: startcast ancientnife
1133: 106.6 dps, 2987 hp, 485.5 mana
1134: torpor tick
1134: eb tick
1134: epic tick
1134: 106.7 dps, 3306 hp, 494.5 mana
1135: 106.6 dps, 3306 hp, 494.5 mana
1136: 106.6 dps, 3306 hp, 494.5 mana
1137: 106.5 dps, 3306 hp, 494.5 mana
1138: finished casting ancientnife
1138: 106.4 dps, 3306 hp, 133.25 mana
1139: 106.3 dps, 3306 hp, 133.25 mana
1140: ancientnife tick
1140: epic tick
1140: 106.5 dps, 3325 hp, 142.25 mana
1141: startcast cann4
1141: 106.4 dps, 3325 hp, 142.25 mana
1142: 106.3 dps, 3325 hp, 142.25 mana
1143: 106.2 dps, 3325 hp, 142.25 mana
1144: cann4 tick
1144: finished casting cann4
1144: 106.1 dps, 3177 hp, 224.25 mana
1145: 106.0 dps, 3177 hp, 224.25 mana
1146: ancientnife tick
1146: epic tick
1146: cann5 tick
1146: finished casting cann5
1146: startcast cann5
1146: 106.3 dps, 1272 hp, 1299.25 mana
1147: startcast torpor
1147: 106.2 dps, 1272 hp, 1299.25 mana
1148: 106.1 dps, 1272 hp, 1299.25 mana
1149: 106.0 dps, 1272 hp, 1299.25 mana
1150: 105.9 dps, 1272 hp, 1299.25 mana
1151: finished casting torpor
1151: 105.8 dps, 1272 hp, 1129.25 mana
1152: torpor tick
1152: ancientnife tick
1152: epic tick
1152: 106.0 dps, 1591 hp, 1138.25 mana
1153: 105.9 dps, 1591 hp, 1138.25 mana
1154: startcast nife
1154: 105.8 dps, 1591 hp, 1138.25 mana
1155: 105.7 dps, 1591 hp, 1138.25 mana
1156: 105.7 dps, 1591 hp, 1138.25 mana
1157: 105.6 dps, 1591 hp, 1138.25 mana
1158: torpor tick
1158: ancientnife tick
1158: epic tick
1158: 105.8 dps, 1910 hp, 1147.25 mana
1159: finished casting nife
1159: 105.7 dps, 1910 hp, 786 mana
1160: 105.6 dps, 1910 hp, 786 mana
1161: 105.5 dps, 1910 hp, 786 mana
1162: startcast eb
1162: 105.4 dps, 1910 hp, 786 mana
1163: 105.3 dps, 1910 hp, 786 mana
1164: torpor tick
1164: nife tick
1164: ancientnife tick
1164: epic tick
1164: 105.8 dps, 2229 hp, 795 mana
1165: 105.7 dps, 2229 hp, 795 mana
1166: 105.6 dps, 2229 hp, 795 mana
1167: 105.5 dps, 2229 hp, 795 mana
1168: finished casting eb
1168: 105.4 dps, 2229 hp, 523 mana
1169: 105.3 dps, 2229 hp, 523 mana
1170: torpor tick
1170: nife tick
1170: eb tick
1170: ancientnife tick
1170: epic tick
1170: 105.9 dps, 2548 hp, 532 mana
1171: startcast pox
1171: 105.8 dps, 2548 hp, 532 mana
1172: 105.7 dps, 2548 hp, 532 mana
1173: 105.6 dps, 2548 hp, 532 mana
1174: 105.5 dps, 2548 hp, 532 mana
1175: 105.4 dps, 2548 hp, 532 mana
1176: torpor tick
1176: nife tick
1176: eb tick
1176: ancientnife tick
1176: epic tick
1176: finished casting pox
1176: 106.0 dps, 2867 hp, 171.25 mana
1177: 105.9 dps, 2867 hp, 171.25 mana
1178: 105.8 dps, 2867 hp, 171.25 mana
1179: startcast cann4
1179: 105.7 dps, 2867 hp, 171.25 mana
1180: 105.6 dps, 2867 hp, 171.25 mana
1181: 105.5 dps, 2867 hp, 171.25 mana
1182: torpor tick
1182: pox tick
1182: nife tick
1182: eb tick
1182: ancientnife tick
1182: epic tick
1182: cann4 tick
1182: finished casting cann4
1182: 106.2 dps, 3038 hp, 262.25 mana
1183: 106.1 dps, 3038 hp, 262.25 mana
1184: startcast cann4
1184: 106.0 dps, 3038 hp, 262.25 mana
1185: 105.9 dps, 3038 hp, 262.25 mana
1186: 105.8 dps, 3038 hp, 262.25 mana
1187: cann4 tick
1187: finished casting cann4
1187: 105.7 dps, 2890 hp, 344.25 mana
1188: pox tick
1188: nife tick
1188: eb tick
1188: ancientnife tick
1188: epic tick
1188: 106.3 dps, 2909 hp, 353.25 mana
1189: startcast cann4
1189: 106.3 dps, 2909 hp, 353.25 mana
1190: 106.2 dps, 2909 hp, 353.25 mana
1191: 106.1 dps, 2909 hp, 353.25 mana
1192: cann4 tick
1192: finished casting cann4
1192: 106.0 dps, 2761 hp, 435.25 mana
1193: 105.9 dps, 2761 hp, 435.25 mana
1194: pox tick
1194: nife tick
1194: eb tick
1194: epic tick
1194: startcast ancientnife
1194: 106.3 dps, 2780 hp, 444.25 mana
1195: 106.2 dps, 2780 hp, 444.25 mana
1196: 106.1 dps, 2780 hp, 444.25 mana
1197: 106.0 dps, 2780 hp, 444.25 mana
1198: 106.0 dps, 2780 hp, 444.25 mana
1199: finished casting ancientnife
1199: 105.9 dps, 2780 hp, 83 mana
1200: pox tick
1200: nife tick
1200: eb tick
1200: ancientnife tick
1200: epic tick
1200: 106.5 dps, 2799 hp, 92 mana
