1: startcast naturestouch
1: 0.0 dps, 4000 hp, 4000 mana
2: 0.0 dps, 4000 hp, 4000 mana
3: 0.0 dps, 4000 hp, 4000 mana
4: 0.0 dps, 4000 hp, 4000 mana
5: 0.0 dps, 4000 hp, 4000 mana
6: naturestouch tick
6: finished casting naturestouch
6: 179.3 dps, 4000 hp, 3760 mana
7: 153.7 dps, 4000 hp, 3760 mana
8: 134.5 dps, 4000 hp, 3760 mana
9: startcast naturestouch
9: 119.5 dps, 4000 hp, 3760 mana
10: 107.6 dps, 4000 hp, 3760 mana
11: 97.8 dps, 4000 hp, 3760 mana
12: 89.7 dps, 4000 hp, 3778 mana
13: 82.8 dps, 4000 hp, 3778 mana
14: naturestouch tick
14: finished casting naturestouch
14: 153.7 dps, 4000 hp, 3538 mana
15: 143.4 dps, 4000 hp, 3538 mana
16: 134.5 dps, 4000 hp, 3538 mana
17: startcast naturestouch
17: 126.6 dps, 4000 hp, 3538 mana
18: 119.5 dps, 4000 hp, 3556 mana
19: 113.2 dps, 4000 hp, 3556 mana
20: 107.6 dps, 4000 hp, 3556 mana
21: 102.5 dps, 4000 hp, 3556 mana
22: naturestouch tick
22: finished casting naturestouch
22: 146.7 dps, 4000 hp, 3316 mana
23: 140.3 dps, 4000 hp, 3316 mana
24: 134.5 dps, 4000 hp, 3334 mana
25: startcast naturestouch
25: 129.1 dps, 4000 hp, 3334 mana
26: 124.1 dps, 4000 hp, 3334 mana
27: 119.5 dps, 4000 hp, 3334 mana
28: 115.3 dps, 4000 hp, 3334 mana
29: 111.3 dps, 4000 hp, 3334 mana
30: naturestouch tick
30: finished casting naturestouch
30: 143.4 dps, 4000 hp, 3112 mana
31: 138.8 dps, 4000 hp, 3112 mana
32: 134.5 dps, 4000 hp, 3112 mana
33: startcast naturestouch
33: 130.4 dps, 4000 hp, 3112 mana
34: 126.6 dps, 4000 hp, 3112 mana
35: 122.9 dps, 4000 hp, 3112 mana
36: 119.5 dps, 4000 hp, 3130 mana
37: 116.3 dps, 4000 hp, 3130 mana
38: naturestouch tick
38: finished casting naturestouch
38: 141.6 dps, 4000 hp, 2890 mana
39: 137.9 dps, 4000 hp, 2890 mana
40: 134.5 dps, 4000 hp, 2890 mana
41: startcast naturestouch
41: 131.2 dps, 4000 hp, 2890 mana
42: 128.1 dps, 4000 hp, 2908 mana
43: 125.1 dps, 4000 hp, 2908 mana
44: 122.3 dps, 4000 hp, 2908 mana
45: 119.5 dps, 4000 hp, 2908 mana
46: naturestouch tick
46: finished casting naturestouch
46: 140.3 dps, 4000 hp, 2668 mana
47: 137.3 dps, 4000 hp, 2668 mana
48: 134.5 dps, 4000 hp, 2686 mana
49: startcast naturestouch
49: 131.7 dps, 4000 hp, 2686 mana
50: 129.1 dps, 4000 hp, 2686 mana
51: 126.6 dps, 4000 hp, 2686 mana
52: 124.1 dps, 4000 hp, 2686 mana
53: 121.8 dps, 4000 hp, 2686 mana
54: naturestouch tick
54: finished casting naturestouch
54: 139.5 dps, 4000 hp, 2464 mana
55: 136.9 dps, 4000 hp, 2464 mana
56: 134.5 dps, 4000 hp, 2464 mana
57: startcast naturestouch
57: 132.1 dps, 4000 hp, 2464 mana
58: 129.8 dps, 4000 hp, 2464 mana
59: 127.6 dps, 4000 hp, 2464 mana
60: 125.5 dps, 4000 hp, 2482 mana
61: 123.5 dps, 4000 hp, 2482 mana
62: naturestouch tick
62: finished casting naturestouch
62: 138.8 dps, 4000 hp, 2242 mana
63: 136.6 dps, 4000 hp, 2242 mana
64: 134.5 dps, 4000 hp, 2242 mana
65: startcast naturestouch
65: 132.4 dps, 4000 hp, 2242 mana
66: 130.4 dps, 4000 hp, 2260 mana
67: 128.5 dps, 4000 hp, 2260 mana
68: 126.6 dps, 4000 hp, 2260 mana
69: 124.7 dps, 4000 hp, 2260 mana
70: naturestouch tick
70: finished casting naturestouch
70: 138.3 dps, 4000 hp, 2020 mana
71: 136.4 dps, 4000 hp, 2020 mana
72: 134.5 dps, 4000 hp, 2038 mana
73: startcast naturestouch
73: 132.6 dps, 4000 hp, 2038 mana
74: 130.8 dps, 4000 hp, 2038 mana
75: 129.1 dps, 4000 hp, 2038 mana
76: 127.4 dps, 4000 hp, 2038 mana
77: 125.7 dps, 4000 hp, 2038 mana
78: naturestouch tick
78: finished casting naturestouch
78: 137.9 dps, 4000 hp, 1816 mana
79: 136.2 dps, 4000 hp, 1816 mana
80: 134.5 dps, 4000 hp, 1816 mana
81: startcast naturestouch
81: 132.8 dps, 4000 hp, 1816 mana
82: 131.2 dps, 4000 hp, 1816 mana
83: 129.6 dps, 4000 hp, 1816 mana
84: 128.1 dps, 4000 hp, 1834 mana
85: 126.6 dps, 4000 hp, 1834 mana
86: naturestouch tick
86: finished casting naturestouch
86: 137.6 dps, 4000 hp, 1594 mana
87: 136.0 dps, 4000 hp, 1594 mana
88: 134.5 dps, 4000 hp, 1594 mana
89: startcast naturestouch
89: 133.0 dps, 4000 hp, 1594 mana
90: 131.5 dps, 4000 hp, 1612 mana
91: 130.0 dps, 4000 hp, 1612 mana
92: 128.6 dps, 4000 hp, 1612 mana
93: 127.2 dps, 4000 hp, 1612 mana
94: naturestouch tick
94: finished casting naturestouch
94: 137.3 dps, 4000 hp, 1372 mana
95: 135.9 dps, 4000 hp, 1372 mana
96: 134.5 dps, 4000 hp, 1390 mana
97: startcast naturestouch
97: 133.1 dps, 4000 hp, 1390 mana
98: 131.7 dps, 4000 hp, 1390 mana
99: 130.4 dps, 4000 hp, 1390 mana
100: 129.1 dps, 4000 hp, 1390 mana
101: 127.8 dps, 4000 hp, 1390 mana
102: naturestouch tick
102: finished casting naturestouch
102: 137.1 dps, 4000 hp, 1168 mana
103: 135.8 dps, 4000 hp, 1168 mana
104: 134.5 dps, 4000 hp, 1168 mana
105: startcast naturestouch
105: 133.2 dps, 4000 hp, 1168 mana
106: 131.9 dps, 4000 hp, 1168 mana
107: 130.7 dps, 4000 hp, 1168 mana
108: 129.5 dps, 4000 hp, 1186 mana
109: 128.3 dps, 4000 hp, 1186 mana
110: naturestouch tick
110: finished casting naturestouch
110: 136.9 dps, 4000 hp, 946 mana
111: 135.7 dps, 4000 hp, 946 mana
112: 134.5 dps, 4000 hp, 946 mana
113: startcast naturestouch
113: 133.3 dps, 4000 hp, 946 mana
114: 132.1 dps, 4000 hp, 964 mana
115: 131.0 dps, 4000 hp, 964 mana
116: 129.8 dps, 4000 hp, 964 mana
117: 128.7 dps, 4000 hp, 964 mana
118: naturestouch tick
118: finished casting naturestouch
118: 136.8 dps, 4000 hp, 724 mana
119: 135.6 dps, 4000 hp, 724 mana
120: 134.5 dps, 4000 hp, 742 mana
121: startcast naturestouch
121: 133.4 dps, 4000 hp, 742 mana
122: 132.3 dps, 4000 hp, 742 mana
123: 131.2 dps, 4000 hp, 742 mana
124: 130.1 dps, 4000 hp, 742 mana
125: 129.1 dps, 4000 hp, 742 mana
126: naturestouch tick
126: finished casting naturestouch
126: 136.6 dps, 4000 hp, 520 mana
127: 135.5 dps, 4000 hp, 520 mana
128: 134.5 dps, 4000 hp, 520 mana
129: startcast naturestouch
129: 133.4 dps, 4000 hp, 520 mana
130: 132.4 dps, 4000 hp, 520 mana
131: 131.4 dps, 4000 hp, 520 mana
132: 130.4 dps, 4000 hp, 538 mana
133: 129.4 dps, 4000 hp, 538 mana
134: naturestouch tick
134: finished casting naturestouch
134: 136.5 dps, 4000 hp, 298 mana
135: 135.5 dps, 4000 hp, 298 mana
136: 134.5 dps, 4000 hp, 298 mana
137: 133.5 dps, 4000 hp, 298 mana
138: 132.5 dps, 4000 hp, 336 mana
139: 131.6 dps, 4000 hp, 336 mana
140: 130.6 dps, 4000 hp, 336 mana
141: 129.7 dps, 4000 hp, 336 mana
142: 128.8 dps, 4000 hp, 336 mana
143: 127.9 dps, 4000 hp, 336 mana
144: 127.0 dps, 4000 hp, 374 mana
145: 126.1 dps, 4000 hp, 374 mana
146: 125.3 dps, 4000 hp, 374 mana
147: 124.4 dps, 4000 hp, 374 mana
148: 123.6 dps, 4000 hp, 374 mana
149: 122.7 dps, 4000 hp, 374 mana
150: startcast naturestouch
150: 121.9 dps, 4000 hp, 412 mana
151: 121.1 dps, 4000 hp, 412 mana
152: 120.3 dps, 4000 hp, 412 mana
153: 119.5 dps, 4000 hp, 412 mana
154: 118.8 dps, 4000 hp, 412 mana
155: naturestouch tick
155: finished casting naturestouch
155: 124.9 dps, 4000 hp, 172 mana
156: 124.1 dps, 4000 hp, 190 mana
157: 123.3 dps, 4000 hp, 190 mana
158: 122.6 dps, 4000 hp, 190 mana
159: 121.8 dps, 4000 hp, 190 mana
160: 121.0 dps, 4000 hp, 190 mana
161: 120.3 dps, 4000 hp, 190 mana
162: 119.5 dps, 4000 hp, 228 mana
163: 118.8 dps, 4000 hp, 228 mana
164: 118.1 dps, 4000 hp, 228 mana
165: 117.4 dps, 4000 hp, 228 mana
166: 116.7 dps, 4000 hp, 228 mana
167: 116.0 dps, 4000 hp, 228 mana
168: 115.3 dps, 4000 hp, 266 mana
169: 114.6 dps, 4000 hp, 266 mana
170: 113.9 dps, 4000 hp, 266 mana
171: 113.2 dps, 4000 hp, 266 mana
172: 112.6 dps, 4000 hp, 266 mana
173: 111.9 dps, 4000 hp, 266 mana
174: 111.3 dps, 4000 hp, 304 mana
175: 110.7 dps, 4000 hp, 304 mana
176: 110.0 dps, 4000 hp, 304 mana
177: 109.4 dps, 4000 hp, 304 mana
178: 108.8 dps, 4000 hp, 304 mana
179: 108.2 dps, 4000 hp, 304 mana
180: 107.6 dps, 4000 hp, 342 mana
181: 107.0 dps, 4000 hp, 342 mana
182: 106.4 dps, 4000 hp, 342 mana
183: 105.8 dps, 4000 hp, 342 mana
184: 105.2 dps, 4000 hp, 342 mana
185: 104.7 dps, 4000 hp, 342 mana
186: 104.1 dps, 4000 hp, 380 mana
187: 103.6 dps, 4000 hp, 380 mana
188: 103.0 dps, 4000 hp, 380 mana
189: 102.5 dps, 4000 hp, 380 mana
190: 101.9 dps, 4000 hp, 380 mana
191: 101.4 dps, 4000 hp, 380 mana
192: startcast naturestouch
192: 100.9 dps, 4000 hp, 418 mana
193: 100.3 dps, 4000 hp, 418 mana
194: 99.8 dps, 4000 hp, 418 mana
195: 99.3 dps, 4000 hp, 418 mana
196: 98.8 dps, 4000 hp, 418 mana
197: naturestouch tick
197: finished casting naturestouch
197: 103.8 dps, 4000 hp, 178 mana
198: 103.2 dps, 4000 hp, 196 mana
199: 102.7 dps, 4000 hp, 196 mana
200: 102.2 dps, 4000 hp, 196 mana
201: 101.7 dps, 4000 hp, 196 mana
202: 101.2 dps, 4000 hp, 196 mana
203: 100.7 dps, 4000 hp, 196 mana
204: 100.2 dps, 4000 hp, 234 mana
205: 99.7 dps, 4000 hp, 234 mana
206: 99.2 dps, 4000 hp, 234 mana
207: 98.7 dps, 4000 hp, 234 mana
208: 98.3 dps, 4000 hp, 234 mana
209: 97.8 dps, 4000 hp, 234 mana
210: 97.3 dps, 4000 hp, 272 mana
211: 96.9 dps, 4000 hp, 272 mana
212: 96.4 dps, 4000 hp, 272 mana
213: 96.0 dps, 4000 hp, 272 mana
214: 95.5 dps, 4000 hp, 272 mana
215: 95.1 dps, 4000 hp, 272 mana
216: 94.6 dps, 4000 hp, 310 mana
217: 94.2 dps, 4000 hp, 310 mana
218: 93.8 dps, 4000 hp, 310 mana
219: 93.3 dps, 4000 hp, 310 mana
220: 92.9 dps, 4000 hp, 310 mana
221: 92.5 dps, 4000 hp, 310 mana
222: 92.1 dps, 4000 hp, 348 mana
223: 91.7 dps, 4000 hp, 348 mana
224: 91.3 dps, 4000 hp, 348 mana
225: 90.8 dps, 4000 hp, 348 mana
226: 90.4 dps, 4000 hp, 348 mana
227: 90.0 dps, 4000 hp, 348 mana
228: 89.6 dps, 4000 hp, 386 mana
229: 89.3 dps, 4000 hp, 386 mana
230: 88.9 dps, 4000 hp, 386 mana
231: 88.5 dps, 4000 hp, 386 mana
232: 88.1 dps, 4000 hp, 386 mana
233: 87.7 dps, 4000 hp, 386 mana
234: startcast naturestouch
234: 87.4 dps, 4000 hp, 424 mana
235: 87.0 dps, 4000 hp, 424 mana
236: 86.6 dps, 4000 hp, 424 mana
237: 86.2 dps, 4000 hp, 424 mana
238: 85.9 dps, 4000 hp, 424 mana
239: naturestouch tick
239: finished casting naturestouch
239: 90.0 dps, 4000 hp, 184 mana
240: 89.6 dps, 4000 hp, 202 mana
241: 89.3 dps, 4000 hp, 202 mana
242: 88.9 dps, 4000 hp, 202 mana
243: 88.5 dps, 4000 hp, 202 mana
244: 88.2 dps, 4000 hp, 202 mana
245: 87.8 dps, 4000 hp, 202 mana
246: 87.5 dps, 4000 hp, 240 mana
247: 87.1 dps, 4000 hp, 240 mana
248: 86.8 dps, 4000 hp, 240 mana
249: 86.4 dps, 4000 hp, 240 mana
250: 86.1 dps, 4000 hp, 240 mana
251: 85.7 dps, 4000 hp, 240 mana
252: 85.4 dps, 4000 hp, 278 mana
253: 85.0 dps, 4000 hp, 278 mana
254: 84.7 dps, 4000 hp, 278 mana
255: 84.4 dps, 4000 hp, 278 mana
256: 84.0 dps, 4000 hp, 278 mana
257: 83.7 dps, 4000 hp, 278 mana
258: 83.4 dps, 4000 hp, 316 mana
259: 83.1 dps, 4000 hp, 316 mana
260: 82.8 dps, 4000 hp, 316 mana
261: 82.4 dps, 4000 hp, 316 mana
262: 82.1 dps, 4000 hp, 316 mana
263: 81.8 dps, 4000 hp, 316 mana
264: 81.5 dps, 4000 hp, 354 mana
265: 81.2 dps, 4000 hp, 354 mana
266: 80.9 dps, 4000 hp, 354 mana
267: 80.6 dps, 4000 hp, 354 mana
268: 80.3 dps, 4000 hp, 354 mana
269: 80.0 dps, 4000 hp, 354 mana
270: 79.7 dps, 4000 hp, 392 mana
271: 79.4 dps, 4000 hp, 392 mana
272: 79.1 dps, 4000 hp, 392 mana
273: 78.8 dps, 4000 hp, 392 mana
274: 78.5 dps, 4000 hp, 392 mana
275: 78.2 dps, 4000 hp, 392 mana
276: startcast naturestouch
276: 78.0 dps, 4000 hp, 430 mana
277: 77.7 dps, 4000 hp, 430 mana
278: 77.4 dps, 4000 hp, 430 mana
279: 77.1 dps, 4000 hp, 430 mana
280: 76.8 dps, 4000 hp, 430 mana
281: naturestouch tick
281: finished casting naturestouch
281: 80.4 dps, 4000 hp, 190 mana
282: 80.1 dps, 4000 hp, 208 mana
283: 79.8 dps, 4000 hp, 208 mana
284: 79.5 dps, 4000 hp, 208 mana
285: 79.3 dps, 4000 hp, 208 mana
286: 79.0 dps, 4000 hp, 208 mana
287: 78.7 dps, 4000 hp, 208 mana
288: 78.4 dps, 4000 hp, 246 mana
289: 78.2 dps, 4000 hp, 246 mana
290: 77.9 dps, 4000 hp, 246 mana
291: 77.6 dps, 4000 hp, 246 mana
292: 77.4 dps, 4000 hp, 246 mana
293: 77.1 dps, 4000 hp, 246 mana
294: 76.8 dps, 4000 hp, 284 mana
295: 76.6 dps, 4000 hp, 284 mana
296: 76.3 dps, 4000 hp, 284 mana
297: 76.1 dps, 4000 hp, 284 mana
298: 75.8 dps, 4000 hp, 284 mana
299: 75.6 dps, 4000 hp, 284 mana
300: 75.3 dps, 4000 hp, 322 mana
301: 75.1 dps, 4000 hp, 322 mana
302: 74.8 dps, 4000 hp, 322 mana
303: 74.6 dps, 4000 hp, 322 mana
304: 74.3 dps, 4000 hp, 322 mana
305: 74.1 dps, 4000 hp, 322 mana
306: 73.8 dps, 4000 hp, 360 mana
307: 73.6 dps, 4000 hp, 360 mana
308: 73.3 dps, 4000 hp, 360 mana
309: 73.1 dps, 4000 hp, 360 mana
310: 72.9 dps, 4000 hp, 360 mana
311: 72.6 dps, 4000 hp, 360 mana
312: 72.4 dps, 4000 hp, 398 mana
313: 72.2 dps, 4000 hp, 398 mana
314: 71.9 dps, 4000 hp, 398 mana
315: 71.7 dps, 4000 hp, 398 mana
316: 71.5 dps, 4000 hp, 398 mana
317: 71.3 dps, 4000 hp, 398 mana
318: startcast naturestouch
318: 71.0 dps, 4000 hp, 436 mana
319: 70.8 dps, 4000 hp, 436 mana
320: 70.6 dps, 4000 hp, 436 mana
321: 70.4 dps, 4000 hp, 436 mana
322: 70.2 dps, 4000 hp, 436 mana
323: naturestouch tick
323: finished casting naturestouch
323: 73.3 dps, 4000 hp, 196 mana
324: 73.0 dps, 4000 hp, 214 mana
325: 72.8 dps, 4000 hp, 214 mana
326: 72.6 dps, 4000 hp, 214 mana
327: 72.4 dps, 4000 hp, 214 mana
328: 72.2 dps, 4000 hp, 214 mana
329: 71.9 dps, 4000 hp, 214 mana
330: 71.7 dps, 4000 hp, 252 mana
331: 71.5 dps, 4000 hp, 252 mana
332: 71.3 dps, 4000 hp, 252 mana
333: 71.1 dps, 4000 hp, 252 mana
334: 70.9 dps, 4000 hp, 252 mana
335: 70.6 dps, 4000 hp, 252 mana
336: 70.4 dps, 4000 hp, 290 mana
337: 70.2 dps, 4000 hp, 290 mana
338: 70.0 dps, 4000 hp, 290 mana
339: 69.8 dps, 4000 hp, 290 mana
340: 69.6 dps, 4000 hp, 290 mana
341: 69.4 dps, 4000 hp, 290 mana
342: 69.2 dps, 4000 hp, 328 mana
343: 69.0 dps, 4000 hp, 328 mana
344: 68.8 dps, 4000 hp, 328 mana
345: 68.6 dps, 4000 hp, 328 mana
346: 68.4 dps, 4000 hp, 328 mana
347: 68.2 dps, 4000 hp, 328 mana
348: 68.0 dps, 4000 hp, 366 mana
349: 67.8 dps, 4000 hp, 366 mana
350: 67.6 dps, 4000 hp, 366 mana
351: 67.4 dps, 4000 hp, 366 mana
352: 67.2 dps, 4000 hp, 366 mana
353: 67.0 dps, 4000 hp, 366 mana
354: startcast naturestouch
354: 66.9 dps, 4000 hp, 404 mana
355: 66.7 dps, 4000 hp, 404 mana
356: 66.5 dps, 4000 hp, 404 mana
357: 66.3 dps, 4000 hp, 404 mana
358: 66.1 dps, 4000 hp, 404 mana
359: naturestouch tick
359: finished casting naturestouch
359: 68.9 dps, 4000 hp, 164 mana
360: 68.7 dps, 4000 hp, 182 mana
361: 68.5 dps, 4000 hp, 182 mana
362: 68.4 dps, 4000 hp, 182 mana
363: 68.2 dps, 4000 hp, 182 mana
364: 68.0 dps, 4000 hp, 182 mana
365: 67.8 dps, 4000 hp, 182 mana
366: 67.6 dps, 4000 hp, 220 mana
367: 67.4 dps, 4000 hp, 220 mana
368: 67.2 dps, 4000 hp, 220 mana
369: 67.1 dps, 4000 hp, 220 mana
370: 66.9 dps, 4000 hp, 220 mana
371: 66.7 dps, 4000 hp, 220 mana
372: 66.5 dps, 4000 hp, 258 mana
373: 66.3 dps, 4000 hp, 258 mana
374: 66.2 dps, 4000 hp, 258 mana
375: 66.0 dps, 4000 hp, 258 mana
376: 65.8 dps, 4000 hp, 258 mana
377: 65.6 dps, 4000 hp, 258 mana
378: 65.5 dps, 4000 hp, 296 mana
379: 65.3 dps, 4000 hp, 296 mana
380: 65.1 dps, 4000 hp, 296 mana
381: 64.9 dps, 4000 hp, 296 mana
382: 64.8 dps, 4000 hp, 296 mana
383: 64.6 dps, 4000 hp, 296 mana
384: 64.4 dps, 4000 hp, 334 mana
385: 64.3 dps, 4000 hp, 334 mana
386: 64.1 dps, 4000 hp, 334 mana
387: 63.9 dps, 4000 hp, 334 mana
388: 63.8 dps, 4000 hp, 334 mana
389: 63.6 dps, 4000 hp, 334 mana
390: 63.4 dps, 4000 hp, 372 mana
391: 63.3 dps, 4000 hp, 372 mana
392: 63.1 dps, 4000 hp, 372 mana
393: 63.0 dps, 4000 hp, 372 mana
394: 62.8 dps, 4000 hp, 372 mana
395: 62.6 dps, 4000 hp, 372 mana
396: startcast naturestouch
396: 62.5 dps, 4000 hp, 410 mana
397: 62.3 dps, 4000 hp, 410 mana
398: 62.2 dps, 4000 hp, 410 mana
399: 62.0 dps, 4000 hp, 410 mana
400: 61.9 dps, 4000 hp, 410 mana
401: naturestouch tick
401: finished casting naturestouch
401: 64.4 dps, 4000 hp, 170 mana
402: 64.2 dps, 4000 hp, 188 mana
403: 64.1 dps, 4000 hp, 188 mana
404: 63.9 dps, 4000 hp, 188 mana
405: 63.8 dps, 4000 hp, 188 mana
406: 63.6 dps, 4000 hp, 188 mana
407: 63.4 dps, 4000 hp, 188 mana
408: 63.3 dps, 4000 hp, 226 mana
409: 63.1 dps, 4000 hp, 226 mana
410: 63.0 dps, 4000 hp, 226 mana
411: 62.8 dps, 4000 hp, 226 mana
412: 62.7 dps, 4000 hp, 226 mana
413: 62.5 dps, 4000 hp, 226 mana
414: 62.4 dps, 4000 hp, 264 mana
415: 62.2 dps, 4000 hp, 264 mana
416: 62.1 dps, 4000 hp, 264 mana
417: 61.9 dps, 4000 hp, 264 mana
418: 61.8 dps, 4000 hp, 264 mana
419: 61.6 dps, 4000 hp, 264 mana
420: 61.5 dps, 4000 hp, 302 mana
421: 61.3 dps, 4000 hp, 302 mana
422: 61.2 dps, 4000 hp, 302 mana
423: 61.0 dps, 4000 hp, 302 mana
424: 60.9 dps, 4000 hp, 302 mana
425: 60.8 dps, 4000 hp, 302 mana
426: 60.6 dps, 4000 hp, 340 mana
427: 60.5 dps, 4000 hp, 340 mana
428: 60.3 dps, 4000 hp, 340 mana
429: 60.2 dps, 4000 hp, 340 mana
430: 60.0 dps, 4000 hp, 340 mana
431: 59.9 dps, 4000 hp, 340 mana
432: 59.8 dps, 4000 hp, 378 mana
433: 59.6 dps, 4000 hp, 378 mana
434: 59.5 dps, 4000 hp, 378 mana
435: 59.4 dps, 4000 hp, 378 mana
436: 59.2 dps, 4000 hp, 378 mana
437: 59.1 dps, 4000 hp, 378 mana
438: startcast naturestouch
438: 58.9 dps, 4000 hp, 416 mana
439: 58.8 dps, 4000 hp, 416 mana
440: 58.7 dps, 4000 hp, 416 mana
441: 58.5 dps, 4000 hp, 416 mana
442: 58.4 dps, 4000 hp, 416 mana
443: naturestouch tick
443: finished casting naturestouch
443: 60.7 dps, 4000 hp, 176 mana
444: 60.6 dps, 4000 hp, 194 mana
445: 60.4 dps, 4000 hp, 194 mana
446: 60.3 dps, 4000 hp, 194 mana
447: 60.2 dps, 4000 hp, 194 mana
448: 60.0 dps, 4000 hp, 194 mana
449: 59.9 dps, 4000 hp, 194 mana
450: 59.8 dps, 4000 hp, 232 mana
451: 59.6 dps, 4000 hp, 232 mana
452: 59.5 dps, 4000 hp, 232 mana
453: 59.4 dps, 4000 hp, 232 mana
454: 59.2 dps, 4000 hp, 232 mana
455: 59.1 dps, 4000 hp, 232 mana
456: 59.0 dps, 4000 hp, 270 mana
457: 58.9 dps, 4000 hp, 270 mana
458: 58.7 dps, 4000 hp, 270 mana
459: 58.6 dps, 4000 hp, 270 mana
460: 58.5 dps, 4000 hp, 270 mana
461: 58.3 dps, 4000 hp, 270 mana
462: 58.2 dps, 4000 hp, 308 mana
463: 58.1 dps, 4000 hp, 308 mana
464: 58.0 dps, 4000 hp, 308 mana
465: 57.8 dps, 4000 hp, 308 mana
466: 57.7 dps, 4000 hp, 308 mana
467: 57.6 dps, 4000 hp, 308 mana
468: 57.5 dps, 4000 hp, 346 mana
469: 57.3 dps, 4000 hp, 346 mana
470: 57.2 dps, 4000 hp, 346 mana
471: 57.1 dps, 4000 hp, 346 mana
472: 57.0 dps, 4000 hp, 346 mana
473: 56.9 dps, 4000 hp, 346 mana
474: 56.7 dps, 4000 hp, 384 mana
475: 56.6 dps, 4000 hp, 384 mana
476: 56.5 dps, 4000 hp, 384 mana
477: 56.4 dps, 4000 hp, 384 mana
478: 56.3 dps, 4000 hp, 384 mana
479: 56.1 dps, 4000 hp, 384 mana
480: startcast naturestouch
480: 56.0 dps, 4000 hp, 422 mana
481: 55.9 dps, 4000 hp, 422 mana
482: 55.8 dps, 4000 hp, 422 mana
483: 55.7 dps, 4000 hp, 422 mana
484: 55.6 dps, 4000 hp, 422 mana
485: naturestouch tick
485: finished casting naturestouch
485: 57.7 dps, 4000 hp, 182 mana
486: 57.6 dps, 4000 hp, 200 mana
487: 57.4 dps, 4000 hp, 200 mana
488: 57.3 dps, 4000 hp, 200 mana
489: 57.2 dps, 4000 hp, 200 mana
490: 57.1 dps, 4000 hp, 200 mana
491: 57.0 dps, 4000 hp, 200 mana
492: 56.9 dps, 4000 hp, 238 mana
493: 56.7 dps, 4000 hp, 238 mana
494: 56.6 dps, 4000 hp, 238 mana
495: 56.5 dps, 4000 hp, 238 mana
496: 56.4 dps, 4000 hp, 238 mana
497: 56.3 dps, 4000 hp, 238 mana
498: 56.2 dps, 4000 hp, 276 mana
499: 56.1 dps, 4000 hp, 276 mana
500: 55.9 dps, 4000 hp, 276 mana
501: 55.8 dps, 4000 hp, 276 mana
502: 55.7 dps, 4000 hp, 276 mana
503: 55.6 dps, 4000 hp, 276 mana
504: 55.5 dps, 4000 hp, 314 mana
505: 55.4 dps, 4000 hp, 314 mana
506: 55.3 dps, 4000 hp, 314 mana
507: 55.2 dps, 4000 hp, 314 mana
508: 55.1 dps, 4000 hp, 314 mana
509: 55.0 dps, 4000 hp, 314 mana
510: 54.8 dps, 4000 hp, 352 mana
511: 54.7 dps, 4000 hp, 352 mana
512: 54.6 dps, 4000 hp, 352 mana
513: 54.5 dps, 4000 hp, 352 mana
514: 54.4 dps, 4000 hp, 352 mana
515: 54.3 dps, 4000 hp, 352 mana
516: 54.2 dps, 4000 hp, 390 mana
517: 54.1 dps, 4000 hp, 390 mana
518: 54.0 dps, 4000 hp, 390 mana
519: 53.9 dps, 4000 hp, 390 mana
520: 53.8 dps, 4000 hp, 390 mana
521: 53.7 dps, 4000 hp, 390 mana
522: startcast naturestouch
522: 53.6 dps, 4000 hp, 428 mana
523: 53.5 dps, 4000 hp, 428 mana
524: 53.4 dps, 4000 hp, 428 mana
525: 53.3 dps, 4000 hp, 428 mana
526: 53.2 dps, 4000 hp, 428 mana
527: naturestouch tick
527: finished casting naturestouch
527: 55.1 dps, 4000 hp, 188 mana
528: 55.0 dps, 4000 hp, 206 mana
529: 54.9 dps, 4000 hp, 206 mana
530: 54.8 dps, 4000 hp, 206 mana
531: 54.7 dps, 4000 hp, 206 mana
532: 54.6 dps, 4000 hp, 206 mana
533: 54.5 dps, 4000 hp, 206 mana
534: 54.4 dps, 4000 hp, 244 mana
535: 54.3 dps, 4000 hp, 244 mana
536: 54.2 dps, 4000 hp, 244 mana
537: 54.1 dps, 4000 hp, 244 mana
538: 54.0 dps, 4000 hp, 244 mana
539: 53.9 dps, 4000 hp, 244 mana
540: 53.8 dps, 4000 hp, 282 mana
541: 53.7 dps, 4000 hp, 282 mana
542: 53.6 dps, 4000 hp, 282 mana
543: 53.5 dps, 4000 hp, 282 mana
544: 53.4 dps, 4000 hp, 282 mana
545: 53.3 dps, 4000 hp, 282 mana
546: 53.2 dps, 4000 hp, 320 mana
547: 53.1 dps, 4000 hp, 320 mana
548: 53.0 dps, 4000 hp, 320 mana
549: 52.9 dps, 4000 hp, 320 mana
550: 52.8 dps, 4000 hp, 320 mana
551: 52.7 dps, 4000 hp, 320 mana
552: 52.6 dps, 4000 hp, 358 mana
553: 52.5 dps, 4000 hp, 358 mana
554: 52.4 dps, 4000 hp, 358 mana
555: 52.3 dps, 4000 hp, 358 mana
556: 52.2 dps, 4000 hp, 358 mana
557: 52.1 dps, 4000 hp, 358 mana
558: 52.1 dps, 4000 hp, 396 mana
559: 52.0 dps, 4000 hp, 396 mana
560: 51.9 dps, 4000 hp, 396 mana
561: 51.8 dps, 4000 hp, 396 mana
562: 51.7 dps, 4000 hp, 396 mana
563: 51.6 dps, 4000 hp, 396 mana
564: startcast naturestouch
564: 51.5 dps, 4000 hp, 434 mana
565: 51.4 dps, 4000 hp, 434 mana
566: 51.3 dps, 4000 hp, 434 mana
567: 51.2 dps, 4000 hp, 434 mana
568: 51.1 dps, 4000 hp, 434 mana
569: naturestouch tick
569: finished casting naturestouch
569: 52.9 dps, 4000 hp, 194 mana
570: 52.8 dps, 4000 hp, 212 mana
571: 52.8 dps, 4000 hp, 212 mana
572: 52.7 dps, 4000 hp, 212 mana
573: 52.6 dps, 4000 hp, 212 mana
574: 52.5 dps, 4000 hp, 212 mana
575: 52.4 dps, 4000 hp, 212 mana
576: 52.3 dps, 4000 hp, 250 mana
577: 52.2 dps, 4000 hp, 250 mana
578: 52.1 dps, 4000 hp, 250 mana
579: 52.0 dps, 4000 hp, 250 mana
580: 51.9 dps, 4000 hp, 250 mana
581: 51.8 dps, 4000 hp, 250 mana
582: 51.8 dps, 4000 hp, 288 mana
583: 51.7 dps, 4000 hp, 288 mana
584: 51.6 dps, 4000 hp, 288 mana
585: 51.5 dps, 4000 hp, 288 mana
586: 51.4 dps, 4000 hp, 288 mana
587: 51.3 dps, 4000 hp, 288 mana
588: 51.2 dps, 4000 hp, 326 mana
589: 51.1 dps, 4000 hp, 326 mana
590: 51.1 dps, 4000 hp, 326 mana
591: 51.0 dps, 4000 hp, 326 mana
592: 50.9 dps, 4000 hp, 326 mana
593: 50.8 dps, 4000 hp, 326 mana
594: 50.7 dps, 4000 hp, 364 mana
595: 50.6 dps, 4000 hp, 364 mana
596: 50.5 dps, 4000 hp, 364 mana
597: 50.5 dps, 4000 hp, 364 mana
598: 50.4 dps, 4000 hp, 364 mana
599: 50.3 dps, 4000 hp, 364 mana
600: startcast naturestouch
600: 50.2 dps, 4000 hp, 402 mana
601: 50.1 dps, 4000 hp, 402 mana
602: 50.0 dps, 4000 hp, 402 mana
603: 50.0 dps, 4000 hp, 402 mana
604: 49.9 dps, 4000 hp, 402 mana
605: naturestouch tick
605: finished casting naturestouch
605: 51.6 dps, 4000 hp, 162 mana
606: 51.5 dps, 4000 hp, 180 mana
607: 51.4 dps, 4000 hp, 180 mana
608: 51.3 dps, 4000 hp, 180 mana
609: 51.2 dps, 4000 hp, 180 mana
610: 51.1 dps, 4000 hp, 180 mana
611: 51.1 dps, 4000 hp, 180 mana
612: 51.0 dps, 4000 hp, 218 mana
613: 50.9 dps, 4000 hp, 218 mana
614: 50.8 dps, 4000 hp, 218 mana
615: 50.7 dps, 4000 hp, 218 mana
616: 50.6 dps, 4000 hp, 218 mana
617: 50.6 dps, 4000 hp, 218 mana
618: 50.5 dps, 4000 hp, 256 mana
619: 50.4 dps, 4000 hp, 256 mana
620: 50.3 dps, 4000 hp, 256 mana
621: 50.2 dps, 4000 hp, 256 mana
622: 50.2 dps, 4000 hp, 256 mana
623: 50.1 dps, 4000 hp, 256 mana
624: 50.0 dps, 4000 hp, 294 mana
625: 49.9 dps, 4000 hp, 294 mana
626: 49.8 dps, 4000 hp, 294 mana
627: 49.8 dps, 4000 hp, 294 mana
628: 49.7 dps, 4000 hp, 294 mana
629: 49.6 dps, 4000 hp, 294 mana
630: 49.5 dps, 4000 hp, 332 mana
631: 49.4 dps, 4000 hp, 332 mana
632: 49.4 dps, 4000 hp, 332 mana
633: 49.3 dps, 4000 hp, 332 mana
634: 49.2 dps, 4000 hp, 332 mana
635: 49.1 dps, 4000 hp, 332 mana
636: 49.1 dps, 4000 hp, 370 mana
637: 49.0 dps, 4000 hp, 370 mana
638: 48.9 dps, 4000 hp, 370 mana
639: 48.8 dps, 4000 hp, 370 mana
640: 48.7 dps, 4000 hp, 370 mana
641: 48.7 dps, 4000 hp, 370 mana
642: startcast naturestouch
642: 48.6 dps, 4000 hp, 408 mana
643: 48.5 dps, 4000 hp, 408 mana
644: 48.4 dps, 4000 hp, 408 mana
645: 48.4 dps, 4000 hp, 408 mana
646: 48.3 dps, 4000 hp, 408 mana
647: naturestouch tick
647: finished casting naturestouch
647: 49.9 dps, 4000 hp, 168 mana
648: 49.8 dps, 4000 hp, 186 mana
649: 49.7 dps, 4000 hp, 186 mana
650: 49.7 dps, 4000 hp, 186 mana
651: 49.6 dps, 4000 hp, 186 mana
652: 49.5 dps, 4000 hp, 186 mana
653: 49.4 dps, 4000 hp, 186 mana
654: 49.3 dps, 4000 hp, 224 mana
655: 49.3 dps, 4000 hp, 224 mana
656: 49.2 dps, 4000 hp, 224 mana
657: 49.1 dps, 4000 hp, 224 mana
658: 49.0 dps, 4000 hp, 224 mana
659: 49.0 dps, 4000 hp, 224 mana
660: 48.9 dps, 4000 hp, 262 mana
661: 48.8 dps, 4000 hp, 262 mana
662: 48.8 dps, 4000 hp, 262 mana
663: 48.7 dps, 4000 hp, 262 mana
664: 48.6 dps, 4000 hp, 262 mana
665: 48.5 dps, 4000 hp, 262 mana
666: 48.5 dps, 4000 hp, 300 mana
667: 48.4 dps, 4000 hp, 300 mana
668: 48.3 dps, 4000 hp, 300 mana
669: 48.2 dps, 4000 hp, 300 mana
670: 48.2 dps, 4000 hp, 300 mana
671: 48.1 dps, 4000 hp, 300 mana
672: 48.0 dps, 4000 hp, 338 mana
673: 48.0 dps, 4000 hp, 338 mana
674: 47.9 dps, 4000 hp, 338 mana
675: 47.8 dps, 4000 hp, 338 mana
676: 47.7 dps, 4000 hp, 338 mana
677: 47.7 dps, 4000 hp, 338 mana
678: 47.6 dps, 4000 hp, 376 mana
679: 47.5 dps, 4000 hp, 376 mana
680: 47.5 dps, 4000 hp, 376 mana
681: 47.4 dps, 4000 hp, 376 mana
682: 47.3 dps, 4000 hp, 376 mana
683: 47.3 dps, 4000 hp, 376 mana
684: startcast naturestouch
684: 47.2 dps, 4000 hp, 414 mana
685: 47.1 dps, 4000 hp, 414 mana
686: 47.0 dps, 4000 hp, 414 mana
687: 47.0 dps, 4000 hp, 414 mana
688: 46.9 dps, 4000 hp, 414 mana
689: naturestouch tick
689: finished casting naturestouch
689: 48.4 dps, 4000 hp, 174 mana
690: 48.3 dps, 4000 hp, 192 mana
691: 48.3 dps, 4000 hp, 192 mana
692: 48.2 dps, 4000 hp, 192 mana
693: 48.1 dps, 4000 hp, 192 mana
694: 48.1 dps, 4000 hp, 192 mana
695: 48.0 dps, 4000 hp, 192 mana
696: 47.9 dps, 4000 hp, 230 mana
697: 47.8 dps, 4000 hp, 230 mana
698: 47.8 dps, 4000 hp, 230 mana
699: 47.7 dps, 4000 hp, 230 mana
700: 47.6 dps, 4000 hp, 230 mana
701: 47.6 dps, 4000 hp, 230 mana
702: 47.5 dps, 4000 hp, 268 mana
703: 47.4 dps, 4000 hp, 268 mana
704: 47.4 dps, 4000 hp, 268 mana
705: 47.3 dps, 4000 hp, 268 mana
706: 47.2 dps, 4000 hp, 268 mana
707: 47.2 dps, 4000 hp, 268 mana
708: 47.1 dps, 4000 hp, 306 mana
709: 47.0 dps, 4000 hp, 306 mana
710: 47.0 dps, 4000 hp, 306 mana
711: 46.9 dps, 4000 hp, 306 mana
712: 46.8 dps, 4000 hp, 306 mana
713: 46.8 dps, 4000 hp, 306 mana
714: 46.7 dps, 4000 hp, 344 mana
715: 46.6 dps, 4000 hp, 344 mana
716: 46.6 dps, 4000 hp, 344 mana
717: 46.5 dps, 4000 hp, 344 mana
718: 46.4 dps, 4000 hp, 344 mana
719: 46.4 dps, 4000 hp, 344 mana
720: 46.3 dps, 4000 hp, 382 mana
721: 46.3 dps, 4000 hp, 382 mana
722: 46.2 dps, 4000 hp, 382 mana
723: 46.1 dps, 4000 hp, 382 mana
724: 46.1 dps, 4000 hp, 382 mana
725: 46.0 dps, 4000 hp, 382 mana
726: startcast naturestouch
726: 45.9 dps, 4000 hp, 420 mana
727: 45.9 dps, 4000 hp, 420 mana
728: 45.8 dps, 4000 hp, 420 mana
729: 45.7 dps, 4000 hp, 420 mana
730: 45.7 dps, 4000 hp, 420 mana
731: naturestouch tick
731: finished casting naturestouch
731: 47.1 dps, 4000 hp, 180 mana
732: 47.0 dps, 4000 hp, 198 mana
733: 47.0 dps, 4000 hp, 198 mana
734: 46.9 dps, 4000 hp, 198 mana
735: 46.8 dps, 4000 hp, 198 mana
736: 46.8 dps, 4000 hp, 198 mana
737: 46.7 dps, 4000 hp, 198 mana
738: 46.6 dps, 4000 hp, 236 mana
739: 46.6 dps, 4000 hp, 236 mana
740: 46.5 dps, 4000 hp, 236 mana
741: 46.5 dps, 4000 hp, 236 mana
742: 46.4 dps, 4000 hp, 236 mana
743: 46.3 dps, 4000 hp, 236 mana
744: 46.3 dps, 4000 hp, 274 mana
745: 46.2 dps, 4000 hp, 274 mana
746: 46.1 dps, 4000 hp, 274 mana
747: 46.1 dps, 4000 hp, 274 mana
748: 46.0 dps, 4000 hp, 274 mana
749: 46.0 dps, 4000 hp, 274 mana
750: 45.9 dps, 4000 hp, 312 mana
751: 45.8 dps, 4000 hp, 312 mana
752: 45.8 dps, 4000 hp, 312 mana
753: 45.7 dps, 4000 hp, 312 mana
754: 45.7 dps, 4000 hp, 312 mana
755: 45.6 dps, 4000 hp, 312 mana
756: 45.5 dps, 4000 hp, 350 mana
757: 45.5 dps, 4000 hp, 350 mana
758: 45.4 dps, 4000 hp, 350 mana
759: 45.4 dps, 4000 hp, 350 mana
760: 45.3 dps, 4000 hp, 350 mana
761: 45.2 dps, 4000 hp, 350 mana
762: 45.2 dps, 4000 hp, 388 mana
763: 45.1 dps, 4000 hp, 388 mana
764: 45.1 dps, 4000 hp, 388 mana
765: 45.0 dps, 4000 hp, 388 mana
766: 44.9 dps, 4000 hp, 388 mana
767: 44.9 dps, 4000 hp, 388 mana
768: startcast naturestouch
768: 44.8 dps, 4000 hp, 426 mana
769: 44.8 dps, 4000 hp, 426 mana
770: 44.7 dps, 4000 hp, 426 mana
771: 44.7 dps, 4000 hp, 426 mana
772: 44.6 dps, 4000 hp, 426 mana
773: naturestouch tick
773: finished casting naturestouch
773: 45.9 dps, 4000 hp, 186 mana
774: 45.9 dps, 4000 hp, 204 mana
775: 45.8 dps, 4000 hp, 204 mana
776: 45.7 dps, 4000 hp, 204 mana
777: 45.7 dps, 4000 hp, 204 mana
778: 45.6 dps, 4000 hp, 204 mana
779: 45.6 dps, 4000 hp, 204 mana
780: 45.5 dps, 4000 hp, 242 mana
781: 45.5 dps, 4000 hp, 242 mana
782: 45.4 dps, 4000 hp, 242 mana
783: 45.3 dps, 4000 hp, 242 mana
784: 45.3 dps, 4000 hp, 242 mana
785: 45.2 dps, 4000 hp, 242 mana
786: 45.2 dps, 4000 hp, 280 mana
787: 45.1 dps, 4000 hp, 280 mana
788: 45.1 dps, 4000 hp, 280 mana
789: 45.0 dps, 4000 hp, 280 mana
790: 44.9 dps, 4000 hp, 280 mana
791: 44.9 dps, 4000 hp, 280 mana
792: 44.8 dps, 4000 hp, 318 mana
793: 44.8 dps, 4000 hp, 318 mana
794: 44.7 dps, 4000 hp, 318 mana
795: 44.7 dps, 4000 hp, 318 mana
796: 44.6 dps, 4000 hp, 318 mana
797: 44.5 dps, 4000 hp, 318 mana
798: 44.5 dps, 4000 hp, 356 mana
799: 44.4 dps, 4000 hp, 356 mana
800: 44.4 dps, 4000 hp, 356 mana
801: 44.3 dps, 4000 hp, 356 mana
802: 44.3 dps, 4000 hp, 356 mana
803: 44.2 dps, 4000 hp, 356 mana
804: 44.2 dps, 4000 hp, 394 mana
805: 44.1 dps, 4000 hp, 394 mana
806: 44.0 dps, 4000 hp, 394 mana
807: 44.0 dps, 4000 hp, 394 mana
808: 43.9 dps, 4000 hp, 394 mana
809: 43.9 dps, 4000 hp, 394 mana
810: startcast naturestouch
810: 43.8 dps, 4000 hp, 432 mana
811: 43.8 dps, 4000 hp, 432 mana
812: 43.7 dps, 4000 hp, 432 mana
813: 43.7 dps, 4000 hp, 432 mana
814: 43.6 dps, 4000 hp, 432 mana
815: naturestouch tick
815: finished casting naturestouch
815: 44.9 dps, 4000 hp, 192 mana
816: 44.8 dps, 4000 hp, 210 mana
817: 44.8 dps, 4000 hp, 210 mana
818: 44.7 dps, 4000 hp, 210 mana
819: 44.7 dps, 4000 hp, 210 mana
820: 44.6 dps, 4000 hp, 210 mana
821: 44.6 dps, 4000 hp, 210 mana
822: 44.5 dps, 4000 hp, 248 mana
823: 44.4 dps, 4000 hp, 248 mana
824: 44.4 dps, 4000 hp, 248 mana
825: 44.3 dps, 4000 hp, 248 mana
826: 44.3 dps, 4000 hp, 248 mana
827: 44.2 dps, 4000 hp, 248 mana
828: 44.2 dps, 4000 hp, 286 mana
829: 44.1 dps, 4000 hp, 286 mana
830: 44.1 dps, 4000 hp, 286 mana
831: 44.0 dps, 4000 hp, 286 mana
832: 44.0 dps, 4000 hp, 286 mana
833: 43.9 dps, 4000 hp, 286 mana
834: 43.9 dps, 4000 hp, 324 mana
835: 43.8 dps, 4000 hp, 324 mana
836: 43.8 dps, 4000 hp, 324 mana
837: 43.7 dps, 4000 hp, 324 mana
838: 43.6 dps, 4000 hp, 324 mana
839: 43.6 dps, 4000 hp, 324 mana
840: 43.5 dps, 4000 hp, 362 mana
841: 43.5 dps, 4000 hp, 362 mana
842: 43.4 dps, 4000 hp, 362 mana
843: 43.4 dps, 4000 hp, 362 mana
844: 43.3 dps, 4000 hp, 362 mana
845: 43.3 dps, 4000 hp, 362 mana
846: startcast naturestouch
846: 43.2 dps, 4000 hp, 400 mana
847: 43.2 dps, 4000 hp, 400 mana
848: 43.1 dps, 4000 hp, 400 mana
849: 43.1 dps, 4000 hp, 400 mana
850: 43.0 dps, 4000 hp, 400 mana
851: naturestouch tick
851: finished casting naturestouch
851: 44.2 dps, 4000 hp, 160 mana
852: 44.2 dps, 4000 hp, 178 mana
853: 44.1 dps, 4000 hp, 178 mana
854: 44.1 dps, 4000 hp, 178 mana
855: 44.0 dps, 4000 hp, 178 mana
856: 44.0 dps, 4000 hp, 178 mana
857: 43.9 dps, 4000 hp, 178 mana
858: 43.9 dps, 4000 hp, 216 mana
859: 43.8 dps, 4000 hp, 216 mana
860: 43.8 dps, 4000 hp, 216 mana
861: 43.7 dps, 4000 hp, 216 mana
862: 43.7 dps, 4000 hp, 216 mana
863: 43.6 dps, 4000 hp, 216 mana
864: 43.6 dps, 4000 hp, 254 mana
865: 43.5 dps, 4000 hp, 254 mana
866: 43.5 dps, 4000 hp, 254 mana
867: 43.4 dps, 4000 hp, 254 mana
868: 43.4 dps, 4000 hp, 254 mana
869: 43.3 dps, 4000 hp, 254 mana
870: 43.3 dps, 4000 hp, 292 mana
871: 43.2 dps, 4000 hp, 292 mana
872: 43.2 dps, 4000 hp, 292 mana
873: 43.1 dps, 4000 hp, 292 mana
874: 43.1 dps, 4000 hp, 292 mana
875: 43.0 dps, 4000 hp, 292 mana
876: 43.0 dps, 4000 hp, 330 mana
877: 42.9 dps, 4000 hp, 330 mana
878: 42.9 dps, 4000 hp, 330 mana
879: 42.8 dps, 4000 hp, 330 mana
880: 42.8 dps, 4000 hp, 330 mana
881: 42.7 dps, 4000 hp, 330 mana
882: 42.7 dps, 4000 hp, 368 mana
883: 42.6 dps, 4000 hp, 368 mana
884: 42.6 dps, 4000 hp, 368 mana
885: 42.5 dps, 4000 hp, 368 mana
886: 42.5 dps, 4000 hp, 368 mana
887: 42.4 dps, 4000 hp, 368 mana
888: startcast naturestouch
888: 42.4 dps, 4000 hp, 406 mana
889: 42.4 dps, 4000 hp, 406 mana
890: 42.3 dps, 4000 hp, 406 mana
891: 42.3 dps, 4000 hp, 406 mana
892: 42.2 dps, 4000 hp, 406 mana
893: naturestouch tick
893: finished casting naturestouch
893: 43.4 dps, 4000 hp, 166 mana
894: 43.3 dps, 4000 hp, 184 mana
895: 43.3 dps, 4000 hp, 184 mana
896: 43.2 dps, 4000 hp, 184 mana
897: 43.2 dps, 4000 hp, 184 mana
898: 43.1 dps, 4000 hp, 184 mana
899: 43.1 dps, 4000 hp, 184 mana
900: 43.0 dps, 4000 hp, 222 mana
901: 43.0 dps, 4000 hp, 222 mana
902: 42.9 dps, 4000 hp, 222 mana
903: 42.9 dps, 4000 hp, 222 mana
904: 42.8 dps, 4000 hp, 222 mana
905: 42.8 dps, 4000 hp, 222 mana
906: 42.7 dps, 4000 hp, 260 mana
907: 42.7 dps, 4000 hp, 260 mana
908: 42.7 dps, 4000 hp, 260 mana
909: 42.6 dps, 4000 hp, 260 mana
910: 42.6 dps, 4000 hp, 260 mana
911: 42.5 dps, 4000 hp, 260 mana
912: 42.5 dps, 4000 hp, 298 mana
913: 42.4 dps, 4000 hp, 298 mana
914: 42.4 dps, 4000 hp, 298 mana
915: 42.3 dps, 4000 hp, 298 mana
916: 42.3 dps, 4000 hp, 298 mana
917: 42.2 dps, 4000 hp, 298 mana
918: 42.2 dps, 4000 hp, 336 mana
919: 42.1 dps, 4000 hp, 336 mana
920: 42.1 dps, 4000 hp, 336 mana
921: 42.1 dps, 4000 hp, 336 mana
922: 42.0 dps, 4000 hp, 336 mana
923: 42.0 dps, 4000 hp, 336 mana
924: 41.9 dps, 4000 hp, 374 mana
925: 41.9 dps, 4000 hp, 374 mana
926: 41.8 dps, 4000 hp, 374 mana
927: 41.8 dps, 4000 hp, 374 mana
928: 41.7 dps, 4000 hp, 374 mana
929: 41.7 dps, 4000 hp, 374 mana
930: startcast naturestouch
930: 41.6 dps, 4000 hp, 412 mana
931: 41.6 dps, 4000 hp, 412 mana
932: 41.6 dps, 4000 hp, 412 mana
933: 41.5 dps, 4000 hp, 412 mana
934: 41.5 dps, 4000 hp, 412 mana
935: naturestouch tick
935: finished casting naturestouch
935: 42.6 dps, 4000 hp, 172 mana
936: 42.5 dps, 4000 hp, 190 mana
937: 42.5 dps, 4000 hp, 190 mana
938: 42.4 dps, 4000 hp, 190 mana
939: 42.4 dps, 4000 hp, 190 mana
940: 42.3 dps, 4000 hp, 190 mana
941: 42.3 dps, 4000 hp, 190 mana
942: 42.3 dps, 4000 hp, 228 mana
943: 42.2 dps, 4000 hp, 228 mana
944: 42.2 dps, 4000 hp, 228 mana
945: 42.1 dps, 4000 hp, 228 mana
946: 42.1 dps, 4000 hp, 228 mana
947: 42.0 dps, 4000 hp, 228 mana
948: 42.0 dps, 4000 hp, 266 mana
949: 41.9 dps, 4000 hp, 266 mana
950: 41.9 dps, 4000 hp, 266 mana
951: 41.9 dps, 4000 hp, 266 mana
952: 41.8 dps, 4000 hp, 266 mana
953: 41.8 dps, 4000 hp, 266 mana
954: 41.7 dps, 4000 hp, 304 mana
955: 41.7 dps, 4000 hp, 304 mana
956: 41.6 dps, 4000 hp, 304 mana
957: 41.6 dps, 4000 hp, 304 mana
958: 41.5 dps, 4000 hp, 304 mana
959: 41.5 dps, 4000 hp, 304 mana
960: 41.5 dps, 4000 hp, 342 mana
961: 41.4 dps, 4000 hp, 342 mana
962: 41.4 dps, 4000 hp, 342 mana
963: 41.3 dps, 4000 hp, 342 mana
964: 41.3 dps, 4000 hp, 342 mana
965: 41.2 dps, 4000 hp, 342 mana
966: 41.2 dps, 4000 hp, 380 mana
967: 41.2 dps, 4000 hp, 380 mana
968: 41.1 dps, 4000 hp, 380 mana
969: 41.1 dps, 4000 hp, 380 mana
970: 41.0 dps, 4000 hp, 380 mana
971: 41.0 dps, 4000 hp, 380 mana
972: startcast naturestouch
972: 41.0 dps, 4000 hp, 418 mana
973: 40.9 dps, 4000 hp, 418 mana
974: 40.9 dps, 4000 hp, 418 mana
975: 40.8 dps, 4000 hp, 418 mana
976: 40.8 dps, 4000 hp, 418 mana
977: naturestouch tick
977: finished casting naturestouch
977: 41.8 dps, 4000 hp, 178 mana
978: 41.8 dps, 4000 hp, 196 mana
979: 41.8 dps, 4000 hp, 196 mana
980: 41.7 dps, 4000 hp, 196 mana
981: 41.7 dps, 4000 hp, 196 mana
982: 41.6 dps, 4000 hp, 196 mana
983: 41.6 dps, 4000 hp, 196 mana
984: 41.5 dps, 4000 hp, 234 mana
985: 41.5 dps, 4000 hp, 234 mana
986: 41.5 dps, 4000 hp, 234 mana
987: 41.4 dps, 4000 hp, 234 mana
988: 41.4 dps, 4000 hp, 234 mana
989: 41.3 dps, 4000 hp, 234 mana
990: 41.3 dps, 4000 hp, 272 mana
991: 41.3 dps, 4000 hp, 272 mana
992: 41.2 dps, 4000 hp, 272 mana
993: 41.2 dps, 4000 hp, 272 mana
994: 41.1 dps, 4000 hp, 272 mana
995: 41.1 dps, 4000 hp, 272 mana
996: 41.0 dps, 4000 hp, 310 mana
997: 41.0 dps, 4000 hp, 310 mana
998: 41.0 dps, 4000 hp, 310 mana
999: 40.9 dps, 4000 hp, 310 mana
1000: 40.9 dps, 4000 hp, 310 mana
1001: 40.8 dps, 4000 hp, 310 mana
1002: 40.8 dps, 4000 hp, 348 mana
1003: 40.8 dps, 4000 hp, 348 mana
1004: 40.7 dps, 4000 hp, 348 mana
1005: 40.7 dps, 4000 hp, 348 mana
1006: 40.6 dps, 4000 hp, 348 mana
1007: 40.6 dps, 4000 hp, 348 mana
1008: 40.6 dps, 4000 hp, 386 mana
1009: 40.5 dps, 4000 hp, 386 mana
1010: 40.5 dps, 4000 hp, 386 mana
1011: 40.4 dps, 4000 hp, 386 mana
1012: 40.4 dps, 4000 hp, 386 mana
1013: 40.4 dps, 4000 hp, 386 mana
1014: startcast naturestouch
1014: 40.3 dps, 4000 hp, 424 mana
1015: 40.3 dps, 4000 hp, 424 mana
1016: 40.2 dps, 4000 hp, 424 mana
1017: 40.2 dps, 4000 hp, 424 mana
1018: 40.2 dps, 4000 hp, 424 mana
1019: naturestouch tick
1019: finished casting naturestouch
1019: 41.2 dps, 4000 hp, 184 mana
1020: 41.1 dps, 4000 hp, 202 mana
1021: 41.1 dps, 4000 hp, 202 mana
1022: 41.1 dps, 4000 hp, 202 mana
1023: 41.0 dps, 4000 hp, 202 mana
1024: 41.0 dps, 4000 hp, 202 mana
1025: 40.9 dps, 4000 hp, 202 mana
1026: 40.9 dps, 4000 hp, 240 mana
1027: 40.9 dps, 4000 hp, 240 mana
1028: 40.8 dps, 4000 hp, 240 mana
1029: 40.8 dps, 4000 hp, 240 mana
1030: 40.7 dps, 4000 hp, 240 mana
1031: 40.7 dps, 4000 hp, 240 mana
1032: 40.7 dps, 4000 hp, 278 mana
1033: 40.6 dps, 4000 hp, 278 mana
1034: 40.6 dps, 4000 hp, 278 mana
1035: 40.5 dps, 4000 hp, 278 mana
1036: 40.5 dps, 4000 hp, 278 mana
1037: 40.5 dps, 4000 hp, 278 mana
1038: 40.4 dps, 4000 hp, 316 mana
1039: 40.4 dps, 4000 hp, 316 mana
1040: 40.3 dps, 4000 hp, 316 mana
1041: 40.3 dps, 4000 hp, 316 mana
1042: 40.3 dps, 4000 hp, 316 mana
1043: 40.2 dps, 4000 hp, 316 mana
1044: 40.2 dps, 4000 hp, 354 mana
1045: 40.1 dps, 4000 hp, 354 mana
1046: 40.1 dps, 4000 hp, 354 mana
1047: 40.1 dps, 4000 hp, 354 mana
1048: 40.0 dps, 4000 hp, 354 mana
1049: 40.0 dps, 4000 hp, 354 mana
1050: 40.0 dps, 4000 hp, 392 mana
1051: 39.9 dps, 4000 hp, 392 mana
1052: 39.9 dps, 4000 hp, 392 mana
1053: 39.8 dps, 4000 hp, 392 mana
1054: 39.8 dps, 4000 hp, 392 mana
1055: 39.8 dps, 4000 hp, 392 mana
1056: startcast naturestouch
1056: 39.7 dps, 4000 hp, 430 mana
1057: 39.7 dps, 4000 hp, 430 mana
1058: 39.7 dps, 4000 hp, 430 mana
1059: 39.6 dps, 4000 hp, 430 mana
1060: 39.6 dps, 4000 hp, 430 mana
1061: naturestouch tick
1061: finished casting naturestouch
1061: 40.6 dps, 4000 hp, 190 mana
1062: 40.5 dps, 4000 hp, 208 mana
1063: 40.5 dps, 4000 hp, 208 mana
1064: 40.4 dps, 4000 hp, 208 mana
1065: 40.4 dps, 4000 hp, 208 mana
1066: 40.4 dps, 4000 hp, 208 mana
1067: 40.3 dps, 4000 hp, 208 mana
1068: 40.3 dps, 4000 hp, 246 mana
1069: 40.3 dps, 4000 hp, 246 mana
1070: 40.2 dps, 4000 hp, 246 mana
1071: 40.2 dps, 4000 hp, 246 mana
1072: 40.1 dps, 4000 hp, 246 mana
1073: 40.1 dps, 4000 hp, 246 mana
1074: 40.1 dps, 4000 hp, 284 mana
1075: 40.0 dps, 4000 hp, 284 mana
1076: 40.0 dps, 4000 hp, 284 mana
1077: 40.0 dps, 4000 hp, 284 mana
1078: 39.9 dps, 4000 hp, 284 mana
1079: 39.9 dps, 4000 hp, 284 mana
1080: 39.8 dps, 4000 hp, 322 mana
1081: 39.8 dps, 4000 hp, 322 mana
1082: 39.8 dps, 4000 hp, 322 mana
1083: 39.7 dps, 4000 hp, 322 mana
1084: 39.7 dps, 4000 hp, 322 mana
1085: 39.7 dps, 4000 hp, 322 mana
1086: 39.6 dps, 4000 hp, 360 mana
1087: 39.6 dps, 4000 hp, 360 mana
1088: 39.6 dps, 4000 hp, 360 mana
1089: 39.5 dps, 4000 hp, 360 mana
1090: 39.5 dps, 4000 hp, 360 mana
1091: 39.4 dps, 4000 hp, 360 mana
1092: 39.4 dps, 4000 hp, 398 mana
1093: 39.4 dps, 4000 hp, 398 mana
1094: 39.3 dps, 4000 hp, 398 mana
1095: 39.3 dps, 4000 hp, 398 mana
1096: 39.3 dps, 4000 hp, 398 mana
1097: 39.2 dps, 4000 hp, 398 mana
1098: startcast naturestouch
1098: 39.2 dps, 4000 hp, 436 mana
1099: 39.2 dps, 4000 hp, 436 mana
1100: 39.1 dps, 4000 hp, 436 mana
1101: 39.1 dps, 4000 hp, 436 mana
1102: 39.0 dps, 4000 hp, 436 mana
1103: naturestouch tick
1103: finished casting naturestouch
1103: 40.0 dps, 4000 hp, 196 mana
1104: 40.0 dps, 4000 hp, 214 mana
1105: 39.9 dps, 4000 hp, 214 mana
1106: 39.9 dps, 4000 hp, 214 mana
1107: 39.8 dps, 4000 hp, 214 mana
1108: 39.8 dps, 4000 hp, 214 mana
1109: 39.8 dps, 4000 hp, 214 mana
1110: 39.7 dps, 4000 hp, 252 mana
1111: 39.7 dps, 4000 hp, 252 mana
1112: 39.7 dps, 4000 hp, 252 mana
1113: 39.6 dps, 4000 hp, 252 mana
1114: 39.6 dps, 4000 hp, 252 mana
1115: 39.6 dps, 4000 hp, 252 mana
1116: 39.5 dps, 4000 hp, 290 mana
1117: 39.5 dps, 4000 hp, 290 mana
1118: 39.5 dps, 4000 hp, 290 mana
1119: 39.4 dps, 4000 hp, 290 mana
1120: 39.4 dps, 4000 hp, 290 mana
1121: 39.3 dps, 4000 hp, 290 mana
1122: 39.3 dps, 4000 hp, 328 mana
1123: 39.3 dps, 4000 hp, 328 mana
1124: 39.2 dps, 4000 hp, 328 mana
1125: 39.2 dps, 4000 hp, 328 mana
1126: 39.2 dps, 4000 hp, 328 mana
1127: 39.1 dps, 4000 hp, 328 mana
1128: 39.1 dps, 4000 hp, 366 mana
1129: 39.1 dps, 4000 hp, 366 mana
1130: 39.0 dps, 4000 hp, 366 mana
1131: 39.0 dps, 4000 hp, 366 mana
1132: 39.0 dps, 4000 hp, 366 mana
1133: 38.9 dps, 4000 hp, 366 mana
1134: startcast naturestouch
1134: 38.9 dps, 4000 hp, 404 mana
1135: 38.9 dps, 4000 hp, 404 mana
1136: 38.8 dps, 4000 hp, 404 mana
1137: 38.8 dps, 4000 hp, 404 mana
1138: 38.8 dps, 4000 hp, 404 mana
1139: naturestouch tick
1139: finished casting naturestouch
1139: 39.7 dps, 4000 hp, 164 mana
1140: 39.6 dps, 4000 hp, 182 mana
1141: 39.6 dps, 4000 hp, 182 mana
1142: 39.6 dps, 4000 hp, 182 mana
1143: 39.5 dps, 4000 hp, 182 mana
1144: 39.5 dps, 4000 hp, 182 mana
1145: 39.5 dps, 4000 hp, 182 mana
1146: 39.4 dps, 4000 hp, 220 mana
1147: 39.4 dps, 4000 hp, 220 mana
1148: 39.4 dps, 4000 hp, 220 mana
1149: 39.3 dps, 4000 hp, 220 mana
1150: 39.3 dps, 4000 hp, 220 mana
1151: 39.3 dps, 4000 hp, 220 mana
1152: 39.2 dps, 4000 hp, 258 mana
1153: 39.2 dps, 4000 hp, 258 mana
1154: 39.2 dps, 4000 hp, 258 mana
1155: 39.1 dps, 4000 hp, 258 mana
1156: 39.1 dps, 4000 hp, 258 mana
1157: 39.1 dps, 4000 hp, 258 mana
1158: 39.0 dps, 4000 hp, 296 mana
1159: 39.0 dps, 4000 hp, 296 mana
1160: 39.0 dps, 4000 hp, 296 mana
1161: 38.9 dps, 4000 hp, 296 mana
1162: 38.9 dps, 4000 hp, 296 mana
1163: 38.9 dps, 4000 hp, 296 mana
1164: 38.8 dps, 4000 hp, 334 mana
1165: 38.8 dps, 4000 hp, 334 mana
1166: 38.8 dps, 4000 hp, 334 mana
1167: 38.7 dps, 4000 hp, 334 mana
1168: 38.7 dps, 4000 hp, 334 mana
1169: 38.7 dps, 4000 hp, 334 mana
1170: 38.6 dps, 4000 hp, 372 mana
1171: 38.6 dps, 4000 hp, 372 mana
1172: 38.6 dps, 4000 hp, 372 mana
1173: 38.5 dps, 4000 hp, 372 mana
1174: 38.5 dps, 4000 hp, 372 mana
1175: 38.5 dps, 4000 hp, 372 mana
1176: startcast naturestouch
1176: 38.4 dps, 4000 hp, 410 mana
1177: 38.4 dps, 4000 hp, 410 mana
1178: 38.4 dps, 4000 hp, 410 mana
1179: 38.3 dps, 4000 hp, 410 mana
1180: 38.3 dps, 4000 hp, 410 mana
1181: naturestouch tick
1181: finished casting naturestouch
1181: 39.2 dps, 4000 hp, 170 mana
1182: 39.1 dps, 4000 hp, 188 mana
1183: 39.1 dps, 4000 hp, 188 mana
1184: 39.1 dps, 4000 hp, 188 mana
1185: 39.0 dps, 4000 hp, 188 mana
1186: 39.0 dps, 4000 hp, 188 mana
1187: 39.0 dps, 4000 hp, 188 mana
1188: 38.9 dps, 4000 hp, 226 mana
1189: 38.9 dps, 4000 hp, 226 mana
1190: 38.9 dps, 4000 hp, 226 mana
1191: 38.8 dps, 4000 hp, 226 mana
1192: 38.8 dps, 4000 hp, 226 mana
1193: 38.8 dps, 4000 hp, 226 mana
1194: 38.7 dps, 4000 hp, 264 mana
1195: 38.7 dps, 4000 hp, 264 mana
1196: 38.7 dps, 4000 hp, 264 mana
1197: 38.6 dps, 4000 hp, 264 mana
1198: 38.6 dps, 4000 hp, 264 mana
1199: 38.6 dps, 4000 hp, 264 mana
1200: 38.5 dps, 4000 hp, 302 mana
