1: startcast miniCH
1: 0.0 dps, 4000 hp, 4000 mana
2: 0.0 dps, 4000 hp, 4000 mana
3: 0.0 dps, 4000 hp, 4000 mana
4: 0.0 dps, 4000 hp, 4000 mana
5: 0.0 dps, 4000 hp, 4000 mana
6: 0.0 dps, 4000 hp, 4000 mana
7: 0.0 dps, 4000 hp, 4000 mana
8: 0.0 dps, 4000 hp, 4000 mana
9: 0.0 dps, 4000 hp, 4000 mana
10: 0.0 dps, 4000 hp, 4000 mana
11: miniCH tick
11: finished casting miniCH
11: 265.9 dps, 4000 hp, 3760 mana
12: 243.8 dps, 4000 hp, 3778 mana
13: 225.0 dps, 4000 hp, 3778 mana
14: startcast miniCH
14: 208.9 dps, 4000 hp, 3778 mana
15: 195.0 dps, 4000 hp, 3778 mana
16: 182.8 dps, 4000 hp, 3778 mana
17: 172.1 dps, 4000 hp, 3778 mana
18: 162.5 dps, 4000 hp, 3796 mana
19: 153.9 dps, 4000 hp, 3796 mana
20: 146.2 dps, 4000 hp, 3796 mana
21: 139.3 dps, 4000 hp, 3796 mana
22: 133.0 dps, 4000 hp, 3796 mana
23: 127.2 dps, 4000 hp, 3796 mana
24: miniCH tick
24: finished casting miniCH
24: 243.8 dps, 4000 hp, 3574 mana
25: 234.0 dps, 4000 hp, 3574 mana
26: 225.0 dps, 4000 hp, 3574 mana
27: startcast miniCH
27: 216.7 dps, 4000 hp, 3574 mana
28: 208.9 dps, 4000 hp, 3574 mana
29: 201.7 dps, 4000 hp, 3574 mana
30: 195.0 dps, 4000 hp, 3592 mana
31: 188.7 dps, 4000 hp, 3592 mana
32: 182.8 dps, 4000 hp, 3592 mana
33: 177.3 dps, 4000 hp, 3592 mana
34: 172.1 dps, 4000 hp, 3592 mana
35: 167.1 dps, 4000 hp, 3592 mana
36: 162.5 dps, 4000 hp, 3610 mana
37: miniCH tick
37: finished casting miniCH
37: 237.2 dps, 4000 hp, 3370 mana
38: 230.9 dps, 4000 hp, 3370 mana
39: 225.0 dps, 4000 hp, 3370 mana
40: startcast miniCH
40: 219.4 dps, 4000 hp, 3370 mana
41: 214.0 dps, 4000 hp, 3370 mana
42: 208.9 dps, 4000 hp, 3388 mana
43: 204.1 dps, 4000 hp, 3388 mana
44: 199.4 dps, 4000 hp, 3388 mana
45: 195.0 dps, 4000 hp, 3388 mana
46: 190.8 dps, 4000 hp, 3388 mana
47: 186.7 dps, 4000 hp, 3388 mana
48: 182.8 dps, 4000 hp, 3406 mana
49: 179.1 dps, 4000 hp, 3406 mana
50: miniCH tick
50: finished casting miniCH
50: 234.0 dps, 4000 hp, 3166 mana
51: 229.4 dps, 4000 hp, 3166 mana
52: 225.0 dps, 4000 hp, 3166 mana
53: startcast miniCH
53: 220.8 dps, 4000 hp, 3166 mana
54: 216.7 dps, 4000 hp, 3184 mana
55: 212.7 dps, 4000 hp, 3184 mana
56: 208.9 dps, 4000 hp, 3184 mana
57: 205.3 dps, 4000 hp, 3184 mana
58: 201.7 dps, 4000 hp, 3184 mana
59: 198.3 dps, 4000 hp, 3184 mana
60: 195.0 dps, 4000 hp, 3202 mana
61: 191.8 dps, 4000 hp, 3202 mana
62: 188.7 dps, 4000 hp, 3202 mana
63: miniCH tick
63: finished casting miniCH
63: 232.1 dps, 4000 hp, 2962 mana
64: 228.5 dps, 4000 hp, 2962 mana
65: 225.0 dps, 4000 hp, 2962 mana
66: startcast miniCH
66: 221.6 dps, 4000 hp, 2980 mana
67: 218.3 dps, 4000 hp, 2980 mana
68: 215.1 dps, 4000 hp, 2980 mana
69: 212.0 dps, 4000 hp, 2980 mana
70: 208.9 dps, 4000 hp, 2980 mana
71: 206.0 dps, 4000 hp, 2980 mana
72: 203.1 dps, 4000 hp, 2998 mana
73: 200.3 dps, 4000 hp, 2998 mana
74: 197.6 dps, 4000 hp, 2998 mana
75: 195.0 dps, 4000 hp, 2998 mana
76: miniCH tick
76: finished casting miniCH
76: 230.9 dps, 4000 hp, 2758 mana
77: 227.9 dps, 4000 hp, 2758 mana
78: 225.0 dps, 4000 hp, 2776 mana
79: startcast miniCH
79: 222.2 dps, 4000 hp, 2776 mana
80: 219.4 dps, 4000 hp, 2776 mana
81: 216.7 dps, 4000 hp, 2776 mana
82: 214.0 dps, 4000 hp, 2776 mana
83: 211.4 dps, 4000 hp, 2776 mana
84: 208.9 dps, 4000 hp, 2794 mana
85: 206.5 dps, 4000 hp, 2794 mana
86: 204.1 dps, 4000 hp, 2794 mana
87: 201.7 dps, 4000 hp, 2794 mana
88: 199.4 dps, 4000 hp, 2794 mana
89: miniCH tick
89: finished casting miniCH
89: 230.1 dps, 4000 hp, 2554 mana
90: 227.5 dps, 4000 hp, 2572 mana
91: 225.0 dps, 4000 hp, 2572 mana
92: startcast miniCH
92: 222.6 dps, 4000 hp, 2572 mana
93: 220.2 dps, 4000 hp, 2572 mana
94: 217.8 dps, 4000 hp, 2572 mana
95: 215.5 dps, 4000 hp, 2572 mana
96: 213.3 dps, 4000 hp, 2590 mana
97: 211.1 dps, 4000 hp, 2590 mana
98: 208.9 dps, 4000 hp, 2590 mana
99: 206.8 dps, 4000 hp, 2590 mana
100: 204.8 dps, 4000 hp, 2590 mana
101: 202.7 dps, 4000 hp, 2590 mana
102: miniCH tick
102: finished casting miniCH
102: 229.4 dps, 4000 hp, 2368 mana
103: 227.2 dps, 4000 hp, 2368 mana
104: 225.0 dps, 4000 hp, 2368 mana
105: startcast miniCH
105: 222.9 dps, 4000 hp, 2368 mana
106: 220.8 dps, 4000 hp, 2368 mana
107: 218.7 dps, 4000 hp, 2368 mana
108: 216.7 dps, 4000 hp, 2386 mana
109: 214.7 dps, 4000 hp, 2386 mana
110: 212.7 dps, 4000 hp, 2386 mana
111: 210.8 dps, 4000 hp, 2386 mana
112: 208.9 dps, 4000 hp, 2386 mana
113: 207.1 dps, 4000 hp, 2386 mana
114: 205.3 dps, 4000 hp, 2404 mana
115: miniCH tick
115: finished casting miniCH
115: 228.9 dps, 4000 hp, 2164 mana
116: 226.9 dps, 4000 hp, 2164 mana
117: 225.0 dps, 4000 hp, 2164 mana
118: startcast miniCH
118: 223.1 dps, 4000 hp, 2164 mana
119: 221.2 dps, 4000 hp, 2164 mana
120: 219.4 dps, 4000 hp, 2182 mana
121: 217.6 dps, 4000 hp, 2182 mana
122: 215.8 dps, 4000 hp, 2182 mana
123: 214.0 dps, 4000 hp, 2182 mana
124: 212.3 dps, 4000 hp, 2182 mana
125: 210.6 dps, 4000 hp, 2182 mana
126: 208.9 dps, 4000 hp, 2200 mana
127: 207.3 dps, 4000 hp, 2200 mana
128: miniCH tick
128: finished casting miniCH
128: 228.5 dps, 4000 hp, 1960 mana
129: 226.7 dps, 4000 hp, 1960 mana
130: 225.0 dps, 4000 hp, 1960 mana
131: startcast miniCH
131: 223.3 dps, 4000 hp, 1960 mana
132: 221.6 dps, 4000 hp, 1978 mana
133: 219.9 dps, 4000 hp, 1978 mana
134: 218.3 dps, 4000 hp, 1978 mana
135: 216.7 dps, 4000 hp, 1978 mana
136: 215.1 dps, 4000 hp, 1978 mana
137: 213.5 dps, 4000 hp, 1978 mana
138: 212.0 dps, 4000 hp, 1996 mana
139: 210.4 dps, 4000 hp, 1996 mana
140: 208.9 dps, 4000 hp, 1996 mana
141: miniCH tick
141: finished casting miniCH
141: 228.2 dps, 4000 hp, 1756 mana
142: 226.6 dps, 4000 hp, 1756 mana
143: 225.0 dps, 4000 hp, 1756 mana
144: startcast miniCH
144: 223.4 dps, 4000 hp, 1774 mana
145: 221.9 dps, 4000 hp, 1774 mana
146: 220.4 dps, 4000 hp, 1774 mana
147: 218.9 dps, 4000 hp, 1774 mana
148: 217.4 dps, 4000 hp, 1774 mana
149: 215.9 dps, 4000 hp, 1774 mana
150: 214.5 dps, 4000 hp, 1792 mana
151: 213.1 dps, 4000 hp, 1792 mana
152: 211.7 dps, 4000 hp, 1792 mana
153: 210.3 dps, 4000 hp, 1792 mana
154: miniCH tick
154: finished casting miniCH
154: 227.9 dps, 4000 hp, 1552 mana
155: 226.5 dps, 4000 hp, 1552 mana
156: 225.0 dps, 4000 hp, 1570 mana
157: startcast miniCH
157: 223.6 dps, 4000 hp, 1570 mana
158: 222.2 dps, 4000 hp, 1570 mana
159: 220.8 dps, 4000 hp, 1570 mana
160: 219.4 dps, 4000 hp, 1570 mana
161: 218.0 dps, 4000 hp, 1570 mana
162: 216.7 dps, 4000 hp, 1588 mana
163: 215.3 dps, 4000 hp, 1588 mana
164: 214.0 dps, 4000 hp, 1588 mana
165: 212.7 dps, 4000 hp, 1588 mana
166: 211.4 dps, 4000 hp, 1588 mana
167: miniCH tick
167: finished casting miniCH
167: 227.7 dps, 4000 hp, 1348 mana
168: 226.3 dps, 4000 hp, 1366 mana
169: 225.0 dps, 4000 hp, 1366 mana
170: startcast miniCH
170: 223.7 dps, 4000 hp, 1366 mana
171: 222.4 dps, 4000 hp, 1366 mana
172: 221.1 dps, 4000 hp, 1366 mana
173: 219.8 dps, 4000 hp, 1366 mana
174: 218.5 dps, 4000 hp, 1384 mana
175: 217.3 dps, 4000 hp, 1384 mana
176: 216.1 dps, 4000 hp, 1384 mana
177: 214.8 dps, 4000 hp, 1384 mana
178: 213.6 dps, 4000 hp, 1384 mana
179: 212.4 dps, 4000 hp, 1384 mana
180: miniCH tick
180: finished casting miniCH
180: 227.5 dps, 4000 hp, 1162 mana
181: 226.2 dps, 4000 hp, 1162 mana
182: 225.0 dps, 4000 hp, 1162 mana
183: startcast miniCH
183: 223.8 dps, 4000 hp, 1162 mana
184: 222.6 dps, 4000 hp, 1162 mana
185: 221.4 dps, 4000 hp, 1162 mana
186: 220.2 dps, 4000 hp, 1180 mana
187: 219.0 dps, 4000 hp, 1180 mana
188: 217.8 dps, 4000 hp, 1180 mana
189: 216.7 dps, 4000 hp, 1180 mana
190: 215.5 dps, 4000 hp, 1180 mana
191: 214.4 dps, 4000 hp, 1180 mana
192: 213.3 dps, 4000 hp, 1198 mana
193: miniCH tick
193: finished casting miniCH
193: 227.3 dps, 4000 hp, 958 mana
194: 226.2 dps, 4000 hp, 958 mana
195: 225.0 dps, 4000 hp, 958 mana
196: startcast miniCH
196: 223.9 dps, 4000 hp, 958 mana
197: 222.7 dps, 4000 hp, 958 mana
198: 221.6 dps, 4000 hp, 976 mana
199: 220.5 dps, 4000 hp, 976 mana
200: 219.4 dps, 4000 hp, 976 mana
201: 218.3 dps, 4000 hp, 976 mana
202: 217.2 dps, 4000 hp, 976 mana
203: 216.1 dps, 4000 hp, 976 mana
204: 215.1 dps, 4000 hp, 994 mana
205: 214.0 dps, 4000 hp, 994 mana
206: miniCH tick
206: finished casting miniCH
206: 227.2 dps, 4000 hp, 754 mana
207: 226.1 dps, 4000 hp, 754 mana
208: 225.0 dps, 4000 hp, 754 mana
209: startcast miniCH
209: 223.9 dps, 4000 hp, 754 mana
210: 222.9 dps, 4000 hp, 772 mana
211: 221.8 dps, 4000 hp, 772 mana
212: 220.8 dps, 4000 hp, 772 mana
213: 219.7 dps, 4000 hp, 772 mana
214: 218.7 dps, 4000 hp, 772 mana
215: 217.7 dps, 4000 hp, 772 mana
216: 216.7 dps, 4000 hp, 790 mana
217: 215.7 dps, 4000 hp, 790 mana
218: 214.7 dps, 4000 hp, 790 mana
219: miniCH tick
219: finished casting miniCH
219: 227.1 dps, 4000 hp, 550 mana
220: 226.0 dps, 4000 hp, 550 mana
221: 225.0 dps, 4000 hp, 550 mana
222: startcast miniCH
222: 224.0 dps, 4000 hp, 568 mana
223: 223.0 dps, 4000 hp, 568 mana
224: 222.0 dps, 4000 hp, 568 mana
225: 221.0 dps, 4000 hp, 568 mana
226: 220.0 dps, 4000 hp, 568 mana
227: 219.1 dps, 4000 hp, 568 mana
228: 218.1 dps, 4000 hp, 586 mana
229: 217.1 dps, 4000 hp, 586 mana
230: 216.2 dps, 4000 hp, 586 mana
231: 215.3 dps, 4000 hp, 586 mana
232: miniCH tick
232: finished casting miniCH
232: 226.9 dps, 4000 hp, 346 mana
233: 226.0 dps, 4000 hp, 346 mana
234: 225.0 dps, 4000 hp, 364 mana
235: 224.0 dps, 4000 hp, 364 mana
236: 223.1 dps, 4000 hp, 364 mana
237: 222.2 dps, 4000 hp, 364 mana
238: 221.2 dps, 4000 hp, 364 mana
239: 220.3 dps, 4000 hp, 364 mana
240: startcast miniCH
240: 219.4 dps, 4000 hp, 402 mana
241: 218.5 dps, 4000 hp, 402 mana
242: 217.6 dps, 4000 hp, 402 mana
243: 216.7 dps, 4000 hp, 402 mana
244: 215.8 dps, 4000 hp, 402 mana
245: 214.9 dps, 4000 hp, 402 mana
246: 214.0 dps, 4000 hp, 420 mana
247: 213.2 dps, 4000 hp, 420 mana
248: 212.3 dps, 4000 hp, 420 mana
249: 211.4 dps, 4000 hp, 420 mana
250: miniCH tick
250: finished casting miniCH
250: 222.3 dps, 4000 hp, 180 mana
251: 221.4 dps, 4000 hp, 180 mana
252: 220.5 dps, 4000 hp, 198 mana
253: 219.7 dps, 4000 hp, 198 mana
254: 218.8 dps, 4000 hp, 198 mana
255: 217.9 dps, 4000 hp, 198 mana
256: 217.1 dps, 4000 hp, 198 mana
257: 216.2 dps, 4000 hp, 198 mana
258: 215.4 dps, 4000 hp, 236 mana
259: 214.6 dps, 4000 hp, 236 mana
260: 213.8 dps, 4000 hp, 236 mana
261: 212.9 dps, 4000 hp, 236 mana
262: 212.1 dps, 4000 hp, 236 mana
263: 211.3 dps, 4000 hp, 236 mana
264: 210.5 dps, 4000 hp, 274 mana
265: 209.7 dps, 4000 hp, 274 mana
266: 208.9 dps, 4000 hp, 274 mana
267: 208.1 dps, 4000 hp, 274 mana
268: 207.4 dps, 4000 hp, 274 mana
269: 206.6 dps, 4000 hp, 274 mana
270: 205.8 dps, 4000 hp, 312 mana
271: 205.1 dps, 4000 hp, 312 mana
272: 204.3 dps, 4000 hp, 312 mana
273: 203.6 dps, 4000 hp, 312 mana
274: 202.8 dps, 4000 hp, 312 mana
275: 202.1 dps, 4000 hp, 312 mana
276: 201.4 dps, 4000 hp, 350 mana
277: 200.6 dps, 4000 hp, 350 mana
278: 199.9 dps, 4000 hp, 350 mana
279: 199.2 dps, 4000 hp, 350 mana
280: 198.5 dps, 4000 hp, 350 mana
281: 197.8 dps, 4000 hp, 350 mana
282: 197.1 dps, 4000 hp, 388 mana
283: 196.4 dps, 4000 hp, 388 mana
284: 195.7 dps, 4000 hp, 388 mana
285: 195.0 dps, 4000 hp, 388 mana
286: 194.3 dps, 4000 hp, 388 mana
287: 193.6 dps, 4000 hp, 388 mana
288: startcast miniCH
288: 193.0 dps, 4000 hp, 426 mana
289: 192.3 dps, 4000 hp, 426 mana
290: 191.6 dps, 4000 hp, 426 mana
291: 191.0 dps, 4000 hp, 426 mana
292: 190.3 dps, 4000 hp, 426 mana
293: 189.7 dps, 4000 hp, 426 mana
294: 189.0 dps, 4000 hp, 444 mana
295: 188.4 dps, 4000 hp, 444 mana
296: 187.8 dps, 4000 hp, 444 mana
297: 187.1 dps, 4000 hp, 444 mana
298: miniCH tick
298: finished casting miniCH
298: 196.3 dps, 4000 hp, 204 mana
299: 195.7 dps, 4000 hp, 204 mana
300: 195.0 dps, 4000 hp, 222 mana
301: 194.4 dps, 4000 hp, 222 mana
302: 193.7 dps, 4000 hp, 222 mana
303: 193.1 dps, 4000 hp, 222 mana
304: 192.4 dps, 4000 hp, 222 mana
305: 191.8 dps, 4000 hp, 222 mana
306: 191.2 dps, 4000 hp, 260 mana
307: 190.6 dps, 4000 hp, 260 mana
308: 189.9 dps, 4000 hp, 260 mana
309: 189.3 dps, 4000 hp, 260 mana
310: 188.7 dps, 4000 hp, 260 mana
311: 188.1 dps, 4000 hp, 260 mana
312: 187.5 dps, 4000 hp, 298 mana
313: 186.9 dps, 4000 hp, 298 mana
314: 186.3 dps, 4000 hp, 298 mana
315: 185.7 dps, 4000 hp, 298 mana
316: 185.1 dps, 4000 hp, 298 mana
317: 184.5 dps, 4000 hp, 298 mana
318: 184.0 dps, 4000 hp, 336 mana
319: 183.4 dps, 4000 hp, 336 mana
320: 182.8 dps, 4000 hp, 336 mana
321: 182.2 dps, 4000 hp, 336 mana
322: 181.7 dps, 4000 hp, 336 mana
323: 181.1 dps, 4000 hp, 336 mana
324: 180.6 dps, 4000 hp, 374 mana
325: 180.0 dps, 4000 hp, 374 mana
326: 179.4 dps, 4000 hp, 374 mana
327: 178.9 dps, 4000 hp, 374 mana
328: 178.4 dps, 4000 hp, 374 mana
329: 177.8 dps, 4000 hp, 374 mana
330: startcast miniCH
330: 177.3 dps, 4000 hp, 412 mana
331: 176.7 dps, 4000 hp, 412 mana
332: 176.2 dps, 4000 hp, 412 mana
333: 175.7 dps, 4000 hp, 412 mana
334: 175.1 dps, 4000 hp, 412 mana
335: 174.6 dps, 4000 hp, 412 mana
336: 174.1 dps, 4000 hp, 430 mana
337: 173.6 dps, 4000 hp, 430 mana
338: 173.1 dps, 4000 hp, 430 mana
339: 172.6 dps, 4000 hp, 430 mana
340: miniCH tick
340: finished casting miniCH
340: 180.7 dps, 4000 hp, 190 mana
341: 180.1 dps, 4000 hp, 190 mana
342: 179.6 dps, 4000 hp, 208 mana
343: 179.1 dps, 4000 hp, 208 mana
344: 178.6 dps, 4000 hp, 208 mana
345: 178.0 dps, 4000 hp, 208 mana
346: 177.5 dps, 4000 hp, 208 mana
347: 177.0 dps, 4000 hp, 208 mana
348: 176.5 dps, 4000 hp, 246 mana
349: 176.0 dps, 4000 hp, 246 mana
350: 175.5 dps, 4000 hp, 246 mana
351: 175.0 dps, 4000 hp, 246 mana
352: 174.5 dps, 4000 hp, 246 mana
353: 174.0 dps, 4000 hp, 246 mana
354: 173.5 dps, 4000 hp, 284 mana
355: 173.0 dps, 4000 hp, 284 mana
356: 172.5 dps, 4000 hp, 284 mana
357: 172.1 dps, 4000 hp, 284 mana
358: 171.6 dps, 4000 hp, 284 mana
359: 171.1 dps, 4000 hp, 284 mana
360: 170.6 dps, 4000 hp, 322 mana
361: 170.2 dps, 4000 hp, 322 mana
362: 169.7 dps, 4000 hp, 322 mana
363: 169.2 dps, 4000 hp, 322 mana
364: 168.8 dps, 4000 hp, 322 mana
365: 168.3 dps, 4000 hp, 322 mana
366: 167.8 dps, 4000 hp, 360 mana
367: 167.4 dps, 4000 hp, 360 mana
368: 166.9 dps, 4000 hp, 360 mana
369: 166.5 dps, 4000 hp, 360 mana
370: 166.0 dps, 4000 hp, 360 mana
371: 165.6 dps, 4000 hp, 360 mana
372: 165.1 dps, 4000 hp, 398 mana
373: 164.7 dps, 4000 hp, 398 mana
374: 164.2 dps, 4000 hp, 398 mana
375: 163.8 dps, 4000 hp, 398 mana
376: 163.4 dps, 4000 hp, 398 mana
377: 162.9 dps, 4000 hp, 398 mana
378: startcast miniCH
378: 162.5 dps, 4000 hp, 436 mana
379: 162.1 dps, 4000 hp, 436 mana
380: 161.6 dps, 4000 hp, 436 mana
381: 161.2 dps, 4000 hp, 436 mana
382: 160.8 dps, 4000 hp, 436 mana
383: 160.4 dps, 4000 hp, 436 mana
384: 160.0 dps, 4000 hp, 454 mana
385: 159.5 dps, 4000 hp, 454 mana
386: 159.1 dps, 4000 hp, 454 mana
387: 158.7 dps, 4000 hp, 454 mana
388: miniCH tick
388: finished casting miniCH
388: 165.9 dps, 4000 hp, 214 mana
389: 165.4 dps, 4000 hp, 214 mana
390: 165.0 dps, 4000 hp, 232 mana
391: 164.6 dps, 4000 hp, 232 mana
392: 164.2 dps, 4000 hp, 232 mana
393: 163.7 dps, 4000 hp, 232 mana
394: 163.3 dps, 4000 hp, 232 mana
395: 162.9 dps, 4000 hp, 232 mana
396: 162.5 dps, 4000 hp, 270 mana
397: 162.1 dps, 4000 hp, 270 mana
398: 161.7 dps, 4000 hp, 270 mana
399: 161.3 dps, 4000 hp, 270 mana
400: 160.9 dps, 4000 hp, 270 mana
401: 160.5 dps, 4000 hp, 270 mana
402: 160.1 dps, 4000 hp, 308 mana
403: 159.7 dps, 4000 hp, 308 mana
404: 159.3 dps, 4000 hp, 308 mana
405: 158.9 dps, 4000 hp, 308 mana
406: 158.5 dps, 4000 hp, 308 mana
407: 158.1 dps, 4000 hp, 308 mana
408: 157.7 dps, 4000 hp, 346 mana
409: 157.3 dps, 4000 hp, 346 mana
410: 157.0 dps, 4000 hp, 346 mana
411: 156.6 dps, 4000 hp, 346 mana
412: 156.2 dps, 4000 hp, 346 mana
413: 155.8 dps, 4000 hp, 346 mana
414: 155.4 dps, 4000 hp, 384 mana
415: 155.1 dps, 4000 hp, 384 mana
416: 154.7 dps, 4000 hp, 384 mana
417: 154.3 dps, 4000 hp, 384 mana
418: 153.9 dps, 4000 hp, 384 mana
419: 153.6 dps, 4000 hp, 384 mana
420: startcast miniCH
420: 153.2 dps, 4000 hp, 422 mana
421: 152.9 dps, 4000 hp, 422 mana
422: 152.5 dps, 4000 hp, 422 mana
423: 152.1 dps, 4000 hp, 422 mana
424: 151.8 dps, 4000 hp, 422 mana
425: 151.4 dps, 4000 hp, 422 mana
426: 151.1 dps, 4000 hp, 440 mana
427: 150.7 dps, 4000 hp, 440 mana
428: 150.4 dps, 4000 hp, 440 mana
429: 150.0 dps, 4000 hp, 440 mana
430: miniCH tick
430: finished casting miniCH
430: 156.5 dps, 4000 hp, 200 mana
431: 156.1 dps, 4000 hp, 200 mana
432: 155.7 dps, 4000 hp, 218 mana
433: 155.4 dps, 4000 hp, 218 mana
434: 155.0 dps, 4000 hp, 218 mana
435: 154.7 dps, 4000 hp, 218 mana
436: 154.3 dps, 4000 hp, 218 mana
437: 153.9 dps, 4000 hp, 218 mana
438: 153.6 dps, 4000 hp, 256 mana
439: 153.2 dps, 4000 hp, 256 mana
440: 152.9 dps, 4000 hp, 256 mana
441: 152.6 dps, 4000 hp, 256 mana
442: 152.2 dps, 4000 hp, 256 mana
443: 151.9 dps, 4000 hp, 256 mana
444: 151.5 dps, 4000 hp, 294 mana
445: 151.2 dps, 4000 hp, 294 mana
446: 150.8 dps, 4000 hp, 294 mana
447: 150.5 dps, 4000 hp, 294 mana
448: 150.2 dps, 4000 hp, 294 mana
449: 149.8 dps, 4000 hp, 294 mana
450: 149.5 dps, 4000 hp, 332 mana
451: 149.2 dps, 4000 hp, 332 mana
452: 148.8 dps, 4000 hp, 332 mana
453: 148.5 dps, 4000 hp, 332 mana
454: 148.2 dps, 4000 hp, 332 mana
455: 147.9 dps, 4000 hp, 332 mana
456: 147.5 dps, 4000 hp, 370 mana
457: 147.2 dps, 4000 hp, 370 mana
458: 146.9 dps, 4000 hp, 370 mana
459: 146.6 dps, 4000 hp, 370 mana
460: 146.2 dps, 4000 hp, 370 mana
461: 145.9 dps, 4000 hp, 370 mana
462: startcast miniCH
462: 145.6 dps, 4000 hp, 408 mana
463: 145.3 dps, 4000 hp, 408 mana
464: 145.0 dps, 4000 hp, 408 mana
465: 144.7 dps, 4000 hp, 408 mana
466: 144.4 dps, 4000 hp, 408 mana
467: 144.1 dps, 4000 hp, 408 mana
468: 143.8 dps, 4000 hp, 426 mana
469: 143.4 dps, 4000 hp, 426 mana
470: 143.1 dps, 4000 hp, 426 mana
471: 142.8 dps, 4000 hp, 426 mana
472: miniCH tick
472: finished casting miniCH
472: 148.7 dps, 4000 hp, 186 mana
473: 148.4 dps, 4000 hp, 186 mana
474: 148.1 dps, 4000 hp, 204 mana
475: 147.8 dps, 4000 hp, 204 mana
476: 147.5 dps, 4000 hp, 204 mana
477: 147.2 dps, 4000 hp, 204 mana
478: 146.9 dps, 4000 hp, 204 mana
479: 146.6 dps, 4000 hp, 204 mana
480: 146.2 dps, 4000 hp, 242 mana
481: 145.9 dps, 4000 hp, 242 mana
482: 145.6 dps, 4000 hp, 242 mana
483: 145.3 dps, 4000 hp, 242 mana
484: 145.0 dps, 4000 hp, 242 mana
485: 144.7 dps, 4000 hp, 242 mana
486: 144.4 dps, 4000 hp, 280 mana
487: 144.1 dps, 4000 hp, 280 mana
488: 143.9 dps, 4000 hp, 280 mana
489: 143.6 dps, 4000 hp, 280 mana
490: 143.3 dps, 4000 hp, 280 mana
491: 143.0 dps, 4000 hp, 280 mana
492: 142.7 dps, 4000 hp, 318 mana
493: 142.4 dps, 4000 hp, 318 mana
494: 142.1 dps, 4000 hp, 318 mana
495: 141.8 dps, 4000 hp, 318 mana
496: 141.5 dps, 4000 hp, 318 mana
497: 141.2 dps, 4000 hp, 318 mana
498: 141.0 dps, 4000 hp, 356 mana
499: 140.7 dps, 4000 hp, 356 mana
500: 140.4 dps, 4000 hp, 356 mana
501: 140.1 dps, 4000 hp, 356 mana
502: 139.8 dps, 4000 hp, 356 mana
503: 139.6 dps, 4000 hp, 356 mana
504: 139.3 dps, 4000 hp, 394 mana
505: 139.0 dps, 4000 hp, 394 mana
506: 138.7 dps, 4000 hp, 394 mana
507: 138.5 dps, 4000 hp, 394 mana
508: 138.2 dps, 4000 hp, 394 mana
509: 137.9 dps, 4000 hp, 394 mana
510: startcast miniCH
510: 137.6 dps, 4000 hp, 432 mana
511: 137.4 dps, 4000 hp, 432 mana
512: 137.1 dps, 4000 hp, 432 mana
513: 136.8 dps, 4000 hp, 432 mana
514: 136.6 dps, 4000 hp, 432 mana
515: 136.3 dps, 4000 hp, 432 mana
516: 136.0 dps, 4000 hp, 450 mana
517: 135.8 dps, 4000 hp, 450 mana
518: 135.5 dps, 4000 hp, 450 mana
519: 135.3 dps, 4000 hp, 450 mana
520: miniCH tick
520: finished casting miniCH
520: 140.6 dps, 4000 hp, 210 mana
521: 140.4 dps, 4000 hp, 210 mana
522: 140.1 dps, 4000 hp, 228 mana
523: 139.8 dps, 4000 hp, 228 mana
524: 139.6 dps, 4000 hp, 228 mana
525: 139.3 dps, 4000 hp, 228 mana
526: 139.0 dps, 4000 hp, 228 mana
527: 138.8 dps, 4000 hp, 228 mana
528: 138.5 dps, 4000 hp, 266 mana
529: 138.2 dps, 4000 hp, 266 mana
530: 138.0 dps, 4000 hp, 266 mana
531: 137.7 dps, 4000 hp, 266 mana
532: 137.5 dps, 4000 hp, 266 mana
533: 137.2 dps, 4000 hp, 266 mana
534: 136.9 dps, 4000 hp, 304 mana
535: 136.7 dps, 4000 hp, 304 mana
536: 136.4 dps, 4000 hp, 304 mana
537: 136.2 dps, 4000 hp, 304 mana
538: 135.9 dps, 4000 hp, 304 mana
539: 135.7 dps, 4000 hp, 304 mana
540: 135.4 dps, 4000 hp, 342 mana
541: 135.2 dps, 4000 hp, 342 mana
542: 134.9 dps, 4000 hp, 342 mana
543: 134.7 dps, 4000 hp, 342 mana
544: 134.4 dps, 4000 hp, 342 mana
545: 134.2 dps, 4000 hp, 342 mana
546: 133.9 dps, 4000 hp, 380 mana
547: 133.7 dps, 4000 hp, 380 mana
548: 133.4 dps, 4000 hp, 380 mana
549: 133.2 dps, 4000 hp, 380 mana
550: 133.0 dps, 4000 hp, 380 mana
551: 132.7 dps, 4000 hp, 380 mana
552: startcast miniCH
552: 132.5 dps, 4000 hp, 418 mana
553: 132.2 dps, 4000 hp, 418 mana
554: 132.0 dps, 4000 hp, 418 mana
555: 131.8 dps, 4000 hp, 418 mana
556: 131.5 dps, 4000 hp, 418 mana
557: 131.3 dps, 4000 hp, 418 mana
558: 131.0 dps, 4000 hp, 436 mana
559: 130.8 dps, 4000 hp, 436 mana
560: 130.6 dps, 4000 hp, 436 mana
561: 130.3 dps, 4000 hp, 436 mana
562: miniCH tick
562: finished casting miniCH
562: 135.3 dps, 4000 hp, 196 mana
563: 135.1 dps, 4000 hp, 196 mana
564: 134.8 dps, 4000 hp, 214 mana
565: 134.6 dps, 4000 hp, 214 mana
566: 134.4 dps, 4000 hp, 214 mana
567: 134.1 dps, 4000 hp, 214 mana
568: 133.9 dps, 4000 hp, 214 mana
569: 133.7 dps, 4000 hp, 214 mana
570: 133.4 dps, 4000 hp, 252 mana
571: 133.2 dps, 4000 hp, 252 mana
572: 133.0 dps, 4000 hp, 252 mana
573: 132.7 dps, 4000 hp, 252 mana
574: 132.5 dps, 4000 hp, 252 mana
575: 132.3 dps, 4000 hp, 252 mana
576: 132.0 dps, 4000 hp, 290 mana
577: 131.8 dps, 4000 hp, 290 mana
578: 131.6 dps, 4000 hp, 290 mana
579: 131.3 dps, 4000 hp, 290 mana
580: 131.1 dps, 4000 hp, 290 mana
581: 130.9 dps, 4000 hp, 290 mana
582: 130.7 dps, 4000 hp, 328 mana
583: 130.4 dps, 4000 hp, 328 mana
584: 130.2 dps, 4000 hp, 328 mana
585: 130.0 dps, 4000 hp, 328 mana
586: 129.8 dps, 4000 hp, 328 mana
587: 129.6 dps, 4000 hp, 328 mana
588: 129.3 dps, 4000 hp, 366 mana
589: 129.1 dps, 4000 hp, 366 mana
590: 128.9 dps, 4000 hp, 366 mana
591: 128.7 dps, 4000 hp, 366 mana
592: 128.5 dps, 4000 hp, 366 mana
593: 128.2 dps, 4000 hp, 366 mana
594: startcast miniCH
594: 128.0 dps, 4000 hp, 404 mana
595: 127.8 dps, 4000 hp, 404 mana
596: 127.6 dps, 4000 hp, 404 mana
597: 127.4 dps, 4000 hp, 404 mana
598: 127.2 dps, 4000 hp, 404 mana
599: 127.0 dps, 4000 hp, 404 mana
600: 126.8 dps, 4000 hp, 422 mana
601: 126.5 dps, 4000 hp, 422 mana
602: 126.3 dps, 4000 hp, 422 mana
603: 126.1 dps, 4000 hp, 422 mana
604: miniCH tick
604: finished casting miniCH
604: 130.8 dps, 4000 hp, 182 mana
605: 130.5 dps, 4000 hp, 182 mana
606: 130.3 dps, 4000 hp, 200 mana
607: 130.1 dps, 4000 hp, 200 mana
608: 129.9 dps, 4000 hp, 200 mana
609: 129.7 dps, 4000 hp, 200 mana
610: 129.5 dps, 4000 hp, 200 mana
611: 129.3 dps, 4000 hp, 200 mana
612: 129.0 dps, 4000 hp, 238 mana
613: 128.8 dps, 4000 hp, 238 mana
614: 128.6 dps, 4000 hp, 238 mana
615: 128.4 dps, 4000 hp, 238 mana
616: 128.2 dps, 4000 hp, 238 mana
617: 128.0 dps, 4000 hp, 238 mana
618: 127.8 dps, 4000 hp, 276 mana
619: 127.6 dps, 4000 hp, 276 mana
620: 127.4 dps, 4000 hp, 276 mana
621: 127.2 dps, 4000 hp, 276 mana
622: 127.0 dps, 4000 hp, 276 mana
623: 126.8 dps, 4000 hp, 276 mana
624: 126.6 dps, 4000 hp, 314 mana
625: 126.4 dps, 4000 hp, 314 mana
626: 126.2 dps, 4000 hp, 314 mana
627: 126.0 dps, 4000 hp, 314 mana
628: 125.8 dps, 4000 hp, 314 mana
629: 125.6 dps, 4000 hp, 314 mana
630: 125.4 dps, 4000 hp, 352 mana
631: 125.2 dps, 4000 hp, 352 mana
632: 125.0 dps, 4000 hp, 352 mana
633: 124.8 dps, 4000 hp, 352 mana
634: 124.6 dps, 4000 hp, 352 mana
635: 124.4 dps, 4000 hp, 352 mana
636: 124.2 dps, 4000 hp, 390 mana
637: 124.0 dps, 4000 hp, 390 mana
638: 123.8 dps, 4000 hp, 390 mana
639: 123.6 dps, 4000 hp, 390 mana
640: 123.4 dps, 4000 hp, 390 mana
641: 123.2 dps, 4000 hp, 390 mana
642: startcast miniCH
642: 123.0 dps, 4000 hp, 428 mana
643: 122.8 dps, 4000 hp, 428 mana
644: 122.6 dps, 4000 hp, 428 mana
645: 122.4 dps, 4000 hp, 428 mana
646: 122.3 dps, 4000 hp, 428 mana
647: 122.1 dps, 4000 hp, 428 mana
648: 121.9 dps, 4000 hp, 446 mana
649: 121.7 dps, 4000 hp, 446 mana
650: 121.5 dps, 4000 hp, 446 mana
651: 121.3 dps, 4000 hp, 446 mana
652: miniCH tick
652: finished casting miniCH
652: 125.6 dps, 4000 hp, 206 mana
653: 125.4 dps, 4000 hp, 206 mana
654: 125.2 dps, 4000 hp, 224 mana
655: 125.0 dps, 4000 hp, 224 mana
656: 124.8 dps, 4000 hp, 224 mana
657: 124.7 dps, 4000 hp, 224 mana
658: 124.5 dps, 4000 hp, 224 mana
659: 124.3 dps, 4000 hp, 224 mana
660: 124.1 dps, 4000 hp, 262 mana
661: 123.9 dps, 4000 hp, 262 mana
662: 123.7 dps, 4000 hp, 262 mana
663: 123.5 dps, 4000 hp, 262 mana
664: 123.3 dps, 4000 hp, 262 mana
665: 123.2 dps, 4000 hp, 262 mana
666: 123.0 dps, 4000 hp, 300 mana
667: 122.8 dps, 4000 hp, 300 mana
668: 122.6 dps, 4000 hp, 300 mana
669: 122.4 dps, 4000 hp, 300 mana
670: 122.2 dps, 4000 hp, 300 mana
671: 122.1 dps, 4000 hp, 300 mana
672: 121.9 dps, 4000 hp, 338 mana
673: 121.7 dps, 4000 hp, 338 mana
674: 121.5 dps, 4000 hp, 338 mana
675: 121.3 dps, 4000 hp, 338 mana
676: 121.2 dps, 4000 hp, 338 mana
677: 121.0 dps, 4000 hp, 338 mana
678: 120.8 dps, 4000 hp, 376 mana
679: 120.6 dps, 4000 hp, 376 mana
680: 120.4 dps, 4000 hp, 376 mana
681: 120.3 dps, 4000 hp, 376 mana
682: 120.1 dps, 4000 hp, 376 mana
683: 119.9 dps, 4000 hp, 376 mana
684: startcast miniCH
684: 119.7 dps, 4000 hp, 414 mana
685: 119.6 dps, 4000 hp, 414 mana
686: 119.4 dps, 4000 hp, 414 mana
687: 119.2 dps, 4000 hp, 414 mana
688: 119.0 dps, 4000 hp, 414 mana
689: 118.9 dps, 4000 hp, 414 mana
690: 118.7 dps, 4000 hp, 432 mana
691: 118.5 dps, 4000 hp, 432 mana
692: 118.4 dps, 4000 hp, 432 mana
693: 118.2 dps, 4000 hp, 432 mana
694: miniCH tick
694: finished casting miniCH
694: 122.2 dps, 4000 hp, 192 mana
695: 122.1 dps, 4000 hp, 192 mana
696: 121.9 dps, 4000 hp, 210 mana
697: 121.7 dps, 4000 hp, 210 mana
698: 121.5 dps, 4000 hp, 210 mana
699: 121.4 dps, 4000 hp, 210 mana
700: 121.2 dps, 4000 hp, 210 mana
701: 121.0 dps, 4000 hp, 210 mana
702: 120.8 dps, 4000 hp, 248 mana
703: 120.7 dps, 4000 hp, 248 mana
704: 120.5 dps, 4000 hp, 248 mana
705: 120.3 dps, 4000 hp, 248 mana
706: 120.1 dps, 4000 hp, 248 mana
707: 120.0 dps, 4000 hp, 248 mana
708: 119.8 dps, 4000 hp, 286 mana
709: 119.6 dps, 4000 hp, 286 mana
710: 119.5 dps, 4000 hp, 286 mana
711: 119.3 dps, 4000 hp, 286 mana
712: 119.1 dps, 4000 hp, 286 mana
713: 119.0 dps, 4000 hp, 286 mana
714: 118.8 dps, 4000 hp, 324 mana
715: 118.6 dps, 4000 hp, 324 mana
716: 118.5 dps, 4000 hp, 324 mana
717: 118.3 dps, 4000 hp, 324 mana
718: 118.1 dps, 4000 hp, 324 mana
719: 118.0 dps, 4000 hp, 324 mana
720: 117.8 dps, 4000 hp, 362 mana
721: 117.6 dps, 4000 hp, 362 mana
722: 117.5 dps, 4000 hp, 362 mana
723: 117.3 dps, 4000 hp, 362 mana
724: 117.2 dps, 4000 hp, 362 mana
725: 117.0 dps, 4000 hp, 362 mana
726: startcast miniCH
726: 116.8 dps, 4000 hp, 400 mana
727: 116.7 dps, 4000 hp, 400 mana
728: 116.5 dps, 4000 hp, 400 mana
729: 116.4 dps, 4000 hp, 400 mana
730: 116.2 dps, 4000 hp, 400 mana
731: 116.0 dps, 4000 hp, 400 mana
732: 115.9 dps, 4000 hp, 418 mana
733: 115.7 dps, 4000 hp, 418 mana
734: 115.6 dps, 4000 hp, 418 mana
735: 115.4 dps, 4000 hp, 418 mana
736: miniCH tick
736: finished casting miniCH
736: 119.2 dps, 4000 hp, 178 mana
737: 119.1 dps, 4000 hp, 178 mana
738: 118.9 dps, 4000 hp, 196 mana
739: 118.7 dps, 4000 hp, 196 mana
740: 118.6 dps, 4000 hp, 196 mana
741: 118.4 dps, 4000 hp, 196 mana
742: 118.3 dps, 4000 hp, 196 mana
743: 118.1 dps, 4000 hp, 196 mana
744: 117.9 dps, 4000 hp, 234 mana
745: 117.8 dps, 4000 hp, 234 mana
746: 117.6 dps, 4000 hp, 234 mana
747: 117.5 dps, 4000 hp, 234 mana
748: 117.3 dps, 4000 hp, 234 mana
749: 117.2 dps, 4000 hp, 234 mana
750: 117.0 dps, 4000 hp, 272 mana
751: 116.8 dps, 4000 hp, 272 mana
752: 116.7 dps, 4000 hp, 272 mana
753: 116.5 dps, 4000 hp, 272 mana
754: 116.4 dps, 4000 hp, 272 mana
755: 116.2 dps, 4000 hp, 272 mana
756: 116.1 dps, 4000 hp, 310 mana
757: 115.9 dps, 4000 hp, 310 mana
758: 115.8 dps, 4000 hp, 310 mana
759: 115.6 dps, 4000 hp, 310 mana
760: 115.5 dps, 4000 hp, 310 mana
761: 115.3 dps, 4000 hp, 310 mana
762: 115.2 dps, 4000 hp, 348 mana
763: 115.0 dps, 4000 hp, 348 mana
764: 114.9 dps, 4000 hp, 348 mana
765: 114.7 dps, 4000 hp, 348 mana
766: 114.6 dps, 4000 hp, 348 mana
767: 114.4 dps, 4000 hp, 348 mana
768: 114.3 dps, 4000 hp, 386 mana
769: 114.1 dps, 4000 hp, 386 mana
770: 114.0 dps, 4000 hp, 386 mana
771: 113.8 dps, 4000 hp, 386 mana
772: 113.7 dps, 4000 hp, 386 mana
773: 113.5 dps, 4000 hp, 386 mana
774: startcast miniCH
774: 113.4 dps, 4000 hp, 424 mana
775: 113.2 dps, 4000 hp, 424 mana
776: 113.1 dps, 4000 hp, 424 mana
777: 112.9 dps, 4000 hp, 424 mana
778: 112.8 dps, 4000 hp, 424 mana
779: 112.6 dps, 4000 hp, 424 mana
780: 112.5 dps, 4000 hp, 442 mana
781: 112.4 dps, 4000 hp, 442 mana
782: 112.2 dps, 4000 hp, 442 mana
783: 112.1 dps, 4000 hp, 442 mana
784: miniCH tick
784: finished casting miniCH
784: 115.7 dps, 4000 hp, 202 mana
785: 115.5 dps, 4000 hp, 202 mana
786: 115.4 dps, 4000 hp, 220 mana
787: 115.2 dps, 4000 hp, 220 mana
788: 115.1 dps, 4000 hp, 220 mana
789: 114.9 dps, 4000 hp, 220 mana
790: 114.8 dps, 4000 hp, 220 mana
791: 114.6 dps, 4000 hp, 220 mana
792: 114.5 dps, 4000 hp, 258 mana
793: 114.3 dps, 4000 hp, 258 mana
794: 114.2 dps, 4000 hp, 258 mana
795: 114.1 dps, 4000 hp, 258 mana
796: 113.9 dps, 4000 hp, 258 mana
797: 113.8 dps, 4000 hp, 258 mana
798: 113.6 dps, 4000 hp, 296 mana
799: 113.5 dps, 4000 hp, 296 mana
800: 113.3 dps, 4000 hp, 296 mana
801: 113.2 dps, 4000 hp, 296 mana
802: 113.1 dps, 4000 hp, 296 mana
803: 112.9 dps, 4000 hp, 296 mana
804: 112.8 dps, 4000 hp, 334 mana
805: 112.6 dps, 4000 hp, 334 mana
806: 112.5 dps, 4000 hp, 334 mana
807: 112.4 dps, 4000 hp, 334 mana
808: 112.2 dps, 4000 hp, 334 mana
809: 112.1 dps, 4000 hp, 334 mana
810: 111.9 dps, 4000 hp, 372 mana
811: 111.8 dps, 4000 hp, 372 mana
812: 111.7 dps, 4000 hp, 372 mana
813: 111.5 dps, 4000 hp, 372 mana
814: 111.4 dps, 4000 hp, 372 mana
815: 111.3 dps, 4000 hp, 372 mana
816: startcast miniCH
816: 111.1 dps, 4000 hp, 410 mana
817: 111.0 dps, 4000 hp, 410 mana
818: 110.8 dps, 4000 hp, 410 mana
819: 110.7 dps, 4000 hp, 410 mana
820: 110.6 dps, 4000 hp, 410 mana
821: 110.4 dps, 4000 hp, 410 mana
822: 110.3 dps, 4000 hp, 428 mana
823: 110.2 dps, 4000 hp, 428 mana
824: 110.0 dps, 4000 hp, 428 mana
825: 109.9 dps, 4000 hp, 428 mana
826: miniCH tick
826: finished casting miniCH
826: 113.3 dps, 4000 hp, 188 mana
827: 113.2 dps, 4000 hp, 188 mana
828: 113.0 dps, 4000 hp, 206 mana
829: 112.9 dps, 4000 hp, 206 mana
830: 112.8 dps, 4000 hp, 206 mana
831: 112.6 dps, 4000 hp, 206 mana
832: 112.5 dps, 4000 hp, 206 mana
833: 112.4 dps, 4000 hp, 206 mana
834: 112.2 dps, 4000 hp, 244 mana
835: 112.1 dps, 4000 hp, 244 mana
836: 112.0 dps, 4000 hp, 244 mana
837: 111.8 dps, 4000 hp, 244 mana
838: 111.7 dps, 4000 hp, 244 mana
839: 111.6 dps, 4000 hp, 244 mana
840: 111.4 dps, 4000 hp, 282 mana
841: 111.3 dps, 4000 hp, 282 mana
842: 111.2 dps, 4000 hp, 282 mana
843: 111.0 dps, 4000 hp, 282 mana
844: 110.9 dps, 4000 hp, 282 mana
845: 110.8 dps, 4000 hp, 282 mana
846: 110.6 dps, 4000 hp, 320 mana
847: 110.5 dps, 4000 hp, 320 mana
848: 110.4 dps, 4000 hp, 320 mana
849: 110.2 dps, 4000 hp, 320 mana
850: 110.1 dps, 4000 hp, 320 mana
851: 110.0 dps, 4000 hp, 320 mana
852: 109.9 dps, 4000 hp, 358 mana
853: 109.7 dps, 4000 hp, 358 mana
854: 109.6 dps, 4000 hp, 358 mana
855: 109.5 dps, 4000 hp, 358 mana
856: 109.3 dps, 4000 hp, 358 mana
857: 109.2 dps, 4000 hp, 358 mana
858: 109.1 dps, 4000 hp, 396 mana
859: 109.0 dps, 4000 hp, 396 mana
860: 108.8 dps, 4000 hp, 396 mana
861: 108.7 dps, 4000 hp, 396 mana
862: 108.6 dps, 4000 hp, 396 mana
863: 108.5 dps, 4000 hp, 396 mana
864: startcast miniCH
864: 108.3 dps, 4000 hp, 434 mana
865: 108.2 dps, 4000 hp, 434 mana
866: 108.1 dps, 4000 hp, 434 mana
867: 108.0 dps, 4000 hp, 434 mana
868: 107.8 dps, 4000 hp, 434 mana
869: 107.7 dps, 4000 hp, 434 mana
870: 107.6 dps, 4000 hp, 452 mana
871: 107.5 dps, 4000 hp, 452 mana
872: 107.3 dps, 4000 hp, 452 mana
873: 107.2 dps, 4000 hp, 452 mana
874: miniCH tick
874: finished casting miniCH
874: 110.4 dps, 4000 hp, 212 mana
875: 110.3 dps, 4000 hp, 212 mana
876: 110.2 dps, 4000 hp, 230 mana
877: 110.1 dps, 4000 hp, 230 mana
878: 109.9 dps, 4000 hp, 230 mana
879: 109.8 dps, 4000 hp, 230 mana
880: 109.7 dps, 4000 hp, 230 mana
881: 109.6 dps, 4000 hp, 230 mana
882: 109.4 dps, 4000 hp, 268 mana
883: 109.3 dps, 4000 hp, 268 mana
884: 109.2 dps, 4000 hp, 268 mana
885: 109.1 dps, 4000 hp, 268 mana
886: 108.9 dps, 4000 hp, 268 mana
887: 108.8 dps, 4000 hp, 268 mana
888: 108.7 dps, 4000 hp, 306 mana
889: 108.6 dps, 4000 hp, 306 mana
890: 108.5 dps, 4000 hp, 306 mana
891: 108.3 dps, 4000 hp, 306 mana
892: 108.2 dps, 4000 hp, 306 mana
893: 108.1 dps, 4000 hp, 306 mana
894: 108.0 dps, 4000 hp, 344 mana
895: 107.8 dps, 4000 hp, 344 mana
896: 107.7 dps, 4000 hp, 344 mana
897: 107.6 dps, 4000 hp, 344 mana
898: 107.5 dps, 4000 hp, 344 mana
899: 107.4 dps, 4000 hp, 344 mana
900: 107.2 dps, 4000 hp, 382 mana
901: 107.1 dps, 4000 hp, 382 mana
902: 107.0 dps, 4000 hp, 382 mana
903: 106.9 dps, 4000 hp, 382 mana
904: 106.8 dps, 4000 hp, 382 mana
905: 106.7 dps, 4000 hp, 382 mana
906: startcast miniCH
906: 106.5 dps, 4000 hp, 420 mana
907: 106.4 dps, 4000 hp, 420 mana
908: 106.3 dps, 4000 hp, 420 mana
909: 106.2 dps, 4000 hp, 420 mana
910: 106.1 dps, 4000 hp, 420 mana
911: 106.0 dps, 4000 hp, 420 mana
912: 105.8 dps, 4000 hp, 438 mana
913: 105.7 dps, 4000 hp, 438 mana
914: 105.6 dps, 4000 hp, 438 mana
915: 105.5 dps, 4000 hp, 438 mana
916: miniCH tick
916: finished casting miniCH
916: 108.6 dps, 4000 hp, 198 mana
917: 108.5 dps, 4000 hp, 198 mana
918: 108.3 dps, 4000 hp, 216 mana
919: 108.2 dps, 4000 hp, 216 mana
920: 108.1 dps, 4000 hp, 216 mana
921: 108.0 dps, 4000 hp, 216 mana
922: 107.9 dps, 4000 hp, 216 mana
923: 107.7 dps, 4000 hp, 216 mana
924: 107.6 dps, 4000 hp, 254 mana
925: 107.5 dps, 4000 hp, 254 mana
926: 107.4 dps, 4000 hp, 254 mana
927: 107.3 dps, 4000 hp, 254 mana
928: 107.2 dps, 4000 hp, 254 mana
929: 107.1 dps, 4000 hp, 254 mana
930: 106.9 dps, 4000 hp, 292 mana
931: 106.8 dps, 4000 hp, 292 mana
932: 106.7 dps, 4000 hp, 292 mana
933: 106.6 dps, 4000 hp, 292 mana
934: 106.5 dps, 4000 hp, 292 mana
935: 106.4 dps, 4000 hp, 292 mana
936: 106.2 dps, 4000 hp, 330 mana
937: 106.1 dps, 4000 hp, 330 mana
938: 106.0 dps, 4000 hp, 330 mana
939: 105.9 dps, 4000 hp, 330 mana
940: 105.8 dps, 4000 hp, 330 mana
941: 105.7 dps, 4000 hp, 330 mana
942: 105.6 dps, 4000 hp, 368 mana
943: 105.5 dps, 4000 hp, 368 mana
944: 105.3 dps, 4000 hp, 368 mana
945: 105.2 dps, 4000 hp, 368 mana
946: 105.1 dps, 4000 hp, 368 mana
947: 105.0 dps, 4000 hp, 368 mana
948: startcast miniCH
948: 104.9 dps, 4000 hp, 406 mana
949: 104.8 dps, 4000 hp, 406 mana
950: 104.7 dps, 4000 hp, 406 mana
951: 104.6 dps, 4000 hp, 406 mana
952: 104.5 dps, 4000 hp, 406 mana
953: 104.4 dps, 4000 hp, 406 mana
954: 104.2 dps, 4000 hp, 424 mana
955: 104.1 dps, 4000 hp, 424 mana
956: 104.0 dps, 4000 hp, 424 mana
957: 103.9 dps, 4000 hp, 424 mana
958: miniCH tick
958: finished casting miniCH
958: 106.9 dps, 4000 hp, 184 mana
959: 106.8 dps, 4000 hp, 184 mana
960: 106.6 dps, 4000 hp, 202 mana
961: 106.5 dps, 4000 hp, 202 mana
962: 106.4 dps, 4000 hp, 202 mana
963: 106.3 dps, 4000 hp, 202 mana
964: 106.2 dps, 4000 hp, 202 mana
965: 106.1 dps, 4000 hp, 202 mana
966: 106.0 dps, 4000 hp, 240 mana
967: 105.9 dps, 4000 hp, 240 mana
968: 105.8 dps, 4000 hp, 240 mana
969: 105.7 dps, 4000 hp, 240 mana
970: 105.5 dps, 4000 hp, 240 mana
971: 105.4 dps, 4000 hp, 240 mana
972: 105.3 dps, 4000 hp, 278 mana
973: 105.2 dps, 4000 hp, 278 mana
974: 105.1 dps, 4000 hp, 278 mana
975: 105.0 dps, 4000 hp, 278 mana
976: 104.9 dps, 4000 hp, 278 mana
977: 104.8 dps, 4000 hp, 278 mana
978: 104.7 dps, 4000 hp, 316 mana
979: 104.6 dps, 4000 hp, 316 mana
980: 104.5 dps, 4000 hp, 316 mana
981: 104.4 dps, 4000 hp, 316 mana
982: 104.3 dps, 4000 hp, 316 mana
983: 104.1 dps, 4000 hp, 316 mana
984: 104.0 dps, 4000 hp, 354 mana
985: 103.9 dps, 4000 hp, 354 mana
986: 103.8 dps, 4000 hp, 354 mana
987: 103.7 dps, 4000 hp, 354 mana
988: 103.6 dps, 4000 hp, 354 mana
989: 103.5 dps, 4000 hp, 354 mana
990: 103.4 dps, 4000 hp, 392 mana
991: 103.3 dps, 4000 hp, 392 mana
992: 103.2 dps, 4000 hp, 392 mana
993: 103.1 dps, 4000 hp, 392 mana
994: 103.0 dps, 4000 hp, 392 mana
995: 102.9 dps, 4000 hp, 392 mana
996: startcast miniCH
996: 102.8 dps, 4000 hp, 430 mana
997: 102.7 dps, 4000 hp, 430 mana
998: 102.6 dps, 4000 hp, 430 mana
999: 102.5 dps, 4000 hp, 430 mana
1000: 102.4 dps, 4000 hp, 430 mana
1001: 102.3 dps, 4000 hp, 430 mana
1002: 102.2 dps, 4000 hp, 448 mana
1003: 102.1 dps, 4000 hp, 448 mana
1004: 102.0 dps, 4000 hp, 448 mana
1005: 101.9 dps, 4000 hp, 448 mana
1006: miniCH tick
1006: finished casting miniCH
1006: 104.7 dps, 4000 hp, 208 mana
1007: 104.6 dps, 4000 hp, 208 mana
1008: 104.5 dps, 4000 hp, 226 mana
1009: 104.4 dps, 4000 hp, 226 mana
1010: 104.3 dps, 4000 hp, 226 mana
1011: 104.2 dps, 4000 hp, 226 mana
1012: 104.1 dps, 4000 hp, 226 mana
1013: 103.9 dps, 4000 hp, 226 mana
1014: 103.8 dps, 4000 hp, 264 mana
1015: 103.7 dps, 4000 hp, 264 mana
1016: 103.6 dps, 4000 hp, 264 mana
1017: 103.5 dps, 4000 hp, 264 mana
1018: 103.4 dps, 4000 hp, 264 mana
1019: 103.3 dps, 4000 hp, 264 mana
1020: 103.2 dps, 4000 hp, 302 mana
1021: 103.1 dps, 4000 hp, 302 mana
1022: 103.0 dps, 4000 hp, 302 mana
1023: 102.9 dps, 4000 hp, 302 mana
1024: 102.8 dps, 4000 hp, 302 mana
1025: 102.7 dps, 4000 hp, 302 mana
1026: 102.6 dps, 4000 hp, 340 mana
1027: 102.5 dps, 4000 hp, 340 mana
1028: 102.4 dps, 4000 hp, 340 mana
1029: 102.3 dps, 4000 hp, 340 mana
1030: 102.2 dps, 4000 hp, 340 mana
1031: 102.1 dps, 4000 hp, 340 mana
1032: 102.0 dps, 4000 hp, 378 mana
1033: 101.9 dps, 4000 hp, 378 mana
1034: 101.8 dps, 4000 hp, 378 mana
1035: 101.7 dps, 4000 hp, 378 mana
1036: 101.6 dps, 4000 hp, 378 mana
1037: 101.5 dps, 4000 hp, 378 mana
1038: startcast miniCH
1038: 101.4 dps, 4000 hp, 416 mana
1039: 101.3 dps, 4000 hp, 416 mana
1040: 101.2 dps, 4000 hp, 416 mana
1041: 101.2 dps, 4000 hp, 416 mana
1042: 101.1 dps, 4000 hp, 416 mana
1043: 101.0 dps, 4000 hp, 416 mana
1044: 100.9 dps, 4000 hp, 434 mana
1045: 100.8 dps, 4000 hp, 434 mana
1046: 100.7 dps, 4000 hp, 434 mana
1047: 100.6 dps, 4000 hp, 434 mana
1048: miniCH tick
1048: finished casting miniCH
1048: 103.3 dps, 4000 hp, 194 mana
1049: 103.2 dps, 4000 hp, 194 mana
1050: 103.1 dps, 4000 hp, 212 mana
1051: 103.0 dps, 4000 hp, 212 mana
1052: 102.9 dps, 4000 hp, 212 mana
1053: 102.8 dps, 4000 hp, 212 mana
1054: 102.7 dps, 4000 hp, 212 mana
1055: 102.6 dps, 4000 hp, 212 mana
1056: 102.5 dps, 4000 hp, 250 mana
1057: 102.4 dps, 4000 hp, 250 mana
1058: 102.3 dps, 4000 hp, 250 mana
1059: 102.2 dps, 4000 hp, 250 mana
1060: 102.1 dps, 4000 hp, 250 mana
1061: 102.0 dps, 4000 hp, 250 mana
1062: 101.9 dps, 4000 hp, 288 mana
1063: 101.8 dps, 4000 hp, 288 mana
1064: 101.7 dps, 4000 hp, 288 mana
1065: 101.6 dps, 4000 hp, 288 mana
1066: 101.5 dps, 4000 hp, 288 mana
1067: 101.4 dps, 4000 hp, 288 mana
1068: 101.3 dps, 4000 hp, 326 mana
1069: 101.2 dps, 4000 hp, 326 mana
1070: 101.1 dps, 4000 hp, 326 mana
1071: 101.1 dps, 4000 hp, 326 mana
1072: 101.0 dps, 4000 hp, 326 mana
1073: 100.9 dps, 4000 hp, 326 mana
1074: 100.8 dps, 4000 hp, 364 mana
1075: 100.7 dps, 4000 hp, 364 mana
1076: 100.6 dps, 4000 hp, 364 mana
1077: 100.5 dps, 4000 hp, 364 mana
1078: 100.4 dps, 4000 hp, 364 mana
1079: 100.3 dps, 4000 hp, 364 mana
1080: startcast miniCH
1080: 100.2 dps, 4000 hp, 402 mana
1081: 100.1 dps, 4000 hp, 402 mana
1082: 100.0 dps, 4000 hp, 402 mana
1083: 99.9 dps, 4000 hp, 402 mana
1084: 99.8 dps, 4000 hp, 402 mana
1085: 99.7 dps, 4000 hp, 402 mana
1086: 99.7 dps, 4000 hp, 420 mana
1087: 99.6 dps, 4000 hp, 420 mana
1088: 99.5 dps, 4000 hp, 420 mana
1089: 99.4 dps, 4000 hp, 420 mana
1090: miniCH tick
1090: finished casting miniCH
1090: 102.0 dps, 4000 hp, 180 mana
1091: 101.9 dps, 4000 hp, 180 mana
1092: 101.8 dps, 4000 hp, 198 mana
1093: 101.7 dps, 4000 hp, 198 mana
1094: 101.6 dps, 4000 hp, 198 mana
1095: 101.5 dps, 4000 hp, 198 mana
1096: 101.4 dps, 4000 hp, 198 mana
1097: 101.3 dps, 4000 hp, 198 mana
1098: 101.2 dps, 4000 hp, 236 mana
1099: 101.1 dps, 4000 hp, 236 mana
1100: 101.0 dps, 4000 hp, 236 mana
1101: 101.0 dps, 4000 hp, 236 mana
1102: 100.9 dps, 4000 hp, 236 mana
1103: 100.8 dps, 4000 hp, 236 mana
1104: 100.7 dps, 4000 hp, 274 mana
1105: 100.6 dps, 4000 hp, 274 mana
1106: 100.5 dps, 4000 hp, 274 mana
1107: 100.4 dps, 4000 hp, 274 mana
1108: 100.3 dps, 4000 hp, 274 mana
1109: 100.2 dps, 4000 hp, 274 mana
1110: 100.1 dps, 4000 hp, 312 mana
1111: 100.0 dps, 4000 hp, 312 mana
1112: 100.0 dps, 4000 hp, 312 mana
1113: 99.9 dps, 4000 hp, 312 mana
1114: 99.8 dps, 4000 hp, 312 mana
1115: 99.7 dps, 4000 hp, 312 mana
1116: 99.6 dps, 4000 hp, 350 mana
1117: 99.5 dps, 4000 hp, 350 mana
1118: 99.4 dps, 4000 hp, 350 mana
1119: 99.3 dps, 4000 hp, 350 mana
1120: 99.2 dps, 4000 hp, 350 mana
1121: 99.2 dps, 4000 hp, 350 mana
1122: 99.1 dps, 4000 hp, 388 mana
1123: 99.0 dps, 4000 hp, 388 mana
1124: 98.9 dps, 4000 hp, 388 mana
1125: 98.8 dps, 4000 hp, 388 mana
1126: 98.7 dps, 4000 hp, 388 mana
1127: 98.6 dps, 4000 hp, 388 mana
1128: startcast miniCH
1128: 98.5 dps, 4000 hp, 426 mana
1129: 98.4 dps, 4000 hp, 426 mana
1130: 98.4 dps, 4000 hp, 426 mana
1131: 98.3 dps, 4000 hp, 426 mana
1132: 98.2 dps, 4000 hp, 426 mana
1133: 98.1 dps, 4000 hp, 426 mana
1134: 98.0 dps, 4000 hp, 444 mana
1135: 97.9 dps, 4000 hp, 444 mana
1136: 97.8 dps, 4000 hp, 444 mana
1137: 97.8 dps, 4000 hp, 444 mana
1138: miniCH tick
1138: finished casting miniCH
1138: 100.2 dps, 4000 hp, 204 mana
1139: 100.2 dps, 4000 hp, 204 mana
1140: 100.1 dps, 4000 hp, 222 mana
1141: 100.0 dps, 4000 hp, 222 mana
1142: 99.9 dps, 4000 hp, 222 mana
1143: 99.8 dps, 4000 hp, 222 mana
1144: 99.7 dps, 4000 hp, 222 mana
1145: 99.6 dps, 4000 hp, 222 mana
1146: 99.5 dps, 4000 hp, 260 mana
1147: 99.5 dps, 4000 hp, 260 mana
1148: 99.4 dps, 4000 hp, 260 mana
1149: 99.3 dps, 4000 hp, 260 mana
1150: 99.2 dps, 4000 hp, 260 mana
1151: 99.1 dps, 4000 hp, 260 mana
1152: 99.0 dps, 4000 hp, 298 mana
1153: 98.9 dps, 4000 hp, 298 mana
1154: 98.9 dps, 4000 hp, 298 mana
1155: 98.8 dps, 4000 hp, 298 mana
1156: 98.7 dps, 4000 hp, 298 mana
1157: 98.6 dps, 4000 hp, 298 mana
1158: 98.5 dps, 4000 hp, 336 mana
1159: 98.4 dps, 4000 hp, 336 mana
1160: 98.3 dps, 4000 hp, 336 mana
1161: 98.3 dps, 4000 hp, 336 mana
1162: 98.2 dps, 4000 hp, 336 mana
1163: 98.1 dps, 4000 hp, 336 mana
1164: 98.0 dps, 4000 hp, 374 mana
1165: 97.9 dps, 4000 hp, 374 mana
1166: 97.8 dps, 4000 hp, 374 mana
1167: 97.8 dps, 4000 hp, 374 mana
1168: 97.7 dps, 4000 hp, 374 mana
1169: 97.6 dps, 4000 hp, 374 mana
1170: startcast miniCH
1170: 97.5 dps, 4000 hp, 412 mana
1171: 97.4 dps, 4000 hp, 412 mana
1172: 97.3 dps, 4000 hp, 412 mana
1173: 97.3 dps, 4000 hp, 412 mana
1174: 97.2 dps, 4000 hp, 412 mana
1175: 97.1 dps, 4000 hp, 412 mana
1176: 97.0 dps, 4000 hp, 430 mana
1177: 96.9 dps, 4000 hp, 430 mana
1178: 96.8 dps, 4000 hp, 430 mana
1179: 96.8 dps, 4000 hp, 430 mana
1180: miniCH tick
1180: finished casting miniCH
1180: 99.2 dps, 4000 hp, 190 mana
1181: 99.1 dps, 4000 hp, 190 mana
1182: 99.0 dps, 4000 hp, 208 mana
1183: 98.9 dps, 4000 hp, 208 mana
1184: 98.8 dps, 4000 hp, 208 mana
1185: 98.7 dps, 4000 hp, 208 mana
1186: 98.7 dps, 4000 hp, 208 mana
1187: 98.6 dps, 4000 hp, 208 mana
1188: 98.5 dps, 4000 hp, 246 mana
1189: 98.4 dps, 4000 hp, 246 mana
1190: 98.3 dps, 4000 hp, 246 mana
1191: 98.2 dps, 4000 hp, 246 mana
1192: 98.2 dps, 4000 hp, 246 mana
1193: 98.1 dps, 4000 hp, 246 mana
1194: 98.0 dps, 4000 hp, 284 mana
1195: 97.9 dps, 4000 hp, 284 mana
1196: 97.8 dps, 4000 hp, 284 mana
1197: 97.7 dps, 4000 hp, 284 mana
1198: 97.7 dps, 4000 hp, 284 mana
1199: 97.6 dps, 4000 hp, 284 mana
1200: 97.5 dps, 4000 hp, 322 mana
