1: startcast turgurs
1: 0.0 dps, 4000 hp, 4000 mana
2: 0.0 dps, 4000 hp, 4000 mana
3: 0.0 dps, 4000 hp, 4000 mana
4: finished casting turgurs
4: 0.0 dps, 4000 hp, 3820 mana
5: 0.0 dps, 4000 hp, 3820 mana
6: turgurs tick
6: 0.0 dps, 4000 hp, 3829 mana
7: startcast miniCH
7: 0.0 dps, 4000 hp, 3829 mana
8: 0.0 dps, 4000 hp, 3829 mana
9: 0.0 dps, 4000 hp, 3829 mana
10: 0.0 dps, 4000 hp, 3829 mana
11: 0.0 dps, 4000 hp, 3829 mana
12: turgurs tick
12: 0.0 dps, 4000 hp, 3838 mana
13: 0.0 dps, 4000 hp, 3838 mana
14: 0.0 dps, 4000 hp, 3838 mana
15: 0.0 dps, 4000 hp, 3838 mana
16: 0.0 dps, 4000 hp, 3838 mana
17: miniCH tick
17: finished casting miniCH
17: 458.8 dps, 4000 hp, 3598 mana
18: turgurs tick
18: 433.3 dps, 4000 hp, 3607 mana
19: 410.5 dps, 4000 hp, 3607 mana
20: startcast miniCH
20: 390.0 dps, 4000 hp, 3607 mana
21: 371.4 dps, 4000 hp, 3607 mana
22: 354.5 dps, 4000 hp, 3607 mana
23: 339.1 dps, 4000 hp, 3607 mana
24: turgurs tick
24: 325.0 dps, 4000 hp, 3616 mana
25: 312.0 dps, 4000 hp, 3616 mana
26: 300.0 dps, 4000 hp, 3616 mana
27: 288.9 dps, 4000 hp, 3616 mana
28: 278.6 dps, 4000 hp, 3616 mana
29: 269.0 dps, 4000 hp, 3616 mana
30: turgurs tick
30: miniCH tick
30: finished casting miniCH
30: 520.0 dps, 4000 hp, 3385 mana
31: 503.2 dps, 4000 hp, 3385 mana
32: 487.5 dps, 4000 hp, 3385 mana
33: startcast miniCH
33: 472.7 dps, 4000 hp, 3385 mana
34: 458.8 dps, 4000 hp, 3385 mana
35: 445.7 dps, 4000 hp, 3385 mana
36: turgurs tick
36: 433.3 dps, 4000 hp, 3394 mana
37: 421.6 dps, 4000 hp, 3394 mana
38: 410.5 dps, 4000 hp, 3394 mana
39: 400.0 dps, 4000 hp, 3394 mana
40: 390.0 dps, 4000 hp, 3394 mana
41: 380.5 dps, 4000 hp, 3394 mana
42: turgurs tick
42: 371.4 dps, 4000 hp, 3403 mana
43: miniCH tick
43: finished casting miniCH
43: 544.2 dps, 4000 hp, 3163 mana
44: 531.8 dps, 4000 hp, 3163 mana
45: 520.0 dps, 4000 hp, 3163 mana
46: startcast miniCH
46: 508.7 dps, 4000 hp, 3163 mana
47: 497.9 dps, 4000 hp, 3163 mana
48: turgurs tick
48: 487.5 dps, 4000 hp, 3172 mana
49: 477.6 dps, 4000 hp, 3172 mana
50: 468.0 dps, 4000 hp, 3172 mana
51: 458.8 dps, 4000 hp, 3172 mana
52: 450.0 dps, 4000 hp, 3172 mana
53: 441.5 dps, 4000 hp, 3172 mana
54: turgurs tick
54: 433.3 dps, 4000 hp, 3181 mana
55: 425.5 dps, 4000 hp, 3181 mana
56: miniCH tick
56: finished casting miniCH
56: 557.1 dps, 4000 hp, 2941 mana
57: 547.4 dps, 4000 hp, 2941 mana
58: 537.9 dps, 4000 hp, 2941 mana
59: startcast miniCH
59: 528.8 dps, 4000 hp, 2941 mana
60: turgurs tick
60: 520.0 dps, 4000 hp, 2950 mana
61: 511.5 dps, 4000 hp, 2950 mana
62: 503.2 dps, 4000 hp, 2950 mana
63: 495.2 dps, 4000 hp, 2950 mana
64: 487.5 dps, 4000 hp, 2950 mana
65: 480.0 dps, 4000 hp, 2950 mana
66: turgurs tick
66: 472.7 dps, 4000 hp, 2959 mana
67: 465.7 dps, 4000 hp, 2959 mana
68: 458.8 dps, 4000 hp, 2959 mana
69: miniCH tick
69: finished casting miniCH
69: 565.2 dps, 4000 hp, 2719 mana
70: 557.1 dps, 4000 hp, 2719 mana
71: 549.3 dps, 4000 hp, 2719 mana
72: turgurs tick
72: startcast miniCH
72: 541.7 dps, 4000 hp, 2728 mana
73: 534.2 dps, 4000 hp, 2728 mana
74: 527.0 dps, 4000 hp, 2728 mana
75: 520.0 dps, 4000 hp, 2728 mana
76: 513.2 dps, 4000 hp, 2728 mana
77: 506.5 dps, 4000 hp, 2728 mana
78: turgurs tick
78: 500.0 dps, 4000 hp, 2737 mana
79: 493.7 dps, 4000 hp, 2737 mana
80: 487.5 dps, 4000 hp, 2737 mana
81: 481.5 dps, 4000 hp, 2737 mana
82: miniCH tick
82: finished casting miniCH
82: 570.7 dps, 4000 hp, 2497 mana
83: 563.9 dps, 4000 hp, 2497 mana
84: turgurs tick
84: 557.1 dps, 4000 hp, 2506 mana
85: cann5 tick
85: finished casting cann5
85: startcast cann5
85: 550.6 dps, 2076 hp, 3572 mana
86: startcast miniCH
86: 544.2 dps, 2076 hp, 3572 mana
87: 537.9 dps, 2076 hp, 3572 mana
88: 531.8 dps, 2076 hp, 3572 mana
89: 525.8 dps, 2076 hp, 3572 mana
90: turgurs tick
90: 520.0 dps, 2095 hp, 3581 mana
91: 514.3 dps, 2095 hp, 3581 mana
92: 508.7 dps, 2095 hp, 3581 mana
93: 503.2 dps, 2095 hp, 3581 mana
94: 497.9 dps, 2095 hp, 3581 mana
95: 492.6 dps, 2095 hp, 3581 mana
96: turgurs tick
96: miniCH tick
96: finished casting miniCH
96: 568.8 dps, 2114 hp, 3350 mana
97: 562.9 dps, 2114 hp, 3350 mana
98: 557.1 dps, 2114 hp, 3350 mana
99: startcast miniCH
99: 551.5 dps, 2114 hp, 3350 mana
100: 546.0 dps, 2114 hp, 3350 mana
101: 540.6 dps, 2114 hp, 3350 mana
102: turgurs tick
102: 535.3 dps, 2133 hp, 3359 mana
103: 530.1 dps, 2133 hp, 3359 mana
104: 525.0 dps, 2133 hp, 3359 mana
105: 520.0 dps, 2133 hp, 3359 mana
106: 515.1 dps, 2133 hp, 3359 mana
107: 510.3 dps, 2133 hp, 3359 mana
108: turgurs tick
108: 505.6 dps, 2152 hp, 3368 mana
109: miniCH tick
109: finished casting miniCH
109: 572.5 dps, 2152 hp, 3128 mana
110: 567.3 dps, 2152 hp, 3128 mana
111: 562.2 dps, 2152 hp, 3128 mana
112: startcast miniCH
112: 557.1 dps, 2152 hp, 3128 mana
113: 552.2 dps, 2152 hp, 3128 mana
114: turgurs tick
114: 547.4 dps, 2171 hp, 3137 mana
115: 542.6 dps, 2171 hp, 3137 mana
116: 537.9 dps, 2171 hp, 3137 mana
117: 533.3 dps, 2171 hp, 3137 mana
118: 528.8 dps, 2171 hp, 3137 mana
119: 524.4 dps, 2171 hp, 3137 mana
120: turgurs tick
120: 520.0 dps, 2190 hp, 3146 mana
121: 515.7 dps, 2190 hp, 3146 mana
122: miniCH tick
122: finished casting miniCH
122: 575.4 dps, 2190 hp, 2906 mana
123: 570.7 dps, 2190 hp, 2906 mana
124: 566.1 dps, 2190 hp, 2906 mana
125: startcast miniCH
125: 561.6 dps, 2190 hp, 2906 mana
126: turgurs tick
126: 557.1 dps, 2209 hp, 2915 mana
127: 552.8 dps, 2209 hp, 2915 mana
128: 548.4 dps, 2209 hp, 2915 mana
129: 544.2 dps, 2209 hp, 2915 mana
130: 540.0 dps, 2209 hp, 2915 mana
131: 535.9 dps, 2209 hp, 2915 mana
132: turgurs tick
132: 531.8 dps, 2228 hp, 2924 mana
133: 527.8 dps, 2228 hp, 2924 mana
134: 523.9 dps, 2228 hp, 2924 mana
135: miniCH tick
135: finished casting miniCH
135: 577.8 dps, 2228 hp, 2684 mana
136: 573.5 dps, 2228 hp, 2684 mana
137: 569.3 dps, 2228 hp, 2684 mana
138: turgurs tick
138: startcast miniCH
138: 565.2 dps, 2247 hp, 2693 mana
139: 561.2 dps, 2247 hp, 2693 mana
140: 557.1 dps, 2247 hp, 2693 mana
141: 553.2 dps, 2247 hp, 2693 mana
142: 549.3 dps, 2247 hp, 2693 mana
143: 545.5 dps, 2247 hp, 2693 mana
144: turgurs tick
144: 541.7 dps, 2266 hp, 2702 mana
145: 537.9 dps, 2266 hp, 2702 mana
146: 534.2 dps, 2266 hp, 2702 mana
147: 530.6 dps, 2266 hp, 2702 mana
148: miniCH tick
148: finished casting miniCH
148: 579.7 dps, 2266 hp, 2462 mana
149: 575.8 dps, 2266 hp, 2462 mana
150: turgurs tick
150: 572.0 dps, 2285 hp, 2471 mana
151: startcast miniCH
151: 568.2 dps, 2285 hp, 2471 mana
152: 564.5 dps, 2285 hp, 2471 mana
153: 560.8 dps, 2285 hp, 2471 mana
154: 557.1 dps, 2285 hp, 2471 mana
155: 553.5 dps, 2285 hp, 2471 mana
156: turgurs tick
156: 550.0 dps, 2304 hp, 2480 mana
157: 546.5 dps, 2304 hp, 2480 mana
158: 543.0 dps, 2304 hp, 2480 mana
159: 539.6 dps, 2304 hp, 2480 mana
160: 536.2 dps, 2304 hp, 2480 mana
161: miniCH tick
161: finished casting miniCH
161: 581.4 dps, 2304 hp, 2240 mana
162: turgurs tick
162: 577.8 dps, 2323 hp, 2249 mana
163: 574.2 dps, 2323 hp, 2249 mana
164: startcast miniCH
164: 570.7 dps, 2323 hp, 2249 mana
165: 567.3 dps, 2323 hp, 2249 mana
166: 563.9 dps, 2323 hp, 2249 mana
167: 560.5 dps, 2323 hp, 2249 mana
168: turgurs tick
168: 557.1 dps, 2342 hp, 2258 mana
169: 553.8 dps, 2342 hp, 2258 mana
170: 550.6 dps, 2342 hp, 2258 mana
171: 547.4 dps, 2342 hp, 2258 mana
172: 544.2 dps, 2342 hp, 2258 mana
173: 541.0 dps, 2342 hp, 2258 mana
174: turgurs tick
174: miniCH tick
174: finished casting miniCH
174: 582.8 dps, 2361 hp, 2027 mana
175: 579.4 dps, 2361 hp, 2027 mana
176: 576.1 dps, 2361 hp, 2027 mana
177: startcast miniCH
177: 572.9 dps, 2361 hp, 2027 mana
178: 569.7 dps, 2361 hp, 2027 mana
179: 566.5 dps, 2361 hp, 2027 mana
180: turgurs tick
180: 563.3 dps, 2380 hp, 2036 mana
181: 560.2 dps, 2380 hp, 2036 mana
182: 557.1 dps, 2380 hp, 2036 mana
183: 554.1 dps, 2380 hp, 2036 mana
184: 551.1 dps, 2380 hp, 2036 mana
185: 548.1 dps, 2380 hp, 2036 mana
186: turgurs tick
186: 545.2 dps, 2399 hp, 2045 mana
187: miniCH tick
187: finished casting miniCH
187: 584.0 dps, 2399 hp, 1805 mana
188: 580.9 dps, 2399 hp, 1805 mana
189: 577.8 dps, 2399 hp, 1805 mana
190: startcast miniCH
190: 574.7 dps, 2399 hp, 1805 mana
191: 571.7 dps, 2399 hp, 1805 mana
192: turgurs tick
192: 568.8 dps, 2418 hp, 1814 mana
193: 565.8 dps, 2418 hp, 1814 mana
194: 562.9 dps, 2418 hp, 1814 mana
195: 560.0 dps, 2418 hp, 1814 mana
196: 557.1 dps, 2418 hp, 1814 mana
197: 554.3 dps, 2418 hp, 1814 mana
198: turgurs tick
198: 551.5 dps, 2437 hp, 1823 mana
199: 548.7 dps, 2437 hp, 1823 mana
200: miniCH tick
200: finished casting miniCH
200: 585.0 dps, 2437 hp, 1583 mana
201: 582.1 dps, 2437 hp, 1583 mana
202: 579.2 dps, 2437 hp, 1583 mana
203: startcast miniCH
203: 576.4 dps, 2437 hp, 1583 mana
204: turgurs tick
204: 573.5 dps, 2456 hp, 1592 mana
205: 570.7 dps, 2456 hp, 1592 mana
206: 568.0 dps, 2456 hp, 1592 mana
207: 565.2 dps, 2456 hp, 1592 mana
208: 562.5 dps, 2456 hp, 1592 mana
209: 559.8 dps, 2456 hp, 1592 mana
210: turgurs tick
210: 557.1 dps, 2475 hp, 1601 mana
211: 554.5 dps, 2475 hp, 1601 mana
212: 551.9 dps, 2475 hp, 1601 mana
213: miniCH tick
213: finished casting miniCH
213: 585.9 dps, 2475 hp, 1361 mana
214: 583.2 dps, 2475 hp, 1361 mana
215: 580.5 dps, 2475 hp, 1361 mana
216: turgurs tick
216: startcast miniCH
216: 577.8 dps, 2494 hp, 1370 mana
217: 575.1 dps, 2494 hp, 1370 mana
218: 572.5 dps, 2494 hp, 1370 mana
219: 569.9 dps, 2494 hp, 1370 mana
220: 567.3 dps, 2494 hp, 1370 mana
221: 564.7 dps, 2494 hp, 1370 mana
222: turgurs tick
222: 562.2 dps, 2513 hp, 1379 mana
223: 559.6 dps, 2513 hp, 1379 mana
224: 557.1 dps, 2513 hp, 1379 mana
225: 554.7 dps, 2513 hp, 1379 mana
226: miniCH tick
226: finished casting miniCH
226: 586.7 dps, 2513 hp, 1139 mana
227: 584.1 dps, 2513 hp, 1139 mana
228: turgurs tick
228: 581.6 dps, 2532 hp, 1148 mana
229: startcast miniCH
229: 579.0 dps, 2532 hp, 1148 mana
230: 576.5 dps, 2532 hp, 1148 mana
231: 574.0 dps, 2532 hp, 1148 mana
232: 571.6 dps, 2532 hp, 1148 mana
233: 569.1 dps, 2532 hp, 1148 mana
234: turgurs tick
234: 566.7 dps, 2551 hp, 1157 mana
235: 564.3 dps, 2551 hp, 1157 mana
236: 561.9 dps, 2551 hp, 1157 mana
237: 559.5 dps, 2551 hp, 1157 mana
238: 557.1 dps, 2551 hp, 1157 mana
239: miniCH tick
239: finished casting miniCH
239: 587.4 dps, 2551 hp, 917 mana
240: turgurs tick
240: 585.0 dps, 2570 hp, 926 mana
241: 582.6 dps, 2570 hp, 926 mana
242: startcast miniCH
242: 580.2 dps, 2570 hp, 926 mana
243: 577.8 dps, 2570 hp, 926 mana
244: 575.4 dps, 2570 hp, 926 mana
245: 573.1 dps, 2570 hp, 926 mana
246: turgurs tick
246: 570.7 dps, 2589 hp, 935 mana
247: 568.4 dps, 2589 hp, 935 mana
248: 566.1 dps, 2589 hp, 935 mana
249: 563.9 dps, 2589 hp, 935 mana
250: 561.6 dps, 2589 hp, 935 mana
251: 559.4 dps, 2589 hp, 935 mana
252: turgurs tick
252: miniCH tick
252: finished casting miniCH
252: 588.1 dps, 2608 hp, 704 mana
253: 585.8 dps, 2608 hp, 704 mana
254: 583.5 dps, 2608 hp, 704 mana
255: startcast miniCH
255: 581.2 dps, 2608 hp, 704 mana
256: 578.9 dps, 2608 hp, 704 mana
257: 576.7 dps, 2608 hp, 704 mana
258: turgurs tick
258: 574.4 dps, 2627 hp, 713 mana
259: 572.2 dps, 2627 hp, 713 mana
260: 570.0 dps, 2627 hp, 713 mana
261: 567.8 dps, 2627 hp, 713 mana
262: 565.6 dps, 2627 hp, 713 mana
263: 563.5 dps, 2627 hp, 713 mana
264: turgurs tick
264: 561.4 dps, 2646 hp, 722 mana
265: miniCH tick
265: finished casting miniCH
265: 588.7 dps, 2646 hp, 482 mana
266: 586.5 dps, 2646 hp, 482 mana
267: 584.3 dps, 2646 hp, 482 mana
268: cann5 tick
268: finished casting cann5
268: startcast cann5
268: 582.1 dps, 722 hp, 1548 mana
269: startcast torpor
269: 579.9 dps, 722 hp, 1548 mana
270: turgurs tick
270: 577.8 dps, 741 hp, 1557 mana
271: 575.6 dps, 741 hp, 1557 mana
272: 573.5 dps, 741 hp, 1557 mana
273: finished casting torpor
273: 571.4 dps, 741 hp, 1437 mana
274: 569.3 dps, 741 hp, 1437 mana
275: 567.3 dps, 741 hp, 1437 mana
276: torpor tick
276: turgurs tick
276: startcast miniCH
276: 565.2 dps, 1060 hp, 1446 mana
277: 563.2 dps, 1060 hp, 1446 mana
278: 561.2 dps, 1060 hp, 1446 mana
279: 559.1 dps, 1060 hp, 1446 mana
280: 557.1 dps, 1060 hp, 1446 mana
281: 555.2 dps, 1060 hp, 1446 mana
282: torpor tick
282: turgurs tick
282: 553.2 dps, 1379 hp, 1455 mana
283: 551.2 dps, 1379 hp, 1455 mana
284: 549.3 dps, 1379 hp, 1455 mana
285: 547.4 dps, 1379 hp, 1455 mana
286: miniCH tick
286: finished casting miniCH
286: 572.7 dps, 1379 hp, 1215 mana
287: 570.7 dps, 1379 hp, 1215 mana
288: torpor tick
288: turgurs tick
288: 568.8 dps, 1698 hp, 1224 mana
289: startcast miniCH
289: 566.8 dps, 1698 hp, 1224 mana
290: 564.8 dps, 1698 hp, 1224 mana
291: 562.9 dps, 1698 hp, 1224 mana
292: 561.0 dps, 1698 hp, 1224 mana
293: 559.0 dps, 1698 hp, 1224 mana
294: torpor tick
294: turgurs tick
294: 557.1 dps, 2017 hp, 1233 mana
295: 555.3 dps, 2017 hp, 1233 mana
296: 553.4 dps, 2017 hp, 1233 mana
297: 551.5 dps, 2017 hp, 1233 mana
298: 549.7 dps, 2017 hp, 1233 mana
299: miniCH tick
299: finished casting miniCH
299: 573.9 dps, 2017 hp, 993 mana
300: torpor tick
300: turgurs tick
300: 572.0 dps, 2336 hp, 1002 mana
301: 570.1 dps, 2336 hp, 1002 mana
302: startcast miniCH
302: 568.2 dps, 2336 hp, 1002 mana
303: 566.3 dps, 2336 hp, 1002 mana
304: 564.5 dps, 2336 hp, 1002 mana
305: 562.6 dps, 2336 hp, 1002 mana
306: torpor tick
306: turgurs tick
306: 560.8 dps, 2655 hp, 1011 mana
307: 559.0 dps, 2655 hp, 1011 mana
308: 557.1 dps, 2655 hp, 1011 mana
309: 555.3 dps, 2655 hp, 1011 mana
310: 553.5 dps, 2655 hp, 1011 mana
311: 551.8 dps, 2655 hp, 1011 mana
312: turgurs tick
312: miniCH tick
312: finished casting miniCH
312: 575.0 dps, 2674 hp, 780 mana
313: 573.2 dps, 2674 hp, 780 mana
314: 571.3 dps, 2674 hp, 780 mana
315: startcast miniCH
315: 569.5 dps, 2674 hp, 780 mana
316: 567.7 dps, 2674 hp, 780 mana
317: 565.9 dps, 2674 hp, 780 mana
318: turgurs tick
318: 564.2 dps, 2693 hp, 789 mana
319: 562.4 dps, 2693 hp, 789 mana
320: 560.6 dps, 2693 hp, 789 mana
321: 558.9 dps, 2693 hp, 789 mana
322: 557.1 dps, 2693 hp, 789 mana
323: 555.4 dps, 2693 hp, 789 mana
324: turgurs tick
324: 553.7 dps, 2712 hp, 798 mana
325: miniCH tick
325: finished casting miniCH
325: 576.0 dps, 2712 hp, 558 mana
326: 574.2 dps, 2712 hp, 558 mana
327: 572.5 dps, 2712 hp, 558 mana
328: startcast miniCH
328: 570.7 dps, 2712 hp, 558 mana
329: 569.0 dps, 2712 hp, 558 mana
330: turgurs tick
330: 567.3 dps, 2731 hp, 567 mana
331: 565.6 dps, 2731 hp, 567 mana
332: 563.9 dps, 2731 hp, 567 mana
333: 562.2 dps, 2731 hp, 567 mana
334: 560.5 dps, 2731 hp, 567 mana
335: 558.8 dps, 2731 hp, 567 mana
336: turgurs tick
336: 557.1 dps, 2750 hp, 576 mana
337: 555.5 dps, 2750 hp, 576 mana
338: miniCH tick
338: finished casting miniCH
338: 576.9 dps, 2750 hp, 336 mana
339: 575.2 dps, 2750 hp, 336 mana
340: 573.5 dps, 2750 hp, 336 mana
341: startcast cann4
341: 571.8 dps, 2750 hp, 336 mana
342: turgurs tick
342: 570.2 dps, 2769 hp, 345 mana
343: 568.5 dps, 2769 hp, 345 mana
344: cann4 tick
344: finished casting cann4
344: 566.9 dps, 2621 hp, 427 mana
345: 565.2 dps, 2621 hp, 427 mana
346: startcast miniCH
346: 563.6 dps, 2621 hp, 427 mana
347: 562.0 dps, 2621 hp, 427 mana
348: turgurs tick
348: 560.3 dps, 2640 hp, 436 mana
349: 558.7 dps, 2640 hp, 436 mana
350: 557.1 dps, 2640 hp, 436 mana
351: 555.6 dps, 2640 hp, 436 mana
352: 554.0 dps, 2640 hp, 436 mana
353: 552.4 dps, 2640 hp, 436 mana
354: turgurs tick
354: 550.8 dps, 2659 hp, 445 mana
355: 549.3 dps, 2659 hp, 445 mana
356: miniCH tick
356: finished casting miniCH
356: 569.7 dps, 2659 hp, 205 mana
357: 568.1 dps, 2659 hp, 205 mana
358: 566.5 dps, 2659 hp, 205 mana
359: startcast cann4
359: 564.9 dps, 2659 hp, 205 mana
360: turgurs tick
360: 563.3 dps, 2678 hp, 214 mana
361: 561.8 dps, 2678 hp, 214 mana
362: cann4 tick
362: finished casting cann4
362: 560.2 dps, 2530 hp, 296 mana
363: 558.7 dps, 2530 hp, 296 mana
364: startcast cann4
364: 557.1 dps, 2530 hp, 296 mana
365: 555.6 dps, 2530 hp, 296 mana
366: turgurs tick
366: 554.1 dps, 2549 hp, 305 mana
367: cann4 tick
367: finished casting cann4
367: 552.6 dps, 2401 hp, 387 mana
368: 551.1 dps, 2401 hp, 387 mana
369: startcast cann4
369: 549.6 dps, 2401 hp, 387 mana
370: 548.1 dps, 2401 hp, 387 mana
371: 546.6 dps, 2401 hp, 387 mana
372: turgurs tick
372: cann4 tick
372: finished casting cann4
372: 545.2 dps, 2272 hp, 478 mana
373: 543.7 dps, 2272 hp, 478 mana
374: startcast miniCH
374: 542.2 dps, 2272 hp, 478 mana
375: 540.8 dps, 2272 hp, 478 mana
376: 539.4 dps, 2272 hp, 478 mana
377: 537.9 dps, 2272 hp, 478 mana
378: turgurs tick
378: 536.5 dps, 2291 hp, 487 mana
379: 535.1 dps, 2291 hp, 487 mana
380: 533.7 dps, 2291 hp, 487 mana
381: 532.3 dps, 2291 hp, 487 mana
382: 530.9 dps, 2291 hp, 487 mana
383: 529.5 dps, 2291 hp, 487 mana
384: turgurs tick
384: miniCH tick
384: finished casting miniCH
384: 548.4 dps, 2310 hp, 256 mana
385: 547.0 dps, 2310 hp, 256 mana
386: 545.6 dps, 2310 hp, 256 mana
387: startcast cann4
387: 544.2 dps, 2310 hp, 256 mana
388: 542.8 dps, 2310 hp, 256 mana
389: 541.4 dps, 2310 hp, 256 mana
390: turgurs tick
390: cann4 tick
390: finished casting cann4
390: 540.0 dps, 2181 hp, 347 mana
391: 538.6 dps, 2181 hp, 347 mana
392: startcast cann4
392: 537.2 dps, 2181 hp, 347 mana
393: 535.9 dps, 2181 hp, 347 mana
394: 534.5 dps, 2181 hp, 347 mana
395: cann4 tick
395: finished casting cann4
395: 533.2 dps, 2033 hp, 429 mana
396: turgurs tick
396: 531.8 dps, 2052 hp, 438 mana
397: startcast miniCH
397: 530.5 dps, 2052 hp, 438 mana
398: 529.1 dps, 2052 hp, 438 mana
399: 527.8 dps, 2052 hp, 438 mana
400: 526.5 dps, 2052 hp, 438 mana
401: 525.2 dps, 2052 hp, 438 mana
402: turgurs tick
402: 523.9 dps, 2071 hp, 447 mana
403: 522.6 dps, 2071 hp, 447 mana
404: 521.3 dps, 2071 hp, 447 mana
405: 520.0 dps, 2071 hp, 447 mana
406: 518.7 dps, 2071 hp, 447 mana
407: miniCH tick
407: finished casting miniCH
407: 536.6 dps, 2071 hp, 207 mana
408: turgurs tick
408: 535.3 dps, 2090 hp, 216 mana
409: 534.0 dps, 2090 hp, 216 mana
410: startcast cann4
410: 532.7 dps, 2090 hp, 216 mana
411: 531.4 dps, 2090 hp, 216 mana
412: 530.1 dps, 2090 hp, 216 mana
413: cann4 tick
413: finished casting cann4
413: 528.8 dps, 1942 hp, 298 mana
414: turgurs tick
414: 527.5 dps, 1961 hp, 307 mana
415: startcast torpor
415: 526.3 dps, 1961 hp, 307 mana
416: 525.0 dps, 1961 hp, 307 mana
417: 523.7 dps, 1961 hp, 307 mana
418: 522.5 dps, 1961 hp, 307 mana
419: finished casting torpor
419: 521.2 dps, 1961 hp, 187 mana
420: torpor tick
420: turgurs tick
420: 520.0 dps, 2280 hp, 196 mana
421: 518.8 dps, 2280 hp, 196 mana
422: startcast cann4
422: 517.5 dps, 2280 hp, 196 mana
423: 516.3 dps, 2280 hp, 196 mana
424: 515.1 dps, 2280 hp, 196 mana
425: cann4 tick
425: finished casting cann4
425: 513.9 dps, 2132 hp, 278 mana
426: torpor tick
426: turgurs tick
426: 512.7 dps, 2451 hp, 287 mana
427: startcast cann4
427: 511.5 dps, 2451 hp, 287 mana
428: 510.3 dps, 2451 hp, 287 mana
429: 509.1 dps, 2451 hp, 287 mana
430: cann4 tick
430: finished casting cann4
430: 507.9 dps, 2303 hp, 369 mana
431: 506.7 dps, 2303 hp, 369 mana
432: torpor tick
432: turgurs tick
432: startcast turgurs
432: 505.6 dps, 2622 hp, 378 mana
433: 504.4 dps, 2622 hp, 378 mana
434: 503.2 dps, 2622 hp, 378 mana
435: finished casting turgurs
435: 502.1 dps, 2622 hp, 198 mana
436: 500.9 dps, 2622 hp, 198 mana
437: 499.8 dps, 2622 hp, 198 mana
438: torpor tick
438: turgurs tick
438: startcast cann4
438: 498.6 dps, 2941 hp, 207 mana
439: 497.5 dps, 2941 hp, 207 mana
440: 496.4 dps, 2941 hp, 207 mana
441: cann4 tick
441: finished casting cann4
441: 495.2 dps, 2793 hp, 289 mana
442: 494.1 dps, 2793 hp, 289 mana
443: startcast cann4
443: 493.0 dps, 2793 hp, 289 mana
444: torpor tick
444: turgurs tick
444: 491.9 dps, 3112 hp, 298 mana
445: 490.8 dps, 3112 hp, 298 mana
446: cann4 tick
446: finished casting cann4
446: 489.7 dps, 2964 hp, 380 mana
447: 488.6 dps, 2964 hp, 380 mana
448: cann5 tick
448: finished casting cann5
448: startcast cann5
448: 487.5 dps, 1040 hp, 1446 mana
449: startcast miniCH
449: 486.4 dps, 1040 hp, 1446 mana
450: torpor tick
450: turgurs tick
450: 485.3 dps, 1359 hp, 1455 mana
451: 484.3 dps, 1359 hp, 1455 mana
452: 483.2 dps, 1359 hp, 1455 mana
453: 482.1 dps, 1359 hp, 1455 mana
454: 481.1 dps, 1359 hp, 1455 mana
455: 480.0 dps, 1359 hp, 1455 mana
456: turgurs tick
456: 478.9 dps, 1378 hp, 1464 mana
457: 477.9 dps, 1378 hp, 1464 mana
458: 476.9 dps, 1378 hp, 1464 mana
459: miniCH tick
459: finished casting miniCH
459: 492.8 dps, 1378 hp, 1224 mana
460: 491.7 dps, 1378 hp, 1224 mana
461: 490.7 dps, 1378 hp, 1224 mana
462: turgurs tick
462: startcast torpor
462: 489.6 dps, 1397 hp, 1233 mana
463: 488.6 dps, 1397 hp, 1233 mana
464: 487.5 dps, 1397 hp, 1233 mana
465: 486.5 dps, 1397 hp, 1233 mana
466: finished casting torpor
466: 485.4 dps, 1397 hp, 1113 mana
467: 484.4 dps, 1397 hp, 1113 mana
468: torpor tick
468: turgurs tick
468: 483.3 dps, 1716 hp, 1122 mana
469: startcast miniCH
469: 482.3 dps, 1716 hp, 1122 mana
470: 481.3 dps, 1716 hp, 1122 mana
471: 480.3 dps, 1716 hp, 1122 mana
472: 479.2 dps, 1716 hp, 1122 mana
473: 478.2 dps, 1716 hp, 1122 mana
474: torpor tick
474: turgurs tick
474: 477.2 dps, 2035 hp, 1131 mana
475: 476.2 dps, 2035 hp, 1131 mana
476: 475.2 dps, 2035 hp, 1131 mana
477: 474.2 dps, 2035 hp, 1131 mana
478: 473.2 dps, 2035 hp, 1131 mana
479: miniCH tick
479: finished casting miniCH
479: 488.5 dps, 2035 hp, 891 mana
480: torpor tick
480: turgurs tick
480: 487.5 dps, 2354 hp, 900 mana
481: 486.5 dps, 2354 hp, 900 mana
482: startcast miniCH
482: 485.5 dps, 2354 hp, 900 mana
483: 484.5 dps, 2354 hp, 900 mana
484: 483.5 dps, 2354 hp, 900 mana
485: 482.5 dps, 2354 hp, 900 mana
486: torpor tick
486: turgurs tick
486: 481.5 dps, 2673 hp, 909 mana
487: 480.5 dps, 2673 hp, 909 mana
488: 479.5 dps, 2673 hp, 909 mana
489: 478.5 dps, 2673 hp, 909 mana
490: 477.6 dps, 2673 hp, 909 mana
491: 476.6 dps, 2673 hp, 909 mana
492: torpor tick
492: turgurs tick
492: miniCH tick
492: finished casting miniCH
492: 491.5 dps, 2992 hp, 678 mana
493: 490.5 dps, 2992 hp, 678 mana
494: 489.5 dps, 2992 hp, 678 mana
495: startcast miniCH
495: 488.5 dps, 2992 hp, 678 mana
496: 487.5 dps, 2992 hp, 678 mana
497: 486.5 dps, 2992 hp, 678 mana
498: torpor tick
498: turgurs tick
498: 485.5 dps, 3311 hp, 687 mana
499: 484.6 dps, 3311 hp, 687 mana
500: 483.6 dps, 3311 hp, 687 mana
501: 482.6 dps, 3311 hp, 687 mana
502: 481.7 dps, 3311 hp, 687 mana
503: 480.7 dps, 3311 hp, 687 mana
504: turgurs tick
504: 479.8 dps, 3330 hp, 696 mana
505: miniCH tick
505: finished casting miniCH
505: 494.3 dps, 3330 hp, 456 mana
506: 493.3 dps, 3330 hp, 456 mana
507: 492.3 dps, 3330 hp, 456 mana
508: startcast miniCH
508: 491.3 dps, 3330 hp, 456 mana
509: 490.4 dps, 3330 hp, 456 mana
510: turgurs tick
510: 489.4 dps, 3349 hp, 465 mana
511: 488.5 dps, 3349 hp, 465 mana
512: 487.5 dps, 3349 hp, 465 mana
513: 486.5 dps, 3349 hp, 465 mana
514: 485.6 dps, 3349 hp, 465 mana
515: 484.7 dps, 3349 hp, 465 mana
516: turgurs tick
516: 483.7 dps, 3368 hp, 474 mana
517: 482.8 dps, 3368 hp, 474 mana
518: miniCH tick
518: finished casting miniCH
518: 496.9 dps, 3368 hp, 234 mana
519: 496.0 dps, 3368 hp, 234 mana
520: 495.0 dps, 3368 hp, 234 mana
521: startcast cann4
521: 494.0 dps, 3368 hp, 234 mana
522: turgurs tick
522: 493.1 dps, 3387 hp, 243 mana
523: 492.2 dps, 3387 hp, 243 mana
524: cann4 tick
524: finished casting cann4
524: 491.2 dps, 3239 hp, 325 mana
525: 490.3 dps, 3239 hp, 325 mana
526: startcast cann4
526: 489.4 dps, 3239 hp, 325 mana
527: 488.4 dps, 3239 hp, 325 mana
528: turgurs tick
528: 487.5 dps, 3258 hp, 334 mana
529: cann4 tick
529: finished casting cann4
529: 486.6 dps, 3110 hp, 416 mana
530: 485.7 dps, 3110 hp, 416 mana
531: startcast miniCH
531: 484.7 dps, 3110 hp, 416 mana
532: 483.8 dps, 3110 hp, 416 mana
533: 482.9 dps, 3110 hp, 416 mana
534: turgurs tick
534: 482.0 dps, 3129 hp, 425 mana
535: 481.1 dps, 3129 hp, 425 mana
536: 480.2 dps, 3129 hp, 425 mana
537: 479.3 dps, 3129 hp, 425 mana
538: 478.4 dps, 3129 hp, 425 mana
539: 477.6 dps, 3129 hp, 425 mana
540: turgurs tick
540: 476.7 dps, 3148 hp, 434 mana
541: miniCH tick
541: finished casting miniCH
541: 490.2 dps, 3148 hp, 194 mana
542: 489.3 dps, 3148 hp, 194 mana
543: 488.4 dps, 3148 hp, 194 mana
544: startcast cann4
544: 487.5 dps, 3148 hp, 194 mana
545: 486.6 dps, 3148 hp, 194 mana
546: turgurs tick
546: 485.7 dps, 3167 hp, 203 mana
547: cann4 tick
547: finished casting cann4
547: 484.8 dps, 3019 hp, 285 mana
548: 483.9 dps, 3019 hp, 285 mana
549: startcast cann4
549: 483.1 dps, 3019 hp, 285 mana
550: 482.2 dps, 3019 hp, 285 mana
551: 481.3 dps, 3019 hp, 285 mana
552: turgurs tick
552: cann4 tick
552: finished casting cann4
552: 480.4 dps, 2890 hp, 376 mana
553: 479.6 dps, 2890 hp, 376 mana
554: startcast cann4
554: 478.7 dps, 2890 hp, 376 mana
555: 477.8 dps, 2890 hp, 376 mana
556: 477.0 dps, 2890 hp, 376 mana
557: cann4 tick
557: finished casting cann4
557: 476.1 dps, 2742 hp, 458 mana
558: turgurs tick
558: 475.3 dps, 2761 hp, 467 mana
559: startcast miniCH
559: 474.4 dps, 2761 hp, 467 mana
560: 473.6 dps, 2761 hp, 467 mana
561: 472.7 dps, 2761 hp, 467 mana
562: 471.9 dps, 2761 hp, 467 mana
563: 471.0 dps, 2761 hp, 467 mana
564: turgurs tick
564: 470.2 dps, 2780 hp, 476 mana
565: 469.4 dps, 2780 hp, 476 mana
566: 468.6 dps, 2780 hp, 476 mana
567: 467.7 dps, 2780 hp, 476 mana
568: 466.9 dps, 2780 hp, 476 mana
569: miniCH tick
569: finished casting miniCH
569: 479.8 dps, 2780 hp, 236 mana
570: turgurs tick
570: 478.9 dps, 2799 hp, 245 mana
571: 478.1 dps, 2799 hp, 245 mana
572: startcast cann4
572: 477.3 dps, 2799 hp, 245 mana
573: 476.4 dps, 2799 hp, 245 mana
574: 475.6 dps, 2799 hp, 245 mana
575: cann4 tick
575: finished casting cann4
575: 474.8 dps, 2651 hp, 327 mana
576: turgurs tick
576: 474.0 dps, 2670 hp, 336 mana
577: startcast cann4
577: 473.1 dps, 2670 hp, 336 mana
578: 472.3 dps, 2670 hp, 336 mana
579: 471.5 dps, 2670 hp, 336 mana
580: cann4 tick
580: finished casting cann4
580: 470.7 dps, 2522 hp, 418 mana
581: 469.9 dps, 2522 hp, 418 mana
582: turgurs tick
582: startcast miniCH
582: 469.1 dps, 2541 hp, 427 mana
583: 468.3 dps, 2541 hp, 427 mana
584: 467.5 dps, 2541 hp, 427 mana
585: 466.7 dps, 2541 hp, 427 mana
586: 465.9 dps, 2541 hp, 427 mana
587: 465.1 dps, 2541 hp, 427 mana
588: turgurs tick
588: 464.3 dps, 2560 hp, 436 mana
589: 463.5 dps, 2560 hp, 436 mana
590: 462.7 dps, 2560 hp, 436 mana
591: 461.9 dps, 2560 hp, 436 mana
592: miniCH tick
592: finished casting miniCH
592: 474.3 dps, 2560 hp, 196 mana
593: 473.5 dps, 2560 hp, 196 mana
594: turgurs tick
594: 472.7 dps, 2579 hp, 205 mana
595: startcast cann4
595: 471.9 dps, 2579 hp, 205 mana
596: 471.1 dps, 2579 hp, 205 mana
597: 470.4 dps, 2579 hp, 205 mana
598: cann4 tick
598: finished casting cann4
598: 469.6 dps, 2431 hp, 287 mana
599: 468.8 dps, 2431 hp, 287 mana
600: turgurs tick
600: startcast cann4
600: 468.0 dps, 2450 hp, 296 mana
601: 467.2 dps, 2450 hp, 296 mana
602: 466.4 dps, 2450 hp, 296 mana
603: cann4 tick
603: finished casting cann4
603: 465.7 dps, 2302 hp, 378 mana
604: 464.9 dps, 2302 hp, 378 mana
605: startcast cann4
605: 464.1 dps, 2302 hp, 378 mana
606: turgurs tick
606: 463.4 dps, 2321 hp, 387 mana
607: 462.6 dps, 2321 hp, 387 mana
608: cann4 tick
608: finished casting cann4
608: 461.8 dps, 2173 hp, 469 mana
609: 461.1 dps, 2173 hp, 469 mana
610: startcast miniCH
610: 460.3 dps, 2173 hp, 469 mana
611: 459.6 dps, 2173 hp, 469 mana
612: turgurs tick
612: 458.8 dps, 2192 hp, 478 mana
613: 458.1 dps, 2192 hp, 478 mana
614: 457.3 dps, 2192 hp, 478 mana
615: 456.6 dps, 2192 hp, 478 mana
616: 455.8 dps, 2192 hp, 478 mana
617: 455.1 dps, 2192 hp, 478 mana
618: turgurs tick
618: 454.4 dps, 2211 hp, 487 mana
619: 453.6 dps, 2211 hp, 487 mana
620: miniCH tick
620: finished casting miniCH
620: 465.5 dps, 2211 hp, 247 mana
621: 464.7 dps, 2211 hp, 247 mana
622: 464.0 dps, 2211 hp, 247 mana
623: startcast cann4
623: 463.2 dps, 2211 hp, 247 mana
624: turgurs tick
624: 462.5 dps, 2230 hp, 256 mana
625: 461.8 dps, 2230 hp, 256 mana
626: cann4 tick
626: finished casting cann4
626: 461.0 dps, 2082 hp, 338 mana
627: 460.3 dps, 2082 hp, 338 mana
628: cann5 tick
628: finished casting cann5
628: startcast cann5
628: 459.6 dps, 158 hp, 1404 mana
629: startcast torpor
629: 458.8 dps, 158 hp, 1404 mana
630: turgurs tick
630: 458.1 dps, 177 hp, 1413 mana
631: 457.4 dps, 177 hp, 1413 mana
632: 456.6 dps, 177 hp, 1413 mana
633: finished casting torpor
633: 455.9 dps, 177 hp, 1293 mana
634: 455.2 dps, 177 hp, 1293 mana
635: 454.5 dps, 177 hp, 1293 mana
636: torpor tick
636: turgurs tick
636: startcast miniCH
636: 453.8 dps, 496 hp, 1302 mana
637: 453.1 dps, 496 hp, 1302 mana
638: 452.4 dps, 496 hp, 1302 mana
639: 451.6 dps, 496 hp, 1302 mana
640: 450.9 dps, 496 hp, 1302 mana
641: 450.2 dps, 496 hp, 1302 mana
642: torpor tick
642: turgurs tick
642: 449.5 dps, 815 hp, 1311 mana
643: 448.8 dps, 815 hp, 1311 mana
644: 448.1 dps, 815 hp, 1311 mana
645: 447.4 dps, 815 hp, 1311 mana
646: miniCH tick
646: finished casting miniCH
646: 458.8 dps, 815 hp, 1071 mana
647: 458.1 dps, 815 hp, 1071 mana
648: torpor tick
648: turgurs tick
648: 457.4 dps, 1134 hp, 1080 mana
649: startcast miniCH
649: 456.7 dps, 1134 hp, 1080 mana
650: 456.0 dps, 1134 hp, 1080 mana
651: 455.3 dps, 1134 hp, 1080 mana
652: 454.6 dps, 1134 hp, 1080 mana
653: 453.9 dps, 1134 hp, 1080 mana
654: torpor tick
654: turgurs tick
654: 453.2 dps, 1453 hp, 1089 mana
655: 452.5 dps, 1453 hp, 1089 mana
656: 451.8 dps, 1453 hp, 1089 mana
657: 451.1 dps, 1453 hp, 1089 mana
658: 450.5 dps, 1453 hp, 1089 mana
659: miniCH tick
659: finished casting miniCH
659: 461.6 dps, 1453 hp, 849 mana
660: torpor tick
660: turgurs tick
660: 460.9 dps, 1772 hp, 858 mana
661: 460.2 dps, 1772 hp, 858 mana
662: startcast miniCH
662: 459.5 dps, 1772 hp, 858 mana
663: 458.8 dps, 1772 hp, 858 mana
664: 458.1 dps, 1772 hp, 858 mana
665: 457.4 dps, 1772 hp, 858 mana
666: torpor tick
666: turgurs tick
666: 456.8 dps, 2091 hp, 867 mana
667: 456.1 dps, 2091 hp, 867 mana
668: 455.4 dps, 2091 hp, 867 mana
669: 454.7 dps, 2091 hp, 867 mana
670: 454.0 dps, 2091 hp, 867 mana
671: 453.4 dps, 2091 hp, 867 mana
672: turgurs tick
672: miniCH tick
672: finished casting miniCH
672: 464.3 dps, 2110 hp, 636 mana
673: 463.6 dps, 2110 hp, 636 mana
674: 462.9 dps, 2110 hp, 636 mana
675: startcast miniCH
675: 462.2 dps, 2110 hp, 636 mana
676: 461.5 dps, 2110 hp, 636 mana
677: 460.9 dps, 2110 hp, 636 mana
678: turgurs tick
678: 460.2 dps, 2129 hp, 645 mana
679: 459.5 dps, 2129 hp, 645 mana
680: 458.8 dps, 2129 hp, 645 mana
681: 458.1 dps, 2129 hp, 645 mana
682: 457.5 dps, 2129 hp, 645 mana
683: 456.8 dps, 2129 hp, 645 mana
684: turgurs tick
684: 456.1 dps, 2148 hp, 654 mana
685: miniCH tick
685: finished casting miniCH
685: 466.9 dps, 2148 hp, 414 mana
686: 466.2 dps, 2148 hp, 414 mana
687: 465.5 dps, 2148 hp, 414 mana
688: startcast miniCH
688: 464.8 dps, 2148 hp, 414 mana
689: 464.2 dps, 2148 hp, 414 mana
690: turgurs tick
690: 463.5 dps, 2167 hp, 423 mana
691: 462.8 dps, 2167 hp, 423 mana
692: 462.1 dps, 2167 hp, 423 mana
693: 461.5 dps, 2167 hp, 423 mana
694: 460.8 dps, 2167 hp, 423 mana
695: 460.1 dps, 2167 hp, 423 mana
696: turgurs tick
696: 459.5 dps, 2186 hp, 432 mana
697: 458.8 dps, 2186 hp, 432 mana
698: miniCH tick
698: finished casting miniCH
698: 469.3 dps, 2186 hp, 192 mana
699: 468.7 dps, 2186 hp, 192 mana
700: 468.0 dps, 2186 hp, 192 mana
701: startcast cann4
701: 467.3 dps, 2186 hp, 192 mana
702: turgurs tick
702: 466.7 dps, 2205 hp, 201 mana
703: 466.0 dps, 2205 hp, 201 mana
704: cann4 tick
704: finished casting cann4
704: 465.3 dps, 2057 hp, 283 mana
705: 464.7 dps, 2057 hp, 283 mana
706: startcast cann4
706: 464.0 dps, 2057 hp, 283 mana
707: 463.4 dps, 2057 hp, 283 mana
708: turgurs tick
708: 462.7 dps, 2076 hp, 292 mana
709: cann4 tick
709: finished casting cann4
709: 462.1 dps, 1928 hp, 374 mana
710: 461.4 dps, 1928 hp, 374 mana
711: startcast torpor
711: 460.8 dps, 1928 hp, 374 mana
712: 460.1 dps, 1928 hp, 374 mana
713: 459.5 dps, 1928 hp, 374 mana
714: turgurs tick
714: 458.8 dps, 1947 hp, 383 mana
715: finished casting torpor
715: 458.2 dps, 1947 hp, 263 mana
716: 457.5 dps, 1947 hp, 263 mana
717: 456.9 dps, 1947 hp, 263 mana
718: startcast cann4
718: 456.3 dps, 1947 hp, 263 mana
719: 455.6 dps, 1947 hp, 263 mana
720: torpor tick
720: turgurs tick
720: 455.0 dps, 2266 hp, 272 mana
721: cann4 tick
721: finished casting cann4
721: 454.4 dps, 2118 hp, 354 mana
722: 453.7 dps, 2118 hp, 354 mana
723: startcast cann4
723: 453.1 dps, 2118 hp, 354 mana
724: 452.5 dps, 2118 hp, 354 mana
725: 451.9 dps, 2118 hp, 354 mana
726: torpor tick
726: turgurs tick
726: cann4 tick
726: finished casting cann4
726: 451.2 dps, 2289 hp, 445 mana
727: 450.6 dps, 2289 hp, 445 mana
728: startcast miniCH
728: 450.0 dps, 2289 hp, 445 mana
729: 449.4 dps, 2289 hp, 445 mana
730: 448.8 dps, 2289 hp, 445 mana
731: 448.2 dps, 2289 hp, 445 mana
732: torpor tick
732: turgurs tick
732: 447.5 dps, 2608 hp, 454 mana
733: 446.9 dps, 2608 hp, 454 mana
734: 446.3 dps, 2608 hp, 454 mana
735: 445.7 dps, 2608 hp, 454 mana
736: 445.1 dps, 2608 hp, 454 mana
737: 444.5 dps, 2608 hp, 454 mana
738: torpor tick
738: turgurs tick
738: miniCH tick
738: finished casting miniCH
738: 454.5 dps, 2927 hp, 223 mana
739: 453.9 dps, 2927 hp, 223 mana
740: 453.2 dps, 2927 hp, 223 mana
741: startcast cann4
741: 452.6 dps, 2927 hp, 223 mana
742: 452.0 dps, 2927 hp, 223 mana
743: 451.4 dps, 2927 hp, 223 mana
744: torpor tick
744: turgurs tick
744: cann4 tick
744: finished casting cann4
744: 450.8 dps, 3098 hp, 314 mana
745: 450.2 dps, 3098 hp, 314 mana
746: startcast cann4
746: 449.6 dps, 3098 hp, 314 mana
747: 449.0 dps, 3098 hp, 314 mana
748: 448.4 dps, 3098 hp, 314 mana
749: cann4 tick
749: finished casting cann4
749: 447.8 dps, 2950 hp, 396 mana
750: torpor tick
750: turgurs tick
750: 447.2 dps, 3269 hp, 405 mana
751: startcast miniCH
751: 446.6 dps, 3269 hp, 405 mana
752: 446.0 dps, 3269 hp, 405 mana
753: 445.4 dps, 3269 hp, 405 mana
754: 444.8 dps, 3269 hp, 405 mana
755: 444.2 dps, 3269 hp, 405 mana
756: turgurs tick
756: 443.7 dps, 3288 hp, 414 mana
757: 443.1 dps, 3288 hp, 414 mana
758: 442.5 dps, 3288 hp, 414 mana
759: 441.9 dps, 3288 hp, 414 mana
760: 441.3 dps, 3288 hp, 414 mana
761: miniCH tick
761: finished casting miniCH
761: 451.0 dps, 3288 hp, 174 mana
762: turgurs tick
762: 450.4 dps, 3307 hp, 183 mana
763: 449.8 dps, 3307 hp, 183 mana
764: startcast cann4
764: 449.2 dps, 3307 hp, 183 mana
765: 448.6 dps, 3307 hp, 183 mana
766: 448.0 dps, 3307 hp, 183 mana
767: cann4 tick
767: finished casting cann4
767: 447.5 dps, 3159 hp, 265 mana
768: turgurs tick
768: 446.9 dps, 3178 hp, 274 mana
769: startcast cann4
769: 446.3 dps, 3178 hp, 274 mana
770: 445.7 dps, 3178 hp, 274 mana
771: 445.1 dps, 3178 hp, 274 mana
772: cann4 tick
772: finished casting cann4
772: 444.6 dps, 3030 hp, 356 mana
773: 444.0 dps, 3030 hp, 356 mana
774: turgurs tick
774: startcast cann4
774: 443.4 dps, 3049 hp, 365 mana
775: 442.8 dps, 3049 hp, 365 mana
776: 442.3 dps, 3049 hp, 365 mana
777: cann4 tick
777: finished casting cann4
777: 441.7 dps, 2901 hp, 447 mana
778: 441.1 dps, 2901 hp, 447 mana
779: startcast miniCH
779: 440.6 dps, 2901 hp, 447 mana
780: turgurs tick
780: 440.0 dps, 2920 hp, 456 mana
781: 439.4 dps, 2920 hp, 456 mana
782: 438.9 dps, 2920 hp, 456 mana
783: 438.3 dps, 2920 hp, 456 mana
784: 437.8 dps, 2920 hp, 456 mana
785: 437.2 dps, 2920 hp, 456 mana
786: turgurs tick
786: 436.6 dps, 2939 hp, 465 mana
787: 436.1 dps, 2939 hp, 465 mana
788: 435.5 dps, 2939 hp, 465 mana
789: miniCH tick
789: finished casting miniCH
789: 444.9 dps, 2939 hp, 225 mana
790: 444.3 dps, 2939 hp, 225 mana
791: 443.7 dps, 2939 hp, 225 mana
792: turgurs tick
792: startcast cann4
792: 443.2 dps, 2958 hp, 234 mana
793: 442.6 dps, 2958 hp, 234 mana
794: 442.1 dps, 2958 hp, 234 mana
795: cann4 tick
795: finished casting cann4
795: 441.5 dps, 2810 hp, 316 mana
796: 441.0 dps, 2810 hp, 316 mana
797: startcast cann4
797: 440.4 dps, 2810 hp, 316 mana
798: turgurs tick
798: 439.8 dps, 2829 hp, 325 mana
799: 439.3 dps, 2829 hp, 325 mana
800: cann4 tick
800: finished casting cann4
800: 438.8 dps, 2681 hp, 407 mana
801: 438.2 dps, 2681 hp, 407 mana
802: startcast miniCH
802: 437.7 dps, 2681 hp, 407 mana
803: 437.1 dps, 2681 hp, 407 mana
804: turgurs tick
804: 436.6 dps, 2700 hp, 416 mana
805: 436.0 dps, 2700 hp, 416 mana
806: 435.5 dps, 2700 hp, 416 mana
807: 434.9 dps, 2700 hp, 416 mana
808: 434.4 dps, 2700 hp, 416 mana
809: 433.9 dps, 2700 hp, 416 mana
810: turgurs tick
810: 433.3 dps, 2719 hp, 425 mana
811: 432.8 dps, 2719 hp, 425 mana
812: miniCH tick
812: finished casting miniCH
812: 441.9 dps, 2719 hp, 185 mana
813: 441.3 dps, 2719 hp, 185 mana
814: 440.8 dps, 2719 hp, 185 mana
815: cann5 tick
815: finished casting cann5
815: startcast cann5
815: 440.2 dps, 795 hp, 1251 mana
816: turgurs tick
816: startcast torpor
816: 439.7 dps, 814 hp, 1260 mana
817: 439.2 dps, 814 hp, 1260 mana
818: 438.6 dps, 814 hp, 1260 mana
819: 438.1 dps, 814 hp, 1260 mana
820: finished casting torpor
820: 437.6 dps, 814 hp, 1140 mana
821: 437.0 dps, 814 hp, 1140 mana
822: torpor tick
822: turgurs tick
822: 436.5 dps, 1133 hp, 1149 mana
823: startcast miniCH
823: 436.0 dps, 1133 hp, 1149 mana
824: 435.4 dps, 1133 hp, 1149 mana
825: 434.9 dps, 1133 hp, 1149 mana
826: 434.4 dps, 1133 hp, 1149 mana
827: 433.9 dps, 1133 hp, 1149 mana
828: torpor tick
828: turgurs tick
828: 433.3 dps, 1452 hp, 1158 mana
829: 432.8 dps, 1452 hp, 1158 mana
830: 432.3 dps, 1452 hp, 1158 mana
831: 431.8 dps, 1452 hp, 1158 mana
832: 431.2 dps, 1452 hp, 1158 mana
833: miniCH tick
833: finished casting miniCH
833: 440.1 dps, 1452 hp, 918 mana
834: torpor tick
834: turgurs tick
834: 439.6 dps, 1771 hp, 927 mana
835: 439.0 dps, 1771 hp, 927 mana
836: startcast miniCH
836: 438.5 dps, 1771 hp, 927 mana
837: 438.0 dps, 1771 hp, 927 mana
838: 437.5 dps, 1771 hp, 927 mana
839: 436.9 dps, 1771 hp, 927 mana
840: torpor tick
840: turgurs tick
840: 436.4 dps, 2090 hp, 936 mana
841: 435.9 dps, 2090 hp, 936 mana
842: 435.4 dps, 2090 hp, 936 mana
843: 434.9 dps, 2090 hp, 936 mana
844: 434.4 dps, 2090 hp, 936 mana
845: 433.8 dps, 2090 hp, 936 mana
846: torpor tick
846: turgurs tick
846: miniCH tick
846: finished casting miniCH
846: 442.6 dps, 2409 hp, 705 mana
847: 442.0 dps, 2409 hp, 705 mana
848: 441.5 dps, 2409 hp, 705 mana
849: startcast miniCH
849: 441.0 dps, 2409 hp, 705 mana
850: 440.5 dps, 2409 hp, 705 mana
851: 440.0 dps, 2409 hp, 705 mana
852: torpor tick
852: turgurs tick
852: 439.4 dps, 2728 hp, 714 mana
853: 438.9 dps, 2728 hp, 714 mana
854: 438.4 dps, 2728 hp, 714 mana
855: 437.9 dps, 2728 hp, 714 mana
856: 437.4 dps, 2728 hp, 714 mana
857: 436.9 dps, 2728 hp, 714 mana
858: turgurs tick
858: 436.4 dps, 2747 hp, 723 mana
859: miniCH tick
859: finished casting miniCH
859: 444.9 dps, 2747 hp, 483 mana
860: 444.4 dps, 2747 hp, 483 mana
861: 443.9 dps, 2747 hp, 483 mana
862: startcast miniCH
862: 443.4 dps, 2747 hp, 483 mana
863: 442.9 dps, 2747 hp, 483 mana
864: turgurs tick
864: 442.4 dps, 2766 hp, 492 mana
865: 441.8 dps, 2766 hp, 492 mana
866: 441.3 dps, 2766 hp, 492 mana
867: 440.8 dps, 2766 hp, 492 mana
868: 440.3 dps, 2766 hp, 492 mana
869: 439.8 dps, 2766 hp, 492 mana
870: 439.3 dps, 2785 hp, 501 mana
871: 438.8 dps, 2785 hp, 501 mana
872: miniCH tick
872: finished casting miniCH
872: 447.2 dps, 2785 hp, 261 mana
873: 446.7 dps, 2785 hp, 261 mana
874: 446.2 dps, 2785 hp, 261 mana
875: startcast cann4
875: 445.7 dps, 2785 hp, 261 mana
876: 445.2 dps, 2804 hp, 270 mana
877: 444.7 dps, 2804 hp, 270 mana
878: cann4 tick
878: finished casting cann4
878: 444.2 dps, 2656 hp, 352 mana
879: 443.7 dps, 2656 hp, 352 mana
880: startcast turgurs
880: 443.2 dps, 2656 hp, 352 mana
881: 442.7 dps, 2656 hp, 352 mana
882: 442.2 dps, 2675 hp, 361 mana
883: finished casting turgurs
883: 441.7 dps, 2675 hp, 181 mana
884: 441.2 dps, 2675 hp, 181 mana
885: 440.7 dps, 2675 hp, 181 mana
886: startcast cann4
886: 440.2 dps, 2675 hp, 181 mana
887: 439.7 dps, 2675 hp, 181 mana
888: turgurs tick
888: 439.2 dps, 2694 hp, 190 mana
889: cann4 tick
889: finished casting cann4
889: 438.7 dps, 2546 hp, 272 mana
890: 438.2 dps, 2546 hp, 272 mana
891: startcast cann4
891: 437.7 dps, 2546 hp, 272 mana
892: 437.2 dps, 2546 hp, 272 mana
893: 436.7 dps, 2546 hp, 272 mana
894: turgurs tick
894: cann4 tick
894: finished casting cann4
894: 436.2 dps, 2417 hp, 363 mana
895: 435.8 dps, 2417 hp, 363 mana
896: startcast cann4
896: 435.3 dps, 2417 hp, 363 mana
897: 434.8 dps, 2417 hp, 363 mana
898: 434.3 dps, 2417 hp, 363 mana
899: cann4 tick
899: finished casting cann4
899: 433.8 dps, 2269 hp, 445 mana
900: turgurs tick
900: 433.3 dps, 2288 hp, 454 mana
901: startcast miniCH
901: 432.9 dps, 2288 hp, 454 mana
902: 432.4 dps, 2288 hp, 454 mana
903: 431.9 dps, 2288 hp, 454 mana
904: 431.4 dps, 2288 hp, 454 mana
905: 430.9 dps, 2288 hp, 454 mana
906: turgurs tick
906: 430.5 dps, 2307 hp, 463 mana
907: 430.0 dps, 2307 hp, 463 mana
908: 429.5 dps, 2307 hp, 463 mana
909: 429.0 dps, 2307 hp, 463 mana
910: 428.6 dps, 2307 hp, 463 mana
911: miniCH tick
911: finished casting miniCH
911: 436.7 dps, 2307 hp, 223 mana
912: turgurs tick
912: 436.2 dps, 2326 hp, 232 mana
913: 435.7 dps, 2326 hp, 232 mana
914: startcast cann4
914: 435.2 dps, 2326 hp, 232 mana
915: 434.8 dps, 2326 hp, 232 mana
916: 434.3 dps, 2326 hp, 232 mana
917: cann4 tick
917: finished casting cann4
917: 433.8 dps, 2178 hp, 314 mana
918: turgurs tick
918: 433.3 dps, 2197 hp, 323 mana
919: startcast cann4
919: 432.9 dps, 2197 hp, 323 mana
920: 432.4 dps, 2197 hp, 323 mana
921: 431.9 dps, 2197 hp, 323 mana
922: cann4 tick
922: finished casting cann4
922: 431.5 dps, 2049 hp, 405 mana
923: 431.0 dps, 2049 hp, 405 mana
924: turgurs tick
924: startcast miniCH
924: 430.5 dps, 2068 hp, 414 mana
925: 430.1 dps, 2068 hp, 414 mana
926: 429.6 dps, 2068 hp, 414 mana
927: 429.1 dps, 2068 hp, 414 mana
928: 428.7 dps, 2068 hp, 414 mana
929: 428.2 dps, 2068 hp, 414 mana
930: turgurs tick
930: 427.7 dps, 2087 hp, 423 mana
931: 427.3 dps, 2087 hp, 423 mana
932: 426.8 dps, 2087 hp, 423 mana
933: 426.4 dps, 2087 hp, 423 mana
934: miniCH tick
934: finished casting miniCH
934: 434.3 dps, 2087 hp, 183 mana
935: 433.8 dps, 2087 hp, 183 mana
936: turgurs tick
936: 433.3 dps, 2106 hp, 192 mana
937: startcast cann4
937: 432.9 dps, 2106 hp, 192 mana
938: 432.4 dps, 2106 hp, 192 mana
939: 431.9 dps, 2106 hp, 192 mana
940: cann4 tick
940: finished casting cann4
940: 431.5 dps, 1958 hp, 274 mana
941: 431.0 dps, 1958 hp, 274 mana
942: turgurs tick
942: startcast torpor
942: 430.6 dps, 1977 hp, 283 mana
943: 430.1 dps, 1977 hp, 283 mana
944: 429.7 dps, 1977 hp, 283 mana
945: 429.2 dps, 1977 hp, 283 mana
946: finished casting torpor
946: 428.8 dps, 1977 hp, 163 mana
947: 428.3 dps, 1977 hp, 163 mana
948: torpor tick
948: turgurs tick
948: 427.8 dps, 2296 hp, 172 mana
949: startcast cann4
949: 427.4 dps, 2296 hp, 172 mana
950: 426.9 dps, 2296 hp, 172 mana
951: 426.5 dps, 2296 hp, 172 mana
952: cann4 tick
952: finished casting cann4
952: 426.1 dps, 2148 hp, 254 mana
953: 425.6 dps, 2148 hp, 254 mana
954: torpor tick
954: turgurs tick
954: startcast cann4
954: 425.2 dps, 2467 hp, 263 mana
955: 424.7 dps, 2467 hp, 263 mana
956: 424.3 dps, 2467 hp, 263 mana
957: cann4 tick
957: finished casting cann4
957: 423.8 dps, 2319 hp, 345 mana
958: 423.4 dps, 2319 hp, 345 mana
959: startcast cann4
959: 422.9 dps, 2319 hp, 345 mana
960: torpor tick
960: turgurs tick
960: 422.5 dps, 2638 hp, 354 mana
961: 422.1 dps, 2638 hp, 354 mana
962: cann4 tick
962: finished casting cann4
962: 421.6 dps, 2490 hp, 436 mana
963: 421.2 dps, 2490 hp, 436 mana
964: startcast miniCH
964: 420.7 dps, 2490 hp, 436 mana
965: 420.3 dps, 2490 hp, 436 mana
966: torpor tick
966: turgurs tick
966: 419.9 dps, 2809 hp, 445 mana
967: 419.4 dps, 2809 hp, 445 mana
968: 419.0 dps, 2809 hp, 445 mana
969: 418.6 dps, 2809 hp, 445 mana
970: 418.1 dps, 2809 hp, 445 mana
971: 417.7 dps, 2809 hp, 445 mana
972: torpor tick
972: turgurs tick
972: 417.3 dps, 3128 hp, 454 mana
973: 416.9 dps, 3128 hp, 454 mana
974: miniCH tick
974: finished casting miniCH
974: 424.4 dps, 3128 hp, 214 mana
975: 424.0 dps, 3128 hp, 214 mana
976: 423.6 dps, 3128 hp, 214 mana
977: startcast cann4
977: 423.1 dps, 3128 hp, 214 mana
978: torpor tick
978: turgurs tick
978: 422.7 dps, 3447 hp, 223 mana
979: 422.3 dps, 3447 hp, 223 mana
980: cann4 tick
980: finished casting cann4
980: 421.8 dps, 3299 hp, 305 mana
981: 421.4 dps, 3299 hp, 305 mana
982: startcast cann4
982: 421.0 dps, 3299 hp, 305 mana
983: 420.5 dps, 3299 hp, 305 mana
984: turgurs tick
984: 420.1 dps, 3318 hp, 314 mana
985: cann4 tick
985: finished casting cann4
985: 419.7 dps, 3170 hp, 396 mana
986: 419.3 dps, 3170 hp, 396 mana
987: startcast cann4
987: 418.8 dps, 3170 hp, 396 mana
988: 418.4 dps, 3170 hp, 396 mana
989: 418.0 dps, 3170 hp, 396 mana
990: turgurs tick
990: cann4 tick
990: finished casting cann4
990: 417.6 dps, 3041 hp, 487 mana
991: 417.2 dps, 3041 hp, 487 mana
992: startcast miniCH
992: 416.7 dps, 3041 hp, 487 mana
993: 416.3 dps, 3041 hp, 487 mana
994: 415.9 dps, 3041 hp, 487 mana
995: 415.5 dps, 3041 hp, 487 mana
996: turgurs tick
996: 415.1 dps, 3060 hp, 496 mana
997: 414.6 dps, 3060 hp, 496 mana
998: 414.2 dps, 3060 hp, 496 mana
999: 413.8 dps, 3060 hp, 496 mana
1000: 413.4 dps, 3060 hp, 496 mana
1001: 413.0 dps, 3060 hp, 496 mana
1002: turgurs tick
1002: miniCH tick
1002: finished casting miniCH
1002: 420.4 dps, 3079 hp, 265 mana
1003: 419.9 dps, 3079 hp, 265 mana
1004: 419.5 dps, 3079 hp, 265 mana
1005: cann5 tick
1005: finished casting cann5
1005: startcast cann5
1005: 419.1 dps, 1155 hp, 1331 mana
1006: startcast torpor
1006: 418.7 dps, 1155 hp, 1331 mana
1007: 418.3 dps, 1155 hp, 1331 mana
1008: turgurs tick
1008: 417.9 dps, 1174 hp, 1340 mana
1009: 417.4 dps, 1174 hp, 1340 mana
1010: finished casting torpor
1010: 417.0 dps, 1174 hp, 1220 mana
1011: 416.6 dps, 1174 hp, 1220 mana
1012: 416.2 dps, 1174 hp, 1220 mana
1013: startcast miniCH
1013: 415.8 dps, 1174 hp, 1220 mana
1014: torpor tick
1014: turgurs tick
1014: 415.4 dps, 1493 hp, 1229 mana
1015: 415.0 dps, 1493 hp, 1229 mana
1016: 414.6 dps, 1493 hp, 1229 mana
1017: 414.2 dps, 1493 hp, 1229 mana
1018: 413.8 dps, 1493 hp, 1229 mana
1019: 413.3 dps, 1493 hp, 1229 mana
1020: torpor tick
1020: turgurs tick
1020: 412.9 dps, 1812 hp, 1238 mana
1021: 412.5 dps, 1812 hp, 1238 mana
1022: 412.1 dps, 1812 hp, 1238 mana
1023: miniCH tick
1023: finished casting miniCH
1023: 419.4 dps, 1812 hp, 998 mana
1024: 418.9 dps, 1812 hp, 998 mana
1025: 418.5 dps, 1812 hp, 998 mana
1026: torpor tick
1026: turgurs tick
1026: startcast miniCH
1026: 418.1 dps, 2131 hp, 1007 mana
1027: 417.7 dps, 2131 hp, 1007 mana
1028: 417.3 dps, 2131 hp, 1007 mana
1029: 416.9 dps, 2131 hp, 1007 mana
1030: 416.5 dps, 2131 hp, 1007 mana
1031: 416.1 dps, 2131 hp, 1007 mana
1032: torpor tick
1032: turgurs tick
1032: 415.7 dps, 2450 hp, 1016 mana
1033: 415.3 dps, 2450 hp, 1016 mana
1034: 414.9 dps, 2450 hp, 1016 mana
1035: 414.5 dps, 2450 hp, 1016 mana
1036: miniCH tick
1036: finished casting miniCH
1036: 421.6 dps, 2450 hp, 776 mana
1037: 421.2 dps, 2450 hp, 776 mana
1038: torpor tick
1038: turgurs tick
1038: 420.8 dps, 2769 hp, 785 mana
1039: startcast miniCH
1039: 420.4 dps, 2769 hp, 785 mana
1040: 420.0 dps, 2769 hp, 785 mana
1041: 419.6 dps, 2769 hp, 785 mana
1042: 419.2 dps, 2769 hp, 785 mana
1043: 418.8 dps, 2769 hp, 785 mana
1044: torpor tick
1044: turgurs tick
1044: 418.4 dps, 3088 hp, 794 mana
1045: 418.0 dps, 3088 hp, 794 mana
1046: 417.6 dps, 3088 hp, 794 mana
1047: 417.2 dps, 3088 hp, 794 mana
1048: 416.8 dps, 3088 hp, 794 mana
1049: miniCH tick
1049: finished casting miniCH
1049: 423.8 dps, 3088 hp, 554 mana
1050: turgurs tick
1050: 423.4 dps, 3107 hp, 563 mana
1051: 423.0 dps, 3107 hp, 563 mana
1052: startcast miniCH
1052: 422.6 dps, 3107 hp, 563 mana
1053: 422.2 dps, 3107 hp, 563 mana
1054: 421.8 dps, 3107 hp, 563 mana
1055: 421.4 dps, 3107 hp, 563 mana
1056: turgurs tick
1056: 421.0 dps, 3126 hp, 572 mana
1057: 420.6 dps, 3126 hp, 572 mana
1058: 420.2 dps, 3126 hp, 572 mana
1059: 419.8 dps, 3126 hp, 572 mana
1060: 419.4 dps, 3126 hp, 572 mana
1061: 419.0 dps, 3126 hp, 572 mana
1062: turgurs tick
1062: miniCH tick
1062: finished casting miniCH
1062: 426.0 dps, 3145 hp, 341 mana
1063: 425.6 dps, 3145 hp, 341 mana
1064: 425.2 dps, 3145 hp, 341 mana
1065: startcast cann4
1065: 424.8 dps, 3145 hp, 341 mana
1066: 424.4 dps, 3145 hp, 341 mana
1067: 424.0 dps, 3145 hp, 341 mana
1068: turgurs tick
1068: cann4 tick
1068: finished casting cann4
1068: 423.6 dps, 3016 hp, 432 mana
1069: 423.2 dps, 3016 hp, 432 mana
1070: startcast miniCH
1070: 422.8 dps, 3016 hp, 432 mana
1071: 422.4 dps, 3016 hp, 432 mana
1072: 422.0 dps, 3016 hp, 432 mana
1073: 421.6 dps, 3016 hp, 432 mana
1074: turgurs tick
1074: 421.2 dps, 3035 hp, 441 mana
1075: 420.8 dps, 3035 hp, 441 mana
1076: 420.4 dps, 3035 hp, 441 mana
1077: 420.1 dps, 3035 hp, 441 mana
1078: 419.7 dps, 3035 hp, 441 mana
1079: 419.3 dps, 3035 hp, 441 mana
1080: turgurs tick
1080: miniCH tick
1080: finished casting miniCH
1080: 426.1 dps, 3054 hp, 210 mana
1081: 425.7 dps, 3054 hp, 210 mana
1082: 425.3 dps, 3054 hp, 210 mana
1083: startcast cann4
1083: 424.9 dps, 3054 hp, 210 mana
1084: 424.5 dps, 3054 hp, 210 mana
1085: 424.1 dps, 3054 hp, 210 mana
1086: turgurs tick
1086: cann4 tick
1086: finished casting cann4
1086: 423.8 dps, 2925 hp, 301 mana
1087: 423.4 dps, 2925 hp, 301 mana
1088: startcast cann4
1088: 423.0 dps, 2925 hp, 301 mana
1089: 422.6 dps, 2925 hp, 301 mana
1090: 422.2 dps, 2925 hp, 301 mana
1091: cann4 tick
1091: finished casting cann4
1091: 421.8 dps, 2777 hp, 383 mana
1092: turgurs tick
1092: 421.4 dps, 2796 hp, 392 mana
1093: startcast cann4
1093: 421.0 dps, 2796 hp, 392 mana
1094: 420.7 dps, 2796 hp, 392 mana
1095: 420.3 dps, 2796 hp, 392 mana
1096: cann4 tick
1096: finished casting cann4
1096: 419.9 dps, 2648 hp, 474 mana
1097: 419.5 dps, 2648 hp, 474 mana
1098: turgurs tick
1098: startcast miniCH
1098: 419.1 dps, 2667 hp, 483 mana
1099: 418.7 dps, 2667 hp, 483 mana
1100: 418.4 dps, 2667 hp, 483 mana
1101: 418.0 dps, 2667 hp, 483 mana
1102: 417.6 dps, 2667 hp, 483 mana
1103: 417.2 dps, 2667 hp, 483 mana
1104: turgurs tick
1104: 416.8 dps, 2686 hp, 492 mana
1105: 416.5 dps, 2686 hp, 492 mana
1106: 416.1 dps, 2686 hp, 492 mana
1107: 415.7 dps, 2686 hp, 492 mana
1108: miniCH tick
1108: finished casting miniCH
1108: 422.4 dps, 2686 hp, 252 mana
1109: 422.0 dps, 2686 hp, 252 mana
1110: turgurs tick
1110: 421.6 dps, 2705 hp, 261 mana
1111: startcast cann4
1111: 421.2 dps, 2705 hp, 261 mana
1112: 420.9 dps, 2705 hp, 261 mana
1113: 420.5 dps, 2705 hp, 261 mana
1114: cann4 tick
1114: finished casting cann4
1114: 420.1 dps, 2557 hp, 343 mana
1115: 419.7 dps, 2557 hp, 343 mana
1116: turgurs tick
1116: startcast cann4
1116: 419.4 dps, 2576 hp, 352 mana
1117: 419.0 dps, 2576 hp, 352 mana
1118: 418.6 dps, 2576 hp, 352 mana
1119: cann4 tick
1119: finished casting cann4
1119: 418.2 dps, 2428 hp, 434 mana
1120: 417.9 dps, 2428 hp, 434 mana
1121: startcast miniCH
1121: 417.5 dps, 2428 hp, 434 mana
1122: turgurs tick
1122: 417.1 dps, 2447 hp, 443 mana
1123: 416.7 dps, 2447 hp, 443 mana
1124: 416.4 dps, 2447 hp, 443 mana
1125: 416.0 dps, 2447 hp, 443 mana
1126: 415.6 dps, 2447 hp, 443 mana
1127: 415.3 dps, 2447 hp, 443 mana
1128: turgurs tick
1128: 414.9 dps, 2466 hp, 452 mana
1129: 414.5 dps, 2466 hp, 452 mana
1130: 414.2 dps, 2466 hp, 452 mana
1131: miniCH tick
1131: finished casting miniCH
1131: 420.7 dps, 2466 hp, 212 mana
1132: 420.3 dps, 2466 hp, 212 mana
1133: 419.9 dps, 2466 hp, 212 mana
1134: turgurs tick
1134: startcast cann4
1134: 419.6 dps, 2485 hp, 221 mana
1135: 419.2 dps, 2485 hp, 221 mana
1136: 418.8 dps, 2485 hp, 221 mana
1137: cann4 tick
1137: finished casting cann4
1137: 418.5 dps, 2337 hp, 303 mana
1138: 418.1 dps, 2337 hp, 303 mana
1139: startcast cann4
1139: 417.7 dps, 2337 hp, 303 mana
1140: turgurs tick
1140: 417.4 dps, 2356 hp, 312 mana
1141: 417.0 dps, 2356 hp, 312 mana
1142: cann4 tick
1142: finished casting cann4
1142: 416.6 dps, 2208 hp, 394 mana
1143: 416.3 dps, 2208 hp, 394 mana
1144: startcast cann4
1144: 415.9 dps, 2208 hp, 394 mana
1145: 415.5 dps, 2208 hp, 394 mana
1146: turgurs tick
1146: 415.2 dps, 2227 hp, 403 mana
1147: cann4 tick
1147: finished casting cann4
1147: 414.8 dps, 2079 hp, 485 mana
1148: 414.5 dps, 2079 hp, 485 mana
1149: startcast miniCH
1149: 414.1 dps, 2079 hp, 485 mana
1150: 413.7 dps, 2079 hp, 485 mana
1151: 413.4 dps, 2079 hp, 485 mana
1152: turgurs tick
1152: 413.0 dps, 2098 hp, 494 mana
1153: 412.7 dps, 2098 hp, 494 mana
1154: 412.3 dps, 2098 hp, 494 mana
1155: 411.9 dps, 2098 hp, 494 mana
1156: 411.6 dps, 2098 hp, 494 mana
1157: 411.2 dps, 2098 hp, 494 mana
1158: turgurs tick
1158: 410.9 dps, 2117 hp, 503 mana
1159: miniCH tick
1159: finished casting miniCH
1159: 417.3 dps, 2117 hp, 263 mana
1160: 416.9 dps, 2117 hp, 263 mana
1161: 416.5 dps, 2117 hp, 263 mana
1162: startcast cann4
1162: 416.2 dps, 2117 hp, 263 mana
1163: 415.8 dps, 2117 hp, 263 mana
1164: turgurs tick
1164: 415.5 dps, 2136 hp, 272 mana
1165: cann4 tick
1165: finished casting cann4
1165: 415.1 dps, 1988 hp, 354 mana
1166: 414.8 dps, 1988 hp, 354 mana
1167: startcast torpor
1167: 414.4 dps, 1988 hp, 354 mana
1168: 414.0 dps, 1988 hp, 354 mana
1169: 413.7 dps, 1988 hp, 354 mana
1170: turgurs tick
1170: 413.3 dps, 2007 hp, 363 mana
1171: finished casting torpor
1171: 413.0 dps, 2007 hp, 243 mana
1172: 412.6 dps, 2007 hp, 243 mana
1173: 412.3 dps, 2007 hp, 243 mana
1174: startcast cann4
1174: 411.9 dps, 2007 hp, 243 mana
1175: 411.6 dps, 2007 hp, 243 mana
1176: torpor tick
1176: turgurs tick
1176: 411.2 dps, 2326 hp, 252 mana
1177: cann4 tick
1177: finished casting cann4
1177: 410.9 dps, 2178 hp, 334 mana
1178: 410.5 dps, 2178 hp, 334 mana
1179: startcast cann4
1179: 410.2 dps, 2178 hp, 334 mana
1180: 409.8 dps, 2178 hp, 334 mana
1181: 409.5 dps, 2178 hp, 334 mana
1182: torpor tick
1182: turgurs tick
1182: cann4 tick
1182: finished casting cann4
1182: 409.1 dps, 2349 hp, 425 mana
1183: 408.8 dps, 2349 hp, 425 mana
1184: startcast miniCH
1184: 408.4 dps, 2349 hp, 425 mana
1185: 408.1 dps, 2349 hp, 425 mana
1186: 407.8 dps, 2349 hp, 425 mana
1187: 407.4 dps, 2349 hp, 425 mana
1188: torpor tick
1188: turgurs tick
1188: 407.1 dps, 2668 hp, 434 mana
1189: 406.7 dps, 2668 hp, 434 mana
1190: 406.4 dps, 2668 hp, 434 mana
1191: 406.0 dps, 2668 hp, 434 mana
1192: 405.7 dps, 2668 hp, 434 mana
1193: 405.4 dps, 2668 hp, 434 mana
1194: torpor tick
1194: turgurs tick
1194: miniCH tick
1194: finished casting miniCH
1194: 411.6 dps, 2987 hp, 203 mana
1195: 411.2 dps, 2987 hp, 203 mana
1196: 410.9 dps, 2987 hp, 203 mana
1197: cann5 tick
1197: finished casting cann5
1197: startcast cann5
1197: 410.5 dps, 1063 hp, 1269 mana
1198: startcast miniCH
1198: 410.2 dps, 1063 hp, 1269 mana
1199: 409.8 dps, 1063 hp, 1269 mana
1200: torpor tick
1200: turgurs tick
1200: 409.5 dps, 1382 hp, 1278 mana
