1: startcast miniCH
1: 0.0 dps, 4000 hp, 4000 mana
2: 0.0 dps, 4000 hp, 4000 mana
3: 0.0 dps, 4000 hp, 4000 mana
4: 0.0 dps, 4000 hp, 4000 mana
5: 0.0 dps, 4000 hp, 4000 mana
6: 0.0 dps, 4000 hp, 4000 mana
7: 0.0 dps, 4000 hp, 4000 mana
8: 0.0 dps, 4000 hp, 4000 mana
9: 0.0 dps, 4000 hp, 4000 mana
10: 0.0 dps, 4000 hp, 4000 mana
11: miniCH tick
11: finished casting miniCH
11: 177.3 dps, 4000 hp, 3760 mana
12: 162.5 dps, 4000 hp, 3769 mana
13: 150.0 dps, 4000 hp, 3769 mana
14: startcast miniCH
14: 139.3 dps, 4000 hp, 3769 mana
15: 130.0 dps, 4000 hp, 3769 mana
16: 121.9 dps, 4000 hp, 3769 mana
17: 114.7 dps, 4000 hp, 3769 mana
18: 108.3 dps, 4000 hp, 3778 mana
19: 102.6 dps, 4000 hp, 3778 mana
20: 97.5 dps, 4000 hp, 3778 mana
21: 92.9 dps, 4000 hp, 3778 mana
22: 88.6 dps, 4000 hp, 3778 mana
23: 84.8 dps, 4000 hp, 3778 mana
24: miniCH tick
24: finished casting miniCH
24: 162.5 dps, 4000 hp, 3547 mana
25: 156.0 dps, 4000 hp, 3547 mana
26: 150.0 dps, 4000 hp, 3547 mana
27: startcast miniCH
27: 144.4 dps, 4000 hp, 3547 mana
28: 139.3 dps, 4000 hp, 3547 mana
29: 134.5 dps, 4000 hp, 3547 mana
30: 130.0 dps, 4000 hp, 3556 mana
31: 125.8 dps, 4000 hp, 3556 mana
32: 121.9 dps, 4000 hp, 3556 mana
33: 118.2 dps, 4000 hp, 3556 mana
34: 114.7 dps, 4000 hp, 3556 mana
35: 111.4 dps, 4000 hp, 3556 mana
36: 108.3 dps, 4000 hp, 3565 mana
37: miniCH tick
37: finished casting miniCH
37: 158.1 dps, 4000 hp, 3325 mana
38: 153.9 dps, 4000 hp, 3325 mana
39: 150.0 dps, 4000 hp, 3325 mana
40: startcast miniCH
40: 146.2 dps, 4000 hp, 3325 mana
41: 142.7 dps, 4000 hp, 3325 mana
42: 139.3 dps, 4000 hp, 3334 mana
43: 136.0 dps, 4000 hp, 3334 mana
44: 133.0 dps, 4000 hp, 3334 mana
45: 130.0 dps, 4000 hp, 3334 mana
46: 127.2 dps, 4000 hp, 3334 mana
47: 124.5 dps, 4000 hp, 3334 mana
48: 121.9 dps, 4000 hp, 3343 mana
49: 119.4 dps, 4000 hp, 3343 mana
50: miniCH tick
50: finished casting miniCH
50: 156.0 dps, 4000 hp, 3103 mana
51: 152.9 dps, 4000 hp, 3103 mana
52: 150.0 dps, 4000 hp, 3103 mana
53: startcast miniCH
53: 147.2 dps, 4000 hp, 3103 mana
54: 144.4 dps, 4000 hp, 3112 mana
55: 141.8 dps, 4000 hp, 3112 mana
56: 139.3 dps, 4000 hp, 3112 mana
57: 136.8 dps, 4000 hp, 3112 mana
58: 134.5 dps, 4000 hp, 3112 mana
59: 132.2 dps, 4000 hp, 3112 mana
60: 130.0 dps, 4000 hp, 3121 mana
61: 127.9 dps, 4000 hp, 3121 mana
62: 125.8 dps, 4000 hp, 3121 mana
63: miniCH tick
63: finished casting miniCH
63: 154.8 dps, 4000 hp, 2881 mana
64: 152.3 dps, 4000 hp, 2881 mana
65: 150.0 dps, 4000 hp, 2881 mana
66: startcast miniCH
66: 147.7 dps, 4000 hp, 2890 mana
67: 145.5 dps, 4000 hp, 2890 mana
68: 143.4 dps, 4000 hp, 2890 mana
69: 141.3 dps, 4000 hp, 2890 mana
70: 139.3 dps, 4000 hp, 2890 mana
71: 137.3 dps, 4000 hp, 2890 mana
72: 135.4 dps, 4000 hp, 2899 mana
73: 133.6 dps, 4000 hp, 2899 mana
74: 131.8 dps, 4000 hp, 2899 mana
75: 130.0 dps, 4000 hp, 2899 mana
76: miniCH tick
76: finished casting miniCH
76: 153.9 dps, 4000 hp, 2659 mana
77: 151.9 dps, 4000 hp, 2659 mana
78: 150.0 dps, 4000 hp, 2668 mana
79: cann5 tick
79: finished casting cann5
79: startcast cann5
79: 148.1 dps, 2076 hp, 3734 mana
80: startcast miniCH
80: 146.2 dps, 2076 hp, 3734 mana
81: 144.4 dps, 2076 hp, 3734 mana
82: 142.7 dps, 2076 hp, 3734 mana
83: 141.0 dps, 2076 hp, 3734 mana
84: 139.3 dps, 2095 hp, 3743 mana
85: 137.6 dps, 2095 hp, 3743 mana
86: 136.0 dps, 2095 hp, 3743 mana
87: 134.5 dps, 2095 hp, 3743 mana
88: 133.0 dps, 2095 hp, 3743 mana
89: 131.5 dps, 2095 hp, 3743 mana
90: miniCH tick
90: finished casting miniCH
90: 151.7 dps, 2114 hp, 3512 mana
91: 150.0 dps, 2114 hp, 3512 mana
92: 148.4 dps, 2114 hp, 3512 mana
93: startcast miniCH
93: 146.8 dps, 2114 hp, 3512 mana
94: 145.2 dps, 2114 hp, 3512 mana
95: 143.7 dps, 2114 hp, 3512 mana
96: 142.2 dps, 2133 hp, 3521 mana
97: 140.7 dps, 2133 hp, 3521 mana
98: 139.3 dps, 2133 hp, 3521 mana
99: 137.9 dps, 2133 hp, 3521 mana
100: 136.5 dps, 2133 hp, 3521 mana
101: 135.1 dps, 2133 hp, 3521 mana
102: 133.8 dps, 2152 hp, 3530 mana
103: miniCH tick
103: finished casting miniCH
103: 151.5 dps, 2152 hp, 3290 mana
104: 150.0 dps, 2152 hp, 3290 mana
105: 148.6 dps, 2152 hp, 3290 mana
106: startcast miniCH
106: 147.2 dps, 2152 hp, 3290 mana
107: 145.8 dps, 2152 hp, 3290 mana
108: 144.4 dps, 2171 hp, 3299 mana
109: 143.1 dps, 2171 hp, 3299 mana
110: 141.8 dps, 2171 hp, 3299 mana
111: 140.5 dps, 2171 hp, 3299 mana
112: 139.3 dps, 2171 hp, 3299 mana
113: 138.1 dps, 2171 hp, 3299 mana
114: 136.8 dps, 2190 hp, 3308 mana
115: 135.7 dps, 2190 hp, 3308 mana
116: miniCH tick
116: finished casting miniCH
116: 151.3 dps, 2190 hp, 3068 mana
117: 150.0 dps, 2190 hp, 3068 mana
118: 148.7 dps, 2190 hp, 3068 mana
119: startcast miniCH
119: 147.5 dps, 2190 hp, 3068 mana
120: 146.2 dps, 2209 hp, 3077 mana
121: 145.0 dps, 2209 hp, 3077 mana
122: 143.9 dps, 2209 hp, 3077 mana
123: 142.7 dps, 2209 hp, 3077 mana
124: 141.5 dps, 2209 hp, 3077 mana
125: 140.4 dps, 2209 hp, 3077 mana
126: 139.3 dps, 2228 hp, 3086 mana
127: 138.2 dps, 2228 hp, 3086 mana
128: 137.1 dps, 2228 hp, 3086 mana
129: miniCH tick
129: finished casting miniCH
129: 151.2 dps, 2228 hp, 2846 mana
130: 150.0 dps, 2228 hp, 2846 mana
131: 148.9 dps, 2228 hp, 2846 mana
132: startcast miniCH
132: 147.7 dps, 2247 hp, 2855 mana
133: 146.6 dps, 2247 hp, 2855 mana
134: 145.5 dps, 2247 hp, 2855 mana
135: 144.4 dps, 2247 hp, 2855 mana
136: 143.4 dps, 2247 hp, 2855 mana
137: 142.3 dps, 2247 hp, 2855 mana
138: 141.3 dps, 2266 hp, 2864 mana
139: 140.3 dps, 2266 hp, 2864 mana
140: 139.3 dps, 2266 hp, 2864 mana
141: 138.3 dps, 2266 hp, 2864 mana
142: miniCH tick
142: finished casting miniCH
142: 151.1 dps, 2266 hp, 2624 mana
143: 150.0 dps, 2266 hp, 2624 mana
144: 149.0 dps, 2285 hp, 2633 mana
145: startcast miniCH
145: 147.9 dps, 2285 hp, 2633 mana
146: 146.9 dps, 2285 hp, 2633 mana
147: 145.9 dps, 2285 hp, 2633 mana
148: 144.9 dps, 2285 hp, 2633 mana
149: 144.0 dps, 2285 hp, 2633 mana
150: 143.0 dps, 2304 hp, 2642 mana
151: 142.1 dps, 2304 hp, 2642 mana
152: 141.1 dps, 2304 hp, 2642 mana
153: 140.2 dps, 2304 hp, 2642 mana
154: 139.3 dps, 2304 hp, 2642 mana
155: miniCH tick
155: finished casting miniCH
155: 151.0 dps, 2304 hp, 2402 mana
156: 150.0 dps, 2323 hp, 2411 mana
157: 149.0 dps, 2323 hp, 2411 mana
158: startcast miniCH
158: 148.1 dps, 2323 hp, 2411 mana
159: 147.2 dps, 2323 hp, 2411 mana
160: 146.2 dps, 2323 hp, 2411 mana
161: 145.3 dps, 2323 hp, 2411 mana
162: 144.4 dps, 2342 hp, 2420 mana
163: 143.6 dps, 2342 hp, 2420 mana
164: 142.7 dps, 2342 hp, 2420 mana
165: 141.8 dps, 2342 hp, 2420 mana
166: 141.0 dps, 2342 hp, 2420 mana
167: 140.1 dps, 2342 hp, 2420 mana
168: miniCH tick
168: finished casting miniCH
168: 150.9 dps, 2361 hp, 2189 mana
169: 150.0 dps, 2361 hp, 2189 mana
170: 149.1 dps, 2361 hp, 2189 mana
171: startcast miniCH
171: 148.2 dps, 2361 hp, 2189 mana
172: 147.4 dps, 2361 hp, 2189 mana
173: 146.5 dps, 2361 hp, 2189 mana
174: 145.7 dps, 2380 hp, 2198 mana
175: 144.9 dps, 2380 hp, 2198 mana
176: 144.0 dps, 2380 hp, 2198 mana
177: 143.2 dps, 2380 hp, 2198 mana
178: 142.4 dps, 2380 hp, 2198 mana
179: 141.6 dps, 2380 hp, 2198 mana
180: 140.8 dps, 2399 hp, 2207 mana
181: miniCH tick
181: finished casting miniCH
181: 150.8 dps, 2399 hp, 1967 mana
182: 150.0 dps, 2399 hp, 1967 mana
183: 149.2 dps, 2399 hp, 1967 mana
184: startcast miniCH
184: 148.4 dps, 2399 hp, 1967 mana
185: 147.6 dps, 2399 hp, 1967 mana
186: 146.8 dps, 2418 hp, 1976 mana
187: 146.0 dps, 2418 hp, 1976 mana
188: 145.2 dps, 2418 hp, 1976 mana
189: 144.4 dps, 2418 hp, 1976 mana
190: 143.7 dps, 2418 hp, 1976 mana
191: 142.9 dps, 2418 hp, 1976 mana
192: 142.2 dps, 2437 hp, 1985 mana
193: 141.5 dps, 2437 hp, 1985 mana
194: miniCH tick
194: finished casting miniCH
194: 150.8 dps, 2437 hp, 1745 mana
195: 150.0 dps, 2437 hp, 1745 mana
196: 149.2 dps, 2437 hp, 1745 mana
197: startcast miniCH
197: 148.5 dps, 2437 hp, 1745 mana
198: 147.7 dps, 2456 hp, 1754 mana
199: 147.0 dps, 2456 hp, 1754 mana
200: 146.2 dps, 2456 hp, 1754 mana
201: 145.5 dps, 2456 hp, 1754 mana
202: 144.8 dps, 2456 hp, 1754 mana
203: 144.1 dps, 2456 hp, 1754 mana
204: 143.4 dps, 2475 hp, 1763 mana
205: 142.7 dps, 2475 hp, 1763 mana
206: 142.0 dps, 2475 hp, 1763 mana
207: miniCH tick
207: finished casting miniCH
207: 150.7 dps, 2475 hp, 1523 mana
208: 150.0 dps, 2475 hp, 1523 mana
209: 149.3 dps, 2475 hp, 1523 mana
210: startcast miniCH
210: 148.6 dps, 2494 hp, 1532 mana
211: 147.9 dps, 2494 hp, 1532 mana
212: 147.2 dps, 2494 hp, 1532 mana
213: 146.5 dps, 2494 hp, 1532 mana
214: 145.8 dps, 2494 hp, 1532 mana
215: 145.1 dps, 2494 hp, 1532 mana
216: 144.4 dps, 2513 hp, 1541 mana
217: 143.8 dps, 2513 hp, 1541 mana
218: 143.1 dps, 2513 hp, 1541 mana
219: 142.5 dps, 2513 hp, 1541 mana
220: miniCH tick
220: finished casting miniCH
220: 150.7 dps, 2513 hp, 1301 mana
221: 150.0 dps, 2513 hp, 1301 mana
222: 149.3 dps, 2532 hp, 1310 mana
223: startcast miniCH
223: 148.7 dps, 2532 hp, 1310 mana
224: 148.0 dps, 2532 hp, 1310 mana
225: 147.3 dps, 2532 hp, 1310 mana
226: 146.7 dps, 2532 hp, 1310 mana
227: 146.0 dps, 2532 hp, 1310 mana
228: 145.4 dps, 2551 hp, 1319 mana
229: 144.8 dps, 2551 hp, 1319 mana
230: 144.1 dps, 2551 hp, 1319 mana
231: 143.5 dps, 2551 hp, 1319 mana
232: 142.9 dps, 2551 hp, 1319 mana
233: miniCH tick
233: finished casting miniCH
233: 150.6 dps, 2551 hp, 1079 mana
234: 150.0 dps, 2570 hp, 1088 mana
235: 149.4 dps, 2570 hp, 1088 mana
236: startcast miniCH
236: 148.7 dps, 2570 hp, 1088 mana
237: 148.1 dps, 2570 hp, 1088 mana
238: 147.5 dps, 2570 hp, 1088 mana
239: 146.9 dps, 2570 hp, 1088 mana
240: 146.2 dps, 2589 hp, 1097 mana
241: 145.6 dps, 2589 hp, 1097 mana
242: 145.0 dps, 2589 hp, 1097 mana
243: 144.4 dps, 2589 hp, 1097 mana
244: 143.9 dps, 2589 hp, 1097 mana
245: 143.3 dps, 2589 hp, 1097 mana
246: miniCH tick
246: finished casting miniCH
246: 150.6 dps, 2608 hp, 866 mana
247: 150.0 dps, 2608 hp, 866 mana
248: 149.4 dps, 2608 hp, 866 mana
249: startcast miniCH
249: 148.8 dps, 2608 hp, 866 mana
250: 148.2 dps, 2608 hp, 866 mana
251: 147.6 dps, 2608 hp, 866 mana
252: 147.0 dps, 2627 hp, 875 mana
253: 146.4 dps, 2627 hp, 875 mana
254: 145.9 dps, 2627 hp, 875 mana
255: 145.3 dps, 2627 hp, 875 mana
256: 144.7 dps, 2627 hp, 875 mana
257: 144.2 dps, 2627 hp, 875 mana
258: 143.6 dps, 2646 hp, 884 mana
259: miniCH tick
259: finished casting miniCH
259: 150.6 dps, 2646 hp, 644 mana
260: 150.0 dps, 2646 hp, 644 mana
261: 149.4 dps, 2646 hp, 644 mana
262: cann5 tick
262: finished casting cann5
262: startcast cann5
262: 148.9 dps, 722 hp, 1710 mana
263: startcast torpor
263: 148.3 dps, 722 hp, 1710 mana
264: 147.7 dps, 741 hp, 1719 mana
265: 147.2 dps, 741 hp, 1719 mana
266: 146.6 dps, 741 hp, 1719 mana
267: finished casting torpor
267: 146.1 dps, 741 hp, 1599 mana
268: 145.5 dps, 741 hp, 1599 mana
269: 145.0 dps, 741 hp, 1599 mana
270: torpor tick
270: startcast miniCH
270: 144.4 dps, 1060 hp, 1608 mana
271: 143.9 dps, 1060 hp, 1608 mana
272: 143.4 dps, 1060 hp, 1608 mana
273: 142.9 dps, 1060 hp, 1608 mana
274: 142.3 dps, 1060 hp, 1608 mana
275: 141.8 dps, 1060 hp, 1608 mana
276: torpor tick
276: 141.3 dps, 1379 hp, 1617 mana
277: 140.8 dps, 1379 hp, 1617 mana
278: 140.3 dps, 1379 hp, 1617 mana
279: 139.8 dps, 1379 hp, 1617 mana
280: miniCH tick
280: finished casting miniCH
280: 146.2 dps, 1379 hp, 1377 mana
281: 145.7 dps, 1379 hp, 1377 mana
282: torpor tick
282: 145.2 dps, 1698 hp, 1386 mana
283: startcast miniCH
283: 144.7 dps, 1698 hp, 1386 mana
284: 144.2 dps, 1698 hp, 1386 mana
285: 143.7 dps, 1698 hp, 1386 mana
286: 143.2 dps, 1698 hp, 1386 mana
287: 142.7 dps, 1698 hp, 1386 mana
288: torpor tick
288: 142.2 dps, 2017 hp, 1395 mana
289: 141.7 dps, 2017 hp, 1395 mana
290: 141.2 dps, 2017 hp, 1395 mana
291: 140.7 dps, 2017 hp, 1395 mana
292: 140.2 dps, 2017 hp, 1395 mana
293: miniCH tick
293: finished casting miniCH
293: 146.4 dps, 2017 hp, 1155 mana
294: torpor tick
294: 145.9 dps, 2336 hp, 1164 mana
295: 145.4 dps, 2336 hp, 1164 mana
296: startcast miniCH
296: 144.9 dps, 2336 hp, 1164 mana
297: 144.4 dps, 2336 hp, 1164 mana
298: 144.0 dps, 2336 hp, 1164 mana
299: 143.5 dps, 2336 hp, 1164 mana
300: torpor tick
300: 143.0 dps, 2655 hp, 1173 mana
301: 142.5 dps, 2655 hp, 1173 mana
302: 142.1 dps, 2655 hp, 1173 mana
303: 141.6 dps, 2655 hp, 1173 mana
304: 141.1 dps, 2655 hp, 1173 mana
305: 140.7 dps, 2655 hp, 1173 mana
306: miniCH tick
306: finished casting miniCH
306: 146.6 dps, 2674 hp, 942 mana
307: 146.1 dps, 2674 hp, 942 mana
308: 145.6 dps, 2674 hp, 942 mana
309: startcast miniCH
309: 145.1 dps, 2674 hp, 942 mana
310: 144.7 dps, 2674 hp, 942 mana
311: 144.2 dps, 2674 hp, 942 mana
312: 143.8 dps, 2693 hp, 951 mana
313: 143.3 dps, 2693 hp, 951 mana
314: 142.8 dps, 2693 hp, 951 mana
315: 142.4 dps, 2693 hp, 951 mana
316: 141.9 dps, 2693 hp, 951 mana
317: 141.5 dps, 2693 hp, 951 mana
318: 141.0 dps, 2712 hp, 960 mana
319: miniCH tick
319: finished casting miniCH
319: 146.7 dps, 2712 hp, 720 mana
320: 146.2 dps, 2712 hp, 720 mana
321: 145.8 dps, 2712 hp, 720 mana
322: startcast miniCH
322: 145.3 dps, 2712 hp, 720 mana
323: 144.9 dps, 2712 hp, 720 mana
324: 144.4 dps, 2731 hp, 729 mana
325: 144.0 dps, 2731 hp, 729 mana
326: 143.6 dps, 2731 hp, 729 mana
327: 143.1 dps, 2731 hp, 729 mana
328: 142.7 dps, 2731 hp, 729 mana
329: 142.2 dps, 2731 hp, 729 mana
330: 141.8 dps, 2750 hp, 738 mana
331: 141.4 dps, 2750 hp, 738 mana
332: miniCH tick
332: finished casting miniCH
332: 146.8 dps, 2750 hp, 498 mana
333: 146.4 dps, 2750 hp, 498 mana
334: 146.0 dps, 2750 hp, 498 mana
335: startcast miniCH
335: 145.5 dps, 2750 hp, 498 mana
336: 145.1 dps, 2769 hp, 507 mana
337: 144.7 dps, 2769 hp, 507 mana
338: 144.2 dps, 2769 hp, 507 mana
339: 143.8 dps, 2769 hp, 507 mana
340: 143.4 dps, 2769 hp, 507 mana
341: 143.0 dps, 2769 hp, 507 mana
342: 142.5 dps, 2788 hp, 516 mana
343: 142.1 dps, 2788 hp, 516 mana
344: 141.7 dps, 2788 hp, 516 mana
345: miniCH tick
345: finished casting miniCH
345: 147.0 dps, 2788 hp, 276 mana
346: 146.5 dps, 2788 hp, 276 mana
347: 146.1 dps, 2788 hp, 276 mana
348: startcast cann4
348: 145.7 dps, 2807 hp, 285 mana
349: 145.3 dps, 2807 hp, 285 mana
350: 144.9 dps, 2807 hp, 285 mana
351: cann4 tick
351: finished casting cann4
351: 144.4 dps, 2659 hp, 367 mana
352: 144.0 dps, 2659 hp, 367 mana
353: startcast cann4
353: 143.6 dps, 2659 hp, 367 mana
354: 143.2 dps, 2678 hp, 376 mana
355: 142.8 dps, 2678 hp, 376 mana
356: cann4 tick
356: finished casting cann4
356: 142.4 dps, 2530 hp, 458 mana
357: 142.0 dps, 2530 hp, 458 mana
358: startcast miniCH
358: 141.6 dps, 2530 hp, 458 mana
359: 141.2 dps, 2530 hp, 458 mana
360: 140.8 dps, 2549 hp, 467 mana
361: 140.4 dps, 2549 hp, 467 mana
362: 140.1 dps, 2549 hp, 467 mana
363: 139.7 dps, 2549 hp, 467 mana
364: 139.3 dps, 2549 hp, 467 mana
365: 138.9 dps, 2549 hp, 467 mana
366: 138.5 dps, 2568 hp, 476 mana
367: 138.1 dps, 2568 hp, 476 mana
368: miniCH tick
368: finished casting miniCH
368: 143.1 dps, 2568 hp, 236 mana
369: 142.7 dps, 2568 hp, 236 mana
370: 142.3 dps, 2568 hp, 236 mana
371: startcast cann4
371: 141.9 dps, 2568 hp, 236 mana
372: 141.5 dps, 2587 hp, 245 mana
373: 141.2 dps, 2587 hp, 245 mana
374: cann4 tick
374: finished casting cann4
374: 140.8 dps, 2439 hp, 327 mana
375: 140.4 dps, 2439 hp, 327 mana
376: startcast cann4
376: 140.0 dps, 2439 hp, 327 mana
377: 139.7 dps, 2439 hp, 327 mana
378: 139.3 dps, 2458 hp, 336 mana
379: cann4 tick
379: finished casting cann4
379: 138.9 dps, 2310 hp, 418 mana
380: 138.6 dps, 2310 hp, 418 mana
381: startcast miniCH
381: 138.2 dps, 2310 hp, 418 mana
382: 137.8 dps, 2310 hp, 418 mana
383: 137.5 dps, 2310 hp, 418 mana
384: 137.1 dps, 2329 hp, 427 mana
385: 136.8 dps, 2329 hp, 427 mana
386: 136.4 dps, 2329 hp, 427 mana
387: 136.0 dps, 2329 hp, 427 mana
388: 135.7 dps, 2329 hp, 427 mana
389: 135.3 dps, 2329 hp, 427 mana
390: 135.0 dps, 2348 hp, 436 mana
391: miniCH tick
391: finished casting miniCH
391: 139.6 dps, 2348 hp, 196 mana
392: 139.3 dps, 2348 hp, 196 mana
393: 138.9 dps, 2348 hp, 196 mana
394: startcast cann4
394: 138.6 dps, 2348 hp, 196 mana
395: 138.2 dps, 2348 hp, 196 mana
396: 137.9 dps, 2367 hp, 205 mana
397: cann4 tick
397: finished casting cann4
397: 137.5 dps, 2219 hp, 287 mana
398: 137.2 dps, 2219 hp, 287 mana
399: startcast cann4
399: 136.8 dps, 2219 hp, 287 mana
400: 136.5 dps, 2219 hp, 287 mana
401: 136.2 dps, 2219 hp, 287 mana
402: cann4 tick
402: finished casting cann4
402: 135.8 dps, 2090 hp, 378 mana
403: 135.5 dps, 2090 hp, 378 mana
404: startcast cann4
404: 135.1 dps, 2090 hp, 378 mana
405: 134.8 dps, 2090 hp, 378 mana
406: 134.5 dps, 2090 hp, 378 mana
407: cann4 tick
407: finished casting cann4
407: 134.2 dps, 1942 hp, 460 mana
408: 133.8 dps, 1961 hp, 469 mana
409: startcast torpor
409: 133.5 dps, 1961 hp, 469 mana
410: 133.2 dps, 1961 hp, 469 mana
411: 132.8 dps, 1961 hp, 469 mana
412: 132.5 dps, 1961 hp, 469 mana
413: finished casting torpor
413: 132.2 dps, 1961 hp, 349 mana
414: torpor tick
414: 131.9 dps, 2280 hp, 358 mana
415: 131.6 dps, 2280 hp, 358 mana
416: startcast cann4
416: 131.2 dps, 2280 hp, 358 mana
417: 130.9 dps, 2280 hp, 358 mana
418: 130.6 dps, 2280 hp, 358 mana
419: cann4 tick
419: finished casting cann4
419: 130.3 dps, 2132 hp, 440 mana
420: torpor tick
420: 130.0 dps, 2451 hp, 449 mana
421: startcast miniCH
421: 129.7 dps, 2451 hp, 449 mana
422: 129.4 dps, 2451 hp, 449 mana
423: 129.1 dps, 2451 hp, 449 mana
424: 128.8 dps, 2451 hp, 449 mana
425: 128.5 dps, 2451 hp, 449 mana
426: torpor tick
426: 128.2 dps, 2770 hp, 458 mana
427: 127.9 dps, 2770 hp, 458 mana
428: 127.6 dps, 2770 hp, 458 mana
429: 127.3 dps, 2770 hp, 458 mana
430: 127.0 dps, 2770 hp, 458 mana
431: miniCH tick
431: finished casting miniCH
431: 131.2 dps, 2770 hp, 218 mana
432: torpor tick
432: 130.9 dps, 3089 hp, 227 mana
433: 130.6 dps, 3089 hp, 227 mana
434: startcast cann4
434: 130.3 dps, 3089 hp, 227 mana
435: 130.0 dps, 3089 hp, 227 mana
436: 129.7 dps, 3089 hp, 227 mana
437: cann4 tick
437: finished casting cann4
437: 129.4 dps, 2941 hp, 309 mana
438: torpor tick
438: 129.1 dps, 3260 hp, 318 mana
439: startcast cann4
439: 128.8 dps, 3260 hp, 318 mana
440: 128.5 dps, 3260 hp, 318 mana
441: 128.2 dps, 3260 hp, 318 mana
442: cann4 tick
442: finished casting cann4
442: 127.9 dps, 3112 hp, 400 mana
443: 127.7 dps, 3112 hp, 400 mana
444: torpor tick
444: cann5 tick
444: finished casting cann5
444: startcast cann5
444: 127.4 dps, 1507 hp, 1475 mana
445: startcast torpor
445: 127.1 dps, 1507 hp, 1475 mana
446: 126.8 dps, 1507 hp, 1475 mana
447: 126.5 dps, 1507 hp, 1475 mana
448: 126.2 dps, 1507 hp, 1475 mana
449: finished casting torpor
449: 125.9 dps, 1507 hp, 1355 mana
450: torpor tick
450: 125.7 dps, 1826 hp, 1364 mana
451: 125.4 dps, 1826 hp, 1364 mana
452: startcast miniCH
452: 125.1 dps, 1826 hp, 1364 mana
453: 124.8 dps, 1826 hp, 1364 mana
454: 124.6 dps, 1826 hp, 1364 mana
455: 124.3 dps, 1826 hp, 1364 mana
456: torpor tick
456: 124.0 dps, 2145 hp, 1373 mana
457: 123.7 dps, 2145 hp, 1373 mana
458: 123.5 dps, 2145 hp, 1373 mana
459: 123.2 dps, 2145 hp, 1373 mana
460: 122.9 dps, 2145 hp, 1373 mana
461: 122.7 dps, 2145 hp, 1373 mana
462: torpor tick
462: miniCH tick
462: finished casting miniCH
462: 126.6 dps, 2464 hp, 1142 mana
463: 126.3 dps, 2464 hp, 1142 mana
464: 126.1 dps, 2464 hp, 1142 mana
465: startcast miniCH
465: 125.8 dps, 2464 hp, 1142 mana
466: 125.5 dps, 2464 hp, 1142 mana
467: 125.3 dps, 2464 hp, 1142 mana
468: torpor tick
468: 125.0 dps, 2783 hp, 1151 mana
469: 124.7 dps, 2783 hp, 1151 mana
470: 124.5 dps, 2783 hp, 1151 mana
471: 124.2 dps, 2783 hp, 1151 mana
472: 123.9 dps, 2783 hp, 1151 mana
473: 123.7 dps, 2783 hp, 1151 mana
474: torpor tick
474: 123.4 dps, 3102 hp, 1160 mana
475: miniCH tick
475: finished casting miniCH
475: 127.3 dps, 3102 hp, 920 mana
476: 127.0 dps, 3102 hp, 920 mana
477: 126.7 dps, 3102 hp, 920 mana
478: startcast miniCH
478: 126.5 dps, 3102 hp, 920 mana
479: 126.2 dps, 3102 hp, 920 mana
480: torpor tick
480: 125.9 dps, 3421 hp, 929 mana
481: 125.7 dps, 3421 hp, 929 mana
482: 125.4 dps, 3421 hp, 929 mana
483: 125.2 dps, 3421 hp, 929 mana
484: 124.9 dps, 3421 hp, 929 mana
485: 124.6 dps, 3421 hp, 929 mana
486: 124.4 dps, 3440 hp, 938 mana
487: 124.1 dps, 3440 hp, 938 mana
488: miniCH tick
488: finished casting miniCH
488: 127.9 dps, 3440 hp, 698 mana
489: 127.6 dps, 3440 hp, 698 mana
490: 127.3 dps, 3440 hp, 698 mana
491: startcast miniCH
491: 127.1 dps, 3440 hp, 698 mana
492: 126.8 dps, 3459 hp, 707 mana
493: 126.6 dps, 3459 hp, 707 mana
494: 126.3 dps, 3459 hp, 707 mana
495: 126.1 dps, 3459 hp, 707 mana
496: 125.8 dps, 3459 hp, 707 mana
497: 125.6 dps, 3459 hp, 707 mana
498: 125.3 dps, 3478 hp, 716 mana
499: 125.1 dps, 3478 hp, 716 mana
500: 124.8 dps, 3478 hp, 716 mana
501: miniCH tick
501: finished casting miniCH
501: 128.4 dps, 3478 hp, 476 mana
502: 128.2 dps, 3478 hp, 476 mana
503: 127.9 dps, 3478 hp, 476 mana
504: startcast miniCH
504: 127.7 dps, 3497 hp, 485 mana
505: 127.4 dps, 3497 hp, 485 mana
506: 127.2 dps, 3497 hp, 485 mana
507: 126.9 dps, 3497 hp, 485 mana
508: 126.7 dps, 3497 hp, 485 mana
509: 126.4 dps, 3497 hp, 485 mana
510: 126.2 dps, 3516 hp, 494 mana
511: 125.9 dps, 3516 hp, 494 mana
512: 125.7 dps, 3516 hp, 494 mana
513: 125.4 dps, 3516 hp, 494 mana
514: miniCH tick
514: finished casting miniCH
514: 129.0 dps, 3516 hp, 254 mana
515: 128.7 dps, 3516 hp, 254 mana
516: 128.5 dps, 3535 hp, 263 mana
517: startcast cann4
517: 128.2 dps, 3535 hp, 263 mana
518: 128.0 dps, 3535 hp, 263 mana
519: 127.7 dps, 3535 hp, 263 mana
520: cann4 tick
520: finished casting cann4
520: 127.5 dps, 3387 hp, 345 mana
521: 127.3 dps, 3387 hp, 345 mana
522: startcast cann4
522: 127.0 dps, 3406 hp, 354 mana
523: 126.8 dps, 3406 hp, 354 mana
524: 126.5 dps, 3406 hp, 354 mana
525: cann4 tick
525: finished casting cann4
525: 126.3 dps, 3258 hp, 436 mana
526: 126.0 dps, 3258 hp, 436 mana
527: startcast miniCH
527: 125.8 dps, 3258 hp, 436 mana
528: 125.6 dps, 3277 hp, 445 mana
529: 125.3 dps, 3277 hp, 445 mana
530: 125.1 dps, 3277 hp, 445 mana
531: 124.9 dps, 3277 hp, 445 mana
532: 124.6 dps, 3277 hp, 445 mana
533: 124.4 dps, 3277 hp, 445 mana
534: 124.2 dps, 3296 hp, 454 mana
535: 123.9 dps, 3296 hp, 454 mana
536: 123.7 dps, 3296 hp, 454 mana
537: miniCH tick
537: finished casting miniCH
537: 127.1 dps, 3296 hp, 214 mana
538: 126.9 dps, 3296 hp, 214 mana
539: 126.6 dps, 3296 hp, 214 mana
540: startcast cann4
540: 126.4 dps, 3315 hp, 223 mana
541: 126.2 dps, 3315 hp, 223 mana
542: 125.9 dps, 3315 hp, 223 mana
543: cann4 tick
543: finished casting cann4
543: 125.7 dps, 3167 hp, 305 mana
544: 125.5 dps, 3167 hp, 305 mana
545: startcast cann4
545: 125.2 dps, 3167 hp, 305 mana
546: 125.0 dps, 3186 hp, 314 mana
547: 124.8 dps, 3186 hp, 314 mana
548: cann4 tick
548: finished casting cann4
548: 124.5 dps, 3038 hp, 396 mana
549: 124.3 dps, 3038 hp, 396 mana
550: startcast cann4
550: 124.1 dps, 3038 hp, 396 mana
551: 123.9 dps, 3038 hp, 396 mana
552: 123.6 dps, 3057 hp, 405 mana
553: cann4 tick
553: finished casting cann4
553: 123.4 dps, 2909 hp, 487 mana
554: 123.2 dps, 2909 hp, 487 mana
555: startcast miniCH
555: 123.0 dps, 2909 hp, 487 mana
556: 122.8 dps, 2909 hp, 487 mana
557: 122.5 dps, 2909 hp, 487 mana
558: 122.3 dps, 2928 hp, 496 mana
559: 122.1 dps, 2928 hp, 496 mana
560: 121.9 dps, 2928 hp, 496 mana
561: 121.7 dps, 2928 hp, 496 mana
562: 121.4 dps, 2928 hp, 496 mana
563: 121.2 dps, 2928 hp, 496 mana
564: 121.0 dps, 2947 hp, 505 mana
565: miniCH tick
565: finished casting miniCH
565: 124.2 dps, 2947 hp, 265 mana
566: 124.0 dps, 2947 hp, 265 mana
567: 123.8 dps, 2947 hp, 265 mana
568: startcast cann4
568: 123.6 dps, 2947 hp, 265 mana
569: 123.4 dps, 2947 hp, 265 mana
570: 123.2 dps, 2966 hp, 274 mana
571: cann4 tick
571: finished casting cann4
571: 122.9 dps, 2818 hp, 356 mana
572: 122.7 dps, 2818 hp, 356 mana
573: startcast cann4
573: 122.5 dps, 2818 hp, 356 mana
574: 122.3 dps, 2818 hp, 356 mana
575: 122.1 dps, 2818 hp, 356 mana
576: cann4 tick
576: finished casting cann4
576: 121.9 dps, 2689 hp, 447 mana
577: 121.7 dps, 2689 hp, 447 mana
578: startcast miniCH
578: 121.5 dps, 2689 hp, 447 mana
579: 121.2 dps, 2689 hp, 447 mana
580: 121.0 dps, 2689 hp, 447 mana
581: 120.8 dps, 2689 hp, 447 mana
582: 120.6 dps, 2708 hp, 456 mana
583: 120.4 dps, 2708 hp, 456 mana
584: 120.2 dps, 2708 hp, 456 mana
585: 120.0 dps, 2708 hp, 456 mana
586: 119.8 dps, 2708 hp, 456 mana
587: 119.6 dps, 2708 hp, 456 mana
588: miniCH tick
588: finished casting miniCH
588: 122.7 dps, 2727 hp, 225 mana
589: 122.5 dps, 2727 hp, 225 mana
590: 122.3 dps, 2727 hp, 225 mana
591: startcast cann4
591: 122.1 dps, 2727 hp, 225 mana
592: 121.9 dps, 2727 hp, 225 mana
593: 121.7 dps, 2727 hp, 225 mana
594: cann4 tick
594: finished casting cann4
594: 121.5 dps, 2598 hp, 316 mana
595: 121.3 dps, 2598 hp, 316 mana
596: startcast cann4
596: 121.1 dps, 2598 hp, 316 mana
597: 120.9 dps, 2598 hp, 316 mana
598: 120.7 dps, 2598 hp, 316 mana
599: cann4 tick
599: finished casting cann4
599: 120.5 dps, 2450 hp, 398 mana
600: 120.2 dps, 2469 hp, 407 mana
601: startcast miniCH
601: 120.0 dps, 2469 hp, 407 mana
602: 119.9 dps, 2469 hp, 407 mana
603: 119.7 dps, 2469 hp, 407 mana
604: 119.5 dps, 2469 hp, 407 mana
605: 119.3 dps, 2469 hp, 407 mana
606: 119.1 dps, 2488 hp, 416 mana
607: 118.9 dps, 2488 hp, 416 mana
608: 118.7 dps, 2488 hp, 416 mana
609: 118.5 dps, 2488 hp, 416 mana
610: 118.3 dps, 2488 hp, 416 mana
611: miniCH tick
611: finished casting miniCH
611: 121.3 dps, 2488 hp, 176 mana
612: 121.1 dps, 2507 hp, 185 mana
613: 120.9 dps, 2507 hp, 185 mana
614: startcast cann4
614: 120.7 dps, 2507 hp, 185 mana
615: 120.5 dps, 2507 hp, 185 mana
616: 120.3 dps, 2507 hp, 185 mana
617: cann4 tick
617: finished casting cann4
617: 120.1 dps, 2359 hp, 267 mana
618: 119.9 dps, 2378 hp, 276 mana
619: startcast cann4
619: 119.7 dps, 2378 hp, 276 mana
620: 119.5 dps, 2378 hp, 276 mana
621: 119.3 dps, 2378 hp, 276 mana
622: cann4 tick
622: finished casting cann4
622: 119.1 dps, 2230 hp, 358 mana
623: 118.9 dps, 2230 hp, 358 mana
624: cann5 tick
624: finished casting cann5
624: startcast cann5
624: 118.8 dps, 325 hp, 1433 mana
625: startcast torpor
625: 118.6 dps, 325 hp, 1433 mana
626: 118.4 dps, 325 hp, 1433 mana
627: 118.2 dps, 325 hp, 1433 mana
628: 118.0 dps, 325 hp, 1433 mana
629: finished casting torpor
629: 117.8 dps, 325 hp, 1313 mana
630: torpor tick
630: 117.6 dps, 644 hp, 1322 mana
631: 117.4 dps, 644 hp, 1322 mana
632: startcast miniCH
632: 117.2 dps, 644 hp, 1322 mana
633: 117.1 dps, 644 hp, 1322 mana
634: 116.9 dps, 644 hp, 1322 mana
635: 116.7 dps, 644 hp, 1322 mana
636: torpor tick
636: 116.5 dps, 963 hp, 1331 mana
637: 116.3 dps, 963 hp, 1331 mana
638: 116.1 dps, 963 hp, 1331 mana
639: 116.0 dps, 963 hp, 1331 mana
640: 115.8 dps, 963 hp, 1331 mana
641: 115.6 dps, 963 hp, 1331 mana
642: torpor tick
642: miniCH tick
642: finished casting miniCH
642: 118.5 dps, 1282 hp, 1100 mana
643: 118.3 dps, 1282 hp, 1100 mana
644: 118.1 dps, 1282 hp, 1100 mana
645: startcast miniCH
645: 117.9 dps, 1282 hp, 1100 mana
646: 117.7 dps, 1282 hp, 1100 mana
647: 117.5 dps, 1282 hp, 1100 mana
648: torpor tick
648: 117.4 dps, 1601 hp, 1109 mana
649: 117.2 dps, 1601 hp, 1109 mana
650: 117.0 dps, 1601 hp, 1109 mana
651: 116.8 dps, 1601 hp, 1109 mana
652: 116.6 dps, 1601 hp, 1109 mana
653: 116.5 dps, 1601 hp, 1109 mana
654: torpor tick
654: 116.3 dps, 1920 hp, 1118 mana
655: miniCH tick
655: finished casting miniCH
655: 119.1 dps, 1920 hp, 878 mana
656: 118.9 dps, 1920 hp, 878 mana
657: 118.7 dps, 1920 hp, 878 mana
658: startcast miniCH
658: 118.5 dps, 1920 hp, 878 mana
659: 118.4 dps, 1920 hp, 878 mana
660: torpor tick
660: 118.2 dps, 2239 hp, 887 mana
661: 118.0 dps, 2239 hp, 887 mana
662: 117.8 dps, 2239 hp, 887 mana
663: 117.6 dps, 2239 hp, 887 mana
664: 117.5 dps, 2239 hp, 887 mana
665: 117.3 dps, 2239 hp, 887 mana
666: 117.1 dps, 2258 hp, 896 mana
667: 116.9 dps, 2258 hp, 896 mana
668: miniCH tick
668: finished casting miniCH
668: 119.7 dps, 2258 hp, 656 mana
669: 119.5 dps, 2258 hp, 656 mana
670: 119.3 dps, 2258 hp, 656 mana
671: startcast miniCH
671: 119.2 dps, 2258 hp, 656 mana
672: 119.0 dps, 2277 hp, 665 mana
673: 118.8 dps, 2277 hp, 665 mana
674: 118.6 dps, 2277 hp, 665 mana
675: 118.4 dps, 2277 hp, 665 mana
676: 118.3 dps, 2277 hp, 665 mana
677: 118.1 dps, 2277 hp, 665 mana
678: 117.9 dps, 2296 hp, 674 mana
679: 117.7 dps, 2296 hp, 674 mana
680: 117.6 dps, 2296 hp, 674 mana
681: miniCH tick
681: finished casting miniCH
681: 120.3 dps, 2296 hp, 434 mana
682: 120.1 dps, 2296 hp, 434 mana
683: 119.9 dps, 2296 hp, 434 mana
684: startcast miniCH
684: 119.7 dps, 2315 hp, 443 mana
685: 119.6 dps, 2315 hp, 443 mana
686: 119.4 dps, 2315 hp, 443 mana
687: 119.2 dps, 2315 hp, 443 mana
688: 119.0 dps, 2315 hp, 443 mana
689: 118.9 dps, 2315 hp, 443 mana
690: 118.7 dps, 2334 hp, 452 mana
691: 118.5 dps, 2334 hp, 452 mana
692: 118.4 dps, 2334 hp, 452 mana
693: 118.2 dps, 2334 hp, 452 mana
694: miniCH tick
694: finished casting miniCH
694: 120.8 dps, 2334 hp, 212 mana
695: 120.6 dps, 2334 hp, 212 mana
696: 120.5 dps, 2353 hp, 221 mana
697: startcast cann4
697: 120.3 dps, 2353 hp, 221 mana
698: 120.1 dps, 2353 hp, 221 mana
699: 120.0 dps, 2353 hp, 221 mana
700: cann4 tick
700: finished casting cann4
700: 119.8 dps, 2205 hp, 303 mana
701: 119.6 dps, 2205 hp, 303 mana
702: startcast cann4
702: 119.4 dps, 2224 hp, 312 mana
703: 119.3 dps, 2224 hp, 312 mana
704: 119.1 dps, 2224 hp, 312 mana
705: cann4 tick
705: finished casting cann4
705: 118.9 dps, 2076 hp, 394 mana
706: 118.8 dps, 2076 hp, 394 mana
707: startcast cann4
707: 118.6 dps, 2076 hp, 394 mana
708: 118.4 dps, 2095 hp, 403 mana
709: 118.3 dps, 2095 hp, 403 mana
710: cann4 tick
710: finished casting cann4
710: 118.1 dps, 1947 hp, 485 mana
711: 117.9 dps, 1947 hp, 485 mana
712: startcast torpor
712: 117.8 dps, 1947 hp, 485 mana
713: 117.6 dps, 1947 hp, 485 mana
714: 117.4 dps, 1966 hp, 494 mana
715: 117.3 dps, 1966 hp, 494 mana
716: finished casting torpor
716: 117.1 dps, 1966 hp, 374 mana
717: 116.9 dps, 1966 hp, 374 mana
718: 116.8 dps, 1966 hp, 374 mana
719: startcast cann4
719: 116.6 dps, 1966 hp, 374 mana
720: torpor tick
720: 116.5 dps, 2285 hp, 383 mana
721: 116.3 dps, 2285 hp, 383 mana
722: cann4 tick
722: finished casting cann4
722: 116.1 dps, 2137 hp, 465 mana
723: 116.0 dps, 2137 hp, 465 mana
724: startcast miniCH
724: 115.8 dps, 2137 hp, 465 mana
725: 115.7 dps, 2137 hp, 465 mana
726: torpor tick
726: 115.5 dps, 2456 hp, 474 mana
727: 115.3 dps, 2456 hp, 474 mana
728: 115.2 dps, 2456 hp, 474 mana
729: 115.0 dps, 2456 hp, 474 mana
730: 114.9 dps, 2456 hp, 474 mana
731: 114.7 dps, 2456 hp, 474 mana
732: torpor tick
732: 114.5 dps, 2775 hp, 483 mana
733: 114.4 dps, 2775 hp, 483 mana
734: miniCH tick
734: finished casting miniCH
734: 116.9 dps, 2775 hp, 243 mana
735: 116.7 dps, 2775 hp, 243 mana
736: 116.6 dps, 2775 hp, 243 mana
737: startcast cann4
737: 116.4 dps, 2775 hp, 243 mana
738: torpor tick
738: 116.3 dps, 3094 hp, 252 mana
739: 116.1 dps, 3094 hp, 252 mana
740: cann4 tick
740: finished casting cann4
740: 115.9 dps, 2946 hp, 334 mana
741: 115.8 dps, 2946 hp, 334 mana
742: startcast cann4
742: 115.6 dps, 2946 hp, 334 mana
743: 115.5 dps, 2946 hp, 334 mana
744: torpor tick
744: 115.3 dps, 3265 hp, 343 mana
745: cann4 tick
745: finished casting cann4
745: 115.2 dps, 3117 hp, 425 mana
746: 115.0 dps, 3117 hp, 425 mana
747: startcast miniCH
747: 114.9 dps, 3117 hp, 425 mana
748: 114.7 dps, 3117 hp, 425 mana
749: 114.6 dps, 3117 hp, 425 mana
750: torpor tick
750: 114.4 dps, 3436 hp, 434 mana
751: 114.2 dps, 3436 hp, 434 mana
752: 114.1 dps, 3436 hp, 434 mana
753: 113.9 dps, 3436 hp, 434 mana
754: 113.8 dps, 3436 hp, 434 mana
755: 113.6 dps, 3436 hp, 434 mana
756: 113.5 dps, 3455 hp, 443 mana
757: miniCH tick
757: finished casting miniCH
757: 115.9 dps, 3455 hp, 203 mana
758: 115.8 dps, 3455 hp, 203 mana
759: 115.6 dps, 3455 hp, 203 mana
760: startcast cann4
760: 115.5 dps, 3455 hp, 203 mana
761: 115.3 dps, 3455 hp, 203 mana
762: 115.2 dps, 3474 hp, 212 mana
763: cann4 tick
763: finished casting cann4
763: 115.0 dps, 3326 hp, 294 mana
764: 114.9 dps, 3326 hp, 294 mana
765: startcast cann4
765: 114.7 dps, 3326 hp, 294 mana
766: 114.6 dps, 3326 hp, 294 mana
767: 114.4 dps, 3326 hp, 294 mana
768: cann4 tick
768: finished casting cann4
768: 114.3 dps, 3197 hp, 385 mana
769: 114.1 dps, 3197 hp, 385 mana
770: startcast cann4
770: 114.0 dps, 3197 hp, 385 mana
771: 113.8 dps, 3197 hp, 385 mana
772: 113.7 dps, 3197 hp, 385 mana
773: cann4 tick
773: finished casting cann4
773: 113.5 dps, 3049 hp, 467 mana
774: 113.4 dps, 3068 hp, 476 mana
775: startcast miniCH
775: 113.2 dps, 3068 hp, 476 mana
776: 113.1 dps, 3068 hp, 476 mana
777: 112.9 dps, 3068 hp, 476 mana
778: 112.8 dps, 3068 hp, 476 mana
779: 112.6 dps, 3068 hp, 476 mana
780: 112.5 dps, 3087 hp, 485 mana
781: 112.4 dps, 3087 hp, 485 mana
782: 112.2 dps, 3087 hp, 485 mana
783: 112.1 dps, 3087 hp, 485 mana
784: 111.9 dps, 3087 hp, 485 mana
785: miniCH tick
785: finished casting miniCH
785: 114.3 dps, 3087 hp, 245 mana
786: 114.1 dps, 3106 hp, 254 mana
787: 114.0 dps, 3106 hp, 254 mana
788: startcast cann4
788: 113.8 dps, 3106 hp, 254 mana
789: 113.7 dps, 3106 hp, 254 mana
790: 113.5 dps, 3106 hp, 254 mana
791: cann4 tick
791: finished casting cann4
791: 113.4 dps, 2958 hp, 336 mana
792: 113.3 dps, 2977 hp, 345 mana
793: startcast cann4
793: 113.1 dps, 2977 hp, 345 mana
794: 113.0 dps, 2977 hp, 345 mana
795: 112.8 dps, 2977 hp, 345 mana
796: cann4 tick
796: finished casting cann4
796: 112.7 dps, 2829 hp, 427 mana
797: 112.5 dps, 2829 hp, 427 mana
798: startcast miniCH
798: 112.4 dps, 2848 hp, 436 mana
799: 112.3 dps, 2848 hp, 436 mana
800: 112.1 dps, 2848 hp, 436 mana
801: 112.0 dps, 2848 hp, 436 mana
802: 111.8 dps, 2848 hp, 436 mana
803: 111.7 dps, 2848 hp, 436 mana
804: 111.6 dps, 2867 hp, 445 mana
805: 111.4 dps, 2867 hp, 445 mana
806: 111.3 dps, 2867 hp, 445 mana
807: 111.2 dps, 2867 hp, 445 mana
808: miniCH tick
808: finished casting miniCH
808: 113.4 dps, 2867 hp, 205 mana
809: 113.3 dps, 2867 hp, 205 mana
810: 113.1 dps, 2886 hp, 214 mana
811: cann5 tick
811: finished casting cann5
811: startcast cann5
811: 113.0 dps, 962 hp, 1280 mana
812: startcast torpor
812: 112.9 dps, 962 hp, 1280 mana
813: 112.7 dps, 962 hp, 1280 mana
814: 112.6 dps, 962 hp, 1280 mana
815: 112.5 dps, 962 hp, 1280 mana
816: finished casting torpor
816: 112.3 dps, 981 hp, 1169 mana
817: 112.2 dps, 981 hp, 1169 mana
818: 112.0 dps, 981 hp, 1169 mana
819: startcast miniCH
819: 111.9 dps, 981 hp, 1169 mana
820: 111.8 dps, 981 hp, 1169 mana
821: 111.6 dps, 981 hp, 1169 mana
822: torpor tick
822: 111.5 dps, 1300 hp, 1178 mana
823: 111.4 dps, 1300 hp, 1178 mana
824: 111.2 dps, 1300 hp, 1178 mana
825: 111.1 dps, 1300 hp, 1178 mana
826: 111.0 dps, 1300 hp, 1178 mana
827: 110.8 dps, 1300 hp, 1178 mana
828: torpor tick
828: 110.7 dps, 1619 hp, 1187 mana
829: miniCH tick
829: finished casting miniCH
829: 112.9 dps, 1619 hp, 947 mana
830: 112.8 dps, 1619 hp, 947 mana
831: 112.6 dps, 1619 hp, 947 mana
832: startcast miniCH
832: 112.5 dps, 1619 hp, 947 mana
833: 112.4 dps, 1619 hp, 947 mana
834: torpor tick
834: 112.2 dps, 1938 hp, 956 mana
835: 112.1 dps, 1938 hp, 956 mana
836: 112.0 dps, 1938 hp, 956 mana
837: 111.8 dps, 1938 hp, 956 mana
838: 111.7 dps, 1938 hp, 956 mana
839: 111.6 dps, 1938 hp, 956 mana
840: torpor tick
840: 111.4 dps, 2257 hp, 965 mana
841: 111.3 dps, 2257 hp, 965 mana
842: miniCH tick
842: finished casting miniCH
842: 113.5 dps, 2257 hp, 725 mana
843: 113.3 dps, 2257 hp, 725 mana
844: 113.2 dps, 2257 hp, 725 mana
845: startcast miniCH
845: 113.1 dps, 2257 hp, 725 mana
846: torpor tick
846: 112.9 dps, 2576 hp, 734 mana
847: 112.8 dps, 2576 hp, 734 mana
848: 112.7 dps, 2576 hp, 734 mana
849: 112.5 dps, 2576 hp, 734 mana
850: 112.4 dps, 2576 hp, 734 mana
851: 112.3 dps, 2576 hp, 734 mana
852: torpor tick
852: 112.1 dps, 2895 hp, 743 mana
853: 112.0 dps, 2895 hp, 743 mana
854: 111.9 dps, 2895 hp, 743 mana
855: miniCH tick
855: finished casting miniCH
855: 114.0 dps, 2895 hp, 503 mana
856: 113.9 dps, 2895 hp, 503 mana
857: 113.8 dps, 2895 hp, 503 mana
858: startcast miniCH
858: 113.6 dps, 2914 hp, 512 mana
859: 113.5 dps, 2914 hp, 512 mana
860: 113.4 dps, 2914 hp, 512 mana
861: 113.2 dps, 2914 hp, 512 mana
862: 113.1 dps, 2914 hp, 512 mana
863: 113.0 dps, 2914 hp, 512 mana
864: 112.8 dps, 2933 hp, 521 mana
865: 112.7 dps, 2933 hp, 521 mana
866: 112.6 dps, 2933 hp, 521 mana
867: 112.5 dps, 2933 hp, 521 mana
868: miniCH tick
868: finished casting miniCH
868: 114.6 dps, 2933 hp, 281 mana
869: 114.4 dps, 2933 hp, 281 mana
870: 114.3 dps, 2952 hp, 290 mana
871: startcast cann4
871: 114.2 dps, 2952 hp, 290 mana
872: 114.0 dps, 2952 hp, 290 mana
873: 113.9 dps, 2952 hp, 290 mana
874: cann4 tick
874: finished casting cann4
874: 113.8 dps, 2804 hp, 372 mana
875: 113.7 dps, 2804 hp, 372 mana
876: startcast cann4
876: 113.5 dps, 2823 hp, 381 mana
877: 113.4 dps, 2823 hp, 381 mana
878: 113.3 dps, 2823 hp, 381 mana
879: cann4 tick
879: finished casting cann4
879: 113.1 dps, 2675 hp, 463 mana
880: 113.0 dps, 2675 hp, 463 mana
881: startcast miniCH
881: 112.9 dps, 2675 hp, 463 mana
882: 112.8 dps, 2694 hp, 472 mana
883: 112.6 dps, 2694 hp, 472 mana
884: 112.5 dps, 2694 hp, 472 mana
885: 112.4 dps, 2694 hp, 472 mana
886: 112.2 dps, 2694 hp, 472 mana
887: 112.1 dps, 2694 hp, 472 mana
888: 112.0 dps, 2713 hp, 481 mana
889: 111.9 dps, 2713 hp, 481 mana
890: 111.7 dps, 2713 hp, 481 mana
891: miniCH tick
891: finished casting miniCH
891: 113.8 dps, 2713 hp, 241 mana
892: 113.7 dps, 2713 hp, 241 mana
893: 113.5 dps, 2713 hp, 241 mana
894: startcast cann4
894: 113.4 dps, 2732 hp, 250 mana
895: 113.3 dps, 2732 hp, 250 mana
896: 113.2 dps, 2732 hp, 250 mana
897: cann4 tick
897: finished casting cann4
897: 113.0 dps, 2584 hp, 332 mana
898: 112.9 dps, 2584 hp, 332 mana
899: startcast cann4
899: 112.8 dps, 2584 hp, 332 mana
900: 112.7 dps, 2603 hp, 341 mana
901: 112.5 dps, 2603 hp, 341 mana
902: cann4 tick
902: finished casting cann4
902: 112.4 dps, 2455 hp, 423 mana
903: 112.3 dps, 2455 hp, 423 mana
904: startcast miniCH
904: 112.2 dps, 2455 hp, 423 mana
905: 112.0 dps, 2455 hp, 423 mana
906: 111.9 dps, 2474 hp, 432 mana
907: 111.8 dps, 2474 hp, 432 mana
908: 111.7 dps, 2474 hp, 432 mana
909: 111.6 dps, 2474 hp, 432 mana
910: 111.4 dps, 2474 hp, 432 mana
911: 111.3 dps, 2474 hp, 432 mana
912: 111.2 dps, 2493 hp, 441 mana
913: 111.1 dps, 2493 hp, 441 mana
914: miniCH tick
914: finished casting miniCH
914: 113.1 dps, 2493 hp, 201 mana
915: 113.0 dps, 2493 hp, 201 mana
916: 112.8 dps, 2493 hp, 201 mana
917: startcast cann4
917: 112.7 dps, 2493 hp, 201 mana
918: 112.6 dps, 2512 hp, 210 mana
919: 112.5 dps, 2512 hp, 210 mana
920: cann4 tick
920: finished casting cann4
920: 112.3 dps, 2364 hp, 292 mana
921: 112.2 dps, 2364 hp, 292 mana
922: startcast cann4
922: 112.1 dps, 2364 hp, 292 mana
923: 112.0 dps, 2364 hp, 292 mana
924: 111.9 dps, 2383 hp, 301 mana
925: cann4 tick
925: finished casting cann4
925: 111.7 dps, 2235 hp, 383 mana
926: 111.6 dps, 2235 hp, 383 mana
927: startcast cann4
927: 111.5 dps, 2235 hp, 383 mana
928: 111.4 dps, 2235 hp, 383 mana
929: 111.2 dps, 2235 hp, 383 mana
930: cann4 tick
930: finished casting cann4
930: 111.1 dps, 2106 hp, 474 mana
931: 111.0 dps, 2106 hp, 474 mana
932: startcast miniCH
932: 110.9 dps, 2106 hp, 474 mana
933: 110.8 dps, 2106 hp, 474 mana
934: 110.7 dps, 2106 hp, 474 mana
935: 110.5 dps, 2106 hp, 474 mana
936: 110.4 dps, 2125 hp, 483 mana
937: 110.3 dps, 2125 hp, 483 mana
938: 110.2 dps, 2125 hp, 483 mana
939: 110.1 dps, 2125 hp, 483 mana
940: 109.9 dps, 2125 hp, 483 mana
941: 109.8 dps, 2125 hp, 483 mana
942: miniCH tick
942: finished casting miniCH
942: 111.8 dps, 2144 hp, 252 mana
943: 111.7 dps, 2144 hp, 252 mana
944: 111.5 dps, 2144 hp, 252 mana
945: startcast cann4
945: 111.4 dps, 2144 hp, 252 mana
946: 111.3 dps, 2144 hp, 252 mana
947: 111.2 dps, 2144 hp, 252 mana
948: cann4 tick
948: finished casting cann4
948: 111.1 dps, 2015 hp, 343 mana
949: 111.0 dps, 2015 hp, 343 mana
950: startcast cann4
950: 110.8 dps, 2015 hp, 343 mana
951: 110.7 dps, 2015 hp, 343 mana
952: 110.6 dps, 2015 hp, 343 mana
953: cann4 tick
953: finished casting cann4
953: 110.5 dps, 1867 hp, 425 mana
954: 110.4 dps, 1886 hp, 434 mana
955: startcast torpor
955: 110.3 dps, 1886 hp, 434 mana
956: 110.1 dps, 1886 hp, 434 mana
957: 110.0 dps, 1886 hp, 434 mana
958: 109.9 dps, 1886 hp, 434 mana
959: finished casting torpor
959: 109.8 dps, 1886 hp, 314 mana
960: torpor tick
960: 109.7 dps, 2205 hp, 323 mana
961: 109.6 dps, 2205 hp, 323 mana
962: startcast cann4
962: 109.5 dps, 2205 hp, 323 mana
963: 109.3 dps, 2205 hp, 323 mana
964: 109.2 dps, 2205 hp, 323 mana
965: cann4 tick
965: finished casting cann4
965: 109.1 dps, 2057 hp, 405 mana
966: torpor tick
966: 109.0 dps, 2376 hp, 414 mana
967: startcast miniCH
967: 108.9 dps, 2376 hp, 414 mana
968: 108.8 dps, 2376 hp, 414 mana
969: 108.7 dps, 2376 hp, 414 mana
970: 108.6 dps, 2376 hp, 414 mana
971: 108.4 dps, 2376 hp, 414 mana
972: torpor tick
972: 108.3 dps, 2695 hp, 423 mana
973: 108.2 dps, 2695 hp, 423 mana
974: 108.1 dps, 2695 hp, 423 mana
975: 108.0 dps, 2695 hp, 423 mana
976: 107.9 dps, 2695 hp, 423 mana
977: miniCH tick
977: finished casting miniCH
977: 109.8 dps, 2695 hp, 183 mana
978: torpor tick
978: 109.7 dps, 3014 hp, 192 mana
979: 109.6 dps, 3014 hp, 192 mana
980: startcast cann4
980: 109.4 dps, 3014 hp, 192 mana
981: 109.3 dps, 3014 hp, 192 mana
982: 109.2 dps, 3014 hp, 192 mana
983: cann4 tick
983: finished casting cann4
983: 109.1 dps, 2866 hp, 274 mana
984: torpor tick
984: 109.0 dps, 3185 hp, 283 mana
985: startcast cann4
985: 108.9 dps, 3185 hp, 283 mana
986: 108.8 dps, 3185 hp, 283 mana
987: 108.7 dps, 3185 hp, 283 mana
988: cann4 tick
988: finished casting cann4
988: 108.6 dps, 3037 hp, 365 mana
989: 108.4 dps, 3037 hp, 365 mana
990: torpor tick
990: startcast cann4
990: 108.3 dps, 3356 hp, 374 mana
991: 108.2 dps, 3356 hp, 374 mana
992: 108.1 dps, 3356 hp, 374 mana
993: cann4 tick
993: finished casting cann4
993: 108.0 dps, 3208 hp, 456 mana
994: 107.9 dps, 3208 hp, 456 mana
995: cann5 tick
995: finished casting cann5
995: startcast cann5
995: 107.8 dps, 1284 hp, 1522 mana
996: startcast torpor
996: 107.7 dps, 1303 hp, 1531 mana
997: 107.6 dps, 1303 hp, 1531 mana
998: 107.5 dps, 1303 hp, 1531 mana
999: 107.4 dps, 1303 hp, 1531 mana
1000: finished casting torpor
1000: 107.2 dps, 1303 hp, 1411 mana
1001: 107.1 dps, 1303 hp, 1411 mana
1002: torpor tick
1002: 107.0 dps, 1622 hp, 1420 mana
1003: startcast miniCH
1003: 106.9 dps, 1622 hp, 1420 mana
1004: 106.8 dps, 1622 hp, 1420 mana
1005: 106.7 dps, 1622 hp, 1420 mana
1006: 106.6 dps, 1622 hp, 1420 mana
1007: 106.5 dps, 1622 hp, 1420 mana
1008: torpor tick
1008: 106.4 dps, 1941 hp, 1429 mana
1009: 106.3 dps, 1941 hp, 1429 mana
1010: 106.2 dps, 1941 hp, 1429 mana
1011: 106.1 dps, 1941 hp, 1429 mana
1012: 106.0 dps, 1941 hp, 1429 mana
1013: miniCH tick
1013: finished casting miniCH
1013: 107.8 dps, 1941 hp, 1189 mana
1014: torpor tick
1014: 107.7 dps, 2260 hp, 1198 mana
1015: 107.6 dps, 2260 hp, 1198 mana
1016: startcast miniCH
1016: 107.5 dps, 2260 hp, 1198 mana
1017: 107.4 dps, 2260 hp, 1198 mana
1018: 107.3 dps, 2260 hp, 1198 mana
1019: 107.2 dps, 2260 hp, 1198 mana
1020: torpor tick
1020: 107.1 dps, 2579 hp, 1207 mana
1021: 107.0 dps, 2579 hp, 1207 mana
1022: 106.8 dps, 2579 hp, 1207 mana
1023: 106.7 dps, 2579 hp, 1207 mana
1024: 106.6 dps, 2579 hp, 1207 mana
1025: 106.5 dps, 2579 hp, 1207 mana
1026: torpor tick
1026: miniCH tick
1026: finished casting miniCH
1026: 108.3 dps, 2898 hp, 976 mana
1027: 108.2 dps, 2898 hp, 976 mana
1028: 108.1 dps, 2898 hp, 976 mana
1029: startcast miniCH
1029: 108.0 dps, 2898 hp, 976 mana
1030: 107.9 dps, 2898 hp, 976 mana
1031: 107.8 dps, 2898 hp, 976 mana
1032: torpor tick
1032: 107.7 dps, 3217 hp, 985 mana
1033: 107.6 dps, 3217 hp, 985 mana
1034: 107.5 dps, 3217 hp, 985 mana
1035: 107.4 dps, 3217 hp, 985 mana
1036: 107.3 dps, 3217 hp, 985 mana
1037: 107.2 dps, 3217 hp, 985 mana
1038: 107.1 dps, 3236 hp, 994 mana
1039: miniCH tick
1039: finished casting miniCH
1039: 108.9 dps, 3236 hp, 754 mana
1040: 108.8 dps, 3236 hp, 754 mana
1041: 108.6 dps, 3236 hp, 754 mana
1042: startcast miniCH
1042: 108.5 dps, 3236 hp, 754 mana
1043: 108.4 dps, 3236 hp, 754 mana
1044: 108.3 dps, 3255 hp, 763 mana
1045: 108.2 dps, 3255 hp, 763 mana
1046: 108.1 dps, 3255 hp, 763 mana
1047: 108.0 dps, 3255 hp, 763 mana
1048: 107.9 dps, 3255 hp, 763 mana
1049: 107.8 dps, 3255 hp, 763 mana
1050: 107.7 dps, 3274 hp, 772 mana
1051: 107.6 dps, 3274 hp, 772 mana
1052: miniCH tick
1052: finished casting miniCH
1052: 109.4 dps, 3274 hp, 532 mana
1053: 109.3 dps, 3274 hp, 532 mana
1054: 109.2 dps, 3274 hp, 532 mana
1055: startcast miniCH
1055: 109.1 dps, 3274 hp, 532 mana
1056: 108.9 dps, 3293 hp, 541 mana
1057: 108.8 dps, 3293 hp, 541 mana
1058: 108.7 dps, 3293 hp, 541 mana
1059: 108.6 dps, 3293 hp, 541 mana
1060: 108.5 dps, 3293 hp, 541 mana
1061: 108.4 dps, 3293 hp, 541 mana
1062: 108.3 dps, 3312 hp, 550 mana
1063: 108.2 dps, 3312 hp, 550 mana
1064: 108.1 dps, 3312 hp, 550 mana
1065: miniCH tick
1065: finished casting miniCH
1065: 109.9 dps, 3312 hp, 310 mana
1066: 109.8 dps, 3312 hp, 310 mana
1067: 109.7 dps, 3312 hp, 310 mana
1068: startcast cann4
1068: 109.6 dps, 3331 hp, 319 mana
1069: 109.4 dps, 3331 hp, 319 mana
1070: 109.3 dps, 3331 hp, 319 mana
1071: cann4 tick
1071: finished casting cann4
1071: 109.2 dps, 3183 hp, 401 mana
1072: 109.1 dps, 3183 hp, 401 mana
1073: startcast miniCH
1073: 109.0 dps, 3183 hp, 401 mana
1074: 108.9 dps, 3202 hp, 410 mana
1075: 108.8 dps, 3202 hp, 410 mana
1076: 108.7 dps, 3202 hp, 410 mana
1077: 108.6 dps, 3202 hp, 410 mana
1078: 108.5 dps, 3202 hp, 410 mana
1079: 108.4 dps, 3202 hp, 410 mana
1080: 108.3 dps, 3221 hp, 419 mana
1081: 108.2 dps, 3221 hp, 419 mana
1082: 108.1 dps, 3221 hp, 419 mana
1083: miniCH tick
1083: finished casting miniCH
1083: 109.8 dps, 3221 hp, 179 mana
1084: 109.7 dps, 3221 hp, 179 mana
1085: 109.6 dps, 3221 hp, 179 mana
1086: startcast cann4
1086: 109.5 dps, 3240 hp, 188 mana
1087: 109.4 dps, 3240 hp, 188 mana
1088: 109.3 dps, 3240 hp, 188 mana
1089: cann4 tick
1089: finished casting cann4
1089: 109.2 dps, 3092 hp, 270 mana
1090: 109.1 dps, 3092 hp, 270 mana
1091: startcast cann4
1091: 109.0 dps, 3092 hp, 270 mana
1092: 108.9 dps, 3111 hp, 279 mana
1093: 108.8 dps, 3111 hp, 279 mana
1094: cann4 tick
1094: finished casting cann4
1094: 108.7 dps, 2963 hp, 361 mana
1095: 108.6 dps, 2963 hp, 361 mana
1096: startcast cann4
1096: 108.5 dps, 2963 hp, 361 mana
1097: 108.4 dps, 2963 hp, 361 mana
1098: 108.3 dps, 2982 hp, 370 mana
1099: cann4 tick
1099: finished casting cann4
1099: 108.2 dps, 2834 hp, 452 mana
1100: 108.1 dps, 2834 hp, 452 mana
1101: startcast miniCH
1101: 108.0 dps, 2834 hp, 452 mana
1102: 107.9 dps, 2834 hp, 452 mana
1103: 107.8 dps, 2834 hp, 452 mana
1104: 107.7 dps, 2853 hp, 461 mana
1105: 107.6 dps, 2853 hp, 461 mana
1106: 107.5 dps, 2853 hp, 461 mana
1107: 107.5 dps, 2853 hp, 461 mana
1108: 107.4 dps, 2853 hp, 461 mana
1109: 107.3 dps, 2853 hp, 461 mana
1110: 107.2 dps, 2872 hp, 470 mana
1111: miniCH tick
1111: finished casting miniCH
1111: 108.8 dps, 2872 hp, 230 mana
1112: 108.7 dps, 2872 hp, 230 mana
1113: 108.6 dps, 2872 hp, 230 mana
1114: startcast cann4
1114: 108.5 dps, 2872 hp, 230 mana
1115: 108.4 dps, 2872 hp, 230 mana
1116: 108.3 dps, 2891 hp, 239 mana
1117: cann4 tick
1117: finished casting cann4
1117: 108.2 dps, 2743 hp, 321 mana
1118: 108.1 dps, 2743 hp, 321 mana
1119: startcast cann4
1119: 108.0 dps, 2743 hp, 321 mana
1120: 107.9 dps, 2743 hp, 321 mana
1121: 107.9 dps, 2743 hp, 321 mana
1122: cann4 tick
1122: finished casting cann4
1122: 107.8 dps, 2614 hp, 412 mana
1123: 107.7 dps, 2614 hp, 412 mana
1124: startcast miniCH
1124: 107.6 dps, 2614 hp, 412 mana
1125: 107.5 dps, 2614 hp, 412 mana
1126: 107.4 dps, 2614 hp, 412 mana
1127: 107.3 dps, 2614 hp, 412 mana
1128: 107.2 dps, 2633 hp, 421 mana
1129: 107.1 dps, 2633 hp, 421 mana
1130: 107.0 dps, 2633 hp, 421 mana
1131: 106.9 dps, 2633 hp, 421 mana
1132: 106.8 dps, 2633 hp, 421 mana
1133: 106.7 dps, 2633 hp, 421 mana
1134: miniCH tick
1134: finished casting miniCH
1134: 108.3 dps, 2652 hp, 190 mana
1135: 108.2 dps, 2652 hp, 190 mana
1136: 108.1 dps, 2652 hp, 190 mana
1137: startcast cann4
1137: 108.0 dps, 2652 hp, 190 mana
1138: 108.0 dps, 2652 hp, 190 mana
1139: 107.9 dps, 2652 hp, 190 mana
1140: cann4 tick
1140: finished casting cann4
1140: 107.8 dps, 2523 hp, 281 mana
1141: 107.7 dps, 2523 hp, 281 mana
1142: startcast cann4
1142: 107.6 dps, 2523 hp, 281 mana
1143: 107.5 dps, 2523 hp, 281 mana
1144: 107.4 dps, 2523 hp, 281 mana
1145: cann4 tick
1145: finished casting cann4
1145: 107.3 dps, 2375 hp, 363 mana
1146: 107.2 dps, 2394 hp, 372 mana
1147: startcast cann4
1147: 107.1 dps, 2394 hp, 372 mana
1148: 107.0 dps, 2394 hp, 372 mana
1149: 106.9 dps, 2394 hp, 372 mana
1150: cann4 tick
1150: finished casting cann4
1150: 106.8 dps, 2246 hp, 454 mana
1151: 106.7 dps, 2246 hp, 454 mana
1152: startcast miniCH
1152: 106.6 dps, 2265 hp, 463 mana
1153: 106.5 dps, 2265 hp, 463 mana
1154: 106.5 dps, 2265 hp, 463 mana
1155: 106.4 dps, 2265 hp, 463 mana
1156: 106.3 dps, 2265 hp, 463 mana
1157: 106.2 dps, 2265 hp, 463 mana
1158: 106.1 dps, 2284 hp, 472 mana
1159: 106.0 dps, 2284 hp, 472 mana
1160: 105.9 dps, 2284 hp, 472 mana
1161: 105.8 dps, 2284 hp, 472 mana
1162: miniCH tick
1162: finished casting miniCH
1162: 107.4 dps, 2284 hp, 232 mana
1163: 107.3 dps, 2284 hp, 232 mana
1164: 107.2 dps, 2303 hp, 241 mana
1165: startcast cann4
1165: 107.1 dps, 2303 hp, 241 mana
1166: 107.0 dps, 2303 hp, 241 mana
1167: 106.9 dps, 2303 hp, 241 mana
1168: cann4 tick
1168: finished casting cann4
1168: 106.8 dps, 2155 hp, 323 mana
1169: 106.8 dps, 2155 hp, 323 mana
1170: startcast cann4
1170: 106.7 dps, 2174 hp, 332 mana
1171: 106.6 dps, 2174 hp, 332 mana
1172: 106.5 dps, 2174 hp, 332 mana
1173: cann4 tick
1173: finished casting cann4
1173: 106.4 dps, 2026 hp, 414 mana
1174: 106.3 dps, 2026 hp, 414 mana
1175: cann5 tick
1175: finished casting cann5
1175: startcast cann5
1175: 106.2 dps, 102 hp, 1480 mana
1176: startcast torpor
1176: 106.1 dps, 121 hp, 1489 mana
1177: 106.0 dps, 121 hp, 1489 mana
1178: 105.9 dps, 121 hp, 1489 mana
1179: 105.9 dps, 121 hp, 1489 mana
1180: finished casting torpor
1180: 105.8 dps, 121 hp, 1369 mana
1181: 105.7 dps, 121 hp, 1369 mana
1182: torpor tick
1182: 105.6 dps, 440 hp, 1378 mana
1183: startcast miniCH
1183: 105.5 dps, 440 hp, 1378 mana
1184: 105.4 dps, 440 hp, 1378 mana
1185: 105.3 dps, 440 hp, 1378 mana
1186: 105.2 dps, 440 hp, 1378 mana
1187: 105.1 dps, 440 hp, 1378 mana
1188: torpor tick
1188: 105.1 dps, 759 hp, 1387 mana
1189: 105.0 dps, 759 hp, 1387 mana
1190: 104.9 dps, 759 hp, 1387 mana
1191: 104.8 dps, 759 hp, 1387 mana
1192: 104.7 dps, 759 hp, 1387 mana
1193: miniCH tick
1193: finished casting miniCH
1193: 106.2 dps, 759 hp, 1147 mana
1194: torpor tick
1194: 106.2 dps, 1078 hp, 1156 mana
1195: 106.1 dps, 1078 hp, 1156 mana
1196: startcast miniCH
1196: 106.0 dps, 1078 hp, 1156 mana
1197: 105.9 dps, 1078 hp, 1156 mana
1198: 105.8 dps, 1078 hp, 1156 mana
1199: 105.7 dps, 1078 hp, 1156 mana
1200: torpor tick
1200: 105.6 dps, 1397 hp, 1165 mana
