996954896::Carrion Eater::8::::::::::::::::::::::::::::::::::::::::::Myrkwood::admin
996954904::Myrk Cat::3::::::::::::::::::::::::::::::::::::::::::Myrkwood::admin
996954919::Black Mauler Juvenile::5::::::::::::::::::::::::::::::::::::::::::East Svealand, Myrkwood::admin
996954935::Svartalf Outcast::7::<a href="http://gameznet.com/camelot/equipment/midgard/finger/ringofsurefooting.shtml">Ring of Surefooting</a>.::::::::::::::::::::::::::::::::::::::::Myrkwood::admin
996954950::Tawny Lynx::8::::::::+::::::::::::::::::::::::::::::::::Gotar, Myrkwood::admin
996954988::Grey Worg::10-11::::::::+::::::::::::::::::::::::::::::::::Myrkwood::admin
996955012::Decaying Kobold::10::::::::+::::::::::::::::::::::::::::::::::Myrkwood::admin
996955029::Shadow::11-12::::::::::::::::::::::::::::::::::::::::::Myrkwood, West Svealand::admin
996955043::Giant Bullfrog::1::::::::::::::::::::::::::::::::::::::::::Myrkwood::admin
996955054::Scavenger::1::::::::::::::::::::::::::::::::::::::::::Myrkwood::admin
996955067::Ridgeback Worg::11::::::::::::::::::::::::::::::::::::::::::Myrkwood::admin
996955084::Spindly Rock Crab::10::::::::-::::::::::::::::::::::::::::::::::East Svealand::admin
996955099::Large Sveawolf::12::::::::+::::::::::::::::::::::::::::::::::East Svealand::admin
996955120::Weeping Willow::12::::+::::-::::::::::::::::::::::::::::::::::Myrkwood,Skona Ravine::admin
996955185::Sveawolf Mother::5::::::::::::::::::::::::::::::::::::::::::East Svealand::admin
996955522::Green Serpent::2::::::-::::::::::::::::::::::::::::::::::::East Svealand, Myrkwood::admin
996955555::Spirit Hound::0::<a href="http://gameznet.com/camelot/equipment/albion/neck/tatteredmoldycollar.shtml">Tattered Moldy Collar</a>::::::-::::::::::::::::::::::::::::::::::Black Mountains South, Camelot Hills::admin
996955567::Boar Piglet::1::::::::::::::::::::::::::::::::::::::::::Black Mountains South::admin
996955588::Worker Ant::0::::::::::::::::::::::::::::::::::::::::::Black Mountains South::admin
996955610::Green Snake::0::::::::+::::::::::::::::::::::::::::::::::Black Mountains South::admin
996955632::Weak Skeleton::1::<a href="http://gameznet.com/camelot/equipment/albion/thrusting/crackedshinbone.shtml">Cracked Shinbone</a>, Tattered Armor.::+::::-::::::::::::::::::::::::::::::::::Black Mountains South::admin
996955650::Black Wolf Pup::1::::::+::+::::::::::::::::::::::::::::::::::Black Mountains South::admin
996955661::Puny Skeleton::1::<a href="http://gameznet.com/camelot/equipment/albion/thrusting/crackedshinbone.shtml">Cracked Shinbone</a>, Tattered Armor.::+::::-::::::::::::::::::::::::::::::::::Black Mountains South, Camelot Hills::admin
996955689::Spriggarn::2::::::+::-::+::::::::::::::::::::::::::::::::Black Mountains South, Camelot Hills, Campacorentin::admin
996955702::Wild Sow::2::::::::::::::::::::::::::::::::::::::::::Black Mountains South, Camelot Hills::admin
996955715::Young Cutpurse::3::::::+::::::::::::::::::::::::::::::::::::Black Mountains South, Camelot Hills::admin
996955726::Skeleton::2::<a href="http://gameznet.com/camelot/equipment/albion/thrusting/crackedshinbone.shtml">Cracked Shinbone</a>, <a href="http://gameznet.com/camelot/equipment/albion/finger/faithboundring.shtml">Faithbound Ring</a>, <a href="http://gameznet.com/camelot/equipment/albion/wrist/agedleatherbaldric.shtml">Aged Leather Baldric</a>, Tattered Armor.::+::::-::::::::::::::::::::::::::::::::::Black Mountains South::admin
996955758::Soft-Shelled Crab::1::::::::::::::::::::::::::::::::::::::::::East Svealand::admin
996955766::Young Lynx::2::::::::::::::::::::::::::::::::::::::::::East Svealand, Vale of Mularn::admin
996955773::Lupine Snarler::2::::::-::::::::::::::::::::::::::::::::::::East Svealand::admin
996955784::Sveawolf::3::::::+::::::::::::::::::::::::::::::::::::East Svealand::admin
996955793::Tawny Lynx Cub::0::::::::::::::::::::::::::::::::::::::::::East Svealand, Myrkwood::admin
996955804::Mud Snake::0::::::-::::::::::::::::::::::::::::::::::::East Svealand, Vale of Mularn::admin
996955814::Vein Spiderling::0::::::::::::::::::::::::::::::::::::::::::East Svealand, Vale of Mularn::admin
996955820::Escaped Thrall::3::::::::::::::::::::::::::::::::::::::::::East Svealand, Gotar::admin
996955881::Harvestman::3::::+::-::::::::::::::::::::::::::::::::::::East Svealand::admin
996955889::Smierra-Gatto::4::::::+::::::::::::::::::::::::::::::::::::East Svealand, Gotar::admin
996955906::Tomte Thug::5::::::+::::::::::::::::::::::::::::::::::::East Svealand::admin
997124980::Blodfelag Oathbreaker::11::::::::::::::::::::::::::::::::::::::::::West Svealand::admin
997125029::Tingler::12::::::::::::::::::::::::::::::::::::::::::Myrkwood::admin
997125362::Decaying Dwarf::12::::::::+::::::::::::::::::::::::::::::::::Myrkwood::admin
997125383::Bone Bayer::14::::::::-::::::::::::::::::::::::::::::::::Myrkwood::admin
997125394::Shrapfang Worg::14::::::::+::::::::::::::::::::::::::::::::::Myrkwood::admin
997125407::Mora Dancer::15::<a href="http://gameznet.com/camelot/equipment/midgard/jewelry/jewelofaugmentation.shtml">Jewel of Augmentation</a>, <a href="http://gameznet.com/camelot/equipment/midgard/chest/goldstitchedtunic.shtml">Gold Stiched Tunic</a>, <a href="http://gameznet.com/camelot/equipment/midgard/chest/ornatestuddedvest.shtml">Ornate Studded Vest</a>, <a href="http://gameznet.com/camelot/equipment/midgard/feet/thickenedclothboots.shtml">Thickened Cloth Boots</a>::::::::::::::::::::::::::::::::::::::::Myrkwood::admin
997125422::Soul Sinker::15::::::::::::::::::::::::::::::::::::::::::Myrkwood::admin
997127085::<a href="http://gameznet.com/camelot/bestiary/midgard/gotar/ick.shtml">Ick</a>::8::<a href="http://gameznet.com/camelot/equipment/midgard/waist/silkstrandbelt.shtml">Silkstrand Belt</a>::::::::::::::::::::::::::::::::::::::::Gotar::admin
997127110::<a href="http://gameznet.com/camelot/bestiary/midgard/gotar/tas.shtml">Tas</a>::8::<a href="http://gameznet.com/camelot/equipment/midgard/feet/bootsofcatlikefooting.shtml">Boots of Cat-Like Footing</a>::::::::::::::::::::::::::::::::::::::::Gotar::admin
997137430::Corpse Eater::12::::::::-::::::::::::::::::::::::::::::::::Myrkwood::admin
997299752::Water Sprite::14::::::::-::::::::::::::::::::::::::::::::::West Svealand::admin
997300045::<a href="http://gameznet.com/camelot/bestiary/midgard/westsvea/modervarg.shtml">Modervarg</a>::15::<a href="http://gameznet.com/camelot/quest/midgard/eastsvealand/capeofthemotherwolf.shtml">Quest</a> Item.::::::::::::::::::::::::::::::::::::::::West Svealand::admin
997300072::Grizzled Sveawolf::14::::::::::::::::::::::::::::::::::::::::::West Svealand::admin
997300091::Wind Sprite::16::::::::-::::::::::::::::::::::::::::::::::West Svealand::admin
997300115::Sveawolf Packleader::15::::::::::::::::::::::::::::::::::::::::::West Svealand::admin
997300147::Bloodthirsty Sveawolf::12::::::::-::::::::::::::::::::::::::::::::::West Svealand::admin
997300193::<a href="http://gameznet.com/camelot/bestiary/midgard/westsvea/ulga.shtml">Ulga</a>::15::<a href="http://gameznet.com/camelot/quest/midgard/huginfell/driftspiritcloak.shtml">Quest</a> Item.::::::::::::::::::::::::::::::::::::::::West Svealand::admin
997300300::Old Smoke::17::<a href="http://gameznet.com/camelot/equipment/midgard/jewelry/stoneofthepious.shtml">Stone of the Pious</a>::::::::::::::::::::::::::::::::::::::::West Svealand::admin
997300329::Sanguinite Ghoul::15::::::::+::::::::::::::::::::::::::::::::::West Svealand::admin
997300336::Drifting Spirit::15::::::::+::::::::::::::::::::::::::::::::::West Svealand::admin
997300413::Savage Lynx::17::::::::+::::::::::::::::::::::::::::::::::West Svealand::admin
997300445::Skogsfru::15::::::::::::::::::::::::::::::::::::::::::Skona, West Svealand::admin
997300457::Black Mauler::13::::::::+::::::::::::::::::::::::::::::::::Skona, West Svealand::admin
997300506::Frothing Sveawolf::19::::::::+::::::::::::::::::::::::::::::::::West Svealand::admin
997300546::<a href="http://gameznet.com/camelot/bestiary/midgard/westsvea/golga.shtml">Golga</a>::18::Nightsworn Sword::::::::::::::::::::::::::::::::::::::::West Svealand::admin
997300586::Svartalf Hunter::15::Ring of Redhands::::::::::::::::::::::::::::::::::::::::West Svealand::admin
997300591::Svartalf Chanter::15::Ring of Redhands::::::::::::::::::::::::::::::::::::::::West Svealand::admin
997300633::Chaes::19::<a href="http://gameznet.com/camelot/equipment/midgard/back/cloakoffireresistance.shtml">Cloak of Fire Resistance</a>::::::::::::::::::::::::::::::::::::::::West Svealand::admin
997300645::Ribbon Toad::12::::::::::::::::::::::::::::::::::::::::::West Svealand::admin
997300655::Skeletal Wolf::20::::::::-::::::::::::::::::::::::::::::::::West Svealand::admin
997300690::Hobyah::10::::::::::::::::::::::::::::::::::::::::::Vale of Mularn::admin
997300754::Vendo Bone Collector::14::<a href="http://gameznet.com/camelot/equipment/midgard/leg/oiledleatherleggings.shtml">Oiled Leather Leggings</a>::::::+::::::::::::::::::::::::::::::::::Vale of Mularn::admin
997300768::Small Hill Cat::8::::::::::::::::::::::::::::::::::::::::::Vale of Mularn::admin
997300804::Vendo Shaman::10::::::::+::::::::::::::::::::::::::::::::::Vale of Mularn::admin
997300818::Hill Cat::10::::::::::::::::::::::::::::::::::::::::::Vale of Mularn::admin
997300828::Vendo Flayer::17::::::::+::::::::::::::::::::::::::::::::::Vale of Mularn::admin
997300855::<a href="http://gameznet.com/camelot/bestiary/midgard/westsvea/woundedsveawolf.shtml">Wounded Sveawolf</a>::10::::::::::::::::::::::::::::::::::::::::::West Svealand::admin
997300921::<a href="http://gameznet.com/camelot/bestiary/midgard/valeofmularn/hrrgyf.shtml">Hrrgyf</a>::10::<a href="http://gameznet.com/camelot/quest/midgard/valeofmularn/monsterousbeast.shtml">Quest</a> Item.::::::::::::::::::::::::::::::::::::::::Vale of Mularn::admin
997300959::<a href="http://gameznet.com/camelot/bestiary/midgard/valeofmularn/birk.shtml">Birk</a>::14::<a href="http://gameznet.com/camelot/equipment/midgard/arm/birksstrengthsleeves.shtml">Birk's Strength Sleeves</a>::::::::::::::::::::::::::::::::::::::::Vale of Mularn::admin
997322092::Blodfelag Svard::19::<a href="http://gameznet.com/camelot/equipment/midgard/finger/ringofthestalwartsoul.shtml">Ring of the Stalwart Soul</a>::::::-::::::::::::::::::::::::::::::::::West Svealand::admin
997322145::Blodfelag Dreng::18::<a href="http://gameznet.com/camelot/equipment/midgard/hand/pillagersgauntlets.shtml">Pillagers Gauntlets</a>::::::-::::::::::::::::::::::::::::::::::West Svealand::admin
997322155::Blodfelag Windcaller::20::::::::-::::::::::::::::::::::::::::::::::West Svealand::admin
997322169::Grass Cat::12::::::::::::::::::::::::::::::::::::::::::West Svealand::admin
997322182::Werewolf::20::::::::::::::::::::::::::::::::::::::::::Myrkwood::admin
997322194::Great Tingler::17::::::::-::::::::::::::::::::::::::::::::::Myrkwood::admin
997322226::Arachite Shadowslinker::17::::::::-::::::::::::::::::::::::::::::::::Myrkwood::admin
997322237::Arachite Priest::15::::::::-::::::::::::::::::::::::::::::::::Myrkwood::admin
997394323::Entrancing Dirge::20::::::::-::::::::::::::::::::::::::::::::::Myrkwood::admin
997394338::Morana::20::::::::::::::::::::::::::::::::::::::::::Myrkwood::admin
997729778::Haglion's Minions::18::::::::::::::::::::::::::::::::::::::::::Myrkwood::admin
997760525::Tree Spirit::26::::::::::::::::::::::::::::::::::::::::::Skona::admin
997760569::Lough Wolf Cadger::2::::-::::::::::::::::::::::::::::::::::::::Lough Derg::admin
997760621::Bodachan Sabhaill::4::::+::::::::::::::::::::::::::::::::::::::Silvermine::admin
997760655::Skeletal Pawn::1::::+::::::::::::::::::::::::::::::::::::::Lough Derg, Silvermine::admin
997760720::Mudman::3::::+::-::::::::::::::::::::::::::::::::::::Lough Derg,Silvermine,Shannon Estuary::admin
997760817::Skeletal Minion::3::::+::::::::::::::::::::::::::::::::::::::Lough Derg::admin
997760831::Minor Changeling::1::::::::::::::::::::::::::::::::::::::::::Lough Derg::admin
997760853::Water Beetle Collector::4::::+::::::::::::::::::::::::::::::::::::::Lough Derg::admin
997760865::Fearless Lucragen::4::::::::::::::::::::::::::::::::::::::::::Lough Derg::admin
997760877::Spraggon::4::::::::::::::::::::::::::::::::::::::::::Silvermine, Shannon Estuary::admin
997848447::<a href="http://gameznet.com/camelot/bestiary/midgard/westsvea/swift.shtml">Swift</a>::16::<a href="http://gameznet.com/camelot/equipment/midgard/finger/illbane.shtml">Illbane</a>::::::::::::::::::::::::::::::::::::::::West Svealand::admin
997903925::Rabid Sveawolf::20::::::::+::::::::::::::::::::::::::::::::::West Svealand::admin
997909290::Gray Wolf Pup::1::::::::::::::::::::::::::::::::::::::::::Camelot Hills, Campacorentin::admin
997909340::Brownie::0::::::::::::::::::::::::::::::::::::::::::Camelot Hills, Campacorentin::admin
997909435::Small Snake::0::::::::::::::::::::::::::::::::::::::::::Camelot Hills, Campacorentin::admin
997909467::Plague Spider::0::::+::::::::::::::::::::::::::::::::::::::Camelot Hills::admin
997909599::Black Wolf::3::::::+::::::::::::::::::::::::::::::::::::Black Mountains South, Camelot Hills::admin
997909616::Snake::3::::::::::::::::::::::::::::::::::::::::::Camelot Hills::admin
997909672::Spriggarn Elder::3::::::+::-::+::::::::::::::::::::::::::::::::Black Mountains South, Camelot Hills, Campacorentin::admin
998003151::<a href="http://gameznet.com/camelot/bestiary/albion/blackmountsouth/slith.shtml">Slith</a>::3::Reward for <a href="http://gameznet.com/camelot/quest/albion/blackmountsouth/huntforslith.shtml">this</a> quest.::::::::::::::::::::::::::::::::::::::::Black Mountains South::admin
998003253::Young Bear::4::::::+::::::::::::::::::::::::::::::::::::Camelot Hills, Black Mountains South, Black Mountains North::admin
998003278::Bandit::5-7::<a href="http://gameznet.com/camelot/equipment/albion/neck/bonecharmamulet.shtml">Bonecharm Amulet</a>::::::::::::::::::::::::::::::::::::::::Black Mountains South, Camelot Hills, Salisbury Plains::admin
998003303::<a href="http://gameznet.com/camelot/bestiary/albion/camelothills/mulgrutmaggot.shtml">Mulgrut Maggot</a>::5::Target of <a href="http://gameznet.com/camelot/quest/albion/prydwen/clericmulgrut.shtml">Cleric Mulgrut</a> Quest.::::::::::::::::::::::::::::::::::::::::Camelot Hills::admin
998003330::Spirit::6::::::::::::::::::::::::::::::::::::::::::Salisbury Plains::admin
998003354::Faerie Mischief-Maker::3::::::::::::::::::::::::::::::::::::::::::Camelot Hills::admin
998003422::Cutpurse::4::::::+::::::::::::::::::::::::::::::::::::Camelot Hills::admin
998003451::Gray Wolf::4::::::::::::::::::::::::::::::::::::::::::Camelot Hills, Campacorentin::admin
998003486::Red Lion::3::::::::::::::::::::::::::::::::::::::::::Black Mountains North, Black Mountains South::admin
998003508::Young Poacher::3::::::::::::::::::::::::::::::::::::::::::Black Mountains South::admin
998003514::Poacher::4::::::::::::::::::::::::::::::::::::::::::Black Mountains South::admin
998085556::Giant Ant::1::::::::::::::::::::::::::::::::::::::::::Black Mountains South::admin
998085562::Ant Drone::2::::::::::::::::::::::::::::::::::::::::::Black Mountains South::admin
998085664::Rock Imp::3-5::::::::::::::::::::::::::::::::::::::::::Black Mountains South::admin
998188511::<a href="http://www.gameznet.com/camelot/bestiary/albion/camelothills/zombiefarmer.shtml">Zombie Farmer</a>::7::<a href="http://gameznet.com/camelot/equipment/albion/hand/tatteredfarmergloves.shtml">Tattered Farmer Gloves</a>::::::::::::::::::::::::::::::::::::::::Camelot Hills::admin
998188533::Muspelheim::26::::::::::::::::::::::::::::::::::::::::::Muspelheim::admin
998188552::Arakane::12::::::::::::::::::::::::::::::::::::::::::Myrkwood::admin
998188587::Giant Frog::3-4::::::-::::::::::::::::::::::::::::::::::::Camelot Hills::admin
998188646::Wood Ant Soldier::6::::::::::::::::::::::::::::::::::::::::::Vale of Mularn::admin
998188665::Vein Spider::5::::::::::::::::::::::::::::::::::::::::::Vale of Mularn::admin
998188676::Fire Giant Scout::27::::::::::::::::::::::::::::::::::::::::::Muspelheim::admin
998188693::Soot Harvester::21::::::::::::::::::::::::::::::::::::::::::Muspelheim::admin
998188704::Fire Ant Worker::22::::::::-::::::::::::::::::::::::::::::::::Muspelheim::admin
998188712::Fire Ant Scavenger::20::::::::::::::::::::::::::::::::::::::::::Muspelheim::admin
998188727::Burnt Skeletal Sentry::20::::::::::::::::::::::::::::::::::::::::::Muspelheim::admin
998188739::Charred Skeletal Warrior::25::::::::::::::::::::::::::::::::::::::::::Muspelheim::admin
998188746::<a href="http://www.gameznet.com/camelot/bestiary/midgard/muspelheim/charredskeletalcommander.shtml">Charred Skeletal Commander</a>::26::<a href="http://www.gameznet.com/camelot/equipment/midgard/chest/brimstonebreastplate.shtml">Brimstone Breastplate</a>::::::::::::::::::::::::::::::::::::::::Muspelheim::admin
998422173::Clay Jotun::39::<a href="http://gameznet.com/camelot/equipment/midgard/spears/runedclayspear.shtml">Runed Clay Spear</a>::::::::::::::::::::::::::::::::::::::::Vanern Swamp::admin
998422195::Dryad Blossums::20::::::::::::::::::::::::::::::::::::::::::Skona Ravine::admin
998422212::Giant Tree Frog::21::::::::+::::::::::::::::::::::::::::::::::Skona::admin
998422222::Werewolf Skulkers::25::::::::::::::::::::::::::::::::::::::::::Skona::admin
998422236::Woodland Badger::24::::::+::::::::::::::::::::::::::::::::::::Skona::admin
998422250::Minor Werewolf Nobles::21::::::::::::::::::::::::::::::::::::::::::Myrkwood::admin
998422267::Young Envy Drakes::21::::::::+::::::::::::::::::::::::::::::::::Skona::admin
998422388::Pine Mephit::25::::::::::::::::::::::::::::::::::::::::::Skona::admin
998422399::Young Silverscale Drake::23::::::::::::::::::::::::::::::::::::::::::Skona::admin
998423002::<a href="http://gameznet.com/camelot/bestiary/midgard/skona/nagoltooth.shtml">Nagoltooth</a>::45::<a href="http://gameznet.com/camelot/equipment/midgard/neck/breathofwinter.shtml">Breath of Winter</a>::::::::::::::::::::::::::::::::::::::::Skona::admin
998423404::Forest Viper::38::<a href="http://gameznet.com/camelot/equipment/midgard/sword/forestviperfang.shtml">Forest Viper Fang</a>::::-::::::::::::::::::::::::::::::::::::Vanern Swamp::admin
998423439::Werewolf Runner::23::::::::::::::::::::::::::::::::::::::::::Skona::admin
998423567::Sveawolf Cub::1::::::+::+::::::::::::::::::::::::::::::::::East Svealand::admin
998423701::Skeletal Hound::3::::::-::::::::::::::::::::::::::::::::::::East Svealand, Myrkwood, Vale of Mularn::admin
998423829::Dryad Sprout::2::::::::::::::::::::::::::::::::::::::::::Gotar::admin
998423841::Pine Imp::6::<a href="http://gameznet.com/camelot/equipment/midgard/staff/twistedwood.shtml">Twisted Wood</a>::::::::::::::::::::::::::::::::::::::::Gotar, Myrkwood::admin
998423880::Carrion Crawler::7::::::::::::::::::::::::::::::::::::::::::Gotar::admin
998423895::Hobgoblin Pincher::4::::::::::::::::::::::::::::::::::::::::::Myrkwood::admin
998423923::Arachite Greensilk::5::::::::-::::::::::::::::::::::::::::::::::Myrkwood::admin
998423948::Spook::6::::::-::::::::::::::::::::::::::::::::::::Myrkwood::admin
998424166::Nordic Dirge::6::::::-::::::::::::::::::::::::::::::::::::East Svealand::admin
998424206::Wayward Ghoul::4::::-::+::::::::::::::::::::::::::::::::::::Myrkwood, Vale of Mularn::admin
998424223::Undead Explorer::3::::::+::::::::::::::::::::::::::::::::::::Myrkwood::admin
998424232::Undead Wood-Carver::4::::::+::::::::::::::::::::::::::::::::::::Myrkwood::admin
998424254::Sapherd::5::::::+::::::::::::::::::::::::::::::::::::Myrkwood::admin
998424276::Mud Frog::33::::::::::::::::::::::::::::::::::::::::::Vanern Swamp::admin
998424284::Mud Crab::34::::::::::::::::::::::::::::::::::::::::::Vanern Swamp::admin
998424318::Mud Crab Warrior::35::::::::::::::::::::::::::::::::::::::::::Vanern Swamp::admin
998424416::Clay Jotun Guard::40::::::::::::::::::::::::::::::::::::::::::Vanern Swamp::admin
998424454::Clay Jotun Runner::41+::::::::::::::::::::::::::::::::::::::::::Vanern Swamp::admin
998424471::Broken Jotun::41+::::::::::::::::::::::::::::::::::::::::::Vanern Swamp::admin
998424481::Crippled Jotun::42+::::::::::::::::::::::::::::::::::::::::::Vanern Swamp::admin
998592993::Bandit Thaumaturge::8::::::::::::::::::::::::::::::::::::::::::Black Mountains South, Camelot Hills, Salisbury Plains::admin
998593593::<a href="http://gameznet.com/camelot/bestiary/midgard/westsvea/crackedbone.shtml">Cracked Bone</a>::22::::::::+::::::::::::::::::::::::::::::::::West Svealand::admin
998593664::<a href="http://gameznet.com/camelot/bestiary/hibernia/silvermine/ciandra.shtml">Ciandra</a>::3::::::::::::::::::::::::::::::::::::::::::Silvermine::admin
998593694::Small Black Orm::37::::::::::::::::::::::::::::::::::::::::::Vanern Swamp::admin
998593709::Green Orm::35::::::::::::::::::::::::::::::::::::::::::Skona Ravine::admin
998593721::Black Orm::35::<a href="http://gameznet.com/camelot/equipment/midgard/finger/obsidianring.shtml">Obsidian Ring</a>, <a href="http://gameznet.com/camelot/equipment/midgard/jewelry/glowingblackeye.shtml">Glowing Black Eye</a>::::::+::::::::::::::::::::::::::::::::::Vanern Swamp::admin
998593741::Hagbui Thane::41+::::::::::::::::::::::::::::::::::::::::::Vanern Swamp::admin
998593770::Hagbui Berserker::41+::::::::::::::::::::::::::::::::::::::::::Vanern Swamp::admin
998593781::Hagbui Guard::40::<a href="http://gameznet.com/camelot/equipment/midgard/leg/serpenthideleggings.shtml">Serpent-Hide Leggings</a>::::::::::::::::::::::::::::::::::::::::Vanern Swamp::admin
998593793::Hagbui Forge Tender::38::<a href="http://gameznet.com/camelot/equipment/midgard/chest/forgedtendertunic.shtml">Forged Tender Tunic</a>::::::::::::::::::::::::::::::::::::::::Vanern Swamp::admin
998593803::Hagbui Squire::37::::::::::::::::::::::::::::::::::::::::::Vanern Swamp::admin
998593814::Hagbui Runemaster::41+::::::::::::::::::::::::::::::::::::::::::Vanern Swamp::admin
998593824::Reincarnated Orm::41+::::::::::::::::::::::::::::::::::::::::::Vanern Swamp::admin
998593855::Adder::8::::::::::::::::::::::::::::::::::::::::::Camelot Hils::admin
998593861::Wild Boar::6::::::::::::::::::::::::::::::::::::::::::Camelot Hils::admin
998593875::River Racer::8::::::::::::::::::::::::::::::::::::::::::Salisbury Plains::admin
998593941::Filidh::8::::::::::::::::::::::::::::::::::::::::::Salisbury Plains::admin
998594002::Small Walking Rock::3::::::::::::::::::::::::::::::::::::::::::Silvermine::admin
998594016::Seir Eadan::3::::::::::::::::::::::::::::::::::::::::::Silvermine::admin
998594064::Lugraden Whelp::5::::-::::::::::::::::::::::::::::::::::::::Shannon Estuary::admin
998594080::Sandman::3::::+::-::::::::::::::::::::::::::::::::::::Shannon Estuary::admin
998620745::Weakened Demon::6::<a href="http://gameznet.com/camelot/equipment/albion/finger/brimstonering.shtml">Brimstone Ring</a>::::::::::::::::::::::::::::::::::::::::Camelot Hills::admin
998620784::Emerald Snake::5::::::-::::::::::::::::::::::::::::::::::::Black Mountains North, Camelot Hills::admin
998620821::Bandit Lieutenant::10::::::::::::::::::::::::::::::::::::::::::Camelot Hills::admin
998620837::Red Dwarf Bandit::8::::::::::::::::::::::::::::::::::::::::::Black Mountains South::admin
998621028::Dwarf Raider::6::::::::::::::::::::::::::::::::::::::::::Black Mountains South::admin
998621057::River Sprite::7::::::::::::::::::::::::::::::::::::::::::Camelot Hills::admin
998621069::River Drakeling::5::::::-::::::::::::::::::::::::::::::::::::Camelot Hills::admin
998621110::Fading Spirit::7::Tattered Linen Armor::::::::::::::::::::::::::::::::::::::::Camelot Hills::admin
998626285::Blodfelag Haxi::20::<a href="http://gameznet.com/camelot/equipment/midgard/hand/pillagersgauntlets.shtml">Pillagers Gauntlets</a>::::::::::::::::::::::::::::::::::::::::West Svealand::admin
998773957::Minor Fideal::16::::::::::::::::::::::::::::::::::::::::::West Svealand::admin
998774030::<a href="http://gameznet.com/camelot/bestiary/midgard/westsvea/pawper.shtml">Pawper</a>::20::<a href="http://gameznet.com/camelot/equipment/midgard/head/bearmask.shtml">Bear Mask</a>::::::::::::::::::::::::::::::::::::::::West Svealand::admin
998774079::Blodfelag Wolfwarrior::21::::::::+::::::::::::::::::::::::::::::::::West Svealand::admin
998774096::Decaying Spirit::8::::::::::::::::::::::::::::::::::::::::::Tomb of Mithra::admin
998774170::Haunting Gloom::9::::::::::::::::::::::::::::::::::::::::::Tomb of Mithra::admin
998774188::Dreadful Cadaver::8::::::::::::::::::::::::::::::::::::::::::Tomb of Mithra::admin
998774205::<a href="http://gameznet.com/camelot/bestiary/albion/tombofmithra/forgottenpromise.shtml">Forgotten Promise</a>::9::::::::::::::::::::::::::::::::::::::::::Tomb of Mithra::admin
998774219::Doomed Minion::11::::::::::::::::::::::::::::::::::::::::::Tomb of Mithra::admin
998774247::Menacing Prescence::9::::::::::::::::::::::::::::::::::::::::::Tomb of Mithra::admin
998774255::Cursed Believer::10::::::::::::::::::::::::::::::::::::::::::Tomb of Mithra::admin
998774266::Devout Follower::9::::::::::::::::::::::::::::::::::::::::::Tomb of Mithra::admin
998774277::Unfortunate Pragmatic::9::::::::::::::::::::::::::::::::::::::::::Tomb of Mithra::admin
998774285::Undead Poacher::9::::::::::::::::::::::::::::::::::::::::::Tomb of Mithra::admin
998774305::Forgotten Promise::11::::::::::::::::::::::::::::::::::::::::::Tomb of Mithra::admin
998774319::Undead Believer::12::::::::::::::::::::::::::::::::::::::::::Tomb of Mithra::admin
998774327::Botched Sacrifice::12::::::::::::::::::::::::::::::::::::::::::Tomb of Mithra::admin
998774343::Living Entombed::12::::::::::::::::::::::::::::::::::::::::::Tomb of Mithra::admin
998774353::Rotting Tomb Raider::9::::::::::::::::::::::::::::::::::::::::::Tomb of Mithra::admin
998774401::Carrion Drake::9::::::-::::::::::::::::::::::::::::::::::::Salisbury Plains::admin
998774413::Wild Mare::9::::::::::::::::::::::::::::::::::::::::::Salisbury Plains::admin
998774421::Red Adder::11::::::::::::::::::::::::::::::::::::::::::Salisbury Plains::admin
998774431::Young Boar::10::::::::::::::::::::::::::::::::::::::::::Salisbury Plains::admin
998774446::Brownie Nomad::7::::::::::::::::::::::::::::::::::::::::::Salisbury Plains::admin
998774522::Grove Nymph::12::::::::::::::::::::::::::::::::::::::::::Salisbury Plains::admin
998775058::Forest Bear::7::::::+::::::::::::::::::::::::::::::::::::Campacorentin::admin
998775078::Bloated Spider::10::::::::::::::::::::::::::::::::::::::::::Campacorentin::admin
998775173::<a href="http://gameznet.com/camelot/bestiary/albion/campacorentin/ormgarth.shtml">Ormgarth</a>::5::<a href="http://gameznet.com/camelot/quest/albion/lethantis/outcastormgarth.shtml">Quest</a>::::::::::::::::::::::::::::::::::::::::Campacorentin::admin
998775345::<a href="http://gameznet.com/camelot/bestiary/albion/camelothills/hugrathwormly.shtml">Hugrath Wormly</a>::9::<a href="http://gameznet.com/camelot/quest/albion/camelothills/fatherhugrath.shtml">Quest</a>::::::::::::::::::::::::::::::::::::::::Camelot Hills::admin
998775375::Druid::7::<a href="http://gameznet.com/camelot/equipment/albion/jewelry/harperspin.shtml">Harper's Pin</a>::::::::::::::::::::::::::::::::::::::::Campacorentin::admin
998775402::Dryad::7::::::::::::::::::::::::::::::::::::::::::Black Mountains North, Campacorentin::admin
998851188::Black Mauler Cub::0::::::+::::::::::::::::::::::::::::::::::::Vale of Mularn::admin
998851220::Hobgoblin Snake-Finder::1::::::::::::::::::::::::::::::::::::::::::Vale of Mularn, Myrkwood, Gotar::admin
998851335::Meandering Spirit::1::::::-::::::::::::::::::::::::::::::::::::Vale of Mularn::admin
998851359::Huldu Hunter::4::::::::::::::::::::::::::::::::::::::::::Vale of Mularn::admin
998851420::Wild Hog::2::::::+::::::::::::::::::::::::::::::::::::Gotar, Vale of Mularn::admin
998851446::Wood-Eater::3::::+::::::::::::::::::::::::::::::::::::::Vale of Mularn::admin
998851477::Rattling Skeleton::1::::+::::::::::::::::::::::::::::::::::::::Vale of Mularn::admin
998851545::Huldu Lurker::2::::::::::::::::::::::::::::::::::::::::::Vale of Mularn::admin
998851573::Carrion Lizard::3::::::-::::::::::::::::::::::::::::::::::::Gotar, Vale of Mularn::admin
998851686::Little Water Goblin::2::::::::::::::::::::::::::::::::::::::::::East Svealand, Vale of Mularn::admin
998851714::Spirit::1::::::::::::::::::::::::::::::::::::::::::Lough Derg::admin
998861744::Wolfaur Headsman::43+::<a href="http://gameznet.com/camelot/equipment/midgard/head/primordialskullhelm.shtml">Primordial Skull Helm</a>, <a href="http://gameznet.com/camelot/equipment/midgard/chest/runeembroidered%20Tunic.shtml">Rune Embroidered Tunic</a>::::::::::::::::::::::::::::::::::::::::Skona::admin
998861818::Fjalar::35::<a href="http://gameznet.com/camelot/equipment/midgard/wrist/braceletofdefense.shtml">Bracelet of Defense</a>::::::::::::::::::::::::::::::::::::::::Skona::admin
998861858::Sylvan Goblin Hunter::7::::::::::::::::::::::::::::::::::::::::::Campacorentin::admin
998861865::Sylvan Goblin Warrior::9::::::::::::::::::::::::::::::::::::::::::Campacorentin::admin
998861891::Mindless Thrall::8::::::::::::::::::::::::::::::::::::::::::Campacorentin::admin
998865881::<a href="http://gameznet.com/camelot/bestiary/midgard/westsvea/fridgeirgestsson.shtml">Fridgeir Gestsson</a>::22::Quest::::::::::::::::::::::::::::::::::::::::West Svealand::admin
998865989::<a href="http://gameznet.com/camelot/bestiary/albion/salplains/cynewulftheghostwalker.shtml">Cynewulf the Ghostwalker</a>::?::<a href="http://gameznet.com/camelot/equipment/albion/thrusting/finealloyspear.shtml">Fine Alloy Spear</a>::::::::::::::::::::::::::::::::::::::::Salisbury Plains::admin
998866016::Oaken Knight::12::<a href="http://gameznet.com/camelot/equipment/albion/feet/oakenboots.shtml">Oaken Boots</a>::::::::::::::::::::::::::::::::::::::::Campacorentin::admin
998872664::<a href="http://www.gameznet.com/camelot/bestiary/midgard/muspelheim/strykel.shtml">Strykel</a>::26::<a href="http://gameznet.com/camelot/equipment/midgard/head/crownofinsanity.shtml">Crown of Insanity</a>::::::::::::::::::::::::::::::::::::::::Muspelheim::admin
998872788::<a href="http://gameznet.com/camelot/bestiary/midgard/muspelheim/gokstorm.shtml">Gokstorm</a>::26::<a href="http://gameznet.com/camelot/equipment/midgard/back/flamecloak.shtml">Flame Cloak</a>::::::::::::::::::::::::::::::::::::::::Muspelheim::admin
998872875::<a href="http://gameznet.com/camelot/bestiary/midgard/muspelheim/hrodek.shtml">Hrodek</a>::26::<a href="http://gameznet.com/camelot/equipment/midgard/chest/hrodeksbreastplate.shtml">Hrodek's Chain</a>::::::::::::::::::::::::::::::::::::::::Muspelheim::admin
998872976::<a href="http://www.gameznet.com/camelot/bestiary/midgard/muspelheim/eld.shtml">Eld</a>::22::<a href="http://gameznet.com/camelot/equipment/midgard/shields/fieryshield.shtml">Fiery Shield</a>::::+::::::::::::::::::::::::::::::::::::Muspelheim::admin
998873021::<a href="http://www.gameznet.com/camelot/bestiary/midgard/muspelheim/olash.shtml">Olash</a>::26::<a href="http://gameznet.com/camelot/equipment/midgard/hammer/ashenmaul.shtml">Ashen Maul</a>::::::::::::::::::::::::::::::::::::::::Muspelheim::admin
998873073::Ember::32::<a href="http://gameznet.com/camelot/equipment/midgard/leg/drakescaleleggings.shtml">Drakescale Leggings</a>::::::::::::::::::::::::::::::::::::::::Muspelheim::admin
998873138::Bright Flame::26::<a href="http://gameznet.com/camelot/equipment/midgard/finger/flamecastring.shtml">Flamecast Ring</a>::::::::::::::::::::::::::::::::::::::::Muspelheim::admin
998873321::Spirit of Flames::31::<a href="http://gameznet.com/camelot/equipment/midgard/wrist/flameimbuedbracelet.shtml">Flame Imbued Bracelet</a>::::::::::::::::::::::::::::::::::::::::Muspelheim::admin
998873338::Silix::12::<a href="http://gameznet.com/camelot/equipment/midgard/jewelry/willowheart.shtml">Willow Heart</a>::::::::::::::::::::::::::::::::::::::::Myrkwood::admin
998873382::<a href="http://www.gameznet.com/camelot/bestiary/midgard/myrkwood/greatworg.shtml">Great Worg</a>::18::<a href="http://gameznet.com/camelot/equipment/midgard/chest/sharpfangjerkin.shtml">Sharpfang Jerkin</a>::::::::::::::::::::::::::::::::::::::::Myrkwood::admin
998873425::Ilsil::26::<a href="http://gameznet.com/camelot/equipment/midgard/axe/smokingsentryaxe.shtml">Smoking Sentry Axe</a>::::::::::::::::::::::::::::::::::::::::Muspelheim::admin
998873466::<a href="http://gameznet.com/camelot/bestiary/midgard/westsvea/squirt.shtml">Squirt</a>::14::<a href="http://gameznet.com/camelot/quest/midgard/westsvealand/paranoidguard.shtml">Quest</a>::::::::::::::::::::::::::::::::::::::::West Svealand::admin
998873500::Stripe::?::<a href="http://gameznet.com/camelot/equipment/midgard/head/stripehidehelm.shtml">Stripe Hide Helm</a>::::::::::::::::::::::::::::::::::::::::Skona::admin
998873533::<a href="http://www.gameznet.com/camelot/bestiary/midgard/muspelheim/sulphine.shtml">Sulphine</a>::23::<a href="http://www.gameznet.com/camelot/quest/midgard/haggerfal/flameforgedsword.shtml">Quest</a>::::::::::::::::::::::::::::::::::::::::Muspelheim::admin
998873559::Vidalf::?::<a href="http://gameznet.com/camelot/equipment/midgard/neck/windchimes.shtml">Windchimes</a>::::::::::::::::::::::::::::::::::::::::Gotar::admin
998873583::Thasia::35::<a href="http://gameznet.com/camelot/equipment/midgard/feet/bootsofloki.shtml">Boots of Loki</a>::::::::::::::::::::::::::::::::::::::::Skona::admin
998938317::Wood-Eater Soldier::7::::+::::::::::::::::::::::::::::::::::::::Vale of Mularn::admin
998938374::Sulphur Crab::21::::::::-::::::::::::::::::::::::::::::::::Muspelheim::admin
998938433::Fire Ant Gatherer::21::::::::-::::::::::::::::::::::::::::::::::Muspelheim::admin
998938494::Fire Cat::25::::::-::::::::::::::::::::::::::::::::::::Muspelheim::admin
998938626::Ashen Spirit::23::::::-::::::::::::::::::::::::::::::::::::Muspelheim::admin
998938640::Manes Demon::8::::::-::::::::::::::::::::::::::::::::::::Camelot Hills::admin
998957574::<a href="http://gameznet.com/camelot/bestiary/albion/blackmountsouth/gundronmccory.shtml">Gundron McCory</a>::9::<a href="http://gameznet.com/camelot/quest/albion/ludlow/dunansbeartooth.shtml">Quest</a>::::::::::::::::::::::::::::::::::::::::Black Mountains South::admin
998957611::<a href="http://gameznet.com/camelot/bestiary/albion/camelothills/ygwrchgyrg.shtml">Ygwrch Gyrg</a>::6::<a href="http://gameznet.com/camelot/quest/albion/camelothills/searchforsil.shtml">Quest</a>::::::::::::::::::::::::::::::::::::::::Camelot Hills::admin
998957670::Bear::8::::::::::::::::::::::::::::::::::::::::::Black Mountains North, Black Mountains South, Camelot Hills::admin
998957708::Giant Spider::6::::::::::::::::::::::::::::::::::::::::::Black Mountains North::admin
998961649::Mephitic Ghoul::26::<a href="http://gameznet.com/camelot/equipment/midgard/wrist/trollishstonebracer.shtml">Trollish Stone Bracer</a>, <a href="http://gameznet.com/camelot/equipment/midgard/hammer/hammerofthewildcrusher.shtml">Hammer of the Wild Crusher</a>::::+::::::::::::::::::::::::::::::::::::Muspelheim::admin
998961925::Drowned Soul::3::<a href="http://gameznet.com/camelot/equipment/midgard/feet/oiledleatherboots.shtml">Oiled Leather Boots</a>::::-::::::::::::::::::::::::::::::::::::Gotar::admin
998962315::Fire Giant Lookout::30::<a href="http://gameznet.com/camelot/equipment/midgard/chest/eirsblessedtunic.shtml">Eir's Blessed Tunic</a>::::::::::::::::::::::::::::::::::::::::Muspelheim::admin
998963246::Fire Giant Watchman::31::<a href="http://gameznet.com/camelot/equipment/midgard/hand/gauntletsofstormrage.shtml">Gauntlets of Stormrage</a>::::::::::::::::::::::::::::::::::::::::Muspelheim::admin
998963653::Werewolf Guard::29::<a href="http://gameznet.com/camelot/equipment/midgard/axe/bronzegarouaxe.shtml">Bronze Garou Axe</a>::::+::::::::::::::::::::::::::::::::::::Skona::admin
999202075::<a href="http://gameznet.com/camelot/bestiary/midgard/skona/krrrck.shtml">Krrrck</a>::22::Quest::::::::::::::::::::::::::::::::::::::::Skona::admin
999202198::Brush Cat::27::::::+::::::::::::::::::::::::::::::::::::Skona::admin
999202272::Hagbui Swordbearer::40::<a href="http://gameznet.com/camelot/equipment/midgard/back/heraldsfurlinedcloak.shtml">Herald's Fur-Lined Cloak</a>::::::::::::::::::::::::::::::::::::::::Skona::admin
999202302::Frosty Scuttlebug::22::::::::::::::::::::::::::::::::::::::::::Uppsaland::admin
999202311::Snow Imp::23::::::::-::::::::::::::::::::::::::::::::::Uppsaland::admin
999202321::Cold Light::23::::::-::-::::::::::::::::::::::::::::::::::Uppsaland, Yggdra::admin
999202390::Frosty Colt::21::::::+::+::::::::::::::::::::::::::::::::::Uppsaland::admin
999202407::Chiseler::22::::::::::::::::::::::::::::::::::::::::::Uppsaland::admin
999202416::Half-Frozen Madman::24::::::::::::::::::::::::::::::::::::::::::Uppsaland::admin
999202424::Icy Skeleton::25::::::::::::::::::::::::::::::::::::::::::Uppsaland::admin
999202432::Boreat Cockatrice::25::::::-::::::::::::::::::::::::::::::::::::Uppsaland::admin
999202465::Water Beetle Larva::1::::::::::::::::::::::::::::::::::::::::::Silvermine::admin
999202482::Badger Cub::0::::::::::::::::::::::::::::::::::::::::::Connacht, Silvermine::admin
999202523::Large Frog::0::::::-::::::::::::::::::::::::::::::::::::Connacht, Silvermine::admin
999202547::Annoying Lucraden::0::::::::::::::::::::::::::::::::::::::::::Silvermine::admin
999202588::Feccan::2::::::::::::::::::::::::::::::::::::::::::Silvermine::admin
999202613::Captain Gruff::40::<a href="http://gameznet.com/camelot/equipment/midgard/back/dispositionalcloak.shtml">Dispositional Cloak</a>::::::::::::::::::::::::::::::::::::::::Skona::admin
999202628::Dwarf Raider Leader::8::::::::::::::::::::::::::::::::::::::::::Black Mountains South::admin
999202656::Forest Lion::5::::::::::::::::::::::::::::::::::::::::::Black Mountains North::admin
999291413::<a href="http://gameznet.com/camelot/bestiary/hibernia/silvermine/seireadan.shtml">Seireadan</a>::4::<a href="http://gameznet.com/camelot/quest/hibernia/howth/enchantedbandithunt.shtml">Quest</a>::::::::::::::::::::::::::::::::::::::::Silvermine::admin
999291439::Hill Toad::6::::::-::::::::::::::::::::::::::::::::::::Lough Derg, Silvermine::admin
999374250::Lucricduane::7::::::::::::::::::::::::::::::::::::::::::Silvermine::admin
1000327621::<a href="http://gameznet.com/camelot/bestiary/midgard/eastsvea/ocug.shtml">Ocug</a>::8::?::::::::::::::::::::::::::::::::::::::::East Svealand::admin
1000327805::<a href="http://gameznet.com/camelot/bestiary/midgard/gotar/vefyn.shtml">Vefyn</a>::8::::::::::::::::::::::::::::::::::::::::::Gotar::admin
1000327861::<a href="http://gameznet.com/camelot/bestiary/midgard/gotar/tweedle.shtml">Tweedle</a>::8::::::::::::::::::::::::::::::::::::::::::Gotar::admin
1000327884::<a href="http://gameznet.com/camelot/bestiary/midgard/gotar/twitchclaw.shtml">Twitchclaw</a>::8::<a href="http://gameznet.com/camelot/equipment/midgard/finger/ringofwisdom.shtml">Ring of Wisdom</a>::::::::::::::::::::::::::::::::::::::::Gotar::admin
1000749408::<a href="http://www.gameznet.com/camelot/bestiary/midgard/valeofmularn/vasa.shtml">Vasa</a>::14::<a href="http://www.gameznet.com/camelot/quest/midgard/eastsvealand/taleofagrendelorm.shtml">Quest</a>::::::::::::::::::::::::::::::::::::::::Vale of Mularn::admin
1000749435::Tomte Jager::15::::::::+::::::::::::::::::::::::::::::::::Nisse's Lair::admin
1000749457::Tomte Runner::13::::::::+::::::::::::::::::::::::::::::::::Nisse's Lair::admin
1000749474::Tomte Guard::18::::::::+::::::::::::::::::::::::::::::::::Nisse's Lair::admin
1000749483::Tomte Zealot::19::::::::+::::::::::::::::::::::::::::::::::Nisse's Lair::admin
1000749498::Tomte Caitiff::16::::::::+::::::::::::::::::::::::::::::::::Nisse's Lair::admin
1000749508::Cave Spider::14::::::::-::::::::::::::::::::::::::::::::::Nisse's Lair::admin
1000749515::Poisonous Cave Spider::15::::::::-::::::::::::::::::::::::::::::::::Nisse's Lair::admin
1000942493::Torcan::30::::::::::::::::::::::::::::::::::::::::::Emain Macha, Briefine::admin
1000942522::Luch Hunter::31::::::::::::::::::::::::::::::::::::::::::Emain Macha::admin
1000942535::Mad Changeling::30+::::::::::::::::::::::::::::::::::::::::::Mount Collory::admin
1000942543::Vanisher::25::::::::::::::::::::::::::::::::::::::::::Mount Collory::admin
1000942550::Sett Youngling::23::::::::::::::::::::::::::::::::::::::::::Mount Collory::admin
1000942558::Walking Rock::23::::::::::::::::::::::::::::::::::::::::::Mount Collory::admin
1000942570::Ghoulie::21::::::::+::::::::::::::::::::::::::::::::::Mount Collory::admin
1000942580::Giant Beetle::21::::::::::::::::::::::::::::::::::::::::::Mount Collory::admin
1000942592::Cave Crab::19::::::::::::::::::::::::::::::::::::::::::Cursed Tomb::admin
1000942604::Vengeant Ghoul::21::::::::::::::::::::::::::::::::::::::::::Cursed Tomb::admin
1000942617::Draugr Warrior::24::::::+::::::::::::::::::::::::::::::::::::Cursed Tomb::admin
1000942623::Corpse Crawler::18::::::::::::::::::::::::::::::::::::::::::Cursed Tomb::admin
1000942634::Dungeon Chitin::25::::::::::::::::::::::::::::::::::::::::::Cursed Tomb::admin
1000942642::Poisonous Cave Spider::25::::::::::::::::::::::::::::::::::::::::::Cursed Tomb::admin
1000942655::Cursed Mora::25::::::::-::::::::::::::::::::::::::::::::::Cursed Tomb::admin
1000942670::Draugr Hound::25::::::::::::::::::::::::::::::::::::::::::Cursed Tomb::admin
1000942676::Mad Rat::17::::::::::::::::::::::::::::::::::::::::::Cursed Tomb::admin
1000942684::Roaming Corpse::16::::::::::::::::::::::::::::::::::::::::::Cursed Tomb::admin
1000942691::Trapped Thrall::23::::::::::::::::::::::::::::::::::::::::::Cursed Tomb::admin
1000942703::Tomb Sentry::21::::::::::::::::::::::::::::::::::::::::::Cursed Tomb::admin
1001294318::Water Snake::0::::::-::::::::::::::::::::::::::::::::::::Gotar::admin
1001294421::Hobgoblin Fish-Catcher::0::::::::::::::::::::::::::::::::::::::::::Gotar, Myrkwood::admin
1001294462::Wolf Nipper::0::::::::::::::::::::::::::::::::::::::::::Gotar::admin
1001367081::Wood-Eater Hunter::4::::+::::::::::::::::::::::::::::::::::::::East Svealand::admin
1001367927::<a href="http://gameznet.com/camelot/bestiary/midgard/eastsvea/svartmoln.shtml">Svartmoln</a>::6::<a href="http://gameznet.com/camelot/quest/midgard/vasudheim/svartmolnsappetite.shtml">Quest</a>::::::::::::::::::::::::::::::::::::::::East Svealand::admin
1001368085::<a href="http://gameznet.com/camelot/bestiary/midgard/eastsvea/morra.shtml">Morra</a>::6::<a href="http://gameznet.com/camelot/quest/midgard/audliten/adeedofold.shtml">Quest</a>::::::::::::::::::::::::::::::::::::::::East Svealand::admin
1001452046::Hobgoblin Snagger::2::<a href="http://gameznet.com/camelot/equipment/midgard/wrist/engravedbracer.shtml">Engraved Bracer</a>::::::::::::::::::::::::::::::::::::::::Myrkwood::admin
1001452164::Spectral Hog::2::::::-::::::::::::::::::::::::::::::::::::Myrkwood::admin
1001452265::Coastal Wolf::3::::::+::::::::::::::::::::::::::::::::::::Gotar::admin
1001452295::Fragile Skeleton::3::::::::::::::::::::::::::::::::::::::::::Myrkwood::admin
1001976251::<a href="http://www.gameznet.com/camelot/bestiary/midgard/eastsvea/frigol.shtml">Frigol</a>::9::Quest::::::::::::::::::::::::::::::::::::::::East Svealand::admin
1001976425::<a href="http://www.gameznet.com/camelot/bestiary/midgard/valueofmularn/smyga.shtml">Smyga</a>::8::<a href="http://www.gameznet.com/camelot/quest/midgard/mularn/smygasraid.shtml">Quest</a>::::::::::::::::::::::::::::::::::::::::Vale of Mularn::admin
1001976466::<a href="http://www.gameznet.com/camelot/bestiary/midgard/valueofmularn/vrede.shtml">Vrede</a>::12::::::::::::::::::::::::::::::::::::::::::Vale of Mularn::admin
1002061146::Dryad Sprig::3::::::::::::::::::::::::::::::::::::::::::Gotar::admin
1002061224::Skeletal Oarsman::5::::::::::::::::::::::::::::::::::::::::::Gotar::admin
1002061242::Skeletal Seafarer::4::::::::::::::::::::::::::::::::::::::::::Gotar::admin
1002132587::Phantom Hound::3::::-::::::::::::::::::::::::::::::::::::::East Svealand, Gotar::admin
1002571429::Rowdy::5::::::::::::::::::::::::::::::::::::::::::Connacht, Lough Derg::admin
1002571487::Lough Wolf::7::::::::::::::::::::::::::::::::::::::::::Lough Derg::admin
1002571511::Orchard Nipper::6::::::::::::::::::::::::::::::::::::::::::Lough Derg::admin
1002571545::Spraggonoll::7::::::::::::::::::::::::::::::::::::::::::Lough Derg::admin
1002571597::Wild Crouch::6::::::::::::::::::::::::::::::::::::::::::Lough Derg::admin
1002572158::Wind Ghoul::7::::::-::::::::::::::::::::::::::::::::::::Connacht::admin
1002572188::Little Wind::8::::::-::::::::::::::::::::::::::::::::::::Connacht::admin
1002572199::Enchanted Ghoul::7::::::-::::::::::::::::::::::::::::::::::::Connacht::admin
1002572246::Ghostly Siabra::11::::::::::::::::::::::::::::::::::::::::::Lough Derg::admin
1002572497::Roane Companion::13::::::::::::::::::::::::::::::::::::::::::Lough Derg::admin
1002572520::Siabra Fury::13::::::::::::::::::::::::::::::::::::::::::Lough Derg::admin
1002572545::Siabra Enchanter::13::::::::::::::::::::::::::::::::::::::::::Lough Derg::admin
1002572970::Dappled Lynx Cub::0::::::::::::::::::::::::::::::::::::::::::Campacorentin::admin
1002573062::Tree Snake::0::::::::::::::+::::::::::::::::::::::::::::Campacorentin::admin
1002573323::Tree Spider::2::::::::::::::+::::::::::::::::::::::::::::Campacorentin::admin
1002573334::Small Gray Wolf::3::::::::::::::-::::::::::::::::::::::::::::Campacorentin::admin
1002573344::Dappled Lynx::2::::::::::::::-::::::::::::::::::::::::::::Campacorentin::admin
1002573387::Putrid Zombie::4::::::::::+::::-::::::::::::::::::::::::::::Campacorentin::admin
1002574180::Scrawny Red Lion::3::::::::::::::-::::::::::::::::::::::::::::Campacorentin::admin
1002574346::Sylvan Goblin::5::::::::::::::::::::::::::::::::::::::::::Campacorentin::admin
1002578807::Forest Bear Cub::3::<a href="http://www.gameznet.com/camelot/equipment/albion/slashing/pittedsharpclaws.shtml">Pitted Sharp Claws</a>::::::::::::-::::::::::::::::::::::::::::Campacorentin::admin
1002578943::Grass Spirit::1::::::::::::::::::+::::::::::::::::::::::::Lough Derg::admin
1002579482::Lough Derg Pike::5::::::::::::::::::::::::::::::::::::::::::Lough Derg::admin
1002579802::<a href="http://www.gameznet.com/camelot/bestiary/hibernia/loughderg/summoner.shtml">Summoner</a>::3::<a href="http://www.gameznet.com/camelot/quest/hibernia/magmell/summonersexpulsion.shtml">Quest</a>::-::::::::::::::+::::::::::::::::::::::::Lough Derg::admin
1002579834::Feckless Lucragen::4::::::::::::::::::::::::::::::::::::::::::Lough Derg::admin
1002828302::Perfidious Pook::12::::::::::::::::::::::::::::::::::::::::::Gotar, Skona Ravine::admin
1002828376::Tomte Warhound::9::::::::::::::::::::::::::::::::::::::::::Nisse's Lair::admin
1002828396::Lair Patrol::11::::::+::::::::::::::::::::::::::::::::::::Nisse's Lair::admin
1002828405::Tomte Handler::12::::::+::::::::::::::::::::::::::::::::::::Nisse's Lair::admin
1002828417::Tomte Cutthroat::8::::::+::::::::::::::::::::::::::::::::::::Nisse's Lair::admin
1002999779::Executioner::14::::::+::::::::::::::::::::::::::::::::::::Nisse's Lair::admin
1002999791::Tomte Protector::15::::::+::::::::::::::::::::::::::::::::::::Nisse's Lair::admin
1002999828::Tomte Hoodoo::15::::::+::::::::::::::::::::::::::::::::::::Nisse's Lair::admin
1003000316::<a href="http://www.gameznet.com/camelot/bestiary/midgard/myrkwood/salix.shtml">Salix</a>::15::<a href="gameznet.com/camelot/equipment/midgard/jewelry/willowheart.shtml">Willow Heart</a>::::+::-::::::::::::::::::::::::::::::::::Myrkwood::admin
1003000778::<a href="http://www.gameznet.com/camelot/bestiary/midgard/myrkwood/josephdomr.shtml">Joseph Domr</a>::15::Quest::::::::::::::::::::::::::::::::::::::::Myrkwood::admin
1003000814::Small Cave Mauler::18::::::::::::::::::::::::::::::::::::::::::Vendo Caves::admin
1003000833::Cave Crawler::18::::::-::::::::::::::::::::::::::::::::::::Vendo Caves::admin
1003001540::Scout Argyle::14::<a href="http://www.gameznet.com/camelot/quest/midgard/haggerfal/warofold.shtml">Quest</a>::::::::::::::::::::::::::::::::::::::::Gotar::admin
1003087929::Tingler Webmother::20::::::::::::::::::::::::::::::::::::::::::Myrkwood::admin
1003088061::Treekeep::21::::::::::::::::::::::::::::::::::::::::::Skona Ravine::admin
1003089186::<a href="http://www.gameznet.com/camelot/bestiary/midgard/westsvea/thegnaki.shtml">Thegn Aki</a>::18::<a href="http://www.gameznet.com/camelot/quest/midgard/huginfell/protecthuginfell.shtml">Quest</a>::::::::::::::::::::::::::::::::::::::::West Svealand::admin
1003089254::<a href="http://www.gameznet.com/camelot/bestiary/midgard/myrkwood/lieutenantsalurn.shtml">Lieutenant Salurn</a>::19::<a href="http://www.gameznet.com/camelot/quest/jordheim/ltsalurn.shtml">Quest</a>::::::::::::::::::::::::::::::::::::::::Myrkwood::admin
1003089960::Korban::19::Warrior Quest::::::::::::::::::::::::::::::::::::::::Skona Ravine::admin
1003171307::Frostbite Wildling::24::::::+::::::::::::::::::::::::::::::::::::Uppsaland, Yggdra::admin
1003171376::Nip Mephit::23::::::-::::::::::::::::::::::::::::::::::::Uppsaland, Yggdra::admin
1003171395::Jakr::24::::::-::::::::::::::::::::::::::::::::::::Uppsaland::admin
1003171403::Flurry::24::::::-::::::::::::::::::::::::::::::::::::Uppsaland::admin
1003171652::White Wolf::26::::::::::::::::::::::::::::::::::::::::::Uppsaland::admin
1003171704::Northern Light::26::::::::::::::::::::::::::::::::::::::::::Uppsaland, Yggdra::admin
1003171799::Tomte Seer::18::::::+::::::::::::::::::::::::::::::::::::Nisse's Lair::admin
1003171838::Nisse::21::::::+::::::::::::::::::::::::::::::::::::Nisse's Lair::admin
1003257787::Northern Ettin::25::::::::::::::::::::::::::::::::::::::::::Uppsaland, Yggdra::admin
1003257987::Nocous Hound::27::::::::::::::::::::::::::::::::::::::::::Muspelheim::admin
1003258164::<a href="http://gameznet.com/camelot/bestiary/midgard/muspelheim/brika.shtml">Brika</a>::26::<a href="http://gameznet.com/camelot/equipment/midgard/jewelry/stoneofcoldfire.shtml">Stone of Coldfire</a>::::-::::::::::::::::::::::::::::::::::::Muspelheim::admin
1003258174::Sir Robin::24::::::::::::::::::::::::::::::::::::::::::Muspelheim::admin
1003263244::<a href="http://www.gameznet.com/camelot/bestiary/midgard/westsvea/wildtooth.shtml">Wildtooth</a>::20::<a href="http://www.gameznet.com/camelot/quest/midgard/westsvea/fervent.shtml">Quest</a>::::::::::::::::::::::::::::::::::::::::West Svealand::admin
1003350654::Haunt::20::::::::::::::::::::::::::::::::::::::::::Nisse's Lair::admin
1003350717::Trolki::10::<a href="http://gameznet.com/camelot/equipment/midgard/hammer/redbludgeoner.shtml">Red Bludgeoner</a>::::::::::::::::::::::::::::::::::::::::Gotar::admin
1003350731::Tressen::14::::::::::::::::::::::::::::::::::::::::::Gotar::admin
1003430349::Miserable Zombie::26::::::::::::::::::::::::::::::::::::::::::Yggdra Forest::admin
1003430364::Icemuncher::27::::::-::::::::::::::::::::::::::::::::::::Uppsaland::admin
1003430376::Snowshoe Bandit::27::::::::::::::::::::::::::::::::::::::::::Uppsaland::admin
1003430396::Hailer::28::::::::::::::::::::::::::::::::::::::::::Uppsaland::admin
1003430406::Hailstone::22::::::::::::::::::::::::::::::::::::::::::Uppsaland::admin
1003430643::Vengeful Ghoul::25::::::::::::::::::::::::::::::::::::::::::Cursed Tomb::admin
1003430812::Draugr Commander::25::::::::::::::::::::::::::::::::::::::::::Cursed Tomb::admin
1003431277::Werewolf Warder::27::::::+::::::::::::::::::::::::::::::::::::Skona::admin
1003431293::Wood Mephit::25::::::+::::::::::::::::::::::::::::::::::::Skona::admin
1003431305::Moss Maiden::25::::::::::::::::::::::::::::::::::::::::::Skona::admin
1003431317::Wind Spirit::26::::::::::::::::::::::::::::::::::::::::::Skona::admin
1003432393::<a href="http://www.gameznet.com/camelot/bestiary/midgard/westsvea/konungredhands.shtml">Konung Botolf Redhands</a>::23::<a href="http://www.gameznet.com/camelot/quest/midgard/huginfell/sugnhildsrevenge.shtml">Quest</a>::::::::::::::::::::::::::::::::::::::::West Svealand::admin
1003432550::Wind Mephit::16::::::::::::::::::::::::::::::::::::::::::Salisbury Plains::admin
1003432562::Pseudo Basilisk::12::::::::::::::::::::::::::::::::::::::::::Salisbury Plains::admin
1003433395::Sand Crab::0::::+::-::::::::::::::::::::::::::::::::::::Shannon Estuary::admin
1003433599::Annoying Lugraden::2::::::::::::::::::::::::::::::::::::::::::Shanon Estuary::admin
1003433608::Wiggle Worm::0::::::::::::::::::::::::::::::::::::::::::Shanon Estuary::admin
1003433619::Viscious Youth::4::::::::::::::::::::::::::::::::::::::::::Shanon Estuary::admin
1003433733::Young Wolverine::27::::::::::::::::::::::::::::::::::::::::::Skona::admin
1003548216::Werewolf Lieutenant::31::::::::::::::::::::::::::::::::::::::::::Skona Ravine::admin
1003548250::Dverge Sparker::25::::::::::::::::::::::::::::::::::::::::::Muspelheim::admin
1003548367::Werewolf Commander::32::::::+::::::::::::::::::::::::::::::::::::Skona Ravine::admin
1003548467::Elder Skogsfru::30::::::::::::::::::::::::::::::::::::::::::Skona Ravine::admin
1003548478::Battle-Scarred Mauler::31::::::::::::::::::::::::::::::::::::::::::Skona Ravine::admin
1003548487::Timberland Badger::31::::::::::::::::::::::::::::::::::::::::::Skona Ravine::admin
1003548499::Timber Cat::33::::::::::::::::::::::::::::::::::::::::::Skona Ravine::admin
1003548509::Whispering Willow::31::::::+::::::::::::::::::::::::::::::::::::Skona Ravine::admin
1003548525::Sidhe Draoi::34::::::::::::::::::::::::::::::::::::::::::Skona Ravine::admin
1003548534::Sidhe Gaoite::33::::::-::::::::::::::::::::::::::::::::::::Skona Ravine::admin
1003548605::Cliff Beetle::30::::::::::::::::::::::::::::::::::::::::::Emain Macha::admin
1003548623::Amadan Touched::30::::::::::::::::::::::::::::::::::::::::::Emain Macha::admin
1003548651::Boogie Man::31::::::::::::::::::::::::::::::::::::::::::Briefine, Emain Macha::admin
1003548701::Sett Dweller::30::::::::::::::::::::::::::::::::::::::::::Briefine::admin
1003548771::Fee Lion::26::::::::::::::::::::::::::::::::::::::::::Mount Collory::admin
1003548783::Ire Wolf::28::::::::::::::::::::::::::::::::::::::::::Mount Collory::admin
1003548790::Vanisher::28::::::::::::::::::::::::::::::::::::::::::Mount Collory::admin
1003548805::Goblin Guard::26::::::::::::::::::::::::::::::::::::::::::Vendo Caves::admin
1003548820::Cave  Bear::23::::::::::::::::::::::::::::::::::::::::::Vendo Caves::admin
1003548846::Vendo Guard::25::::::::::::::::::::::::::::::::::::::::::Vendo Caves::admin
1003548855::Albino Cave Mauler::27::::::::::::::::::::::::::::::::::::::::::Vendo Caves::admin
1003548885::Fire Giant Guard::31::::::::::::::::::::::::::::::::::::::::::Muspelheim::admin
1003548913::Pyrophantom::30::::::::::::::::::::::::::::::::::::::::::Muspelheim::admin
1003548922::Flame Spout::28::::::-::::::::::::::::::::::::::::::::::::Muspelheim::admin
1003548934::Lava Monster::28::::::-::::::::::::::::::::::::::::::::::::Muspelheim::admin
1003548945::Magmatasm::30::::::-::::::::::::::::::::::::::::::::::::Muspelheim::admin
1003548968::Flaming Raukomaz::30::::::::::::::::::::::::::::::::::::::::::Muspelheim::admin
1003548983::Ice Scrag::31::::::-::::::::::::::::::::::::::::::::::::Uppsaland::admin
1003548994::Shivering Prescence::30::::::-::::::::::::::::::::::::::::::::::::Uppsaland::admin
1003549002::Taiga Cat::30::::::::::::::::::::::::::::::::::::::::::Uppsaland::admin
1003608195::<a href="http://gameznet.com/camelot/bestiary/midgard/muspelheim/seerofancientdawning.shtml">Seer of Ancient Dawning</a>::30::Quest::::::::::::::::::::::::::::::::::::::::Muspelheim::admin
1003777370::Hillock Changeling::34::::::::::::::::::::::::::::::::::::::::::Briefine::admin
1003777384::Wraith Sprite::30::::::::::::::::::::::::::::::::::::::::::Mount Collory::admin
1003777417::Irewood::30::::::::::::::::::::::::::::::::::::::::::Mount Collory::admin
1003777423::Zephyr Wraith::30::::::::::::::::::::::::::::::::::::::::::Mount Collory::admin
1003777517::Forest Spider Runner::45::::::::::::::::::::::::::::::::::::::::::Vanern Swamp::admin
1003954988::<a href="http://www.gameznet.com/camelot/bestiary/midgard/muspelheim/lordfire.shtml">Lord Fire</a>::30::?::::::::::::::::::::::::::::::::::::::::Muspelheim::admin
1003955112::<a href="http://www.gameznet.com/camelot/bestiary/midgard/muspelheim/youngwyrmlord.shtml">Young Wyrm Lord</a>::30::<a href="http://www.gameznet.com/camelot/quest/midgard/mularn/youngfirewyrmlord.shtml">Quest</a>::::::::::::::::::::::::::::::::::::::::Muspelheim::admin
1003955141::<a href="http://www.gameznet.com/camelot/bestiary/midgard/muspelheim/ember.shtml">Ember</a>::30::<a href="http://gameznet.com/camelot/equipment/midgard/leg/drakescaleleggings.shtml">Drakescale Leggings</a>::::::::::::::::::::::::::::::::::::::::Muspelheim::admin
1003955184::<a href="http://www.gameznet.com/camelot/bestiary/midgard/skona/tradande.shtml">Tradande</a>::28::<a href="http://www.gameznet.com/camelot/equipment/midgard/spears/spearofelements.shtml">Spear of Elements</a>::::::::::::::::::::::::::::::::::::::::Skona Ravine::admin
1003955222::<a href="http://www.gameznet.com/camelot/bestiary/midgard/skona/askafroa.shtml">Askafroa</a>::33::<a href="http://www.gameznet.com/camelot/equipment/midgard/chest/askafroaschainhauberk.shtml">Askafroa's Chain Hauberk</a>, <a href="http://www.gameznet.com/camelot/equipment/midgard/leg/askafroaschainlegs.shtml">Askafroa's Chain Leggings</a>.::::::::::::::::::::::::::::::::::::::::Skona Ravine::admin
1004209787::Crazed Lycantic::34::::::::::::::::::::::::::::::::::::::::::Varulvhamn::admin
1004209795::Faz::34::::::::::::::::::::::::::::::::::::::::::Varulvhamn::admin
1004209803::Werewolf Churl::33::::::::::::::::::::::::::::::::::::::::::Varulvhamn::admin
1004209901::Vendo Yowler::29::::::::::::::::::::::::::::::::::::::::::Vendo Caves::admin
1004209909::Vendo Savager::33::::::::::::::::::::::::::::::::::::::::::Vendo Caves::admin
1004209918::Spider::28::::::::::::::::::::::::::::::::::::::::::Vendo Caves::admin
1004209926::Goblin Advisor::28::::::::::::::::::::::::::::::::::::::::::Vendo Caves::admin
1004209993::Svendo::33::::::::::::::::::::::::::::::::::::::::::Vendo Caves::admin
1004210076::Cave Ogre::31::::::::::::::::::::::::::::::::::::::::::Vendo Caves::admin
1004210086::Vendo Reaver::28::::::::::::::::::::::::::::::::::::::::::Vendo Caves::admin
1004559282::<a href="http://gameznet.com/camelot/bestiary/midgard/skona/zritzrit.shtml">Zrit-Zrit</a>::35::<a href="http://gameznet.com/camelot/quest/midgard/nalilten/zritzrit.shtml">Quest</a>::::::::::::::::::::::::::::::::::::::::Skona Ravine::admin
1004559303::<a href="http://gameznet.com/camelot/bestiary/midgard/skona/witch.shtml">Witch</a>::23::<a href="http://gameznet.com/camelot/quest/midgard/haggerfal/warofold.shtml">Quest</a>::::::::::::::::::::::::::::::::::::::::Skona Ravine::admin
1004559324::<a href="http://gameznet.com/camelot/bestiary/midgard/skona/bigpaw.shtml">Big Paw</a>::35::<a href="http://gameznet.com/camelot/equipment/midgard/neck/luminescentchoker.shtml">Luminescent Choker</a>::::::::::::::::::::::::::::::::::::::::Skona Ravine::admin
1004644732::Stinger::35::::::::::::::::::::::::::::::::::::::::::Spindelhalla::admin
1004644741::Svartalf Thrall::36::::::::::::::::::::::::::::::::::::::::::Spindelhalla::admin
1004644750::Arachite Tunnelhost::37::::::::::::::::::::::::::::::::::::::::::Spindelhalla::admin
1004644758::Arachite Vakt::37::::::::::::::::::::::::::::::::::::::::::Spindelhalla::admin
1004644766::Hallaratta::36::::::::::::::::::::::::::::::::::::::::::Spindelhalla::admin
1004644777::Deeplurk Manslayer::44::::::::::::::::::::::::::::::::::::::::::Spindelhalla::admin
1004644784::Cave Trow::45::::::::::::::::::::::::::::::::::::::::::Spindelhalla::admin
1004644796::Undead Troll Warrior::44::::::::::::::::::::::::::::::::::::::::::Spindelhalla::admin
1004644810::Cursed Thulian::44::::::::::::::::::::::::::::::::::::::::::Spindelhalla::admin
1004644817::Crusher::47::::::::::::::::::::::::::::::::::::::::::Spindelhalla::admin
1004929713::Yleg::42::::::::::::::::::::::::::::::::::::::::::Spindelhalla::admin
1004929720::Lost Hagbui::40::::::::::::::::::::::::::::::::::::::::::Spindelhalla::admin
1004929726::Mad Kobold::40::::::::::::::::::::::::::::::::::::::::::Spindelhalla::admin
1004929732::Deeplurk Manslayer::45::::::::::::::::::::::::::::::::::::::::::Spindelhalla::admin
1004929895::Djupt Odjur::45::::::::::::::::::::::::::::::::::::::::::Spindelhalla::admin
1004929903::Fellcat::44::::::::::::::::::::::::::::::::::::::::::Spindelhalla::admin
1004929911::Ekyps Gunsting::42::::::::::::::::::::::::::::::::::::::::::Spindelhalla::admin
1004929920::Fas::48::::::::::::::::::::::::::::::::::::::::::Spindelhalla::admin
1005936779::Djupt Usling::48::::::::::::::::::::::::::::::::::::::::::Spindelhalla::admin
