953497621::Minor Healing::9::Alteration::10::1.0::Heal::N/A::Heals 10 HP::admin
953497698::Flash Of Light::9::Divination::12::1.5::Special::Magic::Blinds Your Opponent. Cast and step back to separate.::admin
953497774::Courage::9::Abjuration::12::2.0::Buff::N/A::Adds 20 hit points and 3 armor class::admin
953497824::Cure Poison::9::Alteration::20::2.0::Cure::N/A::Cures poison::admin
953497934::True North::9::Divination::5::2.0::Special::N/A::Turns you to face to the north::admin
953497979::Spook the Dead::9::Alteration::10::2.0::Fear::Magic::Causes an undead target to run away in fear::admin
953498045::Yaulp::9::Abjuration::5::0.5::Buff::N/A::Adds 10 strength and 6 armor class to self for 18 seconds::admin
953498078::Holy Armor::15::Abjuration::20::2.0::Buff::N/A::Adds 6 armor class::admin
953498138::Light Healing::15::Alteration::25::2.0::Heal::N/A::Heals 30 hit points::admin
953498164::Lull::15::Alteration::10::1.5::Calm::Magic::Lowers the agression(calms) a being::admin
953498195::Cure Disease::15::Alteration::20::2.0::Cure::N/A::Cures your target of disease::admin
953498222::Ward Undead::15::Evocation::30::3.0::DD::Magic::Does 41 points direct damage to undead beings::admin
953498262::Sense the Dead::15::Divination::5::2.0::Special::N/A::Points you in the direction of the nearest undead being::admin
953498323::Hammer of Wrath::15::Conjuration::50::4.0::Summon::N/A::Summons a dmg 6 delay 32 magical hammer. Self only. NO RENT::admin
953498455::Reckless Strength::22::Abjuration::30::3.0::Buff::N/A::Strength buff which slowly fades and eventually goes negative::admin
953498539::Center::22::Abjuration::40::4.0::Buff::N/A::Adds 60 hit points and 6 armor class. Upgrade to center::admin
953498585::Invigor::22::Alteration::20::3.5::Special::N/A::Restores your targets stamina::admin
953498625::Endure Poison::22::Abjuration::20::2.5::Buff::N/A::Adds 20 points to poison resistance::admin
953498655::Root::22::Alteration::30::2.0::Root::Magic::Roots your target in place::admin
953498729::Halo of Light::22::Conjuration::40::5.0::Summon::N/A::Summons a glowing headband to use as a lightsource::admin
953498785::Invisibility vs. Undead::22::Divination::20::4.0::Invis::N/A::Renders you invisible to undead beings::admin
953498828::Healing::30::Alteration::60::3.0::Heal::N/A::Heals 90HP::admin
953498876::Hammer of Striking::30::Conjuration::100::6.0::Summon::N/A::Summons a magical warhammer. Self Only. NO RENT::admin
953498986::Stun::30::Evocation::30::1.5::Stun::Magic::Stuns your opponent and interupts casting::admin
953499022::Expulse Undead::30::Evocation::60::2.75::DD::Magic::Does 94 points direct damage to undead beings::admin
953499064::Spirit Armor::30::Abjuration::75::6.0::Buff::N/A::Adds 14 armor class. Upgrade to holy armor::admin
953499131::Symbol of Transal::30::Abjuration::55::3.5::Buff::N/A::Adds 73 hit points. Reqs cats eye agate::admin
953499169::Soothe::30::Alteration::30::2.0::Calm::Magic::Lowers the agression(calms) a being::admin
953499239::Greater Healing::39::Alteration::150::3.75::Heal::N/A::Heals 300 hit points::admin
953499280::Yaulp II::39::Abjuration::15::0.5::Buff::N/A::Adds 20 strength and 9 armor class to self for 18 seconds::admin
953499339::Cancel Magic::39::Abjuration::30::3.5::Debuff::N/A::Cancels magical effects. Group/npc only::admin
953499435::Daring::39::Abjuration::60::2.5::Buff::N/A::Adds 115 hit points and 9 armor class. Upgrade to courage->center::admin
953499490::Counteract Poison::39::Alteration::50::4.0::Cure::N/A::Cures powerful poisons::admin
953499525::Endure Disease::39::Abjuration::20::2.5::Buff::N/A::Adds 20 to your targets disease resistance::admin
953499580::Symbol of Ryltan::39::Abjuration::111::4.0::Buff::N/A::Adds 160 hit points. Reqs bloodstone. Upgrade to symbol of transal::admin
953499636::Guard::49::Abjuration::80::3.0::Buff::N/A::Adds 20 armor class. Upgrade to Holy->Spirit Armor::admin
953499758::Calm::49::Alteration::50::2.5::Calm::Magic::Lowers the agression(calms) a being::admin
953499805::Dismiss Undead::49::Evocation::90::3.3::DD::Magic::Does 162 points direct damage to undead beings::admin
953499899::Holy Might::49::Evocation::60::2.0::Stun + DD::Magic::Stuns your opponent and does 60 points direct damage::admin
953499947::Valor::49::Abjuration::90::3.0::Buff::N/A::Adds 200 hit points and 14 armor class. Upgrade to courage->daring::admin
953500054::Revive::49::Alteration::300::6.0::Ressurect::N/A::Teleports a player to their corpse::admin
953500095::Symbol of Pinzam::49::Abjuration::200::4.5::Buff::N/A::Adds 300 hit points. Reqs Jasper. Upgrade to symbol of transal->ryltan::admin
