1: startcast Swarming Death
1: 0.0 dps, 4000 hp, 4000 mana
2: 0.0 dps, 4000 hp, 4000 mana
3: 0.0 dps, 4000 hp, 4000 mana
4: 0.0 dps, 4000 hp, 4000 mana
5: 0.0 dps, 4000 hp, 4000 mana
6: 0.0 dps, 4000 hp, 4000 mana
7: finished casting Swarming Death
7: 0.0 dps, 4000 hp, 3685.5 mana
8: 0.0 dps, 4000 hp, 3685.5 mana
9: 0.0 dps, 4000 hp, 3685.5 mana
10: startcast Fury of Ro
10: 0.0 dps, 4000 hp, 3685.5 mana
11: 0.0 dps, 4000 hp, 3685.5 mana
12: Swarming Death tick
12: 20.0 dps, 4000 hp, 3706.5 mana
13: finished casting Fury of Ro
13: 18.5 dps, 4000 hp, 3409 mana
14: 17.1 dps, 4000 hp, 3409 mana
15: 16.0 dps, 4000 hp, 3409 mana
16: startcast ancientstarfire
16: 15.0 dps, 4000 hp, 3409 mana
17: 14.1 dps, 4000 hp, 3409 mana
18: Swarming Death tick
18: Fury of Ro tick
18: 34.4 dps, 4000 hp, 3430 mana
19: 32.6 dps, 4000 hp, 3430 mana
20: 31.0 dps, 4000 hp, 3430 mana
21: ancientstarfire tick
21: finished casting ancientstarfire
21: 95.4 dps, 4000 hp, 3187.75 mana
22: 91.0 dps, 4000 hp, 3187.75 mana
23: 87.1 dps, 4000 hp, 3187.75 mana
24: Swarming Death tick
24: Fury of Ro tick
24: startcast ancientstarfire
24: 99.3 dps, 4000 hp, 3208.75 mana
25: 95.3 dps, 4000 hp, 3208.75 mana
26: 91.7 dps, 4000 hp, 3208.75 mana
27: 88.3 dps, 4000 hp, 3208.75 mana
28: 85.1 dps, 4000 hp, 3208.75 mana
29: ancientstarfire tick
29: finished casting ancientstarfire
29: 129.9 dps, 4000 hp, 2966.5 mana
30: Swarming Death tick
30: Fury of Ro tick
30: 138.2 dps, 4000 hp, 2987.5 mana
31: 133.7 dps, 4000 hp, 2987.5 mana
32: startcast ancientstarfire
32: 129.6 dps, 4000 hp, 2987.5 mana
33: 125.6 dps, 4000 hp, 2987.5 mana
34: 121.9 dps, 4000 hp, 2987.5 mana
35: 118.5 dps, 4000 hp, 2987.5 mana
36: Swarming Death tick
36: Fury of Ro tick
36: 125.7 dps, 4000 hp, 3008.5 mana
37: ancientstarfire tick
37: finished casting ancientstarfire
37: 159.7 dps, 4000 hp, 2766.25 mana
38: 155.5 dps, 4000 hp, 2766.25 mana
39: 151.5 dps, 4000 hp, 2766.25 mana
40: startcast ancientstarfire
40: 147.7 dps, 4000 hp, 2766.25 mana
41: 144.1 dps, 4000 hp, 2766.25 mana
42: Swarming Death tick
42: Fury of Ro tick
42: 149.7 dps, 4000 hp, 2787.25 mana
43: 146.3 dps, 4000 hp, 2787.25 mana
44: 142.9 dps, 4000 hp, 2787.25 mana
45: ancientstarfire tick
45: finished casting ancientstarfire
45: 170.5 dps, 4000 hp, 2545 mana
46: 166.8 dps, 4000 hp, 2545 mana
47: 163.2 dps, 4000 hp, 2545 mana
48: Swarming Death tick
48: Fury of Ro tick
48: startcast ancientstarfire
48: 167.7 dps, 4000 hp, 2566 mana
49: 164.3 dps, 4000 hp, 2566 mana
50: 161.0 dps, 4000 hp, 2566 mana
51: 157.9 dps, 4000 hp, 2566 mana
52: 154.8 dps, 4000 hp, 2566 mana
53: ancientstarfire tick
53: finished casting ancientstarfire
53: 178.0 dps, 4000 hp, 2323.75 mana
54: Swarming Death tick
54: Fury of Ro tick
54: 181.8 dps, 4000 hp, 2344.75 mana
55: 178.5 dps, 4000 hp, 2344.75 mana
56: startcast Swarming Death
56: 175.3 dps, 4000 hp, 2344.75 mana
57: 172.2 dps, 4000 hp, 2344.75 mana
58: 169.2 dps, 4000 hp, 2344.75 mana
59: 166.4 dps, 4000 hp, 2344.75 mana
60: Fury of Ro tick
60: 165.9 dps, 4000 hp, 2365.75 mana
61: 163.2 dps, 4000 hp, 2365.75 mana
62: finished casting Swarming Death
62: 160.6 dps, 4000 hp, 2051.25 mana
63: 158.0 dps, 4000 hp, 2051.25 mana
64: 155.5 dps, 4000 hp, 2051.25 mana
65: startcast ancientstarfire
65: 153.2 dps, 4000 hp, 2051.25 mana
66: Swarming Death tick
66: Fury of Ro tick
66: 156.6 dps, 4000 hp, 2072.25 mana
67: 154.3 dps, 4000 hp, 2072.25 mana
68: 152.0 dps, 4000 hp, 2072.25 mana
69: 149.8 dps, 4000 hp, 2072.25 mana
70: ancientstarfire tick
70: finished casting ancientstarfire
70: 167.4 dps, 4000 hp, 1830 mana
71: 165.0 dps, 4000 hp, 1830 mana
72: Swarming Death tick
72: Fury of Ro tick
72: 168.0 dps, 4000 hp, 1851 mana
73: startcast ancientstarfire
73: 165.7 dps, 4000 hp, 1851 mana
74: 163.5 dps, 4000 hp, 1851 mana
75: 161.3 dps, 4000 hp, 1851 mana
76: 159.2 dps, 4000 hp, 1851 mana
77: 157.1 dps, 4000 hp, 1851 mana
78: Swarming Death tick
78: Fury of Ro tick
78: ancientstarfire tick
78: finished casting ancientstarfire
78: 177.7 dps, 4000 hp, 1629.75 mana
79: 175.5 dps, 4000 hp, 1629.75 mana
80: 173.3 dps, 4000 hp, 1629.75 mana
81: startcast ancientstarfire
81: 171.1 dps, 4000 hp, 1629.75 mana
82: 169.0 dps, 4000 hp, 1629.75 mana
83: 167.0 dps, 4000 hp, 1629.75 mana
84: Swarming Death tick
84: Fury of Ro tick
84: 169.5 dps, 4000 hp, 1650.75 mana
85: 167.5 dps, 4000 hp, 1650.75 mana
86: ancientstarfire tick
86: finished casting ancientstarfire
86: 181.7 dps, 4000 hp, 1408.5 mana
87: 179.6 dps, 4000 hp, 1408.5 mana
88: 177.5 dps, 4000 hp, 1408.5 mana
89: startcast Fury of Ro
89: 175.5 dps, 4000 hp, 1408.5 mana
90: Swarming Death tick
90: 176.3 dps, 4000 hp, 1429.5 mana
91: 174.3 dps, 4000 hp, 1429.5 mana
92: finished casting Fury of Ro
92: 172.4 dps, 4000 hp, 1132 mana
93: 170.6 dps, 4000 hp, 1132 mana
94: 168.8 dps, 4000 hp, 1132 mana
95: startcast ancientstarfire
95: 167.0 dps, 4000 hp, 1132 mana
96: Swarming Death tick
96: Fury of Ro tick
96: 169.2 dps, 4000 hp, 1153 mana
97: 167.5 dps, 4000 hp, 1153 mana
98: 165.8 dps, 4000 hp, 1153 mana
99: 164.1 dps, 4000 hp, 1153 mana
100: ancientstarfire tick
100: finished casting ancientstarfire
100: 176.3 dps, 4000 hp, 910.75 mana
101: 174.5 dps, 4000 hp, 910.75 mana
102: Swarming Death tick
102: Fury of Ro tick
102: 176.5 dps, 4000 hp, 931.75 mana
103: startcast ancientstarfire
103: 174.8 dps, 4000 hp, 931.75 mana
104: 173.1 dps, 4000 hp, 931.75 mana
105: 171.5 dps, 4000 hp, 931.75 mana
106: 169.9 dps, 4000 hp, 931.75 mana
107: 168.3 dps, 4000 hp, 931.75 mana
108: Swarming Death tick
108: Fury of Ro tick
108: ancientstarfire tick
108: finished casting ancientstarfire
108: 183.1 dps, 4000 hp, 710.5 mana
109: 181.4 dps, 4000 hp, 710.5 mana
110: 179.7 dps, 4000 hp, 710.5 mana
111: startcast Swarming Death
111: 178.1 dps, 4000 hp, 710.5 mana
112: 176.5 dps, 4000 hp, 710.5 mana
113: 175.0 dps, 4000 hp, 710.5 mana
114: Fury of Ro tick
114: 174.6 dps, 4000 hp, 731.5 mana
115: 173.1 dps, 4000 hp, 731.5 mana
116: 171.6 dps, 4000 hp, 731.5 mana
117: finished casting Swarming Death
117: 170.2 dps, 4000 hp, 417 mana
118: 168.7 dps, 4000 hp, 417 mana
119: 167.3 dps, 4000 hp, 417 mana
120: Swarming Death tick
120: Fury of Ro tick
120: startcast ancientstarfire
120: 169.1 dps, 4000 hp, 438 mana
121: 167.7 dps, 4000 hp, 438 mana
122: 166.3 dps, 4000 hp, 438 mana
123: 165.0 dps, 4000 hp, 438 mana
124: 163.6 dps, 4000 hp, 438 mana
125: ancientstarfire tick
125: finished casting ancientstarfire
125: 173.4 dps, 4000 hp, 195.75 mana
126: Swarming Death tick
126: Fury of Ro tick
126: 175.0 dps, 4000 hp, 216.75 mana
127: 173.6 dps, 4000 hp, 216.75 mana
128: 172.3 dps, 4000 hp, 216.75 mana
129: 171.0 dps, 4000 hp, 216.75 mana
130: 169.6 dps, 4000 hp, 216.75 mana
131: 168.3 dps, 4000 hp, 216.75 mana
132: Swarming Death tick
132: Fury of Ro tick
132: 169.9 dps, 4000 hp, 257.75 mana
133: 168.7 dps, 4000 hp, 257.75 mana
134: 167.4 dps, 4000 hp, 257.75 mana
135: 166.2 dps, 4000 hp, 257.75 mana
136: 164.9 dps, 4000 hp, 257.75 mana
137: 163.7 dps, 4000 hp, 257.75 mana
138: Swarming Death tick
138: Fury of Ro tick
138: startcast ancientstarfire
138: 165.3 dps, 4000 hp, 298.75 mana
139: 164.1 dps, 4000 hp, 298.75 mana
140: 162.9 dps, 4000 hp, 298.75 mana
141: 161.8 dps, 4000 hp, 298.75 mana
142: 160.7 dps, 4000 hp, 298.75 mana
143: ancientstarfire tick
143: finished casting ancientstarfire
143: 169.2 dps, 4000 hp, 56.5 mana
144: Swarming Death tick
144: Fury of Ro tick
144: 170.7 dps, 4000 hp, 77.5 mana
145: 169.5 dps, 4000 hp, 77.5 mana
146: 168.3 dps, 4000 hp, 77.5 mana
147: 167.2 dps, 4000 hp, 77.5 mana
148: 166.1 dps, 4000 hp, 77.5 mana
149: 164.9 dps, 4000 hp, 77.5 mana
150: Swarming Death tick
150: Fury of Ro tick
150: 166.4 dps, 4000 hp, 118.5 mana
151: 165.3 dps, 4000 hp, 118.5 mana
152: 164.2 dps, 4000 hp, 118.5 mana
153: 163.1 dps, 4000 hp, 118.5 mana
154: 162.0 dps, 4000 hp, 118.5 mana
155: 161.0 dps, 4000 hp, 118.5 mana
156: Swarming Death tick
156: Fury of Ro tick
156: 162.4 dps, 4000 hp, 159.5 mana
157: 161.4 dps, 4000 hp, 159.5 mana
158: 160.4 dps, 4000 hp, 159.5 mana
159: 159.3 dps, 4000 hp, 159.5 mana
160: 158.3 dps, 4000 hp, 159.5 mana
161: 157.4 dps, 4000 hp, 159.5 mana
162: Swarming Death tick
162: Fury of Ro tick
162: 158.7 dps, 4000 hp, 200.5 mana
163: 157.8 dps, 4000 hp, 200.5 mana
164: 156.8 dps, 4000 hp, 200.5 mana
165: 155.9 dps, 4000 hp, 200.5 mana
166: 154.9 dps, 4000 hp, 200.5 mana
167: 154.0 dps, 4000 hp, 200.5 mana
168: 153.1 dps, 4000 hp, 241.5 mana
169: 152.2 dps, 4000 hp, 241.5 mana
170: 151.3 dps, 4000 hp, 241.5 mana
171: 150.4 dps, 4000 hp, 241.5 mana
172: 149.5 dps, 4000 hp, 241.5 mana
173: 148.6 dps, 4000 hp, 241.5 mana
174: 147.8 dps, 4000 hp, 282.5 mana
175: 146.9 dps, 4000 hp, 282.5 mana
176: 146.1 dps, 4000 hp, 282.5 mana
177: 145.3 dps, 4000 hp, 282.5 mana
178: 144.5 dps, 4000 hp, 282.5 mana
179: 143.7 dps, 4000 hp, 282.5 mana
180: startcast ancientstarfire
180: 142.9 dps, 4000 hp, 323.5 mana
181: 142.1 dps, 4000 hp, 323.5 mana
182: 141.3 dps, 4000 hp, 323.5 mana
183: 140.5 dps, 4000 hp, 323.5 mana
184: 139.8 dps, 4000 hp, 323.5 mana
185: ancientstarfire tick
185: finished casting ancientstarfire
185: 146.5 dps, 4000 hp, 81.25 mana
186: 145.7 dps, 4000 hp, 102.25 mana
187: 144.9 dps, 4000 hp, 102.25 mana
188: 144.1 dps, 4000 hp, 102.25 mana
189: 143.4 dps, 4000 hp, 102.25 mana
190: 142.6 dps, 4000 hp, 102.25 mana
191: 141.9 dps, 4000 hp, 102.25 mana
192: 141.1 dps, 4000 hp, 143.25 mana
193: 140.4 dps, 4000 hp, 143.25 mana
194: 139.7 dps, 4000 hp, 143.25 mana
195: 139.0 dps, 4000 hp, 143.25 mana
196: 138.3 dps, 4000 hp, 143.25 mana
197: 137.6 dps, 4000 hp, 143.25 mana
198: 136.9 dps, 4000 hp, 184.25 mana
199: 136.2 dps, 4000 hp, 184.25 mana
200: 135.5 dps, 4000 hp, 184.25 mana
201: 134.8 dps, 4000 hp, 184.25 mana
202: 134.2 dps, 4000 hp, 184.25 mana
203: 133.5 dps, 4000 hp, 184.25 mana
204: 132.8 dps, 4000 hp, 225.25 mana
205: 132.2 dps, 4000 hp, 225.25 mana
206: 131.5 dps, 4000 hp, 225.25 mana
207: 130.9 dps, 4000 hp, 225.25 mana
208: 130.3 dps, 4000 hp, 225.25 mana
209: 129.7 dps, 4000 hp, 225.25 mana
210: 129.0 dps, 4000 hp, 266.25 mana
211: 128.4 dps, 4000 hp, 266.25 mana
212: 127.8 dps, 4000 hp, 266.25 mana
213: 127.2 dps, 4000 hp, 266.25 mana
214: 126.6 dps, 4000 hp, 266.25 mana
215: 126.0 dps, 4000 hp, 266.25 mana
216: startcast ancientstarfire
216: 125.5 dps, 4000 hp, 307.25 mana
217: 124.9 dps, 4000 hp, 307.25 mana
218: 124.3 dps, 4000 hp, 307.25 mana
219: 123.7 dps, 4000 hp, 307.25 mana
220: 123.2 dps, 4000 hp, 307.25 mana
221: ancientstarfire tick
221: finished casting ancientstarfire
221: 128.9 dps, 4000 hp, 65 mana
222: 128.3 dps, 4000 hp, 86 mana
223: 127.7 dps, 4000 hp, 86 mana
224: 127.2 dps, 4000 hp, 86 mana
225: 126.6 dps, 4000 hp, 86 mana
226: 126.0 dps, 4000 hp, 86 mana
227: 125.5 dps, 4000 hp, 86 mana
228: 124.9 dps, 4000 hp, 127 mana
229: 124.4 dps, 4000 hp, 127 mana
230: 123.8 dps, 4000 hp, 127 mana
231: 123.3 dps, 4000 hp, 127 mana
232: 122.8 dps, 4000 hp, 127 mana
233: 122.2 dps, 4000 hp, 127 mana
234: 121.7 dps, 4000 hp, 168 mana
235: 121.2 dps, 4000 hp, 168 mana
236: 120.7 dps, 4000 hp, 168 mana
237: 120.2 dps, 4000 hp, 168 mana
238: 119.7 dps, 4000 hp, 168 mana
239: 119.2 dps, 4000 hp, 168 mana
240: 118.7 dps, 4000 hp, 209 mana
241: 118.2 dps, 4000 hp, 209 mana
242: 117.7 dps, 4000 hp, 209 mana
243: 117.2 dps, 4000 hp, 209 mana
244: 116.7 dps, 4000 hp, 209 mana
245: 116.3 dps, 4000 hp, 209 mana
246: 115.8 dps, 4000 hp, 250 mana
247: 115.3 dps, 4000 hp, 250 mana
248: 114.8 dps, 4000 hp, 250 mana
249: 114.4 dps, 4000 hp, 250 mana
250: 113.9 dps, 4000 hp, 250 mana
251: 113.5 dps, 4000 hp, 250 mana
252: startcast ancientstarfire
252: 113.0 dps, 4000 hp, 291 mana
253: 112.6 dps, 4000 hp, 291 mana
254: 112.1 dps, 4000 hp, 291 mana
255: 111.7 dps, 4000 hp, 291 mana
256: 111.3 dps, 4000 hp, 291 mana
257: ancientstarfire tick
257: finished casting ancientstarfire
257: 116.2 dps, 4000 hp, 48.75 mana
258: 115.8 dps, 4000 hp, 69.75 mana
259: 115.3 dps, 4000 hp, 69.75 mana
260: 114.9 dps, 4000 hp, 69.75 mana
261: 114.4 dps, 4000 hp, 69.75 mana
262: 114.0 dps, 4000 hp, 69.75 mana
263: 113.6 dps, 4000 hp, 69.75 mana
264: 113.1 dps, 4000 hp, 110.75 mana
265: 112.7 dps, 4000 hp, 110.75 mana
266: 112.3 dps, 4000 hp, 110.75 mana
267: 111.9 dps, 4000 hp, 110.75 mana
268: 111.4 dps, 4000 hp, 110.75 mana
269: 111.0 dps, 4000 hp, 110.75 mana
270: 110.6 dps, 4000 hp, 151.75 mana
271: 110.2 dps, 4000 hp, 151.75 mana
272: 109.8 dps, 4000 hp, 151.75 mana
273: 109.4 dps, 4000 hp, 151.75 mana
274: 109.0 dps, 4000 hp, 151.75 mana
275: 108.6 dps, 4000 hp, 151.75 mana
276: 108.2 dps, 4000 hp, 192.75 mana
277: 107.8 dps, 4000 hp, 192.75 mana
278: 107.4 dps, 4000 hp, 192.75 mana
279: 107.0 dps, 4000 hp, 192.75 mana
280: 106.7 dps, 4000 hp, 192.75 mana
281: 106.3 dps, 4000 hp, 192.75 mana
282: 105.9 dps, 4000 hp, 233.75 mana
283: 105.5 dps, 4000 hp, 233.75 mana
284: 105.2 dps, 4000 hp, 233.75 mana
285: 104.8 dps, 4000 hp, 233.75 mana
286: 104.4 dps, 4000 hp, 233.75 mana
287: 104.1 dps, 4000 hp, 233.75 mana
288: 103.7 dps, 4000 hp, 274.75 mana
289: 103.3 dps, 4000 hp, 274.75 mana
290: 103.0 dps, 4000 hp, 274.75 mana
291: 102.6 dps, 4000 hp, 274.75 mana
292: 102.3 dps, 4000 hp, 274.75 mana
293: 101.9 dps, 4000 hp, 274.75 mana
294: startcast ancientstarfire
294: 101.6 dps, 4000 hp, 315.75 mana
295: 101.2 dps, 4000 hp, 315.75 mana
296: 100.9 dps, 4000 hp, 315.75 mana
297: 100.6 dps, 4000 hp, 315.75 mana
298: 100.2 dps, 4000 hp, 315.75 mana
299: ancientstarfire tick
299: finished casting ancientstarfire
299: 104.5 dps, 4000 hp, 73.5 mana
300: 104.2 dps, 4000 hp, 94.5 mana
301: 103.8 dps, 4000 hp, 94.5 mana
302: 103.5 dps, 4000 hp, 94.5 mana
303: 103.1 dps, 4000 hp, 94.5 mana
304: 102.8 dps, 4000 hp, 94.5 mana
305: 102.5 dps, 4000 hp, 94.5 mana
306: 102.1 dps, 4000 hp, 135.5 mana
307: 101.8 dps, 4000 hp, 135.5 mana
308: 101.5 dps, 4000 hp, 135.5 mana
309: 101.1 dps, 4000 hp, 135.5 mana
310: 100.8 dps, 4000 hp, 135.5 mana
311: 100.5 dps, 4000 hp, 135.5 mana
312: 100.2 dps, 4000 hp, 176.5 mana
313: 99.8 dps, 4000 hp, 176.5 mana
314: 99.5 dps, 4000 hp, 176.5 mana
315: 99.2 dps, 4000 hp, 176.5 mana
316: 98.9 dps, 4000 hp, 176.5 mana
317: 98.6 dps, 4000 hp, 176.5 mana
318: 98.3 dps, 4000 hp, 217.5 mana
319: 98.0 dps, 4000 hp, 217.5 mana
320: 97.6 dps, 4000 hp, 217.5 mana
321: 97.3 dps, 4000 hp, 217.5 mana
322: 97.0 dps, 4000 hp, 217.5 mana
323: 96.7 dps, 4000 hp, 217.5 mana
324: 96.4 dps, 4000 hp, 258.5 mana
325: 96.1 dps, 4000 hp, 258.5 mana
326: 95.9 dps, 4000 hp, 258.5 mana
327: 95.6 dps, 4000 hp, 258.5 mana
328: 95.3 dps, 4000 hp, 258.5 mana
329: 95.0 dps, 4000 hp, 258.5 mana
330: startcast ancientstarfire
330: 94.7 dps, 4000 hp, 299.5 mana
331: 94.4 dps, 4000 hp, 299.5 mana
332: 94.1 dps, 4000 hp, 299.5 mana
333: 93.8 dps, 4000 hp, 299.5 mana
334: 93.6 dps, 4000 hp, 299.5 mana
335: ancientstarfire tick
335: finished casting ancientstarfire
335: 97.4 dps, 4000 hp, 57.25 mana
336: 97.1 dps, 4000 hp, 78.25 mana
337: 96.8 dps, 4000 hp, 78.25 mana
338: 96.5 dps, 4000 hp, 78.25 mana
339: 96.3 dps, 4000 hp, 78.25 mana
340: 96.0 dps, 4000 hp, 78.25 mana
341: 95.7 dps, 4000 hp, 78.25 mana
342: 95.4 dps, 4000 hp, 119.25 mana
343: 95.1 dps, 4000 hp, 119.25 mana
344: 94.9 dps, 4000 hp, 119.25 mana
345: 94.6 dps, 4000 hp, 119.25 mana
346: 94.3 dps, 4000 hp, 119.25 mana
347: 94.0 dps, 4000 hp, 119.25 mana
348: 93.8 dps, 4000 hp, 160.25 mana
349: 93.5 dps, 4000 hp, 160.25 mana
350: 93.2 dps, 4000 hp, 160.25 mana
351: 93.0 dps, 4000 hp, 160.25 mana
352: 92.7 dps, 4000 hp, 160.25 mana
353: 92.4 dps, 4000 hp, 160.25 mana
354: 92.2 dps, 4000 hp, 201.25 mana
355: 91.9 dps, 4000 hp, 201.25 mana
356: 91.7 dps, 4000 hp, 201.25 mana
357: 91.4 dps, 4000 hp, 201.25 mana
358: 91.1 dps, 4000 hp, 201.25 mana
359: 90.9 dps, 4000 hp, 201.25 mana
360: 90.6 dps, 4000 hp, 242.25 mana
361: 90.4 dps, 4000 hp, 242.25 mana
362: 90.1 dps, 4000 hp, 242.25 mana
363: 89.9 dps, 4000 hp, 242.25 mana
364: 89.6 dps, 4000 hp, 242.25 mana
365: 89.4 dps, 4000 hp, 242.25 mana
366: 89.2 dps, 4000 hp, 283.25 mana
367: 88.9 dps, 4000 hp, 283.25 mana
368: 88.7 dps, 4000 hp, 283.25 mana
369: 88.4 dps, 4000 hp, 283.25 mana
370: 88.2 dps, 4000 hp, 283.25 mana
371: 88.0 dps, 4000 hp, 283.25 mana
372: startcast ancientstarfire
372: 87.7 dps, 4000 hp, 324.25 mana
373: 87.5 dps, 4000 hp, 324.25 mana
374: 87.2 dps, 4000 hp, 324.25 mana
375: 87.0 dps, 4000 hp, 324.25 mana
376: 86.8 dps, 4000 hp, 324.25 mana
377: ancientstarfire tick
377: finished casting ancientstarfire
377: 90.2 dps, 4000 hp, 82 mana
378: 90.0 dps, 4000 hp, 103 mana
379: 89.7 dps, 4000 hp, 103 mana
380: 89.5 dps, 4000 hp, 103 mana
381: 89.3 dps, 4000 hp, 103 mana
382: 89.0 dps, 4000 hp, 103 mana
383: 88.8 dps, 4000 hp, 103 mana
384: 88.6 dps, 4000 hp, 144 mana
385: 88.3 dps, 4000 hp, 144 mana
386: 88.1 dps, 4000 hp, 144 mana
387: 87.9 dps, 4000 hp, 144 mana
388: 87.7 dps, 4000 hp, 144 mana
389: 87.4 dps, 4000 hp, 144 mana
390: 87.2 dps, 4000 hp, 185 mana
391: 87.0 dps, 4000 hp, 185 mana
392: 86.8 dps, 4000 hp, 185 mana
393: 86.5 dps, 4000 hp, 185 mana
394: 86.3 dps, 4000 hp, 185 mana
395: 86.1 dps, 4000 hp, 185 mana
396: 85.9 dps, 4000 hp, 226 mana
397: 85.7 dps, 4000 hp, 226 mana
398: 85.5 dps, 4000 hp, 226 mana
399: 85.2 dps, 4000 hp, 226 mana
400: 85.0 dps, 4000 hp, 226 mana
401: 84.8 dps, 4000 hp, 226 mana
402: 84.6 dps, 4000 hp, 267 mana
403: 84.4 dps, 4000 hp, 267 mana
404: 84.2 dps, 4000 hp, 267 mana
405: 84.0 dps, 4000 hp, 267 mana
406: 83.8 dps, 4000 hp, 267 mana
407: 83.6 dps, 4000 hp, 267 mana
408: startcast ancientstarfire
408: 83.4 dps, 4000 hp, 308 mana
409: 83.2 dps, 4000 hp, 308 mana
410: 83.0 dps, 4000 hp, 308 mana
411: 82.8 dps, 4000 hp, 308 mana
412: 82.6 dps, 4000 hp, 308 mana
413: ancientstarfire tick
413: finished casting ancientstarfire
413: 85.7 dps, 4000 hp, 65.75 mana
414: 85.5 dps, 4000 hp, 86.75 mana
415: 85.3 dps, 4000 hp, 86.75 mana
416: 85.1 dps, 4000 hp, 86.75 mana
417: 84.9 dps, 4000 hp, 86.75 mana
418: 84.7 dps, 4000 hp, 86.75 mana
419: 84.5 dps, 4000 hp, 86.75 mana
420: 84.3 dps, 4000 hp, 127.75 mana
421: 84.1 dps, 4000 hp, 127.75 mana
422: 83.9 dps, 4000 hp, 127.75 mana
423: 83.7 dps, 4000 hp, 127.75 mana
424: 83.5 dps, 4000 hp, 127.75 mana
425: 83.3 dps, 4000 hp, 127.75 mana
426: 83.1 dps, 4000 hp, 168.75 mana
427: 82.9 dps, 4000 hp, 168.75 mana
428: 82.7 dps, 4000 hp, 168.75 mana
429: 82.5 dps, 4000 hp, 168.75 mana
430: 82.3 dps, 4000 hp, 168.75 mana
431: 82.1 dps, 4000 hp, 168.75 mana
432: 81.9 dps, 4000 hp, 209.75 mana
433: 81.7 dps, 4000 hp, 209.75 mana
434: 81.6 dps, 4000 hp, 209.75 mana
435: 81.4 dps, 4000 hp, 209.75 mana
436: 81.2 dps, 4000 hp, 209.75 mana
437: 81.0 dps, 4000 hp, 209.75 mana
438: 80.8 dps, 4000 hp, 250.75 mana
439: 80.6 dps, 4000 hp, 250.75 mana
440: 80.4 dps, 4000 hp, 250.75 mana
441: 80.3 dps, 4000 hp, 250.75 mana
442: 80.1 dps, 4000 hp, 250.75 mana
443: 79.9 dps, 4000 hp, 250.75 mana
444: startcast ancientstarfire
444: 79.7 dps, 4000 hp, 291.75 mana
445: 79.5 dps, 4000 hp, 291.75 mana
446: 79.4 dps, 4000 hp, 291.75 mana
447: 79.2 dps, 4000 hp, 291.75 mana
448: 79.0 dps, 4000 hp, 291.75 mana
449: ancientstarfire tick
449: finished casting ancientstarfire
449: 81.9 dps, 4000 hp, 49.5 mana
450: 81.7 dps, 4000 hp, 70.5 mana
451: 81.6 dps, 4000 hp, 70.5 mana
452: 81.4 dps, 4000 hp, 70.5 mana
453: 81.2 dps, 4000 hp, 70.5 mana
454: 81.0 dps, 4000 hp, 70.5 mana
455: 80.8 dps, 4000 hp, 70.5 mana
456: 80.7 dps, 4000 hp, 111.5 mana
457: 80.5 dps, 4000 hp, 111.5 mana
458: 80.3 dps, 4000 hp, 111.5 mana
459: 80.1 dps, 4000 hp, 111.5 mana
460: 80.0 dps, 4000 hp, 111.5 mana
461: 79.8 dps, 4000 hp, 111.5 mana
462: 79.6 dps, 4000 hp, 152.5 mana
463: 79.4 dps, 4000 hp, 152.5 mana
464: 79.3 dps, 4000 hp, 152.5 mana
465: 79.1 dps, 4000 hp, 152.5 mana
466: 78.9 dps, 4000 hp, 152.5 mana
467: 78.8 dps, 4000 hp, 152.5 mana
468: 78.6 dps, 4000 hp, 193.5 mana
469: 78.4 dps, 4000 hp, 193.5 mana
470: 78.3 dps, 4000 hp, 193.5 mana
471: 78.1 dps, 4000 hp, 193.5 mana
472: 77.9 dps, 4000 hp, 193.5 mana
473: 77.8 dps, 4000 hp, 193.5 mana
474: 77.6 dps, 4000 hp, 234.5 mana
475: 77.4 dps, 4000 hp, 234.5 mana
476: 77.3 dps, 4000 hp, 234.5 mana
477: 77.1 dps, 4000 hp, 234.5 mana
478: 76.9 dps, 4000 hp, 234.5 mana
479: 76.8 dps, 4000 hp, 234.5 mana
480: 76.6 dps, 4000 hp, 275.5 mana
481: 76.5 dps, 4000 hp, 275.5 mana
482: 76.3 dps, 4000 hp, 275.5 mana
483: 76.1 dps, 4000 hp, 275.5 mana
484: 76.0 dps, 4000 hp, 275.5 mana
485: 75.8 dps, 4000 hp, 275.5 mana
486: startcast ancientstarfire
486: 75.7 dps, 4000 hp, 316.5 mana
487: 75.5 dps, 4000 hp, 316.5 mana
488: 75.4 dps, 4000 hp, 316.5 mana
489: 75.2 dps, 4000 hp, 316.5 mana
490: 75.1 dps, 4000 hp, 316.5 mana
491: ancientstarfire tick
491: finished casting ancientstarfire
491: 77.7 dps, 4000 hp, 74.25 mana
492: 77.6 dps, 4000 hp, 95.25 mana
493: 77.4 dps, 4000 hp, 95.25 mana
494: 77.3 dps, 4000 hp, 95.25 mana
495: 77.1 dps, 4000 hp, 95.25 mana
496: 76.9 dps, 4000 hp, 95.25 mana
497: 76.8 dps, 4000 hp, 95.25 mana
498: 76.6 dps, 4000 hp, 136.25 mana
499: 76.5 dps, 4000 hp, 136.25 mana
500: 76.3 dps, 4000 hp, 136.25 mana
501: 76.2 dps, 4000 hp, 136.25 mana
502: 76.0 dps, 4000 hp, 136.25 mana
503: 75.9 dps, 4000 hp, 136.25 mana
504: 75.7 dps, 4000 hp, 177.25 mana
505: 75.6 dps, 4000 hp, 177.25 mana
506: 75.4 dps, 4000 hp, 177.25 mana
507: 75.3 dps, 4000 hp, 177.25 mana
508: 75.1 dps, 4000 hp, 177.25 mana
509: 75.0 dps, 4000 hp, 177.25 mana
510: 74.8 dps, 4000 hp, 218.25 mana
511: 74.7 dps, 4000 hp, 218.25 mana
512: 74.5 dps, 4000 hp, 218.25 mana
513: 74.4 dps, 4000 hp, 218.25 mana
514: 74.2 dps, 4000 hp, 218.25 mana
515: 74.1 dps, 4000 hp, 218.25 mana
516: 74.0 dps, 4000 hp, 259.25 mana
517: 73.8 dps, 4000 hp, 259.25 mana
518: 73.7 dps, 4000 hp, 259.25 mana
519: 73.5 dps, 4000 hp, 259.25 mana
520: 73.4 dps, 4000 hp, 259.25 mana
521: 73.2 dps, 4000 hp, 259.25 mana
522: startcast ancientstarfire
522: 73.1 dps, 4000 hp, 300.25 mana
523: 73.0 dps, 4000 hp, 300.25 mana
524: 72.8 dps, 4000 hp, 300.25 mana
525: 72.7 dps, 4000 hp, 300.25 mana
526: 72.6 dps, 4000 hp, 300.25 mana
527: ancientstarfire tick
527: finished casting ancientstarfire
527: 75.0 dps, 4000 hp, 58 mana
528: 74.9 dps, 4000 hp, 79 mana
529: 74.8 dps, 4000 hp, 79 mana
530: 74.6 dps, 4000 hp, 79 mana
531: 74.5 dps, 4000 hp, 79 mana
532: 74.3 dps, 4000 hp, 79 mana
533: 74.2 dps, 4000 hp, 79 mana
534: 74.1 dps, 4000 hp, 120 mana
535: 73.9 dps, 4000 hp, 120 mana
536: 73.8 dps, 4000 hp, 120 mana
537: 73.6 dps, 4000 hp, 120 mana
538: 73.5 dps, 4000 hp, 120 mana
539: 73.4 dps, 4000 hp, 120 mana
540: 73.2 dps, 4000 hp, 161 mana
541: 73.1 dps, 4000 hp, 161 mana
542: 73.0 dps, 4000 hp, 161 mana
543: 72.8 dps, 4000 hp, 161 mana
544: 72.7 dps, 4000 hp, 161 mana
545: 72.6 dps, 4000 hp, 161 mana
546: 72.4 dps, 4000 hp, 202 mana
547: 72.3 dps, 4000 hp, 202 mana
548: 72.2 dps, 4000 hp, 202 mana
549: 72.0 dps, 4000 hp, 202 mana
550: 71.9 dps, 4000 hp, 202 mana
551: 71.8 dps, 4000 hp, 202 mana
552: 71.6 dps, 4000 hp, 243 mana
553: 71.5 dps, 4000 hp, 243 mana
554: 71.4 dps, 4000 hp, 243 mana
555: 71.3 dps, 4000 hp, 243 mana
556: 71.1 dps, 4000 hp, 243 mana
557: 71.0 dps, 4000 hp, 243 mana
558: 70.9 dps, 4000 hp, 284 mana
559: 70.7 dps, 4000 hp, 284 mana
560: 70.6 dps, 4000 hp, 284 mana
561: 70.5 dps, 4000 hp, 284 mana
562: 70.4 dps, 4000 hp, 284 mana
563: 70.2 dps, 4000 hp, 284 mana
564: startcast ancientstarfire
564: 70.1 dps, 4000 hp, 325 mana
565: 70.0 dps, 4000 hp, 325 mana
566: 69.9 dps, 4000 hp, 325 mana
567: 69.7 dps, 4000 hp, 325 mana
568: 69.6 dps, 4000 hp, 325 mana
569: ancientstarfire tick
569: finished casting ancientstarfire
569: 71.9 dps, 4000 hp, 82.75 mana
570: 71.8 dps, 4000 hp, 103.75 mana
571: 71.7 dps, 4000 hp, 103.75 mana
572: 71.6 dps, 4000 hp, 103.75 mana
573: 71.4 dps, 4000 hp, 103.75 mana
574: 71.3 dps, 4000 hp, 103.75 mana
575: 71.2 dps, 4000 hp, 103.75 mana
576: 71.1 dps, 4000 hp, 144.75 mana
577: 70.9 dps, 4000 hp, 144.75 mana
578: 70.8 dps, 4000 hp, 144.75 mana
579: 70.7 dps, 4000 hp, 144.75 mana
580: 70.6 dps, 4000 hp, 144.75 mana
581: 70.4 dps, 4000 hp, 144.75 mana
582: 70.3 dps, 4000 hp, 185.75 mana
583: 70.2 dps, 4000 hp, 185.75 mana
584: 70.1 dps, 4000 hp, 185.75 mana
585: 70.0 dps, 4000 hp, 185.75 mana
586: 69.8 dps, 4000 hp, 185.75 mana
587: 69.7 dps, 4000 hp, 185.75 mana
588: 69.6 dps, 4000 hp, 226.75 mana
589: 69.5 dps, 4000 hp, 226.75 mana
590: 69.4 dps, 4000 hp, 226.75 mana
591: 69.3 dps, 4000 hp, 226.75 mana
592: 69.1 dps, 4000 hp, 226.75 mana
593: 69.0 dps, 4000 hp, 226.75 mana
594: 68.9 dps, 4000 hp, 267.75 mana
595: 68.8 dps, 4000 hp, 267.75 mana
596: 68.7 dps, 4000 hp, 267.75 mana
597: 68.6 dps, 4000 hp, 267.75 mana
598: 68.4 dps, 4000 hp, 267.75 mana
599: 68.3 dps, 4000 hp, 267.75 mana
600: startcast ancientstarfire
600: 68.2 dps, 4000 hp, 308.75 mana
601: 68.1 dps, 4000 hp, 308.75 mana
602: 68.0 dps, 4000 hp, 308.75 mana
603: 67.9 dps, 4000 hp, 308.75 mana
604: 67.8 dps, 4000 hp, 308.75 mana
605: ancientstarfire tick
605: finished casting ancientstarfire
605: 69.9 dps, 4000 hp, 66.5 mana
606: 69.8 dps, 4000 hp, 87.5 mana
607: 69.7 dps, 4000 hp, 87.5 mana
608: 69.6 dps, 4000 hp, 87.5 mana
609: 69.5 dps, 4000 hp, 87.5 mana
610: 69.4 dps, 4000 hp, 87.5 mana
611: 69.2 dps, 4000 hp, 87.5 mana
612: 69.1 dps, 4000 hp, 128.5 mana
613: 69.0 dps, 4000 hp, 128.5 mana
614: 68.9 dps, 4000 hp, 128.5 mana
615: 68.8 dps, 4000 hp, 128.5 mana
616: 68.7 dps, 4000 hp, 128.5 mana
617: 68.6 dps, 4000 hp, 128.5 mana
618: 68.5 dps, 4000 hp, 169.5 mana
619: 68.4 dps, 4000 hp, 169.5 mana
620: 68.2 dps, 4000 hp, 169.5 mana
621: 68.1 dps, 4000 hp, 169.5 mana
622: 68.0 dps, 4000 hp, 169.5 mana
623: 67.9 dps, 4000 hp, 169.5 mana
624: 67.8 dps, 4000 hp, 210.5 mana
625: 67.7 dps, 4000 hp, 210.5 mana
626: 67.6 dps, 4000 hp, 210.5 mana
627: 67.5 dps, 4000 hp, 210.5 mana
628: 67.4 dps, 4000 hp, 210.5 mana
629: 67.3 dps, 4000 hp, 210.5 mana
630: 67.2 dps, 4000 hp, 251.5 mana
631: 67.1 dps, 4000 hp, 251.5 mana
632: 66.9 dps, 4000 hp, 251.5 mana
633: 66.8 dps, 4000 hp, 251.5 mana
634: 66.7 dps, 4000 hp, 251.5 mana
635: 66.6 dps, 4000 hp, 251.5 mana
636: startcast ancientstarfire
636: 66.5 dps, 4000 hp, 292.5 mana
637: 66.4 dps, 4000 hp, 292.5 mana
638: 66.3 dps, 4000 hp, 292.5 mana
639: 66.2 dps, 4000 hp, 292.5 mana
640: 66.1 dps, 4000 hp, 292.5 mana
641: ancientstarfire tick
641: finished casting ancientstarfire
641: 68.2 dps, 4000 hp, 50.25 mana
642: 68.1 dps, 4000 hp, 71.25 mana
643: 68.0 dps, 4000 hp, 71.25 mana
644: 67.8 dps, 4000 hp, 71.25 mana
645: 67.7 dps, 4000 hp, 71.25 mana
646: 67.6 dps, 4000 hp, 71.25 mana
647: 67.5 dps, 4000 hp, 71.25 mana
648: 67.4 dps, 4000 hp, 112.25 mana
649: 67.3 dps, 4000 hp, 112.25 mana
650: 67.2 dps, 4000 hp, 112.25 mana
651: 67.1 dps, 4000 hp, 112.25 mana
652: 67.0 dps, 4000 hp, 112.25 mana
653: 66.9 dps, 4000 hp, 112.25 mana
654: 66.8 dps, 4000 hp, 153.25 mana
655: 66.7 dps, 4000 hp, 153.25 mana
656: 66.6 dps, 4000 hp, 153.25 mana
657: 66.5 dps, 4000 hp, 153.25 mana
658: 66.4 dps, 4000 hp, 153.25 mana
659: 66.3 dps, 4000 hp, 153.25 mana
660: 66.2 dps, 4000 hp, 194.25 mana
661: 66.1 dps, 4000 hp, 194.25 mana
662: 66.0 dps, 4000 hp, 194.25 mana
663: 65.9 dps, 4000 hp, 194.25 mana
664: 65.8 dps, 4000 hp, 194.25 mana
665: 65.7 dps, 4000 hp, 194.25 mana
666: 65.6 dps, 4000 hp, 235.25 mana
667: 65.5 dps, 4000 hp, 235.25 mana
668: 65.4 dps, 4000 hp, 235.25 mana
669: 65.3 dps, 4000 hp, 235.25 mana
670: 65.2 dps, 4000 hp, 235.25 mana
671: 65.1 dps, 4000 hp, 235.25 mana
672: 65.0 dps, 4000 hp, 276.25 mana
673: 64.9 dps, 4000 hp, 276.25 mana
674: 64.8 dps, 4000 hp, 276.25 mana
675: 64.7 dps, 4000 hp, 276.25 mana
676: 64.6 dps, 4000 hp, 276.25 mana
677: 64.5 dps, 4000 hp, 276.25 mana
678: startcast ancientstarfire
678: 64.4 dps, 4000 hp, 317.25 mana
679: 64.4 dps, 4000 hp, 317.25 mana
680: 64.3 dps, 4000 hp, 317.25 mana
681: 64.2 dps, 4000 hp, 317.25 mana
682: 64.1 dps, 4000 hp, 317.25 mana
683: ancientstarfire tick
683: finished casting ancientstarfire
683: 66.0 dps, 4000 hp, 75 mana
684: 65.9 dps, 4000 hp, 96 mana
685: 65.8 dps, 4000 hp, 96 mana
686: 65.7 dps, 4000 hp, 96 mana
687: 65.6 dps, 4000 hp, 96 mana
688: 65.5 dps, 4000 hp, 96 mana
689: 65.4 dps, 4000 hp, 96 mana
690: 65.3 dps, 4000 hp, 137 mana
691: 65.2 dps, 4000 hp, 137 mana
692: 65.1 dps, 4000 hp, 137 mana
693: 65.0 dps, 4000 hp, 137 mana
694: 65.0 dps, 4000 hp, 137 mana
695: 64.9 dps, 4000 hp, 137 mana
696: 64.8 dps, 4000 hp, 178 mana
697: 64.7 dps, 4000 hp, 178 mana
698: 64.6 dps, 4000 hp, 178 mana
699: 64.5 dps, 4000 hp, 178 mana
700: 64.4 dps, 4000 hp, 178 mana
701: 64.3 dps, 4000 hp, 178 mana
702: 64.2 dps, 4000 hp, 219 mana
703: 64.1 dps, 4000 hp, 219 mana
704: 64.0 dps, 4000 hp, 219 mana
705: 63.9 dps, 4000 hp, 219 mana
706: 63.8 dps, 4000 hp, 219 mana
707: 63.8 dps, 4000 hp, 219 mana
708: 63.7 dps, 4000 hp, 260 mana
709: 63.6 dps, 4000 hp, 260 mana
710: 63.5 dps, 4000 hp, 260 mana
711: 63.4 dps, 4000 hp, 260 mana
712: 63.3 dps, 4000 hp, 260 mana
713: 63.2 dps, 4000 hp, 260 mana
714: startcast ancientstarfire
714: 63.1 dps, 4000 hp, 301 mana
715: 63.0 dps, 4000 hp, 301 mana
716: 63.0 dps, 4000 hp, 301 mana
717: 62.9 dps, 4000 hp, 301 mana
718: 62.8 dps, 4000 hp, 301 mana
719: ancientstarfire tick
719: finished casting ancientstarfire
719: 64.6 dps, 4000 hp, 58.75 mana
720: 64.5 dps, 4000 hp, 79.75 mana
721: 64.4 dps, 4000 hp, 79.75 mana
722: 64.3 dps, 4000 hp, 79.75 mana
723: 64.3 dps, 4000 hp, 79.75 mana
724: 64.2 dps, 4000 hp, 79.75 mana
725: 64.1 dps, 4000 hp, 79.75 mana
726: 64.0 dps, 4000 hp, 120.75 mana
727: 63.9 dps, 4000 hp, 120.75 mana
728: 63.8 dps, 4000 hp, 120.75 mana
729: 63.7 dps, 4000 hp, 120.75 mana
730: 63.6 dps, 4000 hp, 120.75 mana
731: 63.6 dps, 4000 hp, 120.75 mana
732: 63.5 dps, 4000 hp, 161.75 mana
733: 63.4 dps, 4000 hp, 161.75 mana
734: 63.3 dps, 4000 hp, 161.75 mana
735: 63.2 dps, 4000 hp, 161.75 mana
736: 63.1 dps, 4000 hp, 161.75 mana
737: 63.0 dps, 4000 hp, 161.75 mana
738: 63.0 dps, 4000 hp, 202.75 mana
739: 62.9 dps, 4000 hp, 202.75 mana
740: 62.8 dps, 4000 hp, 202.75 mana
741: 62.7 dps, 4000 hp, 202.75 mana
742: 62.6 dps, 4000 hp, 202.75 mana
743: 62.5 dps, 4000 hp, 202.75 mana
744: 62.4 dps, 4000 hp, 243.75 mana
745: 62.4 dps, 4000 hp, 243.75 mana
746: 62.3 dps, 4000 hp, 243.75 mana
747: 62.2 dps, 4000 hp, 243.75 mana
748: 62.1 dps, 4000 hp, 243.75 mana
749: 62.0 dps, 4000 hp, 243.75 mana
750: 61.9 dps, 4000 hp, 284.75 mana
751: 61.9 dps, 4000 hp, 284.75 mana
752: 61.8 dps, 4000 hp, 284.75 mana
753: 61.7 dps, 4000 hp, 284.75 mana
754: 61.6 dps, 4000 hp, 284.75 mana
755: 61.5 dps, 4000 hp, 284.75 mana
756: startcast ancientstarfire
756: 61.5 dps, 4000 hp, 325.75 mana
757: 61.4 dps, 4000 hp, 325.75 mana
758: 61.3 dps, 4000 hp, 325.75 mana
759: 61.2 dps, 4000 hp, 325.75 mana
760: 61.1 dps, 4000 hp, 325.75 mana
761: ancientstarfire tick
761: finished casting ancientstarfire
761: 62.9 dps, 4000 hp, 83.5 mana
762: 62.8 dps, 4000 hp, 104.5 mana
763: 62.7 dps, 4000 hp, 104.5 mana
764: 62.6 dps, 4000 hp, 104.5 mana
765: 62.5 dps, 4000 hp, 104.5 mana
766: 62.5 dps, 4000 hp, 104.5 mana
767: 62.4 dps, 4000 hp, 104.5 mana
768: 62.3 dps, 4000 hp, 145.5 mana
769: 62.2 dps, 4000 hp, 145.5 mana
770: 62.1 dps, 4000 hp, 145.5 mana
771: 62.1 dps, 4000 hp, 145.5 mana
772: 62.0 dps, 4000 hp, 145.5 mana
773: 61.9 dps, 4000 hp, 145.5 mana
774: 61.8 dps, 4000 hp, 186.5 mana
775: 61.7 dps, 4000 hp, 186.5 mana
776: 61.7 dps, 4000 hp, 186.5 mana
777: 61.6 dps, 4000 hp, 186.5 mana
778: 61.5 dps, 4000 hp, 186.5 mana
779: 61.4 dps, 4000 hp, 186.5 mana
780: 61.3 dps, 4000 hp, 227.5 mana
781: 61.3 dps, 4000 hp, 227.5 mana
782: 61.2 dps, 4000 hp, 227.5 mana
783: 61.1 dps, 4000 hp, 227.5 mana
784: 61.0 dps, 4000 hp, 227.5 mana
785: 60.9 dps, 4000 hp, 227.5 mana
786: 60.9 dps, 4000 hp, 268.5 mana
787: 60.8 dps, 4000 hp, 268.5 mana
788: 60.7 dps, 4000 hp, 268.5 mana
789: 60.6 dps, 4000 hp, 268.5 mana
790: 60.6 dps, 4000 hp, 268.5 mana
791: 60.5 dps, 4000 hp, 268.5 mana
792: startcast ancientstarfire
792: 60.4 dps, 4000 hp, 309.5 mana
793: 60.3 dps, 4000 hp, 309.5 mana
794: 60.3 dps, 4000 hp, 309.5 mana
795: 60.2 dps, 4000 hp, 309.5 mana
796: 60.1 dps, 4000 hp, 309.5 mana
797: ancientstarfire tick
797: finished casting ancientstarfire
797: 61.8 dps, 4000 hp, 67.25 mana
798: 61.7 dps, 4000 hp, 88.25 mana
799: 61.6 dps, 4000 hp, 88.25 mana
800: 61.5 dps, 4000 hp, 88.25 mana
801: 61.5 dps, 4000 hp, 88.25 mana
802: 61.4 dps, 4000 hp, 88.25 mana
803: 61.3 dps, 4000 hp, 88.25 mana
804: 61.2 dps, 4000 hp, 129.25 mana
805: 61.2 dps, 4000 hp, 129.25 mana
806: 61.1 dps, 4000 hp, 129.25 mana
807: 61.0 dps, 4000 hp, 129.25 mana
808: 60.9 dps, 4000 hp, 129.25 mana
809: 60.8 dps, 4000 hp, 129.25 mana
810: 60.8 dps, 4000 hp, 170.25 mana
811: 60.7 dps, 4000 hp, 170.25 mana
812: 60.6 dps, 4000 hp, 170.25 mana
813: 60.5 dps, 4000 hp, 170.25 mana
814: 60.5 dps, 4000 hp, 170.25 mana
815: 60.4 dps, 4000 hp, 170.25 mana
816: 60.3 dps, 4000 hp, 211.25 mana
817: 60.3 dps, 4000 hp, 211.25 mana
818: 60.2 dps, 4000 hp, 211.25 mana
819: 60.1 dps, 4000 hp, 211.25 mana
820: 60.0 dps, 4000 hp, 211.25 mana
821: 60.0 dps, 4000 hp, 211.25 mana
822: 59.9 dps, 4000 hp, 252.25 mana
823: 59.8 dps, 4000 hp, 252.25 mana
824: 59.7 dps, 4000 hp, 252.25 mana
825: 59.7 dps, 4000 hp, 252.25 mana
826: 59.6 dps, 4000 hp, 252.25 mana
827: 59.5 dps, 4000 hp, 252.25 mana
828: startcast ancientstarfire
828: 59.5 dps, 4000 hp, 293.25 mana
829: 59.4 dps, 4000 hp, 293.25 mana
830: 59.3 dps, 4000 hp, 293.25 mana
831: 59.2 dps, 4000 hp, 293.25 mana
832: 59.2 dps, 4000 hp, 293.25 mana
833: ancientstarfire tick
833: finished casting ancientstarfire
833: 60.8 dps, 4000 hp, 51 mana
834: 60.7 dps, 4000 hp, 72 mana
835: 60.6 dps, 4000 hp, 72 mana
836: 60.5 dps, 4000 hp, 72 mana
837: 60.5 dps, 4000 hp, 72 mana
838: 60.4 dps, 4000 hp, 72 mana
839: 60.3 dps, 4000 hp, 72 mana
840: 60.2 dps, 4000 hp, 113 mana
841: 60.2 dps, 4000 hp, 113 mana
842: 60.1 dps, 4000 hp, 113 mana
843: 60.0 dps, 4000 hp, 113 mana
844: 60.0 dps, 4000 hp, 113 mana
845: 59.9 dps, 4000 hp, 113 mana
846: 59.8 dps, 4000 hp, 154 mana
847: 59.8 dps, 4000 hp, 154 mana
848: 59.7 dps, 4000 hp, 154 mana
849: 59.6 dps, 4000 hp, 154 mana
850: 59.5 dps, 4000 hp, 154 mana
851: 59.5 dps, 4000 hp, 154 mana
852: 59.4 dps, 4000 hp, 195 mana
853: 59.3 dps, 4000 hp, 195 mana
854: 59.3 dps, 4000 hp, 195 mana
855: 59.2 dps, 4000 hp, 195 mana
856: 59.1 dps, 4000 hp, 195 mana
857: 59.1 dps, 4000 hp, 195 mana
858: 59.0 dps, 4000 hp, 236 mana
859: 58.9 dps, 4000 hp, 236 mana
860: 58.8 dps, 4000 hp, 236 mana
861: 58.8 dps, 4000 hp, 236 mana
862: 58.7 dps, 4000 hp, 236 mana
863: 58.6 dps, 4000 hp, 236 mana
864: 58.6 dps, 4000 hp, 277 mana
865: 58.5 dps, 4000 hp, 277 mana
866: 58.4 dps, 4000 hp, 277 mana
867: 58.4 dps, 4000 hp, 277 mana
868: 58.3 dps, 4000 hp, 277 mana
869: 58.2 dps, 4000 hp, 277 mana
870: startcast ancientstarfire
870: 58.2 dps, 4000 hp, 318 mana
871: 58.1 dps, 4000 hp, 318 mana
872: 58.0 dps, 4000 hp, 318 mana
873: 58.0 dps, 4000 hp, 318 mana
874: 57.9 dps, 4000 hp, 318 mana
875: ancientstarfire tick
875: finished casting ancientstarfire
875: 59.4 dps, 4000 hp, 75.75 mana
876: 59.4 dps, 4000 hp, 96.75 mana
877: 59.3 dps, 4000 hp, 96.75 mana
878: 59.2 dps, 4000 hp, 96.75 mana
879: 59.1 dps, 4000 hp, 96.75 mana
880: 59.1 dps, 4000 hp, 96.75 mana
881: 59.0 dps, 4000 hp, 96.75 mana
882: 58.9 dps, 4000 hp, 137.75 mana
883: 58.9 dps, 4000 hp, 137.75 mana
884: 58.8 dps, 4000 hp, 137.75 mana
885: 58.7 dps, 4000 hp, 137.75 mana
886: 58.7 dps, 4000 hp, 137.75 mana
887: 58.6 dps, 4000 hp, 137.75 mana
888: 58.5 dps, 4000 hp, 178.75 mana
889: 58.5 dps, 4000 hp, 178.75 mana
890: 58.4 dps, 4000 hp, 178.75 mana
891: 58.4 dps, 4000 hp, 178.75 mana
892: 58.3 dps, 4000 hp, 178.75 mana
893: 58.2 dps, 4000 hp, 178.75 mana
894: 58.2 dps, 4000 hp, 219.75 mana
895: 58.1 dps, 4000 hp, 219.75 mana
896: 58.0 dps, 4000 hp, 219.75 mana
897: 58.0 dps, 4000 hp, 219.75 mana
898: 57.9 dps, 4000 hp, 219.75 mana
899: 57.8 dps, 4000 hp, 219.75 mana
900: 57.8 dps, 4000 hp, 260.75 mana
901: 57.7 dps, 4000 hp, 260.75 mana
902: 57.6 dps, 4000 hp, 260.75 mana
903: 57.6 dps, 4000 hp, 260.75 mana
904: 57.5 dps, 4000 hp, 260.75 mana
905: 57.4 dps, 4000 hp, 260.75 mana
906: startcast ancientstarfire
906: 57.4 dps, 4000 hp, 301.75 mana
907: 57.3 dps, 4000 hp, 301.75 mana
908: 57.3 dps, 4000 hp, 301.75 mana
909: 57.2 dps, 4000 hp, 301.75 mana
910: 57.1 dps, 4000 hp, 301.75 mana
911: ancientstarfire tick
911: finished casting ancientstarfire
911: 58.6 dps, 4000 hp, 59.5 mana
912: 58.5 dps, 4000 hp, 80.5 mana
913: 58.5 dps, 4000 hp, 80.5 mana
914: 58.4 dps, 4000 hp, 80.5 mana
915: 58.3 dps, 4000 hp, 80.5 mana
916: 58.3 dps, 4000 hp, 80.5 mana
917: 58.2 dps, 4000 hp, 80.5 mana
918: 58.1 dps, 4000 hp, 121.5 mana
919: 58.1 dps, 4000 hp, 121.5 mana
920: 58.0 dps, 4000 hp, 121.5 mana
921: 58.0 dps, 4000 hp, 121.5 mana
922: 57.9 dps, 4000 hp, 121.5 mana
923: 57.8 dps, 4000 hp, 121.5 mana
924: 57.8 dps, 4000 hp, 162.5 mana
925: 57.7 dps, 4000 hp, 162.5 mana
926: 57.6 dps, 4000 hp, 162.5 mana
927: 57.6 dps, 4000 hp, 162.5 mana
928: 57.5 dps, 4000 hp, 162.5 mana
929: 57.5 dps, 4000 hp, 162.5 mana
930: 57.4 dps, 4000 hp, 203.5 mana
931: 57.3 dps, 4000 hp, 203.5 mana
932: 57.3 dps, 4000 hp, 203.5 mana
933: 57.2 dps, 4000 hp, 203.5 mana
934: 57.1 dps, 4000 hp, 203.5 mana
935: 57.1 dps, 4000 hp, 203.5 mana
936: 57.0 dps, 4000 hp, 244.5 mana
937: 57.0 dps, 4000 hp, 244.5 mana
938: 56.9 dps, 4000 hp, 244.5 mana
939: 56.8 dps, 4000 hp, 244.5 mana
940: 56.8 dps, 4000 hp, 244.5 mana
941: 56.7 dps, 4000 hp, 244.5 mana
942: startcast ancientstarfire
942: 56.7 dps, 4000 hp, 285.5 mana
943: 56.6 dps, 4000 hp, 285.5 mana
944: 56.5 dps, 4000 hp, 285.5 mana
945: 56.5 dps, 4000 hp, 285.5 mana
946: 56.4 dps, 4000 hp, 285.5 mana
947: ancientstarfire tick
947: finished casting ancientstarfire
947: 57.8 dps, 4000 hp, 43.25 mana
948: 57.8 dps, 4000 hp, 64.25 mana
949: 57.7 dps, 4000 hp, 64.25 mana
950: 57.6 dps, 4000 hp, 64.25 mana
951: 57.6 dps, 4000 hp, 64.25 mana
952: 57.5 dps, 4000 hp, 64.25 mana
953: 57.5 dps, 4000 hp, 64.25 mana
954: 57.4 dps, 4000 hp, 105.25 mana
955: 57.3 dps, 4000 hp, 105.25 mana
956: 57.3 dps, 4000 hp, 105.25 mana
957: 57.2 dps, 4000 hp, 105.25 mana
958: 57.2 dps, 4000 hp, 105.25 mana
959: 57.1 dps, 4000 hp, 105.25 mana
960: 57.0 dps, 4000 hp, 146.25 mana
961: 57.0 dps, 4000 hp, 146.25 mana
962: 56.9 dps, 4000 hp, 146.25 mana
963: 56.9 dps, 4000 hp, 146.25 mana
964: 56.8 dps, 4000 hp, 146.25 mana
965: 56.7 dps, 4000 hp, 146.25 mana
966: 56.7 dps, 4000 hp, 187.25 mana
967: 56.6 dps, 4000 hp, 187.25 mana
968: 56.6 dps, 4000 hp, 187.25 mana
969: 56.5 dps, 4000 hp, 187.25 mana
970: 56.5 dps, 4000 hp, 187.25 mana
971: 56.4 dps, 4000 hp, 187.25 mana
972: 56.3 dps, 4000 hp, 228.25 mana
973: 56.3 dps, 4000 hp, 228.25 mana
974: 56.2 dps, 4000 hp, 228.25 mana
975: 56.2 dps, 4000 hp, 228.25 mana
976: 56.1 dps, 4000 hp, 228.25 mana
977: 56.0 dps, 4000 hp, 228.25 mana
978: 56.0 dps, 4000 hp, 269.25 mana
979: 55.9 dps, 4000 hp, 269.25 mana
980: 55.9 dps, 4000 hp, 269.25 mana
981: 55.8 dps, 4000 hp, 269.25 mana
982: 55.8 dps, 4000 hp, 269.25 mana
983: 55.7 dps, 4000 hp, 269.25 mana
984: startcast ancientstarfire
984: 55.6 dps, 4000 hp, 310.25 mana
985: 55.6 dps, 4000 hp, 310.25 mana
986: 55.5 dps, 4000 hp, 310.25 mana
987: 55.5 dps, 4000 hp, 310.25 mana
988: 55.4 dps, 4000 hp, 310.25 mana
989: ancientstarfire tick
989: finished casting ancientstarfire
989: 56.8 dps, 4000 hp, 68 mana
990: 56.7 dps, 4000 hp, 89 mana
991: 56.7 dps, 4000 hp, 89 mana
992: 56.6 dps, 4000 hp, 89 mana
993: 56.5 dps, 4000 hp, 89 mana
994: 56.5 dps, 4000 hp, 89 mana
995: 56.4 dps, 4000 hp, 89 mana
996: 56.4 dps, 4000 hp, 130 mana
997: 56.3 dps, 4000 hp, 130 mana
998: 56.3 dps, 4000 hp, 130 mana
999: 56.2 dps, 4000 hp, 130 mana
1000: 56.1 dps, 4000 hp, 130 mana
1001: 56.1 dps, 4000 hp, 130 mana
1002: 56.0 dps, 4000 hp, 171 mana
1003: 56.0 dps, 4000 hp, 171 mana
1004: 55.9 dps, 4000 hp, 171 mana
1005: 55.9 dps, 4000 hp, 171 mana
1006: 55.8 dps, 4000 hp, 171 mana
1007: 55.8 dps, 4000 hp, 171 mana
1008: 55.7 dps, 4000 hp, 212 mana
1009: 55.6 dps, 4000 hp, 212 mana
1010: 55.6 dps, 4000 hp, 212 mana
1011: 55.5 dps, 4000 hp, 212 mana
1012: 55.5 dps, 4000 hp, 212 mana
1013: 55.4 dps, 4000 hp, 212 mana
1014: 55.4 dps, 4000 hp, 253 mana
1015: 55.3 dps, 4000 hp, 253 mana
1016: 55.3 dps, 4000 hp, 253 mana
1017: 55.2 dps, 4000 hp, 253 mana
1018: 55.1 dps, 4000 hp, 253 mana
1019: 55.1 dps, 4000 hp, 253 mana
1020: startcast ancientstarfire
1020: 55.0 dps, 4000 hp, 294 mana
1021: 55.0 dps, 4000 hp, 294 mana
1022: 54.9 dps, 4000 hp, 294 mana
1023: 54.9 dps, 4000 hp, 294 mana
1024: 54.8 dps, 4000 hp, 294 mana
1025: ancientstarfire tick
1025: finished casting ancientstarfire
1025: 56.1 dps, 4000 hp, 51.75 mana
1026: 56.1 dps, 4000 hp, 72.75 mana
1027: 56.0 dps, 4000 hp, 72.75 mana
1028: 56.0 dps, 4000 hp, 72.75 mana
1029: 55.9 dps, 4000 hp, 72.75 mana
1030: 55.8 dps, 4000 hp, 72.75 mana
1031: 55.8 dps, 4000 hp, 72.75 mana
1032: 55.7 dps, 4000 hp, 113.75 mana
1033: 55.7 dps, 4000 hp, 113.75 mana
1034: 55.6 dps, 4000 hp, 113.75 mana
1035: 55.6 dps, 4000 hp, 113.75 mana
1036: 55.5 dps, 4000 hp, 113.75 mana
1037: 55.5 dps, 4000 hp, 113.75 mana
1038: 55.4 dps, 4000 hp, 154.75 mana
1039: 55.4 dps, 4000 hp, 154.75 mana
1040: 55.3 dps, 4000 hp, 154.75 mana
1041: 55.3 dps, 4000 hp, 154.75 mana
1042: 55.2 dps, 4000 hp, 154.75 mana
1043: 55.2 dps, 4000 hp, 154.75 mana
1044: 55.1 dps, 4000 hp, 195.75 mana
1045: 55.0 dps, 4000 hp, 195.75 mana
1046: 55.0 dps, 4000 hp, 195.75 mana
1047: 54.9 dps, 4000 hp, 195.75 mana
1048: 54.9 dps, 4000 hp, 195.75 mana
1049: 54.8 dps, 4000 hp, 195.75 mana
1050: 54.8 dps, 4000 hp, 236.75 mana
1051: 54.7 dps, 4000 hp, 236.75 mana
1052: 54.7 dps, 4000 hp, 236.75 mana
1053: 54.6 dps, 4000 hp, 236.75 mana
1054: 54.6 dps, 4000 hp, 236.75 mana
1055: 54.5 dps, 4000 hp, 236.75 mana
1056: 54.5 dps, 4000 hp, 277.75 mana
1057: 54.4 dps, 4000 hp, 277.75 mana
1058: 54.4 dps, 4000 hp, 277.75 mana
1059: 54.3 dps, 4000 hp, 277.75 mana
1060: 54.3 dps, 4000 hp, 277.75 mana
1061: 54.2 dps, 4000 hp, 277.75 mana
1062: startcast ancientstarfire
1062: 54.2 dps, 4000 hp, 318.75 mana
1063: 54.1 dps, 4000 hp, 318.75 mana
1064: 54.1 dps, 4000 hp, 318.75 mana
1065: 54.0 dps, 4000 hp, 318.75 mana
1066: 54.0 dps, 4000 hp, 318.75 mana
1067: ancientstarfire tick
1067: finished casting ancientstarfire
1067: 55.2 dps, 4000 hp, 76.5 mana
1068: 55.2 dps, 4000 hp, 97.5 mana
1069: 55.1 dps, 4000 hp, 97.5 mana
1070: 55.1 dps, 4000 hp, 97.5 mana
1071: 55.0 dps, 4000 hp, 97.5 mana
1072: 55.0 dps, 4000 hp, 97.5 mana
1073: 54.9 dps, 4000 hp, 97.5 mana
1074: 54.8 dps, 4000 hp, 138.5 mana
1075: 54.8 dps, 4000 hp, 138.5 mana
1076: 54.7 dps, 4000 hp, 138.5 mana
1077: 54.7 dps, 4000 hp, 138.5 mana
1078: 54.6 dps, 4000 hp, 138.5 mana
1079: 54.6 dps, 4000 hp, 138.5 mana
1080: 54.5 dps, 4000 hp, 179.5 mana
1081: 54.5 dps, 4000 hp, 179.5 mana
1082: 54.4 dps, 4000 hp, 179.5 mana
1083: 54.4 dps, 4000 hp, 179.5 mana
1084: 54.3 dps, 4000 hp, 179.5 mana
1085: 54.3 dps, 4000 hp, 179.5 mana
1086: 54.2 dps, 4000 hp, 220.5 mana
1087: 54.2 dps, 4000 hp, 220.5 mana
1088: 54.1 dps, 4000 hp, 220.5 mana
1089: 54.1 dps, 4000 hp, 220.5 mana
1090: 54.0 dps, 4000 hp, 220.5 mana
1091: 54.0 dps, 4000 hp, 220.5 mana
1092: 53.9 dps, 4000 hp, 261.5 mana
1093: 53.9 dps, 4000 hp, 261.5 mana
1094: 53.8 dps, 4000 hp, 261.5 mana
1095: 53.8 dps, 4000 hp, 261.5 mana
1096: 53.7 dps, 4000 hp, 261.5 mana
1097: 53.7 dps, 4000 hp, 261.5 mana
1098: startcast ancientstarfire
1098: 53.6 dps, 4000 hp, 302.5 mana
1099: 53.6 dps, 4000 hp, 302.5 mana
1100: 53.6 dps, 4000 hp, 302.5 mana
1101: 53.5 dps, 4000 hp, 302.5 mana
1102: 53.5 dps, 4000 hp, 302.5 mana
1103: ancientstarfire tick
1103: finished casting ancientstarfire
1103: 54.7 dps, 4000 hp, 60.25 mana
1104: 54.6 dps, 4000 hp, 81.25 mana
1105: 54.6 dps, 4000 hp, 81.25 mana
1106: 54.5 dps, 4000 hp, 81.25 mana
1107: 54.5 dps, 4000 hp, 81.25 mana
1108: 54.4 dps, 4000 hp, 81.25 mana
1109: 54.4 dps, 4000 hp, 81.25 mana
1110: 54.3 dps, 4000 hp, 122.25 mana
1111: 54.3 dps, 4000 hp, 122.25 mana
1112: 54.2 dps, 4000 hp, 122.25 mana
1113: 54.2 dps, 4000 hp, 122.25 mana
1114: 54.1 dps, 4000 hp, 122.25 mana
1115: 54.1 dps, 4000 hp, 122.25 mana
1116: 54.0 dps, 4000 hp, 163.25 mana
1117: 54.0 dps, 4000 hp, 163.25 mana
1118: 53.9 dps, 4000 hp, 163.25 mana
1119: 53.9 dps, 4000 hp, 163.25 mana
1120: 53.8 dps, 4000 hp, 163.25 mana
1121: 53.8 dps, 4000 hp, 163.25 mana
1122: 53.7 dps, 4000 hp, 204.25 mana
1123: 53.7 dps, 4000 hp, 204.25 mana
1124: 53.6 dps, 4000 hp, 204.25 mana
1125: 53.6 dps, 4000 hp, 204.25 mana
1126: 53.5 dps, 4000 hp, 204.25 mana
1127: 53.5 dps, 4000 hp, 204.25 mana
1128: 53.4 dps, 4000 hp, 245.25 mana
1129: 53.4 dps, 4000 hp, 245.25 mana
1130: 53.4 dps, 4000 hp, 245.25 mana
1131: 53.3 dps, 4000 hp, 245.25 mana
1132: 53.3 dps, 4000 hp, 245.25 mana
1133: 53.2 dps, 4000 hp, 245.25 mana
1134: startcast ancientstarfire
1134: 53.2 dps, 4000 hp, 286.25 mana
1135: 53.1 dps, 4000 hp, 286.25 mana
1136: 53.1 dps, 4000 hp, 286.25 mana
1137: 53.0 dps, 4000 hp, 286.25 mana
1138: 53.0 dps, 4000 hp, 286.25 mana
1139: ancientstarfire tick
1139: finished casting ancientstarfire
1139: 54.1 dps, 4000 hp, 44 mana
1140: 54.1 dps, 4000 hp, 65 mana
1141: 54.1 dps, 4000 hp, 65 mana
1142: 54.0 dps, 4000 hp, 65 mana
1143: 54.0 dps, 4000 hp, 65 mana
1144: 53.9 dps, 4000 hp, 65 mana
1145: 53.9 dps, 4000 hp, 65 mana
1146: 53.8 dps, 4000 hp, 106 mana
1147: 53.8 dps, 4000 hp, 106 mana
1148: 53.7 dps, 4000 hp, 106 mana
1149: 53.7 dps, 4000 hp, 106 mana
1150: 53.6 dps, 4000 hp, 106 mana
1151: 53.6 dps, 4000 hp, 106 mana
1152: 53.5 dps, 4000 hp, 147 mana
1153: 53.5 dps, 4000 hp, 147 mana
1154: 53.4 dps, 4000 hp, 147 mana
1155: 53.4 dps, 4000 hp, 147 mana
1156: 53.4 dps, 4000 hp, 147 mana
1157: 53.3 dps, 4000 hp, 147 mana
1158: 53.3 dps, 4000 hp, 188 mana
1159: 53.2 dps, 4000 hp, 188 mana
1160: 53.2 dps, 4000 hp, 188 mana
1161: 53.1 dps, 4000 hp, 188 mana
1162: 53.1 dps, 4000 hp, 188 mana
1163: 53.0 dps, 4000 hp, 188 mana
1164: 53.0 dps, 4000 hp, 229 mana
1165: 52.9 dps, 4000 hp, 229 mana
1166: 52.9 dps, 4000 hp, 229 mana
1167: 52.8 dps, 4000 hp, 229 mana
1168: 52.8 dps, 4000 hp, 229 mana
1169: 52.8 dps, 4000 hp, 229 mana
1170: 52.7 dps, 4000 hp, 270 mana
1171: 52.7 dps, 4000 hp, 270 mana
1172: 52.6 dps, 4000 hp, 270 mana
1173: 52.6 dps, 4000 hp, 270 mana
1174: 52.5 dps, 4000 hp, 270 mana
1175: 52.5 dps, 4000 hp, 270 mana
1176: startcast ancientstarfire
1176: 52.4 dps, 4000 hp, 311 mana
1177: 52.4 dps, 4000 hp, 311 mana
1178: 52.4 dps, 4000 hp, 311 mana
1179: 52.3 dps, 4000 hp, 311 mana
1180: 52.3 dps, 4000 hp, 311 mana
1181: ancientstarfire tick
1181: finished casting ancientstarfire
1181: 53.4 dps, 4000 hp, 68.75 mana
1182: 53.3 dps, 4000 hp, 89.75 mana
1183: 53.3 dps, 4000 hp, 89.75 mana
1184: 53.3 dps, 4000 hp, 89.75 mana
1185: 53.2 dps, 4000 hp, 89.75 mana
1186: 53.2 dps, 4000 hp, 89.75 mana
1187: 53.1 dps, 4000 hp, 89.75 mana
1188: 53.1 dps, 4000 hp, 130.75 mana
1189: 53.0 dps, 4000 hp, 130.75 mana
1190: 53.0 dps, 4000 hp, 130.75 mana
1191: 52.9 dps, 4000 hp, 130.75 mana
1192: 52.9 dps, 4000 hp, 130.75 mana
1193: 52.9 dps, 4000 hp, 130.75 mana
1194: 52.8 dps, 4000 hp, 171.75 mana
1195: 52.8 dps, 4000 hp, 171.75 mana
1196: 52.7 dps, 4000 hp, 171.75 mana
1197: 52.7 dps, 4000 hp, 171.75 mana
1198: 52.6 dps, 4000 hp, 171.75 mana
1199: 52.6 dps, 4000 hp, 171.75 mana
1200: 52.5 dps, 4000 hp, 212.75 mana
