952475995::Adamantite Epolets::<a href="http://gameznet.com/eq/equipment/ademshoulders.html">More</a>::9::::::::::::7::::::::::::::::::4.5::::yes::::::yes::yes::yes::::yes::::::::::::::yes::yes::yes::yes::yes::yes::yes::yes::yes::yes::yes::yes::::admin
952547722::Barnacle-covered Pauldron::<a href="http://www.gameznet.com/eq/equipment/barnaclepauldron.html">More</a>::6::::::::::::::::::::::5::::::::4.5::::yes::yes::::yes::yes::yes::yes::yes::::yes::::::::::yes::yes::yes::yes::yes::yes::yes::yes::yes::yes::yes::yes::::admin
952547761::Black Embroirdered Cape::<a href="http://gameznet.com/eq/equipment/blackembcape.html">More</a>::4::::::::::::::::15::20::::::::::::::::::::::::::::::::::::yes::yes::yes::yes::yes::yes::yes::yes::yes::yes::yes::yes::yes::yes::yes::yes::::admin
952547805::Bloodstained Mantle::<a href="http://www.gameznet.com/eq/equipment/EQ-Bloodstained.Armour.html">More</a>::6::3::::::::::::::::::::::::::10::3.5::::yes::yes::::yes::yes::yes::yes::yes::::yes::::::::::yes::yes::yes::yes::yes::yes::yes::yes::yes::yes::yes::yes::::admin
952547870::Bloody Mantle::<a href="http://www.gameznet.com/eq/equipment/bloodymantle.html">More</a>::-3::2::::2::::::::-3::::::::::::::::0.0::::yes::yes::yes::yes::yes::yes::yes::yes::yes::yes::yes::yes::yes::yes::yes::yes::::yes::::yes::::yes::yes::::::yes::::admin
952547918::Braided Ivy Cords::<a href="http://gameznet.com/eq/equipment/EQ-Braided.Ivy.Cords.html">More</a>::4::::::::::::5::::::::::::::::::0.3::::::::::yes::::::::::yes::::::::yes::::yes::yes::yes::yes::yes::yes::yes::yes::yes::yes::yes::yes::::admin
952547961::Carnal Pauldrons::<a href="http://gameznet.com/eq/equipment/carnalpauldrons.html">More</a>::9::::::7::::::::::::15::::::::::::4.5::::yes::::::yes::yes::yes::::yes::::::::::::::yes::yes::yes::yes::yes::yes::yes::yes::yes::yes::yes::yes::::admin
952547996::Crafted Pauldrun::<a href="http://www.gameznet.com/eq/equipment/craftedpauldrun.html">More</a>::12::2::::::::::::::::::::::::::2::4.5::::yes::::::::::::::::::::::::::::yes::yes::yes::yes::yes::yes::yes::yes::yes::yes::yes::yes::::admin
952548037::Crested Spaulders::<a href="http://www.gameznet.com/eq/equipment/crestedspaulders.html">More</a>::11::::6::::::::::::::::::::::::::4.5::::yes::::::yes::yes::yes::yes::yes::::::::::::::yes::yes::yes::yes::yes::yes::yes::yes::yes::yes::yes::yes::::admin
952548091::Cryosilk Amice::<a href="http://www.gameznet.com/eq/equipment/cryoamice.html">More</a>::4::::2::::::1::::::::10::::10::::::::0.3::::::::::::::::::::::::yes::yes::yes::yes::::yes::::yes::yes::::::yes::yes::::::::::admin
952548141::Gilded Cloth::<a href="http://www.gameznet.com/eq/equipment/gildedcloth.html">More</a>::3::5::::::9::::::::::::::::::::::0.3::::::::::yes::::::::yes::yes::yes::yes::yes::yes::yes::yes::yes::yes::yes::yes::yes::yes::yes::yes::yes::yes::yes::::admin
952548186::Lizard Scale Mantle::<a href="http://www.gameznet.com/eq/equipment/lizscalemantle.htm">More</a>::5::::::::::3::3::::::::::::::::::2.5::::yes::yes::yes::yes::yes::yes::yes::yes::yes::yes::::::::::yes::yes::yes::yes::yes::yes::yes::yes::yes::yes::yes::yes::::admin
952548227::Prayer Cloth of Tunare::<a href="http://gameznet.com/eq/equipment/prayercloth.html">More</a>::3::::::::::::3::::::::::::::::::0.3::::yes::yes::yes::yes::yes::yes::yes::yes::yes::yes::yes::yes::yes::yes::yes::yes::yes::yes::yes::yes::yes::yes::yes::yes::yes::yes::::admin
952548265::Prayer Shawl::<a href="http://www.gameznet.com/eq/equipment/prayershawl.html">More</a>::5::::::::::::8::::::::::::::::::0.4::::::::::::::::::yes::yes::yes::::::::::yes::yes::yes::yes::yes::yes::yes::yes::yes::yes::yes::yes::::admin
952548306::Rusty Spiked Shoulderpads::<a href="http://gameznet.com/eq/equipment/EQ-Rusty.Spiked.Shoulderpads.html">More</a>::3::5::::::::::::::::::::::::::-10::2.5::::yes::yes::yes::yes::yes::yes::yes::yes::yes::yes::::::::::yes::yes::yes::yes::yes::yes::yes::yes::yes::yes::yes::yes::::admin
952548350::Shawl of the Wind Spirit::<a href="http://www.gameznet.com/eq/equipment/shawlwindspirit.html">More</a>::1::::::::::::::::::::::2::::::::0.4::::::::::yes::::::::::::::::::::::::::::::::yes::::::yes::::::yes::::admin
952548389::Sode of Empowerment::<a href="http://www.gameznet.com/eq/equipment/sodeempowerment.html">More</a>::10::7::7::7::7::::::::::::::::::::::0.1::::::::yes::::::::::::::::::::::::::::::::::::::::yes::::::::::admin
952548444::Squallsurge Shall::<a href="http://www.gameznet.com/eq/equipment/squallsurgeshall.html">More</a>::5::::5::::::::::::::50::::::::::::0.3::::::::::::::::::::::::yes::yes::yes::yes::yes::yes::yes::yes::yes::yes::yes::yes::yes::yes::yes::yes::::admin
952548492::Weight of the Gods::<a href="http://www.gameznet.com/eq/equipment/weightofgods.html">More</a>::12::::::::5::::5::::::50::::::::::25::3.0::::::::::::::::::yes::::::::::::::yes::yes::yes::yes::yes::yes::yes::yes::yes::yes::yes::yes::::admin
954183639::Pegasus Feather Cloak::<a href="http://www.gameznet.com/eq/equipment/pegasuscloak.html">More</a>::6::::::7::::::::::::::::::::::::5.0::Levitate::yes::yes::yes::yes::yes::yes::yes::yes::yes::yes::yes::yes::yes::yes::yes::yes::yes::yes::yes::yes::yes::yes::yes::yes::yes::yes::::admin
954187770::Mantle of Souls::<a href="http://www.gameznet.com/eq/equipment/mysticalbackstrapshtml.htm">More</a>::1::-5::-5::::::10::::::::75::::::::::::1.0::::::::::::::::::::::::yes::::::::::::::yes::::::::::::::::::::admin
955996915::Windwalker's Mantle::<a href="http://gameznet.com/eq/equipment/windwalkersmantle.html">More</a>::6::5::::5::2::::::10::50::::::::::::::0.3::::::::::::::::::::::::::::yes::::yes::yes::yes::yes::yes::yes::yes::yes::yes::yes::yes::yes::yes::admin
956041406::Sphinx-hide Mantle::<a href="http://gameznet.com/eq/equipment/sphinxhidemantle.html">More</a>::5::5::::::::::6::::::::10::10::::::-10::2.5::Guardian Spirit::::::::::::::::::::yes::::::::::yes::yes::yes::yes::yes::yes::yes::yes::yes::yes::yes::yes::yes::admin
956345671::Songweaver's Mantle::<a href="http://www.gameznet.com/eq/equipment/songweaversmantle.html">More</a>::9::7::::::5::::::5::::::::::::::::2.5::Fury::::::::yes::::::::::::::::::::::yes::yes::yes::yes::yes::yes::yes::yes::yes::yes::yes::yes::yes::admin
956685713::Drolvarg Mantle::<a href="http://gameznet.com/eq/equipment/drolvargmantle.html">More</a>::7::::::::6::::::::::::5::::::::::1.5::::yes::yes::yes::yes::yes::yes::yes::yes::::yes::::::::::yes::yes::yes::yes::yes::::yes::::yes::yes::yes::::yes::admin
956693318::Tattered Mantle::<a href="http://www.gameznet.com/eq/equipment/tatteredmantle.html">More</a>::12::::::::::::::::20::::::::10::::::4.5::::yes::yes::yes::yes::yes::yes::yes::yes::yes::yes::::::::::yes::yes::yes::yes::yes::yes::yes::yes::yes::yes::yes::yes::yes::admin
956862697::Hand Woven Shoulderguards::<a href="http://www.gameznet.com/eq/equipment/handwovenshoulderguards.html">More</a>::5::::::::::::::::::::::5::::::::1.9::::yes::yes::yes::yes::yes::yes::yes::yes::yes::yes::::::::::yes::yes::yes::yes::yes::yes::yes::yes::yes::yes::yes::yes::yes::admin
957217422::Mantle of Mirth::<a href="http://www.gameznet.com/eq/equipment/mantleofmirth.html">More</a>::4::-2::::::::2::2::::::10::::::-10::::::1.0::::yes::yes::yes::yes::yes::yes::yes::yes::yes::yes::yes::yes::yes::yes::yes::yes::yes::yes::yes::yes::yes::yes::yes::yes::yes::yes::yes::admin
957475503::Kunzar Mantle::<a href="http://www.gameznet.com/eq/equipment/kunzarmantle.html">More</a>::7::::::3::3::::3::::::::::::::::::4.5::::yes::yes::::yes::yes::yes::yes::yes::yes::yes::::::::::yes::yes::yes::yes::yes::yes::yes::yes::yes::yes::yes::yes::yes::admin
957559529::Meditative Blanket::<a href="http://www.gameznet.com/eq/equipment/meditativeblanket.html">More</a>::10::2::::::2::3::3::::::::::::::::::0.5::::yes::yes::yes::yes::yes::yes::yes::yes::yes::yes::yes::yes::yes::yes::yes::yes::yes::yes::yes::yes::yes::yes::yes::yes::yes::yes::yes::admin
957559579::Grim Pauldrons::<a href="http://www.gameznet.com/eq/equipment/grimpauldrons.html">More</a>::13::10::::::::::::::::::::::::::::4.5::::yes::::::::yes::yes::::yes::::::::::::::yes::yes::yes::yes::yes::yes::yes::yes::yes::yes::yes::yes::yes::admin
957646110::Obulus Death Shroud::<a href="http://www.gameznet.com/eq/equipment/obulusdeathshroud.html">More</a>::10::3::5::::::::3::::::25::1::1::1::1::1::2.0::::yes::yes::yes::yes::yes::yes::yes::yes::yes::yes::yes::yes::yes::yes::yes::yes::yes::yes::yes::yes::yes::yes::yes::yes::yes::yes::yes::admin
958596208::Obulus Mantle::<a href="http://gameznet.com/eq/equipment/obulusmantle.html">More</a>::10::5::5::::::::::::::30::::::::::::4.5::::yes::yes::::yes::yes::yes::yes::yes::::yes::::::::::yes::yes::yes::yes::yes::yes::yes::yes::yes::yes::yes::yes::yes::admin
959453724::Sebilite Scale Mantle::<a href="http://gameznet.com/eq/equipment/sebilite_mantle.html">More</a>::8::4::4::::::::::::::::2::::2::::::2.6::::yes::yes::::yes::yes::yes::yes::yes::::yes::::::::::::yes::yes::yes::yes::yes::yes::yes::yes::::::yes::yes::admin
960749763::Worn Cloth Mantle::<a href="http://gameznet.com/eq/equipment/wornclothmantle.html">More</a>::6::5::::::9::::::5::::::::::::::::0.3::::::::::yes::::::::yes::yes::yes::yes::yes::yes::yes::yes::yes::yes::yes::yes::yes::yes::yes::yes::yes::yes::yes::yes::admin
961217422::Earthshaker's Mantle::<a href="http://gameznet.com/eq/equipment/earth_mantle.html">More</a>::9::8::::8::::::8::::::::10::::::::10::2.5::Earthquake::::::::::::::yes::::::::::::::::yes::yes::yes::yes::yes::yes::yes::yes::yes::yes::yes::yes::yes::admin
961270359::Raiment of Thunder::<a href="http://www.gameznet.com/eq/equipment/raimentofthunder.html">More</a>::4::5::::::::5::::::::15::::::5::10::::0.3::Thunder Strike::::::::::::::::::::::::yes::::::yes::yes::yes::yes::yes::yes::yes::yes::yes::yes::yes::yes::yes::admin
961445321::Bloodsoaked Raiment::<a href="http://gameznet.com/eq/equipment/bloodsoakedraiment.html">More</a>::4::::::3::::5::::::30::65::::::::::::0.3::::::::::::::::::::::::yes::::::::yes::yes::yes::yes::yes::yes::yes::yes::yes::yes::yes::yes::yes::admin
961619883::Ton Po's Shoulder Wraps::<a href="http://gameznet.com/eq/equipment/tonposshoulderwraps.html">More</a>::8::4::::4::4::::::::::::10::10::10::10::10::0.3::::::::yes::::::::::::::::::::::::yes::yes::yes::yes::yes::yes::yes::yes::yes::yes::yes::yes::yes::admin
961619950::Pearlescent Pauldrons::<a href="http://gameznet.com/eq/equipment/pearlescentpauldrons.html">More</a>::10::10::::15::::15::::::::50::::::::::::4.5::::::::::::yes::::::::::::::::::::yes::yes::yes::yes::yes::yes::yes::yes::yes::yes::yes::yes::yes::admin
961657744::Griffon Head Epolets::<a href="http://gameznet.com/eq/equipment/griffonheadepolets.html">More</a>::10::::::::::::13::::::50::::::::::::4.5::::yes::yes::::yes::yes::yes::yes::yes::yes::yes::::::::::yes::yes::yes::yes::yes::yes::yes::yes::yes::yes::yes::yes::yes::admin
961967458::Loam Encrusted Amice::<a href="http://gameznet.com/eq/equipment/loamencrustedamice.html">More</a>::4::::::::8::3::::::::10::2::2::2::2::2::0.3::::::::::::::::::::::::yes::yes::yes::yes::::yes::::yes::yes::::::yes::yes::::::::yes::admin
961967528::Imbued Granite Spauldors::<a href="http://gameznet.com/eq/equipment/imbuedgranitespauldors.html">More</a>::20::::::::::::::::::::10::10::10::10::10::19.4::::yes::yes::yes::yes::yes::yes::yes::yes::::yes::::::::::yes::yes::::yes::::yes::::yes::yes::::::yes::yes::admin
962409136::Drake-hide Amice::<a href="http://www.gameznet.com/eq/equipment/drakehideamice.html">More</a>::6::::5::::::::::::50::50::::::::::::2.5::Malise::::::::::::::::::::::::::::yes::yes::yes::yes::yes::yes::yes::yes::yes::yes::yes::yes::yes::yes::admin
