962659656::Buckler::Shield::-1 Modifier::-::None::-::F,R,P,T,B,C,D::No protection vs. missile/piercing weapons::admin
962659683::Small Shield::Shield::-1 Modifier::-::-::-::F,R,P,C::No protection vs. missile weapons::admin
962659703::Medium Shield::Shield::-1 Modifier::-::-::-::F,R,P,C::::admin
962659728::Large Shield::Shield::-1 Modifier::-::-::-::F,R,P,C::-2 AC vs. missile weapons.::admin
962659751::Leather::Body::8::-::+2::-::F,R,P,T,B,C,D::::admin
962659770::Studded Leather::Body::7::-2::-1::-::F,R,P,T,B,C,D::::admin
962659789::Chain Mail::Body::5::-2::-::+2::F,R,P,B,C::::admin
962659813::Splint Mail::Body::4::-::-1::-2::F,R,P,B,C::::admin
962659825::Plate Mail::Body::3::-3::-::-::F,R,P,B,C::::admin
962660119::Full Plate Mail::Body::1::-4::-3::-::F,R,P,B,C::::admin
962668720::Gauntlets of Weapon Skill::Bracer::-::-::-::-::F,R,P,C,D,T,B,M::THACO +1::admin
962668882::Ring of Protection +1::Ring::-1 Modifier::-::-::-::F,R,P,C,D,T,B,M::+1 AC bonus, +1 to all saving throws::admin
962669283::Chain Mail +1::Body::4::-2::-1::+2::F,R,P,B,C::::admin
962669376::Ring of Shadows::Ring::-::-::-::-::T,R::+15% Stealth, Effect: Non-Detection::admin
962669511::Mage Robe of Cold Resistance::Body::-::-::-::-::M::+20% Cold Resistance::admin
962693287::Bracers of Defense A.C. 8::Bracer::8::-::-::-::F,P,R,C,D,B,T,M::These will only increase AC if your AC is 9 or higher::admin
962693429::Black Wolf Talisman::Necklace::-1 Modifier::-::-::-::F,P,R,C,D,B,T,M::+10 HP, +10% Cold Resistance, +1 AC Bonus::admin
962841828::Helm of the Trusted Defender::Helm::-3 Modifier::-::-::-::F,P,R,C,D::Grants immunity to fatigue. Halfling/Gnome only::admin
962850031::Badge of the Brave::Necklace::-::-::-::-::F,P,R,C,D,T,B,M::Allows user to cast Emotion Control: Courage once per day::admin
963299507::Ring of Intelligence::Ring::0::-::-::-::F,R,P,C,D,T,B,M::+1 Intelligence, -1 Constitution::admin
964720741::Studded Leather +2: Shadowed::Body::5::+15%::+15%::-::T,R::+20% Stealth::admin
964720840::Stoutward::Shield::+2 Bonus::-::-::-::F,R,P,T,C::No Missile Weapon Protection::admin
964720947::Dead Man's Face::Helm::+1 Bonus::-::-::-::F,R,P,C,D::Protects vs. Critical Hits, Immune to Cloak of Fear and Horror Spells, -2 Charisma when worn::admin
964720978::Studded Leather Armor +2::Body::5::-::-::-::F,R,P,C,D,T,B::::admin
964721279::Mantle of the Coming Storm::Mantle::+1 Bonus::-::-::-::F,R,P,C,D,T,B,M::+1 Save vs. Parylization, +30% Fire/Cold Resistance::admin
964721402::Necromancer's Robe::Body::8::-::-::-::M::+3% Magic Resistance, +3 vs. Parylize/Poison/Death Magic ::admin
964721439::Bracers of Defense A.C. 6::Bracer::6::-::-::-::F,R,P,B,C,D,T,M::::admin
