1: startcast nife
1: 0.0 dps, 4000 hp, 4000 mana
2: 0.0 dps, 4000 hp, 4000 mana
3: 0.0 dps, 4000 hp, 4000 mana
4: 0.0 dps, 4000 hp, 4000 mana
5: 0.0 dps, 4000 hp, 4000 mana
6: finished casting nife
6: 0.0 dps, 4000 hp, 3638.75 mana
7: 0.0 dps, 4000 hp, 3638.75 mana
8: 0.0 dps, 4000 hp, 3638.75 mana
9: startcast eb
9: 0.0 dps, 4000 hp, 3638.75 mana
10: 0.0 dps, 4000 hp, 3638.75 mana
11: 0.0 dps, 4000 hp, 3638.75 mana
12: nife tick
12: 19.2 dps, 4000 hp, 3647.75 mana
13: 17.7 dps, 4000 hp, 3647.75 mana
14: 16.5 dps, 4000 hp, 3647.75 mana
15: finished casting eb
15: 15.4 dps, 4000 hp, 3375.75 mana
16: 14.4 dps, 4000 hp, 3375.75 mana
17: 13.6 dps, 4000 hp, 3375.75 mana
18: nife tick
18: eb tick
18: startcast iceblast
18: 34.4 dps, 4000 hp, 3384.75 mana
19: 32.6 dps, 4000 hp, 3384.75 mana
20: 31.0 dps, 4000 hp, 3384.75 mana
21: 29.5 dps, 4000 hp, 3384.75 mana
22: 28.2 dps, 4000 hp, 3384.75 mana
23: 26.9 dps, 4000 hp, 3384.75 mana
24: nife tick
24: eb tick
24: iceblast tick
24: finished casting iceblast
24: 75.1 dps, 4000 hp, 3181.25 mana
25: 72.1 dps, 4000 hp, 3181.25 mana
26: 69.3 dps, 4000 hp, 3181.25 mana
27: startcast iceblast
27: 66.8 dps, 4000 hp, 3181.25 mana
28: 64.4 dps, 4000 hp, 3181.25 mana
29: 62.2 dps, 4000 hp, 3181.25 mana
30: nife tick
30: eb tick
30: 73.1 dps, 4000 hp, 3190.25 mana
31: 70.7 dps, 4000 hp, 3190.25 mana
32: 68.5 dps, 4000 hp, 3190.25 mana
33: iceblast tick
33: finished casting iceblast
33: 90.5 dps, 4000 hp, 2977.75 mana
34: 87.8 dps, 4000 hp, 2977.75 mana
35: 85.3 dps, 4000 hp, 2977.75 mana
36: nife tick
36: eb tick
36: startcast iceblast
36: 93.8 dps, 4000 hp, 2986.75 mana
37: 91.2 dps, 4000 hp, 2986.75 mana
38: 88.8 dps, 4000 hp, 2986.75 mana
39: 86.5 dps, 4000 hp, 2986.75 mana
40: 84.4 dps, 4000 hp, 2986.75 mana
41: 82.3 dps, 4000 hp, 2986.75 mana
42: nife tick
42: eb tick
42: iceblast tick
42: finished casting iceblast
42: 108.5 dps, 4000 hp, 2783.25 mana
43: 106.0 dps, 4000 hp, 2783.25 mana
44: 103.6 dps, 4000 hp, 2783.25 mana
45: startcast iceblast
45: 101.3 dps, 4000 hp, 2783.25 mana
46: 99.1 dps, 4000 hp, 2783.25 mana
47: 97.0 dps, 4000 hp, 2783.25 mana
48: nife tick
48: eb tick
48: 103.1 dps, 4000 hp, 2792.25 mana
49: 101.0 dps, 4000 hp, 2792.25 mana
50: 98.9 dps, 4000 hp, 2792.25 mana
51: iceblast tick
51: finished casting iceblast
51: 112.6 dps, 4000 hp, 2579.75 mana
52: 110.4 dps, 4000 hp, 2579.75 mana
53: 108.3 dps, 4000 hp, 2579.75 mana
54: nife tick
54: eb tick
54: cann5 tick
54: finished casting cann5
54: startcast cann5
54: startcast iceblast
54: 113.5 dps, 2076 hp, 3654.75 mana
55: 111.5 dps, 2076 hp, 3654.75 mana
56: 109.5 dps, 2076 hp, 3654.75 mana
57: 107.6 dps, 2076 hp, 3654.75 mana
58: 105.7 dps, 2076 hp, 3654.75 mana
59: 103.9 dps, 2076 hp, 3654.75 mana
60: nife tick
60: eb tick
60: iceblast tick
60: finished casting iceblast
60: 121.9 dps, 2095 hp, 3451.25 mana
61: 119.9 dps, 2095 hp, 3451.25 mana
62: 118.0 dps, 2095 hp, 3451.25 mana
63: startcast nife
63: 116.1 dps, 2095 hp, 3451.25 mana
64: 114.3 dps, 2095 hp, 3451.25 mana
65: 112.5 dps, 2095 hp, 3451.25 mana
66: eb tick
66: 113.2 dps, 2114 hp, 3460.25 mana
67: 111.5 dps, 2114 hp, 3460.25 mana
68: finished casting nife
68: 109.9 dps, 2114 hp, 3099 mana
69: 108.3 dps, 2114 hp, 3099 mana
70: 106.7 dps, 2114 hp, 3099 mana
71: startcast eb
71: 105.2 dps, 2114 hp, 3099 mana
72: nife tick
72: 107.0 dps, 2133 hp, 3108 mana
73: 105.5 dps, 2133 hp, 3108 mana
74: 104.1 dps, 2133 hp, 3108 mana
75: 102.7 dps, 2133 hp, 3108 mana
76: 101.4 dps, 2133 hp, 3108 mana
77: finished casting eb
77: 100.0 dps, 2133 hp, 2836 mana
78: nife tick
78: eb tick
78: 103.7 dps, 2152 hp, 2845 mana
79: 102.4 dps, 2152 hp, 2845 mana
80: startcast iceblast
80: 101.1 dps, 2152 hp, 2845 mana
81: 99.9 dps, 2152 hp, 2845 mana
82: 98.7 dps, 2152 hp, 2845 mana
83: 97.5 dps, 2152 hp, 2845 mana
84: nife tick
84: eb tick
84: 101.0 dps, 2171 hp, 2854 mana
85: 99.8 dps, 2171 hp, 2854 mana
86: iceblast tick
86: finished casting iceblast
86: 107.9 dps, 2171 hp, 2641.5 mana
87: 106.6 dps, 2171 hp, 2641.5 mana
88: 105.4 dps, 2171 hp, 2641.5 mana
89: startcast iceblast
89: 104.2 dps, 2171 hp, 2641.5 mana
90: nife tick
90: eb tick
90: 107.4 dps, 2190 hp, 2650.5 mana
91: 106.2 dps, 2190 hp, 2650.5 mana
92: 105.0 dps, 2190 hp, 2650.5 mana
93: 103.9 dps, 2190 hp, 2650.5 mana
94: 102.8 dps, 2190 hp, 2650.5 mana
95: iceblast tick
95: finished casting iceblast
95: 110.1 dps, 2190 hp, 2438 mana
96: nife tick
96: eb tick
96: 113.0 dps, 2209 hp, 2447 mana
97: 111.8 dps, 2209 hp, 2447 mana
98: startcast iceblast
98: 110.7 dps, 2209 hp, 2447 mana
99: 109.6 dps, 2209 hp, 2447 mana
100: 108.5 dps, 2209 hp, 2447 mana
101: 107.4 dps, 2209 hp, 2447 mana
102: nife tick
102: eb tick
102: 110.2 dps, 2228 hp, 2456 mana
103: 109.1 dps, 2228 hp, 2456 mana
104: iceblast tick
104: finished casting iceblast
104: 115.7 dps, 2228 hp, 2243.5 mana
105: 114.6 dps, 2228 hp, 2243.5 mana
106: 113.5 dps, 2228 hp, 2243.5 mana
107: startcast iceblast
107: 112.4 dps, 2228 hp, 2243.5 mana
108: nife tick
108: eb tick
108: 115.0 dps, 2247 hp, 2252.5 mana
109: 113.9 dps, 2247 hp, 2252.5 mana
110: 112.9 dps, 2247 hp, 2252.5 mana
111: 111.9 dps, 2247 hp, 2252.5 mana
112: 110.9 dps, 2247 hp, 2252.5 mana
113: iceblast tick
113: finished casting iceblast
113: 116.9 dps, 2247 hp, 2040 mana
114: nife tick
114: eb tick
114: 119.3 dps, 2266 hp, 2049 mana
115: 118.3 dps, 2266 hp, 2049 mana
116: startcast iceblast
116: 117.3 dps, 2266 hp, 2049 mana
117: 116.3 dps, 2266 hp, 2049 mana
118: 115.3 dps, 2266 hp, 2049 mana
119: 114.3 dps, 2266 hp, 2049 mana
120: nife tick
120: eb tick
120: 116.6 dps, 2285 hp, 2058 mana
121: 115.6 dps, 2285 hp, 2058 mana
122: iceblast tick
122: finished casting iceblast
122: 121.2 dps, 2285 hp, 1845.5 mana
123: 120.2 dps, 2285 hp, 1845.5 mana
124: 119.2 dps, 2285 hp, 1845.5 mana
125: startcast nife
125: 118.3 dps, 2285 hp, 1845.5 mana
126: eb tick
126: 118.6 dps, 2304 hp, 1854.5 mana
127: 117.7 dps, 2304 hp, 1854.5 mana
128: 116.8 dps, 2304 hp, 1854.5 mana
129: 115.9 dps, 2304 hp, 1854.5 mana
130: finished casting nife
130: 115.0 dps, 2304 hp, 1493.25 mana
131: 114.1 dps, 2304 hp, 1493.25 mana
132: nife tick
132: 115.0 dps, 2323 hp, 1502.25 mana
133: startcast eb
133: 114.1 dps, 2323 hp, 1502.25 mana
134: 113.2 dps, 2323 hp, 1502.25 mana
135: 112.4 dps, 2323 hp, 1502.25 mana
136: 111.6 dps, 2323 hp, 1502.25 mana
137: 110.8 dps, 2323 hp, 1502.25 mana
138: nife tick
138: 111.6 dps, 2342 hp, 1511.25 mana
139: finished casting eb
139: 110.8 dps, 2342 hp, 1239.25 mana
140: 110.0 dps, 2342 hp, 1239.25 mana
141: 109.3 dps, 2342 hp, 1239.25 mana
142: startcast iceblast
142: 108.5 dps, 2342 hp, 1239.25 mana
143: 107.7 dps, 2342 hp, 1239.25 mana
144: nife tick
144: eb tick
144: 109.7 dps, 2361 hp, 1248.25 mana
145: 108.9 dps, 2361 hp, 1248.25 mana
146: 108.2 dps, 2361 hp, 1248.25 mana
147: 107.4 dps, 2361 hp, 1248.25 mana
148: iceblast tick
148: finished casting iceblast
148: 112.1 dps, 2361 hp, 1035.75 mana
149: 111.3 dps, 2361 hp, 1035.75 mana
150: nife tick
150: eb tick
150: 113.2 dps, 2380 hp, 1044.75 mana
151: startcast iceblast
151: 112.4 dps, 2380 hp, 1044.75 mana
152: 111.7 dps, 2380 hp, 1044.75 mana
153: 111.0 dps, 2380 hp, 1044.75 mana
154: 110.2 dps, 2380 hp, 1044.75 mana
155: 109.5 dps, 2380 hp, 1044.75 mana
156: nife tick
156: eb tick
156: 111.3 dps, 2399 hp, 1053.75 mana
157: iceblast tick
157: finished casting iceblast
157: 115.7 dps, 2399 hp, 841.25 mana
158: 114.9 dps, 2399 hp, 841.25 mana
159: 114.2 dps, 2399 hp, 841.25 mana
160: startcast iceblast
160: 113.5 dps, 2399 hp, 841.25 mana
161: 112.8 dps, 2399 hp, 841.25 mana
162: nife tick
162: eb tick
162: 114.5 dps, 2418 hp, 850.25 mana
163: 113.8 dps, 2418 hp, 850.25 mana
164: 113.1 dps, 2418 hp, 850.25 mana
165: 112.4 dps, 2418 hp, 850.25 mana
166: iceblast tick
166: finished casting iceblast
166: 116.5 dps, 2418 hp, 637.75 mana
167: 115.8 dps, 2418 hp, 637.75 mana
168: nife tick
168: eb tick
168: 117.5 dps, 2437 hp, 646.75 mana
169: startcast cann4
169: 116.8 dps, 2437 hp, 646.75 mana
170: 116.1 dps, 2437 hp, 646.75 mana
171: 115.4 dps, 2437 hp, 646.75 mana
172: cann4 tick
172: finished casting cann4
172: 114.7 dps, 2289 hp, 728.75 mana
173: 114.1 dps, 2289 hp, 728.75 mana
174: nife tick
174: eb tick
174: startcast iceblast
174: 115.6 dps, 2308 hp, 737.75 mana
175: 115.0 dps, 2308 hp, 737.75 mana
176: 114.3 dps, 2308 hp, 737.75 mana
177: 113.7 dps, 2308 hp, 737.75 mana
178: 113.0 dps, 2308 hp, 737.75 mana
179: 112.4 dps, 2308 hp, 737.75 mana
180: nife tick
180: eb tick
180: iceblast tick
180: finished casting iceblast
180: 118.4 dps, 2327 hp, 534.25 mana
181: 117.7 dps, 2327 hp, 534.25 mana
182: 117.1 dps, 2327 hp, 534.25 mana
183: startcast nife
183: 116.4 dps, 2327 hp, 534.25 mana
184: 115.8 dps, 2327 hp, 534.25 mana
185: 115.2 dps, 2327 hp, 534.25 mana
186: eb tick
186: 115.4 dps, 2346 hp, 543.25 mana
187: 114.8 dps, 2346 hp, 543.25 mana
188: finished casting nife
188: 114.2 dps, 2346 hp, 182 mana
189: 113.6 dps, 2346 hp, 182 mana
190: 113.0 dps, 2346 hp, 182 mana
191: startcast cann4
191: 112.4 dps, 2346 hp, 182 mana
192: nife tick
192: eb tick
192: 113.8 dps, 2365 hp, 191 mana
193: 113.2 dps, 2365 hp, 191 mana
194: cann4 tick
194: finished casting cann4
194: 112.6 dps, 2217 hp, 273 mana
195: 112.1 dps, 2217 hp, 273 mana
196: startcast cann4
196: 111.5 dps, 2217 hp, 273 mana
197: 110.9 dps, 2217 hp, 273 mana
198: nife tick
198: 111.5 dps, 2236 hp, 282 mana
199: cann4 tick
199: finished casting cann4
199: 111.0 dps, 2088 hp, 364 mana
200: 110.4 dps, 2088 hp, 364 mana
201: startcast eb
201: 109.9 dps, 2088 hp, 364 mana
202: 109.3 dps, 2088 hp, 364 mana
203: 108.8 dps, 2088 hp, 364 mana
204: nife tick
204: 109.4 dps, 2107 hp, 373 mana
205: 108.9 dps, 2107 hp, 373 mana
206: 108.3 dps, 2107 hp, 373 mana
207: finished casting eb
207: 107.8 dps, 2107 hp, 101 mana
208: 107.3 dps, 2107 hp, 101 mana
209: 106.8 dps, 2107 hp, 101 mana
210: nife tick
210: eb tick
210: startcast cann4
210: 108.1 dps, 2126 hp, 110 mana
211: 107.6 dps, 2126 hp, 110 mana
212: 107.1 dps, 2126 hp, 110 mana
213: cann4 tick
213: finished casting cann4
213: 106.6 dps, 1978 hp, 192 mana
214: 106.1 dps, 1978 hp, 192 mana
215: startcast cann4
215: 105.6 dps, 1978 hp, 192 mana
216: nife tick
216: eb tick
216: 106.9 dps, 1997 hp, 201 mana
217: 106.4 dps, 1997 hp, 201 mana
218: cann4 tick
218: finished casting cann4
218: 105.9 dps, 1849 hp, 283 mana
219: 105.4 dps, 1849 hp, 283 mana
220: startcast torpor
220: 105.0 dps, 1849 hp, 283 mana
221: 104.5 dps, 1849 hp, 283 mana
222: nife tick
222: eb tick
222: 105.8 dps, 1868 hp, 292 mana
223: 105.3 dps, 1868 hp, 292 mana
224: finished casting torpor
224: 104.8 dps, 1868 hp, 122 mana
225: 104.4 dps, 1868 hp, 122 mana
226: 103.9 dps, 1868 hp, 122 mana
227: startcast cann4
227: 103.4 dps, 1868 hp, 122 mana
228: torpor tick
228: nife tick
228: eb tick
228: 104.7 dps, 2187 hp, 131 mana
229: 104.2 dps, 2187 hp, 131 mana
230: cann4 tick
230: finished casting cann4
230: 103.8 dps, 2039 hp, 213 mana
231: 103.3 dps, 2039 hp, 213 mana
232: startcast cann4
232: 102.9 dps, 2039 hp, 213 mana
233: 102.4 dps, 2039 hp, 213 mana
234: torpor tick
234: nife tick
234: eb tick
234: 103.7 dps, 2358 hp, 222 mana
235: cann4 tick
235: finished casting cann4
235: 103.2 dps, 2210 hp, 304 mana
236: 102.8 dps, 2210 hp, 304 mana
237: cann5 tick
237: finished casting cann5
237: startcast cann5
237: startcast iceblast
237: 102.4 dps, 286 hp, 1370 mana
238: 101.9 dps, 286 hp, 1370 mana
239: 101.5 dps, 286 hp, 1370 mana
240: torpor tick
240: nife tick
240: eb tick
240: 102.7 dps, 605 hp, 1379 mana
241: 102.3 dps, 605 hp, 1379 mana
242: 101.9 dps, 605 hp, 1379 mana
243: iceblast tick
243: finished casting iceblast
243: 104.7 dps, 605 hp, 1166.5 mana
244: 104.3 dps, 605 hp, 1166.5 mana
245: 103.8 dps, 605 hp, 1166.5 mana
246: torpor tick
246: eb tick
246: startcast nife
246: 104.1 dps, 924 hp, 1175.5 mana
247: 103.6 dps, 924 hp, 1175.5 mana
248: 103.2 dps, 924 hp, 1175.5 mana
249: 102.8 dps, 924 hp, 1175.5 mana
250: 102.4 dps, 924 hp, 1175.5 mana
251: finished casting nife
251: 102.0 dps, 924 hp, 814.25 mana
252: torpor tick
252: nife tick
252: eb tick
252: 103.1 dps, 1243 hp, 823.25 mana
253: 102.7 dps, 1243 hp, 823.25 mana
254: startcast iceblast
254: 102.3 dps, 1243 hp, 823.25 mana
255: 101.9 dps, 1243 hp, 823.25 mana
256: 101.5 dps, 1243 hp, 823.25 mana
257: 101.1 dps, 1243 hp, 823.25 mana
258: torpor tick
258: nife tick
258: eb tick
258: 102.2 dps, 1562 hp, 832.25 mana
259: 101.8 dps, 1562 hp, 832.25 mana
260: iceblast tick
260: finished casting iceblast
260: 104.5 dps, 1562 hp, 619.75 mana
261: 104.1 dps, 1562 hp, 619.75 mana
262: 103.7 dps, 1562 hp, 619.75 mana
263: startcast torpor
263: 103.3 dps, 1562 hp, 619.75 mana
264: nife tick
264: 103.8 dps, 1581 hp, 628.75 mana
265: 103.4 dps, 1581 hp, 628.75 mana
266: 103.0 dps, 1581 hp, 628.75 mana
267: finished casting torpor
267: 102.6 dps, 1581 hp, 458.75 mana
268: 102.3 dps, 1581 hp, 458.75 mana
269: 101.9 dps, 1581 hp, 458.75 mana
270: torpor tick
270: nife tick
270: startcast eb
270: 102.3 dps, 1900 hp, 467.75 mana
271: 102.0 dps, 1900 hp, 467.75 mana
272: 101.6 dps, 1900 hp, 467.75 mana
273: 101.2 dps, 1900 hp, 467.75 mana
274: 100.9 dps, 1900 hp, 467.75 mana
275: 100.5 dps, 1900 hp, 467.75 mana
276: torpor tick
276: nife tick
276: finished casting eb
276: 101.0 dps, 2219 hp, 204.75 mana
277: 100.6 dps, 2219 hp, 204.75 mana
278: 100.2 dps, 2219 hp, 204.75 mana
279: startcast cann4
279: 99.9 dps, 2219 hp, 204.75 mana
280: 99.5 dps, 2219 hp, 204.75 mana
281: 99.2 dps, 2219 hp, 204.75 mana
282: torpor tick
282: nife tick
282: eb tick
282: cann4 tick
282: finished casting cann4
282: 100.2 dps, 2390 hp, 295.75 mana
283: 99.8 dps, 2390 hp, 295.75 mana
284: startcast cann4
284: 99.5 dps, 2390 hp, 295.75 mana
285: 99.1 dps, 2390 hp, 295.75 mana
286: 98.8 dps, 2390 hp, 295.75 mana
287: cann4 tick
287: finished casting cann4
287: 98.4 dps, 2242 hp, 377.75 mana
288: torpor tick
288: nife tick
288: eb tick
288: 99.5 dps, 2561 hp, 386.75 mana
289: startcast cann4
289: 99.1 dps, 2561 hp, 386.75 mana
290: 98.8 dps, 2561 hp, 386.75 mana
291: 98.4 dps, 2561 hp, 386.75 mana
292: cann4 tick
292: finished casting cann4
292: 98.1 dps, 2413 hp, 468.75 mana
293: 97.8 dps, 2413 hp, 468.75 mana
294: torpor tick
294: nife tick
294: eb tick
294: startcast cann4
294: 98.7 dps, 2732 hp, 477.75 mana
295: 98.4 dps, 2732 hp, 477.75 mana
296: 98.1 dps, 2732 hp, 477.75 mana
297: cann4 tick
297: finished casting cann4
297: 97.7 dps, 2584 hp, 559.75 mana
298: 97.4 dps, 2584 hp, 559.75 mana
299: startcast cann4
299: 97.1 dps, 2584 hp, 559.75 mana
300: torpor tick
300: nife tick
300: eb tick
300: 98.1 dps, 2903 hp, 568.75 mana
301: 97.7 dps, 2903 hp, 568.75 mana
302: cann4 tick
302: finished casting cann4
302: 97.4 dps, 2755 hp, 650.75 mana
303: 97.1 dps, 2755 hp, 650.75 mana
304: startcast nife
304: 96.8 dps, 2755 hp, 650.75 mana
305: 96.5 dps, 2755 hp, 650.75 mana
306: eb tick
306: 96.7 dps, 2774 hp, 659.75 mana
307: 96.3 dps, 2774 hp, 659.75 mana
308: 96.0 dps, 2774 hp, 659.75 mana
309: finished casting nife
309: 95.7 dps, 2774 hp, 298.5 mana
310: 95.4 dps, 2774 hp, 298.5 mana
311: 95.1 dps, 2774 hp, 298.5 mana
312: nife tick
312: eb tick
312: startcast cann4
312: 96.1 dps, 2793 hp, 307.5 mana
313: 95.7 dps, 2793 hp, 307.5 mana
314: 95.4 dps, 2793 hp, 307.5 mana
315: cann4 tick
315: finished casting cann4
315: 95.1 dps, 2645 hp, 389.5 mana
316: 94.8 dps, 2645 hp, 389.5 mana
317: startcast cann4
317: 94.5 dps, 2645 hp, 389.5 mana
318: nife tick
318: eb tick
318: 95.5 dps, 2664 hp, 398.5 mana
319: 95.2 dps, 2664 hp, 398.5 mana
320: cann4 tick
320: finished casting cann4
320: 94.9 dps, 2516 hp, 480.5 mana
321: 94.6 dps, 2516 hp, 480.5 mana
322: startcast cann4
322: 94.3 dps, 2516 hp, 480.5 mana
323: 94.0 dps, 2516 hp, 480.5 mana
324: nife tick
324: eb tick
324: 94.9 dps, 2535 hp, 489.5 mana
325: cann4 tick
325: finished casting cann4
325: 94.6 dps, 2387 hp, 571.5 mana
326: 94.3 dps, 2387 hp, 571.5 mana
327: startcast cann4
327: 94.0 dps, 2387 hp, 571.5 mana
328: 93.7 dps, 2387 hp, 571.5 mana
329: 93.5 dps, 2387 hp, 571.5 mana
330: nife tick
330: eb tick
330: cann4 tick
330: finished casting cann4
330: 94.3 dps, 2258 hp, 662.5 mana
331: 94.1 dps, 2258 hp, 662.5 mana
332: startcast eb
332: 93.8 dps, 2258 hp, 662.5 mana
333: 93.5 dps, 2258 hp, 662.5 mana
334: 93.2 dps, 2258 hp, 662.5 mana
335: 92.9 dps, 2258 hp, 662.5 mana
336: nife tick
336: 93.3 dps, 2277 hp, 671.5 mana
337: 93.1 dps, 2277 hp, 671.5 mana
338: finished casting eb
338: 92.8 dps, 2277 hp, 399.5 mana
339: 92.5 dps, 2277 hp, 399.5 mana
340: 92.2 dps, 2277 hp, 399.5 mana
341: startcast cann4
341: 92.0 dps, 2277 hp, 399.5 mana
342: nife tick
342: eb tick
342: 92.8 dps, 2296 hp, 408.5 mana
343: 92.6 dps, 2296 hp, 408.5 mana
344: cann4 tick
344: finished casting cann4
344: 92.3 dps, 2148 hp, 490.5 mana
345: 92.0 dps, 2148 hp, 490.5 mana
346: startcast cann4
346: 91.8 dps, 2148 hp, 490.5 mana
347: 91.5 dps, 2148 hp, 490.5 mana
348: nife tick
348: eb tick
348: 92.4 dps, 2167 hp, 499.5 mana
349: cann4 tick
349: finished casting cann4
349: 92.1 dps, 2019 hp, 581.5 mana
350: 91.8 dps, 2019 hp, 581.5 mana
351: startcast cann4
351: 91.6 dps, 2019 hp, 581.5 mana
352: 91.3 dps, 2019 hp, 581.5 mana
353: 91.1 dps, 2019 hp, 581.5 mana
354: nife tick
354: eb tick
354: cann4 tick
354: finished casting cann4
354: 91.9 dps, 1890 hp, 672.5 mana
355: 91.6 dps, 1890 hp, 672.5 mana
356: startcast torpor
356: 91.4 dps, 1890 hp, 672.5 mana
357: 91.1 dps, 1890 hp, 672.5 mana
358: 90.9 dps, 1890 hp, 672.5 mana
359: 90.6 dps, 1890 hp, 672.5 mana
360: nife tick
360: eb tick
360: finished casting torpor
360: 91.4 dps, 1909 hp, 511.5 mana
361: 91.2 dps, 1909 hp, 511.5 mana
362: 90.9 dps, 1909 hp, 511.5 mana
363: startcast nife
363: 90.7 dps, 1909 hp, 511.5 mana
364: 90.4 dps, 1909 hp, 511.5 mana
365: 90.2 dps, 1909 hp, 511.5 mana
366: torpor tick
366: eb tick
366: 90.4 dps, 2228 hp, 520.5 mana
367: 90.1 dps, 2228 hp, 520.5 mana
368: finished casting nife
368: 89.9 dps, 2228 hp, 159.25 mana
369: 89.6 dps, 2228 hp, 159.25 mana
370: 89.4 dps, 2228 hp, 159.25 mana
371: startcast cann4
371: 89.2 dps, 2228 hp, 159.25 mana
372: torpor tick
372: nife tick
372: eb tick
372: 90.0 dps, 2547 hp, 168.25 mana
373: 89.7 dps, 2547 hp, 168.25 mana
374: cann4 tick
374: finished casting cann4
374: 89.5 dps, 2399 hp, 250.25 mana
375: 89.2 dps, 2399 hp, 250.25 mana
376: startcast cann4
376: 89.0 dps, 2399 hp, 250.25 mana
377: 88.8 dps, 2399 hp, 250.25 mana
378: torpor tick
378: nife tick
378: eb tick
378: 89.6 dps, 2718 hp, 259.25 mana
379: cann4 tick
379: finished casting cann4
379: 89.3 dps, 2570 hp, 341.25 mana
380: 89.1 dps, 2570 hp, 341.25 mana
381: startcast cann4
381: 88.9 dps, 2570 hp, 341.25 mana
382: 88.6 dps, 2570 hp, 341.25 mana
383: 88.4 dps, 2570 hp, 341.25 mana
384: torpor tick
384: nife tick
384: eb tick
384: cann4 tick
384: finished casting cann4
384: 89.2 dps, 2741 hp, 432.25 mana
385: 88.9 dps, 2741 hp, 432.25 mana
386: startcast cann4
386: 88.7 dps, 2741 hp, 432.25 mana
387: 88.5 dps, 2741 hp, 432.25 mana
388: 88.3 dps, 2741 hp, 432.25 mana
389: cann4 tick
389: finished casting cann4
389: 88.0 dps, 2593 hp, 514.25 mana
390: torpor tick
390: nife tick
390: eb tick
390: 88.8 dps, 2912 hp, 523.25 mana
391: startcast eb
391: 88.6 dps, 2912 hp, 523.25 mana
392: 88.4 dps, 2912 hp, 523.25 mana
393: 88.1 dps, 2912 hp, 523.25 mana
394: 87.9 dps, 2912 hp, 523.25 mana
395: 87.7 dps, 2912 hp, 523.25 mana
396: torpor tick
396: nife tick
396: 88.0 dps, 3231 hp, 532.25 mana
397: finished casting eb
397: 87.8 dps, 3231 hp, 260.25 mana
398: 87.6 dps, 3231 hp, 260.25 mana
399: 87.4 dps, 3231 hp, 260.25 mana
400: startcast cann4
400: 87.2 dps, 3231 hp, 260.25 mana
401: 86.9 dps, 3231 hp, 260.25 mana
402: nife tick
402: eb tick
402: 87.7 dps, 3250 hp, 269.25 mana
403: cann4 tick
403: finished casting cann4
403: 87.5 dps, 3102 hp, 351.25 mana
404: 87.3 dps, 3102 hp, 351.25 mana
405: startcast cann4
405: 87.0 dps, 3102 hp, 351.25 mana
406: 86.8 dps, 3102 hp, 351.25 mana
407: 86.6 dps, 3102 hp, 351.25 mana
408: nife tick
408: eb tick
408: cann4 tick
408: finished casting cann4
408: 87.4 dps, 2973 hp, 442.25 mana
409: 87.1 dps, 2973 hp, 442.25 mana
410: startcast cann4
410: 86.9 dps, 2973 hp, 442.25 mana
411: 86.7 dps, 2973 hp, 442.25 mana
412: 86.5 dps, 2973 hp, 442.25 mana
413: cann4 tick
413: finished casting cann4
413: 86.3 dps, 2825 hp, 524.25 mana
414: nife tick
414: eb tick
414: 87.0 dps, 2844 hp, 533.25 mana
415: startcast cann4
415: 86.8 dps, 2844 hp, 533.25 mana
416: 86.6 dps, 2844 hp, 533.25 mana
417: 86.4 dps, 2844 hp, 533.25 mana
418: cann4 tick
418: finished casting cann4
418: 86.2 dps, 2696 hp, 615.25 mana
419: 86.0 dps, 2696 hp, 615.25 mana
420: nife tick
420: eb tick
420: cann5 tick
420: finished casting cann5
420: startcast cann5
420: startcast iceblast
420: 86.7 dps, 791 hp, 1690.25 mana
421: 86.5 dps, 791 hp, 1690.25 mana
422: 86.3 dps, 791 hp, 1690.25 mana
423: 86.1 dps, 791 hp, 1690.25 mana
424: 85.9 dps, 791 hp, 1690.25 mana
425: 85.7 dps, 791 hp, 1690.25 mana
426: eb tick
426: iceblast tick
426: finished casting iceblast
426: 87.7 dps, 810 hp, 1486.75 mana
427: 87.5 dps, 810 hp, 1486.75 mana
428: 87.3 dps, 810 hp, 1486.75 mana
429: startcast torpor
429: 87.1 dps, 810 hp, 1486.75 mana
430: 86.9 dps, 810 hp, 1486.75 mana
431: 86.7 dps, 810 hp, 1486.75 mana
432: eb tick
432: 86.9 dps, 829 hp, 1495.75 mana
433: finished casting torpor
433: 86.7 dps, 829 hp, 1325.75 mana
434: 86.5 dps, 829 hp, 1325.75 mana
435: 86.3 dps, 829 hp, 1325.75 mana
436: startcast nife
436: 86.1 dps, 829 hp, 1325.75 mana
437: 85.9 dps, 829 hp, 1325.75 mana
438: torpor tick
438: eb tick
438: 86.0 dps, 1148 hp, 1334.75 mana
439: 85.9 dps, 1148 hp, 1334.75 mana
440: 85.7 dps, 1148 hp, 1334.75 mana
441: finished casting nife
441: 85.5 dps, 1148 hp, 973.5 mana
442: 85.3 dps, 1148 hp, 973.5 mana
443: 85.1 dps, 1148 hp, 973.5 mana
444: torpor tick
444: nife tick
444: eb tick
444: startcast iceblast
444: 85.8 dps, 1467 hp, 982.5 mana
445: 85.6 dps, 1467 hp, 982.5 mana
446: 85.4 dps, 1467 hp, 982.5 mana
447: 85.2 dps, 1467 hp, 982.5 mana
448: 85.0 dps, 1467 hp, 982.5 mana
449: 84.8 dps, 1467 hp, 982.5 mana
450: torpor tick
450: nife tick
450: eb tick
450: iceblast tick
450: finished casting iceblast
450: 87.2 dps, 1786 hp, 779 mana
451: 87.1 dps, 1786 hp, 779 mana
452: 86.9 dps, 1786 hp, 779 mana
453: startcast eb
453: 86.7 dps, 1786 hp, 779 mana
454: 86.5 dps, 1786 hp, 779 mana
455: 86.3 dps, 1786 hp, 779 mana
456: torpor tick
456: nife tick
456: 86.6 dps, 2105 hp, 788 mana
457: 86.4 dps, 2105 hp, 788 mana
458: 86.2 dps, 2105 hp, 788 mana
459: finished casting eb
459: 86.0 dps, 2105 hp, 516 mana
460: 85.9 dps, 2105 hp, 516 mana
461: 85.7 dps, 2105 hp, 516 mana
462: torpor tick
462: nife tick
462: eb tick
462: startcast cann4
462: 86.3 dps, 2424 hp, 525 mana
463: 86.1 dps, 2424 hp, 525 mana
464: 86.0 dps, 2424 hp, 525 mana
465: cann4 tick
465: finished casting cann4
465: 85.8 dps, 2276 hp, 607 mana
466: 85.6 dps, 2276 hp, 607 mana
467: startcast cann4
467: 85.4 dps, 2276 hp, 607 mana
468: torpor tick
468: nife tick
468: eb tick
468: 86.0 dps, 2595 hp, 616 mana
469: 85.9 dps, 2595 hp, 616 mana
470: cann4 tick
470: finished casting cann4
470: 85.7 dps, 2447 hp, 698 mana
471: 85.5 dps, 2447 hp, 698 mana
472: startcast cann4
472: 85.3 dps, 2447 hp, 698 mana
473: 85.1 dps, 2447 hp, 698 mana
474: nife tick
474: eb tick
474: 85.8 dps, 2466 hp, 707 mana
475: cann4 tick
475: finished casting cann4
475: 85.6 dps, 2318 hp, 789 mana
476: 85.4 dps, 2318 hp, 789 mana
477: startcast iceblast
477: 85.2 dps, 2318 hp, 789 mana
478: 85.1 dps, 2318 hp, 789 mana
479: 84.9 dps, 2318 hp, 789 mana
480: nife tick
480: eb tick
480: 85.5 dps, 2337 hp, 798 mana
481: 85.3 dps, 2337 hp, 798 mana
482: 85.2 dps, 2337 hp, 798 mana
483: iceblast tick
483: finished casting iceblast
483: 86.6 dps, 2337 hp, 585.5 mana
484: 86.5 dps, 2337 hp, 585.5 mana
485: 86.3 dps, 2337 hp, 585.5 mana
486: nife tick
486: eb tick
486: startcast cann4
486: 86.9 dps, 2356 hp, 594.5 mana
487: 86.7 dps, 2356 hp, 594.5 mana
488: 86.5 dps, 2356 hp, 594.5 mana
489: cann4 tick
489: finished casting cann4
489: 86.4 dps, 2208 hp, 676.5 mana
490: 86.2 dps, 2208 hp, 676.5 mana
491: startcast cann4
491: 86.0 dps, 2208 hp, 676.5 mana
492: nife tick
492: eb tick
492: 86.6 dps, 2227 hp, 685.5 mana
493: 86.5 dps, 2227 hp, 685.5 mana
494: cann4 tick
494: finished casting cann4
494: 86.3 dps, 2079 hp, 767.5 mana
495: 86.1 dps, 2079 hp, 767.5 mana
496: startcast nife
496: 85.9 dps, 2079 hp, 767.5 mana
497: 85.8 dps, 2079 hp, 767.5 mana
498: eb tick
498: 85.9 dps, 2098 hp, 776.5 mana
499: 85.7 dps, 2098 hp, 776.5 mana
500: 85.6 dps, 2098 hp, 776.5 mana
501: finished casting nife
501: 85.4 dps, 2098 hp, 415.25 mana
502: 85.2 dps, 2098 hp, 415.25 mana
503: 85.0 dps, 2098 hp, 415.25 mana
504: nife tick
504: eb tick
504: startcast cann4
504: 85.6 dps, 2117 hp, 424.25 mana
505: 85.5 dps, 2117 hp, 424.25 mana
506: 85.3 dps, 2117 hp, 424.25 mana
507: cann4 tick
507: finished casting cann4
507: 85.1 dps, 1969 hp, 506.25 mana
508: 85.0 dps, 1969 hp, 506.25 mana
509: startcast torpor
509: 84.8 dps, 1969 hp, 506.25 mana
510: nife tick
510: eb tick
510: 85.4 dps, 1988 hp, 515.25 mana
511: 85.2 dps, 1988 hp, 515.25 mana
512: 85.1 dps, 1988 hp, 515.25 mana
513: finished casting torpor
513: 84.9 dps, 1988 hp, 345.25 mana
514: 84.7 dps, 1988 hp, 345.25 mana
515: 84.6 dps, 1988 hp, 345.25 mana
516: torpor tick
516: nife tick
516: startcast eb
516: 84.9 dps, 2307 hp, 354.25 mana
517: 84.7 dps, 2307 hp, 354.25 mana
518: 84.5 dps, 2307 hp, 354.25 mana
519: 84.4 dps, 2307 hp, 354.25 mana
520: 84.2 dps, 2307 hp, 354.25 mana
521: 84.0 dps, 2307 hp, 354.25 mana
522: torpor tick
522: nife tick
522: finished casting eb
522: 84.3 dps, 2626 hp, 91.25 mana
523: 84.2 dps, 2626 hp, 91.25 mana
524: 84.0 dps, 2626 hp, 91.25 mana
525: startcast cann4
525: 83.8 dps, 2626 hp, 91.25 mana
526: 83.7 dps, 2626 hp, 91.25 mana
527: 83.5 dps, 2626 hp, 91.25 mana
528: torpor tick
528: nife tick
528: eb tick
528: cann4 tick
528: finished casting cann4
528: 84.1 dps, 2797 hp, 182.25 mana
529: 83.9 dps, 2797 hp, 182.25 mana
530: startcast cann4
530: 83.8 dps, 2797 hp, 182.25 mana
531: 83.6 dps, 2797 hp, 182.25 mana
532: 83.5 dps, 2797 hp, 182.25 mana
533: cann4 tick
533: finished casting cann4
533: 83.3 dps, 2649 hp, 264.25 mana
534: torpor tick
534: nife tick
534: eb tick
534: 83.9 dps, 2968 hp, 273.25 mana
535: startcast cann4
535: 83.7 dps, 2968 hp, 273.25 mana
536: 83.6 dps, 2968 hp, 273.25 mana
537: 83.4 dps, 2968 hp, 273.25 mana
538: cann4 tick
538: finished casting cann4
538: 83.3 dps, 2820 hp, 355.25 mana
539: 83.1 dps, 2820 hp, 355.25 mana
540: torpor tick
540: nife tick
540: eb tick
540: startcast cann4
540: 83.7 dps, 3139 hp, 364.25 mana
541: 83.5 dps, 3139 hp, 364.25 mana
542: 83.4 dps, 3139 hp, 364.25 mana
543: cann4 tick
543: finished casting cann4
543: 83.2 dps, 2991 hp, 446.25 mana
544: 83.1 dps, 2991 hp, 446.25 mana
545: startcast cann4
545: 82.9 dps, 2991 hp, 446.25 mana
546: torpor tick
546: nife tick
546: eb tick
546: 83.5 dps, 3310 hp, 455.25 mana
547: 83.3 dps, 3310 hp, 455.25 mana
548: cann4 tick
548: finished casting cann4
548: 83.2 dps, 3162 hp, 537.25 mana
549: 83.0 dps, 3162 hp, 537.25 mana
550: startcast cann4
550: 82.9 dps, 3162 hp, 537.25 mana
551: 82.7 dps, 3162 hp, 537.25 mana
552: nife tick
552: eb tick
552: 83.3 dps, 3181 hp, 546.25 mana
553: cann4 tick
553: finished casting cann4
553: 83.1 dps, 3033 hp, 628.25 mana
554: 83.0 dps, 3033 hp, 628.25 mana
555: startcast nife
555: 82.8 dps, 3033 hp, 628.25 mana
556: 82.7 dps, 3033 hp, 628.25 mana
557: 82.5 dps, 3033 hp, 628.25 mana
558: eb tick
558: 82.7 dps, 3052 hp, 637.25 mana
559: 82.5 dps, 3052 hp, 637.25 mana
560: finished casting nife
560: 82.4 dps, 3052 hp, 276 mana
561: 82.2 dps, 3052 hp, 276 mana
562: 82.1 dps, 3052 hp, 276 mana
563: startcast cann4
563: 81.9 dps, 3052 hp, 276 mana
564: nife tick
564: eb tick
564: 82.5 dps, 3071 hp, 285 mana
565: 82.3 dps, 3071 hp, 285 mana
566: cann4 tick
566: finished casting cann4
566: 82.2 dps, 2923 hp, 367 mana
567: 82.0 dps, 2923 hp, 367 mana
568: startcast cann4
568: 81.9 dps, 2923 hp, 367 mana
569: 81.7 dps, 2923 hp, 367 mana
570: nife tick
570: eb tick
570: 82.3 dps, 2942 hp, 376 mana
571: cann4 tick
571: finished casting cann4
571: 82.1 dps, 2794 hp, 458 mana
572: 82.0 dps, 2794 hp, 458 mana
573: startcast cann4
573: 81.8 dps, 2794 hp, 458 mana
574: 81.7 dps, 2794 hp, 458 mana
575: 81.6 dps, 2794 hp, 458 mana
576: nife tick
576: eb tick
576: cann4 tick
576: finished casting cann4
576: 82.1 dps, 2665 hp, 549 mana
577: 82.0 dps, 2665 hp, 549 mana
578: startcast eb
578: 81.8 dps, 2665 hp, 549 mana
579: 81.7 dps, 2665 hp, 549 mana
580: 81.5 dps, 2665 hp, 549 mana
581: 81.4 dps, 2665 hp, 549 mana
582: nife tick
582: 81.6 dps, 2684 hp, 558 mana
583: 81.5 dps, 2684 hp, 558 mana
584: finished casting eb
584: 81.4 dps, 2684 hp, 286 mana
585: 81.2 dps, 2684 hp, 286 mana
586: 81.1 dps, 2684 hp, 286 mana
587: startcast cann4
587: 81.0 dps, 2684 hp, 286 mana
588: nife tick
588: eb tick
588: 81.5 dps, 2703 hp, 295 mana
589: 81.3 dps, 2703 hp, 295 mana
590: cann4 tick
590: finished casting cann4
590: 81.2 dps, 2555 hp, 377 mana
591: 81.1 dps, 2555 hp, 377 mana
592: startcast cann4
592: 80.9 dps, 2555 hp, 377 mana
593: 80.8 dps, 2555 hp, 377 mana
594: nife tick
594: eb tick
594: 81.3 dps, 2574 hp, 386 mana
595: cann4 tick
595: finished casting cann4
595: 81.2 dps, 2426 hp, 468 mana
596: 81.0 dps, 2426 hp, 468 mana
597: startcast cann4
597: 80.9 dps, 2426 hp, 468 mana
598: 80.8 dps, 2426 hp, 468 mana
599: 80.6 dps, 2426 hp, 468 mana
600: nife tick
600: eb tick
600: cann4 tick
600: finished casting cann4
600: 81.1 dps, 2297 hp, 559 mana
601: 81.0 dps, 2297 hp, 559 mana
602: cann5 tick
602: finished casting cann5
602: startcast cann5
602: startcast iceblast
602: 80.9 dps, 373 hp, 1625 mana
603: 80.7 dps, 373 hp, 1625 mana
604: 80.6 dps, 373 hp, 1625 mana
605: 80.5 dps, 373 hp, 1625 mana
606: nife tick
606: eb tick
606: 81.0 dps, 392 hp, 1634 mana
607: 80.8 dps, 392 hp, 1634 mana
608: iceblast tick
608: finished casting iceblast
608: 82.0 dps, 392 hp, 1421.5 mana
609: 81.9 dps, 392 hp, 1421.5 mana
610: 81.8 dps, 392 hp, 1421.5 mana
611: startcast torpor
611: 81.6 dps, 392 hp, 1421.5 mana
612: nife tick
612: eb tick
612: 82.1 dps, 411 hp, 1430.5 mana
613: 82.0 dps, 411 hp, 1430.5 mana
614: 81.9 dps, 411 hp, 1430.5 mana
615: finished casting torpor
615: 81.7 dps, 411 hp, 1260.5 mana
616: 81.6 dps, 411 hp, 1260.5 mana
617: 81.5 dps, 411 hp, 1260.5 mana
618: torpor tick
618: eb tick
618: startcast nife
618: 81.6 dps, 730 hp, 1269.5 mana
619: 81.4 dps, 730 hp, 1269.5 mana
620: 81.3 dps, 730 hp, 1269.5 mana
621: 81.2 dps, 730 hp, 1269.5 mana
622: 81.1 dps, 730 hp, 1269.5 mana
623: finished casting nife
623: 80.9 dps, 730 hp, 908.25 mana
624: torpor tick
624: nife tick
624: eb tick
624: 81.4 dps, 1049 hp, 917.25 mana
625: 81.3 dps, 1049 hp, 917.25 mana
626: startcast iceblast
626: 81.2 dps, 1049 hp, 917.25 mana
627: 81.0 dps, 1049 hp, 917.25 mana
628: 80.9 dps, 1049 hp, 917.25 mana
629: 80.8 dps, 1049 hp, 917.25 mana
630: torpor tick
630: nife tick
630: eb tick
630: 81.3 dps, 1368 hp, 926.25 mana
631: 81.1 dps, 1368 hp, 926.25 mana
632: iceblast tick
632: finished casting iceblast
632: 82.3 dps, 1368 hp, 713.75 mana
633: 82.1 dps, 1368 hp, 713.75 mana
634: 82.0 dps, 1368 hp, 713.75 mana
635: startcast iceblast
635: 81.9 dps, 1368 hp, 713.75 mana
636: torpor tick
636: nife tick
636: eb tick
636: 82.4 dps, 1687 hp, 722.75 mana
637: 82.2 dps, 1687 hp, 722.75 mana
638: 82.1 dps, 1687 hp, 722.75 mana
639: 82.0 dps, 1687 hp, 722.75 mana
640: 81.8 dps, 1687 hp, 722.75 mana
641: iceblast tick
641: finished casting iceblast
641: 82.9 dps, 1687 hp, 510.25 mana
642: torpor tick
642: nife tick
642: 83.2 dps, 2006 hp, 519.25 mana
643: 83.0 dps, 2006 hp, 519.25 mana
644: startcast eb
644: 82.9 dps, 2006 hp, 519.25 mana
645: 82.8 dps, 2006 hp, 519.25 mana
646: 82.7 dps, 2006 hp, 519.25 mana
647: 82.5 dps, 2006 hp, 519.25 mana
648: torpor tick
648: nife tick
648: 82.8 dps, 2325 hp, 528.25 mana
649: 82.6 dps, 2325 hp, 528.25 mana
650: finished casting eb
650: 82.5 dps, 2325 hp, 256.25 mana
651: 82.4 dps, 2325 hp, 256.25 mana
652: 82.3 dps, 2325 hp, 256.25 mana
653: startcast cann4
653: 82.1 dps, 2325 hp, 256.25 mana
654: nife tick
654: eb tick
654: 82.6 dps, 2344 hp, 265.25 mana
655: 82.5 dps, 2344 hp, 265.25 mana
656: cann4 tick
656: finished casting cann4
656: 82.3 dps, 2196 hp, 347.25 mana
657: 82.2 dps, 2196 hp, 347.25 mana
658: startcast cann4
658: 82.1 dps, 2196 hp, 347.25 mana
659: 82.0 dps, 2196 hp, 347.25 mana
660: nife tick
660: eb tick
660: 82.4 dps, 2215 hp, 356.25 mana
661: cann4 tick
661: finished casting cann4
661: 82.3 dps, 2067 hp, 438.25 mana
662: 82.2 dps, 2067 hp, 438.25 mana
663: startcast cann4
663: 82.1 dps, 2067 hp, 438.25 mana
664: 81.9 dps, 2067 hp, 438.25 mana
665: 81.8 dps, 2067 hp, 438.25 mana
666: nife tick
666: eb tick
666: cann4 tick
666: finished casting cann4
666: 82.3 dps, 1938 hp, 529.25 mana
667: 82.2 dps, 1938 hp, 529.25 mana
668: startcast torpor
668: 82.0 dps, 1938 hp, 529.25 mana
669: 81.9 dps, 1938 hp, 529.25 mana
670: 81.8 dps, 1938 hp, 529.25 mana
671: 81.7 dps, 1938 hp, 529.25 mana
672: nife tick
672: eb tick
672: finished casting torpor
672: 82.1 dps, 1957 hp, 368.25 mana
673: 82.0 dps, 1957 hp, 368.25 mana
674: 81.9 dps, 1957 hp, 368.25 mana
675: startcast cann4
675: 81.8 dps, 1957 hp, 368.25 mana
676: 81.6 dps, 1957 hp, 368.25 mana
677: 81.5 dps, 1957 hp, 368.25 mana
678: torpor tick
678: eb tick
678: cann4 tick
678: finished casting cann4
678: 81.6 dps, 2128 hp, 459.25 mana
679: 81.5 dps, 2128 hp, 459.25 mana
680: startcast nife
680: 81.4 dps, 2128 hp, 459.25 mana
681: 81.3 dps, 2128 hp, 459.25 mana
682: 81.2 dps, 2128 hp, 459.25 mana
683: 81.0 dps, 2128 hp, 459.25 mana
684: torpor tick
684: eb tick
684: 81.1 dps, 2447 hp, 468.25 mana
685: finished casting nife
685: 81.0 dps, 2447 hp, 107 mana
686: 80.9 dps, 2447 hp, 107 mana
687: 80.8 dps, 2447 hp, 107 mana
688: startcast cann4
688: 80.7 dps, 2447 hp, 107 mana
689: 80.6 dps, 2447 hp, 107 mana
690: torpor tick
690: nife tick
690: eb tick
690: 81.0 dps, 2766 hp, 116 mana
691: cann4 tick
691: finished casting cann4
691: 80.9 dps, 2618 hp, 198 mana
692: 80.8 dps, 2618 hp, 198 mana
693: startcast cann4
693: 80.7 dps, 2618 hp, 198 mana
694: 80.5 dps, 2618 hp, 198 mana
695: 80.4 dps, 2618 hp, 198 mana
696: torpor tick
696: nife tick
696: eb tick
696: cann4 tick
696: finished casting cann4
696: 80.9 dps, 2789 hp, 289 mana
697: 80.7 dps, 2789 hp, 289 mana
698: startcast cann4
698: 80.6 dps, 2789 hp, 289 mana
699: 80.5 dps, 2789 hp, 289 mana
700: 80.4 dps, 2789 hp, 289 mana
701: cann4 tick
701: finished casting cann4
701: 80.3 dps, 2641 hp, 371 mana
702: torpor tick
702: nife tick
702: eb tick
702: 80.7 dps, 2960 hp, 380 mana
703: startcast eb
703: 80.6 dps, 2960 hp, 380 mana
704: 80.5 dps, 2960 hp, 380 mana
705: 80.4 dps, 2960 hp, 380 mana
706: 80.3 dps, 2960 hp, 380 mana
707: 80.2 dps, 2960 hp, 380 mana
708: torpor tick
708: nife tick
708: 80.4 dps, 3279 hp, 389 mana
709: finished casting eb
709: 80.3 dps, 3279 hp, 117 mana
710: 80.1 dps, 3279 hp, 117 mana
711: 80.0 dps, 3279 hp, 117 mana
712: startcast cann4
712: 79.9 dps, 3279 hp, 117 mana
713: 79.8 dps, 3279 hp, 117 mana
714: nife tick
714: eb tick
714: 80.2 dps, 3298 hp, 126 mana
715: cann4 tick
715: finished casting cann4
715: 80.1 dps, 3150 hp, 208 mana
716: 80.0 dps, 3150 hp, 208 mana
717: startcast cann4
717: 79.9 dps, 3150 hp, 208 mana
718: 79.8 dps, 3150 hp, 208 mana
719: 79.7 dps, 3150 hp, 208 mana
720: nife tick
720: eb tick
720: cann4 tick
720: finished casting cann4
720: 80.1 dps, 3021 hp, 299 mana
721: 80.0 dps, 3021 hp, 299 mana
722: startcast cann4
722: 79.9 dps, 3021 hp, 299 mana
723: 79.8 dps, 3021 hp, 299 mana
724: 79.7 dps, 3021 hp, 299 mana
725: cann4 tick
725: finished casting cann4
725: 79.6 dps, 2873 hp, 381 mana
726: nife tick
726: eb tick
726: 80.0 dps, 2892 hp, 390 mana
727: startcast cann4
727: 79.9 dps, 2892 hp, 390 mana
728: 79.8 dps, 2892 hp, 390 mana
729: 79.7 dps, 2892 hp, 390 mana
730: cann4 tick
730: finished casting cann4
730: 79.5 dps, 2744 hp, 472 mana
731: 79.4 dps, 2744 hp, 472 mana
732: nife tick
732: eb tick
732: startcast cann4
732: 79.9 dps, 2763 hp, 481 mana
733: 79.7 dps, 2763 hp, 481 mana
734: 79.6 dps, 2763 hp, 481 mana
735: cann4 tick
735: finished casting cann4
735: 79.5 dps, 2615 hp, 563 mana
736: 79.4 dps, 2615 hp, 563 mana
737: startcast cann4
737: 79.3 dps, 2615 hp, 563 mana
738: nife tick
738: eb tick
738: 79.7 dps, 2634 hp, 572 mana
739: 79.6 dps, 2634 hp, 572 mana
740: cann4 tick
740: finished casting cann4
740: 79.5 dps, 2486 hp, 654 mana
741: 79.4 dps, 2486 hp, 654 mana
742: startcast nife
742: 79.3 dps, 2486 hp, 654 mana
743: 79.2 dps, 2486 hp, 654 mana
744: eb tick
744: 79.3 dps, 2505 hp, 663 mana
745: 79.2 dps, 2505 hp, 663 mana
746: 79.1 dps, 2505 hp, 663 mana
747: finished casting nife
747: 79.0 dps, 2505 hp, 301.75 mana
748: 78.9 dps, 2505 hp, 301.75 mana
749: 78.8 dps, 2505 hp, 301.75 mana
750: nife tick
750: eb tick
750: startcast cann4
750: 79.2 dps, 2524 hp, 310.75 mana
751: 79.1 dps, 2524 hp, 310.75 mana
752: 79.0 dps, 2524 hp, 310.75 mana
753: cann4 tick
753: finished casting cann4
753: 78.9 dps, 2376 hp, 392.75 mana
754: 78.8 dps, 2376 hp, 392.75 mana
755: startcast cann4
755: 78.7 dps, 2376 hp, 392.75 mana
756: nife tick
756: eb tick
756: 79.1 dps, 2395 hp, 401.75 mana
757: 79.0 dps, 2395 hp, 401.75 mana
758: cann4 tick
758: finished casting cann4
758: 78.9 dps, 2247 hp, 483.75 mana
759: 78.8 dps, 2247 hp, 483.75 mana
760: startcast cann4
760: 78.7 dps, 2247 hp, 483.75 mana
761: 78.6 dps, 2247 hp, 483.75 mana
762: nife tick
762: eb tick
762: 79.0 dps, 2266 hp, 492.75 mana
763: cann4 tick
763: finished casting cann4
763: 78.9 dps, 2118 hp, 574.75 mana
764: 78.8 dps, 2118 hp, 574.75 mana
765: startcast eb
765: 78.7 dps, 2118 hp, 574.75 mana
766: 78.6 dps, 2118 hp, 574.75 mana
767: 78.4 dps, 2118 hp, 574.75 mana
768: nife tick
768: 78.6 dps, 2137 hp, 583.75 mana
769: 78.5 dps, 2137 hp, 583.75 mana
770: 78.4 dps, 2137 hp, 583.75 mana
771: finished casting eb
771: 78.3 dps, 2137 hp, 311.75 mana
772: 78.2 dps, 2137 hp, 311.75 mana
773: 78.1 dps, 2137 hp, 311.75 mana
774: nife tick
774: eb tick
774: startcast cann4
774: 78.5 dps, 2156 hp, 320.75 mana
775: 78.4 dps, 2156 hp, 320.75 mana
776: 78.3 dps, 2156 hp, 320.75 mana
777: cann4 tick
777: finished casting cann4
777: 78.2 dps, 2008 hp, 402.75 mana
778: 78.1 dps, 2008 hp, 402.75 mana
779: startcast cann4
779: 78.0 dps, 2008 hp, 402.75 mana
780: nife tick
780: eb tick
780: 78.4 dps, 2027 hp, 411.75 mana
781: 78.3 dps, 2027 hp, 411.75 mana
782: cann4 tick
782: finished casting cann4
782: 78.2 dps, 1879 hp, 493.75 mana
783: 78.1 dps, 1879 hp, 493.75 mana
784: startcast torpor
784: 78.0 dps, 1879 hp, 493.75 mana
785: 77.9 dps, 1879 hp, 493.75 mana
786: nife tick
786: eb tick
786: 78.3 dps, 1898 hp, 502.75 mana
787: 78.2 dps, 1898 hp, 502.75 mana
788: finished casting torpor
788: 78.1 dps, 1898 hp, 332.75 mana
789: 78.0 dps, 1898 hp, 332.75 mana
790: 77.9 dps, 1898 hp, 332.75 mana
791: cann5 tick
791: finished casting cann5
791: startcast cann5
791: startcast iceblast
791: 77.8 dps, -26 hp, 1398.75 mana
792: torpor tick
792: nife tick
792: eb tick
792: 78.2 dps, 293 hp, 1407.75 mana
793: 78.1 dps, 293 hp, 1407.75 mana
794: 78.0 dps, 293 hp, 1407.75 mana
795: 77.9 dps, 293 hp, 1407.75 mana
796: 77.8 dps, 293 hp, 1407.75 mana
797: iceblast tick
797: finished casting iceblast
797: 78.7 dps, 293 hp, 1195.25 mana
798: torpor tick
798: nife tick
798: eb tick
798: 79.1 dps, 612 hp, 1204.25 mana
799: 79.0 dps, 612 hp, 1204.25 mana
800: startcast nife
800: 78.9 dps, 612 hp, 1204.25 mana
801: 78.8 dps, 612 hp, 1204.25 mana
802: 78.7 dps, 612 hp, 1204.25 mana
803: 78.6 dps, 612 hp, 1204.25 mana
804: torpor tick
804: eb tick
804: 78.7 dps, 931 hp, 1213.25 mana
805: finished casting nife
805: 78.6 dps, 931 hp, 852 mana
806: 78.5 dps, 931 hp, 852 mana
807: 78.4 dps, 931 hp, 852 mana
808: startcast iceblast
808: 78.3 dps, 931 hp, 852 mana
809: 78.2 dps, 931 hp, 852 mana
810: torpor tick
810: nife tick
810: eb tick
810: 78.6 dps, 1250 hp, 861 mana
811: 78.5 dps, 1250 hp, 861 mana
812: 78.4 dps, 1250 hp, 861 mana
813: 78.3 dps, 1250 hp, 861 mana
814: iceblast tick
814: finished casting iceblast
814: 79.2 dps, 1250 hp, 648.5 mana
815: 79.1 dps, 1250 hp, 648.5 mana
816: torpor tick
816: nife tick
816: eb tick
816: 79.5 dps, 1569 hp, 657.5 mana
817: startcast cann4
817: 79.4 dps, 1569 hp, 657.5 mana
818: 79.3 dps, 1569 hp, 657.5 mana
819: 79.2 dps, 1569 hp, 657.5 mana
820: cann4 tick
820: finished casting cann4
820: 79.1 dps, 1421 hp, 739.5 mana
821: 79.0 dps, 1421 hp, 739.5 mana
822: torpor tick
822: nife tick
822: eb tick
822: startcast torpor
822: 79.4 dps, 1740 hp, 748.5 mana
823: 79.3 dps, 1740 hp, 748.5 mana
824: 79.2 dps, 1740 hp, 748.5 mana
825: 79.1 dps, 1740 hp, 748.5 mana
826: finished casting torpor
826: 79.0 dps, 1740 hp, 578.5 mana
827: 78.9 dps, 1740 hp, 578.5 mana
828: torpor tick
828: nife tick
828: 79.1 dps, 2059 hp, 587.5 mana
829: startcast eb
829: 79.0 dps, 2059 hp, 587.5 mana
830: 78.9 dps, 2059 hp, 587.5 mana
831: 78.8 dps, 2059 hp, 587.5 mana
832: 78.7 dps, 2059 hp, 587.5 mana
833: 78.6 dps, 2059 hp, 587.5 mana
834: torpor tick
834: nife tick
834: 78.8 dps, 2378 hp, 596.5 mana
835: finished casting eb
835: 78.7 dps, 2378 hp, 324.5 mana
836: 78.6 dps, 2378 hp, 324.5 mana
837: 78.5 dps, 2378 hp, 324.5 mana
838: startcast cann4
838: 78.4 dps, 2378 hp, 324.5 mana
839: 78.3 dps, 2378 hp, 324.5 mana
840: torpor tick
840: nife tick
840: eb tick
840: 78.7 dps, 2697 hp, 333.5 mana
841: cann4 tick
841: finished casting cann4
841: 78.6 dps, 2549 hp, 415.5 mana
842: 78.5 dps, 2549 hp, 415.5 mana
843: startcast cann4
843: 78.4 dps, 2549 hp, 415.5 mana
844: 78.3 dps, 2549 hp, 415.5 mana
845: 78.2 dps, 2549 hp, 415.5 mana
846: torpor tick
846: nife tick
846: eb tick
846: cann4 tick
846: finished casting cann4
846: 78.6 dps, 2720 hp, 506.5 mana
847: 78.5 dps, 2720 hp, 506.5 mana
848: startcast cann4
848: 78.4 dps, 2720 hp, 506.5 mana
849: 78.3 dps, 2720 hp, 506.5 mana
850: 78.2 dps, 2720 hp, 506.5 mana
851: cann4 tick
851: finished casting cann4
851: 78.1 dps, 2572 hp, 588.5 mana
852: torpor tick
852: nife tick
852: eb tick
852: 78.5 dps, 2891 hp, 597.5 mana
853: startcast cann4
853: 78.4 dps, 2891 hp, 597.5 mana
854: 78.3 dps, 2891 hp, 597.5 mana
855: 78.2 dps, 2891 hp, 597.5 mana
856: cann4 tick
856: finished casting cann4
856: 78.1 dps, 2743 hp, 679.5 mana
857: 78.0 dps, 2743 hp, 679.5 mana
858: torpor tick
858: nife tick
858: eb tick
858: startcast nife
858: 78.4 dps, 3062 hp, 688.5 mana
859: 78.3 dps, 3062 hp, 688.5 mana
860: 78.2 dps, 3062 hp, 688.5 mana
861: 78.1 dps, 3062 hp, 688.5 mana
862: 78.0 dps, 3062 hp, 688.5 mana
863: finished casting nife
863: 78.0 dps, 3062 hp, 327.25 mana
864: nife tick
864: eb tick
864: 78.3 dps, 3081 hp, 336.25 mana
865: 78.2 dps, 3081 hp, 336.25 mana
866: startcast cann4
866: 78.1 dps, 3081 hp, 336.25 mana
867: 78.0 dps, 3081 hp, 336.25 mana
868: 78.0 dps, 3081 hp, 336.25 mana
869: cann4 tick
869: finished casting cann4
869: 77.9 dps, 2933 hp, 418.25 mana
870: nife tick
870: eb tick
870: 78.2 dps, 2952 hp, 427.25 mana
871: startcast cann4
871: 78.1 dps, 2952 hp, 427.25 mana
872: 78.0 dps, 2952 hp, 427.25 mana
873: 78.0 dps, 2952 hp, 427.25 mana
874: cann4 tick
874: finished casting cann4
874: 77.9 dps, 2804 hp, 509.25 mana
875: 77.8 dps, 2804 hp, 509.25 mana
876: nife tick
876: eb tick
876: startcast cann4
876: 78.1 dps, 2823 hp, 518.25 mana
877: 78.0 dps, 2823 hp, 518.25 mana
878: 78.0 dps, 2823 hp, 518.25 mana
879: cann4 tick
879: finished casting cann4
879: 77.9 dps, 2675 hp, 600.25 mana
880: 77.8 dps, 2675 hp, 600.25 mana
881: startcast cann4
881: 77.7 dps, 2675 hp, 600.25 mana
882: nife tick
882: eb tick
882: 78.0 dps, 2694 hp, 609.25 mana
883: 78.0 dps, 2694 hp, 609.25 mana
884: cann4 tick
884: finished casting cann4
884: 77.9 dps, 2546 hp, 691.25 mana
885: 77.8 dps, 2546 hp, 691.25 mana
886: startcast cann4
886: 77.7 dps, 2546 hp, 691.25 mana
887: 77.6 dps, 2546 hp, 691.25 mana
888: nife tick
888: eb tick
888: 78.0 dps, 2565 hp, 700.25 mana
889: cann4 tick
889: finished casting cann4
889: 77.9 dps, 2417 hp, 782.25 mana
890: 77.8 dps, 2417 hp, 782.25 mana
891: startcast eb
891: 77.7 dps, 2417 hp, 782.25 mana
892: 77.6 dps, 2417 hp, 782.25 mana
893: 77.5 dps, 2417 hp, 782.25 mana
894: nife tick
894: 77.7 dps, 2436 hp, 791.25 mana
895: 77.6 dps, 2436 hp, 791.25 mana
896: 77.5 dps, 2436 hp, 791.25 mana
897: finished casting eb
897: 77.4 dps, 2436 hp, 519.25 mana
898: 77.3 dps, 2436 hp, 519.25 mana
899: 77.3 dps, 2436 hp, 519.25 mana
900: nife tick
900: eb tick
900: startcast cann4
900: 77.6 dps, 2455 hp, 528.25 mana
901: 77.5 dps, 2455 hp, 528.25 mana
902: 77.4 dps, 2455 hp, 528.25 mana
903: cann4 tick
903: finished casting cann4
903: 77.3 dps, 2307 hp, 610.25 mana
904: 77.3 dps, 2307 hp, 610.25 mana
905: startcast cann4
905: 77.2 dps, 2307 hp, 610.25 mana
906: nife tick
906: eb tick
906: 77.5 dps, 2326 hp, 619.25 mana
907: 77.4 dps, 2326 hp, 619.25 mana
908: cann4 tick
908: finished casting cann4
908: 77.3 dps, 2178 hp, 701.25 mana
909: 77.3 dps, 2178 hp, 701.25 mana
910: startcast iceblast
910: 77.2 dps, 2178 hp, 701.25 mana
911: 77.1 dps, 2178 hp, 701.25 mana
912: nife tick
912: eb tick
912: 77.4 dps, 2197 hp, 710.25 mana
913: 77.3 dps, 2197 hp, 710.25 mana
914: 77.3 dps, 2197 hp, 710.25 mana
915: 77.2 dps, 2197 hp, 710.25 mana
916: iceblast tick
916: finished casting iceblast
916: 78.0 dps, 2197 hp, 497.75 mana
917: 77.9 dps, 2197 hp, 497.75 mana
918: eb tick
918: 78.0 dps, 2216 hp, 506.75 mana
919: startcast nife
919: 77.9 dps, 2216 hp, 506.75 mana
920: 77.8 dps, 2216 hp, 506.75 mana
921: 77.7 dps, 2216 hp, 506.75 mana
922: 77.6 dps, 2216 hp, 506.75 mana
923: 77.5 dps, 2216 hp, 506.75 mana
924: eb tick
924: finished casting nife
924: 77.6 dps, 2235 hp, 154.5 mana
925: 77.5 dps, 2235 hp, 154.5 mana
926: 77.5 dps, 2235 hp, 154.5 mana
927: startcast cann4
927: 77.4 dps, 2235 hp, 154.5 mana
928: 77.3 dps, 2235 hp, 154.5 mana
929: 77.2 dps, 2235 hp, 154.5 mana
930: nife tick
930: eb tick
930: cann4 tick
930: finished casting cann4
930: 77.5 dps, 2106 hp, 245.5 mana
931: 77.5 dps, 2106 hp, 245.5 mana
932: startcast cann4
932: 77.4 dps, 2106 hp, 245.5 mana
933: 77.3 dps, 2106 hp, 245.5 mana
934: 77.2 dps, 2106 hp, 245.5 mana
935: cann4 tick
935: finished casting cann4
935: 77.1 dps, 1958 hp, 327.5 mana
936: nife tick
936: eb tick
936: 77.5 dps, 1977 hp, 336.5 mana
937: startcast torpor
937: 77.4 dps, 1977 hp, 336.5 mana
938: 77.3 dps, 1977 hp, 336.5 mana
939: 77.2 dps, 1977 hp, 336.5 mana
940: 77.1 dps, 1977 hp, 336.5 mana
941: finished casting torpor
941: 77.1 dps, 1977 hp, 166.5 mana
942: torpor tick
942: nife tick
942: eb tick
942: 77.4 dps, 2296 hp, 175.5 mana
943: 77.3 dps, 2296 hp, 175.5 mana
944: startcast cann4
944: 77.2 dps, 2296 hp, 175.5 mana
945: 77.1 dps, 2296 hp, 175.5 mana
946: 77.1 dps, 2296 hp, 175.5 mana
947: cann4 tick
947: finished casting cann4
947: 77.0 dps, 2148 hp, 257.5 mana
948: torpor tick
948: nife tick
948: eb tick
948: 77.3 dps, 2467 hp, 266.5 mana
949: startcast cann4
949: 77.2 dps, 2467 hp, 266.5 mana
950: 77.1 dps, 2467 hp, 266.5 mana
951: 77.1 dps, 2467 hp, 266.5 mana
952: cann4 tick
952: finished casting cann4
952: 77.0 dps, 2319 hp, 348.5 mana
953: 76.9 dps, 2319 hp, 348.5 mana
954: torpor tick
954: nife tick
954: startcast eb
954: 77.1 dps, 2638 hp, 357.5 mana
955: 77.0 dps, 2638 hp, 357.5 mana
956: 76.9 dps, 2638 hp, 357.5 mana
957: 76.8 dps, 2638 hp, 357.5 mana
958: 76.7 dps, 2638 hp, 357.5 mana
959: 76.7 dps, 2638 hp, 357.5 mana
960: torpor tick
960: nife tick
960: finished casting eb
960: 76.8 dps, 2957 hp, 94.5 mana
961: 76.7 dps, 2957 hp, 94.5 mana
962: 76.7 dps, 2957 hp, 94.5 mana
963: startcast cann4
963: 76.6 dps, 2957 hp, 94.5 mana
964: 76.5 dps, 2957 hp, 94.5 mana
965: 76.4 dps, 2957 hp, 94.5 mana
966: torpor tick
966: nife tick
966: eb tick
966: cann4 tick
966: finished casting cann4
966: 76.7 dps, 3128 hp, 185.5 mana
967: 76.7 dps, 3128 hp, 185.5 mana
968: startcast cann4
968: 76.6 dps, 3128 hp, 185.5 mana
969: 76.5 dps, 3128 hp, 185.5 mana
970: 76.4 dps, 3128 hp, 185.5 mana
971: cann4 tick
971: finished casting cann4
971: 76.3 dps, 2980 hp, 267.5 mana
972: torpor tick
972: nife tick
972: eb tick
972: 76.7 dps, 3299 hp, 276.5 mana
973: cann5 tick
973: finished casting cann5
973: startcast cann5
973: startcast iceblast
973: 76.6 dps, 1375 hp, 1342.5 mana
974: 76.5 dps, 1375 hp, 1342.5 mana
975: 76.4 dps, 1375 hp, 1342.5 mana
976: 76.4 dps, 1375 hp, 1342.5 mana
977: 76.3 dps, 1375 hp, 1342.5 mana
978: nife tick
978: eb tick
978: 76.6 dps, 1394 hp, 1351.5 mana
979: iceblast tick
979: finished casting iceblast
979: 77.3 dps, 1394 hp, 1139 mana
980: 77.3 dps, 1394 hp, 1139 mana
981: 77.2 dps, 1394 hp, 1139 mana
982: startcast torpor
982: 77.1 dps, 1394 hp, 1139 mana
983: 77.0 dps, 1394 hp, 1139 mana
984: eb tick
984: 77.1 dps, 1413 hp, 1148 mana
985: 77.0 dps, 1413 hp, 1148 mana
986: finished casting torpor
986: 76.9 dps, 1413 hp, 978 mana
987: 76.9 dps, 1413 hp, 978 mana
988: 76.8 dps, 1413 hp, 978 mana
989: startcast nife
989: 76.7 dps, 1413 hp, 978 mana
990: torpor tick
990: eb tick
990: 76.8 dps, 1732 hp, 987 mana
991: 76.7 dps, 1732 hp, 987 mana
992: 76.6 dps, 1732 hp, 987 mana
993: 76.6 dps, 1732 hp, 987 mana
994: finished casting nife
994: 76.5 dps, 1732 hp, 625.75 mana
995: 76.4 dps, 1732 hp, 625.75 mana
996: torpor tick
996: nife tick
996: eb tick
996: 76.7 dps, 2051 hp, 634.75 mana
997: startcast cann4
997: 76.6 dps, 2051 hp, 634.75 mana
998: 76.6 dps, 2051 hp, 634.75 mana
999: 76.5 dps, 2051 hp, 634.75 mana
1000: cann4 tick
1000: finished casting cann4
1000: 76.4 dps, 1903 hp, 716.75 mana
1001: 76.3 dps, 1903 hp, 716.75 mana
1002: torpor tick
1002: nife tick
1002: eb tick
1002: startcast iceblast
1002: 76.6 dps, 2222 hp, 725.75 mana
1003: 76.6 dps, 2222 hp, 725.75 mana
1004: 76.5 dps, 2222 hp, 725.75 mana
1005: 76.4 dps, 2222 hp, 725.75 mana
1006: 76.3 dps, 2222 hp, 725.75 mana
1007: 76.3 dps, 2222 hp, 725.75 mana
1008: torpor tick
1008: nife tick
1008: eb tick
1008: iceblast tick
1008: finished casting iceblast
1008: 77.4 dps, 2541 hp, 522.25 mana
1009: 77.3 dps, 2541 hp, 522.25 mana
1010: 77.2 dps, 2541 hp, 522.25 mana
1011: startcast cann4
1011: 77.1 dps, 2541 hp, 522.25 mana
1012: 77.1 dps, 2541 hp, 522.25 mana
1013: 77.0 dps, 2541 hp, 522.25 mana
1014: torpor tick
1014: nife tick
1014: eb tick
1014: cann4 tick
1014: finished casting cann4
1014: 77.3 dps, 2712 hp, 613.25 mana
1015: 77.2 dps, 2712 hp, 613.25 mana
1016: startcast eb
1016: 77.1 dps, 2712 hp, 613.25 mana
1017: 77.1 dps, 2712 hp, 613.25 mana
1018: 77.0 dps, 2712 hp, 613.25 mana
1019: 76.9 dps, 2712 hp, 613.25 mana
1020: torpor tick
1020: nife tick
1020: 77.1 dps, 3031 hp, 622.25 mana
1021: 77.0 dps, 3031 hp, 622.25 mana
1022: finished casting eb
1022: 76.9 dps, 3031 hp, 350.25 mana
1023: 76.8 dps, 3031 hp, 350.25 mana
1024: 76.8 dps, 3031 hp, 350.25 mana
1025: startcast cann4
1025: 76.7 dps, 3031 hp, 350.25 mana
1026: nife tick
1026: eb tick
1026: 77.0 dps, 3050 hp, 359.25 mana
1027: 76.9 dps, 3050 hp, 359.25 mana
1028: cann4 tick
1028: finished casting cann4
1028: 76.8 dps, 2902 hp, 441.25 mana
1029: 76.8 dps, 2902 hp, 441.25 mana
1030: startcast cann4
1030: 76.7 dps, 2902 hp, 441.25 mana
1031: 76.6 dps, 2902 hp, 441.25 mana
1032: nife tick
1032: eb tick
1032: 76.9 dps, 2921 hp, 450.25 mana
1033: cann4 tick
1033: finished casting cann4
1033: 76.8 dps, 2773 hp, 532.25 mana
1034: 76.8 dps, 2773 hp, 532.25 mana
1035: startcast cann4
1035: 76.7 dps, 2773 hp, 532.25 mana
1036: 76.6 dps, 2773 hp, 532.25 mana
1037: 76.5 dps, 2773 hp, 532.25 mana
1038: nife tick
1038: eb tick
1038: cann4 tick
1038: finished casting cann4
1038: 76.9 dps, 2644 hp, 623.25 mana
1039: 76.8 dps, 2644 hp, 623.25 mana
1040: startcast cann4
1040: 76.7 dps, 2644 hp, 623.25 mana
1041: 76.6 dps, 2644 hp, 623.25 mana
1042: 76.6 dps, 2644 hp, 623.25 mana
1043: cann4 tick
1043: finished casting cann4
1043: 76.5 dps, 2496 hp, 705.25 mana
1044: nife tick
1044: eb tick
1044: 76.8 dps, 2515 hp, 714.25 mana
1045: startcast nife
1045: 76.7 dps, 2515 hp, 714.25 mana
1046: 76.6 dps, 2515 hp, 714.25 mana
1047: 76.6 dps, 2515 hp, 714.25 mana
1048: 76.5 dps, 2515 hp, 714.25 mana
1049: 76.4 dps, 2515 hp, 714.25 mana
1050: eb tick
1050: finished casting nife
1050: 76.5 dps, 2534 hp, 362 mana
1051: 76.4 dps, 2534 hp, 362 mana
1052: 76.3 dps, 2534 hp, 362 mana
1053: startcast cann4
1053: 76.3 dps, 2534 hp, 362 mana
1054: 76.2 dps, 2534 hp, 362 mana
1055: 76.1 dps, 2534 hp, 362 mana
1056: nife tick
1056: eb tick
1056: cann4 tick
1056: finished casting cann4
1056: 76.4 dps, 2405 hp, 453 mana
1057: 76.4 dps, 2405 hp, 453 mana
1058: startcast cann4
1058: 76.3 dps, 2405 hp, 453 mana
1059: 76.2 dps, 2405 hp, 453 mana
1060: 76.1 dps, 2405 hp, 453 mana
1061: cann4 tick
1061: finished casting cann4
1061: 76.1 dps, 2257 hp, 535 mana
1062: nife tick
1062: eb tick
1062: 76.4 dps, 2276 hp, 544 mana
1063: startcast cann4
1063: 76.3 dps, 2276 hp, 544 mana
1064: 76.2 dps, 2276 hp, 544 mana
1065: 76.1 dps, 2276 hp, 544 mana
1066: cann4 tick
1066: finished casting cann4
1066: 76.1 dps, 2128 hp, 626 mana
1067: 76.0 dps, 2128 hp, 626 mana
1068: nife tick
1068: eb tick
1068: startcast cann4
1068: 76.3 dps, 2147 hp, 635 mana
1069: 76.2 dps, 2147 hp, 635 mana
1070: 76.2 dps, 2147 hp, 635 mana
1071: cann4 tick
1071: finished casting cann4
1071: 76.1 dps, 1999 hp, 717 mana
1072: 76.0 dps, 1999 hp, 717 mana
1073: startcast torpor
1073: 75.9 dps, 1999 hp, 717 mana
1074: nife tick
1074: eb tick
1074: 76.2 dps, 2018 hp, 726 mana
1075: 76.2 dps, 2018 hp, 726 mana
1076: 76.1 dps, 2018 hp, 726 mana
1077: finished casting torpor
1077: 76.0 dps, 2018 hp, 556 mana
1078: 75.9 dps, 2018 hp, 556 mana
1079: 75.9 dps, 2018 hp, 556 mana
1080: torpor tick
1080: nife tick
1080: startcast eb
1080: 76.0 dps, 2337 hp, 565 mana
1081: 76.0 dps, 2337 hp, 565 mana
1082: 75.9 dps, 2337 hp, 565 mana
1083: 75.8 dps, 2337 hp, 565 mana
1084: 75.7 dps, 2337 hp, 565 mana
1085: 75.7 dps, 2337 hp, 565 mana
1086: torpor tick
1086: nife tick
1086: finished casting eb
1086: 75.8 dps, 2656 hp, 302 mana
1087: 75.7 dps, 2656 hp, 302 mana
1088: 75.7 dps, 2656 hp, 302 mana
1089: startcast cann4
1089: 75.6 dps, 2656 hp, 302 mana
1090: 75.5 dps, 2656 hp, 302 mana
1091: 75.5 dps, 2656 hp, 302 mana
1092: torpor tick
1092: nife tick
1092: eb tick
1092: cann4 tick
1092: finished casting cann4
1092: 75.8 dps, 2827 hp, 393 mana
1093: 75.7 dps, 2827 hp, 393 mana
1094: startcast cann4
1094: 75.6 dps, 2827 hp, 393 mana
1095: 75.5 dps, 2827 hp, 393 mana
1096: 75.5 dps, 2827 hp, 393 mana
1097: cann4 tick
1097: finished casting cann4
1097: 75.4 dps, 2679 hp, 475 mana
1098: torpor tick
1098: nife tick
1098: eb tick
1098: 75.7 dps, 2998 hp, 484 mana
1099: startcast cann4
1099: 75.6 dps, 2998 hp, 484 mana
1100: 75.6 dps, 2998 hp, 484 mana
1101: 75.5 dps, 2998 hp, 484 mana
1102: cann4 tick
1102: finished casting cann4
1102: 75.4 dps, 2850 hp, 566 mana
1103: 75.4 dps, 2850 hp, 566 mana
1104: torpor tick
1104: nife tick
1104: eb tick
1104: startcast nife
1104: 75.6 dps, 3169 hp, 575 mana
1105: 75.6 dps, 3169 hp, 575 mana
1106: 75.5 dps, 3169 hp, 575 mana
1107: 75.4 dps, 3169 hp, 575 mana
1108: 75.4 dps, 3169 hp, 575 mana
1109: finished casting nife
1109: 75.3 dps, 3169 hp, 213.75 mana
1110: torpor tick
1110: nife tick
1110: eb tick
1110: 75.6 dps, 3488 hp, 222.75 mana
1111: 75.5 dps, 3488 hp, 222.75 mana
1112: startcast cann4
1112: 75.4 dps, 3488 hp, 222.75 mana
1113: 75.4 dps, 3488 hp, 222.75 mana
1114: 75.3 dps, 3488 hp, 222.75 mana
1115: cann4 tick
1115: finished casting cann4
1115: 75.2 dps, 3340 hp, 304.75 mana
1116: nife tick
1116: eb tick
1116: 75.5 dps, 3359 hp, 313.75 mana
1117: startcast cann4
1117: 75.5 dps, 3359 hp, 313.75 mana
1118: 75.4 dps, 3359 hp, 313.75 mana
1119: 75.3 dps, 3359 hp, 313.75 mana
1120: cann4 tick
1120: finished casting cann4
1120: 75.2 dps, 3211 hp, 395.75 mana
1121: 75.2 dps, 3211 hp, 395.75 mana
1122: nife tick
1122: eb tick
1122: startcast cann4
1122: 75.5 dps, 3230 hp, 404.75 mana
1123: 75.4 dps, 3230 hp, 404.75 mana
1124: 75.3 dps, 3230 hp, 404.75 mana
1125: cann4 tick
1125: finished casting cann4
1125: 75.3 dps, 3082 hp, 486.75 mana
1126: 75.2 dps, 3082 hp, 486.75 mana
1127: startcast cann4
1127: 75.1 dps, 3082 hp, 486.75 mana
1128: nife tick
1128: eb tick
1128: 75.4 dps, 3101 hp, 495.75 mana
1129: 75.3 dps, 3101 hp, 495.75 mana
1130: cann4 tick
1130: finished casting cann4
1130: 75.3 dps, 2953 hp, 577.75 mana
1131: 75.2 dps, 2953 hp, 577.75 mana
1132: startcast cann4
1132: 75.1 dps, 2953 hp, 577.75 mana
1133: 75.1 dps, 2953 hp, 577.75 mana
1134: nife tick
1134: eb tick
1134: 75.3 dps, 2972 hp, 586.75 mana
1135: cann4 tick
1135: finished casting cann4
1135: 75.3 dps, 2824 hp, 668.75 mana
1136: 75.2 dps, 2824 hp, 668.75 mana
1137: startcast cann4
1137: 75.2 dps, 2824 hp, 668.75 mana
1138: 75.1 dps, 2824 hp, 668.75 mana
1139: 75.0 dps, 2824 hp, 668.75 mana
1140: nife tick
1140: eb tick
1140: cann4 tick
1140: finished casting cann4
1140: 75.3 dps, 2695 hp, 759.75 mana
1141: 75.2 dps, 2695 hp, 759.75 mana
1142: startcast eb
1142: 75.2 dps, 2695 hp, 759.75 mana
1143: 75.1 dps, 2695 hp, 759.75 mana
1144: 75.0 dps, 2695 hp, 759.75 mana
1145: 75.0 dps, 2695 hp, 759.75 mana
1146: nife tick
1146: 75.1 dps, 2714 hp, 768.75 mana
1147: 75.0 dps, 2714 hp, 768.75 mana
1148: finished casting eb
1148: 75.0 dps, 2714 hp, 496.75 mana
1149: 74.9 dps, 2714 hp, 496.75 mana
1150: 74.8 dps, 2714 hp, 496.75 mana
1151: startcast cann4
1151: 74.8 dps, 2714 hp, 496.75 mana
1152: nife tick
1152: eb tick
1152: 75.0 dps, 2733 hp, 505.75 mana
1153: 75.0 dps, 2733 hp, 505.75 mana
1154: cann4 tick
1154: finished casting cann4
1154: 74.9 dps, 2585 hp, 587.75 mana
1155: 74.9 dps, 2585 hp, 587.75 mana
1156: cann5 tick
1156: finished casting cann5
1156: startcast cann5
1156: startcast iceblast
1156: 74.8 dps, 661 hp, 1653.75 mana
1157: 74.7 dps, 661 hp, 1653.75 mana
1158: nife tick
1158: eb tick
1158: 75.0 dps, 680 hp, 1662.75 mana
1159: 74.9 dps, 680 hp, 1662.75 mana
1160: 74.9 dps, 680 hp, 1662.75 mana
1161: 74.8 dps, 680 hp, 1662.75 mana
1162: iceblast tick
1162: finished casting iceblast
1162: 75.4 dps, 680 hp, 1450.25 mana
1163: 75.4 dps, 680 hp, 1450.25 mana
1164: eb tick
1164: 75.4 dps, 699 hp, 1459.25 mana
1165: startcast torpor
1165: 75.4 dps, 699 hp, 1459.25 mana
1166: 75.3 dps, 699 hp, 1459.25 mana
1167: 75.2 dps, 699 hp, 1459.25 mana
1168: 75.2 dps, 699 hp, 1459.25 mana
1169: finished casting torpor
1169: 75.1 dps, 699 hp, 1289.25 mana
1170: torpor tick
1170: eb tick
1170: 75.2 dps, 1018 hp, 1298.25 mana
1171: 75.1 dps, 1018 hp, 1298.25 mana
1172: startcast nife
1172: 75.0 dps, 1018 hp, 1298.25 mana
1173: 75.0 dps, 1018 hp, 1298.25 mana
1174: 74.9 dps, 1018 hp, 1298.25 mana
1175: 74.9 dps, 1018 hp, 1298.25 mana
1176: torpor tick
1176: eb tick
1176: 74.9 dps, 1337 hp, 1307.25 mana
1177: finished casting nife
1177: 74.9 dps, 1337 hp, 946 mana
1178: 74.8 dps, 1337 hp, 946 mana
1179: 74.7 dps, 1337 hp, 946 mana
1180: startcast iceblast
1180: 74.7 dps, 1337 hp, 946 mana
1181: 74.6 dps, 1337 hp, 946 mana
1182: torpor tick
1182: nife tick
1182: eb tick
1182: 74.9 dps, 1656 hp, 955 mana
1183: 74.8 dps, 1656 hp, 955 mana
1184: 74.7 dps, 1656 hp, 955 mana
1185: 74.7 dps, 1656 hp, 955 mana
1186: iceblast tick
1186: finished casting iceblast
1186: 75.3 dps, 1656 hp, 742.5 mana
1187: 75.2 dps, 1656 hp, 742.5 mana
1188: torpor tick
1188: nife tick
1188: eb tick
1188: 75.5 dps, 1975 hp, 751.5 mana
1189: startcast iceblast
1189: 75.4 dps, 1975 hp, 751.5 mana
1190: 75.4 dps, 1975 hp, 751.5 mana
1191: 75.3 dps, 1975 hp, 751.5 mana
1192: 75.2 dps, 1975 hp, 751.5 mana
1193: 75.2 dps, 1975 hp, 751.5 mana
1194: torpor tick
1194: nife tick
1194: eb tick
1194: 75.4 dps, 2294 hp, 760.5 mana
1195: iceblast tick
1195: finished casting iceblast
1195: 76.0 dps, 2294 hp, 548 mana
1196: 76.0 dps, 2294 hp, 548 mana
1197: 75.9 dps, 2294 hp, 548 mana
1198: startcast cann4
1198: 75.8 dps, 2294 hp, 548 mana
1199: 75.8 dps, 2294 hp, 548 mana
1200: torpor tick
1200: nife tick
1200: eb tick
1200: 76.0 dps, 2613 hp, 557 mana
