949452846::Banded Orc Vest::<a href="http://gameznet.com/eq/equipment/bandedorcvest.html">More</a>::8::::::::::::::-5::::::::::3::::::5.5::::yes::yes::::yes::yes::yes::yes::yes::::yes::::::::::::yes::::::::yes::::yes::::::::yes::::admin
949452993::Barnacle Breastplate::<a href="http://www.gameznet.com/eq/equipment/barnaclebreastplate.html">More</a>::8::::::::::::::::::::3::3::::::::5.0::::yes::::::yes::yes::yes::yes::yes::::yes::::::::::yes::yes::::yes::::yes::yes::yes::yes::::::yes::::admin
949453045::Basalt Carapace::<a href="http://www.gameznet.com/eq/equipment/basaltcarapace.html">More</a>::14::::::::::::::::::::::::::::::10.0::::yes::::::yes::yes::yes::yes::yes::::::::::::::yes::yes::yes::yes::yes::yes::yes::yes::yes::yes::yes::yes::::admin
949453103::Bear-hide Jerkin::<a href="http://www.gameznet.com/eq/equipment/bearhidejerkin.html">More</a>::9::::2::::::::2::::::::::::::::::3.5::::yes::yes::yes::yes::yes::yes::yes::yes::yes::yes::::::::::yes::yes::yes::yes::yes::yes::yes::yes::yes::yes::yes::yes::::admin
949453154::Black Shadow Tunic::<a href="http://www.gameznet.com/eq/equipment/blackshadowtunic.html">More</a>::6::::::::::1::::::::::::::::1::::9.0::::::::::::yes::::::::::::::::::::::::::::::::::::::yes::::::::admin
949453217::Bloodstained Tunic::<a href="http://www.gameznet.com/eq/equipment/bstunic.html">More</a>::13::::::::4::::4::::::::::::::::::6.5::::yes::yes::::yes::yes::yes::yes::yes::::yes::::::::::yes::yes::yes::yes::yes::yes::yes::yes::yes::yes::yes::yes::::admin
949453264::Breastplate of Afflation::<a href="http://www.gameznet.com/eq/equipment/bpofafflation.html">More</a>::27::5::::::::::::15::::::::::::::::9.0::::::::::::::yes::::::::::::::::::yes::yes::yes::yes::yes::yes::yes::yes::yes::yes::yes::yes::::admin
949453321::Breastplate of Ro::<a href="http://www.gameznet.com/eq/equipment/breastplateofro.html">More</a>::20::4::::::::::::::::::10::::::::::5.0::::::::::::::yes::::::::::::::::::::::yes::yes::::yes::::yes::yes::::::::::admin
949453399::Brigandine Tunic::<a href="http://gameznet.com/eq/equipment/brigantunic.html">More</a>::17::7::4::::::::::::::::::::::::::6.5::::yes::yes::::yes::yes::yes::yes::yes::::yes::::::::::yes::yes::yes::yes::yes::yes::yes::yes::yes::yes::yes::yes::::admin
949453440::Brown Chitin Protector::<a href="http://gameznet.com/eq/equipment/brownchitinprotector.html">More</a>::12::::9::9::9::::::::::::::::::::::10.0::::::::::::::::::::yes::::::::::::yes::yes::yes::yes::yes::yes::yes::yes::yes::yes::yes::yes::::admin
949453508::Charred Guardian Breastplate::<a href="http://www.gameznet.com/eq/equipment/charredguardianbreast.html">More</a>::16::3::6::::::::::::::::::::::::::9.0::::yes::::::yes::yes::yes::::yes::::::::::::::yes::yes::yes::yes::yes::yes::yes::yes::yes::yes::yes::yes::::admin
949453595::Chestplate of the Constant::<a href="http://www.gameznet.com/eq/equipment/chestplateconstant.html">More</a>::20::::8::::::::::::::::::::::::5::7.5::::::::::::::::::yes::::::::::::::::yes::yes::yes::yes::yes::yes::yes::yes::::::yes::::admin
949453651::Chestplate of the Dark Flame::<a href="http://www.gameznet.com/eq/equipment/chestdarkflame.htm">More</a>::19::9::::::::::::::::::::::::::::15.0::::yes::::::::yes::yes::::::::::::::::::yes::yes::yes::yes::yes::yes::yes::yes::yes::yes::yes::yes::::admin
949453725::Chitin Shell Armor::<a href="http://www.gameznet.com/eq/equipment/chitinshelltunic.html">More</a>::17::::::::::::::::::::::::::10::::6.5::::yes::yes::::::yes::::::::::yes::::::::::yes::::::::::::::::::yes::yes::::::admin
949453773::Crafted Armor::<a href="http://www.gameznet.com/eq/equipment/craftedbreastplatehtml.htm">More</a>::22::::5::::::::::::25::::::::::::::10.0::::yes::::::::::::::::::::::::::::yes::yes::yes::yes::yes::yes::yes::yes::yes::yes::yes::yes::::admin
949453830::Darkforge Breastplate::<a href="http://www.gameznet.com/eq/equipment/darkforgebreastplate.html">More</a>::20::::10::::::::::::::::::::::::3::9.0::::::::::::yes::::::::::::::::::::::yes::::::::::::::yes::yes::yes::::::admin
949453903::Dwarven Ringmail Tunic::<a href="http://gameznet.com/eq/equipment/dwarvenringtunic.html">More</a>::12::::::::::::::::::::8::8::::::8::::::yes::yes::::yes::yes::yes::yes::yes::::yes::::::::::::yes::yes::::yes::::yes::yes::::::::yes::::admin
949453940::Enamelled Black Chestplate::<a href="http://www.gameznet.com/eq/equipment/blackenchest.html">More</a>::25::::::::::::::::::::::::::::::10.0::::yes::::::::yes::yes::::yes::::::::::::::yes::yes::yes::yes::yes::yes::yes::yes::yes::yes::yes::yes::::admin
949454028::Etheral Mist Breasplate::<a href="http://www.gameznet.com/eq/equipment/ethermistchestplate.html">More</a>::28::::15::::::::15::::25::25::::::::::::7.5::::::::::::::::::yes::::::::::::::::yes::yes::::yes::yes::yes::yes::yes::::::::::admin
949454081::Foreman Tunic::<a href="http://www.gameznet.com/eq/equipment/foremantunic.html">More</a>::10::3::::::::::3::::::::::::::::::0.0::::yes::yes::yes::yes::yes::yes::yes::yes::yes::yes::::::::::yes::yes::yes::yes::yes::yes::yes::yes::yes::yes::yes::yes::yes::admin
949454131::Gnomish Environment Suit::<a href="http://www.gameznet.com/eq/equipment/gnomesuit.html">More</a>::9::::::::::::::::::::10::10::::10::::3.5::::yes::yes::yes::yes::yes::yes::yes::yes::yes::yes::::::::::yes::yes::yes::yes::yes::yes::yes::yes::yes::yes::yes::yes::::admin
949454222::Imbrued Platemail Breastplate::<a href="http://www.gameznet.com/eq/equipment/ibruedbreast.html">More</a>::26::9::::13::::::::9::::::::::10::::::7.5::::::::::yes::::::::::::::::::::::::::::::::yes::::::yes::::::yes::::admin
949454296::Ivy Etched Tunic ::<a href="http://www.gameznet.com/eq/equipment/ivyetchedtunic.html">More</a>::19::3::::::::::3::::30::::::::::::::6.0::::::::::::::::yes::::::::::::::::::::::::::yes::::::yes::::::yes::::admin
949454340::Lockjaw Hide Vest::<a href="http://gameznet.com/eq/equipment/EQ-LockJaw.Hide.Vest.html">More</a>::12::::5::::::::::::::::::::::::::1.5::::yes::yes::yes::yes::yes::yes::yes::yes::yes::yes::::::::::yes::yes::yes::yes::yes::yes::yes::yes::yes::yes::yes::yes::::admin
949454406::Lustrous Russet Breastplate::<a href="http://gameznet.com/eq/equipment/lustrousrussetbp.html">More</a>::35::15::15::15::::::::::::::::::::::::7.5::::yes::yes::::yes::yes::yes::yes::yes::::yes::::::::::yes::yes::yes::yes::yes::yes::yes::yes::yes::yes::yes::yes::::admin
949454507::Minotaur Ribcage::<a href="http://gameznet.com/eq/equipment/minoribcage.html">More</a>::16::5::5::::::::::-9::::::::::::::::7.5::::yes::yes::::yes::yes::yes::yes::::::::::::::::::::::yes::::yes::::::yes::::::::::admin
949454959::Mithril Breastplate::<a href="http://gameznet.com/eq/equipment/mithrilbreast.html">More</a>::17::::::::15::::::::30::::::::::::::10.0::::yes::::::yes::yes::yes::::yes::::::::::::::yes::yes::yes::yes::yes::yes::yes::yes::yes::yes::yes::yes::::admin
949455026::Mithril Runed Tunic::<a href="http://www.gameznet.com/eq/equipment/mithrunedtunic.html">More</a>::10::::3::::::::5::::::::::::::::::2.5::::yes::yes::yes::yes::yes::yes::yes::yes::yes::yes::::::::::yes::yes::yes::yes::yes::yes::yes::yes::yes::yes::yes::yes::::admin
949455090::Ravenscale Chestguard::<a href="http://www.gameznet.com/eq/equipment/ravenscalechestguard.html">More</a>::19::5::::::::::::::15::::::::5::5::::6.0::::::yes::::::::::::::::::::::::::yes::yes::yes::yes::yes::yes::yes::yes::yes::yes::yes::yes::::admin
949455168::Red Dragonscale Armor::<a href="http://www.gameznet.com/eq/equipment/reddragonarmor.html">More</a>::21::20::::::::::::::::::10::::::::10::2.5::::yes::yes::::yes::yes::yes::yes::::::::::::::::yes::yes::yes::yes::yes::yes::yes::yes::yes::yes::yes::yes::::admin
949455286::Reserve Militia Tunic::<a href="http://www.gameznet.com/eq/equipment/reservemilitiatunic.html">More</a>::9::::::3::::::::::::::::::::::::5.0::::yes::yes::yes::yes::yes::::yes::yes::::yes::::::::::yes::yes::yes::yes::yes::yes::yes::yes::yes::yes::yes::yes::::admin
949455340::Ribcage Chest Armor::<a href="http://www.gameznet.com/eq/equipment/reservemilitiatunic.html">More</a>::6::::::::::::::::::::2::::::::::1.0::::yes::yes::yes::yes::yes::yes::yes::yes::yes::yes::yes::yes::yes::yes::yes::yes::yes::yes::yes::yes::yes::yes::yes::yes::yes::yes::::admin
949455463::Rubicite Breastplate::<a href="http://www.gameznet.com/eq/equipment/EQ-Rubicite.Armour.html">More</a>::19::::::::::::::::::::::::::::::6.0::Rubicite Aura::yes::yes::::yes::yes::yes::yes::yes::::yes::::::::::yes::yes::yes::yes::yes::yes::yes::yes::yes::yes::yes::yes::::admin
949455562::Shiverback-hide Jerkin::<a href="http://www.gameznet.com/eq/equipment/shiverjerkin.htm">More</a>::11::13::::9::9::::::::::::::::::::::0.5::::::::yes::::::::::::::::::::::::::::::::::::::::yes::::::::::admin
949455636::Silk Evening Tunic::<a href="http://gameznet.com/eq/equipment/silkeveningtunic.html">More</a>::1::::::::::::::5::::::::::::::::1.0::::yes::yes::yes::yes::yes::yes::yes::yes::yes::yes::yes::yes::yes::yes::yes::yes::::yes::::yes::::yes::yes::::::yes::::admin
949455682::Snakeskin Jerkin::<a href="http://www.gameznet.com/eq/equipment/snakeskinjerkin.html">More</a>::9::::::::::::::::::::::::::5::::3.5::::yes::yes::yes::yes::yes::yes::yes::yes::yes::yes::::::::::yes::yes::yes::yes::yes::yes::yes::yes::yes::yes::yes::yes::::admin
949455759::Splitpaw Hide Jerkin::<a href="http://www.gameznet.com/eq/equipment/splitpawtunic.html">More</a>::9::::::::::::::::::::::::::10::::4.0::::yes::yes::yes::yes::yes::yes::yes::yes::yes::yes::::::::::yes::yes::yes::yes::yes::yes::yes::yes::yes::yes::yes::yes::::admin
949455812::Syythrak Hide Vest::<a href="http://gameznet.com/eq/equipment/syythrakhidevest.html">More</a>::10::5::5::5::::::::::::::::::::::::0.0::::::::yes::::::::::::::::::::::::::::::::::::::::yes::::::::::admin
949455989::Thorny Vine Chestplate::<a href="http://gameznet.com/eq/equipment/thornyvinebp.html">More</a>::26::9::::::::::13::::::50::::::::::::7.5::::::::::::::::yes::::::::::::::::::::::::::yes::::::yes::::::yes::::admin
949456187::Totemic Breastplate::<a href="http://www.gameznet.com/eq/equipment/totemicbp.html">More</a>::19::::::::::::::::::::::::5::5::5::6.0::::::::::::::::::::::yes::::::::::yes::::::::::::::::::yes::yes::::::admin
949456237::Umbral Platemail Breastplate::<a href="http://www.gameznet.com/eq/equipment/umbrealbreast.html">More</a>::30::13::9::9::::::::::::::::::::::::7.5::::::::::::yes::::::::::::::::::::::yes::::::::::::::yes::yes::yes::::::admin
949456285::Werewolf-hide Jerkin::<a href="http://gameznet.com/eq/equipment/wwjerkin.html">More</a>::9::3::::::3::::::::::::::::::::::1.0::::::::::yes::::::::::yes::::::::::::yes::yes::yes::yes::yes::yes::yes::yes::yes::yes::yes::yes::::admin
949456352::Valorium Chestplate::<a href="http://www.gameznet.com/eq/equipment/valoriumchest.html">More</a>::30::13::9::::::::9::::::::::::::::::7.5::::::::::::::yes::::::::::::::::::::::yes::yes::::yes::::yes::yes::::::::::admin
949456433::Vermiculated Tunic::<a href="http://www.gameznet.com/eq/equipment/vermiculatedtunic.html">More</a>::15::9::9::::::::13::::35::::::::::::::9.0::::::::::::::::::::yes::::::::::::::yes::::::::yes::yes::::yes::::::yes::::admin
949456493::Woven Shadow Chestplate::<a href="http://www.gameznet.com/eq/equipment/wovenshadowchest.html">More</a>::26::13::::13::13::::::::::::::::::::::7.5::::::yes::::::::::::::::::::::::::yes::yes::yes::::::yes::yes::::yes::::::yes::::admin
949456622::Apothic Robe::<a href="http://www.gameznet.com/eq/equipment/apothicrobe.html">More</a>::11::::12::5::::14::::::::40::::::::::::1.0::::::::::::::::::::::::::::::yes::::yes::::yes::yes::::::yes::yes::::::::::admin
949456696::Blighted Robe::<a href="http://www.gameznet.com/eq/equipment/blightedrobe.html">More</a>::11::::10::10::::13::::::::40::::::::::::1.0::::::::::::::::::::::::yes::::::::::yes::::yes::yes::::::::yes::::::::::admin
949456737::Carmine Robe::<a href="http://www.gameznet.com/eq/equipment/carminerobe.html">More</a>::11::::14::7::::14::::::::30::::::::::::1.0::::::::::::::::::::::::::yes::::::::yes::::yes::yes::::::yes::yes::::::::::admin
949456790::Crimson Robe of Alendine::<a href="http://www.gameznet.com/eq/equipment/crimsonrobealendine.html">More</a>::12::::::15::::15::::::50::50::::::::::::1.0::::::::::::::::::::::::yes::yes::yes::yes::::yes::::yes::yes::::::yes::yes::::::::::admin
949456826::Cryosilk Robe::<a href="http://www.gameznet.com/eq/equipment/cryosilkrobe.html">More</a>::11::::13::9::::13::::::::35::::::::::::1.0::::::::::::::::::::::::yes::yes::yes::yes::::yes::::yes::yes::::::yes::yes::::::::::admin
949456879::Flowing Black Robe::<a href="http://gameznet.com/eq/equipment/EQ-Flowing.Black.Robe.html">More</a>::8::::5::::::3::::::::::::::::::::3.5::::::::::::::::::::::::yes::yes::yes::yes::::yes::::yes::yes::::::yes::yes::::::::::admin
949456937::Green Silken Drape::<a href="http://gameznet.com/eq/equipment/greensilkdrape.html">More</a>::8::::9::9::::3::::::::::::::::15::::3.5::::::::::::::::::::::::yes::yes::yes::yes::::yes::::yes::yes::::::yes::yes::::::::::admin
949456981::Insidious Robe::<a href="http://www.gameznet.com/eq/equipment/insidiousrobe.html">More</a>::11::::10::8::::13::::3::::35::::::::::::3.5::::::::::::::::::::::::::::yes::::::yes::::yes::yes::::::yes::yes::::::::::admin
949457038::Robe of Enshroudment::<a href="http://www.gameznet.com/eq/equipment/robeenshroudment.html">More</a>::9::::::::4::4::::::::::4::4::::::::3.5::::::::::::::::::::::::yes::::::::::yes::::yes::yes::::::::yes::::::::::admin
949457072::Robe of the Elements::<a href="http://www.gameznet.com/eq/equipment/robeelements.html">More</a>::9::::::::::4::::::::::5::5::::::::3.5::::::::::::::::::::::::::::::yes::::yes::::yes::yes::::::yes::yes::::::::::admin
949457132::Robe of the Ishva::<a href="http://www.gameznet.com/eq/equipment/robeishva.html">More</a>::8::::::::::::::5::::50::::::::14::::1.8::::::::::::::::::::::::::::::yes::::yes::::yes::yes::::::yes::yes::::::::::admin
949457189::Robe of the Kedge::<a href="http://www.gameznet.com/eq/equipment/robeofkedge.html">More</a>::8::::10::::::::::::::100::::::::::::1.5::::::::::::::::::::::::yes::yes::yes::yes::::yes::::yes::yes::::::yes::yes::::::::::admin
949457243::Robe of the Keeper::<a href="http://gameznet.com/eq/equipment/robeofthekeeper.html">More</a>::8::::::::::2::::::::::::::::::::3.5::::::::::::::::::::::::yes::yes::yes::yes::::yes::::yes::yes::::::yes::yes::::::::::admin
949457300::Robe of the Lost Circle::<a href="http://www.gameznet.com/eq/equipment/monkrobe.html">More</a>::9::::5::::5::::::::15::::::::::::::0.7::::::::yes::::::::::::::::::::::::::::::::::yes::::::yes::::::::::admin
949457360::Robe of the Oracle::<a href="http://gameznet.com/eq/equipment/robeoforacle.html">More</a>::9::::::::::5::5::::30::::::::::::::::::::::yes::::::::::::::::yes::yes::yes::yes::::yes::::yes::yes::::::yes::yes::::::::::admin
949457403::Robe of the Seeker::<a href="http://www.gameznet.com/eq/equipment/robeofseeker.html">More</a>::8::::::::::::2::::::::::::::::::::::::::::::::::::yes::::::::::::::::yes::::yes::yes::::::yes::yes::::::::::admin
949457456::Shining Metallic Robe::<a href="http://gameznet.com/eq/equipment/shinymetrobe.html">More</a>::10::::::::::9::::::::::8::8::::::::3.5::::::::::::::::::::::::yes::yes::yes::yes::::yes::::yes::yes::::::yes::yes::::::::::admin
949457500::Thaumaturgist's Robe::<a href="http://gameznet.com/eq/equipment/thaumrobe.html">More</a>::5::::::::3::::::::::::::::::::::::::::::::::::::::::::::yes::yes::yes::yes::::yes::::yes::yes::::::yes::yes::::::::::admin
949633303::Lambent Breastplate::::20::::5::::::::::1::25::::::::::::::::::::::::yes::::::::::::::::::::::::::::::::yes::::::yes::::::yes::::admin
950043981::Lambent Breastplate::<a href="http://www.gameznet.com/eq/equipment/lambentbreast.html">More</a>::20::::5::::::::::1::25::::::::::::::5.8::::::::::yes::::::::::::::::::::::::::::::::::::yes::yes::::::yes::::admin
952029067::Rune Etched Breastplate::<a href="http://gameznet.com/eq/equipment/runedetchedbp.html">More</a>::26::::9::::::13::::::::25::::::::::::7.5::::::::::::::::::::::yes::::::::::yes::::::::::::::::::yes::yes::::::admin
953670565::Miragul's Robe::<a href="http://gameznet.com/eq/equipment/miragulsrobe.html">More</a>::11::::5::5::::5::::::::20::::::10::10::::1.0::::::::::::::::::::::::yes::yes::yes::yes::yes::yes::yes::yes::yes::yes::yes::yes::yes::yes::yes::yes::::admin
953844826::Indicolite Breastplate::<a href="http://www.gameznet.com/eq/equipment/indicobreastplate.html">More</a>::35::15::15::15::::::::::::::::::::::::7.5::::yes::::::::::::::::::::::::::::yes::yes::yes::yes::yes::yes::yes::yes::yes::yes::yes::yes::::admin
954103264::Golden Efreeti Chestplate::<a href="http://gameznet.com/eq/equipment/goldenefreetichest.html">More</a>::20::5::::::::::10::::::::::::::::::7.5::::yes::yes::yes::yes::yes::yes::yes::yes::yes::yes::yes::yes::yes::yes::yes::yes::yes::yes::yes::yes::yes::yes::yes::yes::yes::yes::::admin
954535244::Small Scarab Breastplate::<a href="http://gameznet.com/eq/equipment/smallscarabbp.html">More</a>::8::::1::-1::::::::::::::::::::::::6.0::::yes::yes::yes::yes::yes::yes::yes::yes::yes::yes::::::::::::::yes::::yes::::yes::::::::::::::admin
956628448::Giant Foreman's Tunic::<a href="http://gameznet.com/eq/equipment/giantforemanstunic.html">More</a>::13::::::::::::::-5::::::::5::::::::8.0::::yes::::::::yes::::::::::yes::::::::::yes::::::::::::::::::yes::yes::::::admin
956628523::Tree Weave::<a href="http://www.gameznet.com/eq/equipment/treeweave.html">More</a>::25::10::::::::::::::::::::::::::::12.0::::yes::yes::yes::yes::yes::yes::yes::yes::yes::yes::::::::::yes::yes::::yes::::yes::::yes::yes::::::yes::yes::admin
956685431::Sarnak Emblazened Taberd::<a href="http://gameznet.com/eq/equipment/sarnakemblazened%20taberd.html">More</a>::14::::::::::::::::10::::::::::::10::6.0::::yes::yes::yes::yes::yes::yes::yes::yes::::yes::::::::::yes::yes::::yes::::yes::::yes::yes::::::yes::yes::admin
956742986::Ruined Scaled Coat::<a href="http://www.gameznet.com/eq/equipment/ruinedscaledcoat.html">More</a>::12::::::::::::::::::::::::::::::10.0::::yes::yes::::yes::yes::yes::yes::yes::::yes::::::::::yes::yes::::yes::::yes::::yes::yes::::::yes::yes::admin
956862487::Jasarth Scale Chestplate::<a href="http://www.gameznet.com/eq/equipment/jasarthscalechestplate.html">More</a>::20::::::5::::::::::10::::::::::::::0.8::::yes::::::::yes::yes::::yes::::yes::::::::::yes::yes::yes::yes::yes::yes::yes::yes::yes::yes::yes::yes::::admin
956862530::Giant Lord's Tunic::<a href="http://www.gameznet.com/eq/equipment/giantlordstunic.html">More</a>::18::::::::::::::-5::::::::5::::::::8.0::::yes::::::::yes::::::::::yes::::::::::yes::::::::::::::::::yes::yes::::::admin
956871563::Flayed Skin Tunic::<a href="http://www.gameznet.com/eq/equipment/flayedskintunic.html">More</a>::16::::::::::::::-2::20::::5::5::5::5::5::3.5::::::::::::yes::::::::::::yes::::::::::::::yes::::::::::yes::::::::::admin
956871661::Burynai Legion Gi::<a href="http://www.gameznet.com/eq/equipment/burynailegiongi.html">More</a>::14::::::2::::::::::15::25::::::::::::0.3::::::::::::::::::yes::::::::::::::::yes::::yes::::::::yes::yes::::::::::admin
956952855::Robe of Dalnir::<a href="http://www.gameznet.com/eq/equipment/robeofdalnir.html">More</a>::6::3::::::3::3::3::::::15::::::::::::2.0::::::::yes::::::::::::::::yes::yes::yes::yes::yes::yes::yes::yes::yes::yes::yes::yes::yes::yes::yes::yes::yes::admin
957125992::Shroud of Nature::<a href="http://www.gameznet.com/eq/equipment/shroudofnature.html">More</a>::13::::::::::::6::::::::8::8::::::::5.0::::::::::::::::yes::::yes::::::::::::yes::yes::yes::yes::yes::yes::yes::yes::yes::yes::yes::yes::yes::admin
957302239::Crescent Gi::<a href="http://www.gameznet.com/eq/equipment/crescentgi.html">More</a>::8::7::::::3::::::::::::::::::::4::0.5::::::::yes::::::::::::::::::::::::::::::::::::::::yes::::::::yes::admin
957386991::Ghostly Robes::<a href="http://www.gameznet.com/eq/equipment/ghostlyrobes.html">More</a>::10::::::::::6::::::::::8::8::::::::3.5::::::::::::::::::::::::yes::yes::yes::yes::yes::yes::yes::yes::yes::yes::yes::yes::yes::yes::yes::yes::yes::admin
957475161::Goblin Forged Chainmail Coat::<a href="http://www.gameznet.com/eq/equipment/goblinforgedchainmailcoat.html">More</a>::13::::-2::::::::::::20::::::::::::::10.8::::yes::yes::::yes::yes::yes::yes::yes::::yes::::::::::yes::yes::yes::yes::yes::yes::yes::yes::yes::::::yes::yes::admin
957475204::Ceremonial Iksar Chestplate::<a href="http://www.gameznet.com/eq/equipment/ceremonialiksarchestplate.html">More</a>::19::::::::::::::::::::::::::::::6.5::Regeneration::yes::yes::::yes::yes::yes::yes::yes::::yes::::::::::yes::yes::yes::yes::yes::yes::yes::yes::yes::yes::yes::yes::yes::admin
957645568::Sebilite Scale Coat::<a href="http://www.gameznet.com/eq/equipment/sebilitescalecoat.html">More</a>::22::6::::::::::6::6::::::::2::2::::2::5.6::::yes::yes::::yes::yes::yes::yes::yes::::yes::::::::::yes::yes::yes::yes::yes::yes::yes::yes::yes::::::yes::yes::admin
957645633::Froglok Bonecaster's Robe::<a href="http://www.gameznet.com/eq/equipment/froglokbonecastersrobe.html">More</a>::10::8::::::::8::::::::40::10::::::::10::3.5::::::::::::::::::::::::yes::yes::yes::yes::yes::yes::yes::yes::yes::yes::yes::yes::yes::::::yes::yes::admin
957906567::Fungi Covered Scale Tunic::<a href="http://www.gameznet.com/eq/equipment/fungicoveredscaletunic.html">More</a>::21::2::::-10::-10::2::::::::::::::::::::2.0::Fungal Regrowth::yes::yes::yes::yes::yes::yes::yes::yes::yes::yes::::::::::yes::yes::yes::yes::yes::yes::yes::yes::yes::yes::yes::yes::yes::admin
958248641::Froglok Scale Chestplate::<a href="http://www.gameznet.com/eq/equipment/froglokscalechestplate.html">More</a>::24::::::::::5::5::3::::::::::::::::5.5::::yes::yes::::yes::yes::yes::yes::yes::::yes::::::::::yes::yes::yes::yes::yes::yes::yes::yes::yes::yes::yes::yes::yes::admin
958596308::Burynai Hide Tunic::<a href="http://gameznet.com/eq/equipment/burynaihidetunic.html">More</a>::9::2::::::::2::::::::::::::::::::2.0::::yes::yes::yes::yes::yes::yes::yes::yes::yes::yes::::::::::yes::yes::::yes::::yes::::yes::yes::::::yes::yes::admin
959114651::Curscale Tunic::<a href="http://www.gameznet.com/eq/equipment/curscaletunic.html">More</a>::5::::::::::::::::::::3::::::::::1.0::::yes::yes::yes::yes::yes::yes::yes::yes::yes::yes::::::::::yes::yes::yes::yes::yes::yes::yes::yes::yes::yes::yes::yes::yes::admin
959114714::Tattered Tomb Shroud::<a href="http://www.gameznet.com/eq/equipment/tatteredtombshroud.html">More</a>::5::::::::::2::::-10::30::::-2::::::::::1.0::::::::::::::::::::::::yes::::::::yes::yes::yes::yes::yes::yes::yes::yes::yes::yes::yes::yes::yes::admin
959202933::Siren Scale Robe::<a href="http://www.gameznet.com/eq/equipment/sirenscalerobe.html">More</a>::10::::::::::10::::::::::::10::::::10::5.0::::::::::::::::::::::::::::yes::::yes::yes::yes::yes::yes::yes::yes::yes::yes::yes::yes::yes::yes::admin
959453133::Robe of Decay::<a href="http://gameznet.com/eq/equipment/decay_robe.html">More</a>::14::::::::::12::::::::40::::::::::::3.5::Dead Man Floating::::::::::::::::::::::yes::::::::yes::yes::yes::yes::yes::yes::yes::yes::yes::yes::yes::yes::::admin
959651842::Tolapumj's Robe::<a href="http://www.gameznet.com/eq/equipment/tolapumjsrobe.html">More</a>::14::5::::::::10::5::::::50::::::::::::3.5::Haste::::::::::::::::::::::yes::yes::yes::yes::yes::yes::yes::yes::yes::yes::yes::yes::yes::yes::yes::yes::yes::admin
959800591::Reinforced Rhino Chest Guard::<a href="http://gameznet.com/eq/equipment/reinforcedrhinochestguard.html">More</a>::9::::::::::::::::::::::::::::::4.0::::yes::yes::::yes::yes::yes::yes::yes::::yes::::::::::::yes::::yes::::yes::::yes::yes::::::yes::yes::admin
960011861::Elder Spiritist's Breastplate::<a href="http://gameznet.com/eq/equipment/elder_bp.html">More</a>::17::::::6::6::::9::::::80::::::::::::10.0::Chloroplast::::::::::::::::::yes::::::::::::yes::yes::yes::yes::yes::yes::yes::yes::yes::yes::yes::yes::::admin
960254361::Deepwater Breastplate::<a href="http://gameznet.com/eq/equipment/deepwater_bp.html">More</a>::40::10::::::10::::10::::::50::::::::::::10.0::Symbol of Pinzarn::::::::::::yes::::::::::::::::::yes::yes::yes::yes::yes::yes::yes::yes::yes::yes::yes::yes::::admin
960254460::Robe of the Whistling Fists::<a href="http://gameznet.com/eq/equipment/whistlingfists.html">More</a>::15::::::::::::::::50::::::::::::10::0.5::Johnthan's Whistling Warsong::::::yes::::::::::::::::::::::::::::::::::::::::::::::::yes::admin
961270145::Trakanasaur Hide Tunic::<a href="http://www.gameznet.com/eq/equipment/trakanasaurhidetunic.html">More</a>::16::::5::::::::::::::::::::::::::0.8::::yes::::::::yes::::::::::yes::::::::::yes::::::::::::::::::yes::yes::::::admin
961445132::Kylong Chestplate::<a href="http://gameznet.com/eq/equipment/kylongchestplate.html">More</a>::22::5::::-2::::::3::::::::::::::::::0.8::::yes::::::yes::yes::yes::::yes::::::::::::::yes::yes::::yes::::yes::::yes::yes::::::yes::yes::admin
961620509::Solist's Robe of Abrogation::<a href="http://gameznet.com/eq/equipment/solistsrobeofabrogation.html">More</a>::14::::::::::13::::::::30::::::::::::3.5::Rend::::::::::::::::::::::::yes::::::yes::yes::yes::yes::yes::yes::yes::yes::yes::yes::yes::yes::yes::admin
961657536::Blood Ember Breastplate::<a href="http://gameznet.com/eq/equipment/bloodemberbreastplate.html">Blood Embr Breastplate</a>::40::12::8::8::8::::::::::::::::::::::10.0::Major Shielding::::::::::yes::::::::::::::::::::yes::yes::yes::yes::yes::yes::yes::yes::yes::yes::yes::yes::::admin
961967606::Jaundiced Bone Breastplate::<a href="http://gameznet.com/eq/equipment/jaundicedbonebreastplate.html">More</a>::35::::::::10::::10::::20::80::::::::::::10.0::Bramblecoat::::::::::::::::::::yes::::::::::yes::yes::yes::yes::yes::yes::yes::yes::yes::yes::yes::yes::yes::admin
961967640::Cobalt Breastplate::<a href="http://gameznet.com/eq/equipment/cobaltbreastplate.html">More</a>::45::5::5::5::::::::::50::::::::::::::20.0::Invigorate::yes::::::::::::::::::::::::::::yes::yes::yes::yes::yes::yes::yes::yes::yes::yes::yes::yes::yes::admin
962407957::Shrouds of Earthen Shadow::<a href="http://gameznet.com/eq/equipment/shroudsofearthernshadow.html">More</a>::20::::::12::::20::::::::10::::::13::13::::3.0::Gather Shadows::::::::::::::::::::::yes::::::::::::::yes::yes::::::::yes::::::::yes::admin
962408032::Robe of the Mystic::<a href="http://gameznet.com/eq/equipment/robeofthemystic.html">More</a>::10::::::::::15::10::10::::::::::::::12::1.0::Breeze::::::::::::::::::::::yes::yes::yes::yes::::yes::::yes::yes::::::yes::yes::::::::yes::admin
962408115::Mrylokar's Breastplate::<a href="http://gameznet.com/eq/equipment/mrylokarsbreastplate.html">More</a>::35::10::10::10::10::-10::-10::5::50::::::::::::::10.0::Invigorate::::yes::::::::::::::::::::::::::yes::yes::yes::yes::yes::yes::yes::yes::yes::yes::yes::yes::::admin
979623022::Ice Burrower Skin::<A HREF="http://www.gameznet.com/eq/equipment/iceburrowerskin.html">More</A>::24::6::12::8::3::::::::23::::::15::::7::::1.5::::::::yes::::::::::::::::::::::::::::::::::::::::yes::::::::yes::admin
