953158888::Amethyst Bracelet::<a href="http://www.gameznet.com/eq/equipment/amethystbracelet.html">More</a>::5::::::::::::3::::15::::::::::::::0.8::::yes::yes::yes::yes::yes::yes::yes::yes::yes::yes::yes::yes::yes::yes::yes::yes::yes::yes::yes::yes::yes::yes::yes::yes::yes::yes::::admin
953158950::Apothic Warband::<a href="http://www.gameznet.com/eq/equipment/apothicwarband.html">More</a>::3::4::::4::::::::::::20::::::::::::0.3::::::::::::::::::::::::::::::yes::::yes::::yes::yes::::::yes::yes::::::::::admin
953159015::Basilisk Bracer::<a href="http://gameznet.com/eq/equipment/basiliskbracer.html">More</a>::1::::::::5::::3::::::::::::::::::5.0::::yes::yes::yes::yes::yes::yes::yes::yes::yes::yes::yes::yes::yes::yes::yes::yes::yes::yes::yes::yes::yes::yes::yes::yes::yes::yes::::admin
953159063::Blighted Armband::<a href="http://gameznet.com/eq/equipment/blightedarmband.html">More</a>::3::4::::5::::::::::::15::::::::::::0.3::::::::::::::::::::::::yes::::::::::yes::::yes::yes::::yes::::yes::::::::::admin
953159106::Bracelet of Cessation::<a href="http://gameznet.com/eq/equipment/braceletcessation.html">More</a>::0::::::5::::::::-5::25::65::::::::::::0.1::::::::::::::::::::::::yes::::::::::yes::::yes::yes::::yes::::yes::::::::::admin
953159269::Bracelet of Beetlekind::<a href="http://gameznet.com/eq/equipment/bracerfirebeetle.html">More</a>::2::3::::::::-3::::::::::10::::::::::1.0::Strengthen::yes::yes::yes::yes::yes::yes::yes::yes::yes::yes::yes::yes::yes::yes::::yes::yes::::yes::::yes::yes::::::::yes::::admin
953159322::Bracelet of Chaotic Intellect::<a href="http://gameznet.com/eq/equipment/bracchaoticintellect.html">More</a>::4::3::-9::-9::::11::::::::20::::::::::::0.1::::::::::::::::::::::::yes::yes::yes::yes::yes::yes::yes::yes::yes::yes::yes::yes::yes::yes::yes::yes::::admin
953159372::Bracelet of Clarification::<a href="http://gameznet.com/eq/equipment/braceletclarificationhtml.htm">More</a>::6::::::::::9::::1::::10::::::::::::0.5::::::::::::::::::::::::::::::yes::yes::yes::yes::yes::yes::yes::yes::yes::yes::yes::yes::yes::::admin
953159423::Bracelet of Exertion::<a href="http://gameznet.com/eq/equipment/braceletexertion.html">More</a>::0::5::::::::::::::75::35::::::::::::0.1::::::::::::::::::::::::::::::yes::yes::yes::yes::yes::yes::yes::yes::yes::yes::yes::yes::yes::::admin
953159674::Bracelet of Quiessence::<a href="http://gameznet.com/eq/equipment/braceletquiescence.html">More</a>::0::::::::::7::::7::::20::::::::::::0.1::::::::::::::::::::::::::::yes::::yes::yes::yes::yes::yes::yes::yes::yes::yes::yes::yes::yes::::admin
953159775::Bracers of Battle::<a href="http://gameznet.com/eq/equipment/EQ-Bracers.of.Battle.html">More</a>::3::1::::3::::::::::::::::::::::::1.0::::yes::yes::yes::yes::yes::yes::yes::yes::yes::yes::::::::::yes::yes::yes::yes::yes::yes::yes::yes::yes::yes::yes::yes::::admin
953159867::Bracers of Erollisi::<a href="http://gameznet.com/eq/equipment/bracererolisi.html">More</a>::2::5::::::::::::::::::::::::::::1.0::::yes::yes::yes::yes::yes::yes::yes::yes::yes::yes::::::::::yes::yes::yes::yes::yes::yes::yes::yes::yes::yes::yes::yes::::admin
953159908::Bracers of the Reverent::<a href="http://gameznet.com/eq/equipment/bracersreverant.html">More</a>::9::::::::::::5::::::::::::::::::3.0::::::::::::::::::yes::::::::::::::yes::yes::yes::yes::yes::yes::yes::yes::yes::yes::yes::yes::::admin
953160019::Bracelet of the Woven Grass::<a href="http://gameznet.com/eq/equipment/bracerofwovengrass.html">More</a>::1::::::::::3::::::12::::::::::::::0.2::::yes::yes::yes::yes::yes::yes::yes::yes::yes::yes::yes::yes::yes::yes::yes::yes::yes::yes::yes::yes::yes::yes::yes::yes::yes::yes::::admin
953160055::Carmine Trinket::<a href="http://gameznet.com/eq/equipment/carminetrinket.html">More</a>::3::2::::6::::::::::::15::::::::::::0.3::::::::::::::::::::::::::yes::::::yes::yes::yes::yes::yes::yes::yes::yes::yes::yes::yes::yes::::admin
953160087::Clay Bracelet::<a href="http://gameznet.com/eq/equipment/claybracelet.html">More</a>::4::::::::::::::::::::::::::::::1.0::::::::::::::::::::::::::::::yes::yes::yes::yes::yes::yes::yes::yes::yes::yes::yes::yes::yes::::admin
953160137::Crafted Bracer::<a href="http://gameznet.com/eq/equipment/craftedbracer.html">More</a>::10::::::2::::2::::::::::::::::::::4.0::::yes::::::::::::::::::::::::::::yes::yes::yes::yes::yes::yes::yes::yes::yes::yes::yes::yes::::admin
953160202::Damask Wristbands::<a href="http://gameznet.com/eq/equipment/damaskwristband.html">More</a>::2::::::::::::::::::::::::::::::0.3::::::::::::::::::::::::yes::yes::yes::yes::yes::yes::yes::yes::yes::yes::yes::yes::yes::yes::yes::yes::::admin
953160247::Darkforge Bracer::<a href="http://gameznet.com/eq/equipment/darkforgebracer.html">More</a>::9::::::3::::::::::::::::::::::::3.5::::::::::::yes::::::::::::::::::::::yes::::yes::::::::::yes::yes::yes::::::admin
953160299::Dragon Bone Bracelet::<a href="http://gameznet.com/eq/equipment/dragonbonebracelet.html">More</a>::4::7::::::7::::::::::::::::::::::0.1::::yes::yes::yes::yes::yes::yes::yes::::::::::::::::yes::yes::yes::yes::yes::yes::yes::yes::yes::yes::yes::yes::::admin
953160332::Electrum Bracelet::<a href="http://gameznet.com/eq/equipment/electrumbracer.html">More</a>::4::::::3::3::::::::::::::::::::::0.4::::yes::yes::yes::yes::yes::yes::yes::yes::yes::yes::yes::yes::yes::yes::yes::yes::yes::yes::yes::yes::yes::yes::yes::yes::yes::yes::::admin
953160373::Ethereal Mist Bracer::<a href="http://gameznet.com/eq/equipment/ethermistbracers.html">More</a>::9::::::9::::::::9::::20::::::::::::3.0::::::::::::::::::yes::::::::::::::yes::yes::yes::yes::yes::yes::yes::yes::yes::yes::yes::yes::::admin
953160410::Jaded Electrum Bracelet::<a href="http://www.gameznet.com/eq/equipment/jadedelectrumbracelet.html">More</a>::2::::::::::::::::10::10::::::::::::0.1::::yes::yes::yes::yes::yes::yes::yes::yes::yes::yes::yes::yes::yes::yes::yes::yes::yes::yes::yes::yes::yes::yes::yes::yes::yes::yes::::admin
953160455::Gold Chitin Bracer::<a href="http://gameznet.com/eq/equipment/goldchitinbracer.html">More</a>::5::::::::5::5::::::::::::::::::::3.0::::yes::yes::yes::yes::yes::yes::yes::yes::yes::yes::yes::yes::yes::yes::yes::yes::yes::yes::yes::yes::yes::yes::yes::yes::yes::yes::::admin
953160497::Golden Efreeti Bracer::<a href="http://gameznet.com/eq/equipment/goldefreetibracer.html">More</a>::8::::::::5::::::::::20::::::::::::3.0::::yes::yes::yes::yes::yes::yes::yes::yes::yes::yes::yes::yes::yes::yes::yes::yes::yes::yes::yes::yes::yes::yes::yes::yes::yes::yes::::admin
953160530::Guard Bracelet::<a href="http://gameznet.com/eq/equipment/guardbracelet.html">More</a>::5::::::::::::::::::::::::::::::2.7::::yes::yes::::yes::yes::yes::yes::yes::::yes::::::::::yes::yes::::yes::::yes::::yes::yes::::::::::admin
953160607::Granite Bracer::<a href="http://www.gameznet.com/eq/equipment/granitebracer.html">More</a>::5::4::7::::::::::::::::::::::::::0.8::::yes::yes::yes::yes::yes::yes::yes::yes::yes::yes::yes::yes::yes::yes::yes::yes::yes::yes::yes::yes::yes::yes::yes::yes::yes::yes::::admin
953160674::Hero Bracers::<a href="http://gameznet.com/eq/equipment/herobracers.html">More</a>::9::10::::::::::::::::::::::5::5::::4.0::::yes::yes::yes::yes::yes::yes::yes::yes::::::::::::::yes::::::yes::::yes::::::yes::::::::::admin
953160722::Imbrued Platemail Bracer::<a href="http://gameznet.com/eq/equipment/ibruedbracer.htm">More</a>::9::::::3::::3::::::10::::::::::::::3.0::::::::::yes::::::::::::::::::::::::::::::::yes::::::yes::::::yes::::admin
953160757::Indicolite Bracer::<a href="http://www.gameznet.com/eq/equipment/indocbracer.html">More</a>::12::3::::3::::::::::::::7::7::::::7::3.0::::yes::::::::::::::::::::::::::::yes::yes::yes::yes::yes::yes::yes::yes::yes::yes::yes::yes::::admin
953160796::Insidious Manacle::<a href="http://gameznet.com/eq/equipment/insidiousmanacle.html">More</a>::3::3::::3::::::::2::::15::::::::::::0.3::::::::::::::::::::::::::::yes::::yes::yes::yes::yes::yes::yes::yes::yes::yes::yes::yes::yes::::admin
953160831::Ivy Etched Bracer::<a href="http://gameznet.com/eq/equipment/ivyetchedbracer.html">More</a>::9::::::2::::::::::::::::::::3::::2.3::::::::::::::::yes::::::::::::::::yes::yes::yes::yes::yes::yes::yes::yes::yes::yes::yes::yes::::admin
953160866::Lambent Bracer::<a href="http://gameznet.com/eq/equipment/lambentbracer.html">More</a>::9::4::::::::::::1::::::::::::::::2.5::::::::::yes::::::::::::::::::::::yes::yes::yes::yes::yes::yes::yes::yes::yes::yes::yes::yes::::admin
953160908::Ivory Bracelet::<a href="http://gameznet.com/eq/equipment/EQ-Ivory.Bracelet.html">More</a>::0::::::::3::::::::::20::::::::::::0.2::::yes::yes::yes::yes::yes::yes::yes::yes::yes::yes::yes::yes::yes::yes::yes::yes::yes::yes::yes::yes::yes::yes::yes::yes::yes::yes::::admin
953160957::Minotaur Hero Shackles::<a href="http://www.gameznet.com/eq/equipment/minoheroshackles.html">More</a>::4::::::::::::::-5::::::::::::5::::2.7::::yes::yes::::yes::yes::yes::yes::yes::::yes::::::::::yes::::::::::::::::::yes::yes::::::admin
953161000::Wrath Orc Wristbands::<a href="http://gameznet.com/eq/equipment/wrathwristbands.html">More</a>::2::::::::::::::-2::::::::::::::::1.9::::yes::yes::yes::yes::yes::yes::yes::yes::yes::yes::::::::::yes::::::::::::::::::yes::yes::::::admin
953161030::Polished Bone Bracelet::<a href="http://gameznet.com/eq/equipment/EQ-Polished.Bone.Bracelet.html">More</a>::2::::::::::3::3::::::::::::::::::0.4::::yes::yes::yes::yes::yes::yes::yes::yes::yes::yes::yes::yes::yes::yes::yes::yes::yes::yes::yes::yes::yes::yes::yes::yes::yes::yes::::admin
953161099::Ravenscale Bracer::<a href="http://gameznet.com/eq/equipment/ravenbracer.html">More</a>::9::::::::3::::::::::::::::::3::::2.3::::::yes::::::::::::::::::::::::::yes::yes::yes::yes::yes::yes::yes::yes::yes::yes::yes::yes::::admin
953161145::Ring of the Ancients::<a href="http://gameznet.com/eq/equipment/ringofancients.html">More</a>::6::::::::::5::::::::::::::::::::2.0::::yes::yes::yes::yes::yes::yes::yes::yes::yes::yes::yes::yes::yes::yes::yes::yes::yes::yes::yes::yes::yes::yes::yes::yes::yes::yes::::admin
953161181::Rubicite Bracer::<a href="http://www.gameznet.com/eq/equipment/EQ-Rubicite.Armour.html">More</a>::9::::::::::::::::::::::::::::::2.3::::yes::yes::::yes::yes::yes::yes::yes::::yes::::::::::yes::yes::yes::yes::yes::yes::yes::yes::yes::yes::yes::yes::::admin
953161228::Runed Mithril Bracer::<a href="http://gameznet.com/eq/equipment/runedmithrilbracer.html">More</a>::4::3::::::::::5::::::::::::::::::2.3::::yes::yes::yes::yes::yes::yes::yes::yes::yes::yes::yes::yes::yes::yes::yes::yes::yes::yes::yes::yes::yes::yes::yes::yes::yes::yes::::admin
953161269::Serpentine Bracer::<a href="http://gameznet.com/eq/equipment/serpentinebracer.html">More</a>::1::::::3::9::::::::::::::::::::::0.8::::yes::yes::yes::yes::yes::yes::yes::yes::yes::yes::yes::yes::yes::yes::yes::yes::yes::yes::yes::yes::yes::yes::yes::yes::yes::yes::::admin
953161316::Shiverback-hide Wristband::<a href="http://gameznet.com/eq/equipment/shiverwrists.htm">More</a>::4::::5::5::5::::::::::::::::5::5::::0.1::::::::yes::::::::::::::::::::::::::::::::::::::::yes::::::::::admin
953161389::Silver Bracelet::<a href="http://gameznet.com/eq/equipment/silverbracelet.html">More</a>::2::::::::3::-3::::::::::::::::10::::1.0::Cure Poison::yes::yes::yes::yes::yes::yes::yes::yes::yes::yes::yes::yes::yes::yes::::yes::yes::::yes::::yes::yes::::::::yes::::admin
953161438::Silver Plated Bracer::<a href="http://gameznet.com/eq/equipment/EQ-Silver.Plated.Bracer.html">More</a>::7::::::::::::::::::::::::5::5::::1.0::::yes::yes::yes::yes::yes::yes::yes::::::::::::::::::yes::yes::yes::yes::yes::yes::yes::yes::yes::yes::yes::::admin
953161470::Stone Bracelet::<a href="http://gameznet.com/eq/equipment/EQ-Stone.Bracelet.html">More</a>::4::::::::::::::::::::::::::::::2.0::::yes::yes::yes::yes::yes::yes::yes::yes::yes::yes::yes::yes::yes::yes::yes::yes::yes::yes::yes::yes::yes::yes::yes::yes::yes::yes::::admin
953161498::Strongbear Bracers::<a href="http://gameznet.com/eq/equipment/strongbearbracers.html">More</a>::3::::::::1::::::::::::::::::::::1.0::::yes::::::::::::::::::::::::::::yes::yes::yes::yes::yes::yes::yes::yes::yes::yes::yes::yes::::admin
953161536::Symbol of Loyalty to Vox::<a href="http://gameznet.com/eq/equipment/symloyvox.html">More</a>::7::::::::::::::::::::::7::::::::::::yes::yes::yes::yes::yes::yes::yes::yes::yes::yes::yes::yes::yes::yes::yes::yes::yes::yes::yes::yes::yes::yes::yes::yes::yes::yes::::admin
953161588::Thorny Vine Bracer::<a href="http://gameznet.com/eq/equipment/thornyvinebracer.html">More</a>::9::::5::::5::5::::::::10::::::::::::3.0::::::::::::::::yes::::::::::::::::yes::yes::yes::yes::yes::yes::yes::yes::yes::yes::yes::yes::::admin
953161637::Totemic Bracer::<a href="http://gameznet.com/eq/equipment/totemicbracer.html">More</a>::9::::::5::::::::::::::::::::::::2.3::::::::::::::::::::::yes::::::::::yes::::::::::::::::::yes::yes::::::admin
953161672::Umbral Platemail Bracer::<a href="http://gameznet.com/eq/equipment/umbrealbracer.html">More</a>::10::::::5::::3::::::::::::::::::::3.0::::::::::::yes::::::::::::::::::::::yes::::yes::::::::::yes::yes::yes::::::admin
953161738::Valorium Bracers::<a href="http://gameznet.com/eq/equipment/vbracers.html">More</a>::10::5::::5::::::::::::10::::::::10::::3.0::::::::::::::yes::::::::::::::::::yes::yes::yes::yes::yes::yes::yes::yes::yes::yes::yes::yes::::admin
953161790::Vermiculated Bracelet::<a href="http://gameznet.com/eq/equipment/vermiculatedbracelet.html">More</a>::5::::::::::::9::::::15::7::7::::::::3.5::::::::::::::::::::yes::::::::::::yes::yes::yes::yes::yes::yes::yes::yes::yes::yes::yes::yes::::admin
953161834::Woven Shadow Bracer::<a href="http://gameznet.com/eq/equipment/wovenshadowbracer.html">More</a>::9::3::::3::3::::::::::::5::5::::::::3.0::::::yes::::::::::::::::::::::::::yes::yes::yes::yes::yes::yes::yes::yes::yes::yes::yes::yes::::admin
953618680::Bloodforge Bracers::<a href="http://gameznet.com/eq/equipment/bloodforgebracers.html">More</a>::5::::::::::::::::::::::::::::::3.5::::yes::::::::::yes::::yes::::::::::::::::::yes::::::::::::::::::::::admin
953928678::Bracelet of Distortion::<a href="http://gameznet.com/eq/equipment/braceletdistortion.html">More</a>::0::5::::::::-5::::::50::50::::::::::::0.1::::::::::::::::::::::::::yes::::::yes::yes::yes::yes::yes::yes::yes::yes::yes::yes::yes::yes::::admin
955047745::Chipped Bone Bracelet::<a href="http://www.gameznet.com/eq/equipment/chippedbonebracelet.html">More</a>::4::::::::::::5::::::::::::::::::2.0::::yes::yes::yes::yes::yes::yes::yes::yes::yes::yes::yes::yes::yes::yes::yes::yes::yes::yes::yes::yes::yes::yes::yes::yes::yes::yes::::admin
955528157::Sejah Ghulam Bracer::<a href="http://gameznet.com/eq/equipment/sejahghulambracer.html">More</a>::5::::3::5::::::::::::::::::::::::0.2::::yes::yes::yes::yes::yes::yes::yes::yes::yes::yes::::::::::yes::yes::yes::yes::yes::yes::yes::yes::yes::yes::yes::yes::yes::admin
956685486::Bracer of the Hidden::<a href="http://gameznet.com/eq/equipment/bracerofthehidden.html">More</a>::6::::::::::::::::::::::::::::::2.0::See Invisible::yes::yes::yes::yes::yes::yes::yes::yes::yes::yes::yes::yes::yes::yes::yes::yes::yes::yes::yes::yes::yes::yes::yes::yes::yes::yes::yes::admin
956685840::Jasarth Scale Wrist Guards::<a href="http://gameznet.com/eq/equipment/jasarthscalewristguard.html">More</a>::8::::::::::::4::4::::::::::::::::::0.8::yes::::::::yes::yes::::yes::::yes::::::::::yes::yes::::yes::::yes::::yes::yes::::::yes::yes::admin
956693375::Sarnak Bracer of Honor::<a href="http://www.gameznet.com/eq/equipment/sarnakbracerofhonor.html">More</a>::10::::::::::::::10::10::::::::::::::2.5::::yes::yes::yes::yes::yes::yes::yes::yes::yes::yes::yes::yes::yes::yes::yes::yes::yes::yes::yes::yes::yes::yes::yes::yes::yes::yes::yes::admin
956862882::Bracer of Scavenging::<a href="http://www.gameznet.com/eq/equipment/bracerofscavenging.html">More</a>::9::::5::5::::::::::::::::::::::::2.0::::yes::yes::::yes::yes::yes::yes::yes::::yes::::::::::yes::yes::yes::yes::yes::yes::yes::yes::yes::yes::yes::yes::yes::admin
956871725::Supple Scale Armband::<a href="http://www.gameznet.com/eq/equipment/supplescalearmband.html">More</a>::3::::::::::5::5::::::25::10::::::::::0.1::::::::::::::::::yes::yes::yes::yes::yes::yes::yes::yes::yes::yes::yes::yes::yes::yes::yes::yes::yes::yes::yes::yes::admin
956871787::Bracer of Vajeen::<a href="http://www.gameznet.com/eq/equipment/bracerofvajeen.html">More</a>::10::::::5::::::::::::::10::10::::::::0.0::::::::::::::::yes::::yes::::::::::::::::::::::yes::::::yes::::::yes::::admin
957217759::Truesilver Mail Bracelets::<a href="http://www.gameznet.com/eq/equipment/truesilvermailbracelets.html">More</a>::10::::::::::::::::::::::::::::2.0::::::yes::yes::::yes::yes::yes::yes::yes::::::::::::::yes::yes::yes::yes::yes::yes::yes::yes::yes::::::yes::yes::admin
957639464::Shackle of Scale::<a href="http://www.gameznet.com/eq/equipment/shackleofscale.html">More</a>::9::::::::::::::::::::::::::::::0.5::::::::yes::::::::::::::::::::::::::::::::::::::::::::::::yes::admin
957645978::Deepwater Bracer::<a href="http://www.gameznet.com/eq/equipment/deepwaterbracer.html">More</a>::16::::::::::::::::::::::::::::::4.0::Stun::::::::::::yes::::::::::::::::::yes::yes::yes::yes::yes::yes::yes::yes::yes::yes::yes::yes::::admin
957646012::Donal's Bracer of Mourning::<a href="http://www.gameznet.com/eq/equipment/donalsbracerofmourning.html">More</a>::16::::::::::::::::::::::::::::::4.0::Pacify::::::::::::::::yes::::::::::::::yes::yes::yes::yes::yes::yes::yes::yes::yes::yes::yes::yes::::admin
958248278::Tolan's Darkwood Bracer::<a href="http://www.gameznet.com/eq/equipment/tolansdarkwoodbracer.html">More</a>::16::::::::::::::::::::::::::::::4.0::Summon Arrows::::::::::::::yes::::::::::::::::yes::yes::yes::yes::yes::yes::yes::yes::yes::yes::yes::yes::::admin
958248328::Burynai Hide Bracelets::<a href="http://www.gameznet.com/eq/equipment/burynaihidebracelets.html">More</a>::4::::::::2::::::::::::::::::::::4.5::::yes::yes::yes::yes::yes::yes::yes::yes::yes::yes::::::::::yes::yes::::yes::::yes::::yes::yes::::::yes::yes::admin
958595468::Elder Spiritist's Bracer::<a href="http://www.gameznet.com/eq/equipment/elderspiritistsbracer.html">More</a>::7::::::::::::::::::::::::::::::4.0::Share Wolf Form::::::::::::::::::yes::::::::::::yes::yes::yes::yes::yes::yes::yes::yes::yes::yes::yes::yes::::admin
958595522::Jaundiced Bone Bracer::<a href="http://www.gameznet.com/eq/equipment/jaundicedbonebracer.html">More</a>::14::::::::::::::::::::::::::::::4.0::Winter's Roar::::::::::::::::::::yes::::::::::yes::yes::yes::yes::yes::yes::yes::yes::yes::yes::yes::yes::::admin
958595552::Blood Ember Bracer::<a href="http://gameznet.com/eq/equipment/bloodemberbracer.html">More</a>::16::::::::::::::::::::::::::::::4.0::Gather Shadows::::::::::yes::::::::::::::::::::yes::yes::yes::yes::yes::yes::yes::yes::yes::yes::yes::yes::::admin
958946471::Golden Bracer::<a href="http://gameznet.com/eq/equipment/goldenbracer.html">More</a>::5::7::::::::7::::::::::::::::::::2.5::::yes::yes::yes::yes::yes::yes::yes::yes::yes::yes::yes::yes::yes::yes::yes::yes::yes::yes::yes::yes::yes::yes::yes::yes::yes::yes::::admin
959651674::Flayed Skin Bracers::<a href="http://www.gameznet.com/eq/equipment/flayedskinbracer.html">More</a>::6::2::::::::2::::-2::::::::::5::5::::5.0::::::::::::yes::::::::::::yes::::::::::::::yes::::::::::yes::::::::::admin
959651727::Hardened Clay Bracer::<a href="http://www.gameznet.com/eq/equipment/hardenedclaybracer.html">More</a>::5::5::5::5::5::::::::::::::::::::::1.0::::yes::yes::yes::yes::yes::yes::yes::::::::::::::::yes::yes::yes::yes::yes::yes::yes::yes::yes::yes::yes::yes::yes::admin
959800659::Rune Etched Bracer::<a href="http://gameznet.com/eq/equipment/runeetchedbracer.html">More</a>::9::::::::::5::5::5::::::::::::::::3.0::::::::::::::::::::::yes::::::::::yes::::::::::::::::::::yes::yes::yes::admin
959800704::Reinforced Rhino Wrist Guard::<a href="http://gameznet.com/eq/equipment/reinforcedrhinowristguard.html">More</a>::4::::::::::::::::::::::::::::::1.5::::yes::yes::::yes::yes::yes::yes::yes::::yes::::::::::::yes::::yes::::yes::::yes::yes::::::yes::yes::admin
960234727::Cobalt Bracer::<a href="http://gameznet.com/eq/equipment/cobalt_bracer.html">More</a>::20::::::::::::::::::::::::::::::4.0::Shrink::yes::::::::::::::::::::::::::::yes::yes::yes::yes::yes::yes::yes::yes::yes::yes::yes::yes::::admin
960583875::Dark Rust Bracer::<a href="http://www.gameznet.com/eq/equipment/darkrustbracer.html">More</a>::10::::3::::::::::::::::::::::::::3.0::::yes::yes::yes::yes::yes::yes::yes::yes::::yes::::::::::yes::yes::::yes::::yes::::yes::yes::yes::yes::yes::yes::admin
960583927::Shackle of Clay::<a href="http://www.gameznet.com/eq/equipment/shackleofclay.html">More</a>::3::::::::::::::::::::::::::::::0.8::::::::yes::::::::::::::::::::::::::::::::::::::::::::::::yes::admin
961967161::Withered Leather Wristbands::<a href="http://gameznet.com/eq/equipment/witheredleatherwristbands.html">More</a>::3::3::2::::::::5::::::5::::::::::::1.0::::::::::::::::::yes::yes::yes::::::::::yes::yes::yes::yes::yes::yes::yes::yes::yes::yes::yes::yes::yes::admin
961967223::Loam Encrusted Bracelet::<a href="http://gameznet.com/eq/equipment/loamencrustedbracelet.html">More</a>::3::::::::::3::::3::::15::::::::::::0.3::::::::::::::::::::::::yes::yes::yes::yes::::yes::::yes::yes::::::yes::yes::::::::yes::admin
962409240::Rotbone Bracelet::<a href="http://www.gameznet.com/eq/equipment/Rotbone%20Bracelet.html">More</a>::4::::-8::::::::::::::35::::::::::::5.0::::::::::::::::::::::::yes::yes::yes::yes::::yes::::yes::yes::::::yes::yes::::::::yes::admin
