111::Delete Me::::::::::::::::::::::::::::::::::::::::::::::::::::::::::::::::::::::::::::::::::::::::::::::admin
950771728::Apothic Crown::<a href="http://gameznet.com/eq/equipment/apothiccrown.html">More</a>::5::::::::::9::::10::10::10::::::::::10::0.3::::::::::::::::::::::::::::::yes::::yes::::yes::yes::::::yes::yes::::::::::admin
950771781::Batfang Headband::<a href="http://gameznet.com/eq/equipment/batfangheadband.html">More</a>::2::::::::::3::3::::::::::::::::::1.5::::yes::yes::yes::yes::yes::yes::yes::yes::yes::yes::yes::yes::yes::yes::yes::yes::yes::yes::yes::yes::yes::yes::yes::yes::yes::yes::::admin
950772003::Blackened Iron Crown::<a href="http://gameznet.com/eq/equipment/EQ-Blackened.Iron.Crown.html">More</a>::5::5::::::::::::::::::5::5::5::5::5::6.0::::yes::yes::yes::yes::yes::yes::yes::yes::::yes::::::::::yes::yes::yes::yes::yes::yes::yes::yes::yes::yes::yes::yes::::admin
950772065::Black Headband::<a href="http://www.gameznet.com/eq/equipment/blackheadband.html">More</a>::2::2::4::3::3::1::::4::4::::::::::::::0.2::::::::yes::::::::::::::::::::::::::::::::::::::::yes::::::::::admin
950772262::Blighted Skullcap::<a href="http://gameznet.com/eq/equipment/blightedskullcap.html">More</a>::5::::::::::8::7::::10::20::::::::::10::0.3::::::::::::::::::::::::yes::::::::::yes::::yes::yes::::::::yes::::::::::admin
950772339::Bloodforge Helm::<a href="http://gameznet.com/eq/equipment/bloodforgehelm.html">More</a>::5::5::::::::::::::::::5::5::5::5::5::6.0::::yes::::::::::yes::::yes::::::::::::::::::yes::::::::::::::::::::::admin
950772511::Blue Headband::<a href="http://www.gameznet.com/eq/equipment/blueheadband.html">More</a>::1::1::3::2::2::::::3::3::::::::::::::0.2::::::::yes::::::::::::::::::::::::::::::::::::::::yes::::::::::admin
950772573::Carmine Turbin::<a href="http://gameznet.com/eq/equipment/carmineturbin.html">More</a>::5::::5::::::7::::10::10::10::::::::::10::0.3::::::::::::::::::::::::::yes::::::::yes::::yes::yes::::::yes::yes::::::::::admin
950772639::Circlet of Mist::<a href="http://gameznet.com/eq/equipment/circletofmist.html">More</a>::5::::::::3::3::3::::::::::::::::::0.1::::::::::::::::::::::::::::::yes::::yes::::yes::yes::::::yes::yes::::::::::admin
950772676::Crafted Helm::<a href="http://gameznet.com/eq/equipment/craftedhelm.htm">More</a>::14::::::::::::5::5::::::::::::::::6.0::::yes::::::::::::::::::::::::::::yes::yes::yes::yes::yes::yes::yes::yes::yes::yes::yes::yes::::admin
950772731::Crown of King Tranix::<a href="http://gameznet.com/eq/equipment/crownoftranix.html">More</a>::13::::::::::::::15::::::::::::::20::1.0::Serpent Sight::yes::yes::yes::yes::yes::yes::yes::yes::yes::yes::yes::yes::yes::yes::yes::yes::yes::yes::yes::yes::yes::yes::yes::yes::yes::yes::::admin
950772834::Crown of the Froglok Kings::<a href="http://gameznet.com/eq/equipment/crownfroglockking.html">More</a>::12::::::::::::::::::::20::20::::::::0.5::::yes::yes::yes::yes::yes::yes::yes::yes::yes::yes::yes::yes::yes::yes::yes::yes::yes::yes::yes::yes::yes::yes::yes::yes::yes::yes::::admin
950772866::Crown of Leaves::<a href="http://gameznet.com/eq/equipment/crownofleaves.html">More</a>::1::::::::::::5::::::::::::::::::0.4::::yes::yes::yes::yes::yes::yes::yes::yes::yes::yes::yes::yes::yes::yes::yes::yes::yes::yes::yes::yes::yes::yes::yes::yes::yes::yes::::admin
950772989::Crested Helm::<a href="http://gameznet.com/eq/equipment/crestedhelm.html">More</a>::10::6::::::::::::3::::::::::::::::5.0::::yes::yes::::yes::yes::yes::yes::::::::::::::::yes::yes::yes::yes::yes::yes::yes::yes::yes::yes::yes::yes::::admin
950773049::Cryosilk Cap::<a href="http://gameznet.com/eq/equipment/cryosilkcap.htm">More</a>::5::::::::::7::9::13::10::10::::::::::9::0.3::::::::::::::::::::::::yes::yes::yes::yes::::yes::::yes::yes::::::yes::yes::::::::::admin
950773119::Dark Circlet::<a href="http://www.gameznet.com/eq/equipment/darkcirclet.html">More</a>::4::::::::::4::::-2::10::::::::::::::0.2::::::::::::::::::::::::yes::::::::::yes::::yes::yes::::::::yes::::::::::admin
950773180::Darkforge Helm::<a href="http://gameznet.com/eq/equipment/dfhelm.html">More</a>::13::::::::::5::::::::::5::5::5::5::5::6.0::::::::::::yes::::::::::::::::::::::yes::::yes::::::::::yes::yes::yes::::::admin
950773229::Ethereal Mist Helm::<a href="http://gameznet.com/eq/equipment/etherealmisthelm.html">More</a>::16::5::::::::::5::::::::::::13::::::4.5::::::::::::::::::yes::::::::::::::::yes::yes::yes::yes::yes::yes::yes::yes::::::::::admin
950773304::Executioner's Hood::<a href="http://gameznet.com/eq/equipment/exechood.html">More</a>::5::4::::9::::::::::::::::::::::::0.2::::yes::yes::yes::yes::yes::yes::yes::::::::::::::::yes::yes::yes::yes::yes::yes::yes::yes::yes::yes::yes::yes::::admin
950773340::Fine Silk Turbin::<a href="http://gameznet.com/eq/equipment/EQ-Fine.Silk.Turbin.html">More</a>::10::::::::::::::::::::10::::::::::0.3::::yes::yes::yes::yes::yes::yes::yes::yes::yes::yes::yes::yes::yes::yes::yes::yes::yes::yes::yes::yes::yes::yes::yes::yes::yes::yes::::admin
950773385::Hammerhead Helm::<a href="http://gameznet.com/eq/equipment/hammerheadhelm.html">More</a>::13::7::7::::::::::::::::::::::::::4.0::::yes::::::yes::yes::yes::yes::yes::::::::::::::yes::yes::yes::yes::yes::yes::yes::yes::yes::yes::yes::yes::::admin
950773428::Helm of Hukulk::<a href="http://www.gameznet.com/eq/equipment/helmhulkulk.html">More</a>::5::3::::::3::::::::::::::::::::::1.0::::yes::::::::yes::::::yes::::::::::::::::yes::::::::::::::::yes::yes::::::admin
950773513::Helm of Ro::<a href="http://gameznet.com/eq/equipment/helmofro.html">More</a>::13::::::::::::8::::::::::::::::::3.0::::::::::::::yes::::::::::::::::::::::yes::yes::::yes::::yes::yes::::::::::admin
950773570::Imbrued Platemail Helm::<a href="http://gameznet.com/eq/equipment/ibruedhelm.html">More</a>::14::::::::::::9::9::::::10::::::::::4.5::::::::::yes::::::::::::::::::::::::::::::::yes::::::yes::::::yes::::admin
950773645::Insidious Halo::<a href="http://gameznet.com/eq/equipment/insidioushalo.html">More</a>::5::::::::::7::::20::10::10::::::::::10::0.3::::::::::::::::::::::::::::yes::::::yes::::yes::yes::::::yes::yes::::::::::admin
950773696::Ivy Etched Helm::<a href="http://gameznet.com/eq/equipment/ivyetchedhelm.html">More</a>::12::::::::::::5::::::::::::5::::::3.5::::::::::::::::yes::::::::::::::::::::::::::yes::::::yes::::::yes::::admin
950773774::Lambent Helm::<a href="http://gameznet.com/eq/equipment/lambenthelm.html">More</a>::13::::::::::5::::3::::::::::::::::3.8::::::::::yes::::::::::::::::::::::::::::::::yes::::::yes::::::yes::::admin
950773853::Mane Attraction::<a href="http://gameznet.com/eq/equipment/maneattraction.html">More</a>::4::::::::::::::10::::::::::::::::3.5::::yes::yes::yes::yes::yes::yes::yes::yes::yes::yes::yes::yes::yes::yes::yes::yes::yes::yes::yes::yes::yes::yes::yes::yes::yes::yes::::admin
950773896::Nightshade Wreath::<a href="http://gameznet.com/eq/equipment/nightshadewreath.html">More</a>::1::::::::::5::5::::::::::::::::::0.1::::::::::yes::::::::yes::yes::yes::yes::yes::yes::yes::yes::yes::yes::yes::yes::yes::yes::yes::yes::yes::yes::yes::::admin
950773949::Platinum Tiara::<a href="http://www.gameznet.com/eq/equipment/plattiara.html">More</a>::3::::::::::::::::35::50::::::::::::1.2::::::::::::::::::yes::yes::yes::yes::yes::yes::yes::yes::yes::yes::yes::yes::yes::yes::yes::yes::yes::yes::yes::::admin
950774002::Purple Headband::<a href="http://gameznet.com/eq/equipment/purpleheadband.html">More</a>::1::::2::1::2::::::2::3::::::::::::::0.0::::::::yes::::::::::::::::::::::::::::::::::::::::yes::::::::::admin
950774071::Red Headband::<a href="http://gameznet.com/eq/equipment/EQ-Red.Headband.html">More</a>::0::::2::1::2::::::2::2::::::::::::::0.2::::::::yes::::::::::::::::::::::::::::::::::::::::yes::::::::::admin
950774157::Rubicite Helm::<a href="http://gameznet.com/eq/equipment/rubicitehelm.html">More</a>::12::::::::::::::::::::::::::::::3.5::::yes::yes::::yes::yes::yes::yes::yes::::yes::::::::::yes::yes::yes::yes::yes::yes::yes::yes::yes::yes::yes::yes::::admin
950774201::Runed Cowl::<a href="http://www.gameznet.com/eq/equipment/runedcowl.html">More</a>::2::::::::::9::5::::::::::::::::::0.3::::::::::yes::::::::::::::yes::yes::yes::yes::yes::yes::yes::yes::yes::yes::yes::yes::yes::yes::yes::yes::::admin
950774239::Runed Circlet::<a href="http://gameznet.com/eq/equipment/runedcirclet.html">More</a>::4::::::::::4::4::::::::::::::::::1.0::::yes::yes::yes::yes::yes::yes::yes::yes::yes::yes::yes::yes::yes::yes::yes::yes::yes::yes::yes::yes::yes::yes::yes::yes::yes::yes::::admin
950774327::Rune Etched Helm::<a href="http://gameznet.com/eq/equipment/runeetchedhelm.html">More</a>::14::::::5::::5::::::::::::::::7::::4.5::::::::::::::::::::::yes::::::::::yes::::::::::::yes::::::yes::yes::::::admin
950774365::Savant's Cap::<a href="http://gameznet.com/eq/equipment/savantscap.html">More</a>::2::::::::::3::3::::::::::::::::::0.3::::yes::yes::yes::yes::yes::yes::yes::yes::yes::yes::yes::yes::yes::yes::yes::yes::yes::yes::yes::yes::yes::yes::yes::yes::yes::yes::::admin
950774417::Skull Mask of Innervation::<a href="http://gameznet.com/eq/equipment/skullmaskinnervation.html">More</a>::::::::::::::::::::20::::::::::::5.0::Intensify Death::::::::::::::::::::::yes::::::::::yes::::::::::::::::::::::::admin
950774530::Skull Shaped Barbute::<a href="http://gameznet.com/eq/equipment/skullshapedbarbute.html">More</a>::13::::::::::::::::35::::::::::::10::5.0::::yes::::::yes::yes::yes::::yes::::::::::::::yes::yes::yes::yes::yes::yes::yes::yes::yes::yes::yes::yes::::admin
950774627::Siryn Hair Hood::<a href="http://www.gameznet.com/eq/equipment/sirynhairhood.html">More</a>::5::::::::::::::13::::::10::::::::::0.2::::yes::yes::yes::yes::yes::yes::yes::yes::yes::yes::yes::yes::yes::yes::yes::yes::yes::yes::yes::yes::yes::yes::yes::yes::yes::yes::::admin
950774730::Stone Circlet::<a href="http://gameznet.com/eq/equipment/stonecirclet.html">More</a>::6::::::::::::::::::::::::::::::2.0::::yes::yes::yes::yes::yes::yes::yes::yes::yes::yes::yes::yes::yes::yes::yes::yes::yes::yes::yes::yes::yes::yes::yes::yes::yes::yes::::admin
950774787::Thorny Vine Helm::<a href="http://gameznet.com/eq/equipment/thornyvinehelm.html">More</a>::14::::::::::::5::9::::10::::7::::::::4.5::::::::::::::::yes::::::::::::::::::::::::::yes::::::yes::::::yes::::admin
950775097::Topknot Headband::<a href="http://gameznet.com/eq/equipment/topknotheadband.html">More</a>::3::3::3::::::::::::::::::::::::::0.4::::yes::yes::yes::yes::yes::yes::yes::yes::yes::yes::yes::yes::yes::yes::yes::yes::yes::yes::yes::yes::yes::yes::yes::yes::yes::yes::::admin
950775146::Totemic Helm::<a href="http://gameznet.com/eq/equipment/totemichelm.html">More</a>::12::::::::::::5::::::::::::::::::3.5::::::::::::::::::::::yes::::::::::yes::::::::::::::::::yes::yes::::::admin
950775274::Turtleshell Helm::<a href="http://gameznet.com/eq/equipment/EQ-Turtleshell.Helm.html">More</a>::5::3::::::::::::::::::::::::::::6.0::::yes::yes::yes::yes::yes::yes::yes::yes::yes::yes::yes::yes::yes::yes::yes::yes::yes::yes::yes::yes::yes::yes::yes::yes::yes::yes::::admin
950775437::Umbral Platemail Helm::<a href="http://gameznet.com/eq/equipment/umbralhelm.html">More</a>::17::::::::::9::::::35::::::::::::10::4.5::::::::::::yes::::::::::::::::::::::yes::::yes::::::::::yes::yes::yes::::::admin
950775481::Valorium Helmet::<a href="http://gameznet.com/eq/equipment/valhelmet.html">More</a>::17::::::::::::7::::::15::::::::::13::4.5::::::::::::::yes::::::::::::::::::::::yes::yes::::yes::::yes::yes::::::::::admin
950775747::Vermiculated Crown::<a href="http://gameznet.com/eq/equipment/vermcrown.html">More</a>::7::::::::::9::::13::::15::::::::::::6.0::::::::::::::yes::::::yes::::::::::::::yes::::::::yes::yes::::yes::::::yes::::admin
950775984::Whirling Bloodstone::<a href="http://www.gameznet.com/eq/equipment/whirlingbloodstone.html">More</a>::0::::::::::::3::::::::::::::::::0.1::::yes::yes::yes::yes::yes::yes::yes::yes::yes::yes::yes::yes::yes::yes::yes::yes::yes::yes::yes::yes::yes::yes::yes::yes::yes::yes::::admin
950776012::Whirling Malachite::<a href="http://gameznet.com/eq/equipment/whirlingmalachite.html">More</a>::0::::::::::::::::::::::::::10::::0.1::::yes::yes::yes::yes::yes::yes::yes::yes::yes::yes::yes::yes::yes::yes::yes::yes::yes::yes::yes::yes::yes::yes::yes::yes::yes::yes::::admin
950776039::Wild One Wig::<a href="http://gameznet.com/eq/equipment/wildonewig.html">More</a>::4::::::::::::::::::::::::::::::5.0::::yes::yes::yes::yes::yes::yes::yes::yes::yes::yes::yes::yes::yes::yes::yes::yes::yes::yes::yes::yes::yes::yes::yes::yes::yes::yes::::admin
950776081::Zaharn's Coronet::<a href="http://gameznet.com/eq/equipment/EQ-Zaharn's.Coronet.html">More</a>::5::3::::::::::::::::25::::::::::::5.0::::::::::::::::::yes::yes::yes::::::::::yes::yes::yes::yes::yes::yes::yes::yes::yes::::::yes::::admin
952509505::Golden Efreeti Turban::<a href="http://gameznet.com/eq/equipment/goldenefreetiturban.html">More</a>::10::5::::::::::::::::::6::6::6::6::6::4.5::::yes::yes::yes::yes::yes::yes::yes::yes::yes::yes::yes::yes::yes::yes::yes::yes::yes::yes::yes::yes::yes::yes::yes::yes::yes::yes::::admin
953618542::Ravenscale Coif::<a href="http://gameznet.com/eq/equipment/ravenscalecoif.html">More</a>::12::::::::::5::2::2::::::::::::::5::3.5::::::yes::::::::::::::::::::::::::yes::yes::yes::yes::yes::yes::yes::yes::yes::yes::yes::yes::::admin
953758169::Wind Etched Helm of Ro::<a href="http://www.gameznet.com/eq/equipment/windetchedhelmro.html">More</a>::20::2::::::::::5::::::15::::::::::13::4.5::::::::::::::yes::::::::::::::::::yes::yes::yes::yes::yes::yes::yes::yes::yes::yes::yes::yes::::admin
953844697::Whirling Hematite::<a href="http://www.gameznet.com/eq/equipment/whirlinghematite.html">More</a>::0::::::::::::::::::::10::::::::::0.1::::yes::yes::yes::yes::yes::yes::yes::yes::yes::yes::yes::yes::yes::yes::yes::yes::yes::yes::yes::yes::yes::yes::yes::yes::yes::yes::::admin
953844759::Indicolite Helm::<a href="http://www.gameznet.com/eq/equipment/indicohelm.html">More</a>::20::::::::::5::::5::::::::::::::::4.5::::yes::::::::::::::::::::::::::::yes::yes::yes::yes::yes::yes::yes::yes::yes::yes::yes::yes::::admin
955407295::Griffon Helm::<a href="http://www.gameznet.com/eq/equipment/griffonhelm.html">More</a>::10::9::::::5::::::::::::::::::::::4.0::::yes::yes::::yes::yes::yes::yes::yes::::yes::::::::::yes::yes::yes::yes::yes::yes::yes::yes::yes::yes::yes::yes::::admin
955564422::Shazda Turbin::<a href="http://www.gameznet.com/eq/equipment/shazdaturbin.html">More</a>::0::::::4::4::::::::::::::::::::::0.2::::yes::yes::yes::yes::yes::yes::yes::yes::yes::yes::yes::yes::yes::yes::yes::yes::yes::yes::yes::yes::yes::yes::yes::yes::yes::yes::::admin
956628717::Lumberjack's Cap::<a href="http://www.gameznet.com/eq/equipment/lumberjackscap.html">More</a>::10::::3::::::::::::::::::::::::::1.5::::yes::yes::yes::yes::yes::yes::yes::yes::yes::yes::::::::::yes::yes::yes::yes::yes::yes::yes::yes::yes::yes::yes::yes::::admin
956628784::Jasarth Scale Helm::<a href="http://www.gameznet.com/eq/equipment/jasarthscalehelm.html">More</a>::10::::::::::2::2::::::::::::::::5::0.4::::yes::::::::yes::yes::::yes::::yes::::::::::yes::yes::::yes::::yes::::yes::yes::::::yes::::admin
956685886::Iksar Skull Helm::<a href="http://gameznet.com/eq/equipment/iksarskullhelm.html">More</a>::5::::::::::::3::::::::::::::::::1.0::::::::::::::::::::::yes::::::::::yes::yes::yes::yes::yes::yes::yes::yes::yes::yes::yes::yes::::admin
956863181::Helm of Rile::<a href="http://www.gameznet.com/eq/equipment/helmofrile.html">More</a>::9::6::::::5::::::::::::::::::::::4.0::::yes::yes::yes::yes::yes::yes::yes::yes::yes::yes::yes::yes::yes::yes::::::::::::::::::::::::::yes::admin
956863233::Flayed Skin Cap::<a href="http://www.gameznet.com/eq/equipment/flayedskincap.html">More</a>::8::4::::::::4::::-2::::::::::::::::1.0::::::::::::yes::::::::::::yes::::::::::::::yes::::::::::yes::::::::::admin
956871372::Circlet of Shadow::<a href="http://www.gameznet.com/eq/equipment/circletofshadow.html">More</a>::5::::::::::::::::::10::::::10::10::::1.0::Gather Shadows::::::::::yes::::::::::::yes::::::::yes::yes::yes::yes::yes::yes::yes::yes::yes::yes::yes::yes::yes::admin
956952602::Scaled Wolf-hide Cap::<a href="http://www.gameznet.com/eq/equipment/scaledwolfhidecap.html">More</a>::4::::::::::2::::::::::3::35::::::::2.0::::yes::yes::yes::yes::yes::yes::yes::yes::yes::yes::::::::::yes::yes::yes::yes::yes::yes::yes::yes::yes::yes::yes::yes::yes::admin
957387162::Apprentice Skullcap - 3rd Rank::<a href="http://www.gameznet.com/eq/equipment/apprenticeskullcap3rd.html">More</a>::4::::::::::::::::::::::::::::::0.6::::::::::::::::::::::::yes::::::::::::::::::::::::::::::::yes::admin
957559696::Koranz Kit'ioukl::<a href="http://www.gameznet.com/eq/equipment/korzanzkitioukl.html">More</a>::10::3::::2::3::::::::20::::::::::::::8.5::::::::::::yes::::::::::::::::::::yes::yes::yes::yes::yes::yes::yes::yes::yes::yes::yes::yes::yes::admin
957559731::Deepwater Helm::<a href="http://www.gameznet.com/eq/equipment/deepwaterhelm.html">More</a>::2::::::::::::::::::::::::::::::6.0::Daring::::::::::::yes::::::::::::::::::yes::yes::yes::yes::yes::yes::yes::yes::yes::yes::yes::yes::yes::admin
958159046::Reinforced Rhino Skullcap::<a href="http://www.gameznet.com/eq/equipment/reinforcedrhinoskullcap.html">More</a>::5::::::::::::::::::::::::::::::1.1::::yes::yes::::yes::yes::yes::yes::yes::::yes::::::::::::yes::::yes::::yes::::yes::yes::::::yes::yes::admin
958159113::Crescent Headband::<a href="http://www.gameznet.com/eq/equipment/crescentheadband.html">More</a>::3::4::::::::::2::::::::::::::2::::0.1::::yes::yes::::yes::yes::yes::yes::yes::yes::yes::::::::::::yes::yes::yes::yes::yes::yes::yes::yes::::::yes::yes::admin
958596027::Jaundiced Bone Helm::<a href="http://gameznet.com/eq/equipment/jaundicedbonehelm.html">More</a>::18::::::::::::::::::::::::::::::6.0::Glamour::::::::::::::::::::yes::::::::::yes::yes::yes::yes::yes::yes::yes::yes::yes::yes::yes::yes::::admin
958596109::Chieftain's Headress::<a href="http://gameznet.com/eq/equipment/chieftainsheadress.html">More</a>::0::3::::::::3::3::::::::::::::::::1.2::::yes::yes::yes::yes::yes::yes::yes::yes::yes::yes::yes::yes::yes::yes::::yes::yes::::yes::::yes::yes::::::::yes::::admin
958946632::Kylong War Helm::<a href="http://gameznet.com/eq/equipment/kylongwarhelm.html">More</a>::12::::::::::::::::20::20::::::::4::7::3.4::::yes::yes::::yes::yes::yes::yes::yes::::yes::::::::::::yes::yes::yes::yes::yes::yes::yes::yes::::::yes::yes::admin
959114861::Elder Spiritist's Helm::<a href="http://www.gameznet.com/eq/equipment/elderspiritistshelm.html">More</a>::10::::::::::::::::::::::::::::::6.0::Superior Camouflage::::::::::::::::::yes::::::::::::yes::yes::yes::yes::yes::yes::yes::yes::yes::yes::yes::yes::::admin
959453637::Sebilite Scale Cap::<a href="http://gameznet.com/eq/equipment/sebilite_cap.html">More</a>::12::4::::::::4::4::::::::::::::2::2::3.4::::yes::yes::::yes::yes::yes::yes::yes::::yes::::::::::::yes::yes::yes::yes::yes::yes::yes::yes::::::yes::yes::admin
959651528::Sarnak Headguard::<a href="http://www.gameznet.com/eq/equipment/sarnakheadguard.html">More</a>::15::::::::::::2::::11::::::::::::10::5.0::::yes::::::yes::yes::yes::::yes::::::::::::::yes::yes::yes::yes::yes::yes::yes::yes::yes::yes::yes::yes::::admin
959800838::Truesilver Mail Coif::<a href="http://gameznet.com/eq/equipment/truesilvermailcoif.html">More</a>::13::::::::::::::::::::::::::::::3.0::::yes::yes::::yes::::yes::yes::::::::::::::::yes::::yes::yes::yes::yes::yes::yes::yes::::::yes::::admin
960011702::Mrylokar's Helm::<a href="http://gameznet.com/eq/equipment/mrylokar_helm.html">More</a>::18::::::::::::::::::::::::::::::6.0::Ultravision::::yes::::::::::::::::::::::::::yes::yes::yes::yes::yes::yes::yes::yes::yes::yes::yes::yes::::admin
960254576::Blood Ember Helm::<a href="http://gameznet.com/eq/equipment/be_helm.html">More</a>::21::::::::::::::::::::::::::::::12.0::Deadeye::::::::::yes::::::::::::::::::::yes::yes::yes::yes::yes::yes::yes::yes::yes::yes::yes::yes::::admin
960749648::Cap of the Insubstantial::<a href="http://gameznet.com/eq/equipment/capoftheinsubstantial.html">More</a>::5::::::16::::::::9::::::::::::::::0.0::Shadow Step::::yes::::yes::::::::::::::::::::::yes::yes::yes::yes::yes::yes::yes::yes::yes::yes::yes::yes::yes::admin
961444998::Woven Shadow Helm::<a href="http://gameznet.com/eq/equipment/wovenshadowhelm.html">More</a>::14::5::::::::9::::::::::::::10::::::4.5::::::yes::::::::::::::::::::::::::yes::yes::yes::yes::yes::yes::yes::yes::yes::yes::yes::yes::yes::admin
961445062::Skullhelm of Krenlek::<a href="http://gameznet.com/eq/equipment/skullhelmofkrenlek.html">More</a>::6::5::3::::::::::::::::::::::::::3.0::::yes::::::yes::yes::yes::yes::::::::::::::::yes::yes::::yes::::yes::::yes::yes::yes::yes::yes::::admin
961966828::Loam Encrusted Veil::<a href="http://gameznet.com/eq/equipment/loamencrustedcap.html">More</a>::4::2::::::::5::::4::::5::::::::::::::::::::::::::::::::::::yes::yes::yes::yes::::yes::::yes::yes::::::yes::yes::::::::yes::admin
961966869::Cobalt Helm::<a href="http://gameznet.com/eq/equipment/cobalthelm.html">More</a>::25::::::::::::::::::::::::::::::10.0::Serpent Sight::yes::::::::::::::::::::::::::::yes::yes::yes::yes::yes::yes::yes::yes::yes::yes::yes::yes::yes::admin
962057908::Al`Kabor's Cap of Binding::<a href="http://www.gameznet.com/eq/equipment/alkaborscapofbinding.html">More</a>::6::5::::::::8::::::40::20::10::10::::::::0.2::Bonds of Force::::::::::::::::::::::::yes::::::yes::yes::yes::yes::yes::yes::yes::yes::yes::yes::yes::yes::yes::admin
962409008::Helm of Brute Strength::<a href="http://gameznet.com/eq/equipment/helmofbrutestrength.html">More</a>::1::10::::::::::::::::::::::::::::3.0::::yes::::::::::::::::::::::::::::yes::yes::::::::yes::::::yes::yes::yes::yes::::admin
962409049::Singing Steel Helm::<a href="http://gameznet.com/eq/equipment/singingsteelhelm.html">More</a>::21::::::::::::::::::::::::::::::6.0::Eye of Zomm::::::::yes::::::::::::::::::::::yes::yes::yes::yes::yes::yes::yes::yes::yes::yes::yes::yes::::admin
