1: startcast turgurs
1: 0.0 dps, 4000 hp, 4000 mana
2: 0.0 dps, 4000 hp, 4000 mana
3: 0.0 dps, 4000 hp, 4000 mana
4: finished casting turgurs
4: 0.0 dps, 4000 hp, 3700 mana
5: 0.0 dps, 4000 hp, 3700 mana
6: turgurs tick
6: 0.0 dps, 4000 hp, 3709 mana
7: startcast miniCH
7: 0.0 dps, 4000 hp, 3709 mana
8: 0.0 dps, 4000 hp, 3709 mana
9: 0.0 dps, 4000 hp, 3709 mana
10: 0.0 dps, 4000 hp, 3709 mana
11: 0.0 dps, 4000 hp, 3709 mana
12: turgurs tick
12: 0.0 dps, 4000 hp, 3718 mana
13: 0.0 dps, 4000 hp, 3718 mana
14: 0.0 dps, 4000 hp, 3718 mana
15: 0.0 dps, 4000 hp, 3718 mana
16: 0.0 dps, 4000 hp, 3718 mana
17: miniCH tick
17: finished casting miniCH
17: 458.8 dps, 4000 hp, 3318 mana
18: turgurs tick
18: 433.3 dps, 4000 hp, 3327 mana
19: 410.5 dps, 4000 hp, 3327 mana
20: startcast miniCH
20: 390.0 dps, 4000 hp, 3327 mana
21: 371.4 dps, 4000 hp, 3327 mana
22: 354.5 dps, 4000 hp, 3327 mana
23: 339.1 dps, 4000 hp, 3327 mana
24: turgurs tick
24: 325.0 dps, 4000 hp, 3336 mana
25: 312.0 dps, 4000 hp, 3336 mana
26: 300.0 dps, 4000 hp, 3336 mana
27: 288.9 dps, 4000 hp, 3336 mana
28: 278.6 dps, 4000 hp, 3336 mana
29: 269.0 dps, 4000 hp, 3336 mana
30: turgurs tick
30: miniCH tick
30: finished casting miniCH
30: 520.0 dps, 4000 hp, 2945 mana
31: 503.2 dps, 4000 hp, 2945 mana
32: 487.5 dps, 4000 hp, 2945 mana
33: startcast miniCH
33: 472.7 dps, 4000 hp, 2945 mana
34: 458.8 dps, 4000 hp, 2945 mana
35: 445.7 dps, 4000 hp, 2945 mana
36: turgurs tick
36: 433.3 dps, 4000 hp, 2954 mana
37: 421.6 dps, 4000 hp, 2954 mana
38: 410.5 dps, 4000 hp, 2954 mana
39: 400.0 dps, 4000 hp, 2954 mana
40: 390.0 dps, 4000 hp, 2954 mana
41: 380.5 dps, 4000 hp, 2954 mana
42: turgurs tick
42: 371.4 dps, 4000 hp, 2963 mana
43: miniCH tick
43: finished casting miniCH
43: 544.2 dps, 4000 hp, 2563 mana
44: 531.8 dps, 4000 hp, 2563 mana
45: 520.0 dps, 4000 hp, 2563 mana
46: cann5 tick
46: finished casting cann5
46: startcast cann5
46: 508.7 dps, 2076 hp, 3629 mana
47: startcast miniCH
47: 497.9 dps, 2076 hp, 3629 mana
48: turgurs tick
48: 487.5 dps, 2095 hp, 3638 mana
49: 477.6 dps, 2095 hp, 3638 mana
50: 468.0 dps, 2095 hp, 3638 mana
51: 458.8 dps, 2095 hp, 3638 mana
52: 450.0 dps, 2095 hp, 3638 mana
53: 441.5 dps, 2095 hp, 3638 mana
54: turgurs tick
54: 433.3 dps, 2114 hp, 3647 mana
55: 425.5 dps, 2114 hp, 3647 mana
56: 417.9 dps, 2114 hp, 3647 mana
57: miniCH tick
57: finished casting miniCH
57: 547.4 dps, 2114 hp, 3247 mana
58: 537.9 dps, 2114 hp, 3247 mana
59: 528.8 dps, 2114 hp, 3247 mana
60: turgurs tick
60: startcast miniCH
60: 520.0 dps, 2133 hp, 3256 mana
61: 511.5 dps, 2133 hp, 3256 mana
62: 503.2 dps, 2133 hp, 3256 mana
63: 495.2 dps, 2133 hp, 3256 mana
64: 487.5 dps, 2133 hp, 3256 mana
65: 480.0 dps, 2133 hp, 3256 mana
66: turgurs tick
66: 472.7 dps, 2152 hp, 3265 mana
67: 465.7 dps, 2152 hp, 3265 mana
68: 458.8 dps, 2152 hp, 3265 mana
69: 452.2 dps, 2152 hp, 3265 mana
70: miniCH tick
70: finished casting miniCH
70: 557.1 dps, 2152 hp, 2865 mana
71: 549.3 dps, 2152 hp, 2865 mana
72: turgurs tick
72: 541.7 dps, 2171 hp, 2874 mana
73: startcast miniCH
73: 534.2 dps, 2171 hp, 2874 mana
74: 527.0 dps, 2171 hp, 2874 mana
75: 520.0 dps, 2171 hp, 2874 mana
76: 513.2 dps, 2171 hp, 2874 mana
77: 506.5 dps, 2171 hp, 2874 mana
78: turgurs tick
78: 500.0 dps, 2190 hp, 2883 mana
79: 493.7 dps, 2190 hp, 2883 mana
80: 487.5 dps, 2190 hp, 2883 mana
81: 481.5 dps, 2190 hp, 2883 mana
82: 475.6 dps, 2190 hp, 2883 mana
83: miniCH tick
83: finished casting miniCH
83: 563.9 dps, 2190 hp, 2483 mana
84: turgurs tick
84: 557.1 dps, 2209 hp, 2492 mana
85: 550.6 dps, 2209 hp, 2492 mana
86: startcast miniCH
86: 544.2 dps, 2209 hp, 2492 mana
87: 537.9 dps, 2209 hp, 2492 mana
88: 531.8 dps, 2209 hp, 2492 mana
89: 525.8 dps, 2209 hp, 2492 mana
90: turgurs tick
90: 520.0 dps, 2228 hp, 2501 mana
91: 514.3 dps, 2228 hp, 2501 mana
92: 508.7 dps, 2228 hp, 2501 mana
93: 503.2 dps, 2228 hp, 2501 mana
94: 497.9 dps, 2228 hp, 2501 mana
95: 492.6 dps, 2228 hp, 2501 mana
96: turgurs tick
96: miniCH tick
96: finished casting miniCH
96: 568.8 dps, 2247 hp, 2110 mana
97: 562.9 dps, 2247 hp, 2110 mana
98: 557.1 dps, 2247 hp, 2110 mana
99: startcast miniCH
99: 551.5 dps, 2247 hp, 2110 mana
100: 546.0 dps, 2247 hp, 2110 mana
101: 540.6 dps, 2247 hp, 2110 mana
102: turgurs tick
102: 535.3 dps, 2266 hp, 2119 mana
103: 530.1 dps, 2266 hp, 2119 mana
104: 525.0 dps, 2266 hp, 2119 mana
105: 520.0 dps, 2266 hp, 2119 mana
106: 515.1 dps, 2266 hp, 2119 mana
107: 510.3 dps, 2266 hp, 2119 mana
108: turgurs tick
108: 505.6 dps, 2285 hp, 2128 mana
109: miniCH tick
109: finished casting miniCH
109: 572.5 dps, 2285 hp, 1728 mana
110: 567.3 dps, 2285 hp, 1728 mana
111: 562.2 dps, 2285 hp, 1728 mana
112: startcast miniCH
112: 557.1 dps, 2285 hp, 1728 mana
113: 552.2 dps, 2285 hp, 1728 mana
114: turgurs tick
114: 547.4 dps, 2304 hp, 1737 mana
115: 542.6 dps, 2304 hp, 1737 mana
116: 537.9 dps, 2304 hp, 1737 mana
117: 533.3 dps, 2304 hp, 1737 mana
118: 528.8 dps, 2304 hp, 1737 mana
119: 524.4 dps, 2304 hp, 1737 mana
120: turgurs tick
120: 520.0 dps, 2323 hp, 1746 mana
121: 515.7 dps, 2323 hp, 1746 mana
122: miniCH tick
122: finished casting miniCH
122: 575.4 dps, 2323 hp, 1346 mana
123: 570.7 dps, 2323 hp, 1346 mana
124: 566.1 dps, 2323 hp, 1346 mana
125: startcast miniCH
125: 561.6 dps, 2323 hp, 1346 mana
126: turgurs tick
126: 557.1 dps, 2342 hp, 1355 mana
127: 552.8 dps, 2342 hp, 1355 mana
128: 548.4 dps, 2342 hp, 1355 mana
129: 544.2 dps, 2342 hp, 1355 mana
130: 540.0 dps, 2342 hp, 1355 mana
131: 535.9 dps, 2342 hp, 1355 mana
132: turgurs tick
132: 531.8 dps, 2361 hp, 1364 mana
133: 527.8 dps, 2361 hp, 1364 mana
134: 523.9 dps, 2361 hp, 1364 mana
135: miniCH tick
135: finished casting miniCH
135: 577.8 dps, 2361 hp, 964 mana
136: 573.5 dps, 2361 hp, 964 mana
137: 569.3 dps, 2361 hp, 964 mana
138: turgurs tick
138: startcast miniCH
138: 565.2 dps, 2380 hp, 973 mana
139: 561.2 dps, 2380 hp, 973 mana
140: 557.1 dps, 2380 hp, 973 mana
141: 553.2 dps, 2380 hp, 973 mana
142: 549.3 dps, 2380 hp, 973 mana
143: 545.5 dps, 2380 hp, 973 mana
144: turgurs tick
144: 541.7 dps, 2399 hp, 982 mana
145: 537.9 dps, 2399 hp, 982 mana
146: 534.2 dps, 2399 hp, 982 mana
147: 530.6 dps, 2399 hp, 982 mana
148: miniCH tick
148: finished casting miniCH
148: 579.7 dps, 2399 hp, 582 mana
149: 575.8 dps, 2399 hp, 582 mana
150: turgurs tick
150: 572.0 dps, 2418 hp, 591 mana
151: startcast miniCH
151: 568.2 dps, 2418 hp, 591 mana
152: 564.5 dps, 2418 hp, 591 mana
153: 560.8 dps, 2418 hp, 591 mana
154: 557.1 dps, 2418 hp, 591 mana
155: 553.5 dps, 2418 hp, 591 mana
156: turgurs tick
156: 550.0 dps, 2437 hp, 600 mana
157: 546.5 dps, 2437 hp, 600 mana
158: 543.0 dps, 2437 hp, 600 mana
159: 539.6 dps, 2437 hp, 600 mana
160: 536.2 dps, 2437 hp, 600 mana
161: miniCH tick
161: finished casting miniCH
161: 581.4 dps, 2437 hp, 200 mana
162: turgurs tick
162: 577.8 dps, 2456 hp, 209 mana
163: 574.2 dps, 2456 hp, 209 mana
164: startcast cann4
164: 570.7 dps, 2456 hp, 209 mana
165: 567.3 dps, 2456 hp, 209 mana
166: 563.9 dps, 2456 hp, 209 mana
167: cann4 tick
167: finished casting cann4
167: 560.5 dps, 2308 hp, 291 mana
168: turgurs tick
168: 557.1 dps, 2327 hp, 300 mana
169: startcast cann4
169: 553.8 dps, 2327 hp, 300 mana
170: 550.6 dps, 2327 hp, 300 mana
171: 547.4 dps, 2327 hp, 300 mana
172: cann4 tick
172: finished casting cann4
172: 544.2 dps, 2179 hp, 382 mana
173: 541.0 dps, 2179 hp, 382 mana
174: turgurs tick
174: startcast cann4
174: 537.9 dps, 2198 hp, 391 mana
175: 534.9 dps, 2198 hp, 391 mana
176: 531.8 dps, 2198 hp, 391 mana
177: cann4 tick
177: finished casting cann4
177: 528.8 dps, 2050 hp, 473 mana
178: 525.8 dps, 2050 hp, 473 mana
179: startcast miniCH
179: 522.9 dps, 2050 hp, 473 mana
180: turgurs tick
180: 520.0 dps, 2069 hp, 482 mana
181: 517.1 dps, 2069 hp, 482 mana
182: 514.3 dps, 2069 hp, 482 mana
183: 511.5 dps, 2069 hp, 482 mana
184: 508.7 dps, 2069 hp, 482 mana
185: 505.9 dps, 2069 hp, 482 mana
186: turgurs tick
186: 503.2 dps, 2088 hp, 491 mana
187: 500.5 dps, 2088 hp, 491 mana
188: 497.9 dps, 2088 hp, 491 mana
189: miniCH tick
189: finished casting miniCH
189: 536.5 dps, 2088 hp, 91 mana
190: 533.7 dps, 2088 hp, 91 mana
191: 530.9 dps, 2088 hp, 91 mana
192: turgurs tick
192: startcast cann4
192: 528.1 dps, 2107 hp, 100 mana
193: 525.4 dps, 2107 hp, 100 mana
194: 522.7 dps, 2107 hp, 100 mana
195: cann4 tick
195: finished casting cann4
195: 520.0 dps, 1959 hp, 182 mana
196: 517.3 dps, 1959 hp, 182 mana
197: startcast cann4
197: 514.7 dps, 1959 hp, 182 mana
198: turgurs tick
198: 512.1 dps, 1978 hp, 191 mana
199: 509.5 dps, 1978 hp, 191 mana
200: cann4 tick
200: finished casting cann4
200: 507.0 dps, 1830 hp, 273 mana
201: 504.5 dps, 1830 hp, 273 mana
202: startcast torpor
202: 502.0 dps, 1830 hp, 273 mana
203: 499.5 dps, 1830 hp, 273 mana
204: turgurs tick
204: 497.1 dps, 1849 hp, 282 mana
205: 494.6 dps, 1849 hp, 282 mana
206: finished casting torpor
206: 492.2 dps, 1849 hp, 82 mana
207: 489.9 dps, 1849 hp, 82 mana
208: 487.5 dps, 1849 hp, 82 mana
209: startcast cann4
209: 485.2 dps, 1849 hp, 82 mana
210: torpor tick
210: turgurs tick
210: 482.9 dps, 2168 hp, 91 mana
211: 480.6 dps, 2168 hp, 91 mana
212: cann4 tick
212: finished casting cann4
212: 478.3 dps, 2020 hp, 173 mana
213: 476.1 dps, 2020 hp, 173 mana
214: startcast cann4
214: 473.8 dps, 2020 hp, 173 mana
215: 471.6 dps, 2020 hp, 173 mana
216: torpor tick
216: turgurs tick
216: 469.4 dps, 2339 hp, 182 mana
217: cann4 tick
217: finished casting cann4
217: 467.3 dps, 2191 hp, 264 mana
218: 465.1 dps, 2191 hp, 264 mana
219: startcast cann4
219: 463.0 dps, 2191 hp, 264 mana
220: 460.9 dps, 2191 hp, 264 mana
221: 458.8 dps, 2191 hp, 264 mana
222: torpor tick
222: turgurs tick
222: cann4 tick
222: finished casting cann4
222: 456.8 dps, 2362 hp, 355 mana
223: 454.7 dps, 2362 hp, 355 mana
224: startcast cann4
224: 452.7 dps, 2362 hp, 355 mana
225: 450.7 dps, 2362 hp, 355 mana
226: 448.7 dps, 2362 hp, 355 mana
227: cann4 tick
227: finished casting cann4
227: 446.7 dps, 2214 hp, 437 mana
228: torpor tick
228: turgurs tick
228: 444.7 dps, 2533 hp, 446 mana
229: cann5 tick
229: finished casting cann5
229: startcast cann5
229: 442.8 dps, 609 hp, 1512 mana
230: startcast miniCH
230: 440.9 dps, 609 hp, 1512 mana
231: 439.0 dps, 609 hp, 1512 mana
232: 437.1 dps, 609 hp, 1512 mana
233: 435.2 dps, 609 hp, 1512 mana
234: torpor tick
234: turgurs tick
234: 433.3 dps, 928 hp, 1521 mana
235: 431.5 dps, 928 hp, 1521 mana
236: 429.7 dps, 928 hp, 1521 mana
237: 427.8 dps, 928 hp, 1521 mana
238: 426.1 dps, 928 hp, 1521 mana
239: 424.3 dps, 928 hp, 1521 mana
240: torpor tick
240: turgurs tick
240: miniCH tick
240: finished casting miniCH
240: 455.0 dps, 1247 hp, 1130 mana
241: 453.1 dps, 1247 hp, 1130 mana
242: 451.2 dps, 1247 hp, 1130 mana
243: startcast torpor
243: 449.4 dps, 1247 hp, 1130 mana
244: 447.5 dps, 1247 hp, 1130 mana
245: 445.7 dps, 1247 hp, 1130 mana
246: turgurs tick
246: 443.9 dps, 1266 hp, 1139 mana
247: finished casting torpor
247: 442.1 dps, 1266 hp, 939 mana
248: 440.3 dps, 1266 hp, 939 mana
249: 438.6 dps, 1266 hp, 939 mana
250: startcast miniCH
250: 436.8 dps, 1266 hp, 939 mana
251: 435.1 dps, 1266 hp, 939 mana
252: torpor tick
252: turgurs tick
252: 433.3 dps, 1585 hp, 948 mana
253: 431.6 dps, 1585 hp, 948 mana
254: 429.9 dps, 1585 hp, 948 mana
255: 428.2 dps, 1585 hp, 948 mana
256: 426.6 dps, 1585 hp, 948 mana
257: 424.9 dps, 1585 hp, 948 mana
258: torpor tick
258: turgurs tick
258: 423.3 dps, 1904 hp, 957 mana
259: 421.6 dps, 1904 hp, 957 mana
260: miniCH tick
260: finished casting miniCH
260: 450.0 dps, 1904 hp, 557 mana
261: 448.3 dps, 1904 hp, 557 mana
262: 446.6 dps, 1904 hp, 557 mana
263: startcast miniCH
263: 444.9 dps, 1904 hp, 557 mana
264: torpor tick
264: turgurs tick
264: 443.2 dps, 2223 hp, 566 mana
265: 441.5 dps, 2223 hp, 566 mana
266: 439.8 dps, 2223 hp, 566 mana
267: 438.2 dps, 2223 hp, 566 mana
268: 436.6 dps, 2223 hp, 566 mana
269: 434.9 dps, 2223 hp, 566 mana
270: torpor tick
270: turgurs tick
270: 433.3 dps, 2542 hp, 575 mana
271: 431.7 dps, 2542 hp, 575 mana
272: 430.1 dps, 2542 hp, 575 mana
273: miniCH tick
273: finished casting miniCH
273: 457.1 dps, 2542 hp, 175 mana
274: 455.5 dps, 2542 hp, 175 mana
275: 453.8 dps, 2542 hp, 175 mana
276: torpor tick
276: turgurs tick
276: startcast cann4
276: 452.2 dps, 2861 hp, 184 mana
277: 450.5 dps, 2861 hp, 184 mana
278: 448.9 dps, 2861 hp, 184 mana
279: cann4 tick
279: finished casting cann4
279: 447.3 dps, 2713 hp, 266 mana
280: 445.7 dps, 2713 hp, 266 mana
281: startcast cann4
281: 444.1 dps, 2713 hp, 266 mana
282: torpor tick
282: turgurs tick
282: 442.6 dps, 3032 hp, 275 mana
283: 441.0 dps, 3032 hp, 275 mana
284: cann4 tick
284: finished casting cann4
284: 439.4 dps, 2884 hp, 357 mana
285: 437.9 dps, 2884 hp, 357 mana
286: startcast cann4
286: 436.4 dps, 2884 hp, 357 mana
287: 434.8 dps, 2884 hp, 357 mana
288: turgurs tick
288: 433.3 dps, 2903 hp, 366 mana
289: cann4 tick
289: finished casting cann4
289: 431.8 dps, 2755 hp, 448 mana
290: 430.3 dps, 2755 hp, 448 mana
291: startcast miniCH
291: 428.9 dps, 2755 hp, 448 mana
292: 427.4 dps, 2755 hp, 448 mana
293: 425.9 dps, 2755 hp, 448 mana
294: turgurs tick
294: 424.5 dps, 2774 hp, 457 mana
295: 423.1 dps, 2774 hp, 457 mana
296: 421.6 dps, 2774 hp, 457 mana
297: 420.2 dps, 2774 hp, 457 mana
298: 418.8 dps, 2774 hp, 457 mana
299: 417.4 dps, 2774 hp, 457 mana
300: turgurs tick
300: 416.0 dps, 2793 hp, 466 mana
301: miniCH tick
301: finished casting miniCH
301: 440.5 dps, 2793 hp, 66 mana
302: 439.1 dps, 2793 hp, 66 mana
303: 437.6 dps, 2793 hp, 66 mana
304: startcast cann4
304: 436.2 dps, 2793 hp, 66 mana
305: 434.8 dps, 2793 hp, 66 mana
306: turgurs tick
306: 433.3 dps, 2812 hp, 75 mana
307: cann4 tick
307: finished casting cann4
307: 431.9 dps, 2664 hp, 157 mana
308: 430.5 dps, 2664 hp, 157 mana
309: startcast cann4
309: 429.1 dps, 2664 hp, 157 mana
310: 427.7 dps, 2664 hp, 157 mana
311: 426.4 dps, 2664 hp, 157 mana
312: turgurs tick
312: cann4 tick
312: finished casting cann4
312: 425.0 dps, 2535 hp, 248 mana
313: 423.6 dps, 2535 hp, 248 mana
314: startcast cann4
314: 422.3 dps, 2535 hp, 248 mana
315: 421.0 dps, 2535 hp, 248 mana
316: 419.6 dps, 2535 hp, 248 mana
317: cann4 tick
317: finished casting cann4
317: 418.3 dps, 2387 hp, 330 mana
318: turgurs tick
318: 417.0 dps, 2406 hp, 339 mana
319: startcast cann4
319: 415.7 dps, 2406 hp, 339 mana
320: 414.4 dps, 2406 hp, 339 mana
321: 413.1 dps, 2406 hp, 339 mana
322: cann4 tick
322: finished casting cann4
322: 411.8 dps, 2258 hp, 421 mana
323: 410.5 dps, 2258 hp, 421 mana
324: turgurs tick
324: startcast miniCH
324: 409.3 dps, 2277 hp, 430 mana
325: 408.0 dps, 2277 hp, 430 mana
326: 406.7 dps, 2277 hp, 430 mana
327: 405.5 dps, 2277 hp, 430 mana
328: 404.3 dps, 2277 hp, 430 mana
329: 403.0 dps, 2277 hp, 430 mana
330: turgurs tick
330: 401.8 dps, 2296 hp, 439 mana
331: 400.6 dps, 2296 hp, 439 mana
332: 399.4 dps, 2296 hp, 439 mana
333: 398.2 dps, 2296 hp, 439 mana
334: miniCH tick
334: finished casting miniCH
334: 420.4 dps, 2296 hp, 39 mana
335: 419.1 dps, 2296 hp, 39 mana
336: turgurs tick
336: 417.9 dps, 2315 hp, 48 mana
337: startcast cann4
337: 416.6 dps, 2315 hp, 48 mana
338: 415.4 dps, 2315 hp, 48 mana
339: 414.2 dps, 2315 hp, 48 mana
340: cann4 tick
340: finished casting cann4
340: 412.9 dps, 2167 hp, 130 mana
341: 411.7 dps, 2167 hp, 130 mana
342: turgurs tick
342: startcast cann4
342: 410.5 dps, 2186 hp, 139 mana
343: 409.3 dps, 2186 hp, 139 mana
344: 408.1 dps, 2186 hp, 139 mana
345: cann4 tick
345: finished casting cann4
345: 407.0 dps, 2038 hp, 221 mana
346: 405.8 dps, 2038 hp, 221 mana
347: startcast cann4
347: 404.6 dps, 2038 hp, 221 mana
348: turgurs tick
348: 403.4 dps, 2057 hp, 230 mana
349: 402.3 dps, 2057 hp, 230 mana
350: cann4 tick
350: finished casting cann4
350: 401.1 dps, 1909 hp, 312 mana
351: 400.0 dps, 1909 hp, 312 mana
352: startcast torpor
352: 398.9 dps, 1909 hp, 312 mana
353: 397.7 dps, 1909 hp, 312 mana
354: turgurs tick
354: 396.6 dps, 1928 hp, 321 mana
355: 395.5 dps, 1928 hp, 321 mana
356: finished casting torpor
356: 394.4 dps, 1928 hp, 121 mana
357: 393.3 dps, 1928 hp, 121 mana
358: 392.2 dps, 1928 hp, 121 mana
359: startcast cann4
359: 391.1 dps, 1928 hp, 121 mana
360: torpor tick
360: turgurs tick
360: 390.0 dps, 2247 hp, 130 mana
361: 388.9 dps, 2247 hp, 130 mana
362: cann4 tick
362: finished casting cann4
362: 387.8 dps, 2099 hp, 212 mana
363: 386.8 dps, 2099 hp, 212 mana
364: startcast cann4
364: 385.7 dps, 2099 hp, 212 mana
365: 384.7 dps, 2099 hp, 212 mana
366: torpor tick
366: turgurs tick
366: 383.6 dps, 2418 hp, 221 mana
367: cann4 tick
367: finished casting cann4
367: 382.6 dps, 2270 hp, 303 mana
368: 381.5 dps, 2270 hp, 303 mana
369: startcast cann4
369: 380.5 dps, 2270 hp, 303 mana
370: 379.5 dps, 2270 hp, 303 mana
371: 378.4 dps, 2270 hp, 303 mana
372: torpor tick
372: turgurs tick
372: cann4 tick
372: finished casting cann4
372: 377.4 dps, 2441 hp, 394 mana
373: 376.4 dps, 2441 hp, 394 mana
374: startcast cann4
374: 375.4 dps, 2441 hp, 394 mana
375: 374.4 dps, 2441 hp, 394 mana
376: 373.4 dps, 2441 hp, 394 mana
377: cann4 tick
377: finished casting cann4
377: 372.4 dps, 2293 hp, 476 mana
378: torpor tick
378: turgurs tick
378: 371.4 dps, 2612 hp, 485 mana
379: startcast miniCH
379: 370.4 dps, 2612 hp, 485 mana
380: 369.5 dps, 2612 hp, 485 mana
381: 368.5 dps, 2612 hp, 485 mana
382: 367.5 dps, 2612 hp, 485 mana
383: 366.6 dps, 2612 hp, 485 mana
384: torpor tick
384: turgurs tick
384: 365.6 dps, 2931 hp, 494 mana
385: 364.7 dps, 2931 hp, 494 mana
386: 363.7 dps, 2931 hp, 494 mana
387: 362.8 dps, 2931 hp, 494 mana
388: 361.9 dps, 2931 hp, 494 mana
389: miniCH tick
389: finished casting miniCH
389: 381.0 dps, 2931 hp, 94 mana
390: torpor tick
390: turgurs tick
390: 380.0 dps, 3250 hp, 103 mana
391: 379.0 dps, 3250 hp, 103 mana
392: startcast cann4
392: 378.1 dps, 3250 hp, 103 mana
393: 377.1 dps, 3250 hp, 103 mana
394: 376.1 dps, 3250 hp, 103 mana
395: cann4 tick
395: finished casting cann4
395: 375.2 dps, 3102 hp, 185 mana
396: turgurs tick
396: 374.2 dps, 3121 hp, 194 mana
397: startcast cann4
397: 373.3 dps, 3121 hp, 194 mana
398: 372.4 dps, 3121 hp, 194 mana
399: 371.4 dps, 3121 hp, 194 mana
400: cann4 tick
400: finished casting cann4
400: 370.5 dps, 2973 hp, 276 mana
401: 369.6 dps, 2973 hp, 276 mana
402: turgurs tick
402: startcast cann4
402: 368.7 dps, 2992 hp, 285 mana
403: 367.7 dps, 2992 hp, 285 mana
404: 366.8 dps, 2992 hp, 285 mana
405: cann4 tick
405: finished casting cann4
405: 365.9 dps, 2844 hp, 367 mana
406: 365.0 dps, 2844 hp, 367 mana
407: startcast cann4
407: 364.1 dps, 2844 hp, 367 mana
408: turgurs tick
408: 363.2 dps, 2863 hp, 376 mana
409: 362.3 dps, 2863 hp, 376 mana
410: cann4 tick
410: finished casting cann4
410: 361.5 dps, 2715 hp, 458 mana
411: 360.6 dps, 2715 hp, 458 mana
412: cann5 tick
412: finished casting cann5
412: startcast cann5
412: 359.7 dps, 791 hp, 1524 mana
413: startcast torpor
413: 358.8 dps, 791 hp, 1524 mana
414: turgurs tick
414: 358.0 dps, 810 hp, 1533 mana
415: 357.1 dps, 810 hp, 1533 mana
416: 356.2 dps, 810 hp, 1533 mana
417: finished casting torpor
417: 355.4 dps, 810 hp, 1333 mana
418: 354.5 dps, 810 hp, 1333 mana
419: 353.7 dps, 810 hp, 1333 mana
420: torpor tick
420: turgurs tick
420: startcast miniCH
420: 352.9 dps, 1129 hp, 1342 mana
421: 352.0 dps, 1129 hp, 1342 mana
422: 351.2 dps, 1129 hp, 1342 mana
423: 350.4 dps, 1129 hp, 1342 mana
424: 349.5 dps, 1129 hp, 1342 mana
425: 348.7 dps, 1129 hp, 1342 mana
426: torpor tick
426: turgurs tick
426: 347.9 dps, 1448 hp, 1351 mana
427: 347.1 dps, 1448 hp, 1351 mana
428: 346.3 dps, 1448 hp, 1351 mana
429: 345.5 dps, 1448 hp, 1351 mana
430: miniCH tick
430: finished casting miniCH
430: 362.8 dps, 1448 hp, 951 mana
431: 361.9 dps, 1448 hp, 951 mana
432: torpor tick
432: turgurs tick
432: 361.1 dps, 1767 hp, 960 mana
433: startcast turgurs
433: 360.3 dps, 1767 hp, 960 mana
434: 359.4 dps, 1767 hp, 960 mana
435: 358.6 dps, 1767 hp, 960 mana
436: finished casting turgurs
436: 357.8 dps, 1767 hp, 660 mana
437: 357.0 dps, 1767 hp, 660 mana
438: torpor tick
438: turgurs tick
438: 356.2 dps, 2086 hp, 669 mana
439: startcast miniCH
439: 355.4 dps, 2086 hp, 669 mana
440: 354.5 dps, 2086 hp, 669 mana
441: 353.7 dps, 2086 hp, 669 mana
442: 352.9 dps, 2086 hp, 669 mana
443: 352.1 dps, 2086 hp, 669 mana
444: torpor tick
444: turgurs tick
444: 351.4 dps, 2405 hp, 678 mana
445: 350.6 dps, 2405 hp, 678 mana
446: 349.8 dps, 2405 hp, 678 mana
447: 349.0 dps, 2405 hp, 678 mana
448: 348.2 dps, 2405 hp, 678 mana
449: miniCH tick
449: finished casting miniCH
449: 364.8 dps, 2405 hp, 278 mana
450: torpor tick
450: turgurs tick
450: 364.0 dps, 2724 hp, 287 mana
451: 363.2 dps, 2724 hp, 287 mana
452: startcast cann4
452: 362.4 dps, 2724 hp, 287 mana
453: 361.6 dps, 2724 hp, 287 mana
454: 360.8 dps, 2724 hp, 287 mana
455: cann4 tick
455: finished casting cann4
455: 360.0 dps, 2576 hp, 369 mana
456: turgurs tick
456: 359.2 dps, 2595 hp, 378 mana
457: startcast cann4
457: 358.4 dps, 2595 hp, 378 mana
458: 357.6 dps, 2595 hp, 378 mana
459: 356.9 dps, 2595 hp, 378 mana
460: cann4 tick
460: finished casting cann4
460: 356.1 dps, 2447 hp, 460 mana
461: 355.3 dps, 2447 hp, 460 mana
462: turgurs tick
462: startcast miniCH
462: 354.5 dps, 2466 hp, 469 mana
463: 353.8 dps, 2466 hp, 469 mana
464: 353.0 dps, 2466 hp, 469 mana
465: 352.3 dps, 2466 hp, 469 mana
466: 351.5 dps, 2466 hp, 469 mana
467: 350.7 dps, 2466 hp, 469 mana
468: turgurs tick
468: 350.0 dps, 2485 hp, 478 mana
469: 349.3 dps, 2485 hp, 478 mana
470: 348.5 dps, 2485 hp, 478 mana
471: 347.8 dps, 2485 hp, 478 mana
472: miniCH tick
472: finished casting miniCH
472: 363.6 dps, 2485 hp, 78 mana
473: 362.8 dps, 2485 hp, 78 mana
474: turgurs tick
474: 362.0 dps, 2504 hp, 87 mana
475: startcast cann4
475: 361.3 dps, 2504 hp, 87 mana
476: 360.5 dps, 2504 hp, 87 mana
477: 359.7 dps, 2504 hp, 87 mana
478: cann4 tick
478: finished casting cann4
478: 359.0 dps, 2356 hp, 169 mana
479: 358.2 dps, 2356 hp, 169 mana
480: turgurs tick
480: startcast cann4
480: 357.5 dps, 2375 hp, 178 mana
481: 356.8 dps, 2375 hp, 178 mana
482: 356.0 dps, 2375 hp, 178 mana
483: cann4 tick
483: finished casting cann4
483: 355.3 dps, 2227 hp, 260 mana
484: 354.5 dps, 2227 hp, 260 mana
485: startcast cann4
485: 353.8 dps, 2227 hp, 260 mana
486: turgurs tick
486: 353.1 dps, 2246 hp, 269 mana
487: 352.4 dps, 2246 hp, 269 mana
488: cann4 tick
488: finished casting cann4
488: 351.6 dps, 2098 hp, 351 mana
489: 350.9 dps, 2098 hp, 351 mana
490: startcast cann4
490: 350.2 dps, 2098 hp, 351 mana
491: 349.5 dps, 2098 hp, 351 mana
492: turgurs tick
492: 348.8 dps, 2117 hp, 360 mana
493: cann4 tick
493: finished casting cann4
493: 348.1 dps, 1969 hp, 442 mana
494: 347.4 dps, 1969 hp, 442 mana
495: startcast torpor
495: 346.7 dps, 1969 hp, 442 mana
496: 346.0 dps, 1969 hp, 442 mana
497: 345.3 dps, 1969 hp, 442 mana
498: turgurs tick
498: 344.6 dps, 1988 hp, 451 mana
499: finished casting torpor
499: 343.9 dps, 1988 hp, 251 mana
500: 343.2 dps, 1988 hp, 251 mana
501: 342.5 dps, 1988 hp, 251 mana
502: startcast cann4
502: 341.8 dps, 1988 hp, 251 mana
503: 341.2 dps, 1988 hp, 251 mana
504: torpor tick
504: turgurs tick
504: 340.5 dps, 2307 hp, 260 mana
505: cann4 tick
505: finished casting cann4
505: 339.8 dps, 2159 hp, 342 mana
506: 339.1 dps, 2159 hp, 342 mana
507: startcast cann4
507: 338.5 dps, 2159 hp, 342 mana
508: 337.8 dps, 2159 hp, 342 mana
509: 337.1 dps, 2159 hp, 342 mana
510: torpor tick
510: turgurs tick
510: cann4 tick
510: finished casting cann4
510: 336.5 dps, 2330 hp, 433 mana
511: 335.8 dps, 2330 hp, 433 mana
512: startcast miniCH
512: 335.2 dps, 2330 hp, 433 mana
513: 334.5 dps, 2330 hp, 433 mana
514: 333.9 dps, 2330 hp, 433 mana
515: 333.2 dps, 2330 hp, 433 mana
516: torpor tick
516: turgurs tick
516: 332.6 dps, 2649 hp, 442 mana
517: 331.9 dps, 2649 hp, 442 mana
518: 331.3 dps, 2649 hp, 442 mana
519: 330.6 dps, 2649 hp, 442 mana
520: 330.0 dps, 2649 hp, 442 mana
521: 329.4 dps, 2649 hp, 442 mana
522: torpor tick
522: turgurs tick
522: miniCH tick
522: finished casting miniCH
522: 343.7 dps, 2968 hp, 51 mana
523: 343.0 dps, 2968 hp, 51 mana
524: 342.4 dps, 2968 hp, 51 mana
525: startcast cann4
525: 341.7 dps, 2968 hp, 51 mana
526: 341.1 dps, 2968 hp, 51 mana
527: 340.4 dps, 2968 hp, 51 mana
528: torpor tick
528: turgurs tick
528: cann4 tick
528: finished casting cann4
528: 339.8 dps, 3139 hp, 142 mana
529: 339.1 dps, 3139 hp, 142 mana
530: startcast cann4
530: 338.5 dps, 3139 hp, 142 mana
531: 337.9 dps, 3139 hp, 142 mana
532: 337.2 dps, 3139 hp, 142 mana
533: cann4 tick
533: finished casting cann4
533: 336.6 dps, 2991 hp, 224 mana
534: torpor tick
534: turgurs tick
534: 336.0 dps, 3310 hp, 233 mana
535: startcast cann4
535: 335.3 dps, 3310 hp, 233 mana
536: 334.7 dps, 3310 hp, 233 mana
537: 334.1 dps, 3310 hp, 233 mana
538: cann4 tick
538: finished casting cann4
538: 333.5 dps, 3162 hp, 315 mana
539: 332.8 dps, 3162 hp, 315 mana
540: turgurs tick
540: startcast cann4
540: 332.2 dps, 3181 hp, 324 mana
541: 331.6 dps, 3181 hp, 324 mana
542: 331.0 dps, 3181 hp, 324 mana
543: cann4 tick
543: finished casting cann4
543: 330.4 dps, 3033 hp, 406 mana
544: 329.8 dps, 3033 hp, 406 mana
545: startcast miniCH
545: 329.2 dps, 3033 hp, 406 mana
546: turgurs tick
546: 328.6 dps, 3052 hp, 415 mana
547: 328.0 dps, 3052 hp, 415 mana
548: 327.4 dps, 3052 hp, 415 mana
549: 326.8 dps, 3052 hp, 415 mana
550: 326.2 dps, 3052 hp, 415 mana
551: 325.6 dps, 3052 hp, 415 mana
552: turgurs tick
552: 325.0 dps, 3071 hp, 424 mana
553: 324.4 dps, 3071 hp, 424 mana
554: 323.8 dps, 3071 hp, 424 mana
555: miniCH tick
555: finished casting miniCH
555: 337.3 dps, 3071 hp, 24 mana
556: 336.7 dps, 3071 hp, 24 mana
557: 336.1 dps, 3071 hp, 24 mana
558: turgurs tick
558: startcast cann4
558: 335.5 dps, 3090 hp, 33 mana
559: 334.9 dps, 3090 hp, 33 mana
560: 334.3 dps, 3090 hp, 33 mana
561: cann4 tick
561: finished casting cann4
561: 333.7 dps, 2942 hp, 115 mana
562: 333.1 dps, 2942 hp, 115 mana
563: startcast cann4
563: 332.5 dps, 2942 hp, 115 mana
564: turgurs tick
564: 331.9 dps, 2961 hp, 124 mana
565: 331.3 dps, 2961 hp, 124 mana
566: cann4 tick
566: finished casting cann4
566: 330.7 dps, 2813 hp, 206 mana
567: 330.2 dps, 2813 hp, 206 mana
568: startcast cann4
568: 329.6 dps, 2813 hp, 206 mana
569: 329.0 dps, 2813 hp, 206 mana
570: turgurs tick
570: 328.4 dps, 2832 hp, 215 mana
571: cann4 tick
571: finished casting cann4
571: 327.8 dps, 2684 hp, 297 mana
572: 327.3 dps, 2684 hp, 297 mana
573: startcast cann4
573: 326.7 dps, 2684 hp, 297 mana
574: 326.1 dps, 2684 hp, 297 mana
575: 325.6 dps, 2684 hp, 297 mana
576: turgurs tick
576: cann4 tick
576: finished casting cann4
576: 325.0 dps, 2555 hp, 388 mana
577: 324.4 dps, 2555 hp, 388 mana
578: startcast cann4
578: 323.9 dps, 2555 hp, 388 mana
579: 323.3 dps, 2555 hp, 388 mana
580: 322.8 dps, 2555 hp, 388 mana
581: cann4 tick
581: finished casting cann4
581: 322.2 dps, 2407 hp, 470 mana
582: turgurs tick
582: 321.6 dps, 2426 hp, 479 mana
583: startcast miniCH
583: 321.1 dps, 2426 hp, 479 mana
584: 320.5 dps, 2426 hp, 479 mana
585: 320.0 dps, 2426 hp, 479 mana
586: 319.5 dps, 2426 hp, 479 mana
587: 318.9 dps, 2426 hp, 479 mana
588: turgurs tick
588: 318.4 dps, 2445 hp, 488 mana
589: 317.8 dps, 2445 hp, 488 mana
590: 317.3 dps, 2445 hp, 488 mana
591: 316.8 dps, 2445 hp, 488 mana
592: 316.2 dps, 2445 hp, 488 mana
593: miniCH tick
593: finished casting miniCH
593: 328.8 dps, 2445 hp, 88 mana
594: turgurs tick
594: 328.3 dps, 2464 hp, 97 mana
595: 327.7 dps, 2464 hp, 97 mana
596: cann5 tick
596: finished casting cann5
596: startcast cann5
596: 327.2 dps, 540 hp, 1163 mana
597: startcast torpor
597: 326.6 dps, 540 hp, 1163 mana
598: 326.1 dps, 540 hp, 1163 mana
599: 325.5 dps, 540 hp, 1163 mana
600: turgurs tick
600: 325.0 dps, 559 hp, 1172 mana
601: finished casting torpor
601: 324.5 dps, 559 hp, 972 mana
602: 323.9 dps, 559 hp, 972 mana
603: 323.4 dps, 559 hp, 972 mana
604: startcast miniCH
604: 322.8 dps, 559 hp, 972 mana
605: 322.3 dps, 559 hp, 972 mana
606: torpor tick
606: turgurs tick
606: 321.8 dps, 878 hp, 981 mana
607: 321.3 dps, 878 hp, 981 mana
608: 320.7 dps, 878 hp, 981 mana
609: 320.2 dps, 878 hp, 981 mana
610: 319.7 dps, 878 hp, 981 mana
611: 319.1 dps, 878 hp, 981 mana
612: torpor tick
612: turgurs tick
612: 318.6 dps, 1197 hp, 990 mana
613: 318.1 dps, 1197 hp, 990 mana
614: miniCH tick
614: finished casting miniCH
614: 330.3 dps, 1197 hp, 590 mana
615: 329.8 dps, 1197 hp, 590 mana
616: 329.2 dps, 1197 hp, 590 mana
617: startcast miniCH
617: 328.7 dps, 1197 hp, 590 mana
618: torpor tick
618: turgurs tick
618: 328.2 dps, 1516 hp, 599 mana
619: 327.6 dps, 1516 hp, 599 mana
620: 327.1 dps, 1516 hp, 599 mana
621: 326.6 dps, 1516 hp, 599 mana
622: 326.0 dps, 1516 hp, 599 mana
623: 325.5 dps, 1516 hp, 599 mana
624: torpor tick
624: turgurs tick
624: 325.0 dps, 1835 hp, 608 mana
625: 324.5 dps, 1835 hp, 608 mana
626: 324.0 dps, 1835 hp, 608 mana
627: miniCH tick
627: finished casting miniCH
627: 335.9 dps, 1835 hp, 208 mana
628: 335.4 dps, 1835 hp, 208 mana
629: 334.8 dps, 1835 hp, 208 mana
630: torpor tick
630: turgurs tick
630: startcast cann4
630: 334.3 dps, 2154 hp, 217 mana
631: 333.8 dps, 2154 hp, 217 mana
632: 333.2 dps, 2154 hp, 217 mana
633: cann4 tick
633: finished casting cann4
633: 332.7 dps, 2006 hp, 299 mana
634: 332.2 dps, 2006 hp, 299 mana
635: startcast cann4
635: 331.7 dps, 2006 hp, 299 mana
636: torpor tick
636: turgurs tick
636: 331.1 dps, 2325 hp, 308 mana
637: 330.6 dps, 2325 hp, 308 mana
638: cann4 tick
638: finished casting cann4
638: 330.1 dps, 2177 hp, 390 mana
639: 329.6 dps, 2177 hp, 390 mana
640: startcast cann4
640: 329.1 dps, 2177 hp, 390 mana
641: 328.5 dps, 2177 hp, 390 mana
642: turgurs tick
642: 328.0 dps, 2196 hp, 399 mana
643: cann4 tick
643: finished casting cann4
643: 327.5 dps, 2048 hp, 481 mana
644: 327.0 dps, 2048 hp, 481 mana
645: startcast miniCH
645: 326.5 dps, 2048 hp, 481 mana
646: 326.0 dps, 2048 hp, 481 mana
647: 325.5 dps, 2048 hp, 481 mana
648: turgurs tick
648: 325.0 dps, 2067 hp, 490 mana
649: 324.5 dps, 2067 hp, 490 mana
650: 324.0 dps, 2067 hp, 490 mana
651: 323.5 dps, 2067 hp, 490 mana
652: 323.0 dps, 2067 hp, 490 mana
653: 322.5 dps, 2067 hp, 490 mana
654: turgurs tick
654: 322.0 dps, 2086 hp, 499 mana
655: miniCH tick
655: finished casting miniCH
655: 333.4 dps, 2086 hp, 99 mana
656: 332.9 dps, 2086 hp, 99 mana
657: 332.4 dps, 2086 hp, 99 mana
658: startcast cann4
658: 331.9 dps, 2086 hp, 99 mana
659: 331.4 dps, 2086 hp, 99 mana
660: turgurs tick
660: 330.9 dps, 2105 hp, 108 mana
661: cann4 tick
661: finished casting cann4
661: 330.4 dps, 1957 hp, 190 mana
662: 329.9 dps, 1957 hp, 190 mana
663: startcast cann4
663: 329.4 dps, 1957 hp, 190 mana
664: 328.9 dps, 1957 hp, 190 mana
665: 328.4 dps, 1957 hp, 190 mana
666: turgurs tick
666: cann4 tick
666: finished casting cann4
666: 327.9 dps, 1828 hp, 281 mana
667: 327.4 dps, 1828 hp, 281 mana
668: startcast torpor
668: 326.9 dps, 1828 hp, 281 mana
669: 326.5 dps, 1828 hp, 281 mana
670: 326.0 dps, 1828 hp, 281 mana
671: 325.5 dps, 1828 hp, 281 mana
672: turgurs tick
672: finished casting torpor
672: 325.0 dps, 1847 hp, 90 mana
673: 324.5 dps, 1847 hp, 90 mana
674: 324.0 dps, 1847 hp, 90 mana
675: startcast cann4
675: 323.6 dps, 1847 hp, 90 mana
676: 323.1 dps, 1847 hp, 90 mana
677: 322.6 dps, 1847 hp, 90 mana
678: torpor tick
678: turgurs tick
678: cann4 tick
678: finished casting cann4
678: 322.1 dps, 2018 hp, 181 mana
679: 321.6 dps, 2018 hp, 181 mana
680: startcast cann4
680: 321.2 dps, 2018 hp, 181 mana
681: 320.7 dps, 2018 hp, 181 mana
682: 320.2 dps, 2018 hp, 181 mana
683: cann4 tick
683: finished casting cann4
683: 319.8 dps, 1870 hp, 263 mana
684: torpor tick
684: turgurs tick
684: 319.3 dps, 2189 hp, 272 mana
685: startcast cann4
685: 318.8 dps, 2189 hp, 272 mana
686: 318.4 dps, 2189 hp, 272 mana
687: 317.9 dps, 2189 hp, 272 mana
688: cann4 tick
688: finished casting cann4
688: 317.4 dps, 2041 hp, 354 mana
689: 317.0 dps, 2041 hp, 354 mana
690: torpor tick
690: turgurs tick
690: startcast cann4
690: 316.5 dps, 2360 hp, 363 mana
691: 316.1 dps, 2360 hp, 363 mana
692: 315.6 dps, 2360 hp, 363 mana
693: cann4 tick
693: finished casting cann4
693: 315.2 dps, 2212 hp, 445 mana
694: 314.7 dps, 2212 hp, 445 mana
695: startcast miniCH
695: 314.2 dps, 2212 hp, 445 mana
696: torpor tick
696: turgurs tick
696: 313.8 dps, 2531 hp, 454 mana
697: 313.3 dps, 2531 hp, 454 mana
698: 312.9 dps, 2531 hp, 454 mana
699: 312.4 dps, 2531 hp, 454 mana
700: 312.0 dps, 2531 hp, 454 mana
701: 311.6 dps, 2531 hp, 454 mana
702: torpor tick
702: turgurs tick
702: 311.1 dps, 2850 hp, 463 mana
703: 310.7 dps, 2850 hp, 463 mana
704: 310.2 dps, 2850 hp, 463 mana
705: miniCH tick
705: finished casting miniCH
705: 320.9 dps, 2850 hp, 63 mana
706: 320.4 dps, 2850 hp, 63 mana
707: 319.9 dps, 2850 hp, 63 mana
708: torpor tick
708: turgurs tick
708: startcast cann4
708: 319.5 dps, 3169 hp, 72 mana
709: 319.0 dps, 3169 hp, 72 mana
710: 318.6 dps, 3169 hp, 72 mana
711: cann4 tick
711: finished casting cann4
711: 318.1 dps, 3021 hp, 154 mana
712: 317.7 dps, 3021 hp, 154 mana
713: startcast cann4
713: 317.3 dps, 3021 hp, 154 mana
714: turgurs tick
714: 316.8 dps, 3040 hp, 163 mana
715: 316.4 dps, 3040 hp, 163 mana
716: cann4 tick
716: finished casting cann4
716: 315.9 dps, 2892 hp, 245 mana
717: 315.5 dps, 2892 hp, 245 mana
718: startcast cann4
718: 315.0 dps, 2892 hp, 245 mana
719: 314.6 dps, 2892 hp, 245 mana
720: turgurs tick
720: 314.2 dps, 2911 hp, 254 mana
721: cann4 tick
721: finished casting cann4
721: 313.7 dps, 2763 hp, 336 mana
722: 313.3 dps, 2763 hp, 336 mana
723: startcast cann4
723: 312.9 dps, 2763 hp, 336 mana
724: 312.4 dps, 2763 hp, 336 mana
725: 312.0 dps, 2763 hp, 336 mana
726: turgurs tick
726: cann4 tick
726: finished casting cann4
726: 311.6 dps, 2634 hp, 427 mana
727: 311.1 dps, 2634 hp, 427 mana
728: startcast miniCH
728: 310.7 dps, 2634 hp, 427 mana
729: 310.3 dps, 2634 hp, 427 mana
730: 309.9 dps, 2634 hp, 427 mana
731: 309.4 dps, 2634 hp, 427 mana
732: turgurs tick
732: 309.0 dps, 2653 hp, 436 mana
733: 308.6 dps, 2653 hp, 436 mana
734: 308.2 dps, 2653 hp, 436 mana
735: 307.8 dps, 2653 hp, 436 mana
736: 307.3 dps, 2653 hp, 436 mana
737: 306.9 dps, 2653 hp, 436 mana
738: turgurs tick
738: miniCH tick
738: finished casting miniCH
738: 317.1 dps, 2672 hp, 45 mana
739: 316.6 dps, 2672 hp, 45 mana
740: 316.2 dps, 2672 hp, 45 mana
741: startcast cann4
741: 315.8 dps, 2672 hp, 45 mana
742: 315.4 dps, 2672 hp, 45 mana
743: 314.9 dps, 2672 hp, 45 mana
744: turgurs tick
744: cann4 tick
744: finished casting cann4
744: 314.5 dps, 2543 hp, 136 mana
745: 314.1 dps, 2543 hp, 136 mana
746: startcast cann4
746: 313.7 dps, 2543 hp, 136 mana
747: 313.3 dps, 2543 hp, 136 mana
748: 312.8 dps, 2543 hp, 136 mana
749: cann4 tick
749: finished casting cann4
749: 312.4 dps, 2395 hp, 218 mana
750: turgurs tick
750: 312.0 dps, 2414 hp, 227 mana
751: startcast cann4
751: 311.6 dps, 2414 hp, 227 mana
752: 311.2 dps, 2414 hp, 227 mana
753: 310.8 dps, 2414 hp, 227 mana
754: cann4 tick
754: finished casting cann4
754: 310.3 dps, 2266 hp, 309 mana
755: 309.9 dps, 2266 hp, 309 mana
756: turgurs tick
756: startcast cann4
756: 309.5 dps, 2285 hp, 318 mana
757: 309.1 dps, 2285 hp, 318 mana
758: 308.7 dps, 2285 hp, 318 mana
759: cann4 tick
759: finished casting cann4
759: 308.3 dps, 2137 hp, 400 mana
760: 307.9 dps, 2137 hp, 400 mana
761: startcast miniCH
761: 307.5 dps, 2137 hp, 400 mana
762: turgurs tick
762: 307.1 dps, 2156 hp, 409 mana
763: 306.7 dps, 2156 hp, 409 mana
764: 306.3 dps, 2156 hp, 409 mana
765: 305.9 dps, 2156 hp, 409 mana
766: 305.5 dps, 2156 hp, 409 mana
767: 305.1 dps, 2156 hp, 409 mana
768: turgurs tick
768: 304.7 dps, 2175 hp, 418 mana
769: 304.3 dps, 2175 hp, 418 mana
770: 303.9 dps, 2175 hp, 418 mana
771: miniCH tick
771: finished casting miniCH
771: 313.6 dps, 2175 hp, 18 mana
772: 313.2 dps, 2175 hp, 18 mana
773: 312.8 dps, 2175 hp, 18 mana
774: turgurs tick
774: startcast cann4
774: 312.4 dps, 2194 hp, 27 mana
775: 312.0 dps, 2194 hp, 27 mana
776: 311.6 dps, 2194 hp, 27 mana
777: cann4 tick
777: finished casting cann4
777: 311.2 dps, 2046 hp, 109 mana
778: 310.8 dps, 2046 hp, 109 mana
779: cann5 tick
779: finished casting cann5
779: startcast cann5
779: 310.4 dps, 122 hp, 1175 mana
780: turgurs tick
780: startcast torpor
780: 310.0 dps, 141 hp, 1184 mana
781: 309.6 dps, 141 hp, 1184 mana
782: 309.2 dps, 141 hp, 1184 mana
783: 308.8 dps, 141 hp, 1184 mana
784: finished casting torpor
784: 308.4 dps, 141 hp, 984 mana
785: 308.0 dps, 141 hp, 984 mana
786: torpor tick
786: turgurs tick
786: 307.6 dps, 460 hp, 993 mana
787: startcast miniCH
787: 307.2 dps, 460 hp, 993 mana
788: 306.9 dps, 460 hp, 993 mana
789: 306.5 dps, 460 hp, 993 mana
790: 306.1 dps, 460 hp, 993 mana
791: 305.7 dps, 460 hp, 993 mana
792: torpor tick
792: turgurs tick
792: 305.3 dps, 779 hp, 1002 mana
793: 304.9 dps, 779 hp, 1002 mana
794: 304.5 dps, 779 hp, 1002 mana
795: 304.2 dps, 779 hp, 1002 mana
796: 303.8 dps, 779 hp, 1002 mana
797: miniCH tick
797: finished casting miniCH
797: 313.2 dps, 779 hp, 602 mana
798: torpor tick
798: turgurs tick
798: 312.8 dps, 1098 hp, 611 mana
799: 312.4 dps, 1098 hp, 611 mana
800: startcast miniCH
800: 312.0 dps, 1098 hp, 611 mana
801: 311.6 dps, 1098 hp, 611 mana
802: 311.2 dps, 1098 hp, 611 mana
803: 310.8 dps, 1098 hp, 611 mana
804: torpor tick
804: turgurs tick
804: 310.4 dps, 1417 hp, 620 mana
805: 310.1 dps, 1417 hp, 620 mana
806: 309.7 dps, 1417 hp, 620 mana
807: 309.3 dps, 1417 hp, 620 mana
808: 308.9 dps, 1417 hp, 620 mana
809: 308.5 dps, 1417 hp, 620 mana
810: torpor tick
810: turgurs tick
810: miniCH tick
810: finished casting miniCH
810: 317.8 dps, 1736 hp, 229 mana
811: 317.4 dps, 1736 hp, 229 mana
812: 317.0 dps, 1736 hp, 229 mana
813: startcast cann4
813: 316.6 dps, 1736 hp, 229 mana
814: 316.2 dps, 1736 hp, 229 mana
815: 315.8 dps, 1736 hp, 229 mana
816: torpor tick
816: turgurs tick
816: cann4 tick
816: finished casting cann4
816: 315.4 dps, 1907 hp, 320 mana
817: 315.1 dps, 1907 hp, 320 mana
818: startcast torpor
818: 314.7 dps, 1907 hp, 320 mana
819: 314.3 dps, 1907 hp, 320 mana
820: 313.9 dps, 1907 hp, 320 mana
821: 313.5 dps, 1907 hp, 320 mana
822: turgurs tick
822: finished casting torpor
822: 313.1 dps, 1926 hp, 129 mana
823: 312.8 dps, 1926 hp, 129 mana
824: 312.4 dps, 1926 hp, 129 mana
825: startcast cann4
825: 312.0 dps, 1926 hp, 129 mana
826: 311.6 dps, 1926 hp, 129 mana
827: 311.2 dps, 1926 hp, 129 mana
828: torpor tick
828: turgurs tick
828: cann4 tick
828: finished casting cann4
828: 310.9 dps, 2097 hp, 220 mana
829: 310.5 dps, 2097 hp, 220 mana
830: startcast cann4
830: 310.1 dps, 2097 hp, 220 mana
831: 309.7 dps, 2097 hp, 220 mana
832: 309.4 dps, 2097 hp, 220 mana
833: cann4 tick
833: finished casting cann4
833: 309.0 dps, 1949 hp, 302 mana
834: torpor tick
834: turgurs tick
834: 308.6 dps, 2268 hp, 311 mana
835: startcast cann4
835: 308.3 dps, 2268 hp, 311 mana
836: 307.9 dps, 2268 hp, 311 mana
837: 307.5 dps, 2268 hp, 311 mana
838: cann4 tick
838: finished casting cann4
838: 307.2 dps, 2120 hp, 393 mana
839: 306.8 dps, 2120 hp, 393 mana
840: torpor tick
840: turgurs tick
840: startcast miniCH
840: 306.4 dps, 2439 hp, 402 mana
841: 306.1 dps, 2439 hp, 402 mana
842: 305.7 dps, 2439 hp, 402 mana
843: 305.3 dps, 2439 hp, 402 mana
844: 305.0 dps, 2439 hp, 402 mana
845: 304.6 dps, 2439 hp, 402 mana
846: torpor tick
846: turgurs tick
846: 304.3 dps, 2758 hp, 411 mana
847: 303.9 dps, 2758 hp, 411 mana
848: 303.5 dps, 2758 hp, 411 mana
849: 303.2 dps, 2758 hp, 411 mana
850: miniCH tick
850: finished casting miniCH
850: 312.0 dps, 2758 hp, 11 mana
851: 311.6 dps, 2758 hp, 11 mana
852: torpor tick
852: turgurs tick
852: 311.3 dps, 3077 hp, 20 mana
853: startcast cann4
853: 310.9 dps, 3077 hp, 20 mana
854: 310.5 dps, 3077 hp, 20 mana
855: 310.2 dps, 3077 hp, 20 mana
856: cann4 tick
856: finished casting cann4
856: 309.8 dps, 2929 hp, 102 mana
857: 309.5 dps, 2929 hp, 102 mana
858: torpor tick
858: turgurs tick
858: startcast cann4
858: 309.1 dps, 3248 hp, 111 mana
859: 308.7 dps, 3248 hp, 111 mana
860: 308.4 dps, 3248 hp, 111 mana
861: cann4 tick
861: finished casting cann4
861: 308.0 dps, 3100 hp, 193 mana
862: 307.7 dps, 3100 hp, 193 mana
863: startcast cann4
863: 307.3 dps, 3100 hp, 193 mana
864: turgurs tick
864: 306.9 dps, 3119 hp, 202 mana
865: 306.6 dps, 3119 hp, 202 mana
866: cann4 tick
866: finished casting cann4
866: 306.2 dps, 2971 hp, 284 mana
867: 305.9 dps, 2971 hp, 284 mana
868: startcast cann4
868: 305.5 dps, 2971 hp, 284 mana
869: 305.2 dps, 2971 hp, 284 mana
870: 304.8 dps, 2990 hp, 293 mana
871: cann4 tick
871: finished casting cann4
871: 304.5 dps, 2842 hp, 375 mana
872: 304.1 dps, 2842 hp, 375 mana
873: startcast turgurs
873: 303.8 dps, 2842 hp, 375 mana
874: 303.4 dps, 2842 hp, 375 mana
875: 303.1 dps, 2842 hp, 375 mana
876: finished casting turgurs
876: 302.7 dps, 2861 hp, 84 mana
877: 302.4 dps, 2861 hp, 84 mana
878: 302.1 dps, 2861 hp, 84 mana
879: startcast cann4
879: 301.7 dps, 2861 hp, 84 mana
880: 301.4 dps, 2861 hp, 84 mana
881: 301.0 dps, 2861 hp, 84 mana
882: turgurs tick
882: cann4 tick
882: finished casting cann4
882: 300.7 dps, 2732 hp, 175 mana
883: 300.3 dps, 2732 hp, 175 mana
884: startcast cann4
884: 300.0 dps, 2732 hp, 175 mana
885: 299.7 dps, 2732 hp, 175 mana
886: 299.3 dps, 2732 hp, 175 mana
887: cann4 tick
887: finished casting cann4
887: 299.0 dps, 2584 hp, 257 mana
888: turgurs tick
888: 298.6 dps, 2603 hp, 266 mana
889: startcast cann4
889: 298.3 dps, 2603 hp, 266 mana
890: 298.0 dps, 2603 hp, 266 mana
891: 297.6 dps, 2603 hp, 266 mana
892: cann4 tick
892: finished casting cann4
892: 297.3 dps, 2455 hp, 348 mana
893: 297.0 dps, 2455 hp, 348 mana
894: turgurs tick
894: startcast cann4
894: 296.6 dps, 2474 hp, 357 mana
895: 296.3 dps, 2474 hp, 357 mana
896: 296.0 dps, 2474 hp, 357 mana
897: cann4 tick
897: finished casting cann4
897: 295.7 dps, 2326 hp, 439 mana
898: 295.3 dps, 2326 hp, 439 mana
899: startcast miniCH
899: 295.0 dps, 2326 hp, 439 mana
900: turgurs tick
900: 294.7 dps, 2345 hp, 448 mana
901: 294.3 dps, 2345 hp, 448 mana
902: 294.0 dps, 2345 hp, 448 mana
903: 293.7 dps, 2345 hp, 448 mana
904: 293.4 dps, 2345 hp, 448 mana
905: 293.0 dps, 2345 hp, 448 mana
906: turgurs tick
906: 292.7 dps, 2364 hp, 457 mana
907: 292.4 dps, 2364 hp, 457 mana
908: 292.1 dps, 2364 hp, 457 mana
909: miniCH tick
909: finished casting miniCH
909: 300.3 dps, 2364 hp, 57 mana
910: 300.0 dps, 2364 hp, 57 mana
911: 299.7 dps, 2364 hp, 57 mana
912: turgurs tick
912: startcast cann4
912: 299.3 dps, 2383 hp, 66 mana
913: 299.0 dps, 2383 hp, 66 mana
914: 298.7 dps, 2383 hp, 66 mana
915: cann4 tick
915: finished casting cann4
915: 298.4 dps, 2235 hp, 148 mana
916: 298.0 dps, 2235 hp, 148 mana
917: startcast cann4
917: 297.7 dps, 2235 hp, 148 mana
918: turgurs tick
918: 297.4 dps, 2254 hp, 157 mana
919: 297.1 dps, 2254 hp, 157 mana
920: cann4 tick
920: finished casting cann4
920: 296.7 dps, 2106 hp, 239 mana
921: 296.4 dps, 2106 hp, 239 mana
922: startcast cann4
922: 296.1 dps, 2106 hp, 239 mana
923: 295.8 dps, 2106 hp, 239 mana
924: turgurs tick
924: 295.5 dps, 2125 hp, 248 mana
925: cann4 tick
925: finished casting cann4
925: 295.1 dps, 1977 hp, 330 mana
926: 294.8 dps, 1977 hp, 330 mana
927: startcast torpor
927: 294.5 dps, 1977 hp, 330 mana
928: 294.2 dps, 1977 hp, 330 mana
929: 293.9 dps, 1977 hp, 330 mana
930: turgurs tick
930: 293.5 dps, 1996 hp, 339 mana
931: finished casting torpor
931: 293.2 dps, 1996 hp, 139 mana
932: 292.9 dps, 1996 hp, 139 mana
933: 292.6 dps, 1996 hp, 139 mana
934: startcast cann4
934: 292.3 dps, 1996 hp, 139 mana
935: 292.0 dps, 1996 hp, 139 mana
936: torpor tick
936: turgurs tick
936: 291.7 dps, 2315 hp, 148 mana
937: cann4 tick
937: finished casting cann4
937: 291.4 dps, 2167 hp, 230 mana
938: 291.0 dps, 2167 hp, 230 mana
939: startcast cann4
939: 290.7 dps, 2167 hp, 230 mana
940: 290.4 dps, 2167 hp, 230 mana
941: 290.1 dps, 2167 hp, 230 mana
942: torpor tick
942: turgurs tick
942: cann4 tick
942: finished casting cann4
942: 289.8 dps, 2338 hp, 321 mana
943: 289.5 dps, 2338 hp, 321 mana
944: startcast cann4
944: 289.2 dps, 2338 hp, 321 mana
945: 288.9 dps, 2338 hp, 321 mana
946: 288.6 dps, 2338 hp, 321 mana
947: cann4 tick
947: finished casting cann4
947: 288.3 dps, 2190 hp, 403 mana
948: torpor tick
948: turgurs tick
948: 288.0 dps, 2509 hp, 412 mana
949: startcast miniCH
949: 287.7 dps, 2509 hp, 412 mana
950: 287.4 dps, 2509 hp, 412 mana
951: 287.1 dps, 2509 hp, 412 mana
952: 286.8 dps, 2509 hp, 412 mana
953: 286.5 dps, 2509 hp, 412 mana
954: torpor tick
954: turgurs tick
954: 286.2 dps, 2828 hp, 421 mana
955: 285.9 dps, 2828 hp, 421 mana
956: 285.6 dps, 2828 hp, 421 mana
957: 285.3 dps, 2828 hp, 421 mana
958: 285.0 dps, 2828 hp, 421 mana
959: miniCH tick
959: finished casting miniCH
959: 292.8 dps, 2828 hp, 21 mana
960: torpor tick
960: turgurs tick
960: 292.5 dps, 3147 hp, 30 mana
961: 292.2 dps, 3147 hp, 30 mana
962: cann5 tick
962: finished casting cann5
962: startcast cann5
962: 291.9 dps, 1223 hp, 1096 mana
963: startcast miniCH
963: 291.6 dps, 1223 hp, 1096 mana
964: 291.3 dps, 1223 hp, 1096 mana
965: 291.0 dps, 1223 hp, 1096 mana
966: torpor tick
966: turgurs tick
966: 290.7 dps, 1542 hp, 1105 mana
967: 290.4 dps, 1542 hp, 1105 mana
968: 290.1 dps, 1542 hp, 1105 mana
969: 289.8 dps, 1542 hp, 1105 mana
970: 289.5 dps, 1542 hp, 1105 mana
971: 289.2 dps, 1542 hp, 1105 mana
972: turgurs tick
972: 288.9 dps, 1561 hp, 1114 mana
973: miniCH tick
973: finished casting miniCH
973: 296.6 dps, 1561 hp, 714 mana
974: 296.3 dps, 1561 hp, 714 mana
975: 296.0 dps, 1561 hp, 714 mana
976: startcast torpor
976: 295.7 dps, 1561 hp, 714 mana
977: 295.4 dps, 1561 hp, 714 mana
978: turgurs tick
978: 295.1 dps, 1580 hp, 723 mana
979: 294.8 dps, 1580 hp, 723 mana
980: finished casting torpor
980: 294.5 dps, 1580 hp, 523 mana
981: 294.2 dps, 1580 hp, 523 mana
982: 293.9 dps, 1580 hp, 523 mana
983: startcast miniCH
983: 293.6 dps, 1580 hp, 523 mana
984: torpor tick
984: turgurs tick
984: 293.3 dps, 1899 hp, 532 mana
985: 293.0 dps, 1899 hp, 532 mana
986: 292.7 dps, 1899 hp, 532 mana
987: 292.4 dps, 1899 hp, 532 mana
988: 292.1 dps, 1899 hp, 532 mana
989: 291.8 dps, 1899 hp, 532 mana
990: torpor tick
990: turgurs tick
990: 291.5 dps, 2218 hp, 541 mana
991: 291.2 dps, 2218 hp, 541 mana
992: 290.9 dps, 2218 hp, 541 mana
993: miniCH tick
993: finished casting miniCH
993: 298.5 dps, 2218 hp, 141 mana
994: 298.2 dps, 2218 hp, 141 mana
995: 297.9 dps, 2218 hp, 141 mana
996: torpor tick
996: turgurs tick
996: startcast cann4
996: 297.6 dps, 2537 hp, 150 mana
997: 297.3 dps, 2537 hp, 150 mana
998: 297.0 dps, 2537 hp, 150 mana
999: cann4 tick
999: finished casting cann4
999: 296.7 dps, 2389 hp, 232 mana
1000: 296.4 dps, 2389 hp, 232 mana
1001: startcast cann4
1001: 296.1 dps, 2389 hp, 232 mana
1002: torpor tick
1002: turgurs tick
1002: 295.8 dps, 2708 hp, 241 mana
1003: 295.5 dps, 2708 hp, 241 mana
1004: cann4 tick
1004: finished casting cann4
1004: 295.2 dps, 2560 hp, 323 mana
1005: 294.9 dps, 2560 hp, 323 mana
1006: startcast cann4
1006: 294.6 dps, 2560 hp, 323 mana
1007: 294.3 dps, 2560 hp, 323 mana
1008: torpor tick
1008: turgurs tick
1008: 294.0 dps, 2879 hp, 332 mana
1009: cann4 tick
1009: finished casting cann4
1009: 293.8 dps, 2731 hp, 414 mana
1010: 293.5 dps, 2731 hp, 414 mana
1011: startcast miniCH
1011: 293.2 dps, 2731 hp, 414 mana
1012: 292.9 dps, 2731 hp, 414 mana
1013: 292.6 dps, 2731 hp, 414 mana
1014: torpor tick
1014: turgurs tick
1014: 292.3 dps, 3050 hp, 423 mana
1015: 292.0 dps, 3050 hp, 423 mana
1016: 291.7 dps, 3050 hp, 423 mana
1017: 291.4 dps, 3050 hp, 423 mana
1018: 291.2 dps, 3050 hp, 423 mana
1019: 290.9 dps, 3050 hp, 423 mana
1020: turgurs tick
1020: 290.6 dps, 3069 hp, 432 mana
1021: miniCH tick
1021: finished casting miniCH
1021: 297.9 dps, 3069 hp, 32 mana
1022: 297.7 dps, 3069 hp, 32 mana
1023: 297.4 dps, 3069 hp, 32 mana
1024: startcast cann4
1024: 297.1 dps, 3069 hp, 32 mana
1025: 296.8 dps, 3069 hp, 32 mana
1026: turgurs tick
1026: 296.5 dps, 3088 hp, 41 mana
1027: cann4 tick
1027: finished casting cann4
1027: 296.2 dps, 2940 hp, 123 mana
1028: 295.9 dps, 2940 hp, 123 mana
1029: startcast cann4
1029: 295.6 dps, 2940 hp, 123 mana
1030: 295.3 dps, 2940 hp, 123 mana
1031: 295.1 dps, 2940 hp, 123 mana
1032: turgurs tick
1032: cann4 tick
1032: finished casting cann4
1032: 294.8 dps, 2811 hp, 214 mana
1033: 294.5 dps, 2811 hp, 214 mana
1034: startcast cann4
1034: 294.2 dps, 2811 hp, 214 mana
1035: 293.9 dps, 2811 hp, 214 mana
1036: 293.6 dps, 2811 hp, 214 mana
1037: cann4 tick
1037: finished casting cann4
1037: 293.3 dps, 2663 hp, 296 mana
1038: turgurs tick
1038: 293.1 dps, 2682 hp, 305 mana
1039: startcast cann4
1039: 292.8 dps, 2682 hp, 305 mana
1040: 292.5 dps, 2682 hp, 305 mana
1041: 292.2 dps, 2682 hp, 305 mana
1042: cann4 tick
1042: finished casting cann4
1042: 291.9 dps, 2534 hp, 387 mana
1043: 291.7 dps, 2534 hp, 387 mana
1044: turgurs tick
1044: startcast cann4
1044: 291.4 dps, 2553 hp, 396 mana
1045: 291.1 dps, 2553 hp, 396 mana
1046: 290.8 dps, 2553 hp, 396 mana
1047: cann4 tick
1047: finished casting cann4
1047: 290.5 dps, 2405 hp, 478 mana
1048: 290.3 dps, 2405 hp, 478 mana
1049: startcast miniCH
1049: 290.0 dps, 2405 hp, 478 mana
1050: turgurs tick
1050: 289.7 dps, 2424 hp, 487 mana
1051: 289.4 dps, 2424 hp, 487 mana
1052: 289.2 dps, 2424 hp, 487 mana
1053: 288.9 dps, 2424 hp, 487 mana
1054: 288.6 dps, 2424 hp, 487 mana
1055: 288.3 dps, 2424 hp, 487 mana
1056: turgurs tick
1056: 288.1 dps, 2443 hp, 496 mana
1057: 287.8 dps, 2443 hp, 496 mana
1058: 287.5 dps, 2443 hp, 496 mana
1059: miniCH tick
1059: finished casting miniCH
1059: 294.6 dps, 2443 hp, 96 mana
1060: 294.3 dps, 2443 hp, 96 mana
1061: 294.1 dps, 2443 hp, 96 mana
1062: turgurs tick
1062: startcast cann4
1062: 293.8 dps, 2462 hp, 105 mana
1063: 293.5 dps, 2462 hp, 105 mana
1064: 293.2 dps, 2462 hp, 105 mana
1065: cann4 tick
1065: finished casting cann4
1065: 293.0 dps, 2314 hp, 187 mana
1066: 292.7 dps, 2314 hp, 187 mana
1067: startcast cann4
1067: 292.4 dps, 2314 hp, 187 mana
1068: turgurs tick
1068: 292.1 dps, 2333 hp, 196 mana
1069: 291.9 dps, 2333 hp, 196 mana
1070: cann4 tick
1070: finished casting cann4
1070: 291.6 dps, 2185 hp, 278 mana
1071: 291.3 dps, 2185 hp, 278 mana
1072: startcast cann4
1072: 291.0 dps, 2185 hp, 278 mana
1073: 290.8 dps, 2185 hp, 278 mana
1074: turgurs tick
1074: 290.5 dps, 2204 hp, 287 mana
1075: cann4 tick
1075: finished casting cann4
1075: 290.2 dps, 2056 hp, 369 mana
1076: 290.0 dps, 2056 hp, 369 mana
1077: startcast cann4
1077: 289.7 dps, 2056 hp, 369 mana
1078: 289.4 dps, 2056 hp, 369 mana
1079: 289.2 dps, 2056 hp, 369 mana
1080: turgurs tick
1080: cann4 tick
1080: finished casting cann4
1080: 288.9 dps, 1927 hp, 460 mana
1081: 288.6 dps, 1927 hp, 460 mana
1082: startcast torpor
1082: 288.4 dps, 1927 hp, 460 mana
1083: 288.1 dps, 1927 hp, 460 mana
1084: 287.8 dps, 1927 hp, 460 mana
1085: 287.6 dps, 1927 hp, 460 mana
1086: turgurs tick
1086: finished casting torpor
1086: 287.3 dps, 1946 hp, 269 mana
1087: 287.0 dps, 1946 hp, 269 mana
1088: 286.8 dps, 1946 hp, 269 mana
1089: startcast cann4
1089: 286.5 dps, 1946 hp, 269 mana
1090: 286.2 dps, 1946 hp, 269 mana
1091: 286.0 dps, 1946 hp, 269 mana
1092: torpor tick
1092: turgurs tick
1092: cann4 tick
1092: finished casting cann4
1092: 285.7 dps, 2117 hp, 360 mana
1093: 285.5 dps, 2117 hp, 360 mana
1094: startcast cann4
1094: 285.2 dps, 2117 hp, 360 mana
1095: 284.9 dps, 2117 hp, 360 mana
1096: 284.7 dps, 2117 hp, 360 mana
1097: cann4 tick
1097: finished casting cann4
1097: 284.4 dps, 1969 hp, 442 mana
1098: torpor tick
1098: turgurs tick
1098: 284.2 dps, 2288 hp, 451 mana
1099: startcast miniCH
1099: 283.9 dps, 2288 hp, 451 mana
1100: 283.6 dps, 2288 hp, 451 mana
1101: 283.4 dps, 2288 hp, 451 mana
1102: 283.1 dps, 2288 hp, 451 mana
1103: 282.9 dps, 2288 hp, 451 mana
1104: torpor tick
1104: turgurs tick
1104: 282.6 dps, 2607 hp, 460 mana
1105: 282.4 dps, 2607 hp, 460 mana
1106: 282.1 dps, 2607 hp, 460 mana
1107: 281.8 dps, 2607 hp, 460 mana
1108: 281.6 dps, 2607 hp, 460 mana
1109: miniCH tick
1109: finished casting miniCH
1109: 288.4 dps, 2607 hp, 60 mana
1110: torpor tick
1110: turgurs tick
1110: 288.1 dps, 2926 hp, 69 mana
1111: 287.8 dps, 2926 hp, 69 mana
1112: startcast cann4
1112: 287.6 dps, 2926 hp, 69 mana
1113: 287.3 dps, 2926 hp, 69 mana
1114: 287.1 dps, 2926 hp, 69 mana
1115: cann4 tick
1115: finished casting cann4
1115: 286.8 dps, 2778 hp, 151 mana
1116: torpor tick
1116: turgurs tick
1116: 286.6 dps, 3097 hp, 160 mana
1117: startcast cann4
1117: 286.3 dps, 3097 hp, 160 mana
1118: 286.0 dps, 3097 hp, 160 mana
1119: 285.8 dps, 3097 hp, 160 mana
1120: cann4 tick
1120: finished casting cann4
1120: 285.5 dps, 2949 hp, 242 mana
1121: 285.3 dps, 2949 hp, 242 mana
1122: torpor tick
1122: turgurs tick
1122: startcast cann4
1122: 285.0 dps, 3268 hp, 251 mana
1123: 284.8 dps, 3268 hp, 251 mana
1124: 284.5 dps, 3268 hp, 251 mana
1125: cann4 tick
1125: finished casting cann4
1125: 284.3 dps, 3120 hp, 333 mana
1126: 284.0 dps, 3120 hp, 333 mana
1127: startcast cann4
1127: 283.8 dps, 3120 hp, 333 mana
1128: turgurs tick
1128: 283.5 dps, 3139 hp, 342 mana
1129: 283.3 dps, 3139 hp, 342 mana
1130: cann4 tick
1130: finished casting cann4
1130: 283.0 dps, 2991 hp, 424 mana
1131: 282.8 dps, 2991 hp, 424 mana
1132: startcast miniCH
1132: 282.5 dps, 2991 hp, 424 mana
1133: 282.3 dps, 2991 hp, 424 mana
1134: turgurs tick
1134: 282.0 dps, 3010 hp, 433 mana
1135: 281.8 dps, 3010 hp, 433 mana
1136: 281.5 dps, 3010 hp, 433 mana
1137: 281.3 dps, 3010 hp, 433 mana
1138: 281.0 dps, 3010 hp, 433 mana
1139: 280.8 dps, 3010 hp, 433 mana
1140: turgurs tick
1140: 280.5 dps, 3029 hp, 442 mana
1141: 280.3 dps, 3029 hp, 442 mana
1142: miniCH tick
1142: finished casting miniCH
1142: 286.9 dps, 3029 hp, 42 mana
1143: 286.6 dps, 3029 hp, 42 mana
1144: 286.4 dps, 3029 hp, 42 mana
1145: cann5 tick
1145: finished casting cann5
1145: startcast cann5
1145: 286.1 dps, 1105 hp, 1108 mana
1146: turgurs tick
1146: startcast torpor
1146: 285.9 dps, 1124 hp, 1117 mana
1147: 285.6 dps, 1124 hp, 1117 mana
1148: 285.4 dps, 1124 hp, 1117 mana
1149: 285.1 dps, 1124 hp, 1117 mana
1150: finished casting torpor
1150: 284.9 dps, 1124 hp, 917 mana
1151: 284.6 dps, 1124 hp, 917 mana
1152: torpor tick
1152: turgurs tick
1152: 284.4 dps, 1443 hp, 926 mana
1153: startcast miniCH
1153: 284.1 dps, 1443 hp, 926 mana
1154: 283.9 dps, 1443 hp, 926 mana
1155: 283.6 dps, 1443 hp, 926 mana
1156: 283.4 dps, 1443 hp, 926 mana
1157: 283.1 dps, 1443 hp, 926 mana
1158: torpor tick
1158: turgurs tick
1158: 282.9 dps, 1762 hp, 935 mana
1159: 282.7 dps, 1762 hp, 935 mana
1160: 282.4 dps, 1762 hp, 935 mana
1161: 282.2 dps, 1762 hp, 935 mana
1162: 281.9 dps, 1762 hp, 935 mana
1163: miniCH tick
1163: finished casting miniCH
1163: 288.4 dps, 1762 hp, 535 mana
1164: torpor tick
1164: turgurs tick
1164: 288.1 dps, 2081 hp, 544 mana
1165: 287.9 dps, 2081 hp, 544 mana
1166: startcast miniCH
1166: 287.7 dps, 2081 hp, 544 mana
1167: 287.4 dps, 2081 hp, 544 mana
1168: 287.2 dps, 2081 hp, 544 mana
1169: 286.9 dps, 2081 hp, 544 mana
1170: torpor tick
1170: turgurs tick
1170: 286.7 dps, 2400 hp, 553 mana
1171: 286.4 dps, 2400 hp, 553 mana
1172: 286.2 dps, 2400 hp, 553 mana
1173: 285.9 dps, 2400 hp, 553 mana
1174: 285.7 dps, 2400 hp, 553 mana
1175: 285.4 dps, 2400 hp, 553 mana
1176: torpor tick
1176: turgurs tick
1176: miniCH tick
1176: finished casting miniCH
1176: 291.8 dps, 2719 hp, 162 mana
1177: 291.6 dps, 2719 hp, 162 mana
1178: 291.3 dps, 2719 hp, 162 mana
1179: startcast cann4
1179: 291.1 dps, 2719 hp, 162 mana
1180: 290.8 dps, 2719 hp, 162 mana
1181: 290.6 dps, 2719 hp, 162 mana
1182: torpor tick
1182: turgurs tick
1182: cann4 tick
1182: finished casting cann4
1182: 290.4 dps, 2890 hp, 253 mana
1183: 290.1 dps, 2890 hp, 253 mana
1184: startcast cann4
1184: 289.9 dps, 2890 hp, 253 mana
1185: 289.6 dps, 2890 hp, 253 mana
1186: 289.4 dps, 2890 hp, 253 mana
1187: cann4 tick
1187: finished casting cann4
1187: 289.1 dps, 2742 hp, 335 mana
1188: turgurs tick
1188: 288.9 dps, 2761 hp, 344 mana
1189: startcast cann4
1189: 288.6 dps, 2761 hp, 344 mana
1190: 288.4 dps, 2761 hp, 344 mana
1191: 288.2 dps, 2761 hp, 344 mana
1192: cann4 tick
1192: finished casting cann4
1192: 287.9 dps, 2613 hp, 426 mana
1193: 287.7 dps, 2613 hp, 426 mana
1194: turgurs tick
1194: startcast miniCH
1194: 287.4 dps, 2632 hp, 435 mana
1195: 287.2 dps, 2632 hp, 435 mana
1196: 287.0 dps, 2632 hp, 435 mana
1197: 286.7 dps, 2632 hp, 435 mana
1198: 286.5 dps, 2632 hp, 435 mana
1199: 286.2 dps, 2632 hp, 435 mana
1200: turgurs tick
1200: 286.0 dps, 2651 hp, 444 mana
