951204780::Apothic Kilt::<a href="http://gameznet.com/eq/equipment/apothickilt.html">More</a>::5::5::::::::::::::25::::::10::::::::0.5::::::::::::::::::::::::::::::yes::::yes::::yes::yes::::::yes::yes::::::::::admin
951204828::Black Chitin Leggings::<a href="http://gameznet.com/eq/equipment/blackchitinlegs.html">More</a>::7::::::::::::::::10::10::::::::::::7.5::::yes::yes::yes::yes::yes::yes::yes::yes::yes::yes::yes::yes::yes::yes::yes::yes::yes::yes::yes::yes::yes::yes::yes::yes::yes::yes::yes::admin
951204889::Blighted Trousers::<a href="http://gameznet.com/eq/equipment/ss/blightedtrousers.jpg">More</a>::5::3::::4::::::::::10::::::10::::::::0.5::::::::::::::::::::::::yes::::::::::yes::::yes::yes::::::::yes::::::::yes::admin
951204936::Bone Legplates::<a href="http://www.gameznet.com/eq/equipment/bonelegplates.html">More</a>::6::::5::-4::::::::::::::::::::::::6.0::::yes::yes::yes::yes::yes::yes::yes::yes::yes::yes::yes::yes::yes::yes::yes::yes::yes::yes::yes::yes::yes::yes::yes::yes::yes::yes::yes::admin
951204992::Carmine Pants::<a href="http://gameznet.com/eq/equipment/carminepants.html">More</a>::5::3::3::::::::::::15::::::10::::::::0.7::::::::::::::::::::::::::yes::::::::yes::::yes::yes::::::yes::yes::::::::::admin
951205038::Crafted Greaves::<a href="http://www.gameznet.com/eq/equipment/craftedgreaves.html">More</a>::14::1::::::::::::::::::2::2::::::::5.6::::yes::::::::::::::::::::::::::::yes::yes::yes::yes::yes::yes::yes::yes::yes::yes::yes::yes::::admin
951205077::Damask Leggings::<a href="http://gameznet.com/eq/equipment/damasklegs.html">More</a>::4::::::::::::::::::::::::::::::0.7::::::::::::::::::::::::yes::yes::yes::yes::::yes::::yes::yes::::::yes::yes::::::::::admin
951205117::Darkforge Greaves::<a href="http://gameznet.com/eq/equipment/darkforgegreaves.html">More</a>::11::::9::::::::::::::::::::::::3::7.0::::::::::::yes::::::::::::::::::::::yes::::yes::::::::::yes::yes::yes::::::admin
951205202::Drake-hide Leggings::<a href="http://gameznet.com/eq/equipment/drakehidelegs.html">More</a>::5::::::5::::::::5::::::::::::::::0.1::::yes::yes::yes::yes::yes::yes::yes::yes::yes::yes::yes::yes::yes::yes::yes::yes::yes::yes::yes::yes::yes::yes::yes::yes::yes::yes::yes::admin
951205267::Ethereal Mist Greaves::<a href="http://www.gameznet.com/eq/equipment/etheralmistgreaves.html">More</a>::15::5::::::5::::9::::::::::::::7::::5.6::::::::::::::::::yes::::::::::::::::yes::yes::yes::yes::yes::yes::yes::yes::::::::::admin
951205305::Feathered Leggings::<a href="http://gameznet.com/eq/equipment/featherlegs.html">More</a>::4::::7::::::::::::::::::::::::::2.0::::yes::yes::yes::yes::yes::yes::yes::yes::yes::yes::yes::yes::yes::yes::yes::yes::yes::yes::yes::yes::yes::yes::yes::yes::yes::yes::yes::admin
951205337::Gator Skin Leggings::<a href="http://gameznet.com/eq/equipment/gatorlegs.html">More</a>::7::::::::::::4::::15::::::::::::::0.4::::yes::yes::yes::yes::yes::yes::yes::yes::yes::yes::yes::yes::yes::yes::yes::yes::yes::yes::yes::yes::yes::yes::yes::yes::yes::yes::::admin
951205366::Golden Efreeti Greaves::<a href="http://gameznet.com/eq/equipment/goldefreetigreaves.html">More</a>::15::::::10::9::::::::::::::::::::::5.6::::yes::yes::yes::yes::yes::yes::yes::yes::yes::yes::yes::yes::yes::yes::yes::yes::yes::yes::yes::yes::yes::yes::yes::yes::yes::yes::yes::admin
951205416::Greaves of the Penitent::<a href="http://gameznet.com/eq/equipment/penitentgreaves.html">More</a>::13::::::::::5::::::::::::::::5::::5.6::::::::::::::::::yes::::::::::::::::yes::yes::yes::yes::yes::yes::yes::yes::::::::::admin
951205464::Greaves of Ro::<a href="http://gameznet.com/eq/equipment/greavesro.html">More</a>::11::::6::::::::::::::::::10::::::::3.7::::::::::::::yes::::::::::::::::::::::yes::yes::::yes::::yes::yes::::::::::admin
951205509::Icy Greaves::<a href="http://gameznet.com/eq/equipment/icygreaves.html">More</a>::8::::::::::::::::::::::5::::::::7.5::::yes::::::yes::yes::yes::::yes::::::::::::::yes::yes::yes::yes::yes::yes::yes::yes::yes::yes::yes::yes::::admin
951205563::Imbrued Platemail Greaves::<a href="http://gameznet.com/eq/equipment/ibruedgreaves.html">More</a>::14::5::9::::9::::::::::::::::::::10::5.6::::::::::yes::::::::::::::::::::::::::::::::yes::::::yes::::::yes::::admin
951205599::Indicolite Greaves::<a href="http://gameznet.com/eq/equipment/indicolitegreaves.html">More</a>::20::5::5::::5::::::::::::::::::::::5.6::::yes::::::::::::::::::::::::::::yes::yes::yes::yes::yes::yes::yes::yes::yes::yes::yes::yes::::admin
951205641::Ivy Etched Leggings::<a href="http://gameznet.com/eq/equipment/ivyetchedlegs.html">More</a>::12::::::::5::::::::::::5::5::::::::4.2::::::::::::::::yes::::::::::::::::::::::::::yes::::::yes::::::yes::::admin
951205673::Lambent Greaves::<a href="http://gameznet.com/eq/equipment/lambentgreaves.html">More</a>::13::::::::5::::::1::::::::::::::::4.0::::::::::yes::::::::::::::::::::::::::::::::yes::::::yes::::::yes::::admin
951205723::Mammoth Hide Leggings::<a href="http://gameznet.com/eq/equipment/mammothlegs.html">More</a>::6::::3::::::::::::::::::5::::::::4.0::::yes::yes::yes::yes::yes::yes::yes::yes::yes::yes::yes::yes::yes::yes::yes::yes::yes::yes::yes::yes::yes::yes::yes::yes::yes::yes::::admin
951205805::Mithril Greaves::<a href="http://gameznet.com/eq/equipment/mithgreaves.html">More</a>::10::7::::::::::::::::::::::::::5::3.7::::yes::yes::::yes::yes::yes::yes::::::::::::::::yes::yes::yes::yes::yes::yes::yes::yes::yes::yes::yes::yes::::admin
951205860::Petrified Bark Leggings::<a href="http://gameznet.com/eq/equipment/petrifiedbarklegs.html">More</a>::18::::10::::::::::::::20::::::::::::7.0::::::::::::::::yes::::::::::::::::yes::yes::yes::yes::yes::yes::yes::yes::yes::yes::yes::yes::::admin
951205893::Ravenscale Leggings::<a href="http://gameznet.com/eq/equipment/ravenslegs.html">More</a>::12::::5::::::::::::::::::::5::::::4.2::::::yes::::::::::::::::::::::::::yes::yes::yes::yes::yes::yes::yes::yes::yes::yes::yes::yes::::admin
951205930::Rubicite Greaves::<a href="http://www.gameznet.com/eq/equipment/EQ-Rubicite.Armour.html">More</a>::12::::::::::::::::::::::::::::::4.2::::yes::yes::::yes::yes::yes::yes::yes::::yes::::::::::yes::yes::yes::yes::yes::yes::yes::yes::yes::yes::yes::yes::::admin
951205979::Rune Etched Greaves::<a href="http://gameznet.com/eq/equipment/runeetchedgreaves.html">More</a>::14::5::::::::::5::::::::::::7::::::5.6::::::::::::::::::::::yes::::::::::yes::::::::::::::::::yes::yes::::::admin
951206033::Shin Greaves::<a href="http://gameznet.com/eq/equipment/shingreaves.html">More</a>::10::::::::::::::::::::::::5::::::7.5::::yes::::::yes::yes::yes::::yes::::::::::::::yes::yes::yes::yes::yes::yes::yes::yes::yes::yes::yes::yes::::admin
951206085::Shiverback-hide Leggings::<a href="http://gameznet.com/eq/equipment/shiverlegs.htm">More</a>::5::::::::5::::5::::::::7::::::::::0.1::::::::yes::::::::::::::::::::::::::::::::::::::::yes::::::::::admin
951206123::Silvermesh Leggings::<a href="http://gameznet.com/eq/equipment/silvermeshlegs.htm">More</a>::7::::::::3::::::::::::::::::::5::3.5::::::yes::::::::::::::::::::::::::::::::::::yes::::::::::::yes::::admin
951206174::Silver-plated Leggings::<a href="http://gameznet.com/eq/equipment/silverplatedlegs.html">More</a>::10::3::::::5::::::::::::::::::::::5.5::::yes::yes::::yes::yes::yes::yes::yes::::yes::::::::::yes::yes::yes::yes::yes::yes::yes::yes::yes::yes::yes::yes::::admin
951206218::Silversilk Leggings::<a href="http://gameznet.com/eq/equipment/silversilklegs.html">More</a>::4::::::::4::::::::12::::::::::::::0.7::::::::::yes::::::::yes::yes::yes::yes::yes::yes::yes::yes::yes::yes::yes::yes::yes::yes::yes::yes::yes::yes::yes::::admin
951206272::Thorny Vine Greaves::<a href="http://gameznet.com/eq/equipment/silversilklegs.html">More</a>::14::::::::9::::5::::::15::::::7::::::5.6::::::::::::::::yes::::::::::::::::::::::::::yes::::::yes::::::yes::::admin
951206329::Tishan's Kilt::<a href="http://gameznet.com/eq/equipment/tishanskilt.html">More</a>::5::4::4::::::::::::20::::::::::::::0.8::::::::::::::::::::::::::yes::::::::yes::::yes::yes::::::::yes::::::::::admin
951206366::Totemic Greaves::<a href="http://gameznet.com/eq/equipment/totemicgreaves.html">More</a>::12::::::::::::::5::::::5::::::::::4.2::::::::::::::::::::::yes::::::::::yes::::::::::::::::::yes::yes::::::admin
951206410::Umbral Platemail Greaves::<a href="http://gameznet.com/eq/equipment/umbralgreaves.htm">More</a>::17::::::::5::::5::::::::::::::13::::5.6::::::::::::yes::::::::::::::::::::::yes::::yes::::::::::yes::yes::yes::::::admin
951206457::Valorium Greaves::<a href="http://gameznet.com/eq/equipment/valoriumgreaves.html">More</a>::17::::::::9::::5::::::::10::::::::::5.6::::::::::::::yes::::::::::::::::::::::yes::yes::::yes::::yes::yes::::::::::admin
951206503::Vermiculated Leggings::<a href="http://gameznet.com/eq/equipment/vermlegs.html">More</a>::8::3::::::::::5::::::::::::::7::::7.0::::::::::::::::::::yes::::::::::::::::::::::yes::yes::::yes::::::yes::::admin
951206548::Woven Shadow Greaves::<a href="http://gameznet.com/eq/equipment/wovenshadowgreaves.html">More</a>::14::::::::5::::5::::::::::::10::::::5.6::::::yes::::::::::::::::::::::::::yes::yes::yes::yes::yes::yes::yes::yes::yes::yes::yes::yes::::admin
954187841::Insidious Pantaloons::<a href="http://www.gameznet.com/eq/equipment/insidiouspantaloons.htm">More</a>::5::3::::::::::::3::15::::::10::::::::0.7::::::::::::::::::::::::::::yes::::::yes::::yes::yes::::::yes::yes::::::::::admin
955047806::Bloodstained Leggings::<a href="http://www.gameznet.com/eq/equipment/bloodstainedleggings.html">More</a>::9::::4::::4::::::::::::::::::::::4.5::::yes::yes::::yes::yes::yes::yes::yes::::yes::::::::::yes::yes::yes::yes::yes::yes::yes::yes::yes::yes::yes::yes::yes::admin
955308337::Lion-skin Leggings::<a href="http://www.gameznet.com/eq/equipment/lionskinleggings.html">More</a>::6::::::::2::2::::::::::::::::::::4.0::::yes::yes::yes::yes::yes::yes::yes::yes::yes::yes::::::::::yes::yes::yes::yes::yes::yes::yes::yes::yes::yes::yes::yes::yes::admin
955515574::Gorilla Hide Leggings::<a hef="http://gameznet.com/eq/equipment/gorillahideleggings.html">More</a>::6::3::::4::::::::-8::::::::::::::::4.5::::yes::yes::yes::yes::yes::yes::yes::yes::yes::yes::yes::yes::yes::yes::yes::yes::yes::yes::yes::yes::yes::yes::yes::yes::yes::yes::yes::admin
956515060::Cryosilk Pantaloons::<a href="http://gameznet.com/eq/equipment/cryosilkpantaloons.html">More</a>::5::3::::::::::5::::15::::::9::::::::0.7::::::::::::::::::::::::yes::yes::yes::yes::::yes::::yes::yes::::::yes::yes::::::::yes::admin
956628906::Flayed Skin Leggings::<a href="http://www.gameznet.com/eq/equipment/flayedskinleggings.html">More</a>::12::::::5::::::::::15::::::::::::::3.5::::::::::::yes::::::::::::yes::::::::::::::yes::::::::::yes::::::::::admin
956862350::Jasarth Scale Leggings::<a href="http://www.gameznet.com/eq/equipment/jasarthscalelegs.html">More</a>::15::::::::::5::5::::::::::::::::::0.8::::yes::::::yes::yes::yes::::yes::::yes::::::::::yes::yes::::yes::::yes::::yes::yes::::::yes::yes::admin
957044001::Carrion Bettle Leggings::<a href="http://www.gameznet.com/eq/equipment/carrionbettleleggings.html">More</a>::7::::::::5::::::::::::::::5::5::::3.0::::yes::yes::yes::yes::yes::yes::yes::yes::yes::yes::::::::::yes::yes::yes::yes::yes::yes::yes::yes::yes::yes::yes::yes::yes::admin
957302333::Crescent Pants::<a href="http://www.gameznet.com/eq/equipment/crescentpants.html">More</a>::3::5::::::5::::::::::::2::::::::::0.1::::::::yes::::::::::::::::::::::::::::::::::::::::yes::::::::yes::admin
957387115::Scaled Wolf Hide Leggings::<a href="http://www.gameznet.com/eq/equipment/scaledwolfhideleggings.html">More</a>::7::::::::::::::::::::5::5::::::::4.0::::yes::yes::yes::yes::yes::yes::yes::yes::yes::yes::::::::::yes::yes::yes::yes::yes::yes::yes::yes::yes::yes::yes::yes::yes::admin
957475446::Hand Woven Leggings::<a href="http://www.gameznet.com/eq/equipment/handwovenleggigns.html">More</a>::8::::::::::::::::::::10::::::::::3.0::::yes::yes::yes::yes::yes::yes::yes::yes::yes::yes::yes::yes::yes::yes::yes::yes::yes::yes::yes::yes::yes::yes::yes::yes::yes::yes::yes::admin
957646195::Reinforced Rhino Leggings::<a href="http://www.gameznet.com/eq/equipment/reinforcedrhinolegs.html">More</a>::6::::::::::::::::::::::::::::::4.5::::yes::yes::::yes::yes::yes::yes::yes::::yes::::::::::yes::yes::::yes::::yes::::yes::yes::::::yes::yes::admin
957733122::Cobalt Greaves::<a href="http://www.gameznet.com/eq/equipment/cobaltgreaves.html">More</a>::35::8::8::8::::::::::::::::::::::::7.5::Invisibility::yes::::::::::::::::::::::::::::yes::yes::yes::yes::yes::yes::yes::yes::yes::yes::yes::yes::::admin
957906390::Dark Scale Greaves::<a href="http://www.gameznet.com/eq/equipment/darkscalegreaves.html">More</a>::14::10::::::::::::::::::2::2::2::2::2::4.5::::yes::yes::::yes::yes::yes::yes::::::::::::::::yes::yes::yes::yes::yes::yes::yes::yes::yes::yes::yes::yes::yes::admin
958377352::Incarnadine Greaves::<a href="http://www.gameznet.com/eq/equipment/incarnadinegreaves.html">More</a>::18::::6::::6::::::::::::::::::::::5.5::::yes::::::::yes::::::::::::::::::::yes::yes::yes::yes::yes::yes::yes::yes::yes::yes::yes::yes::::admin
958682407::Curscale Leggings::<a href="http://gameznet.com/eq/equipment/curscaleleggings.html">More</a>::4::::::::::::::::::::::2::::::::0.7::::yes::yes::yes::yes::yes::yes::yes::yes::yes::yes::::::::::yes::yes::yes::yes::yes::yes::yes::yes::yes::yes::yes::yes::yes::admin
958946716::Kylong Greaves::<a href="http://gameznet.com/eq/equipment/kylonggreaves.html">More</a>::16::4::::::::::::::::::::::::::::4.1::::yes::yes::::yes::yes::yes::yes::yes::::yes::::::::::::yes::yes::yes::yes::yes::yes::yes::yes::::::yes::yes::admin
959114599::Tattered Leg Wrappings::<a href="http://www.gameznet.com/eq/equipment/tatteredlegwrappings.html">More</a>::5::::5::::10::::::-3::::::-3::::::::::0.7::::::::::::::::::::::::yes::::::::yes::yes::yes::yes::yes::yes::yes::yes::yes::yes::yes::yes::yes::admin
959452682::Donal's Leggings of Mourning::<a href="http://gameznet.com/eq/equipment/donal_legs.html">More</a>::26::8::8::::::::8::::30::30::::::::::::7.5::Symbol of Natron::::::::::::::::yes::::::::::::::yes::yes::yes::yes::yes::yes::yes::yes::yes::yes::yes::yes::::admin
960011783::Elder Spiritist's Greaves::<a href="http://gameznet.com/eq/equipment/elder_greaves.html">More</a>::10::6::::::::::6::::::55::::::::::::7.5::Skin Like Diamond::::::::::::::::::yes::::::::::::yes::yes::yes::yes::yes::yes::yes::yes::yes::yes::yes::yes::::admin
960749868::Sebilite Scale Leggings::<a href="http://gameznet.com/eq/equipment/sebilitescaleleggings.html">More</a>::16::4::::::::::4::4::::::2::::::2::::4.1::::yes::yes::::yes::yes::yes::yes::yes::::yes::::::::::::yes::yes::yes::yes::yes::yes::yes::yes::::::yes::yes::admin
960749919::Trakanasaur Hide Leggings::<a href="http://gameznet.com/eq/equipment/trakanasaurhidelegs.html">More</a>::11::::5::::::::::::::::::::5::::::0.5::::yes::::::::yes::::::::::yes::::::::::yes::::::::::::::::::yes::yes::::::admin
961620419::Tolan's Darkwood Greaves::<a href="http://gameznet.com/eq/equipment/tolansdarkwoodgreaves.html">More</a>::24::8::::8::8::::8::::::::::::::::::7.5::Cancel Magic::::::::::::::yes::::::::::::::::yes::yes::yes::yes::yes::yes::yes::yes::yes::yes::yes::yes::yes::admin
961657678::Blood Ember Greaves::<a href="http://gameznet.com/eq/equipment/bloodembergreaves.html">More</a>::26::7::::::::7::::::25::::::::::::::7.5::Feign Death::::::::::yes::::::::::::::::::::yes::yes::yes::yes::yes::yes::yes::yes::yes::yes::yes::yes::::admin
961967280::Loam Encrusted Pantaloons::<a href="http://gameznet.com/eq/equipment/loamencrustedpantaloons.html">More</a>::5::::::::8::3::::::10::5::::::10::::::0.7::::::::::::::::::::::::yes::yes::yes::yes::::yes::::yes::yes::::::yes::yes::::::::yes::admin
980942053::Assassin's Chain Leggings::<A HREF="http://www.gameznet.com/eq/equipment/assassinschainleggings.html">More</A>::22::10::::4::4::::::::60::::1::1::1::1::1::7.0::::::yes::::::::::::::::::::::::::yes::yes::yes::::yes::yes::yes::::yes::::::yes::::admin
980942200::Barbed Ringmail Leggings::<A HREF="http://www.gameznet.com/eq/equipment/barbedringmailleggings.html">More</A>::13::3::7::::::::::::::::::::::::::5.3::::yes::yes::::yes::yes::yes::yes::yes::::yes::::::::::yes::yes::yes::yes::yes::yes::yes::yes::yes::yes::yes::yes::yes::admin
980942274::Berserker Greaves::<A HREF="http://www.gameznet.com/eq/equipment/berserkersgreaves.html">More</A>::34::9::7::::::::::::::::::::::::4::8.5::::yes::::::::::::::::::::::::::::yes::yes::yes::yes::yes::yes::yes::yes::yes::yes::yes::yes::yes::admin
980942391::Black Ice Leggings::<A HREF="http://www.gameznet.com/eq/equipment/blackiceleggings.html">More</A>::13::7::::::::::::::::::::::::::::10.0::::yes::yes::::yes::yes::yes::yes::yes::::yes::::::::::yes::yes::yes::yes::yes::yes::yes::yes::yes::yes::yes::yes::yes::admin
980942458::Black Pantherskin Leggings::<A HREF="http://www.gameznet.com/eq/equipment/blackpantherskinleggings.html">More</A>::8::4::5::5::::::::::::::::::::::::3.0::::::::yes::::::::::::::::::::::::::::::::::::::::yes::::::::yes::admin
980942579::Blazing Greaves of Fennin Ro::<A HREF="http://www.gameznet.com/eq/equipment/blazinggreavesoffenninro.html">More</A>::16::::10::12::::::::5::::::15::::::::::5.5::Fingers of Fire::yes::::::yes::yes::yes::::yes::::::::::::::yes::yes::yes::yes::yes::yes::yes::yes::yes::yes::yes::yes::::admin
980942798::Blood Runed Greaves::<A HREF="http://www.gameznet.com/eq/equipment/bloodrunedgreaves.html">More</A>::36::::::-5::-5::::::::25::::::::::::::15.0::::yes::::::::yes::::::::::::::::::::yes::yes::yes::yes::yes::yes::yes::yes::yes::yes::yes::yes::yes::admin
980943008::Brigand's Greaves::<A HREF="http://www.gameznet.com/eq/equipment/brigandsgreaves.html">More</A>::22::4::10::4::::::::::60::::1::1::1::1::1::7.0::::::yes::::::::::::::::::::::::::yes::yes::yes::::yes::yes::yes::::yes::::::yes::::admin
980943089::Cabilis Scale Leggings::<A HREF="http://www.gameznet.com/eq/equipment/cabilisscaleleggings.html">More</A>::9::::::::::::::::::::::::::::::4.1::::yes::::::::yes::::::::::yes::::::::::::::::::::::::::::::::::yes::admin
980943208::Carrion Bettle Leggings::<A HREF="http://www.gameznet.com/eq/equipment/carrionbettleleggings.html">More</A>::7::::::::5::::::::::::::::5::5::::3.0::::yes::yes::yes::yes::yes::yes::yes::yes::yes::yes::::::::::yes::yes::yes::yes::yes::yes::yes::yes::yes::yes::yes::yes::yes::admin
980943283::Cerulean Greaves::<A HREF="http://www.gameznet.com/eq/equipment/ceruleangreaves.html">More</A>::9::::::1::1::::::::::::::::::::::4.0::::yes::::::yes::yes::yes::::yes::::::::::::::::::::::::yes::::::yes::::::yes::::admin
980943567::Crystalized Shadow Leggings::<A HREF="http://www.gameznet.com/eq/equipment/crystalizedshadowleggings.html">More</A>::8::2::2::::3::::::2::::5::::::::::::2.5::::yes::yes::yes::yes::yes::yes::::yes::::yes::::::::::yes::yes::::yes::yes::::::::yes::yes::yes::::yes::admin
980943648::Curescale Leggings::<A HREF="http://www.gameznet.com/eq/equipment/curscaleleggings.html">More</A>::7::::::::::::::::::::::2::::::::0.7::::yes::yes::yes::yes::yes::yes::yes::yes::yes::yes::::::::::yes::yes::yes::yes::yes::yes::yes::yes::yes::yes::yes::yes::yes::admin
980943920::Dark Runed Greaves::<A HREF="http://www.gameznet.com/eq/equipment/darkrunedgreaves.html">More</A>::24::8::5::::::5::::::60::::1::1::1::1::1::7.0::::::::::::yes::::::::::::::::::::::yes::::yes::::::::::yes::yes::yes::::yes::admin
980944008::Dark Sclae Greaves::<A HREF="http://www.gameznet.com/eq/equipment/darkscalegreaves.html">More</A>::14::10::::::::::::::::::2::2::2::2::2::4.5::::yes::yes::::yes::yes::yes::yes::::::::::::::::yes::yes::yes::yes::yes::yes::yes::yes::yes::yes::yes::yes::yes::admin
980944114::Deepwater Greaves::<A HREF="http://www.gameznet.com/eq/equipment/deepwater_greaves.html">More</A>::26::8::::8::7::::::::50::::::::::::::7.5::Spirit Strength::::::::::::yes::::::::::::::::::yes::yes::yes::yes::yes::yes::yes::yes::yes::yes::yes::yes::::admin
980944266::Dreadscale Greaves::<A HREF="http://www.gameznet.com/eq/equipment/dreadscalegreaves.html">More</A>::11::::9::::3::::::::::::::::::::3::4.0::::::::::::yes::::::::::::::::::::::::::::::::::::::::::::yes::admin
980944396::Elven Chainmail Leggings::<A HREF="http://www.gameznet.com/eq/equipment/elvenchainmaileggings.html">More</A>::7::::::::::::::::::::::::::::::2.0::::yes::yes::::yes::::yes::yes::yes::yes::::::yes::yes::yes::::::::::::yes::::yes::::::::yes::::admin
980944576::Fine Steel Greaves::<A HREF="http://www.gameznet.com/eq/equipment/finesteelgreaves.html">More</A>::12::::::::::::::::::::::::::::::7.5::::yes::::::yes::yes::yes::::yes::::::::::::::yes::yes::::yes::::yes::::yes::yes::::::yes::::admin
980944682::Flayed Paebala Leggings::<A HREF="http://www.gameznet.com/eq/equipment/flayedpaebalaleggings.html">More</A>::15::::::::::6::::::20::20::::::20::::::2.0::::yes::yes::yes::yes::yes::yes::yes::yes::yes::yes::::::::::yes::yes::yes::yes::yes::yes::yes::yes::yes::yes::yes::yes::yes::admin
982102742::Giant Scalemail Leggings::<A HREF=http://www.gameznet.com/eq/equipment/giantscalemailleggings.html">More</A>::11::::::::::3::-3::::20::::::::::::::11.0::::yes::yes::yes::yes::yes::yes::yes::yes::yes::yes::yes::yes::yes::yes::yes::yes::::yes::::yes::::yes::yes::yes::yes::yes::yes::admin
982454198::Haze Panther Leggings::<A HREF="http://www.gameznet.com/eq/equipment/hazepantherleggings.html">More</A>::9::5::8::8::8::::::::::::::::::::::4.0::::::yes::::::::::::::::::::::::::yes::yes::yes::::yes::yes::yes::::yes::::::yes::::admin
982463706::Gladiator's Chain Leggings::<A HREF="http://www.gameznet.com/eq/equipment/gladiatorschainleggings.html">More</A>::17::2::::::::::6::4::20::::::::::::10::0.0::::yes::yes::::yes::yes::yes::yes::yes::yes::yes::::::::::yes::yes::yes::yes::yes::yes::yes::yes::yes::yes::yes::yes::yes::admin
982463925::Grand Master's Leg Wraps::<A HREF="http://www.gameznet.com/eq/equipment/grandmasterslegwraps.html">More</A>::6::::5::::5::::::::30::::2::2::2::2::2::0.1::Spirit of Ox::::::yes::::::::::::::::::::::::::::::::::::::::yes::::::::yes::admin
983536155::Crustacean Shell Greaves::<A HREF="http://gameznet.com/eq/equipment/crustaceanshellgreaves.html">More</A>::12::4::16::-4::::::::-4::::::::::::::::7.5::::yes::::::yes::yes::yes::::yes::::::::::::::yes::yes::yes::yes::yes::yes::yes::yes::yes::yes::yes::yes::::admin
983536967::Arch Mage's Pantaloons::<A HREF="http://www.gameznet.com/eq/equipment/archmagespantaloons.html">More</A>::7::::5::::::2::::::::::2::2::1::1::3::0.5::Burnout III::::::::::::::::::::::::::::yes::::yes::::yes::yes::::::yes::yes::::::::::admin
983605466::Greaves of Avoidance::<A HREF="http://www.gameznet.com/eq/equipment/greavesofavoidance.html">More</A>::12::3::::::::::::::::::::::::::5::8.0::::yes::::::yes::yes::yes::yes::yes::::::::::::::yes::::::yes::::yes::::::yes::::::::::admin
983605607::Greaves of Forbidden Rites::<A HREF="http://www.gameznet.com/eq/equipment/greavesofforbiddenrites.html">More</A>::24::::::::::::10::::80::40::::3::::::::7.0::Word of Health::::::::::::::::yes::::::::::::::::yes::yes::yes::yes::::yes::yes::yes::::::::::admin
983605859::Greaves of Stability::<A HREF="http://www.gameznet.com/eq/equipment/greavesofstability.html">More</A>::24::::::::::::10::::80::40::::::3::::::7.0::Word of Health::::::::::::::::yes::::::::::::::::yes::yes::yes::yes::::yes::yes::yes::::::yes::::admin
983606457::Guardian Leggings::<A HREF="http://www.gameznet.com/eq/equipment/guardianleggings.html">More</A>::12::4::::::::::4::5::15::::15::15::::::5::4.0::::yes::::::yes::yes::yes::::yes::::::::::::::yes::yes::yes::yes::yes::yes::yes::yes::yes::yes::yes::yes::::admin
983608060::Heavy Dragonleg Breeches::<A HREF="http://www.gameznet.com/eq/equipment/heavydragonlegbreeches.html">More</A>::23::::6::10::::::::::::::::::::::::4.2::::yes::yes::::yes::yes::yes::yes::yes::::yes::::::::::yes::yes::yes::yes::yes::yes::yes::yes::yes::yes::yes::yes::yes::admin
