1: startcast quiescence
1: 0.0 dps, 4000 hp, 4000 mana
2: 0.0 dps, 4000 hp, 4000 mana
3: 0.0 dps, 4000 hp, 4000 mana
4: 0.0 dps, 4000 hp, 4000 mana
5: finished casting quiescence
5: 0.0 dps, 4000 hp, 3880 mana
6: quiescence tick
6: 50.0 dps, 4000 hp, 3889 mana
7: 42.9 dps, 4000 hp, 3889 mana
8: startcast miniCH
8: 37.5 dps, 4000 hp, 3889 mana
9: 33.3 dps, 4000 hp, 3889 mana
10: 30.0 dps, 4000 hp, 3889 mana
11: 27.3 dps, 4000 hp, 3889 mana
12: quiescence tick
12: 50.0 dps, 4000 hp, 3898 mana
13: 46.2 dps, 4000 hp, 3898 mana
14: 42.9 dps, 4000 hp, 3898 mana
15: 40.0 dps, 4000 hp, 3898 mana
16: 37.5 dps, 4000 hp, 3898 mana
17: 35.3 dps, 4000 hp, 3898 mana
18: quiescence tick
18: miniCH tick
18: finished casting miniCH
18: 158.3 dps, 4000 hp, 3667 mana
19: 150.0 dps, 4000 hp, 3667 mana
20: 142.5 dps, 4000 hp, 3667 mana
21: startcast miniCH
21: 135.7 dps, 4000 hp, 3667 mana
22: 129.5 dps, 4000 hp, 3667 mana
23: 123.9 dps, 4000 hp, 3667 mana
24: quiescence tick
24: 131.2 dps, 4000 hp, 3676 mana
25: 126.0 dps, 4000 hp, 3676 mana
26: 121.2 dps, 4000 hp, 3676 mana
27: 116.7 dps, 4000 hp, 3676 mana
28: 112.5 dps, 4000 hp, 3676 mana
29: 108.6 dps, 4000 hp, 3676 mana
30: quiescence tick
30: 115.0 dps, 4000 hp, 3685 mana
31: miniCH tick
31: finished casting miniCH
31: 174.2 dps, 4000 hp, 3445 mana
32: 168.8 dps, 4000 hp, 3445 mana
33: 163.6 dps, 4000 hp, 3445 mana
34: startcast miniCH
34: 158.8 dps, 4000 hp, 3445 mana
35: 154.3 dps, 4000 hp, 3445 mana
36: quiescence tick
36: 158.3 dps, 4000 hp, 3454 mana
37: 154.1 dps, 4000 hp, 3454 mana
38: 150.0 dps, 4000 hp, 3454 mana
39: 146.2 dps, 4000 hp, 3454 mana
40: 142.5 dps, 4000 hp, 3454 mana
41: 139.0 dps, 4000 hp, 3454 mana
42: 135.7 dps, 4000 hp, 3463 mana
43: 132.6 dps, 4000 hp, 3463 mana
44: miniCH tick
44: finished casting miniCH
44: 173.9 dps, 4000 hp, 3223 mana
45: 170.0 dps, 4000 hp, 3223 mana
46: 166.3 dps, 4000 hp, 3223 mana
47: startcast quiescence
47: 162.8 dps, 4000 hp, 3223 mana
48: 159.4 dps, 4000 hp, 3232 mana
49: 156.1 dps, 4000 hp, 3232 mana
50: 153.0 dps, 4000 hp, 3232 mana
51: finished casting quiescence
51: 150.0 dps, 4000 hp, 3112 mana
52: 147.1 dps, 4000 hp, 3112 mana
53: 144.3 dps, 4000 hp, 3112 mana
54: quiescence tick
54: startcast miniCH
54: 147.2 dps, 4000 hp, 3121 mana
55: 144.5 dps, 4000 hp, 3121 mana
56: 142.0 dps, 4000 hp, 3121 mana
57: 139.5 dps, 4000 hp, 3121 mana
58: 137.1 dps, 4000 hp, 3121 mana
59: 134.7 dps, 4000 hp, 3121 mana
60: quiescence tick
60: 137.5 dps, 4000 hp, 3130 mana
61: 135.2 dps, 4000 hp, 3130 mana
62: 133.1 dps, 4000 hp, 3130 mana
63: 131.0 dps, 4000 hp, 3130 mana
64: miniCH tick
64: finished casting miniCH
64: 159.4 dps, 4000 hp, 2890 mana
65: 156.9 dps, 4000 hp, 2890 mana
66: quiescence tick
66: 159.1 dps, 4000 hp, 2899 mana
67: startcast miniCH
67: 156.7 dps, 4000 hp, 2899 mana
68: 154.4 dps, 4000 hp, 2899 mana
69: 152.2 dps, 4000 hp, 2899 mana
70: 150.0 dps, 4000 hp, 2899 mana
71: 147.9 dps, 4000 hp, 2899 mana
72: quiescence tick
72: 150.0 dps, 4000 hp, 2908 mana
73: 147.9 dps, 4000 hp, 2908 mana
74: 145.9 dps, 4000 hp, 2908 mana
75: 144.0 dps, 4000 hp, 2908 mana
76: 142.1 dps, 4000 hp, 2908 mana
77: miniCH tick
77: finished casting miniCH
77: 165.6 dps, 4000 hp, 2668 mana
78: quiescence tick
78: 167.3 dps, 4000 hp, 2677 mana
79: 165.2 dps, 4000 hp, 2677 mana
80: cann5 tick
80: finished casting cann5
80: startcast cann5
80: 163.1 dps, 2076 hp, 3743 mana
81: startcast miniCH
81: 161.1 dps, 2076 hp, 3743 mana
82: 159.1 dps, 2076 hp, 3743 mana
83: 157.2 dps, 2076 hp, 3743 mana
84: quiescence tick
84: 158.9 dps, 2095 hp, 3752 mana
85: 157.1 dps, 2095 hp, 3752 mana
86: 155.2 dps, 2095 hp, 3752 mana
87: 153.4 dps, 2095 hp, 3752 mana
88: 151.7 dps, 2095 hp, 3752 mana
89: 150.0 dps, 2095 hp, 3752 mana
90: 148.3 dps, 2114 hp, 3761 mana
91: miniCH tick
91: finished casting miniCH
91: 168.1 dps, 2114 hp, 3521 mana
92: 166.3 dps, 2114 hp, 3521 mana
93: 164.5 dps, 2114 hp, 3521 mana
94: startcast quiescence
94: 162.8 dps, 2114 hp, 3521 mana
95: 161.1 dps, 2114 hp, 3521 mana
96: 159.4 dps, 2133 hp, 3530 mana
97: 157.7 dps, 2133 hp, 3530 mana
98: finished casting quiescence
98: 156.1 dps, 2133 hp, 3410 mana
99: 154.5 dps, 2133 hp, 3410 mana
100: 153.0 dps, 2133 hp, 3410 mana
101: startcast miniCH
101: 151.5 dps, 2133 hp, 3410 mana
102: quiescence tick
102: 152.9 dps, 2152 hp, 3419 mana
103: 151.5 dps, 2152 hp, 3419 mana
104: 150.0 dps, 2152 hp, 3419 mana
105: 148.6 dps, 2152 hp, 3419 mana
106: 147.2 dps, 2152 hp, 3419 mana
107: 145.8 dps, 2152 hp, 3419 mana
108: quiescence tick
108: 147.2 dps, 2171 hp, 3428 mana
109: 145.9 dps, 2171 hp, 3428 mana
110: 144.5 dps, 2171 hp, 3428 mana
111: miniCH tick
111: finished casting miniCH
111: 160.8 dps, 2171 hp, 3188 mana
112: 159.4 dps, 2171 hp, 3188 mana
113: 158.0 dps, 2171 hp, 3188 mana
114: quiescence tick
114: startcast miniCH
114: 159.2 dps, 2190 hp, 3197 mana
115: 157.8 dps, 2190 hp, 3197 mana
116: 156.5 dps, 2190 hp, 3197 mana
117: 155.1 dps, 2190 hp, 3197 mana
118: 153.8 dps, 2190 hp, 3197 mana
119: 152.5 dps, 2190 hp, 3197 mana
120: quiescence tick
120: 153.8 dps, 2209 hp, 3206 mana
121: 152.5 dps, 2209 hp, 3206 mana
122: 151.2 dps, 2209 hp, 3206 mana
123: 150.0 dps, 2209 hp, 3206 mana
124: miniCH tick
124: finished casting miniCH
124: 164.5 dps, 2209 hp, 2966 mana
125: 163.2 dps, 2209 hp, 2966 mana
126: quiescence tick
126: 164.3 dps, 2228 hp, 2975 mana
127: startcast miniCH
127: 163.0 dps, 2228 hp, 2975 mana
128: 161.7 dps, 2228 hp, 2975 mana
129: 160.5 dps, 2228 hp, 2975 mana
130: 159.2 dps, 2228 hp, 2975 mana
131: 158.0 dps, 2228 hp, 2975 mana
132: quiescence tick
132: 159.1 dps, 2247 hp, 2984 mana
133: 157.9 dps, 2247 hp, 2984 mana
134: 156.7 dps, 2247 hp, 2984 mana
135: 155.6 dps, 2247 hp, 2984 mana
136: 154.4 dps, 2247 hp, 2984 mana
137: miniCH tick
137: finished casting miniCH
137: 167.5 dps, 2247 hp, 2744 mana
138: 166.3 dps, 2266 hp, 2753 mana
139: 165.1 dps, 2266 hp, 2753 mana
140: startcast quiescence
140: 163.9 dps, 2266 hp, 2753 mana
141: 162.8 dps, 2266 hp, 2753 mana
142: 161.6 dps, 2266 hp, 2753 mana
143: 160.5 dps, 2266 hp, 2753 mana
144: finished casting quiescence
144: 159.4 dps, 2285 hp, 2642 mana
145: 158.3 dps, 2285 hp, 2642 mana
146: 157.2 dps, 2285 hp, 2642 mana
147: startcast miniCH
147: 156.1 dps, 2285 hp, 2642 mana
148: 155.1 dps, 2285 hp, 2642 mana
149: 154.0 dps, 2285 hp, 2642 mana
150: quiescence tick
150: 155.0 dps, 2304 hp, 2651 mana
151: 154.0 dps, 2304 hp, 2651 mana
152: 153.0 dps, 2304 hp, 2651 mana
153: 152.0 dps, 2304 hp, 2651 mana
154: 151.0 dps, 2304 hp, 2651 mana
155: 150.0 dps, 2304 hp, 2651 mana
156: quiescence tick
156: 151.0 dps, 2323 hp, 2660 mana
157: miniCH tick
157: finished casting miniCH
157: 162.4 dps, 2323 hp, 2420 mana
158: 161.4 dps, 2323 hp, 2420 mana
159: 160.4 dps, 2323 hp, 2420 mana
160: startcast miniCH
160: 159.4 dps, 2323 hp, 2420 mana
161: 158.4 dps, 2323 hp, 2420 mana
162: quiescence tick
162: 159.3 dps, 2342 hp, 2429 mana
163: 158.3 dps, 2342 hp, 2429 mana
164: 157.3 dps, 2342 hp, 2429 mana
165: 156.4 dps, 2342 hp, 2429 mana
166: 155.4 dps, 2342 hp, 2429 mana
167: 154.5 dps, 2342 hp, 2429 mana
168: quiescence tick
168: 155.4 dps, 2361 hp, 2438 mana
169: 154.4 dps, 2361 hp, 2438 mana
170: miniCH tick
170: finished casting miniCH
170: 165.0 dps, 2361 hp, 2198 mana
171: 164.0 dps, 2361 hp, 2198 mana
172: 163.1 dps, 2361 hp, 2198 mana
173: startcast miniCH
173: 162.1 dps, 2361 hp, 2198 mana
174: quiescence tick
174: 162.9 dps, 2380 hp, 2207 mana
175: 162.0 dps, 2380 hp, 2207 mana
176: 161.1 dps, 2380 hp, 2207 mana
177: 160.2 dps, 2380 hp, 2207 mana
178: 159.3 dps, 2380 hp, 2207 mana
179: 158.4 dps, 2380 hp, 2207 mana
180: quiescence tick
180: 159.2 dps, 2399 hp, 2216 mana
181: 158.3 dps, 2399 hp, 2216 mana
182: 157.4 dps, 2399 hp, 2216 mana
183: miniCH tick
183: finished casting miniCH
183: 167.2 dps, 2399 hp, 1976 mana
184: 166.3 dps, 2399 hp, 1976 mana
185: 165.4 dps, 2399 hp, 1976 mana
186: startcast quiescence
186: 164.5 dps, 2418 hp, 1985 mana
187: 163.6 dps, 2418 hp, 1985 mana
188: 162.8 dps, 2418 hp, 1985 mana
189: 161.9 dps, 2418 hp, 1985 mana
190: finished casting quiescence
190: 161.1 dps, 2418 hp, 1865 mana
191: 160.2 dps, 2418 hp, 1865 mana
192: quiescence tick
192: 160.9 dps, 2437 hp, 1874 mana
193: startcast miniCH
193: 160.1 dps, 2437 hp, 1874 mana
194: 159.3 dps, 2437 hp, 1874 mana
195: 158.5 dps, 2437 hp, 1874 mana
196: 157.7 dps, 2437 hp, 1874 mana
197: 156.9 dps, 2437 hp, 1874 mana
198: quiescence tick
198: 157.6 dps, 2456 hp, 1883 mana
199: 156.8 dps, 2456 hp, 1883 mana
200: 156.0 dps, 2456 hp, 1883 mana
201: 155.2 dps, 2456 hp, 1883 mana
202: 154.5 dps, 2456 hp, 1883 mana
203: miniCH tick
203: finished casting miniCH
203: 163.3 dps, 2456 hp, 1643 mana
204: quiescence tick
204: 164.0 dps, 2475 hp, 1652 mana
205: 163.2 dps, 2475 hp, 1652 mana
206: startcast miniCH
206: 162.4 dps, 2475 hp, 1652 mana
207: 161.6 dps, 2475 hp, 1652 mana
208: 160.8 dps, 2475 hp, 1652 mana
209: 160.0 dps, 2475 hp, 1652 mana
210: quiescence tick
210: 160.7 dps, 2494 hp, 1661 mana
211: 160.0 dps, 2494 hp, 1661 mana
212: 159.2 dps, 2494 hp, 1661 mana
213: 158.5 dps, 2494 hp, 1661 mana
214: 157.7 dps, 2494 hp, 1661 mana
215: 157.0 dps, 2494 hp, 1661 mana
216: quiescence tick
216: miniCH tick
216: finished casting miniCH
216: 166.7 dps, 2513 hp, 1430 mana
217: 165.9 dps, 2513 hp, 1430 mana
218: 165.1 dps, 2513 hp, 1430 mana
219: startcast miniCH
219: 164.4 dps, 2513 hp, 1430 mana
220: 163.6 dps, 2513 hp, 1430 mana
221: 162.9 dps, 2513 hp, 1430 mana
222: quiescence tick
222: 163.5 dps, 2532 hp, 1439 mana
223: 162.8 dps, 2532 hp, 1439 mana
224: 162.1 dps, 2532 hp, 1439 mana
225: 161.3 dps, 2532 hp, 1439 mana
226: 160.6 dps, 2532 hp, 1439 mana
227: 159.9 dps, 2532 hp, 1439 mana
228: 159.2 dps, 2551 hp, 1448 mana
229: miniCH tick
229: finished casting miniCH
229: 167.0 dps, 2551 hp, 1208 mana
230: 166.3 dps, 2551 hp, 1208 mana
231: 165.6 dps, 2551 hp, 1208 mana
232: startcast quiescence
232: 164.9 dps, 2551 hp, 1208 mana
233: 164.2 dps, 2551 hp, 1208 mana
234: 163.5 dps, 2570 hp, 1217 mana
235: 162.8 dps, 2570 hp, 1217 mana
236: finished casting quiescence
236: 162.1 dps, 2570 hp, 1097 mana
237: 161.4 dps, 2570 hp, 1097 mana
238: 160.7 dps, 2570 hp, 1097 mana
239: startcast miniCH
239: 160.0 dps, 2570 hp, 1097 mana
240: quiescence tick
240: 160.6 dps, 2589 hp, 1106 mana
241: 160.0 dps, 2589 hp, 1106 mana
242: 159.3 dps, 2589 hp, 1106 mana
243: 158.6 dps, 2589 hp, 1106 mana
244: 158.0 dps, 2589 hp, 1106 mana
245: 157.3 dps, 2589 hp, 1106 mana
246: quiescence tick
246: 157.9 dps, 2608 hp, 1115 mana
247: 157.3 dps, 2608 hp, 1115 mana
248: 156.7 dps, 2608 hp, 1115 mana
249: miniCH tick
249: finished casting miniCH
249: 163.9 dps, 2608 hp, 875 mana
250: 163.2 dps, 2608 hp, 875 mana
251: 162.5 dps, 2608 hp, 875 mana
252: quiescence tick
252: startcast miniCH
252: 163.1 dps, 2627 hp, 884 mana
253: 162.5 dps, 2627 hp, 884 mana
254: 161.8 dps, 2627 hp, 884 mana
255: 161.2 dps, 2627 hp, 884 mana
256: 160.5 dps, 2627 hp, 884 mana
257: 159.9 dps, 2627 hp, 884 mana
258: quiescence tick
258: 160.5 dps, 2646 hp, 893 mana
259: 159.8 dps, 2646 hp, 893 mana
260: 159.2 dps, 2646 hp, 893 mana
261: 158.6 dps, 2646 hp, 893 mana
262: miniCH tick
262: finished casting miniCH
262: 165.5 dps, 2646 hp, 653 mana
263: 164.8 dps, 2646 hp, 653 mana
264: quiescence tick
264: 165.3 dps, 2665 hp, 662 mana
265: cann5 tick
265: finished casting cann5
265: startcast cann5
265: 164.7 dps, 741 hp, 1728 mana
266: startcast torpor
266: 164.1 dps, 741 hp, 1728 mana
267: 163.5 dps, 741 hp, 1728 mana
268: 162.9 dps, 741 hp, 1728 mana
269: 162.3 dps, 741 hp, 1728 mana
270: quiescence tick
270: finished casting torpor
270: 162.8 dps, 760 hp, 1617 mana
271: 162.2 dps, 760 hp, 1617 mana
272: 161.6 dps, 760 hp, 1617 mana
273: startcast quiescence
273: 161.0 dps, 760 hp, 1617 mana
274: 160.4 dps, 760 hp, 1617 mana
275: 159.8 dps, 760 hp, 1617 mana
276: torpor tick
276: 159.2 dps, 1079 hp, 1626 mana
277: finished casting quiescence
277: 158.7 dps, 1079 hp, 1506 mana
278: 158.1 dps, 1079 hp, 1506 mana
279: 157.5 dps, 1079 hp, 1506 mana
280: startcast miniCH
280: 157.0 dps, 1079 hp, 1506 mana
281: 156.4 dps, 1079 hp, 1506 mana
282: torpor tick
282: quiescence tick
282: 156.9 dps, 1398 hp, 1515 mana
283: 156.4 dps, 1398 hp, 1515 mana
284: 155.8 dps, 1398 hp, 1515 mana
285: 155.3 dps, 1398 hp, 1515 mana
286: 154.7 dps, 1398 hp, 1515 mana
287: 154.2 dps, 1398 hp, 1515 mana
288: torpor tick
288: quiescence tick
288: 154.7 dps, 1717 hp, 1524 mana
289: 154.2 dps, 1717 hp, 1524 mana
290: miniCH tick
290: finished casting miniCH
290: 160.3 dps, 1717 hp, 1284 mana
291: 159.8 dps, 1717 hp, 1284 mana
292: 159.2 dps, 1717 hp, 1284 mana
293: startcast miniCH
293: 158.7 dps, 1717 hp, 1284 mana
294: torpor tick
294: quiescence tick
294: 159.2 dps, 2036 hp, 1293 mana
295: 158.6 dps, 2036 hp, 1293 mana
296: 158.1 dps, 2036 hp, 1293 mana
297: 157.6 dps, 2036 hp, 1293 mana
298: 157.0 dps, 2036 hp, 1293 mana
299: 156.5 dps, 2036 hp, 1293 mana
300: torpor tick
300: quiescence tick
300: 157.0 dps, 2355 hp, 1302 mana
301: 156.5 dps, 2355 hp, 1302 mana
302: 156.0 dps, 2355 hp, 1302 mana
303: miniCH tick
303: finished casting miniCH
303: 161.9 dps, 2355 hp, 1062 mana
304: 161.3 dps, 2355 hp, 1062 mana
305: 160.8 dps, 2355 hp, 1062 mana
306: torpor tick
306: quiescence tick
306: startcast miniCH
306: 161.3 dps, 2674 hp, 1071 mana
307: 160.7 dps, 2674 hp, 1071 mana
308: 160.2 dps, 2674 hp, 1071 mana
309: 159.7 dps, 2674 hp, 1071 mana
310: 159.2 dps, 2674 hp, 1071 mana
311: 158.7 dps, 2674 hp, 1071 mana
312: quiescence tick
312: 159.1 dps, 2693 hp, 1080 mana
313: 158.6 dps, 2693 hp, 1080 mana
314: 158.1 dps, 2693 hp, 1080 mana
315: 157.6 dps, 2693 hp, 1080 mana
316: miniCH tick
316: finished casting miniCH
316: 163.3 dps, 2693 hp, 840 mana
317: 162.8 dps, 2693 hp, 840 mana
318: 162.3 dps, 2712 hp, 849 mana
319: startcast quiescence
319: 161.8 dps, 2712 hp, 849 mana
320: 161.2 dps, 2712 hp, 849 mana
321: 160.7 dps, 2712 hp, 849 mana
322: 160.2 dps, 2712 hp, 849 mana
323: finished casting quiescence
323: 159.8 dps, 2712 hp, 729 mana
324: quiescence tick
324: 160.2 dps, 2731 hp, 738 mana
325: 159.7 dps, 2731 hp, 738 mana
326: startcast miniCH
326: 159.2 dps, 2731 hp, 738 mana
327: 158.7 dps, 2731 hp, 738 mana
328: 158.2 dps, 2731 hp, 738 mana
329: 157.8 dps, 2731 hp, 738 mana
330: quiescence tick
330: 158.2 dps, 2750 hp, 747 mana
331: 157.7 dps, 2750 hp, 747 mana
332: 157.2 dps, 2750 hp, 747 mana
333: 156.8 dps, 2750 hp, 747 mana
334: 156.3 dps, 2750 hp, 747 mana
335: 155.8 dps, 2750 hp, 747 mana
336: quiescence tick
336: miniCH tick
336: finished casting miniCH
336: 162.1 dps, 2769 hp, 516 mana
337: 161.6 dps, 2769 hp, 516 mana
338: 161.1 dps, 2769 hp, 516 mana
339: startcast miniCH
339: 160.6 dps, 2769 hp, 516 mana
340: 160.1 dps, 2769 hp, 516 mana
341: 159.7 dps, 2769 hp, 516 mana
342: quiescence tick
342: 160.1 dps, 2788 hp, 525 mana
343: 159.6 dps, 2788 hp, 525 mana
344: 159.2 dps, 2788 hp, 525 mana
345: 158.7 dps, 2788 hp, 525 mana
346: 158.2 dps, 2788 hp, 525 mana
347: 157.8 dps, 2788 hp, 525 mana
348: quiescence tick
348: 158.2 dps, 2807 hp, 534 mana
349: miniCH tick
349: finished casting miniCH
349: 163.3 dps, 2807 hp, 294 mana
350: 162.9 dps, 2807 hp, 294 mana
351: 162.4 dps, 2807 hp, 294 mana
352: startcast cann4
352: 161.9 dps, 2807 hp, 294 mana
353: 161.5 dps, 2807 hp, 294 mana
354: quiescence tick
354: 161.9 dps, 2826 hp, 303 mana
355: cann4 tick
355: finished casting cann4
355: 161.4 dps, 2678 hp, 385 mana
356: 161.0 dps, 2678 hp, 385 mana
357: startcast quiescence
357: 160.5 dps, 2678 hp, 385 mana
358: 160.1 dps, 2678 hp, 385 mana
359: 159.6 dps, 2678 hp, 385 mana
360: 159.2 dps, 2697 hp, 394 mana
361: finished casting quiescence
361: 158.7 dps, 2697 hp, 274 mana
362: 158.3 dps, 2697 hp, 274 mana
363: 157.9 dps, 2697 hp, 274 mana
364: startcast cann4
364: 157.4 dps, 2697 hp, 274 mana
365: 157.0 dps, 2697 hp, 274 mana
366: quiescence tick
366: 157.4 dps, 2716 hp, 283 mana
367: cann4 tick
367: finished casting cann4
367: 156.9 dps, 2568 hp, 365 mana
368: 156.5 dps, 2568 hp, 365 mana
369: startcast cann4
369: 156.1 dps, 2568 hp, 365 mana
370: 155.7 dps, 2568 hp, 365 mana
371: 155.3 dps, 2568 hp, 365 mana
372: quiescence tick
372: cann4 tick
372: finished casting cann4
372: 155.6 dps, 2439 hp, 456 mana
373: 155.2 dps, 2439 hp, 456 mana
374: startcast miniCH
374: 154.8 dps, 2439 hp, 456 mana
375: 154.4 dps, 2439 hp, 456 mana
376: 154.0 dps, 2439 hp, 456 mana
377: 153.6 dps, 2439 hp, 456 mana
378: quiescence tick
378: 154.0 dps, 2458 hp, 465 mana
379: 153.6 dps, 2458 hp, 465 mana
380: 153.2 dps, 2458 hp, 465 mana
381: 152.8 dps, 2458 hp, 465 mana
382: 152.4 dps, 2458 hp, 465 mana
383: 152.0 dps, 2458 hp, 465 mana
384: quiescence tick
384: miniCH tick
384: finished casting miniCH
384: 157.4 dps, 2477 hp, 234 mana
385: 157.0 dps, 2477 hp, 234 mana
386: 156.6 dps, 2477 hp, 234 mana
387: startcast cann4
387: 156.2 dps, 2477 hp, 234 mana
388: 155.8 dps, 2477 hp, 234 mana
389: 155.4 dps, 2477 hp, 234 mana
390: quiescence tick
390: cann4 tick
390: finished casting cann4
390: 155.8 dps, 2348 hp, 325 mana
391: 155.4 dps, 2348 hp, 325 mana
392: startcast cann4
392: 155.0 dps, 2348 hp, 325 mana
393: 154.6 dps, 2348 hp, 325 mana
394: 154.2 dps, 2348 hp, 325 mana
395: cann4 tick
395: finished casting cann4
395: 153.8 dps, 2200 hp, 407 mana
396: quiescence tick
396: 154.2 dps, 2219 hp, 416 mana
397: startcast quiescence
397: 153.8 dps, 2219 hp, 416 mana
398: 153.4 dps, 2219 hp, 416 mana
399: 153.0 dps, 2219 hp, 416 mana
400: 152.6 dps, 2219 hp, 416 mana
401: finished casting quiescence
401: 152.2 dps, 2219 hp, 296 mana
402: quiescence tick
402: 152.6 dps, 2238 hp, 305 mana
403: 152.2 dps, 2238 hp, 305 mana
404: startcast cann4
404: 151.9 dps, 2238 hp, 305 mana
405: 151.5 dps, 2238 hp, 305 mana
406: 151.1 dps, 2238 hp, 305 mana
407: cann4 tick
407: finished casting cann4
407: 150.7 dps, 2090 hp, 387 mana
408: quiescence tick
408: 151.1 dps, 2109 hp, 396 mana
409: startcast cann4
409: 150.7 dps, 2109 hp, 396 mana
410: 150.4 dps, 2109 hp, 396 mana
411: 150.0 dps, 2109 hp, 396 mana
412: cann4 tick
412: finished casting cann4
412: 149.6 dps, 1961 hp, 478 mana
413: 149.3 dps, 1961 hp, 478 mana
414: quiescence tick
414: startcast torpor
414: 149.6 dps, 1980 hp, 487 mana
415: 149.3 dps, 1980 hp, 487 mana
416: 148.9 dps, 1980 hp, 487 mana
417: 148.6 dps, 1980 hp, 487 mana
418: finished casting torpor
418: 148.2 dps, 1980 hp, 367 mana
419: 147.9 dps, 1980 hp, 367 mana
420: torpor tick
420: quiescence tick
420: 148.2 dps, 2299 hp, 376 mana
421: startcast cann4
421: 147.9 dps, 2299 hp, 376 mana
422: 147.5 dps, 2299 hp, 376 mana
423: 147.2 dps, 2299 hp, 376 mana
424: cann4 tick
424: finished casting cann4
424: 146.8 dps, 2151 hp, 458 mana
425: 146.5 dps, 2151 hp, 458 mana
426: torpor tick
426: quiescence tick
426: startcast miniCH
426: 146.8 dps, 2470 hp, 467 mana
427: 146.5 dps, 2470 hp, 467 mana
428: 146.1 dps, 2470 hp, 467 mana
429: 145.8 dps, 2470 hp, 467 mana
430: 145.5 dps, 2470 hp, 467 mana
431: 145.1 dps, 2470 hp, 467 mana
432: torpor tick
432: quiescence tick
432: 145.5 dps, 2789 hp, 476 mana
433: 145.2 dps, 2789 hp, 476 mana
434: 144.8 dps, 2789 hp, 476 mana
435: 144.5 dps, 2789 hp, 476 mana
436: miniCH tick
436: finished casting miniCH
436: 148.6 dps, 2789 hp, 236 mana
437: 148.3 dps, 2789 hp, 236 mana
438: torpor tick
438: 147.9 dps, 3108 hp, 245 mana
439: startcast quiescence
439: 147.6 dps, 3108 hp, 245 mana
440: 147.3 dps, 3108 hp, 245 mana
441: 146.9 dps, 3108 hp, 245 mana
442: 146.6 dps, 3108 hp, 245 mana
443: finished casting quiescence
443: 146.3 dps, 3108 hp, 125 mana
444: torpor tick
444: quiescence tick
444: 146.6 dps, 3427 hp, 134 mana
445: 146.3 dps, 3427 hp, 134 mana
446: cann5 tick
446: finished casting cann5
446: startcast cann5
446: 146.0 dps, 1503 hp, 1200 mana
447: startcast miniCH
447: 145.6 dps, 1503 hp, 1200 mana
448: 145.3 dps, 1503 hp, 1200 mana
449: 145.0 dps, 1503 hp, 1200 mana
450: torpor tick
450: quiescence tick
450: 145.3 dps, 1822 hp, 1209 mana
451: 145.0 dps, 1822 hp, 1209 mana
452: 144.7 dps, 1822 hp, 1209 mana
453: 144.4 dps, 1822 hp, 1209 mana
454: 144.1 dps, 1822 hp, 1209 mana
455: 143.7 dps, 1822 hp, 1209 mana
456: quiescence tick
456: 144.1 dps, 1841 hp, 1218 mana
457: miniCH tick
457: finished casting miniCH
457: 148.0 dps, 1841 hp, 978 mana
458: 147.7 dps, 1841 hp, 978 mana
459: 147.4 dps, 1841 hp, 978 mana
460: startcast torpor
460: 147.1 dps, 1841 hp, 978 mana
461: 146.7 dps, 1841 hp, 978 mana
462: quiescence tick
462: 147.1 dps, 1860 hp, 987 mana
463: 146.8 dps, 1860 hp, 987 mana
464: finished casting torpor
464: 146.4 dps, 1860 hp, 867 mana
465: 146.1 dps, 1860 hp, 867 mana
466: 145.8 dps, 1860 hp, 867 mana
467: startcast miniCH
467: 145.5 dps, 1860 hp, 867 mana
468: torpor tick
468: quiescence tick
468: 145.8 dps, 2179 hp, 876 mana
469: 145.5 dps, 2179 hp, 876 mana
470: 145.2 dps, 2179 hp, 876 mana
471: 144.9 dps, 2179 hp, 876 mana
472: 144.6 dps, 2179 hp, 876 mana
473: 144.3 dps, 2179 hp, 876 mana
474: torpor tick
474: quiescence tick
474: 144.6 dps, 2498 hp, 885 mana
475: 144.3 dps, 2498 hp, 885 mana
476: 144.0 dps, 2498 hp, 885 mana
477: miniCH tick
477: finished casting miniCH
477: 147.8 dps, 2498 hp, 645 mana
478: 147.5 dps, 2498 hp, 645 mana
479: 147.2 dps, 2498 hp, 645 mana
480: torpor tick
480: startcast quiescence
480: 146.9 dps, 2817 hp, 654 mana
481: 146.6 dps, 2817 hp, 654 mana
482: 146.3 dps, 2817 hp, 654 mana
483: 146.0 dps, 2817 hp, 654 mana
484: finished casting quiescence
484: 145.7 dps, 2817 hp, 534 mana
485: 145.4 dps, 2817 hp, 534 mana
486: torpor tick
486: quiescence tick
486: 145.7 dps, 3136 hp, 543 mana
487: startcast miniCH
487: 145.4 dps, 3136 hp, 543 mana
488: 145.1 dps, 3136 hp, 543 mana
489: 144.8 dps, 3136 hp, 543 mana
490: 144.5 dps, 3136 hp, 543 mana
491: 144.2 dps, 3136 hp, 543 mana
492: torpor tick
492: quiescence tick
492: 144.5 dps, 3455 hp, 552 mana
493: 144.2 dps, 3455 hp, 552 mana
494: 143.9 dps, 3455 hp, 552 mana
495: 143.6 dps, 3455 hp, 552 mana
496: 143.3 dps, 3455 hp, 552 mana
497: miniCH tick
497: finished casting miniCH
497: 147.0 dps, 3455 hp, 312 mana
498: torpor tick
498: quiescence tick
498: 147.3 dps, 3774 hp, 321 mana
499: 147.0 dps, 3774 hp, 321 mana
500: startcast cann4
500: 146.7 dps, 3774 hp, 321 mana
501: 146.4 dps, 3774 hp, 321 mana
502: 146.1 dps, 3774 hp, 321 mana
503: cann4 tick
503: finished casting cann4
503: 145.8 dps, 3626 hp, 403 mana
504: quiescence tick
504: 146.1 dps, 3645 hp, 412 mana
505: startcast miniCH
505: 145.8 dps, 3645 hp, 412 mana
506: 145.6 dps, 3645 hp, 412 mana
507: 145.3 dps, 3645 hp, 412 mana
508: 145.0 dps, 3645 hp, 412 mana
509: 144.7 dps, 3645 hp, 412 mana
510: quiescence tick
510: 145.0 dps, 3664 hp, 421 mana
511: 144.7 dps, 3664 hp, 421 mana
512: 144.4 dps, 3664 hp, 421 mana
513: 144.2 dps, 3664 hp, 421 mana
514: 143.9 dps, 3664 hp, 421 mana
515: miniCH tick
515: finished casting miniCH
515: 147.4 dps, 3664 hp, 181 mana
516: quiescence tick
516: 147.7 dps, 3683 hp, 190 mana
517: 147.4 dps, 3683 hp, 190 mana
518: startcast cann4
518: 147.1 dps, 3683 hp, 190 mana
519: 146.8 dps, 3683 hp, 190 mana
520: 146.5 dps, 3683 hp, 190 mana
521: cann4 tick
521: finished casting cann4
521: 146.3 dps, 3535 hp, 272 mana
522: 146.0 dps, 3554 hp, 281 mana
523: startcast quiescence
523: 145.7 dps, 3554 hp, 281 mana
524: 145.4 dps, 3554 hp, 281 mana
525: 145.1 dps, 3554 hp, 281 mana
526: 144.9 dps, 3554 hp, 281 mana
527: finished casting quiescence
527: 144.6 dps, 3554 hp, 161 mana
528: quiescence tick
528: 144.9 dps, 3573 hp, 170 mana
529: 144.6 dps, 3573 hp, 170 mana
530: startcast cann4
530: 144.3 dps, 3573 hp, 170 mana
531: 144.1 dps, 3573 hp, 170 mana
532: 143.8 dps, 3573 hp, 170 mana
533: cann4 tick
533: finished casting cann4
533: 143.5 dps, 3425 hp, 252 mana
534: quiescence tick
534: 143.8 dps, 3444 hp, 261 mana
535: startcast cann4
535: 143.6 dps, 3444 hp, 261 mana
536: 143.3 dps, 3444 hp, 261 mana
537: 143.0 dps, 3444 hp, 261 mana
538: cann4 tick
538: finished casting cann4
538: 142.8 dps, 3296 hp, 343 mana
539: 142.5 dps, 3296 hp, 343 mana
540: quiescence tick
540: startcast cann4
540: 142.8 dps, 3315 hp, 352 mana
541: 142.5 dps, 3315 hp, 352 mana
542: 142.3 dps, 3315 hp, 352 mana
543: cann4 tick
543: finished casting cann4
543: 142.0 dps, 3167 hp, 434 mana
544: 141.7 dps, 3167 hp, 434 mana
545: startcast miniCH
545: 141.5 dps, 3167 hp, 434 mana
546: quiescence tick
546: 141.8 dps, 3186 hp, 443 mana
547: 141.5 dps, 3186 hp, 443 mana
548: 141.2 dps, 3186 hp, 443 mana
549: 141.0 dps, 3186 hp, 443 mana
550: 140.7 dps, 3186 hp, 443 mana
551: 140.5 dps, 3186 hp, 443 mana
552: quiescence tick
552: 140.8 dps, 3205 hp, 452 mana
553: 140.5 dps, 3205 hp, 452 mana
554: 140.3 dps, 3205 hp, 452 mana
555: miniCH tick
555: finished casting miniCH
555: 143.5 dps, 3205 hp, 212 mana
556: 143.3 dps, 3205 hp, 212 mana
557: 143.0 dps, 3205 hp, 212 mana
558: quiescence tick
558: startcast quiescence
558: 143.3 dps, 3224 hp, 221 mana
559: 143.0 dps, 3224 hp, 221 mana
560: 142.8 dps, 3224 hp, 221 mana
561: 142.5 dps, 3224 hp, 221 mana
562: finished casting quiescence
562: 142.3 dps, 3224 hp, 101 mana
563: 142.0 dps, 3224 hp, 101 mana
564: quiescence tick
564: 142.3 dps, 3243 hp, 110 mana
565: startcast cann4
565: 142.0 dps, 3243 hp, 110 mana
566: 141.8 dps, 3243 hp, 110 mana
567: 141.5 dps, 3243 hp, 110 mana
568: cann4 tick
568: finished casting cann4
568: 141.3 dps, 3095 hp, 192 mana
569: 141.0 dps, 3095 hp, 192 mana
570: quiescence tick
570: startcast cann4
570: 141.3 dps, 3114 hp, 201 mana
571: 141.1 dps, 3114 hp, 201 mana
572: 140.8 dps, 3114 hp, 201 mana
573: cann4 tick
573: finished casting cann4
573: 140.6 dps, 2966 hp, 283 mana
574: 140.3 dps, 2966 hp, 283 mana
575: startcast cann4
575: 140.1 dps, 2966 hp, 283 mana
576: quiescence tick
576: 140.4 dps, 2985 hp, 292 mana
577: 140.1 dps, 2985 hp, 292 mana
578: cann4 tick
578: finished casting cann4
578: 139.9 dps, 2837 hp, 374 mana
579: 139.6 dps, 2837 hp, 374 mana
580: startcast cann4
580: 139.4 dps, 2837 hp, 374 mana
581: 139.2 dps, 2837 hp, 374 mana
582: quiescence tick
582: 139.4 dps, 2856 hp, 383 mana
583: cann4 tick
583: finished casting cann4
583: 139.2 dps, 2708 hp, 465 mana
584: 139.0 dps, 2708 hp, 465 mana
585: startcast miniCH
585: 138.7 dps, 2708 hp, 465 mana
586: 138.5 dps, 2708 hp, 465 mana
587: 138.2 dps, 2708 hp, 465 mana
588: quiescence tick
588: 138.5 dps, 2727 hp, 474 mana
589: 138.3 dps, 2727 hp, 474 mana
590: 138.1 dps, 2727 hp, 474 mana
591: 137.8 dps, 2727 hp, 474 mana
592: 137.6 dps, 2727 hp, 474 mana
593: 137.4 dps, 2727 hp, 474 mana
594: quiescence tick
594: 137.6 dps, 2746 hp, 483 mana
595: miniCH tick
595: finished casting miniCH
595: 140.7 dps, 2746 hp, 243 mana
596: 140.4 dps, 2746 hp, 243 mana
597: 140.2 dps, 2746 hp, 243 mana
598: startcast quiescence
598: 140.0 dps, 2746 hp, 243 mana
599: 139.7 dps, 2746 hp, 243 mana
600: 139.5 dps, 2765 hp, 252 mana
601: 139.3 dps, 2765 hp, 252 mana
602: finished casting quiescence
602: 139.0 dps, 2765 hp, 132 mana
603: 138.8 dps, 2765 hp, 132 mana
604: 138.6 dps, 2765 hp, 132 mana
605: startcast cann4
605: 138.3 dps, 2765 hp, 132 mana
606: quiescence tick
606: 138.6 dps, 2784 hp, 141 mana
607: 138.4 dps, 2784 hp, 141 mana
608: cann4 tick
608: finished casting cann4
608: 138.2 dps, 2636 hp, 223 mana
609: 137.9 dps, 2636 hp, 223 mana
610: startcast cann4
610: 137.7 dps, 2636 hp, 223 mana
611: 137.5 dps, 2636 hp, 223 mana
612: quiescence tick
612: 137.7 dps, 2655 hp, 232 mana
613: cann4 tick
613: finished casting cann4
613: 137.5 dps, 2507 hp, 314 mana
614: 137.3 dps, 2507 hp, 314 mana
615: startcast cann4
615: 137.1 dps, 2507 hp, 314 mana
616: 136.9 dps, 2507 hp, 314 mana
617: 136.6 dps, 2507 hp, 314 mana
618: quiescence tick
618: cann4 tick
618: finished casting cann4
618: 136.9 dps, 2378 hp, 405 mana
619: 136.7 dps, 2378 hp, 405 mana
620: startcast miniCH
620: 136.5 dps, 2378 hp, 405 mana
621: 136.2 dps, 2378 hp, 405 mana
622: 136.0 dps, 2378 hp, 405 mana
623: 135.8 dps, 2378 hp, 405 mana
624: quiescence tick
624: 136.1 dps, 2397 hp, 414 mana
625: 135.8 dps, 2397 hp, 414 mana
626: 135.6 dps, 2397 hp, 414 mana
627: 135.4 dps, 2397 hp, 414 mana
628: 135.2 dps, 2397 hp, 414 mana
629: 135.0 dps, 2397 hp, 414 mana
630: quiescence tick
630: miniCH tick
630: finished casting miniCH
630: 138.3 dps, 2416 hp, 183 mana
631: 138.1 dps, 2416 hp, 183 mana
632: 137.9 dps, 2416 hp, 183 mana
633: cann5 tick
633: finished casting cann5
633: startcast cann5
633: 137.7 dps, 492 hp, 1249 mana
634: startcast torpor
634: 137.5 dps, 492 hp, 1249 mana
635: 137.2 dps, 492 hp, 1249 mana
636: quiescence tick
636: 137.5 dps, 511 hp, 1258 mana
637: 137.3 dps, 511 hp, 1258 mana
638: finished casting torpor
638: 137.1 dps, 511 hp, 1138 mana
639: 136.9 dps, 511 hp, 1138 mana
640: 136.6 dps, 511 hp, 1138 mana
641: startcast quiescence
641: 136.4 dps, 511 hp, 1138 mana
642: torpor tick
642: 136.2 dps, 830 hp, 1147 mana
643: 136.0 dps, 830 hp, 1147 mana
644: 135.8 dps, 830 hp, 1147 mana
645: finished casting quiescence
645: 135.6 dps, 830 hp, 1027 mana
646: 135.4 dps, 830 hp, 1027 mana
647: 135.2 dps, 830 hp, 1027 mana
648: torpor tick
648: quiescence tick
648: startcast miniCH
648: 135.4 dps, 1149 hp, 1036 mana
649: 135.2 dps, 1149 hp, 1036 mana
650: 135.0 dps, 1149 hp, 1036 mana
651: 134.8 dps, 1149 hp, 1036 mana
652: 134.6 dps, 1149 hp, 1036 mana
653: 134.4 dps, 1149 hp, 1036 mana
654: torpor tick
654: quiescence tick
654: 134.6 dps, 1468 hp, 1045 mana
655: 134.4 dps, 1468 hp, 1045 mana
656: 134.2 dps, 1468 hp, 1045 mana
657: 134.0 dps, 1468 hp, 1045 mana
658: miniCH tick
658: finished casting miniCH
658: 136.8 dps, 1468 hp, 805 mana
659: 136.6 dps, 1468 hp, 805 mana
660: torpor tick
660: quiescence tick
660: 136.8 dps, 1787 hp, 814 mana
661: startcast miniCH
661: 136.6 dps, 1787 hp, 814 mana
662: 136.4 dps, 1787 hp, 814 mana
663: 136.2 dps, 1787 hp, 814 mana
664: 136.0 dps, 1787 hp, 814 mana
665: 135.8 dps, 1787 hp, 814 mana
666: torpor tick
666: quiescence tick
666: 136.0 dps, 2106 hp, 823 mana
667: 135.8 dps, 2106 hp, 823 mana
668: 135.6 dps, 2106 hp, 823 mana
669: 135.4 dps, 2106 hp, 823 mana
670: 135.2 dps, 2106 hp, 823 mana
671: miniCH tick
671: finished casting miniCH
671: 137.9 dps, 2106 hp, 583 mana
672: torpor tick
672: quiescence tick
672: 138.2 dps, 2425 hp, 592 mana
673: 138.0 dps, 2425 hp, 592 mana
674: startcast miniCH
674: 137.8 dps, 2425 hp, 592 mana
675: 137.6 dps, 2425 hp, 592 mana
676: 137.4 dps, 2425 hp, 592 mana
677: 137.1 dps, 2425 hp, 592 mana
678: quiescence tick
678: 137.4 dps, 2444 hp, 601 mana
679: 137.2 dps, 2444 hp, 601 mana
680: 137.0 dps, 2444 hp, 601 mana
681: 136.8 dps, 2444 hp, 601 mana
682: 136.6 dps, 2444 hp, 601 mana
683: 136.4 dps, 2444 hp, 601 mana
684: miniCH tick
684: finished casting miniCH
684: 139.0 dps, 2463 hp, 370 mana
685: 138.8 dps, 2463 hp, 370 mana
686: 138.6 dps, 2463 hp, 370 mana
687: startcast quiescence
687: 138.4 dps, 2463 hp, 370 mana
688: 138.2 dps, 2463 hp, 370 mana
689: 138.0 dps, 2463 hp, 370 mana
690: 137.8 dps, 2482 hp, 379 mana
691: finished casting quiescence
691: 137.6 dps, 2482 hp, 259 mana
692: 137.4 dps, 2482 hp, 259 mana
693: 137.2 dps, 2482 hp, 259 mana
694: startcast cann4
694: 137.0 dps, 2482 hp, 259 mana
695: 136.8 dps, 2482 hp, 259 mana
696: quiescence tick
696: 137.1 dps, 2501 hp, 268 mana
697: cann4 tick
697: finished casting cann4
697: 136.9 dps, 2353 hp, 350 mana
698: 136.7 dps, 2353 hp, 350 mana
699: startcast cann4
699: 136.5 dps, 2353 hp, 350 mana
700: 136.3 dps, 2353 hp, 350 mana
701: 136.1 dps, 2353 hp, 350 mana
702: quiescence tick
702: cann4 tick
702: finished casting cann4
702: 136.3 dps, 2224 hp, 441 mana
703: 136.1 dps, 2224 hp, 441 mana
704: startcast miniCH
704: 135.9 dps, 2224 hp, 441 mana
705: 135.7 dps, 2224 hp, 441 mana
706: 135.6 dps, 2224 hp, 441 mana
707: 135.4 dps, 2224 hp, 441 mana
708: quiescence tick
708: 135.6 dps, 2243 hp, 450 mana
709: 135.4 dps, 2243 hp, 450 mana
710: 135.2 dps, 2243 hp, 450 mana
711: 135.0 dps, 2243 hp, 450 mana
712: 134.8 dps, 2243 hp, 450 mana
713: 134.6 dps, 2243 hp, 450 mana
714: quiescence tick
714: miniCH tick
714: finished casting miniCH
714: 137.6 dps, 2262 hp, 219 mana
715: 137.4 dps, 2262 hp, 219 mana
716: 137.2 dps, 2262 hp, 219 mana
717: startcast cann4
717: 137.0 dps, 2262 hp, 219 mana
718: 136.8 dps, 2262 hp, 219 mana
719: 136.6 dps, 2262 hp, 219 mana
720: quiescence tick
720: cann4 tick
720: finished casting cann4
720: 136.9 dps, 2133 hp, 310 mana
721: 136.7 dps, 2133 hp, 310 mana
722: startcast cann4
722: 136.5 dps, 2133 hp, 310 mana
723: 136.3 dps, 2133 hp, 310 mana
724: 136.1 dps, 2133 hp, 310 mana
725: cann4 tick
725: finished casting cann4
725: 135.9 dps, 1985 hp, 392 mana
726: quiescence tick
726: 136.2 dps, 2004 hp, 401 mana
727: startcast quiescence
727: 136.0 dps, 2004 hp, 401 mana
728: 135.8 dps, 2004 hp, 401 mana
729: 135.6 dps, 2004 hp, 401 mana
730: 135.4 dps, 2004 hp, 401 mana
731: finished casting quiescence
731: 135.2 dps, 2004 hp, 281 mana
732: quiescence tick
732: 135.5 dps, 2023 hp, 290 mana
733: 135.3 dps, 2023 hp, 290 mana
734: startcast cann4
734: 135.1 dps, 2023 hp, 290 mana
735: 134.9 dps, 2023 hp, 290 mana
736: 134.7 dps, 2023 hp, 290 mana
737: cann4 tick
737: finished casting cann4
737: 134.5 dps, 1875 hp, 372 mana
738: quiescence tick
738: 134.8 dps, 1894 hp, 381 mana
739: startcast torpor
739: 134.6 dps, 1894 hp, 381 mana
740: 134.4 dps, 1894 hp, 381 mana
741: 134.2 dps, 1894 hp, 381 mana
742: 134.0 dps, 1894 hp, 381 mana
743: finished casting torpor
743: 133.8 dps, 1894 hp, 261 mana
744: torpor tick
744: quiescence tick
744: 134.1 dps, 2213 hp, 270 mana
745: 133.9 dps, 2213 hp, 270 mana
746: startcast cann4
746: 133.7 dps, 2213 hp, 270 mana
747: 133.5 dps, 2213 hp, 270 mana
748: 133.4 dps, 2213 hp, 270 mana
749: cann4 tick
749: finished casting cann4
749: 133.2 dps, 2065 hp, 352 mana
750: torpor tick
750: quiescence tick
750: 133.4 dps, 2384 hp, 361 mana
751: startcast cann4
751: 133.2 dps, 2384 hp, 361 mana
752: 133.0 dps, 2384 hp, 361 mana
753: 132.9 dps, 2384 hp, 361 mana
754: cann4 tick
754: finished casting cann4
754: 132.7 dps, 2236 hp, 443 mana
755: 132.5 dps, 2236 hp, 443 mana
756: torpor tick
756: quiescence tick
756: startcast miniCH
756: 132.7 dps, 2555 hp, 452 mana
757: 132.6 dps, 2555 hp, 452 mana
758: 132.4 dps, 2555 hp, 452 mana
759: 132.2 dps, 2555 hp, 452 mana
760: 132.0 dps, 2555 hp, 452 mana
761: 131.9 dps, 2555 hp, 452 mana
762: torpor tick
762: quiescence tick
762: 132.1 dps, 2874 hp, 461 mana
763: 131.9 dps, 2874 hp, 461 mana
764: 131.7 dps, 2874 hp, 461 mana
765: 131.6 dps, 2874 hp, 461 mana
766: miniCH tick
766: finished casting miniCH
766: 133.9 dps, 2874 hp, 221 mana
767: 133.8 dps, 2874 hp, 221 mana
768: torpor tick
768: 133.6 dps, 3193 hp, 230 mana
769: startcast quiescence
769: 133.4 dps, 3193 hp, 230 mana
770: 133.2 dps, 3193 hp, 230 mana
771: 133.1 dps, 3193 hp, 230 mana
772: 132.9 dps, 3193 hp, 230 mana
773: finished casting quiescence
773: 132.7 dps, 3193 hp, 110 mana
774: torpor tick
774: quiescence tick
774: 132.9 dps, 3512 hp, 119 mana
775: 132.8 dps, 3512 hp, 119 mana
776: startcast cann4
776: 132.6 dps, 3512 hp, 119 mana
777: 132.4 dps, 3512 hp, 119 mana
778: 132.3 dps, 3512 hp, 119 mana
779: cann4 tick
779: finished casting cann4
779: 132.1 dps, 3364 hp, 201 mana
780: quiescence tick
780: 132.3 dps, 3383 hp, 210 mana
781: startcast cann4
781: 132.1 dps, 3383 hp, 210 mana
782: 132.0 dps, 3383 hp, 210 mana
783: 131.8 dps, 3383 hp, 210 mana
784: cann4 tick
784: finished casting cann4
784: 131.6 dps, 3235 hp, 292 mana
785: 131.5 dps, 3235 hp, 292 mana
786: quiescence tick
786: startcast cann4
786: 131.7 dps, 3254 hp, 301 mana
787: 131.5 dps, 3254 hp, 301 mana
788: 131.3 dps, 3254 hp, 301 mana
789: cann4 tick
789: finished casting cann4
789: 131.2 dps, 3106 hp, 383 mana
790: 131.0 dps, 3106 hp, 383 mana
791: startcast cann4
791: 130.8 dps, 3106 hp, 383 mana
792: quiescence tick
792: 131.1 dps, 3125 hp, 392 mana
793: 130.9 dps, 3125 hp, 392 mana
794: cann4 tick
794: finished casting cann4
794: 130.7 dps, 2977 hp, 474 mana
795: 130.6 dps, 2977 hp, 474 mana
796: startcast miniCH
796: 130.4 dps, 2977 hp, 474 mana
797: 130.2 dps, 2977 hp, 474 mana
798: quiescence tick
798: 130.5 dps, 2996 hp, 483 mana
799: 130.3 dps, 2996 hp, 483 mana
800: 130.1 dps, 2996 hp, 483 mana
801: 130.0 dps, 2996 hp, 483 mana
802: 129.8 dps, 2996 hp, 483 mana
803: 129.6 dps, 2996 hp, 483 mana
804: quiescence tick
804: 129.9 dps, 3015 hp, 492 mana
805: 129.7 dps, 3015 hp, 492 mana
806: miniCH tick
806: finished casting miniCH
806: 131.9 dps, 3015 hp, 252 mana
807: 131.8 dps, 3015 hp, 252 mana
808: 131.6 dps, 3015 hp, 252 mana
809: startcast quiescence
809: 131.5 dps, 3015 hp, 252 mana
810: 131.3 dps, 3034 hp, 261 mana
811: 131.1 dps, 3034 hp, 261 mana
812: 131.0 dps, 3034 hp, 261 mana
813: finished casting quiescence
813: 130.8 dps, 3034 hp, 141 mana
814: 130.7 dps, 3034 hp, 141 mana
815: 130.5 dps, 3034 hp, 141 mana
816: quiescence tick
816: cann5 tick
816: finished casting cann5
816: startcast cann5
816: 130.7 dps, 1129 hp, 1216 mana
817: startcast torpor
817: 130.5 dps, 1129 hp, 1216 mana
818: 130.4 dps, 1129 hp, 1216 mana
819: 130.2 dps, 1129 hp, 1216 mana
820: 130.1 dps, 1129 hp, 1216 mana
821: finished casting torpor
821: 129.9 dps, 1129 hp, 1096 mana
822: torpor tick
822: quiescence tick
822: 130.1 dps, 1448 hp, 1105 mana
823: 130.0 dps, 1448 hp, 1105 mana
824: startcast miniCH
824: 129.8 dps, 1448 hp, 1105 mana
825: 129.6 dps, 1448 hp, 1105 mana
826: 129.5 dps, 1448 hp, 1105 mana
827: 129.3 dps, 1448 hp, 1105 mana
828: torpor tick
828: quiescence tick
828: 129.5 dps, 1767 hp, 1114 mana
829: 129.4 dps, 1767 hp, 1114 mana
830: 129.2 dps, 1767 hp, 1114 mana
831: 129.1 dps, 1767 hp, 1114 mana
832: 128.9 dps, 1767 hp, 1114 mana
833: 128.8 dps, 1767 hp, 1114 mana
834: torpor tick
834: quiescence tick
834: miniCH tick
834: finished casting miniCH
834: 131.3 dps, 2086 hp, 883 mana
835: 131.1 dps, 2086 hp, 883 mana
836: 131.0 dps, 2086 hp, 883 mana
837: startcast miniCH
837: 130.8 dps, 2086 hp, 883 mana
838: 130.7 dps, 2086 hp, 883 mana
839: 130.5 dps, 2086 hp, 883 mana
840: torpor tick
840: quiescence tick
840: 130.7 dps, 2405 hp, 892 mana
841: 130.6 dps, 2405 hp, 892 mana
842: 130.4 dps, 2405 hp, 892 mana
843: 130.2 dps, 2405 hp, 892 mana
844: 130.1 dps, 2405 hp, 892 mana
845: 129.9 dps, 2405 hp, 892 mana
846: torpor tick
846: quiescence tick
846: 130.1 dps, 2724 hp, 901 mana
847: miniCH tick
847: finished casting miniCH
847: 132.3 dps, 2724 hp, 661 mana
848: 132.1 dps, 2724 hp, 661 mana
849: 132.0 dps, 2724 hp, 661 mana
850: startcast quiescence
850: 131.8 dps, 2724 hp, 661 mana
851: 131.7 dps, 2724 hp, 661 mana
852: torpor tick
852: 131.5 dps, 3043 hp, 670 mana
853: 131.4 dps, 3043 hp, 670 mana
854: finished casting quiescence
854: 131.2 dps, 3043 hp, 550 mana
855: 131.1 dps, 3043 hp, 550 mana
856: 130.9 dps, 3043 hp, 550 mana
857: startcast miniCH
857: 130.7 dps, 3043 hp, 550 mana
858: quiescence tick
858: 130.9 dps, 3062 hp, 559 mana
859: 130.8 dps, 3062 hp, 559 mana
860: 130.6 dps, 3062 hp, 559 mana
861: 130.5 dps, 3062 hp, 559 mana
862: 130.3 dps, 3062 hp, 559 mana
863: 130.2 dps, 3062 hp, 559 mana
864: quiescence tick
864: 130.4 dps, 3081 hp, 568 mana
865: 130.2 dps, 3081 hp, 568 mana
866: 130.1 dps, 3081 hp, 568 mana
867: miniCH tick
867: finished casting miniCH
867: 132.2 dps, 3081 hp, 328 mana
868: 132.0 dps, 3081 hp, 328 mana
869: 131.9 dps, 3081 hp, 328 mana
870: quiescence tick
870: startcast cann4
870: 132.1 dps, 3100 hp, 337 mana
871: 131.9 dps, 3100 hp, 337 mana
872: 131.8 dps, 3100 hp, 337 mana
873: cann4 tick
873: finished casting cann4
873: 131.6 dps, 2952 hp, 419 mana
874: 131.5 dps, 2952 hp, 419 mana
875: startcast miniCH
875: 131.3 dps, 2952 hp, 419 mana
876: quiescence tick
876: 131.5 dps, 2971 hp, 428 mana
877: 131.4 dps, 2971 hp, 428 mana
878: 131.2 dps, 2971 hp, 428 mana
879: 131.1 dps, 2971 hp, 428 mana
880: 130.9 dps, 2971 hp, 428 mana
881: 130.8 dps, 2971 hp, 428 mana
882: quiescence tick
882: 131.0 dps, 2990 hp, 437 mana
883: 130.8 dps, 2990 hp, 437 mana
884: 130.7 dps, 2990 hp, 437 mana
885: miniCH tick
885: finished casting miniCH
885: 132.7 dps, 2990 hp, 197 mana
886: 132.6 dps, 2990 hp, 197 mana
887: 132.4 dps, 2990 hp, 197 mana
888: quiescence tick
888: startcast quiescence
888: 132.6 dps, 3009 hp, 206 mana
889: 132.5 dps, 3009 hp, 206 mana
890: 132.3 dps, 3009 hp, 206 mana
891: 132.2 dps, 3009 hp, 206 mana
892: finished casting quiescence
892: 132.0 dps, 3009 hp, 86 mana
893: 131.9 dps, 3009 hp, 86 mana
894: quiescence tick
894: 132.0 dps, 3028 hp, 95 mana
895: startcast cann4
895: 131.9 dps, 3028 hp, 95 mana
896: 131.8 dps, 3028 hp, 95 mana
897: 131.6 dps, 3028 hp, 95 mana
898: cann4 tick
898: finished casting cann4
898: 131.5 dps, 2880 hp, 177 mana
899: 131.3 dps, 2880 hp, 177 mana
900: quiescence tick
900: startcast cann4
900: 131.5 dps, 2899 hp, 186 mana
901: 131.4 dps, 2899 hp, 186 mana
902: 131.2 dps, 2899 hp, 186 mana
903: cann4 tick
903: finished casting cann4
903: 131.1 dps, 2751 hp, 268 mana
904: 130.9 dps, 2751 hp, 268 mana
905: startcast cann4
905: 130.8 dps, 2751 hp, 268 mana
906: quiescence tick
906: 131.0 dps, 2770 hp, 277 mana
907: 130.8 dps, 2770 hp, 277 mana
908: cann4 tick
908: finished casting cann4
908: 130.7 dps, 2622 hp, 359 mana
909: 130.5 dps, 2622 hp, 359 mana
910: startcast cann4
910: 130.4 dps, 2622 hp, 359 mana
911: 130.2 dps, 2622 hp, 359 mana
912: quiescence tick
912: 130.4 dps, 2641 hp, 368 mana
913: cann4 tick
913: finished casting cann4
913: 130.3 dps, 2493 hp, 450 mana
914: 130.1 dps, 2493 hp, 450 mana
915: startcast miniCH
915: 130.0 dps, 2493 hp, 450 mana
916: 129.9 dps, 2493 hp, 450 mana
917: 129.7 dps, 2493 hp, 450 mana
918: quiescence tick
918: 129.9 dps, 2512 hp, 459 mana
919: 129.8 dps, 2512 hp, 459 mana
920: 129.6 dps, 2512 hp, 459 mana
921: 129.5 dps, 2512 hp, 459 mana
922: 129.3 dps, 2512 hp, 459 mana
923: 129.2 dps, 2512 hp, 459 mana
924: quiescence tick
924: 129.4 dps, 2531 hp, 468 mana
925: miniCH tick
925: finished casting miniCH
925: 131.4 dps, 2531 hp, 228 mana
926: 131.2 dps, 2531 hp, 228 mana
927: 131.1 dps, 2531 hp, 228 mana
928: startcast quiescence
928: 130.9 dps, 2531 hp, 228 mana
929: 130.8 dps, 2531 hp, 228 mana
930: 130.6 dps, 2550 hp, 237 mana
931: 130.5 dps, 2550 hp, 237 mana
932: finished casting quiescence
932: 130.4 dps, 2550 hp, 117 mana
933: 130.2 dps, 2550 hp, 117 mana
934: 130.1 dps, 2550 hp, 117 mana
935: startcast cann4
935: 129.9 dps, 2550 hp, 117 mana
936: quiescence tick
936: 130.1 dps, 2569 hp, 126 mana
937: 130.0 dps, 2569 hp, 126 mana
938: cann4 tick
938: finished casting cann4
938: 129.9 dps, 2421 hp, 208 mana
939: 129.7 dps, 2421 hp, 208 mana
940: startcast cann4
940: 129.6 dps, 2421 hp, 208 mana
941: 129.4 dps, 2421 hp, 208 mana
942: quiescence tick
942: 129.6 dps, 2440 hp, 217 mana
943: cann4 tick
943: finished casting cann4
943: 129.5 dps, 2292 hp, 299 mana
944: 129.3 dps, 2292 hp, 299 mana
945: startcast cann4
945: 129.2 dps, 2292 hp, 299 mana
946: 129.1 dps, 2292 hp, 299 mana
947: 128.9 dps, 2292 hp, 299 mana
948: quiescence tick
948: cann4 tick
948: finished casting cann4
948: 129.1 dps, 2163 hp, 390 mana
949: 129.0 dps, 2163 hp, 390 mana
950: startcast cann4
950: 128.8 dps, 2163 hp, 390 mana
951: 128.7 dps, 2163 hp, 390 mana
952: 128.6 dps, 2163 hp, 390 mana
953: cann4 tick
953: finished casting cann4
953: 128.4 dps, 2015 hp, 472 mana
954: quiescence tick
954: 128.6 dps, 2034 hp, 481 mana
955: startcast miniCH
955: 128.5 dps, 2034 hp, 481 mana
956: 128.3 dps, 2034 hp, 481 mana
957: 128.2 dps, 2034 hp, 481 mana
958: 128.1 dps, 2034 hp, 481 mana
959: 127.9 dps, 2034 hp, 481 mana
960: quiescence tick
960: 128.1 dps, 2053 hp, 490 mana
961: 128.0 dps, 2053 hp, 490 mana
962: 127.9 dps, 2053 hp, 490 mana
963: 127.7 dps, 2053 hp, 490 mana
964: 127.6 dps, 2053 hp, 490 mana
965: miniCH tick
965: finished casting miniCH
965: 129.5 dps, 2053 hp, 250 mana
966: quiescence tick
966: 129.7 dps, 2072 hp, 259 mana
967: 129.5 dps, 2072 hp, 259 mana
968: startcast quiescence
968: 129.4 dps, 2072 hp, 259 mana
969: 129.3 dps, 2072 hp, 259 mana
970: 129.1 dps, 2072 hp, 259 mana
971: 129.0 dps, 2072 hp, 259 mana
972: finished casting quiescence
972: 128.9 dps, 2091 hp, 148 mana
973: 128.7 dps, 2091 hp, 148 mana
974: 128.6 dps, 2091 hp, 148 mana
975: startcast cann4
975: 128.5 dps, 2091 hp, 148 mana
976: 128.3 dps, 2091 hp, 148 mana
977: 128.2 dps, 2091 hp, 148 mana
978: quiescence tick
978: cann4 tick
978: finished casting cann4
978: 128.4 dps, 1962 hp, 239 mana
979: 128.2 dps, 1962 hp, 239 mana
980: startcast torpor
980: 128.1 dps, 1962 hp, 239 mana
981: 128.0 dps, 1962 hp, 239 mana
982: 127.9 dps, 1962 hp, 239 mana
983: 127.7 dps, 1962 hp, 239 mana
984: quiescence tick
984: finished casting torpor
984: 127.9 dps, 1981 hp, 128 mana
985: 127.8 dps, 1981 hp, 128 mana
986: 127.6 dps, 1981 hp, 128 mana
987: startcast cann4
987: 127.5 dps, 1981 hp, 128 mana
988: 127.4 dps, 1981 hp, 128 mana
989: 127.2 dps, 1981 hp, 128 mana
990: torpor tick
990: quiescence tick
990: cann4 tick
990: finished casting cann4
990: 127.4 dps, 2152 hp, 219 mana
991: 127.3 dps, 2152 hp, 219 mana
992: startcast cann4
992: 127.2 dps, 2152 hp, 219 mana
993: 127.0 dps, 2152 hp, 219 mana
994: 126.9 dps, 2152 hp, 219 mana
995: cann4 tick
995: finished casting cann4
995: 126.8 dps, 2004 hp, 301 mana
996: torpor tick
996: quiescence tick
996: 127.0 dps, 2323 hp, 310 mana
997: cann5 tick
997: finished casting cann5
997: startcast cann5
997: 126.8 dps, 399 hp, 1376 mana
998: startcast miniCH
998: 126.7 dps, 399 hp, 1376 mana
999: 126.6 dps, 399 hp, 1376 mana
1000: 126.5 dps, 399 hp, 1376 mana
1001: 126.3 dps, 399 hp, 1376 mana
1002: torpor tick
1002: quiescence tick
1002: 126.5 dps, 718 hp, 1385 mana
1003: 126.4 dps, 718 hp, 1385 mana
1004: 126.2 dps, 718 hp, 1385 mana
1005: 126.1 dps, 718 hp, 1385 mana
1006: 126.0 dps, 718 hp, 1385 mana
1007: 125.9 dps, 718 hp, 1385 mana
1008: torpor tick
1008: quiescence tick
1008: miniCH tick
1008: finished casting miniCH
1008: 128.0 dps, 1037 hp, 1154 mana
1009: 127.8 dps, 1037 hp, 1154 mana
1010: 127.7 dps, 1037 hp, 1154 mana
1011: startcast quiescence
1011: 127.6 dps, 1037 hp, 1154 mana
1012: 127.5 dps, 1037 hp, 1154 mana
1013: 127.3 dps, 1037 hp, 1154 mana
1014: torpor tick
1014: 127.2 dps, 1356 hp, 1163 mana
1015: finished casting quiescence
1015: 127.1 dps, 1356 hp, 1043 mana
1016: 127.0 dps, 1356 hp, 1043 mana
1017: 126.8 dps, 1356 hp, 1043 mana
1018: startcast miniCH
1018: 126.7 dps, 1356 hp, 1043 mana
1019: 126.6 dps, 1356 hp, 1043 mana
1020: torpor tick
1020: quiescence tick
1020: 126.8 dps, 1675 hp, 1052 mana
1021: 126.6 dps, 1675 hp, 1052 mana
1022: 126.5 dps, 1675 hp, 1052 mana
1023: 126.4 dps, 1675 hp, 1052 mana
1024: 126.3 dps, 1675 hp, 1052 mana
1025: 126.1 dps, 1675 hp, 1052 mana
1026: quiescence tick
1026: 126.3 dps, 1694 hp, 1061 mana
1027: 126.2 dps, 1694 hp, 1061 mana
1028: miniCH tick
1028: finished casting miniCH
1028: 128.0 dps, 1694 hp, 821 mana
1029: 127.8 dps, 1694 hp, 821 mana
1030: 127.7 dps, 1694 hp, 821 mana
1031: startcast torpor
1031: 127.6 dps, 1694 hp, 821 mana
1032: quiescence tick
1032: 127.8 dps, 1713 hp, 830 mana
1033: 127.6 dps, 1713 hp, 830 mana
1034: 127.5 dps, 1713 hp, 830 mana
1035: finished casting torpor
1035: 127.4 dps, 1713 hp, 710 mana
1036: 127.3 dps, 1713 hp, 710 mana
1037: 127.1 dps, 1713 hp, 710 mana
1038: torpor tick
1038: quiescence tick
1038: startcast miniCH
1038: 127.3 dps, 2032 hp, 719 mana
1039: 127.2 dps, 2032 hp, 719 mana
1040: 127.1 dps, 2032 hp, 719 mana
1041: 126.9 dps, 2032 hp, 719 mana
1042: 126.8 dps, 2032 hp, 719 mana
1043: 126.7 dps, 2032 hp, 719 mana
1044: torpor tick
1044: quiescence tick
1044: 126.9 dps, 2351 hp, 728 mana
1045: 126.7 dps, 2351 hp, 728 mana
1046: 126.6 dps, 2351 hp, 728 mana
1047: 126.5 dps, 2351 hp, 728 mana
1048: miniCH tick
1048: finished casting miniCH
1048: 128.2 dps, 2351 hp, 488 mana
1049: 128.1 dps, 2351 hp, 488 mana
1050: torpor tick
1050: quiescence tick
1050: 128.3 dps, 2670 hp, 497 mana
1051: startcast quiescence
1051: 128.2 dps, 2670 hp, 497 mana
1052: 128.0 dps, 2670 hp, 497 mana
1053: 127.9 dps, 2670 hp, 497 mana
1054: 127.8 dps, 2670 hp, 497 mana
1055: finished casting quiescence
1055: 127.7 dps, 2670 hp, 377 mana
1056: torpor tick
1056: quiescence tick
1056: 127.8 dps, 2989 hp, 386 mana
1057: 127.7 dps, 2989 hp, 386 mana
1058: startcast cann4
1058: 127.6 dps, 2989 hp, 386 mana
1059: 127.5 dps, 2989 hp, 386 mana
1060: 127.4 dps, 2989 hp, 386 mana
1061: cann4 tick
1061: finished casting cann4
1061: 127.2 dps, 2841 hp, 468 mana
1062: torpor tick
1062: quiescence tick
1062: 127.4 dps, 3160 hp, 477 mana
1063: startcast miniCH
1063: 127.3 dps, 3160 hp, 477 mana
1064: 127.2 dps, 3160 hp, 477 mana
1065: 127.0 dps, 3160 hp, 477 mana
1066: 126.9 dps, 3160 hp, 477 mana
1067: 126.8 dps, 3160 hp, 477 mana
1068: torpor tick
1068: quiescence tick
1068: 127.0 dps, 3479 hp, 486 mana
1069: 126.8 dps, 3479 hp, 486 mana
1070: 126.7 dps, 3479 hp, 486 mana
1071: 126.6 dps, 3479 hp, 486 mana
1072: 126.5 dps, 3479 hp, 486 mana
1073: miniCH tick
1073: finished casting miniCH
1073: 128.2 dps, 3479 hp, 246 mana
1074: quiescence tick
1074: 128.4 dps, 3498 hp, 255 mana
1075: 128.2 dps, 3498 hp, 255 mana
1076: startcast cann4
1076: 128.1 dps, 3498 hp, 255 mana
1077: 128.0 dps, 3498 hp, 255 mana
1078: 127.9 dps, 3498 hp, 255 mana
1079: cann4 tick
1079: finished casting cann4
1079: 127.8 dps, 3350 hp, 337 mana
1080: quiescence tick
1080: 127.9 dps, 3369 hp, 346 mana
1081: startcast cann4
1081: 127.8 dps, 3369 hp, 346 mana
1082: 127.7 dps, 3369 hp, 346 mana
1083: 127.6 dps, 3369 hp, 346 mana
1084: cann4 tick
1084: finished casting cann4
1084: 127.4 dps, 3221 hp, 428 mana
1085: 127.3 dps, 3221 hp, 428 mana
1086: quiescence tick
1086: startcast quiescence
1086: 127.5 dps, 3240 hp, 437 mana
1087: 127.4 dps, 3240 hp, 437 mana
1088: 127.3 dps, 3240 hp, 437 mana
1089: 127.1 dps, 3240 hp, 437 mana
1090: finished casting quiescence
1090: 127.0 dps, 3240 hp, 317 mana
1091: 126.9 dps, 3240 hp, 317 mana
1092: quiescence tick
1092: 127.1 dps, 3259 hp, 326 mana
1093: startcast cann4
1093: 126.9 dps, 3259 hp, 326 mana
1094: 126.8 dps, 3259 hp, 326 mana
1095: 126.7 dps, 3259 hp, 326 mana
1096: cann4 tick
1096: finished casting cann4
1096: 126.6 dps, 3111 hp, 408 mana
1097: 126.5 dps, 3111 hp, 408 mana
1098: quiescence tick
1098: startcast miniCH
1098: 126.6 dps, 3130 hp, 417 mana
1099: 126.5 dps, 3130 hp, 417 mana
1100: 126.4 dps, 3130 hp, 417 mana
1101: 126.3 dps, 3130 hp, 417 mana
1102: 126.2 dps, 3130 hp, 417 mana
1103: 126.1 dps, 3130 hp, 417 mana
1104: quiescence tick
1104: 126.2 dps, 3149 hp, 426 mana
1105: 126.1 dps, 3149 hp, 426 mana
1106: 126.0 dps, 3149 hp, 426 mana
1107: 125.9 dps, 3149 hp, 426 mana
1108: miniCH tick
1108: finished casting miniCH
1108: 127.5 dps, 3149 hp, 186 mana
1109: 127.4 dps, 3149 hp, 186 mana
1110: quiescence tick
1110: 127.6 dps, 3168 hp, 195 mana
1111: startcast cann4
1111: 127.5 dps, 3168 hp, 195 mana
1112: 127.3 dps, 3168 hp, 195 mana
1113: 127.2 dps, 3168 hp, 195 mana
1114: cann4 tick
1114: finished casting cann4
1114: 127.1 dps, 3020 hp, 277 mana
1115: 127.0 dps, 3020 hp, 277 mana
1116: quiescence tick
1116: startcast cann4
1116: 127.2 dps, 3039 hp, 286 mana
1117: 127.0 dps, 3039 hp, 286 mana
1118: 126.9 dps, 3039 hp, 286 mana
1119: cann4 tick
1119: finished casting cann4
1119: 126.8 dps, 2891 hp, 368 mana
1120: 126.7 dps, 2891 hp, 368 mana
1121: startcast cann4
1121: 126.6 dps, 2891 hp, 368 mana
1122: quiescence tick
1122: 126.7 dps, 2910 hp, 377 mana
1123: 126.6 dps, 2910 hp, 377 mana
1124: cann4 tick
1124: finished casting cann4
1124: 126.5 dps, 2762 hp, 459 mana
1125: 126.4 dps, 2762 hp, 459 mana
1126: startcast quiescence
1126: 126.3 dps, 2762 hp, 459 mana
1127: 126.2 dps, 2762 hp, 459 mana
1128: 126.1 dps, 2781 hp, 468 mana
1129: 126.0 dps, 2781 hp, 468 mana
1130: finished casting quiescence
1130: 125.8 dps, 2781 hp, 348 mana
1131: 125.7 dps, 2781 hp, 348 mana
1132: 125.6 dps, 2781 hp, 348 mana
1133: startcast cann4
1133: 125.5 dps, 2781 hp, 348 mana
1134: quiescence tick
1134: 125.7 dps, 2800 hp, 357 mana
1135: 125.6 dps, 2800 hp, 357 mana
1136: cann4 tick
1136: finished casting cann4
1136: 125.4 dps, 2652 hp, 439 mana
1137: 125.3 dps, 2652 hp, 439 mana
1138: startcast miniCH
1138: 125.2 dps, 2652 hp, 439 mana
1139: 125.1 dps, 2652 hp, 439 mana
1140: quiescence tick
1140: 125.3 dps, 2671 hp, 448 mana
1141: 125.2 dps, 2671 hp, 448 mana
1142: 125.0 dps, 2671 hp, 448 mana
1143: 124.9 dps, 2671 hp, 448 mana
1144: 124.8 dps, 2671 hp, 448 mana
1145: 124.7 dps, 2671 hp, 448 mana
1146: quiescence tick
1146: 124.9 dps, 2690 hp, 457 mana
1147: 124.8 dps, 2690 hp, 457 mana
1148: miniCH tick
1148: finished casting miniCH
1148: 126.4 dps, 2690 hp, 217 mana
1149: 126.2 dps, 2690 hp, 217 mana
1150: 126.1 dps, 2690 hp, 217 mana
1151: startcast cann4
1151: 126.0 dps, 2690 hp, 217 mana
1152: quiescence tick
1152: 126.2 dps, 2709 hp, 226 mana
1153: 126.1 dps, 2709 hp, 226 mana
1154: cann4 tick
1154: finished casting cann4
1154: 126.0 dps, 2561 hp, 308 mana
1155: 125.8 dps, 2561 hp, 308 mana
1156: startcast cann4
1156: 125.7 dps, 2561 hp, 308 mana
1157: 125.6 dps, 2561 hp, 308 mana
1158: quiescence tick
1158: 125.8 dps, 2580 hp, 317 mana
1159: cann4 tick
1159: finished casting cann4
1159: 125.7 dps, 2432 hp, 399 mana
1160: 125.6 dps, 2432 hp, 399 mana
1161: startcast cann4
1161: 125.5 dps, 2432 hp, 399 mana
1162: 125.3 dps, 2432 hp, 399 mana
1163: 125.2 dps, 2432 hp, 399 mana
1164: quiescence tick
1164: cann4 tick
1164: finished casting cann4
1164: 125.4 dps, 2303 hp, 490 mana
1165: 125.3 dps, 2303 hp, 490 mana
1166: startcast quiescence
1166: 125.2 dps, 2303 hp, 490 mana
1167: 125.1 dps, 2303 hp, 490 mana
1168: 125.0 dps, 2303 hp, 490 mana
1169: 124.9 dps, 2303 hp, 490 mana
1170: finished casting quiescence
1170: 124.7 dps, 2322 hp, 379 mana
1171: 124.6 dps, 2322 hp, 379 mana
1172: 124.5 dps, 2322 hp, 379 mana
1173: startcast cann4
1173: 124.4 dps, 2322 hp, 379 mana
1174: 124.3 dps, 2322 hp, 379 mana
1175: 124.2 dps, 2322 hp, 379 mana
1176: quiescence tick
1176: cann4 tick
1176: finished casting cann4
1176: 124.4 dps, 2193 hp, 470 mana
1177: 124.3 dps, 2193 hp, 470 mana
1178: cann5 tick
1178: finished casting cann5
1178: startcast cann5
1178: 124.2 dps, 269 hp, 1536 mana
1179: startcast torpor
1179: 124.0 dps, 269 hp, 1536 mana
1180: 123.9 dps, 269 hp, 1536 mana
1181: 123.8 dps, 269 hp, 1536 mana
1182: quiescence tick
1182: 124.0 dps, 288 hp, 1545 mana
1183: finished casting torpor
1183: 123.9 dps, 288 hp, 1425 mana
1184: 123.8 dps, 288 hp, 1425 mana
1185: 123.7 dps, 288 hp, 1425 mana
1186: startcast miniCH
1186: 123.6 dps, 288 hp, 1425 mana
1187: 123.5 dps, 288 hp, 1425 mana
1188: torpor tick
1188: quiescence tick
1188: 123.6 dps, 607 hp, 1434 mana
1189: 123.5 dps, 607 hp, 1434 mana
1190: 123.4 dps, 607 hp, 1434 mana
1191: 123.3 dps, 607 hp, 1434 mana
1192: 123.2 dps, 607 hp, 1434 mana
1193: 123.1 dps, 607 hp, 1434 mana
1194: torpor tick
1194: quiescence tick
1194: 123.2 dps, 926 hp, 1443 mana
1195: 123.1 dps, 926 hp, 1443 mana
1196: miniCH tick
1196: finished casting miniCH
1196: 124.7 dps, 926 hp, 1203 mana
1197: 124.6 dps, 926 hp, 1203 mana
1198: 124.5 dps, 926 hp, 1203 mana
1199: startcast miniCH
1199: 124.4 dps, 926 hp, 1203 mana
1200: torpor tick
1200: quiescence tick
1200: 124.5 dps, 1245 hp, 1212 mana
